2021-04-25 02:12:41,533 Epoch 0 	 Loss 0.7415501783182333
2021-04-25 02:13:24,266 Epoch 1 	 Loss 0.4790622035225669
2021-04-25 02:14:07,023 Epoch 2 	 Loss 0.4154707520872682
2021-04-25 02:14:49,884 Epoch 3 	 Loss 0.3820501985130729
2021-04-25 02:15:32,877 Epoch 4 	 Loss 0.37522475536052996
2021-04-25 02:16:15,801 Epoch 5 	 Loss 0.3619800899382476
2021-04-25 02:16:58,686 Epoch 6 	 Loss 0.33787666801567917
2021-04-25 02:17:41,503 Epoch 7 	 Loss 0.3294702673351372
2021-04-25 02:18:24,452 Epoch 8 	 Loss 0.3306476105372984
2021-04-25 02:19:07,385 Epoch 9 	 Loss 0.3083997948484106
2021-04-25 02:19:50,305 Epoch 10 	 Loss 0.3066013676452113
2021-04-25 02:20:33,226 Epoch 11 	 Loss 0.29947054386138916
2021-04-25 02:21:16,114 Epoch 12 	 Loss 0.28880430839873933
2021-04-25 02:21:59,097 Epoch 13 	 Loss 0.28515538786138805
2021-04-25 02:22:42,015 Epoch 14 	 Loss 0.2870731553533575
2021-04-25 02:23:24,767 Epoch 15 	 Loss 0.29193776502059055
2021-04-25 02:24:07,607 Epoch 16 	 Loss 0.28122447480212204
2021-04-25 02:24:50,556 Epoch 17 	 Loss 0.27623585685268864
2021-04-25 02:25:33,506 Epoch 18 	 Loss 0.2796202559065033
2021-04-25 02:26:16,320 Epoch 19 	 Loss 0.2654085064327324
2021-04-25 02:26:59,214 Epoch 20 	 Loss 0.2611197352736861
2021-04-25 02:27:42,058 Epoch 21 	 Loss 0.26729390254387486
2021-04-25 02:28:24,929 Epoch 22 	 Loss 0.2680874581520374
2021-04-25 02:29:07,815 Epoch 23 	 Loss 0.2535309279030496
2021-04-25 02:29:50,783 Epoch 24 	 Loss 0.25701427721715236
2021-04-25 02:30:33,657 Epoch 25 	 Loss 0.25335249665019277
2021-04-25 02:31:16,673 Epoch 26 	 Loss 0.24915390453495823
2021-04-25 02:31:59,668 Epoch 27 	 Loss 0.25958413507912187
2021-04-25 02:32:42,683 Epoch 28 	 Loss 0.2398007883802875
2021-04-25 02:33:25,687 Epoch 29 	 Loss 0.2435312405392364
2021-04-25 02:34:08,683 Epoch 30 	 Loss 0.2410139834487831
2021-04-25 02:34:51,725 Epoch 31 	 Loss 0.2342327790600913
2021-04-25 02:35:34,655 Epoch 32 	 Loss 0.23306464886927342
2021-04-25 02:36:17,532 Epoch 33 	 Loss 0.2332397658418823
2021-04-25 02:37:00,450 Epoch 34 	 Loss 0.22465905612641637
2021-04-25 02:37:43,318 Epoch 35 	 Loss 0.2205432653427124
2021-04-25 02:38:26,144 Epoch 36 	 Loss 0.22409185406925913
2021-04-25 02:39:08,948 Epoch 37 	 Loss 0.22654210849777684
2021-04-25 02:39:51,832 Epoch 38 	 Loss 0.2264159770457299
2021-04-25 02:40:34,711 Epoch 39 	 Loss 0.218865855382039
2021-04-25 02:41:17,645 Epoch 40 	 Loss 0.21342868824581523
2021-04-25 02:42:00,478 Epoch 41 	 Loss 0.21650730892197118
2021-04-25 02:42:43,347 Epoch 42 	 Loss 0.21055315877055072
2021-04-25 02:43:26,394 Epoch 43 	 Loss 0.20493768941570115
2021-04-25 02:44:09,441 Epoch 44 	 Loss 0.20717616395635918
2021-04-25 02:44:52,430 Epoch 45 	 Loss 0.2067094970862944
2021-04-25 02:45:35,392 Epoch 46 	 Loss 0.2030590920002906
2021-04-25 02:46:18,166 Epoch 47 	 Loss 0.19899769651365803
2021-04-25 02:47:01,041 Epoch 48 	 Loss 0.2022933882998896
2021-04-25 02:47:43,995 Epoch 49 	 Loss 0.19891344895074656
2021-04-25 02:48:26,885 Epoch 50 	 Loss 0.19363185943482997
2021-04-25 02:49:09,898 Epoch 51 	 Loss 0.2003753805881018
2021-04-25 02:49:52,795 Epoch 52 	 Loss 0.19342442004235236
2021-04-25 02:50:35,770 Epoch 53 	 Loss 0.19856992953426236
2021-04-25 02:51:18,738 Epoch 54 	 Loss 0.19418996081247433
2021-04-25 02:52:01,559 Epoch 55 	 Loss 0.2017197364961708
2021-04-25 02:52:44,499 Epoch 56 	 Loss 0.19233341973561507
2021-04-25 02:53:27,368 Epoch 57 	 Loss 0.19218928555210868
2021-04-25 02:54:10,202 Epoch 58 	 Loss 0.19281811177075564
2021-04-25 02:54:53,130 Epoch 59 	 Loss 0.18888763919636442
2021-04-25 02:55:36,082 Epoch 60 	 Loss 0.18575182344232286
2021-04-25 02:56:18,918 Epoch 61 	 Loss 0.18309064553334162
2021-04-25 02:57:01,853 Epoch 62 	 Loss 0.1809627510361619
2021-04-25 02:57:44,803 Epoch 63 	 Loss 0.18236500254044166
2021-04-25 02:58:27,752 Epoch 64 	 Loss 0.18252945584910257
2021-04-25 02:59:10,586 Epoch 65 	 Loss 0.1837649391247676
2021-04-25 02:59:53,540 Epoch 66 	 Loss 0.18160563576352465
2021-04-25 03:00:36,493 Epoch 67 	 Loss 0.1802833371765011
2021-04-25 03:01:19,394 Epoch 68 	 Loss 0.17685688180582865
2021-04-25 03:02:02,323 Epoch 69 	 Loss 0.1783354509990294
2021-04-25 03:02:45,250 Epoch 70 	 Loss 0.174529458631526
2021-04-25 03:03:28,192 Epoch 71 	 Loss 0.17639665845986252
2021-04-25 03:04:11,074 Epoch 72 	 Loss 0.1747178947860068
2021-04-25 03:04:53,987 Epoch 73 	 Loss 0.17418796921169366
2021-04-25 03:05:36,893 Epoch 74 	 Loss 0.17396494893582312
2021-04-25 03:06:19,810 Epoch 75 	 Loss 0.17257103684184316
2021-04-25 03:07:02,644 Epoch 76 	 Loss 0.16779866814613342
2021-04-25 03:07:45,650 Epoch 77 	 Loss 0.17183600808237934
2021-04-25 03:08:28,546 Epoch 78 	 Loss 0.1712206788770445
2021-04-25 03:09:11,379 Epoch 79 	 Loss 0.1682443740767437
2021-04-25 03:09:54,333 Epoch 80 	 Loss 0.1749154044376625
2021-04-25 03:10:37,278 Epoch 81 	 Loss 0.1702584275505045
2021-04-25 03:11:20,123 Epoch 82 	 Loss 0.1679521749962817
2021-04-25 03:12:03,041 Epoch 83 	 Loss 0.17012504430917594
2021-04-25 03:12:45,966 Epoch 84 	 Loss 0.16589165798255376
2021-04-25 03:13:28,780 Epoch 85 	 Loss 0.1672365917609288
2021-04-25 03:14:11,737 Epoch 86 	 Loss 0.16698012967686077
2021-04-25 03:14:54,676 Epoch 87 	 Loss 0.16510476302969587
2021-04-25 03:15:37,609 Epoch 88 	 Loss 0.16514281863039668
2021-04-25 03:16:20,463 Epoch 89 	 Loss 0.16548189635460192
2021-04-25 03:17:03,281 Epoch 90 	 Loss 0.1660012919660453
2021-04-25 03:17:46,279 Epoch 91 	 Loss 0.16758295779044813
2021-04-25 03:18:29,127 Epoch 92 	 Loss 0.16743645055608436
2021-04-25 03:19:11,934 Epoch 93 	 Loss 0.16406809219292232
2021-04-25 03:19:54,787 Epoch 94 	 Loss 0.16630636458541012
2021-04-25 03:20:37,766 Epoch 95 	 Loss 0.16655047614495833
2021-04-25 03:21:20,585 Epoch 96 	 Loss 0.16529596392269974
2021-04-25 03:22:03,434 Epoch 97 	 Loss 0.16579627368476366
2021-04-25 03:22:46,380 Epoch 98 	 Loss 0.16251737141347194
2021-04-25 03:23:29,216 Epoch 99 	 Loss 0.16816887046609605
2021-04-25 03:23:48,906 RESULT FOR DATASET CVC-300

2021-04-25 03:23:48,906 ==============================
2021-04-25 03:23:48,906 

2021-04-25 03:23:48,907 recall: 0.9622023940086365

2021-04-25 03:23:48,907 specificity: 0.989892257253329

2021-04-25 03:23:48,907 precision: 0.8269968805213769

2021-04-25 03:23:48,907 F1: 0.8660034164786339

2021-04-25 03:23:48,907 F2: 0.9036077479521434

2021-04-25 03:23:48,907 ACC_overall: 0.9889489551385243

2021-04-25 03:23:48,907 IoU_poly: 0.7990176739792029

2021-04-25 03:23:48,907 IoU_bg: 0.9886040538549423

2021-04-25 03:23:48,907 IoU_mean: 0.8938108637928963

2021-04-25 03:23:48,907 ==============================
2021-04-25 03:23:48,907 

2021-04-25 03:24:04,590 RESULT FOR DATASET CVC-ClinicDB

2021-04-25 03:24:04,590 ==============================
2021-04-25 03:24:04,590 

2021-04-25 03:24:04,591 recall: 0.9358102645604841

2021-04-25 03:24:04,591 specificity: 0.9943861326863689

2021-04-25 03:24:04,591 precision: 0.9047459587454796

2021-04-25 03:24:04,591 F1: 0.9110273973595712

2021-04-25 03:24:04,591 F2: 0.9195360291388727

2021-04-25 03:24:04,591 ACC_overall: 0.9898095361648067

2021-04-25 03:24:04,591 IoU_poly: 0.8595163914705476

2021-04-25 03:24:04,591 IoU_bg: 0.9879365274983067

2021-04-25 03:24:04,591 IoU_mean: 0.9237264606260485

2021-04-25 03:24:04,591 ==============================
2021-04-25 03:24:04,591 

2021-04-25 03:24:34,158 RESULT FOR DATASET Kvasir

2021-04-25 03:24:34,158 ==============================
2021-04-25 03:24:34,158 

2021-04-25 03:24:34,158 recall: 0.9014322206377983

2021-04-25 03:24:34,158 specificity: 0.9917080104351044

2021-04-25 03:24:34,158 precision: 0.9403468698263169

2021-04-25 03:24:34,158 F1: 0.9093606036901474

2021-04-25 03:24:34,159 F2: 0.9029743970930576

2021-04-25 03:24:34,159 ACC_overall: 0.9744869524240494

2021-04-25 03:24:34,159 IoU_poly: 0.8601546812057496

2021-04-25 03:24:34,159 IoU_bg: 0.9674670869112014

2021-04-25 03:24:34,159 IoU_mean: 0.9138108831644058

2021-04-25 03:24:34,159 ==============================
2021-04-25 03:24:34,159 

2021-04-25 03:26:27,025 RESULT FOR DATASET CVC-ColonDB

2021-04-25 03:26:27,025 ==============================
2021-04-25 03:26:27,025 

2021-04-25 03:26:27,025 recall: 0.8038623901279642

2021-04-25 03:26:27,025 specificity: 0.9897574112603539

2021-04-25 03:26:27,026 precision: 0.8172277131314906

2021-04-25 03:26:27,026 F1: 0.7661817991302996

2021-04-25 03:26:27,026 F2: 0.7762033095776599

2021-04-25 03:26:27,026 ACC_overall: 0.964024246601682

2021-04-25 03:26:27,026 IoU_poly: 0.6926410987048508

2021-04-25 03:26:27,026 IoU_bg: 0.961858895813164

2021-04-25 03:26:27,026 IoU_mean: 0.8272499973052426

2021-04-25 03:26:27,026 ==============================
2021-04-25 03:26:27,026 

2021-04-25 03:27:48,492 RESULT FOR DATASET ETIS-LaribPolypDB

2021-04-25 03:27:48,492 ==============================
2021-04-25 03:27:48,492 

2021-04-25 03:27:48,492 recall: 0.8116613529964896

2021-04-25 03:27:48,492 specificity: 0.987067027663698

2021-04-25 03:27:48,492 precision: 0.7314031525261503

2021-04-25 03:27:48,492 F1: 0.7224277877342232

2021-04-25 03:27:48,492 F2: 0.7603589996643881

2021-04-25 03:27:48,492 ACC_overall: 0.9837638313064769

2021-04-25 03:27:48,493 IoU_poly: 0.6460023488648705

2021-04-25 03:27:48,493 IoU_bg: 0.9830315782099354

2021-04-25 03:27:48,493 IoU_mean: 0.8145169623348177

2021-04-25 03:27:48,493 ==============================
2021-04-25 03:27:48,493 

