2021-04-25 01:31:45,665 Epoch 0 	 Loss 0.7356481385100019
2021-04-25 01:32:07,316 Epoch 1 	 Loss 0.4780460032787952
2021-04-25 01:32:28,929 Epoch 2 	 Loss 0.4169643331360031
2021-04-25 01:32:50,655 Epoch 3 	 Loss 0.3930517140325609
2021-04-25 01:33:12,314 Epoch 4 	 Loss 0.3679748012141867
2021-04-25 01:33:34,011 Epoch 5 	 Loss 0.34478438195291455
2021-04-25 01:33:55,697 Epoch 6 	 Loss 0.3459374819483076
2021-04-25 01:34:17,432 Epoch 7 	 Loss 0.3331443855723182
2021-04-25 01:34:39,132 Epoch 8 	 Loss 0.3265212338704329
2021-04-25 01:35:00,905 Epoch 9 	 Loss 0.32438843476248314
2021-04-25 01:35:22,721 Epoch 10 	 Loss 0.3146858858865696
2021-04-25 01:35:44,462 Epoch 11 	 Loss 0.3201435773254751
2021-04-25 01:36:06,208 Epoch 12 	 Loss 0.2986312326821652
2021-04-25 01:36:27,956 Epoch 13 	 Loss 0.29080554597325375
2021-04-25 01:36:49,749 Epoch 14 	 Loss 0.2863121257051007
2021-04-25 01:37:11,502 Epoch 15 	 Loss 0.2860338404610917
2021-04-25 01:37:33,242 Epoch 16 	 Loss 0.28242290281987453
2021-04-25 01:37:55,053 Epoch 17 	 Loss 0.28542319611533656
2021-04-25 01:38:16,789 Epoch 18 	 Loss 0.2759360297695621
2021-04-25 01:38:38,579 Epoch 19 	 Loss 0.26448150322987485
2021-04-25 01:39:00,364 Epoch 20 	 Loss 0.2660835298535588
2021-04-25 01:39:22,123 Epoch 21 	 Loss 0.26397430094388813
2021-04-25 01:39:43,838 Epoch 22 	 Loss 0.26689820302711736
2021-04-25 01:40:05,610 Epoch 23 	 Loss 0.26100733466855774
2021-04-25 01:40:27,375 Epoch 24 	 Loss 0.25541865072407566
2021-04-25 01:40:49,156 Epoch 25 	 Loss 0.25722135521553374
2021-04-25 01:41:10,944 Epoch 26 	 Loss 0.24156385447297776
2021-04-25 01:41:32,727 Epoch 27 	 Loss 0.24384630725278958
2021-04-25 01:41:54,460 Epoch 28 	 Loss 0.2386175145159711
2021-04-25 01:42:16,253 Epoch 29 	 Loss 0.23899205602132356
2021-04-25 01:42:38,002 Epoch 30 	 Loss 0.2360308573141203
2021-04-25 01:42:59,763 Epoch 31 	 Loss 0.24205390568617935
2021-04-25 01:43:21,514 Epoch 32 	 Loss 0.2339411933015991
2021-04-25 01:43:43,284 Epoch 33 	 Loss 0.23606653396899885
2021-04-25 01:44:05,015 Epoch 34 	 Loss 0.23099148731965286
2021-04-25 01:44:26,747 Epoch 35 	 Loss 0.22526726224920252
2021-04-25 01:44:48,551 Epoch 36 	 Loss 0.2247305356866711
2021-04-25 01:45:10,365 Epoch 37 	 Loss 0.23143405426334548
2021-04-25 01:45:32,117 Epoch 38 	 Loss 0.22225341004329724
2021-04-25 01:45:53,906 Epoch 39 	 Loss 0.22647949201720102
2021-04-25 01:46:15,666 Epoch 40 	 Loss 0.22030938212033158
2021-04-25 01:46:37,412 Epoch 41 	 Loss 0.21498013115846193
2021-04-25 01:46:59,183 Epoch 42 	 Loss 0.2137990551335471
2021-04-25 01:47:20,911 Epoch 43 	 Loss 0.2108721376120389
2021-04-25 01:47:42,617 Epoch 44 	 Loss 0.21386344829103449
2021-04-25 01:48:04,384 Epoch 45 	 Loss 0.20884450533232846
2021-04-25 01:48:26,097 Epoch 46 	 Loss 0.21349781538758958
2021-04-25 01:48:47,824 Epoch 47 	 Loss 0.21043607314209362
2021-04-25 01:49:09,603 Epoch 48 	 Loss 0.2058607456120816
2021-04-25 01:49:31,350 Epoch 49 	 Loss 0.21274364092847803
2021-04-25 01:49:53,086 Epoch 50 	 Loss 0.20225125960596316
2021-04-25 01:50:14,875 Epoch 51 	 Loss 0.19860340425601372
2021-04-25 01:50:36,611 Epoch 52 	 Loss 0.19438219774555374
2021-04-25 01:50:58,378 Epoch 53 	 Loss 0.20033843700702375
2021-04-25 01:51:20,138 Epoch 54 	 Loss 0.19775976306134527
2021-04-25 01:51:41,942 Epoch 55 	 Loss 0.19747167039703536
2021-04-25 01:52:03,678 Epoch 56 	 Loss 0.1897583762695501
2021-04-25 01:52:25,427 Epoch 57 	 Loss 0.1897712210704992
2021-04-25 01:52:47,181 Epoch 58 	 Loss 0.18709524467096225
2021-04-25 01:53:08,963 Epoch 59 	 Loss 0.1896209640653579
2021-04-25 01:53:30,734 Epoch 60 	 Loss 0.19428127119829366
2021-04-25 01:53:52,505 Epoch 61 	 Loss 0.18854174984025432
2021-04-25 01:54:14,250 Epoch 62 	 Loss 0.18438855239323207
2021-04-25 01:54:36,003 Epoch 63 	 Loss 0.18765479719245826
2021-04-25 01:54:57,736 Epoch 64 	 Loss 0.1807435780436128
2021-04-25 01:55:19,470 Epoch 65 	 Loss 0.18016464451512137
2021-04-25 01:55:41,191 Epoch 66 	 Loss 0.17904806792081057
2021-04-25 01:56:02,966 Epoch 67 	 Loss 0.180674689074794
2021-04-25 01:56:24,728 Epoch 68 	 Loss 0.18080866566071144
2021-04-25 01:56:46,450 Epoch 69 	 Loss 0.18174595688725567
2021-04-25 01:57:08,204 Epoch 70 	 Loss 0.18146343168976542
2021-04-25 01:57:29,945 Epoch 71 	 Loss 0.18045911569516737
2021-04-25 01:57:51,687 Epoch 72 	 Loss 0.17788668680977035
2021-04-25 01:58:13,438 Epoch 73 	 Loss 0.17953753651498439
2021-04-25 01:58:35,207 Epoch 74 	 Loss 0.1724100628724465
2021-04-25 01:58:56,969 Epoch 75 	 Loss 0.1746421579148743
2021-04-25 01:59:18,736 Epoch 76 	 Loss 0.17828714814814892
2021-04-25 01:59:40,490 Epoch 77 	 Loss 0.17553856051885164
2021-04-25 02:00:02,265 Epoch 78 	 Loss 0.17256653095994676
2021-04-25 02:00:24,017 Epoch 79 	 Loss 0.17032517132523295
2021-04-25 02:00:45,783 Epoch 80 	 Loss 0.17532040375274616
2021-04-25 02:01:07,616 Epoch 81 	 Loss 0.1708023128928719
2021-04-25 02:01:29,354 Epoch 82 	 Loss 0.1731501260956565
2021-04-25 02:01:51,098 Epoch 83 	 Loss 0.17327104476126995
2021-04-25 02:02:12,863 Epoch 84 	 Loss 0.17103740474679968
2021-04-25 02:02:34,613 Epoch 85 	 Loss 0.1701990009009183
2021-04-25 02:02:56,393 Epoch 86 	 Loss 0.17315274935502273
2021-04-25 02:03:18,225 Epoch 87 	 Loss 0.16815719090320252
2021-04-25 02:03:39,965 Epoch 88 	 Loss 0.1676522724248551
2021-04-25 02:04:01,719 Epoch 89 	 Loss 0.16656335778943784
2021-04-25 02:04:23,454 Epoch 90 	 Loss 0.16864311154727096
2021-04-25 02:04:45,230 Epoch 91 	 Loss 0.168998366692564
2021-04-25 02:05:06,967 Epoch 92 	 Loss 0.16917310196619767
2021-04-25 02:05:28,718 Epoch 93 	 Loss 0.16691177150050363
2021-04-25 02:05:50,443 Epoch 94 	 Loss 0.16617031084312187
2021-04-25 02:06:12,226 Epoch 95 	 Loss 0.1676759864766519
2021-04-25 02:06:33,980 Epoch 96 	 Loss 0.16702615936378856
2021-04-25 02:06:55,742 Epoch 97 	 Loss 0.16642665404539841
2021-04-25 02:07:17,509 Epoch 98 	 Loss 0.1691346050618769
2021-04-25 02:07:39,305 Epoch 99 	 Loss 0.16836012228504643
2021-04-25 02:07:58,954 RESULT FOR DATASET CVC-300

2021-04-25 02:07:58,954 ==============================
2021-04-25 02:07:58,954 

2021-04-25 02:07:58,954 recall: 0.9656619916359583

2021-04-25 02:07:58,954 specificity: 0.9883365909258525

2021-04-25 02:07:58,954 precision: 0.810844129572312

2021-04-25 02:07:58,955 F1: 0.8566296213616927

2021-04-25 02:07:58,955 F2: 0.9006136432290077

2021-04-25 02:07:58,955 ACC_overall: 0.9876121938228607

2021-04-25 02:07:58,955 IoU_poly: 0.7853916926930348

2021-04-25 02:07:58,955 IoU_bg: 0.9872079302867254

2021-04-25 02:07:58,955 IoU_mean: 0.8862998073299726

2021-04-25 02:07:58,955 ==============================
2021-04-25 02:07:58,955 

2021-04-25 02:08:14,311 RESULT FOR DATASET CVC-ClinicDB

2021-04-25 02:08:14,311 ==============================
2021-04-25 02:08:14,311 

2021-04-25 02:08:14,311 recall: 0.9212807890388274

2021-04-25 02:08:14,311 specificity: 0.9959120548540547

2021-04-25 02:08:14,311 precision: 0.9254327675988597

2021-04-25 02:08:14,311 F1: 0.9039387162211502

2021-04-25 02:08:14,311 F2: 0.9118619043184745

2021-04-25 02:08:14,311 ACC_overall: 0.9868423640727997

2021-04-25 02:08:14,312 IoU_poly: 0.8543460203274604

2021-04-25 02:08:14,312 IoU_bg: 0.985922303891951

2021-04-25 02:08:14,312 IoU_mean: 0.9201341617491937

2021-04-25 02:08:14,312 ==============================
2021-04-25 02:08:14,312 

2021-04-25 02:08:43,795 RESULT FOR DATASET Kvasir

2021-04-25 02:08:43,795 ==============================
2021-04-25 02:08:43,795 

2021-04-25 02:08:43,795 recall: 0.9037833407521247

2021-04-25 02:08:43,795 specificity: 0.9874625092744828

2021-04-25 02:08:43,795 precision: 0.9234758036583662

2021-04-25 02:08:43,796 F1: 0.8984225653111935

2021-04-25 02:08:43,796 F2: 0.8967641451954842

2021-04-25 02:08:43,796 ACC_overall: 0.9705046963691711

2021-04-25 02:08:43,796 IoU_poly: 0.8414425826072693

2021-04-25 02:08:43,796 IoU_bg: 0.9634932059049607

2021-04-25 02:08:43,796 IoU_mean: 0.9024678963422775

2021-04-25 02:08:43,796 ==============================
2021-04-25 02:08:43,796 

2021-04-25 02:10:35,780 RESULT FOR DATASET CVC-ColonDB

2021-04-25 02:10:35,781 ==============================
2021-04-25 02:10:35,781 

2021-04-25 02:10:35,781 recall: 0.8262102216163624

2021-04-25 02:10:35,781 specificity: 0.9856317568766443

2021-04-25 02:10:35,781 precision: 0.784122734911082

2021-04-25 02:10:35,781 F1: 0.7555803318345218

2021-04-25 02:10:35,781 F2: 0.7786148507044106

2021-04-25 02:10:35,781 ACC_overall: 0.959371679550723

2021-04-25 02:10:35,781 IoU_poly: 0.6805509456991737

2021-04-25 02:10:35,781 IoU_bg: 0.957505142610324

2021-04-25 02:10:35,781 IoU_mean: 0.8190280437077346

2021-04-25 02:10:35,781 ==============================
2021-04-25 02:10:35,781 

2021-04-25 02:11:56,915 RESULT FOR DATASET ETIS-LaribPolypDB

2021-04-25 02:11:56,915 ==============================
2021-04-25 02:11:56,915 

2021-04-25 02:11:56,915 recall: 0.8511999878502899

2021-04-25 02:11:56,915 specificity: 0.9839024750553832

2021-04-25 02:11:56,915 precision: 0.6689483110315692

2021-04-25 02:11:56,915 F1: 0.7098787628181303

2021-04-25 02:11:56,915 F2: 0.7660082833637196

2021-04-25 02:11:56,915 ACC_overall: 0.9815986947137483

2021-04-25 02:11:56,915 IoU_poly: 0.6259464793046651

2021-04-25 02:11:56,915 IoU_bg: 0.9807065831763404

2021-04-25 02:11:56,915 IoU_mean: 0.803326533309051

2021-04-25 02:11:56,915 ==============================
2021-04-25 02:11:56,916 

