2021-05-24 14:54:29,079 RESULT FOR DATASET CVC-300

2021-05-24 14:54:29,079 ==============================
2021-05-24 14:54:29,079 

2021-05-24 14:54:29,079 recall: 0.9361241852243741

2021-05-24 14:54:29,079 specificity: 0.9954611212015152

2021-05-24 14:54:29,079 precision: 0.8643925463159879

2021-05-24 14:54:29,079 F1: 0.8867854664723078

2021-05-24 14:54:29,079 F2: 0.912172249207894

2021-05-24 14:54:29,079 ACC_overall: 0.9932877480983734

2021-05-24 14:54:29,079 IoU_poly: 0.8165670042236646

2021-05-24 14:54:29,079 IoU_bg: 0.9930572797854741

2021-05-24 14:54:29,079 IoU_mean: 0.9048121402661006

2021-05-24 14:54:29,079 ==============================
2021-05-24 14:54:29,080 

2021-05-24 14:54:44,804 RESULT FOR DATASET CVC-ClinicDB

2021-05-24 14:54:44,805 ==============================
2021-05-24 14:54:44,805 

2021-05-24 14:54:44,805 recall: 0.9312278970572797

2021-05-24 14:54:44,805 specificity: 0.9948711972082814

2021-05-24 14:54:44,805 precision: 0.8984790806974953

2021-05-24 14:54:44,805 F1: 0.9067938635548232

2021-05-24 14:54:44,805 F2: 0.9162269194090303

2021-05-24 14:54:44,805 ACC_overall: 0.9910098266217017

2021-05-24 14:54:44,805 IoU_poly: 0.8598749610593528

2021-05-24 14:54:44,805 IoU_bg: 0.9892961671275478

2021-05-24 14:54:44,805 IoU_mean: 0.9245855668860097

2021-05-24 14:54:44,805 ==============================
2021-05-24 14:54:44,805 

2021-05-24 14:55:14,755 RESULT FOR DATASET Kvasir

2021-05-24 14:55:14,755 ==============================
2021-05-24 14:55:14,756 

2021-05-24 14:55:14,756 recall: 0.913491433262825

2021-05-24 14:55:14,756 specificity: 0.9900633317232131

2021-05-24 14:55:14,756 precision: 0.9405609458684921

2021-05-24 14:55:14,756 F1: 0.9168837258219719

2021-05-24 14:55:14,756 F2: 0.9126814967393875

2021-05-24 14:55:14,756 ACC_overall: 0.9745767951011658

2021-05-24 14:55:14,756 IoU_poly: 0.8643639144301415

2021-05-24 14:55:14,756 IoU_bg: 0.9674182134866715

2021-05-24 14:55:14,756 IoU_mean: 0.9158910632133483

2021-05-24 14:55:14,756 ==============================
2021-05-24 14:55:14,756 

2021-05-24 14:57:09,018 RESULT FOR DATASET CVC-ColonDB

2021-05-24 14:57:09,018 ==============================
2021-05-24 14:57:09,019 

2021-05-24 14:57:09,019 recall: 0.7874072602317722

2021-05-24 14:57:09,019 specificity: 0.986712089024092

2021-05-24 14:57:09,019 precision: 0.8176146818007844

2021-05-24 14:57:09,019 F1: 0.7597263659839882

2021-05-24 14:57:09,019 F2: 0.7658859464268349

2021-05-24 14:57:09,019 ACC_overall: 0.9605119446390553

2021-05-24 14:57:09,019 IoU_poly: 0.6838529830940197

2021-05-24 14:57:09,019 IoU_bg: 0.9575129926988953

2021-05-24 14:57:09,019 IoU_mean: 0.8206829865119959

2021-05-24 14:57:09,019 ==============================
2021-05-24 14:57:09,019 

2021-05-24 14:58:31,232 RESULT FOR DATASET ETIS-LaribPolypDB

2021-05-24 14:58:31,232 ==============================
2021-05-24 14:58:31,232 

2021-05-24 14:58:31,233 recall: 0.8628707834113811

2021-05-24 14:58:31,233 specificity: 0.9866477330120242

2021-05-24 14:58:31,233 precision: 0.7140946059231487

2021-05-24 14:58:31,233 F1: 0.7557342552809317

2021-05-24 14:58:31,233 F2: 0.8046716878151231

2021-05-24 14:58:31,233 ACC_overall: 0.9842123316258801

2021-05-24 14:58:31,233 IoU_poly: 0.6724501824914745

2021-05-24 14:58:31,233 IoU_bg: 0.9833791742519457

2021-05-24 14:58:31,233 IoU_mean: 0.8279146796890667

2021-05-24 14:58:31,233 ==============================
2021-05-24 14:58:31,233 

