2021-05-17 17:46:48,294 RESULT FOR DATASET CVC-300

2021-05-17 17:46:48,294 ==============================
2021-05-17 17:46:48,294 

2021-05-17 17:46:48,294 recall: 0.9472204705079397

2021-05-17 17:46:48,294 specificity: 0.9952477325995763

2021-05-17 17:46:48,295 precision: 0.8596775492032369

2021-05-17 17:46:48,295 F1: 0.8912800833582878

2021-05-17 17:46:48,295 F2: 0.9194109206398328

2021-05-17 17:46:48,295 ACC_overall: 0.9937043557564418

2021-05-17 17:46:48,295 IoU_poly: 0.8253173743685086

2021-05-17 17:46:48,295 IoU_bg: 0.9934926847616832

2021-05-17 17:46:48,295 IoU_mean: 0.9094050248463948

2021-05-17 17:46:48,295 ==============================
2021-05-17 17:46:48,295 

2021-05-17 17:47:07,857 RESULT FOR DATASET CVC-ClinicDB

2021-05-17 17:47:07,857 ==============================
2021-05-17 17:47:07,857 

2021-05-17 17:47:07,857 recall: 0.943415799448567

2021-05-17 17:47:07,857 specificity: 0.9960999113898124

2021-05-17 17:47:07,857 precision: 0.9238957956192955

2021-05-17 17:47:07,857 F1: 0.9256726467320996

2021-05-17 17:47:07,857 F2: 0.9313245555085521

2021-05-17 17:47:07,857 ACC_overall: 0.9906504644501594

2021-05-17 17:47:07,857 IoU_poly: 0.8755633534202653

2021-05-17 17:47:07,857 IoU_bg: 0.9888218439394428

2021-05-17 17:47:07,857 IoU_mean: 0.9321925986197687

2021-05-17 17:47:07,857 ==============================
2021-05-17 17:47:07,857 

2021-05-17 17:47:47,366 RESULT FOR DATASET Kvasir

2021-05-17 17:47:47,366 ==============================
2021-05-17 17:47:47,366 

2021-05-17 17:47:47,366 recall: 0.9041893449425698

2021-05-17 17:47:47,366 specificity: 0.9910215449333191

2021-05-17 17:47:47,366 precision: 0.9424786093831062

2021-05-17 17:47:47,366 F1: 0.9131040367484092

2021-05-17 17:47:47,367 F2: 0.905916356742382

2021-05-17 17:47:47,367 ACC_overall: 0.9735985696315765

2021-05-17 17:47:47,367 IoU_poly: 0.8584848748147488

2021-05-17 17:47:47,367 IoU_bg: 0.96611767411232

2021-05-17 17:47:47,367 IoU_mean: 0.9123012733459472

2021-05-17 17:47:47,367 ==============================
2021-05-17 17:47:47,367 

2021-05-17 17:50:08,818 RESULT FOR DATASET CVC-ColonDB

2021-05-17 17:50:08,818 ==============================
2021-05-17 17:50:08,818 

2021-05-17 17:50:08,818 recall: 0.8019703563369411

2021-05-17 17:50:08,818 specificity: 0.9836030916163796

2021-05-17 17:50:08,818 precision: 0.7964077386310381

2021-05-17 17:50:08,818 F1: 0.7603633862318498

2021-05-17 17:50:08,818 F2: 0.7709166614794077

2021-05-17 17:50:08,818 ACC_overall: 0.958598162469111

2021-05-17 17:50:08,818 IoU_poly: 0.6838851789957469

2021-05-17 17:50:08,818 IoU_bg: 0.9553894780968365

2021-05-17 17:50:08,818 IoU_mean: 0.8196373297195686

2021-05-17 17:50:08,818 ==============================
2021-05-17 17:50:08,818 

2021-05-17 17:51:38,829 RESULT FOR DATASET ETIS-LaribPolypDB

2021-05-17 17:51:38,829 ==============================
2021-05-17 17:51:38,829 

2021-05-17 17:51:38,829 recall: 0.8393318727225867

2021-05-17 17:51:38,830 specificity: 0.9856334596264119

2021-05-17 17:51:38,830 precision: 0.7054299656921562

2021-05-17 17:51:38,830 F1: 0.7296457099767125

2021-05-17 17:51:38,830 F2: 0.7730828214130131

2021-05-17 17:51:38,830 ACC_overall: 0.9813239188218603

2021-05-17 17:51:38,830 IoU_poly: 0.6497108218963177

2021-05-17 17:51:38,830 IoU_bg: 0.9806062697756047

2021-05-17 17:51:38,830 IoU_mean: 0.8151585465791275

2021-05-17 17:51:38,830 ==============================
2021-05-17 17:51:38,830 

