2021-05-24 14:58:55,924 RESULT FOR DATASET CVC-300

2021-05-24 14:58:55,924 ==============================
2021-05-24 14:58:55,924 

2021-05-24 14:58:55,924 recall: 0.9561020990212759

2021-05-24 14:58:55,924 specificity: 0.9933554321527481

2021-05-24 14:58:55,925 precision: 0.8491494291772445

2021-05-24 14:58:55,925 F1: 0.8819464380542438

2021-05-24 14:58:55,925 F2: 0.9136377597848574

2021-05-24 14:58:55,925 ACC_overall: 0.9921637644370397

2021-05-24 14:58:55,925 IoU_poly: 0.8164791207760572

2021-05-24 14:58:55,925 IoU_bg: 0.9919038116931915

2021-05-24 14:58:55,925 IoU_mean: 0.904191467165947

2021-05-24 14:58:55,925 ==============================
2021-05-24 14:58:55,925 

2021-05-24 14:59:11,800 RESULT FOR DATASET CVC-ClinicDB

2021-05-24 14:59:11,800 ==============================
2021-05-24 14:59:11,800 

2021-05-24 14:59:11,800 recall: 0.9464031015672991

2021-05-24 14:59:11,800 specificity: 0.9941763406799685

2021-05-24 14:59:11,800 precision: 0.909498261948747

2021-05-24 14:59:11,800 F1: 0.9171728417277336

2021-05-24 14:59:11,800 F2: 0.9264106137617942

2021-05-24 14:59:11,800 ACC_overall: 0.9905636897010188

2021-05-24 14:59:11,800 IoU_poly: 0.8684098077637534

2021-05-24 14:59:11,800 IoU_bg: 0.9887186567629537

2021-05-24 14:59:11,800 IoU_mean: 0.9285642365294118

2021-05-24 14:59:11,800 ==============================
2021-05-24 14:59:11,800 

2021-05-24 14:59:42,083 RESULT FOR DATASET Kvasir

2021-05-24 14:59:42,083 ==============================
2021-05-24 14:59:42,083 

2021-05-24 14:59:42,083 recall: 0.910680984556675

2021-05-24 14:59:42,083 specificity: 0.9889289283752442

2021-05-24 14:59:42,083 precision: 0.9357606929540634

2021-05-24 14:59:42,084 F1: 0.9135072502493858

2021-05-24 14:59:42,084 F2: 0.9096928614377976

2021-05-24 14:59:42,084 ACC_overall: 0.9724890291690826

2021-05-24 14:59:42,084 IoU_poly: 0.8577546590566635

2021-05-24 14:59:42,084 IoU_bg: 0.9646260610222817

2021-05-24 14:59:42,084 IoU_mean: 0.9111903584003449

2021-05-24 14:59:42,084 ==============================
2021-05-24 14:59:42,084 

2021-05-24 15:01:36,539 RESULT FOR DATASET CVC-ColonDB

2021-05-24 15:01:36,539 ==============================
2021-05-24 15:01:36,540 

2021-05-24 15:01:36,540 recall: 0.7896304891035111

2021-05-24 15:01:36,540 specificity: 0.9851898202770635

2021-05-24 15:01:36,540 precision: 0.8050544465851042

2021-05-24 15:01:36,540 F1: 0.7518328436978998

2021-05-24 15:01:36,540 F2: 0.7604957703130798

2021-05-24 15:01:36,540 ACC_overall: 0.9576752704225089

2021-05-24 15:01:36,540 IoU_poly: 0.6799546419281605

2021-05-24 15:01:36,540 IoU_bg: 0.9553971172163361

2021-05-24 15:01:36,540 IoU_mean: 0.8176758789702465

2021-05-24 15:01:36,540 ==============================
2021-05-24 15:01:36,540 

2021-05-24 15:02:58,919 RESULT FOR DATASET ETIS-LaribPolypDB

2021-05-24 15:02:58,919 ==============================
2021-05-24 15:02:58,919 

2021-05-24 15:02:58,919 recall: 0.8733602874190554

2021-05-24 15:02:58,919 specificity: 0.9875094635146004

2021-05-24 15:02:58,919 precision: 0.7305943300301787

2021-05-24 15:02:58,919 F1: 0.7689534341750274

2021-05-24 15:02:58,919 F2: 0.8172037633168137

2021-05-24 15:02:58,920 ACC_overall: 0.9846766439019418

2021-05-24 15:02:58,920 IoU_poly: 0.6863197544455141

2021-05-24 15:02:58,920 IoU_bg: 0.9839682034691986

2021-05-24 15:02:58,920 IoU_mean: 0.8351439771299459

2021-05-24 15:02:58,920 ==============================
2021-05-24 15:02:58,920 

