2021-05-17 08:04:05,135 RESULT FOR DATASET CVC-300

2021-05-17 08:04:05,135 ==============================
2021-05-17 08:04:05,135 

2021-05-17 08:04:05,135 recall: 0.9522354543209076

2021-05-17 08:04:05,135 specificity: 0.9935580641031265

2021-05-17 08:04:05,135 precision: 0.8450184091925621

2021-05-17 08:04:05,135 F1: 0.8760377131402493

2021-05-17 08:04:05,135 F2: 0.9073030491669972

2021-05-17 08:04:05,135 ACC_overall: 0.9920965751012166

2021-05-17 08:04:05,135 IoU_poly: 0.8103356721500555

2021-05-17 08:04:05,136 IoU_bg: 0.991856516400973

2021-05-17 08:04:05,136 IoU_mean: 0.9010960946480433

2021-05-17 08:04:05,136 ==============================
2021-05-17 08:04:05,136 

2021-05-17 08:04:20,579 RESULT FOR DATASET CVC-ClinicDB

2021-05-17 08:04:20,579 ==============================
2021-05-17 08:04:20,580 

2021-05-17 08:04:20,580 recall: 0.9504371309472669

2021-05-17 08:04:20,580 specificity: 0.9950051269223613

2021-05-17 08:04:20,580 precision: 0.9137046048718114

2021-05-17 08:04:20,580 F1: 0.9207327529307334

2021-05-17 08:04:20,580 F2: 0.9320289271493112

2021-05-17 08:04:20,580 ACC_overall: 0.9894264080832081

2021-05-17 08:04:20,580 IoU_poly: 0.8715939190118543

2021-05-17 08:04:20,580 IoU_bg: 0.9875772451200793

2021-05-17 08:04:20,580 IoU_mean: 0.929585583748356

2021-05-17 08:04:20,580 ==============================
2021-05-17 08:04:20,580 

2021-05-17 08:04:50,277 RESULT FOR DATASET Kvasir

2021-05-17 08:04:50,278 ==============================
2021-05-17 08:04:50,278 

2021-05-17 08:04:50,278 recall: 0.9076823835074902

2021-05-17 08:04:50,278 specificity: 0.9905104529857636

2021-05-17 08:04:50,278 precision: 0.9377594547718764

2021-05-17 08:04:50,278 F1: 0.9104716238379479

2021-05-17 08:04:50,278 F2: 0.9052826142311097

2021-05-17 08:04:50,278 ACC_overall: 0.9724586427211761

2021-05-17 08:04:50,278 IoU_poly: 0.8597827683389186

2021-05-17 08:04:50,278 IoU_bg: 0.9652069941163063

2021-05-17 08:04:50,278 IoU_mean: 0.9124948826432228

2021-05-17 08:04:50,278 ==============================
2021-05-17 08:04:50,278 

2021-05-17 08:06:43,115 RESULT FOR DATASET CVC-ColonDB

2021-05-17 08:06:43,115 ==============================
2021-05-17 08:06:43,116 

2021-05-17 08:06:43,116 recall: 0.7530681436026617

2021-05-17 08:06:43,116 specificity: 0.9931380623265317

2021-05-17 08:06:43,116 precision: 0.8423790178188746

2021-05-17 08:06:43,116 F1: 0.7364479199789601

2021-05-17 08:06:43,116 F2: 0.7392505774254149

2021-05-17 08:06:43,116 ACC_overall: 0.963243116987379

2021-05-17 08:06:43,116 IoU_poly: 0.6637118171199147

2021-05-17 08:06:43,116 IoU_bg: 0.9610943885225999

2021-05-17 08:06:43,116 IoU_mean: 0.8124031023759591

2021-05-17 08:06:43,116 ==============================
2021-05-17 08:06:43,116 

2021-05-17 08:08:04,412 RESULT FOR DATASET ETIS-LaribPolypDB

2021-05-17 08:08:04,412 ==============================
2021-05-17 08:08:04,413 

2021-05-17 08:08:04,413 recall: 0.8388436628851362

2021-05-17 08:08:04,413 specificity: 0.988662529660731

2021-05-17 08:08:04,413 precision: 0.7882242278842383

2021-05-17 08:08:04,413 F1: 0.762068777708232

2021-05-17 08:08:04,413 F2: 0.7971908713717424

2021-05-17 08:08:04,413 ACC_overall: 0.9860537109934554

2021-05-17 08:08:04,413 IoU_poly: 0.6870330005637363

2021-05-17 08:08:04,413 IoU_bg: 0.9851761667095885

2021-05-17 08:08:04,413 IoU_mean: 0.8361045826150446

2021-05-17 08:08:04,413 ==============================
2021-05-17 08:08:04,413 

