2021-05-16 16:14:04,911 RESULT FOR DATASET CVC-300

2021-05-16 16:14:04,911 ==============================
2021-05-16 16:14:04,911 

2021-05-16 16:14:04,911 recall: 0.9635988752047221

2021-05-16 16:14:04,911 specificity: 0.9861194978157679

2021-05-16 16:14:04,911 precision: 0.815356221422553

2021-05-16 16:14:04,911 F1: 0.851884106422464

2021-05-16 16:14:04,911 F2: 0.8897017419338227

2021-05-16 16:14:04,911 ACC_overall: 0.9852573762337367

2021-05-16 16:14:04,912 IoU_poly: 0.7892032393564781

2021-05-16 16:14:04,912 IoU_bg: 0.9848639945189158

2021-05-16 16:14:04,912 IoU_mean: 0.8870336160063743

2021-05-16 16:14:04,912 ==============================
2021-05-16 16:14:04,912 

2021-05-16 16:14:20,867 RESULT FOR DATASET CVC-ClinicDB

2021-05-16 16:14:20,867 ==============================
2021-05-16 16:14:20,867 

2021-05-16 16:14:20,867 recall: 0.954668358449013

2021-05-16 16:14:20,867 specificity: 0.9951419157366599

2021-05-16 16:14:20,867 precision: 0.9307770976616491

2021-05-16 16:14:20,867 F1: 0.9365567968737695

2021-05-16 16:14:20,867 F2: 0.9435459519586256

2021-05-16 16:14:20,867 ACC_overall: 0.9931838983489621

2021-05-16 16:14:20,867 IoU_poly: 0.8907476031491833

2021-05-16 16:14:20,867 IoU_bg: 0.9919762899798732

2021-05-16 16:14:20,867 IoU_mean: 0.9413619474057229

2021-05-16 16:14:20,867 ==============================
2021-05-16 16:14:20,868 

2021-05-16 16:14:51,853 RESULT FOR DATASET Kvasir

2021-05-16 16:14:51,853 ==============================
2021-05-16 16:14:51,853 

2021-05-16 16:14:51,853 recall: 0.9038198502361774

2021-05-16 16:14:51,853 specificity: 0.991092420220375

2021-05-16 16:14:51,853 precision: 0.9404385222494602

2021-05-16 16:14:51,853 F1: 0.9121936650574207

2021-05-16 16:14:51,854 F2: 0.9059589925408363

2021-05-16 16:14:51,854 ACC_overall: 0.9754968148469925

2021-05-16 16:14:51,854 IoU_poly: 0.8625389689207077

2021-05-16 16:14:51,854 IoU_bg: 0.9684668216109276

2021-05-16 16:14:51,854 IoU_mean: 0.9155028936266899

2021-05-16 16:14:51,854 ==============================
2021-05-16 16:14:51,854 

2021-05-16 16:16:48,112 RESULT FOR DATASET CVC-ColonDB

2021-05-16 16:16:48,112 ==============================
2021-05-16 16:16:48,112 

2021-05-16 16:16:48,112 recall: 0.8099268253451842

2021-05-16 16:16:48,112 specificity: 0.9823023606287805

2021-05-16 16:16:48,112 precision: 0.7906585819353016

2021-05-16 16:16:48,112 F1: 0.7597220910116735

2021-05-16 16:16:48,113 F2: 0.7707096993093441

2021-05-16 16:16:48,113 ACC_overall: 0.9602430431466353

2021-05-16 16:16:48,113 IoU_poly: 0.6809939639084405

2021-05-16 16:16:48,113 IoU_bg: 0.9564456575795224

2021-05-16 16:16:48,113 IoU_mean: 0.8187198104827027

2021-05-16 16:16:48,113 ==============================
2021-05-16 16:16:48,113 

2021-05-16 16:18:11,812 RESULT FOR DATASET ETIS-LaribPolypDB

2021-05-16 16:18:11,813 ==============================
2021-05-16 16:18:11,813 

2021-05-16 16:18:11,813 recall: 0.8459422148899852

2021-05-16 16:18:11,813 specificity: 0.9881709731963216

2021-05-16 16:18:11,813 precision: 0.7515975968196509

2021-05-16 16:18:11,813 F1: 0.7721661122075194

2021-05-16 16:18:11,813 F2: 0.8066127100864554

2021-05-16 16:18:11,813 ACC_overall: 0.9854092111392897

2021-05-16 16:18:11,813 IoU_poly: 0.6931473450392021

2021-05-16 16:18:11,813 IoU_bg: 0.9847744612061248

2021-05-16 16:18:11,813 IoU_mean: 0.8389609039438014

2021-05-16 16:18:11,813 ==============================
2021-05-16 16:18:11,813 

