2021-05-16 16:18:43,748 RESULT FOR DATASET CVC-300

2021-05-16 16:18:43,749 ==============================
2021-05-16 16:18:43,749 

2021-05-16 16:18:43,749 recall: 0.9546493719021479

2021-05-16 16:18:43,749 specificity: 0.9890721559524536

2021-05-16 16:18:43,749 precision: 0.8295719392597676

2021-05-16 16:18:43,749 F1: 0.8604018787542979

2021-05-16 16:18:43,749 F2: 0.8909485970934232

2021-05-16 16:18:43,749 ACC_overall: 0.9877311835686365

2021-05-16 16:18:43,749 IoU_poly: 0.7988202149669329

2021-05-16 16:18:43,749 IoU_bg: 0.9874589184919993

2021-05-16 16:18:43,749 IoU_mean: 0.8931395649909973

2021-05-16 16:18:43,749 ==============================
2021-05-16 16:18:43,749 

2021-05-16 16:19:00,091 RESULT FOR DATASET CVC-ClinicDB

2021-05-16 16:19:00,092 ==============================
2021-05-16 16:19:00,092 

2021-05-16 16:19:00,092 recall: 0.9479748606681824

2021-05-16 16:19:00,092 specificity: 0.9944471514994099

2021-05-16 16:19:00,092 precision: 0.9126913819101549

2021-05-16 16:19:00,092 F1: 0.9171573839360668

2021-05-16 16:19:00,092 F2: 0.9255480088533894

2021-05-16 16:19:00,092 ACC_overall: 0.989788971600994

2021-05-16 16:19:00,092 IoU_poly: 0.8680726769230058

2021-05-16 16:19:00,092 IoU_bg: 0.987825253317433

2021-05-16 16:19:00,092 IoU_mean: 0.9279489613348438

2021-05-16 16:19:00,092 ==============================
2021-05-16 16:19:00,092 

2021-05-16 16:19:30,746 RESULT FOR DATASET Kvasir

2021-05-16 16:19:30,746 ==============================
2021-05-16 16:19:30,746 

2021-05-16 16:19:30,746 recall: 0.9069797021150589

2021-05-16 16:19:30,746 specificity: 0.9899862921237945

2021-05-16 16:19:30,746 precision: 0.9387927889078855

2021-05-16 16:19:30,746 F1: 0.9106038163602352

2021-05-16 16:19:30,746 F2: 0.9045492361485958

2021-05-16 16:19:30,746 ACC_overall: 0.973097813129425

2021-05-16 16:19:30,746 IoU_poly: 0.8583018512278795

2021-05-16 16:19:30,746 IoU_bg: 0.9657307016849518

2021-05-16 16:19:30,746 IoU_mean: 0.9120162770152092

2021-05-16 16:19:30,747 ==============================
2021-05-16 16:19:30,747 

2021-05-16 16:21:28,985 RESULT FOR DATASET CVC-ColonDB

2021-05-16 16:21:28,985 ==============================
2021-05-16 16:21:28,985 

2021-05-16 16:21:28,985 recall: 0.7932651461044531

2021-05-16 16:21:28,986 specificity: 0.9865772043403827

2021-05-16 16:21:28,986 precision: 0.806106673831001

2021-05-16 16:21:28,986 F1: 0.7584859139507947

2021-05-16 16:21:28,986 F2: 0.7631390887876334

2021-05-16 16:21:28,986 ACC_overall: 0.9613386640423223

2021-05-16 16:21:28,986 IoU_poly: 0.6804212118108497

2021-05-16 16:21:28,986 IoU_bg: 0.9577824020072033

2021-05-16 16:21:28,986 IoU_mean: 0.8191018071613814

2021-05-16 16:21:28,986 ==============================
2021-05-16 16:21:28,986 

2021-05-16 16:22:54,065 RESULT FOR DATASET ETIS-LaribPolypDB

2021-05-16 16:22:54,065 ==============================
2021-05-16 16:22:54,065 

2021-05-16 16:22:54,065 recall: 0.8596214565149314

2021-05-16 16:22:54,065 specificity: 0.983572705667846

2021-05-16 16:22:54,065 precision: 0.7058400555889578

2021-05-16 16:22:54,065 F1: 0.7433448094487788

2021-05-16 16:22:54,065 F2: 0.7933179710827359

2021-05-16 16:22:54,065 ACC_overall: 0.9815177658990938

2021-05-16 16:22:54,065 IoU_poly: 0.6615878661225173

2021-05-16 16:22:54,065 IoU_bg: 0.9807398833182394

2021-05-16 16:22:54,065 IoU_mean: 0.8211638746517045

2021-05-16 16:22:54,065 ==============================
2021-05-16 16:22:54,065 

