2021-04-24 19:27:17,318 RESULT FOR DATASET CVC-300

2021-04-24 19:27:17,318 ==============================
2021-04-24 19:27:17,318 

2021-04-24 19:27:17,318 recall: 0.9436731285105149

2021-04-24 19:27:17,318 specificity: 0.9943149407704671

2021-04-24 19:27:17,318 precision: 0.8566073526938757

2021-04-24 19:27:17,318 F1: 0.8780720883359512

2021-04-24 19:27:17,318 F2: 0.9104191216950616

2021-04-24 19:27:17,318 ACC_overall: 0.9930705547332763

2021-04-24 19:27:17,318 IoU_poly: 0.809237536912163

2021-04-24 19:27:17,318 IoU_bg: 0.992835279305776

2021-04-24 19:27:17,319 IoU_mean: 0.9010364105304082

2021-04-24 19:27:17,319 ==============================
2021-04-24 19:27:17,319 

2021-04-24 19:27:32,392 RESULT FOR DATASET CVC-ClinicDB

2021-04-24 19:27:32,392 ==============================
2021-04-24 19:27:32,392 

2021-04-24 19:27:32,392 recall: 0.928914959031728

2021-04-24 19:27:32,392 specificity: 0.9954937225387942

2021-04-24 19:27:32,392 precision: 0.9276187333368486

2021-04-24 19:27:32,393 F1: 0.9113891194461875

2021-04-24 19:27:32,393 F2: 0.9204351912748309

2021-04-24 19:27:32,393 ACC_overall: 0.9871858262246654

2021-04-24 19:27:32,393 IoU_poly: 0.8637574496528795

2021-04-24 19:27:32,393 IoU_bg: 0.9860766145490831

2021-04-24 19:27:32,393 IoU_mean: 0.9249170340837971

2021-04-24 19:27:32,393 ==============================
2021-04-24 19:27:32,393 

2021-04-24 19:28:01,258 RESULT FOR DATASET Kvasir

2021-04-24 19:28:01,259 ==============================
2021-04-24 19:28:01,259 

2021-04-24 19:28:01,259 recall: 0.893232029778519

2021-04-24 19:28:01,259 specificity: 0.9900225055217743

2021-04-24 19:28:01,259 precision: 0.930986435698178

2021-04-24 19:28:01,259 F1: 0.9010396684000807

2021-04-24 19:28:01,259 F2: 0.8946334702786407

2021-04-24 19:28:01,259 ACC_overall: 0.9709129279851914

2021-04-24 19:28:01,259 IoU_poly: 0.8436033750017669

2021-04-24 19:28:01,259 IoU_bg: 0.9631152918934822

2021-04-24 19:28:01,259 IoU_mean: 0.9033593341708184

2021-04-24 19:28:01,259 ==============================
2021-04-24 19:28:01,259 

2021-04-24 19:29:50,944 RESULT FOR DATASET CVC-ColonDB

2021-04-24 19:29:50,944 ==============================
2021-04-24 19:29:50,944 

2021-04-24 19:29:50,944 recall: 0.7526377315973688

2021-04-24 19:29:50,944 specificity: 0.9931085754381983

2021-04-24 19:29:50,944 precision: 0.8670393428075936

2021-04-24 19:29:50,944 F1: 0.7285603287586414

2021-04-24 19:29:50,944 F2: 0.7345145709581617

2021-04-24 19:29:50,945 ACC_overall: 0.9601726790007792

2021-04-24 19:29:50,945 IoU_poly: 0.6566559581665112

2021-04-24 19:29:50,945 IoU_bg: 0.9585766043317946

2021-04-24 19:29:50,945 IoU_mean: 0.8076162829995155

2021-04-24 19:29:50,945 ==============================
2021-04-24 19:29:50,945 

2021-04-24 19:31:10,862 RESULT FOR DATASET ETIS-LaribPolypDB

2021-04-24 19:31:10,862 ==============================
2021-04-24 19:31:10,862 

2021-04-24 19:31:10,862 recall: 0.7932537072173527

2021-04-24 19:31:10,862 specificity: 0.9888790979677317

2021-04-24 19:31:10,862 precision: 0.7693360330867322

2021-04-24 19:31:10,862 F1: 0.7142220156120969

2021-04-24 19:31:10,862 F2: 0.749658018016232

2021-04-24 19:31:10,862 ACC_overall: 0.9853086723965041

2021-04-24 19:31:10,862 IoU_poly: 0.634529216191414

2021-04-24 19:31:10,862 IoU_bg: 0.984486749585794

2021-04-24 19:31:10,862 IoU_mean: 0.8095079801824628

2021-04-24 19:31:10,862 ==============================
2021-04-24 19:31:10,862 

