2021-04-24 19:22:43,912 RESULT FOR DATASET CVC-300

2021-04-24 19:22:43,912 ==============================
2021-04-24 19:22:43,912 

2021-04-24 19:22:43,912 recall: 0.9616569260756175

2021-04-24 19:22:43,912 specificity: 0.9887959976991018

2021-04-24 19:22:43,912 precision: 0.8001803164059917

2021-04-24 19:22:43,912 F1: 0.8464280653744936

2021-04-24 19:22:43,912 F2: 0.8912080431977908

2021-04-24 19:22:43,913 ACC_overall: 0.9877632449070612

2021-04-24 19:22:43,913 IoU_poly: 0.7741352929423253

2021-04-24 19:22:43,913 IoU_bg: 0.9874481976032257

2021-04-24 19:22:43,913 IoU_mean: 0.8807917406161626

2021-04-24 19:22:43,913 ==============================
2021-04-24 19:22:43,913 

2021-04-24 19:23:00,740 RESULT FOR DATASET CVC-ClinicDB

2021-04-24 19:23:00,740 ==============================
2021-04-24 19:23:00,740 

2021-04-24 19:23:00,740 recall: 0.9415415381231615

2021-04-24 19:23:00,740 specificity: 0.9953746199607849

2021-04-24 19:23:00,740 precision: 0.9234940755751825

2021-04-24 19:23:00,740 F1: 0.9291082913837125

2021-04-24 19:23:00,740 F2: 0.9359593384208218

2021-04-24 19:23:00,740 ACC_overall: 0.9920830755464493

2021-04-24 19:23:00,740 IoU_poly: 0.8789893549776846

2021-04-24 19:23:00,740 IoU_bg: 0.990362145246998

2021-04-24 19:23:00,740 IoU_mean: 0.9346757502325119

2021-04-24 19:23:00,740 ==============================
2021-04-24 19:23:00,740 

2021-04-24 19:23:32,193 RESULT FOR DATASET Kvasir

2021-04-24 19:23:32,194 ==============================
2021-04-24 19:23:32,194 

2021-04-24 19:23:32,194 recall: 0.8827410844713449

2021-04-24 19:23:32,194 specificity: 0.9895983093976974

2021-04-24 19:23:32,194 precision: 0.9307249045372009

2021-04-24 19:23:32,194 F1: 0.894490952976048

2021-04-24 19:23:32,194 F2: 0.8853439497202635

2021-04-24 19:23:32,194 ACC_overall: 0.9725603771209717

2021-04-24 19:23:32,194 IoU_poly: 0.8330313950404524

2021-04-24 19:23:32,195 IoU_bg: 0.9645835417509079

2021-04-24 19:23:32,195 IoU_mean: 0.8988074639439583

2021-04-24 19:23:32,195 ==============================
2021-04-24 19:23:32,195 

2021-04-24 19:25:31,444 RESULT FOR DATASET CVC-ColonDB

2021-04-24 19:25:31,445 ==============================
2021-04-24 19:25:31,445 

2021-04-24 19:25:31,445 recall: 0.7832547605047466

2021-04-24 19:25:31,445 specificity: 0.9903728069443452

2021-04-24 19:25:31,445 precision: 0.8529312051279895

2021-04-24 19:25:31,445 F1: 0.740211014478054

2021-04-24 19:25:31,445 F2: 0.7535496114409673

2021-04-24 19:25:31,445 ACC_overall: 0.9635133792695246

2021-04-24 19:25:31,445 IoU_poly: 0.6655036817195614

2021-04-24 19:25:31,445 IoU_bg: 0.9614762914023901

2021-04-24 19:25:31,445 IoU_mean: 0.8134899870345467

2021-04-24 19:25:31,445 ==============================
2021-04-24 19:25:31,445 

2021-04-24 19:26:56,256 RESULT FOR DATASET ETIS-LaribPolypDB

2021-04-24 19:26:56,256 ==============================
2021-04-24 19:26:56,256 

2021-04-24 19:26:56,256 recall: 0.7961427140405565

2021-04-24 19:26:56,256 specificity: 0.9837471213267774

2021-04-24 19:26:56,256 precision: 0.7373164345688226

2021-04-24 19:26:56,256 F1: 0.6875382337343906

2021-04-24 19:26:56,256 F2: 0.7318810725057806

2021-04-24 19:26:56,256 ACC_overall: 0.9800824729763732

2021-04-24 19:26:56,257 IoU_poly: 0.6093268836751966

2021-04-24 19:26:56,257 IoU_bg: 0.9790021594689817

2021-04-24 19:26:56,257 IoU_mean: 0.7941645198330587

2021-04-24 19:26:56,257 ==============================
2021-04-24 19:26:56,257 

