2021-04-25 23:18:16,479 Epoch 0 	 Loss 0.6868094946001913
2021-04-25 23:18:50,960 Epoch 1 	 Loss 0.3931112990274534
2021-04-25 23:19:25,495 Epoch 2 	 Loss 0.28695206573376286
2021-04-25 23:20:00,052 Epoch 3 	 Loss 0.21964816536222184
2021-04-25 23:20:34,600 Epoch 4 	 Loss 0.18767520588832898
2021-04-25 23:21:09,276 Epoch 5 	 Loss 0.15621072225845778
2021-04-25 23:21:43,893 Epoch 6 	 Loss 0.1352848137145514
2021-04-25 23:22:18,480 Epoch 7 	 Loss 0.11942989796727568
2021-04-25 23:22:53,166 Epoch 8 	 Loss 0.10907421220134902
2021-04-25 23:23:27,782 Epoch 9 	 Loss 0.10046643771968045
2021-04-25 23:24:02,435 Epoch 10 	 Loss 0.099080914242582
2021-04-25 23:24:37,057 Epoch 11 	 Loss 0.09154106218081254
2021-04-25 23:25:11,681 Epoch 12 	 Loss 0.08554456751425188
2021-04-25 23:25:46,305 Epoch 13 	 Loss 0.07963944701375542
2021-04-25 23:26:20,936 Epoch 14 	 Loss 0.07561707177332469
2021-04-25 23:26:55,528 Epoch 15 	 Loss 0.07295637012838008
2021-04-25 23:27:30,108 Epoch 16 	 Loss 0.0704528176850015
2021-04-25 23:28:04,694 Epoch 17 	 Loss 0.06948360636994079
2021-04-25 23:28:39,337 Epoch 18 	 Loss 0.06690228316973854
2021-04-25 23:29:13,964 Epoch 19 	 Loss 0.06413428280707244
2021-04-25 23:29:48,628 Epoch 20 	 Loss 0.06283273101671712
2021-04-25 23:30:23,194 Epoch 21 	 Loss 0.061319052354320065
2021-04-25 23:30:57,833 Epoch 22 	 Loss 0.05939994003255289
2021-04-25 23:31:32,500 Epoch 23 	 Loss 0.05888172542000865
2021-04-25 23:32:07,137 Epoch 24 	 Loss 0.05638752996430292
2021-04-25 23:32:41,769 Epoch 25 	 Loss 0.05439709753289328
2021-04-25 23:33:16,409 Epoch 26 	 Loss 0.05342917635545626
2021-04-25 23:33:51,061 Epoch 27 	 Loss 0.05271200094740469
2021-04-25 23:34:25,690 Epoch 28 	 Loss 0.051992574481518714
2021-04-25 23:35:00,298 Epoch 29 	 Loss 0.05151549292789711
2021-04-25 23:35:34,949 Epoch 30 	 Loss 0.05186060938861344
2021-04-25 23:36:09,569 Epoch 31 	 Loss 0.12714021697967917
2021-04-25 23:36:44,180 Epoch 32 	 Loss 0.09242077016240947
2021-04-25 23:37:18,823 Epoch 33 	 Loss 0.0678432754926629
2021-04-25 23:37:53,419 Epoch 34 	 Loss 0.05622691730712796
2021-04-25 23:38:28,020 Epoch 35 	 Loss 0.05041963582510477
2021-04-25 23:39:02,604 Epoch 36 	 Loss 0.04824552906083537
2021-04-25 23:39:37,209 Epoch 37 	 Loss 0.04696170834230853
2021-04-25 23:40:11,817 Epoch 38 	 Loss 0.04585365165065933
2021-04-25 23:40:46,450 Epoch 39 	 Loss 0.045075411488721656
2021-04-25 23:41:21,108 Epoch 40 	 Loss 0.04460168437479616
2021-04-25 23:41:55,768 Epoch 41 	 Loss 0.04443990897673827
2021-04-25 23:42:30,392 Epoch 42 	 Loss 0.04416181519627571
2021-04-25 23:43:05,025 Epoch 43 	 Loss 0.04395905423622865
2021-04-25 23:43:39,671 Epoch 44 	 Loss 0.04365142676365245
2021-04-25 23:44:14,256 Epoch 45 	 Loss 0.04322855350571674
2021-04-25 23:44:48,858 Epoch 46 	 Loss 0.04295046238617583
2021-04-25 23:45:23,466 Epoch 47 	 Loss 0.04259580991916604
2021-04-25 23:45:58,076 Epoch 48 	 Loss 0.042636676476551935
2021-04-25 23:46:32,710 Epoch 49 	 Loss 0.04245717393664213
2021-04-25 23:47:07,382 Epoch 50 	 Loss 0.042266710773929135
2021-04-25 23:47:42,002 Epoch 51 	 Loss 0.0419517104606052
2021-04-25 23:48:16,596 Epoch 52 	 Loss 0.041373592566002856
2021-04-25 23:48:51,245 Epoch 53 	 Loss 0.04121132878648056
2021-04-25 23:49:25,868 Epoch 54 	 Loss 0.04101059708621476
2021-04-25 23:50:00,496 Epoch 55 	 Loss 0.0407955184333272
2021-04-25 23:50:35,130 Epoch 56 	 Loss 0.040478112401215585
2021-04-25 23:51:09,708 Epoch 57 	 Loss 0.040381695583953964
2021-04-25 23:51:44,317 Epoch 58 	 Loss 0.040394529986840025
2021-04-25 23:52:18,983 Epoch 59 	 Loss 0.04074513637921312
2021-04-25 23:52:53,613 Epoch 60 	 Loss 0.04043268776693187
2021-04-25 23:53:28,207 Epoch 61 	 Loss 0.03996972985320039
2021-04-25 23:54:02,814 Epoch 62 	 Loss 0.03981464835149901
2021-04-25 23:54:37,417 Epoch 63 	 Loss 0.039690571499394846
2021-04-25 23:55:12,048 Epoch 64 	 Loss 0.03944901855928557
2021-04-25 23:55:46,672 Epoch 65 	 Loss 0.03932694529930314
2021-04-25 23:56:21,280 Epoch 66 	 Loss 0.03925547011933484
2021-04-25 23:56:55,876 Epoch 67 	 Loss 0.03912564141900985
2021-04-25 23:57:30,508 Epoch 68 	 Loss 0.039029249982846966
2021-04-25 23:58:05,126 Epoch 69 	 Loss 0.03893918548147757
2021-04-25 23:58:39,745 Epoch 70 	 Loss 0.038811269942875745
2021-04-25 23:59:14,367 Epoch 71 	 Loss 0.038770530331920794
2021-04-25 23:59:49,032 Epoch 72 	 Loss 0.0387214961369614
2021-04-26 00:00:23,665 Epoch 73 	 Loss 0.03868349973153282
2021-04-26 00:00:58,291 Epoch 74 	 Loss 0.03852329558723575
2021-04-26 00:01:32,884 Epoch 75 	 Loss 0.03838369827512857
2021-04-26 00:02:07,492 Epoch 76 	 Loss 0.03832718758628918
2021-04-26 00:02:42,098 Epoch 77 	 Loss 0.03827692809831965
2021-04-26 00:03:16,720 Epoch 78 	 Loss 0.03814327037268943
2021-04-26 00:03:51,317 Epoch 79 	 Loss 0.038110025227069855
2021-04-26 00:04:25,961 Epoch 80 	 Loss 0.03810983237165671
2021-04-26 00:05:00,565 Epoch 81 	 Loss 0.03804007798924551
2021-04-26 00:05:35,206 Epoch 82 	 Loss 0.03797470123230756
2021-04-26 00:06:09,810 Epoch 83 	 Loss 0.037953355810144446
2021-04-26 00:06:44,433 Epoch 84 	 Loss 0.03796793061953325
2021-04-26 00:07:19,067 Epoch 85 	 Loss 0.03789217479445122
2021-04-26 00:07:53,745 Epoch 86 	 Loss 0.03784486504046471
2021-04-26 00:08:28,371 Epoch 87 	 Loss 0.03781611501024319
2021-04-26 00:09:03,000 Epoch 88 	 Loss 0.03774707391858101
2021-04-26 00:09:37,673 Epoch 89 	 Loss 0.03774873081308145
2021-04-26 00:10:12,280 Epoch 90 	 Loss 0.03773571030942948
2021-04-26 00:10:46,913 Epoch 91 	 Loss 0.03769113344478083
2021-04-26 00:11:21,592 Epoch 92 	 Loss 0.037699227313418966
2021-04-26 00:11:56,219 Epoch 93 	 Loss 0.03768341845044723
2021-04-26 00:12:30,835 Epoch 94 	 Loss 0.0376741342492156
2021-04-26 00:13:05,431 Epoch 95 	 Loss 0.03767611041337579
2021-04-26 00:13:40,046 Epoch 96 	 Loss 0.037679847616415754
2021-04-26 00:14:14,735 Epoch 97 	 Loss 0.03767294887003008
2021-04-26 00:14:49,379 Epoch 98 	 Loss 0.03764817487080019
2021-04-26 00:15:23,980 Epoch 99 	 Loss 0.03761715617972416
2021-04-26 00:15:43,705 RESULT FOR DATASET CVC-300

2021-04-26 00:15:43,705 ==============================
2021-04-26 00:15:43,705 

2021-04-26 00:15:43,705 recall: 0.945606158177058

2021-04-26 00:15:43,705 specificity: 0.9949941903352737

2021-04-26 00:15:43,705 precision: 0.8775242924690246

2021-04-26 00:15:43,705 F1: 0.9010495816667875

2021-04-26 00:15:43,705 F2: 0.9233591139316559

2021-04-26 00:15:43,706 ACC_overall: 0.9931523243586222

2021-04-26 00:15:43,706 IoU_poly: 0.8333126991987229

2021-04-26 00:15:43,706 IoU_bg: 0.99284126162529

2021-04-26 00:15:43,706 IoU_mean: 0.9130769809087117

2021-04-26 00:15:43,706 ==============================
2021-04-26 00:15:43,706 

2021-04-26 00:16:00,961 RESULT FOR DATASET CVC-ClinicDB

2021-04-26 00:16:00,961 ==============================
2021-04-26 00:16:00,961 

2021-04-26 00:16:00,961 recall: 0.8544064298414835

2021-04-26 00:16:00,961 specificity: 0.9961723541059802

2021-04-26 00:16:00,961 precision: 0.9179784170682391

2021-04-26 00:16:00,961 F1: 0.8626108725363719

2021-04-26 00:16:00,961 F2: 0.8567291761827355

2021-04-26 00:16:00,961 ACC_overall: 0.9846486045468238

2021-04-26 00:16:00,961 IoU_poly: 0.808874040793237

2021-04-26 00:16:00,961 IoU_bg: 0.9825300122461011

2021-04-26 00:16:00,961 IoU_mean: 0.895702023659983

2021-04-26 00:16:00,962 ==============================
2021-04-26 00:16:00,962 

2021-04-26 00:16:32,711 RESULT FOR DATASET Kvasir

2021-04-26 00:16:32,711 ==============================
2021-04-26 00:16:32,711 

2021-04-26 00:16:32,711 recall: 0.8686284701153636

2021-04-26 00:16:32,711 specificity: 0.9868213486671448

2021-04-26 00:16:32,711 precision: 0.9080403336137534

2021-04-26 00:16:32,712 F1: 0.8695648706983775

2021-04-26 00:16:32,712 F2: 0.8639167350437492

2021-04-26 00:16:32,712 ACC_overall: 0.9628107619285583

2021-04-26 00:16:32,712 IoU_poly: 0.8005737139377743

2021-04-26 00:16:32,712 IoU_bg: 0.9539395713806152

2021-04-26 00:16:32,712 IoU_mean: 0.8772566452622413

2021-04-26 00:16:32,712 ==============================
2021-04-26 00:16:32,712 

2021-04-26 00:18:30,663 RESULT FOR DATASET CVC-ColonDB

2021-04-26 00:18:30,663 ==============================
2021-04-26 00:18:30,663 

2021-04-26 00:18:30,663 recall: 0.6615624239302873

2021-04-26 00:18:30,663 specificity: 0.9940131159205186

2021-04-26 00:18:30,664 precision: 0.8602559265819142

2021-04-26 00:18:30,664 F1: 0.6629932917817146

2021-04-26 00:18:30,664 F2: 0.6568622448556461

2021-04-26 00:18:30,664 ACC_overall: 0.9546486288309097

2021-04-26 00:18:30,664 IoU_poly: 0.5838835570581475

2021-04-26 00:18:30,664 IoU_bg: 0.9528235068446711

2021-04-26 00:18:30,664 IoU_mean: 0.768353533470317

2021-04-26 00:18:30,664 ==============================
2021-04-26 00:18:30,664 

2021-04-26 00:19:51,858 RESULT FOR DATASET ETIS-LaribPolypDB

2021-04-26 00:19:51,858 ==============================
2021-04-26 00:19:51,858 

2021-04-26 00:19:51,858 recall: 0.6389944553673336

2021-04-26 00:19:51,858 specificity: 0.9875476913792747

2021-04-26 00:19:51,859 precision: 0.7161781786522782

2021-04-26 00:19:51,859 F1: 0.5871134934817404

2021-04-26 00:19:51,859 F2: 0.6074515635287401

2021-04-26 00:19:51,859 ACC_overall: 0.978316069561608

2021-04-26 00:19:51,859 IoU_poly: 0.5106819129763774

2021-04-26 00:19:51,859 IoU_bg: 0.9770783179876755

2021-04-26 00:19:51,859 IoU_mean: 0.7438801145371126

2021-04-26 00:19:51,859 ==============================
2021-04-26 00:19:51,859 

