2021-04-25 21:16:37,632 Epoch 0 	 Loss 0.7111015447548458
2021-04-25 21:17:11,127 Epoch 1 	 Loss 0.39816522696516016
2021-04-25 21:17:44,718 Epoch 2 	 Loss 0.3072006132576492
2021-04-25 21:18:18,162 Epoch 3 	 Loss 0.2202190440762174
2021-04-25 21:18:51,683 Epoch 4 	 Loss 0.1830567566903083
2021-04-25 21:19:25,180 Epoch 5 	 Loss 0.15684570355729743
2021-04-25 21:19:58,687 Epoch 6 	 Loss 0.14714699344975607
2021-04-25 21:20:32,173 Epoch 7 	 Loss 0.12971245726713768
2021-04-25 21:21:05,696 Epoch 8 	 Loss 0.11431884184315964
2021-04-25 21:21:39,210 Epoch 9 	 Loss 0.10600124627024263
2021-04-25 21:22:12,721 Epoch 10 	 Loss 0.09636038820167164
2021-04-25 21:22:46,246 Epoch 11 	 Loss 0.08964085644418067
2021-04-25 21:23:19,746 Epoch 12 	 Loss 0.0964140195276711
2021-04-25 21:23:53,268 Epoch 13 	 Loss 0.08610521101362102
2021-04-25 21:24:26,759 Epoch 14 	 Loss 0.0955006419629841
2021-04-25 21:25:00,282 Epoch 15 	 Loss 0.09784201647226627
2021-04-25 21:25:33,732 Epoch 16 	 Loss 0.08326620641317996
2021-04-25 21:26:07,259 Epoch 17 	 Loss 0.07182880507393198
2021-04-25 21:26:40,769 Epoch 18 	 Loss 0.06737059616780543
2021-04-25 21:27:14,245 Epoch 19 	 Loss 0.06375280653054897
2021-04-25 21:27:47,778 Epoch 20 	 Loss 0.06261846607366761
2021-04-25 21:28:21,316 Epoch 21 	 Loss 0.06107795823897634
2021-04-25 21:28:54,793 Epoch 22 	 Loss 0.05886941251682711
2021-04-25 21:29:28,310 Epoch 23 	 Loss 0.05732567866261189
2021-04-25 21:30:01,785 Epoch 24 	 Loss 0.056334120190733084
2021-04-25 21:30:35,268 Epoch 25 	 Loss 0.054504668033057514
2021-04-25 21:31:08,773 Epoch 26 	 Loss 0.05256090779880901
2021-04-25 21:31:42,314 Epoch 27 	 Loss 0.0534557876596739
2021-04-25 21:32:15,777 Epoch 28 	 Loss 0.05346912301176197
2021-04-25 21:32:49,279 Epoch 29 	 Loss 0.05178245660531652
2021-04-25 21:33:22,745 Epoch 30 	 Loss 0.05037700716447044
2021-04-25 21:33:56,232 Epoch 31 	 Loss 0.05017833636848481
2021-04-25 21:34:29,756 Epoch 32 	 Loss 0.04968962171575525
2021-04-25 21:35:03,223 Epoch 33 	 Loss 0.0494112474332144
2021-04-25 21:35:36,683 Epoch 34 	 Loss 0.048850735260562585
2021-04-25 21:36:10,144 Epoch 35 	 Loss 0.04826165322255302
2021-04-25 21:36:43,638 Epoch 36 	 Loss 0.04721897467970848
2021-04-25 21:37:17,124 Epoch 37 	 Loss 0.047420163198814286
2021-04-25 21:37:50,659 Epoch 38 	 Loss 0.04660711588931608
2021-04-25 21:38:24,200 Epoch 39 	 Loss 0.04581244109751104
2021-04-25 21:38:57,694 Epoch 40 	 Loss 0.04506712820339989
2021-04-25 21:39:31,149 Epoch 41 	 Loss 0.044518029010230366
2021-04-25 21:40:04,610 Epoch 42 	 Loss 0.044464324038107315
2021-04-25 21:40:38,079 Epoch 43 	 Loss 0.043825169267890214
2021-04-25 21:41:11,563 Epoch 44 	 Loss 0.043344810277551084
2021-04-25 21:41:45,072 Epoch 45 	 Loss 0.04313796013593674
2021-04-25 21:42:18,511 Epoch 46 	 Loss 0.04257632742871295
2021-04-25 21:42:52,014 Epoch 47 	 Loss 0.04222150322991413
2021-04-25 21:43:25,513 Epoch 48 	 Loss 0.042054725012608936
2021-04-25 21:43:58,995 Epoch 49 	 Loss 0.04209314507770014
2021-04-25 21:44:32,441 Epoch 50 	 Loss 0.04219006726538742
2021-04-25 21:45:05,964 Epoch 51 	 Loss 0.04190656297154479
2021-04-25 21:45:39,399 Epoch 52 	 Loss 0.061792614859539075
2021-04-25 21:46:12,872 Epoch 53 	 Loss 0.059799494733522224
2021-04-25 21:46:46,352 Epoch 54 	 Loss 0.047516757110645486
2021-04-25 21:47:19,847 Epoch 55 	 Loss 0.043253953149030494
2021-04-25 21:47:53,335 Epoch 56 	 Loss 0.041691642213653735
2021-04-25 21:48:26,783 Epoch 57 	 Loss 0.04099585774999399
2021-04-25 21:49:00,210 Epoch 58 	 Loss 0.04044401326349804
2021-04-25 21:49:33,668 Epoch 59 	 Loss 0.04025441252595776
2021-04-25 21:50:07,120 Epoch 60 	 Loss 0.04007796001630825
2021-04-25 21:50:40,581 Epoch 61 	 Loss 0.03984587688694943
2021-04-25 21:51:14,053 Epoch 62 	 Loss 0.03959042509342288
2021-04-25 21:51:47,480 Epoch 63 	 Loss 0.03952528781943269
2021-04-25 21:52:20,947 Epoch 64 	 Loss 0.03938474829544078
2021-04-25 21:52:54,424 Epoch 65 	 Loss 0.039444430434441825
2021-04-25 21:53:27,900 Epoch 66 	 Loss 0.03925286712391036
2021-04-25 21:54:01,367 Epoch 67 	 Loss 0.03905226789660506
2021-04-25 21:54:34,792 Epoch 68 	 Loss 0.038972056665263335
2021-04-25 21:55:08,257 Epoch 69 	 Loss 0.03890970365686731
2021-04-25 21:55:41,743 Epoch 70 	 Loss 0.03878327835719664
2021-04-25 21:56:15,308 Epoch 71 	 Loss 0.038719341527302185
2021-04-25 21:56:48,780 Epoch 72 	 Loss 0.038580817344424485
2021-04-25 21:57:22,252 Epoch 73 	 Loss 0.03856353199743962
2021-04-25 21:57:55,772 Epoch 74 	 Loss 0.03850189944381242
2021-04-25 21:58:29,256 Epoch 75 	 Loss 0.03845411678264429
2021-04-25 21:59:02,744 Epoch 76 	 Loss 0.038443173721923934
2021-04-25 21:59:36,283 Epoch 77 	 Loss 0.038317738285104
2021-04-25 22:00:09,710 Epoch 78 	 Loss 0.03831172001722095
2021-04-25 22:00:43,151 Epoch 79 	 Loss 0.03823497789082946
2021-04-25 22:01:16,591 Epoch 80 	 Loss 0.03820216131734324
2021-04-25 22:01:50,104 Epoch 81 	 Loss 0.03819965939600389
2021-04-25 22:02:23,509 Epoch 82 	 Loss 0.03807392925187782
2021-04-25 22:02:57,010 Epoch 83 	 Loss 0.03808542791303698
2021-04-25 22:03:30,427 Epoch 84 	 Loss 0.03804730104057343
2021-04-25 22:04:03,948 Epoch 85 	 Loss 0.03800352151086042
2021-04-25 22:04:37,377 Epoch 86 	 Loss 0.03810772344797522
2021-04-25 22:05:10,873 Epoch 87 	 Loss 0.03791241413289374
2021-04-25 22:05:44,391 Epoch 88 	 Loss 0.037864417902060916
2021-04-25 22:06:17,857 Epoch 89 	 Loss 0.03790476996001307
2021-04-25 22:06:51,344 Epoch 90 	 Loss 0.037946587817354514
2021-04-25 22:07:24,779 Epoch 91 	 Loss 0.03784026623099715
2021-04-25 22:07:58,218 Epoch 92 	 Loss 0.03787282891162149
2021-04-25 22:08:31,676 Epoch 93 	 Loss 0.037826461697017755
2021-04-25 22:09:05,154 Epoch 94 	 Loss 0.03782986333737007
2021-04-25 22:09:38,642 Epoch 95 	 Loss 0.03775741225415534
2021-04-25 22:10:12,162 Epoch 96 	 Loss 0.03777472232724284
2021-04-25 22:10:45,685 Epoch 97 	 Loss 0.037779675530535836
2021-04-25 22:11:19,124 Epoch 98 	 Loss 0.03776774015072938
2021-04-25 22:11:52,541 Epoch 99 	 Loss 0.03776399729834808
2021-04-25 22:12:12,246 RESULT FOR DATASET CVC-300

2021-04-25 22:12:12,246 ==============================
2021-04-25 22:12:12,246 

2021-04-25 22:12:12,246 recall: 0.9333736963570118

2021-04-25 22:12:12,246 specificity: 0.9953785121440888

2021-04-25 22:12:12,246 precision: 0.8767277064422766

2021-04-25 22:12:12,246 F1: 0.8907213504115741

2021-04-25 22:12:12,246 F2: 0.9113658008476099

2021-04-25 22:12:12,246 ACC_overall: 0.9931229958931606

2021-04-25 22:12:12,246 IoU_poly: 0.823227555056413

2021-04-25 22:12:12,246 IoU_bg: 0.9927864829699199

2021-04-25 22:12:12,246 IoU_mean: 0.9080070187648137

2021-04-25 22:12:12,246 ==============================
2021-04-25 22:12:12,246 

2021-04-25 22:12:29,563 RESULT FOR DATASET CVC-ClinicDB

2021-04-25 22:12:29,563 ==============================
2021-04-25 22:12:29,563 

2021-04-25 22:12:29,563 recall: 0.8793894196372299

2021-04-25 22:12:29,563 specificity: 0.9948431993684461

2021-04-25 22:12:29,563 precision: 0.9153861086214742

2021-04-25 22:12:29,563 F1: 0.8762998368624868

2021-04-25 22:12:29,563 F2: 0.8771915125769503

2021-04-25 22:12:29,563 ACC_overall: 0.9854568666027438

2021-04-25 22:12:29,563 IoU_poly: 0.8225342849506095

2021-04-25 22:12:29,563 IoU_bg: 0.983414932604759

2021-04-25 22:12:29,563 IoU_mean: 0.9029746084443985

2021-04-25 22:12:29,564 ==============================
2021-04-25 22:12:29,564 

2021-04-25 22:13:00,999 RESULT FOR DATASET Kvasir

2021-04-25 22:13:01,000 ==============================
2021-04-25 22:13:01,000 

2021-04-25 22:13:01,000 recall: 0.8774566069222055

2021-04-25 22:13:01,000 specificity: 0.9816162598133087

2021-04-25 22:13:01,000 precision: 0.8855124750547111

2021-04-25 22:13:01,000 F1: 0.8647265527857235

2021-04-25 22:13:01,000 F2: 0.8664130821394792

2021-04-25 22:13:01,000 ACC_overall: 0.962254513502121

2021-04-25 22:13:01,000 IoU_poly: 0.79563881489521

2021-04-25 22:13:01,000 IoU_bg: 0.9522841799259186

2021-04-25 22:13:01,000 IoU_mean: 0.8739614951610565

2021-04-25 22:13:01,000 ==============================
2021-04-25 22:13:01,000 

2021-04-25 22:14:57,550 RESULT FOR DATASET CVC-ColonDB

2021-04-25 22:14:57,551 ==============================
2021-04-25 22:14:57,551 

2021-04-25 22:14:57,551 recall: 0.6591279795768334

2021-04-25 22:14:57,551 specificity: 0.9945144844682593

2021-04-25 22:14:57,551 precision: 0.8602722719091712

2021-04-25 22:14:57,551 F1: 0.6555298386356179

2021-04-25 22:14:57,551 F2: 0.6523557113051407

2021-04-25 22:14:57,551 ACC_overall: 0.9533308062114214

2021-04-25 22:14:57,551 IoU_poly: 0.5784040484592113

2021-04-25 22:14:57,551 IoU_bg: 0.9519981835233537

2021-04-25 22:14:57,551 IoU_mean: 0.7652011167061956

2021-04-25 22:14:57,551 ==============================
2021-04-25 22:14:57,551 

2021-04-25 22:16:21,529 RESULT FOR DATASET ETIS-LaribPolypDB

2021-04-25 22:16:21,529 ==============================
2021-04-25 22:16:21,529 

2021-04-25 22:16:21,530 recall: 0.5551805452250012

2021-04-25 22:16:21,530 specificity: 0.9917075393759475

2021-04-25 22:16:21,530 precision: 0.7556966933836882

2021-04-25 22:16:21,530 F1: 0.5362339444783472

2021-04-25 22:16:21,530 F2: 0.5419511121423354

2021-04-25 22:16:21,530 ACC_overall: 0.9784692878625831

2021-04-25 22:16:21,530 IoU_poly: 0.4663383896870945

2021-04-25 22:16:21,530 IoU_bg: 0.9772643760150793

2021-04-25 22:16:21,530 IoU_mean: 0.7218013799616269

2021-04-25 22:16:21,530 ==============================
2021-04-25 22:16:21,530 

