2021-04-25 22:16:59,016 Epoch 0 	 Loss 0.7187457156705332
2021-04-25 22:17:32,884 Epoch 1 	 Loss 0.39974964876751323
2021-04-25 22:18:06,837 Epoch 2 	 Loss 0.2877418858991874
2021-04-25 22:18:40,814 Epoch 3 	 Loss 0.22007577088507976
2021-04-25 22:19:14,808 Epoch 4 	 Loss 0.18462614436725994
2021-04-25 22:19:48,825 Epoch 5 	 Loss 0.1540479328442406
2021-04-25 22:20:22,924 Epoch 6 	 Loss 0.14036669852314415
2021-04-25 22:20:56,967 Epoch 7 	 Loss 0.13119382812426642
2021-04-25 22:21:31,062 Epoch 8 	 Loss 0.11305712384509516
2021-04-25 22:22:05,128 Epoch 9 	 Loss 0.1010602138690896
2021-04-25 22:22:39,233 Epoch 10 	 Loss 0.09775980160786556
2021-04-25 22:23:13,313 Epoch 11 	 Loss 0.08979282061477284
2021-04-25 22:23:47,346 Epoch 12 	 Loss 0.08781729294703557
2021-04-25 22:24:21,337 Epoch 13 	 Loss 0.08270686332668577
2021-04-25 22:24:55,365 Epoch 14 	 Loss 0.07626973387304244
2021-04-25 22:25:29,415 Epoch 15 	 Loss 0.0733280598626032
2021-04-25 22:26:03,487 Epoch 16 	 Loss 0.09724532616334958
2021-04-25 22:26:37,568 Epoch 17 	 Loss 0.08269497048068833
2021-04-25 22:27:11,646 Epoch 18 	 Loss 0.0720885428753528
2021-04-25 22:27:45,715 Epoch 19 	 Loss 0.06535256903741386
2021-04-25 22:28:19,754 Epoch 20 	 Loss 0.062138924559394085
2021-04-25 22:28:53,805 Epoch 21 	 Loss 0.06028581263272317
2021-04-25 22:29:27,846 Epoch 22 	 Loss 0.05871426080773165
2021-04-25 22:30:01,868 Epoch 23 	 Loss 0.05660891741677955
2021-04-25 22:30:35,912 Epoch 24 	 Loss 0.05455821818047828
2021-04-25 22:31:09,984 Epoch 25 	 Loss 0.054143992836003775
2021-04-25 22:31:44,007 Epoch 26 	 Loss 0.054250393963449606
2021-04-25 22:32:18,001 Epoch 27 	 Loss 0.05280860063138899
2021-04-25 22:32:52,019 Epoch 28 	 Loss 0.051300441047974994
2021-04-25 22:33:26,081 Epoch 29 	 Loss 0.05037717783189082
2021-04-25 22:34:00,120 Epoch 30 	 Loss 0.049651594893945446
2021-04-25 22:34:34,125 Epoch 31 	 Loss 0.04916119403564013
2021-04-25 22:35:08,171 Epoch 32 	 Loss 0.04942545147387536
2021-04-25 22:35:42,216 Epoch 33 	 Loss 0.0489612857064048
2021-04-25 22:36:16,213 Epoch 34 	 Loss 0.047988468883456765
2021-04-25 22:36:50,248 Epoch 35 	 Loss 0.04760548247249572
2021-04-25 22:37:24,405 Epoch 36 	 Loss 0.04783977396213091
2021-04-25 22:37:58,459 Epoch 37 	 Loss 0.047490655802763425
2021-04-25 22:38:32,500 Epoch 38 	 Loss 0.046599288153779374
2021-04-25 22:39:06,501 Epoch 39 	 Loss 0.04550222311537344
2021-04-25 22:39:40,498 Epoch 40 	 Loss 0.04536396375560498
2021-04-25 22:40:14,613 Epoch 41 	 Loss 0.04490629497628946
2021-04-25 22:40:48,649 Epoch 42 	 Loss 0.04414016622435916
2021-04-25 22:41:22,720 Epoch 43 	 Loss 0.0437003615629542
2021-04-25 22:41:56,761 Epoch 44 	 Loss 0.043336699870261515
2021-04-25 22:42:30,782 Epoch 45 	 Loss 0.04331984260416293
2021-04-25 22:43:04,868 Epoch 46 	 Loss 0.04291096825029824
2021-04-25 22:43:38,965 Epoch 47 	 Loss 0.04244322174198025
2021-04-25 22:44:12,984 Epoch 48 	 Loss 0.042251214917216985
2021-04-25 22:44:47,029 Epoch 49 	 Loss 0.042144875891588544
2021-04-25 22:45:21,083 Epoch 50 	 Loss 0.042222817766142416
2021-04-25 22:45:55,083 Epoch 51 	 Loss 0.04218110982533339
2021-04-25 22:46:29,093 Epoch 52 	 Loss 0.04159762620270907
2021-04-25 22:47:03,102 Epoch 53 	 Loss 0.04115259119278782
2021-04-25 22:47:37,103 Epoch 54 	 Loss 0.04082592724116294
2021-04-25 22:48:11,145 Epoch 55 	 Loss 0.04045956843829417
2021-04-25 22:48:45,223 Epoch 56 	 Loss 0.0401995586497443
2021-04-25 22:49:19,278 Epoch 57 	 Loss 0.04001531598495913
2021-04-25 22:49:53,318 Epoch 58 	 Loss 0.039865628826421695
2021-04-25 22:50:27,394 Epoch 59 	 Loss 0.03989103031191197
2021-04-25 22:51:01,382 Epoch 60 	 Loss 0.039732145493502145
2021-04-25 22:51:35,406 Epoch 61 	 Loss 0.03958228521130897
2021-04-25 22:52:09,442 Epoch 62 	 Loss 0.03948117993198908
2021-04-25 22:52:43,509 Epoch 63 	 Loss 0.03942061354825785
2021-04-25 22:53:17,521 Epoch 64 	 Loss 0.03925580674639115
2021-04-25 22:53:51,576 Epoch 65 	 Loss 0.03897795551917055
2021-04-25 22:54:25,578 Epoch 66 	 Loss 0.03890115644905593
2021-04-25 22:54:59,601 Epoch 67 	 Loss 0.03871095225542456
2021-04-25 22:55:33,687 Epoch 68 	 Loss 0.038575442896766975
2021-04-25 22:56:07,734 Epoch 69 	 Loss 0.03854029863090305
2021-04-25 22:56:41,772 Epoch 70 	 Loss 0.038486284746246026
2021-04-25 22:57:15,751 Epoch 71 	 Loss 0.0384391868016222
2021-04-25 22:57:49,773 Epoch 72 	 Loss 0.03837387660866255
2021-04-25 22:58:23,789 Epoch 73 	 Loss 0.03830858508309165
2021-04-25 22:58:57,834 Epoch 74 	 Loss 0.038211373796502315
2021-04-25 22:59:31,849 Epoch 75 	 Loss 0.03810000812614357
2021-04-25 23:00:05,905 Epoch 76 	 Loss 0.0379586310668306
2021-04-25 23:00:39,940 Epoch 77 	 Loss 0.03793181032761113
2021-04-25 23:01:13,994 Epoch 78 	 Loss 0.03792447834224491
2021-04-25 23:01:48,077 Epoch 79 	 Loss 0.037865038142426984
2021-04-25 23:02:22,109 Epoch 80 	 Loss 0.03774111038380927
2021-04-25 23:02:56,124 Epoch 81 	 Loss 0.03775552701164078
2021-04-25 23:03:30,192 Epoch 82 	 Loss 0.037669779712354745
2021-04-25 23:04:04,225 Epoch 83 	 Loss 0.037630036514211485
2021-04-25 23:04:38,279 Epoch 84 	 Loss 0.03762682629646836
2021-04-25 23:05:12,354 Epoch 85 	 Loss 0.03755255804939584
2021-04-25 23:05:46,411 Epoch 86 	 Loss 0.03756459384829133
2021-04-25 23:06:20,444 Epoch 87 	 Loss 0.037516645554985316
2021-04-25 23:06:54,522 Epoch 88 	 Loss 0.03750623819919733
2021-04-25 23:07:28,626 Epoch 89 	 Loss 0.037436347864158864
2021-04-25 23:08:02,644 Epoch 90 	 Loss 0.03745111949987464
2021-04-25 23:08:36,683 Epoch 91 	 Loss 0.03742430342750235
2021-04-25 23:09:10,777 Epoch 92 	 Loss 0.03746207909924643
2021-04-25 23:09:44,792 Epoch 93 	 Loss 0.037394934180346166
2021-04-25 23:10:18,917 Epoch 94 	 Loss 0.037395886053423304
2021-04-25 23:10:52,961 Epoch 95 	 Loss 0.03743042133666657
2021-04-25 23:11:26,999 Epoch 96 	 Loss 0.03737045828621466
2021-04-25 23:12:01,005 Epoch 97 	 Loss 0.03740597176519069
2021-04-25 23:12:35,032 Epoch 98 	 Loss 0.037426722409960984
2021-04-25 23:13:09,080 Epoch 99 	 Loss 0.03741547358887536
2021-04-25 23:13:28,552 RESULT FOR DATASET CVC-300

2021-04-25 23:13:28,552 ==============================
2021-04-25 23:13:28,552 

2021-04-25 23:13:28,552 recall: 0.9259246282279492

2021-04-25 23:13:28,552 specificity: 0.9956381777922313

2021-04-25 23:13:28,552 precision: 0.87528982385993

2021-04-25 23:13:28,552 F1: 0.8850726306438446

2021-04-25 23:13:28,552 F2: 0.9044336333870888

2021-04-25 23:13:28,553 ACC_overall: 0.9925738662481308

2021-04-25 23:13:28,553 IoU_poly: 0.8150283607343832

2021-04-25 23:13:28,553 IoU_bg: 0.992210739850998

2021-04-25 23:13:28,553 IoU_mean: 0.9036195447047551

2021-04-25 23:13:28,553 ==============================
2021-04-25 23:13:28,553 

2021-04-25 23:13:45,378 RESULT FOR DATASET CVC-ClinicDB

2021-04-25 23:13:45,378 ==============================
2021-04-25 23:13:45,379 

2021-04-25 23:13:45,379 recall: 0.8702252285757793

2021-04-25 23:13:45,379 specificity: 0.994750686230198

2021-04-25 23:13:45,379 precision: 0.9110528769932927

2021-04-25 23:13:45,379 F1: 0.868646210294232

2021-04-25 23:13:45,379 F2: 0.868467120162677

2021-04-25 23:13:45,379 ACC_overall: 0.9839479740588896

2021-04-25 23:13:45,379 IoU_poly: 0.8098100124700596

2021-04-25 23:13:45,379 IoU_bg: 0.9817423887791172

2021-04-25 23:13:45,379 IoU_mean: 0.895776201640406

2021-04-25 23:13:45,379 ==============================
2021-04-25 23:13:45,379 

2021-04-25 23:14:16,840 RESULT FOR DATASET Kvasir

2021-04-25 23:14:16,840 ==============================
2021-04-25 23:14:16,840 

2021-04-25 23:14:16,840 recall: 0.8727480806852691

2021-04-25 23:14:16,841 specificity: 0.9831218343973159

2021-04-25 23:14:16,841 precision: 0.8990437526255846

2021-04-25 23:14:16,841 F1: 0.862293925206177

2021-04-25 23:14:16,841 F2: 0.8599680444179103

2021-04-25 23:14:16,841 ACC_overall: 0.9586064040660858

2021-04-25 23:14:16,841 IoU_poly: 0.7948084852378815

2021-04-25 23:14:16,841 IoU_bg: 0.949378347992897

2021-04-25 23:14:16,841 IoU_mean: 0.8720934164524078

2021-04-25 23:14:16,841 ==============================
2021-04-25 23:14:16,841 

2021-04-25 23:16:13,843 RESULT FOR DATASET CVC-ColonDB

2021-04-25 23:16:13,843 ==============================
2021-04-25 23:16:13,844 

2021-04-25 23:16:13,844 recall: 0.6638787674270493

2021-04-25 23:16:13,844 specificity: 0.9946480362038863

2021-04-25 23:16:13,844 precision: 0.8719752271032887

2021-04-25 23:16:13,844 F1: 0.6692857436524049

2021-04-25 23:16:13,844 F2: 0.6609154734899556

2021-04-25 23:16:13,844 ACC_overall: 0.9547397589212969

2021-04-25 23:16:13,844 IoU_poly: 0.5890598404733569

2021-04-25 23:16:13,844 IoU_bg: 0.9531190637695162

2021-04-25 23:16:13,844 IoU_mean: 0.7710894503483646

2021-04-25 23:16:13,844 ==============================
2021-04-25 23:16:13,844 

2021-04-25 23:17:38,362 RESULT FOR DATASET ETIS-LaribPolypDB

2021-04-25 23:17:38,363 ==============================
2021-04-25 23:17:38,363 

2021-04-25 23:17:38,363 recall: 0.6040532080792682

2021-04-25 23:17:38,363 specificity: 0.9893861872201063

2021-04-25 23:17:38,363 precision: 0.7341539537386482

2021-04-25 23:17:38,363 F1: 0.5602680541835293

2021-04-25 23:17:38,363 F2: 0.57811124056279

2021-04-25 23:17:38,363 ACC_overall: 0.9780245073595826

2021-04-25 23:17:38,363 IoU_poly: 0.4856655987230309

2021-04-25 23:17:38,363 IoU_bg: 0.976795988727589

2021-04-25 23:17:38,363 IoU_mean: 0.7312307926465054

2021-04-25 23:17:38,363 ==============================
2021-04-25 23:17:38,363 

