2021-04-26 23:01:10,317 Epoch 0 	 Loss 0.6957435431061211
2021-04-26 23:01:43,651 Epoch 1 	 Loss 0.35279556732256334
2021-04-26 23:02:16,973 Epoch 2 	 Loss 0.2645382109906647
2021-04-26 23:02:50,411 Epoch 3 	 Loss 0.21601016115356278
2021-04-26 23:03:23,861 Epoch 4 	 Loss 0.18701326503203466
2021-04-26 23:03:57,360 Epoch 5 	 Loss 0.16276947744600065
2021-04-26 23:04:30,832 Epoch 6 	 Loss 0.14828049473382615
2021-04-26 23:05:04,300 Epoch 7 	 Loss 0.13481955631421164
2021-04-26 23:05:37,773 Epoch 8 	 Loss 0.12544311026295463
2021-04-26 23:06:11,234 Epoch 9 	 Loss 0.11569033456700188
2021-04-26 23:06:44,759 Epoch 10 	 Loss 0.11078589327715255
2021-04-26 23:07:18,243 Epoch 11 	 Loss 0.10317265692647996
2021-04-26 23:07:51,657 Epoch 12 	 Loss 0.09501842695933121
2021-04-26 23:08:25,183 Epoch 13 	 Loss 0.08773260637299045
2021-04-26 23:08:58,727 Epoch 14 	 Loss 0.08445069635962392
2021-04-26 23:09:32,254 Epoch 15 	 Loss 0.08155042661742849
2021-04-26 23:10:05,781 Epoch 16 	 Loss 0.07847895309492782
2021-04-26 23:10:39,323 Epoch 17 	 Loss 0.07416361181454344
2021-04-26 23:11:12,853 Epoch 18 	 Loss 0.0720217515724701
2021-04-26 23:11:46,416 Epoch 19 	 Loss 0.06906036500419889
2021-04-26 23:12:19,913 Epoch 20 	 Loss 0.0672152292924923
2021-04-26 23:12:53,432 Epoch 21 	 Loss 0.06576319497365218
2021-04-26 23:13:26,994 Epoch 22 	 Loss 0.06470057638464394
2021-04-26 23:14:00,484 Epoch 23 	 Loss 0.0620402828841419
2021-04-26 23:14:33,967 Epoch 24 	 Loss 0.06070542552477711
2021-04-26 23:15:07,435 Epoch 25 	 Loss 0.058314573510990036
2021-04-26 23:15:40,897 Epoch 26 	 Loss 0.05721753651460448
2021-04-26 23:16:14,393 Epoch 27 	 Loss 0.05679569155960293
2021-04-26 23:16:47,865 Epoch 28 	 Loss 0.05617447058250616
2021-04-26 23:17:21,359 Epoch 29 	 Loss 0.05514598257102809
2021-04-26 23:17:54,856 Epoch 30 	 Loss 0.05393371550918936
2021-04-26 23:18:28,346 Epoch 31 	 Loss 0.05326433492067096
2021-04-26 23:19:01,817 Epoch 32 	 Loss 0.05192121613647912
2021-04-26 23:19:35,322 Epoch 33 	 Loss 0.05031957997234313
2021-04-26 23:20:08,821 Epoch 34 	 Loss 0.04968249474416722
2021-04-26 23:20:42,305 Epoch 35 	 Loss 0.049299333981432755
2021-04-26 23:21:15,794 Epoch 36 	 Loss 0.04850095702887892
2021-04-26 23:21:49,281 Epoch 37 	 Loss 0.11309080091970307
2021-04-26 23:22:22,790 Epoch 38 	 Loss 0.10856701106160552
2021-04-26 23:22:56,296 Epoch 39 	 Loss 0.08069404173683334
2021-04-26 23:23:29,833 Epoch 40 	 Loss 0.06476560533865468
2021-04-26 23:24:03,360 Epoch 41 	 Loss 0.055565568403555796
2021-04-26 23:24:36,933 Epoch 42 	 Loss 0.050610286807948414
2021-04-26 23:25:10,407 Epoch 43 	 Loss 0.04809019997060954
2021-04-26 23:25:43,940 Epoch 44 	 Loss 0.046704051872858636
2021-04-26 23:26:17,476 Epoch 45 	 Loss 0.046178886810174354
2021-04-26 23:26:50,955 Epoch 46 	 Loss 0.04582883339825567
2021-04-26 23:27:24,445 Epoch 47 	 Loss 0.04507448311362948
2021-04-26 23:27:57,885 Epoch 48 	 Loss 0.044702550826164394
2021-04-26 23:28:31,353 Epoch 49 	 Loss 0.044283275584598165
2021-04-26 23:29:04,765 Epoch 50 	 Loss 0.044061058948000706
2021-04-26 23:29:38,271 Epoch 51 	 Loss 0.0453179721403253
2021-04-26 23:30:11,789 Epoch 52 	 Loss 0.04416474614005823
2021-04-26 23:30:45,302 Epoch 53 	 Loss 0.04336909122846939
2021-04-26 23:31:18,771 Epoch 54 	 Loss 0.04284479555029135
2021-04-26 23:31:52,269 Epoch 55 	 Loss 0.04290064113153206
2021-04-26 23:32:25,732 Epoch 56 	 Loss 0.04249313772543446
2021-04-26 23:32:59,255 Epoch 57 	 Loss 0.04198692935508686
2021-04-26 23:33:32,693 Epoch 58 	 Loss 0.0417872113431548
2021-04-26 23:34:06,175 Epoch 59 	 Loss 0.041493330764901505
2021-04-26 23:34:39,664 Epoch 60 	 Loss 0.0414721276815776
2021-04-26 23:35:13,168 Epoch 61 	 Loss 0.041350386422741546
2021-04-26 23:35:46,657 Epoch 62 	 Loss 0.041130191226909446
2021-04-26 23:36:20,169 Epoch 63 	 Loss 0.04103413613124208
2021-04-26 23:36:53,647 Epoch 64 	 Loss 0.0407577246263787
2021-04-26 23:37:27,141 Epoch 65 	 Loss 0.04080228237332879
2021-04-26 23:38:00,597 Epoch 66 	 Loss 0.04057986502136503
2021-04-26 23:38:34,117 Epoch 67 	 Loss 0.04036659608175466
2021-04-26 23:39:07,589 Epoch 68 	 Loss 0.04024352415741145
2021-04-26 23:39:41,121 Epoch 69 	 Loss 0.04018221615435003
2021-04-26 23:40:14,679 Epoch 70 	 Loss 0.04000495967792941
2021-04-26 23:40:48,201 Epoch 71 	 Loss 0.03976971651990335
2021-04-26 23:41:21,689 Epoch 72 	 Loss 0.03962875214906839
2021-04-26 23:41:55,185 Epoch 73 	 Loss 0.039539882442453406
2021-04-26 23:42:28,720 Epoch 74 	 Loss 0.039533508429815484
2021-04-26 23:43:02,207 Epoch 75 	 Loss 0.03939518226044519
2021-04-26 23:43:35,708 Epoch 76 	 Loss 0.03930563729379203
2021-04-26 23:44:09,247 Epoch 77 	 Loss 0.03930875499333654
2021-04-26 23:44:42,790 Epoch 78 	 Loss 0.03915288851975084
2021-04-26 23:45:16,329 Epoch 79 	 Loss 0.03914707723063427
2021-04-26 23:45:49,786 Epoch 80 	 Loss 0.03898278877630339
2021-04-26 23:46:23,281 Epoch 81 	 Loss 0.038968241394876126
2021-04-26 23:46:56,805 Epoch 82 	 Loss 0.03897068866497868
2021-04-26 23:47:30,310 Epoch 83 	 Loss 0.038812836284165854
2021-04-26 23:48:03,761 Epoch 84 	 Loss 0.03893438914974967
2021-04-26 23:48:37,236 Epoch 85 	 Loss 0.03879434484374392
2021-04-26 23:49:10,737 Epoch 86 	 Loss 0.03878574699654684
2021-04-26 23:49:44,255 Epoch 87 	 Loss 0.03870340043699348
2021-04-26 23:50:17,842 Epoch 88 	 Loss 0.03872675727029423
2021-04-26 23:50:51,343 Epoch 89 	 Loss 0.03864472019639644
2021-04-26 23:51:24,888 Epoch 90 	 Loss 0.038591096116291294
2021-04-26 23:51:58,409 Epoch 91 	 Loss 0.03859327618892376
2021-04-26 23:52:31,855 Epoch 92 	 Loss 0.03862109117128037
2021-04-26 23:53:05,393 Epoch 93 	 Loss 0.03851709572168497
2021-04-26 23:53:38,990 Epoch 94 	 Loss 0.03862251668840974
2021-04-26 23:54:12,491 Epoch 95 	 Loss 0.03853673148122463
2021-04-26 23:54:45,972 Epoch 96 	 Loss 0.03850677032228354
2021-04-26 23:55:19,483 Epoch 97 	 Loss 0.03850536727970773
2021-04-26 23:55:52,950 Epoch 98 	 Loss 0.03854594981441131
2021-04-26 23:56:26,446 Epoch 99 	 Loss 0.03853516632711494
2021-04-26 23:56:46,340 RESULT FOR DATASET CVC-300

2021-04-26 23:56:46,341 ==============================
2021-04-26 23:56:46,341 

2021-04-26 23:56:46,341 recall: 0.9174965888261795

2021-04-26 23:56:46,341 specificity: 0.9953192373116811

2021-04-26 23:56:46,341 precision: 0.87518463631471

2021-04-26 23:56:46,341 F1: 0.8760994902714931

2021-04-26 23:56:46,341 F2: 0.8983079326940545

2021-04-26 23:56:46,341 ACC_overall: 0.993482752641042

2021-04-26 23:56:46,341 IoU_poly: 0.8102763018260399

2021-04-26 23:56:46,341 IoU_bg: 0.9932425936063131

2021-04-26 23:56:46,341 IoU_mean: 0.9017594501376152

2021-04-26 23:56:46,341 ==============================
2021-04-26 23:56:46,341 

2021-04-26 23:57:03,093 RESULT FOR DATASET CVC-ClinicDB

2021-04-26 23:57:03,093 ==============================
2021-04-26 23:57:03,093 

2021-04-26 23:57:03,093 recall: 0.8726973913515159

2021-04-26 23:57:03,093 specificity: 0.9961259653491359

2021-04-26 23:57:03,093 precision: 0.9099141981287469

2021-04-26 23:57:03,093 F1: 0.8688583997305438

2021-04-26 23:57:03,093 F2: 0.87031028210561

2021-04-26 23:57:03,093 ACC_overall: 0.9856762126568825

2021-04-26 23:57:03,093 IoU_poly: 0.8210293206835969

2021-04-26 23:57:03,093 IoU_bg: 0.9843313376749715

2021-04-26 23:57:03,093 IoU_mean: 0.9026803273347116

2021-04-26 23:57:03,093 ==============================
2021-04-26 23:57:03,093 

2021-04-26 23:57:34,564 RESULT FOR DATASET Kvasir

2021-04-26 23:57:34,565 ==============================
2021-04-26 23:57:34,565 

2021-04-26 23:57:34,565 recall: 0.8716053183324403

2021-04-26 23:57:34,565 specificity: 0.9891007006168365

2021-04-26 23:57:34,565 precision: 0.9194728835870046

2021-04-26 23:57:34,565 F1: 0.8712550401489716

2021-04-26 23:57:34,565 F2: 0.8648732427229697

2021-04-26 23:57:34,565 ACC_overall: 0.9658377814292908

2021-04-26 23:57:34,565 IoU_poly: 0.8106899637867173

2021-04-26 23:57:34,565 IoU_bg: 0.9577642464637757

2021-04-26 23:57:34,565 IoU_mean: 0.8842271080613137

2021-04-26 23:57:34,565 ==============================
2021-04-26 23:57:34,565 

2021-04-26 23:59:34,719 RESULT FOR DATASET CVC-ColonDB

2021-04-26 23:59:34,719 ==============================
2021-04-26 23:59:34,719 

2021-04-26 23:59:34,719 recall: 0.6576338674044265

2021-04-26 23:59:34,719 specificity: 0.9954507786976664

2021-04-26 23:59:34,719 precision: 0.8884890135445235

2021-04-26 23:59:34,719 F1: 0.6618093422442981

2021-04-26 23:59:34,719 F2: 0.6544572372090359

2021-04-26 23:59:34,719 ACC_overall: 0.956081669189428

2021-04-26 23:59:34,720 IoU_poly: 0.5887562870396981

2021-04-26 23:59:34,720 IoU_bg: 0.9546750886659873

2021-04-26 23:59:34,720 IoU_mean: 0.7717156905876963

2021-04-26 23:59:34,720 ==============================
2021-04-26 23:59:34,720 

2021-04-27 00:00:59,523 RESULT FOR DATASET ETIS-LaribPolypDB

2021-04-27 00:00:59,523 ==============================
2021-04-27 00:00:59,523 

2021-04-27 00:00:59,523 recall: 0.6030334181098355

2021-04-27 00:00:59,523 specificity: 0.9934529698624903

2021-04-27 00:00:59,523 precision: 0.804684002311855

2021-04-27 00:00:59,523 F1: 0.5809244733367246

2021-04-27 00:00:59,523 F2: 0.590803401697012

2021-04-27 00:00:59,523 ACC_overall: 0.9829377045436781

2021-04-27 00:00:59,523 IoU_poly: 0.5166849894155664

2021-04-27 00:00:59,523 IoU_bg: 0.9819415771231359

2021-04-27 00:00:59,523 IoU_mean: 0.7493132853082248

2021-04-27 00:00:59,524 ==============================
2021-04-27 00:00:59,524 

