2021-05-13 19:42:26,540 RESULT FOR DATASET CVC-300

2021-05-13 19:42:26,540 ==============================
2021-05-13 19:42:26,540 

2021-05-13 19:42:26,540 recall: 0.9647694210211436

2021-05-13 19:42:26,540 specificity: 0.9912481715281805

2021-05-13 19:42:26,540 precision: 0.8333302278071641

2021-05-13 19:42:26,540 F1: 0.8730038128793239

2021-05-13 19:42:26,540 F2: 0.9105548992753029

2021-05-13 19:42:26,540 ACC_overall: 0.9903216650088628

2021-05-13 19:42:26,540 IoU_poly: 0.8070933914432923

2021-05-13 19:42:26,540 IoU_bg: 0.9900099287430445

2021-05-13 19:42:26,540 IoU_mean: 0.8985516577959061

2021-05-13 19:42:26,540 ==============================
2021-05-13 19:42:26,541 

2021-05-13 19:42:41,496 RESULT FOR DATASET CVC-ClinicDB

2021-05-13 19:42:41,496 ==============================
2021-05-13 19:42:41,496 

2021-05-13 19:42:41,496 recall: 0.9307227605773557

2021-05-13 19:42:41,496 specificity: 0.9946602746363609

2021-05-13 19:42:41,496 precision: 0.890375612262306

2021-05-13 19:42:41,496 F1: 0.8989146382119807

2021-05-13 19:42:41,496 F2: 0.9115351742347552

2021-05-13 19:42:41,496 ACC_overall: 0.9871748868496187

2021-05-13 19:42:41,496 IoU_poly: 0.8470775632125761

2021-05-13 19:42:41,496 IoU_bg: 0.9855653384039479

2021-05-13 19:42:41,496 IoU_mean: 0.9163214540289294

2021-05-13 19:42:41,496 ==============================
2021-05-13 19:42:41,496 

2021-05-13 19:43:10,279 RESULT FOR DATASET Kvasir

2021-05-13 19:43:10,279 ==============================
2021-05-13 19:43:10,279 

2021-05-13 19:43:10,279 recall: 0.905880811214447

2021-05-13 19:43:10,279 specificity: 0.9920688509941101

2021-05-13 19:43:10,279 precision: 0.9419612595438958

2021-05-13 19:43:10,279 F1: 0.9122541689872742

2021-05-13 19:43:10,279 F2: 0.9060834953188897

2021-05-13 19:43:10,280 ACC_overall: 0.9747102373838424

2021-05-13 19:43:10,280 IoU_poly: 0.8599329781532288

2021-05-13 19:43:10,280 IoU_bg: 0.96783675968647

2021-05-13 19:43:10,280 IoU_mean: 0.9138848656415939

2021-05-13 19:43:10,280 ==============================
2021-05-13 19:43:10,280 

2021-05-13 19:44:59,618 RESULT FOR DATASET CVC-ColonDB

2021-05-13 19:44:59,618 ==============================
2021-05-13 19:44:59,618 

2021-05-13 19:44:59,618 recall: 0.8326931965404679

2021-05-13 19:44:59,618 specificity: 0.9878442449005027

2021-05-13 19:44:59,618 precision: 0.8185774435928244

2021-05-13 19:44:59,618 F1: 0.783282379191587

2021-05-13 19:44:59,619 F2: 0.798307959810142

2021-05-13 19:44:59,619 ACC_overall: 0.9632835119178421

2021-05-13 19:44:59,619 IoU_poly: 0.703914683975228

2021-05-13 19:44:59,619 IoU_bg: 0.9607196170248483

2021-05-13 19:44:59,619 IoU_mean: 0.8323171490901395

2021-05-13 19:44:59,619 ==============================
2021-05-13 19:44:59,619 

2021-05-13 19:46:19,137 RESULT FOR DATASET ETIS-LaribPolypDB

2021-05-13 19:46:19,137 ==============================
2021-05-13 19:46:19,137 

2021-05-13 19:46:19,137 recall: 0.8849695289594894

2021-05-13 19:46:19,137 specificity: 0.9852154169763837

2021-05-13 19:46:19,137 precision: 0.7227826801124546

2021-05-13 19:46:19,137 F1: 0.7615005350677463

2021-05-13 19:46:19,137 F2: 0.8151812320371131

2021-05-13 19:46:19,137 ACC_overall: 0.9836813731461155

2021-05-13 19:46:19,137 IoU_poly: 0.6754731893048042

2021-05-13 19:46:19,137 IoU_bg: 0.982854421345555

2021-05-13 19:46:19,137 IoU_mean: 0.8291638052585174

2021-05-13 19:46:19,137 ==============================
2021-05-13 19:46:19,137 

