2021-05-13 19:38:12,371 RESULT FOR DATASET CVC-300

2021-05-13 19:38:12,371 ==============================
2021-05-13 19:38:12,371 

2021-05-13 19:38:12,371 recall: 0.9492218070650172

2021-05-13 19:38:12,371 specificity: 0.9901712715625763

2021-05-13 19:38:12,371 precision: 0.8202161911254128

2021-05-13 19:38:12,371 F1: 0.8465665539821202

2021-05-13 19:38:12,371 F2: 0.8854543051528405

2021-05-13 19:38:12,371 ACC_overall: 0.9886110911766688

2021-05-13 19:38:12,371 IoU_poly: 0.7808034779801043

2021-05-13 19:38:12,371 IoU_bg: 0.9883281270662944

2021-05-13 19:38:12,371 IoU_mean: 0.8845657989382744

2021-05-13 19:38:12,371 ==============================
2021-05-13 19:38:12,371 

2021-05-13 19:38:27,234 RESULT FOR DATASET CVC-ClinicDB

2021-05-13 19:38:27,234 ==============================
2021-05-13 19:38:27,234 

2021-05-13 19:38:27,234 recall: 0.9261366706679485

2021-05-13 19:38:27,234 specificity: 0.9944061435038044

2021-05-13 19:38:27,234 precision: 0.897569746980744

2021-05-13 19:38:27,234 F1: 0.8917177012809853

2021-05-13 19:38:27,234 F2: 0.9052660742853468

2021-05-13 19:38:27,234 ACC_overall: 0.9884508675144564

2021-05-13 19:38:27,234 IoU_poly: 0.843564337874282

2021-05-13 19:38:27,234 IoU_bg: 0.9866642567419237

2021-05-13 19:38:27,234 IoU_mean: 0.9151142970208199

2021-05-13 19:38:27,234 ==============================
2021-05-13 19:38:27,234 

2021-05-13 19:38:55,731 RESULT FOR DATASET Kvasir

2021-05-13 19:38:55,731 ==============================
2021-05-13 19:38:55,731 

2021-05-13 19:38:55,731 recall: 0.915167828053236

2021-05-13 19:38:55,731 specificity: 0.9893033975362777

2021-05-13 19:38:55,731 precision: 0.9332026052474975

2021-05-13 19:38:55,731 F1: 0.9131944617629051

2021-05-13 19:38:55,731 F2: 0.911155758202076

2021-05-13 19:38:55,731 ACC_overall: 0.9761045289039612

2021-05-13 19:38:55,731 IoU_poly: 0.8600187705457211

2021-05-13 19:38:55,731 IoU_bg: 0.9691116881370544

2021-05-13 19:38:55,731 IoU_mean: 0.9145652282238007

2021-05-13 19:38:55,731 ==============================
2021-05-13 19:38:55,731 

2021-05-13 19:40:44,434 RESULT FOR DATASET CVC-ColonDB

2021-05-13 19:40:44,435 ==============================
2021-05-13 19:40:44,435 

2021-05-13 19:40:44,435 recall: 0.8284376026758381

2021-05-13 19:40:44,435 specificity: 0.9876216010043496

2021-05-13 19:40:44,435 precision: 0.8096331182236004

2021-05-13 19:40:44,435 F1: 0.7697263628759939

2021-05-13 19:40:44,435 F2: 0.786122232100498

2021-05-13 19:40:44,435 ACC_overall: 0.9616092775997362

2021-05-13 19:40:44,435 IoU_poly: 0.6921121462270238

2021-05-13 19:40:44,435 IoU_bg: 0.9593210696389801

2021-05-13 19:40:44,435 IoU_mean: 0.8257166051550915

2021-05-13 19:40:44,435 ==============================
2021-05-13 19:40:44,435 

2021-05-13 19:42:03,982 RESULT FOR DATASET ETIS-LaribPolypDB

2021-05-13 19:42:03,982 ==============================
2021-05-13 19:42:03,982 

2021-05-13 19:42:03,982 recall: 0.8472611614720336

2021-05-13 19:42:03,982 specificity: 0.9855556795183493

2021-05-13 19:42:03,982 precision: 0.7018970420080157

2021-05-13 19:42:03,982 F1: 0.7386429135503374

2021-05-13 19:42:03,982 F2: 0.7881594734416634

2021-05-13 19:42:03,982 ACC_overall: 0.9830707381574475

2021-05-13 19:42:03,982 IoU_poly: 0.6524435137751922

2021-05-13 19:42:03,982 IoU_bg: 0.9822600407868015

2021-05-13 19:42:03,982 IoU_mean: 0.8173517773346025

2021-05-13 19:42:03,982 ==============================
2021-05-13 19:42:03,982 

