2021-05-13 19:33:59,486 RESULT FOR DATASET CVC-300

2021-05-13 19:33:59,486 ==============================
2021-05-13 19:33:59,487 

2021-05-13 19:33:59,487 recall: 0.9627334684133529

2021-05-13 19:33:59,487 specificity: 0.9855964491764705

2021-05-13 19:33:59,487 precision: 0.7637330641349157

2021-05-13 19:33:59,487 F1: 0.8255755797028541

2021-05-13 19:33:59,487 F2: 0.8820683439572652

2021-05-13 19:33:59,487 ACC_overall: 0.9848009278376897

2021-05-13 19:33:59,487 IoU_poly: 0.743419311568141

2021-05-13 19:33:59,487 IoU_bg: 0.9843094259500503

2021-05-13 19:33:59,487 IoU_mean: 0.8638643672068914

2021-05-13 19:33:59,487 ==============================
2021-05-13 19:33:59,487 

2021-05-13 19:34:14,294 RESULT FOR DATASET CVC-ClinicDB

2021-05-13 19:34:14,295 ==============================
2021-05-13 19:34:14,295 

2021-05-13 19:34:14,295 recall: 0.9401760399341583

2021-05-13 19:34:14,295 specificity: 0.9939031773997892

2021-05-13 19:34:14,295 precision: 0.897452749852692

2021-05-13 19:34:14,295 F1: 0.9083572724653829

2021-05-13 19:34:14,295 F2: 0.9214189599358267

2021-05-13 19:34:14,295 ACC_overall: 0.989091113690407

2021-05-13 19:34:14,295 IoU_poly: 0.8562766434925217

2021-05-13 19:34:14,295 IoU_bg: 0.9872427755786527

2021-05-13 19:34:14,295 IoU_mean: 0.9217597082737954

2021-05-13 19:34:14,295 ==============================
2021-05-13 19:34:14,295 

2021-05-13 19:34:42,777 RESULT FOR DATASET Kvasir

2021-05-13 19:34:42,777 ==============================
2021-05-13 19:34:42,777 

2021-05-13 19:34:42,777 recall: 0.9156105771660805

2021-05-13 19:34:42,777 specificity: 0.9902910023927689

2021-05-13 19:34:42,777 precision: 0.9328163367509842

2021-05-13 19:34:42,777 F1: 0.9143043449521064

2021-05-13 19:34:42,777 F2: 0.9121186134219169

2021-05-13 19:34:42,777 ACC_overall: 0.9756909823417663

2021-05-13 19:34:42,777 IoU_poly: 0.8624423716962337

2021-05-13 19:34:42,777 IoU_bg: 0.9681938618421555

2021-05-13 19:34:42,777 IoU_mean: 0.9153181117773056

2021-05-13 19:34:42,777 ==============================
2021-05-13 19:34:42,778 

2021-05-13 19:36:30,957 RESULT FOR DATASET CVC-ColonDB

2021-05-13 19:36:30,957 ==============================
2021-05-13 19:36:30,957 

2021-05-13 19:36:30,957 recall: 0.8219117816304333

2021-05-13 19:36:30,957 specificity: 0.9867283996782805

2021-05-13 19:36:30,957 precision: 0.7889818260406556

2021-05-13 19:36:30,958 F1: 0.7650658830423038

2021-05-13 19:36:30,958 F2: 0.7830793078051029

2021-05-13 19:36:30,958 ACC_overall: 0.9619871577149943

2021-05-13 19:36:30,958 IoU_poly: 0.6860995824238504

2021-05-13 19:36:30,958 IoU_bg: 0.9592839659044617

2021-05-13 19:36:30,958 IoU_mean: 0.8226917737408688

2021-05-13 19:36:30,958 ==============================
2021-05-13 19:36:30,958 

2021-05-13 19:37:50,317 RESULT FOR DATASET ETIS-LaribPolypDB

2021-05-13 19:37:50,318 ==============================
2021-05-13 19:37:50,318 

2021-05-13 19:37:50,318 recall: 0.878311185643446

2021-05-13 19:37:50,318 specificity: 0.9809218143322029

2021-05-13 19:37:50,318 precision: 0.6707218474985355

2021-05-13 19:37:50,318 F1: 0.7334027592128223

2021-05-13 19:37:50,318 F2: 0.7975757059574214

2021-05-13 19:37:50,318 ACC_overall: 0.9799181228997756

2021-05-13 19:37:50,318 IoU_poly: 0.6416733160552686

2021-05-13 19:37:50,318 IoU_bg: 0.9788592141501757

2021-05-13 19:37:50,318 IoU_mean: 0.8102662634788728

2021-05-13 19:37:50,318 ==============================
2021-05-13 19:37:50,318 

