2021-05-23 23:49:42,407 Epoch 0 	 Loss 0.7060823263702812
2021-05-23 23:50:56,839 Epoch 1 	 Loss 0.48075629885380083
2021-05-23 23:52:11,341 Epoch 2 	 Loss 0.4317942610481283
2021-05-23 23:53:25,665 Epoch 3 	 Loss 0.40576483882390535
2021-05-23 23:54:45,862 Epoch 4 	 Loss 0.3683333717859708
2021-05-23 23:56:06,498 Epoch 5 	 Loss 0.3462980628668607
2021-05-23 23:57:27,160 Epoch 6 	 Loss 0.3383495419562518
2021-05-23 23:58:48,297 Epoch 7 	 Loss 0.32875132642604493
2021-05-24 00:00:09,613 Epoch 8 	 Loss 0.31609828491787334
2021-05-24 00:01:29,896 Epoch 9 	 Loss 0.3102173592363085
2021-05-24 00:02:50,931 Epoch 10 	 Loss 0.29974997354732763
2021-05-24 00:04:12,378 Epoch 11 	 Loss 0.29191343568183564
2021-05-24 00:05:33,288 Epoch 12 	 Loss 0.2838521753693675
2021-05-24 00:06:54,211 Epoch 13 	 Loss 0.2800075516595945
2021-05-24 00:08:16,142 Epoch 14 	 Loss 0.2689052135734768
2021-05-24 00:09:37,595 Epoch 15 	 Loss 0.2711747576902201
2021-05-24 00:10:58,106 Epoch 16 	 Loss 0.2664083068842416
2021-05-24 00:12:19,654 Epoch 17 	 Loss 0.25258028212484424
2021-05-24 00:13:41,253 Epoch 18 	 Loss 0.25904266094113443
2021-05-24 00:15:01,880 Epoch 19 	 Loss 0.2532453771148409
2021-05-24 00:16:22,592 Epoch 20 	 Loss 0.24911717284511734
2021-05-24 00:17:44,129 Epoch 21 	 Loss 0.2451109270473103
2021-05-24 00:19:05,231 Epoch 22 	 Loss 0.23813193299613156
2021-05-24 00:20:26,431 Epoch 23 	 Loss 0.23440401190584834
2021-05-24 00:21:47,479 Epoch 24 	 Loss 0.23462832776399759
2021-05-24 00:23:08,478 Epoch 25 	 Loss 0.23001311735792473
2021-05-24 00:24:29,213 Epoch 26 	 Loss 0.24297731590794994
2021-05-24 00:25:50,118 Epoch 27 	 Loss 0.23637557848469243
2021-05-24 00:27:11,121 Epoch 28 	 Loss 0.2268416784949355
2021-05-24 00:28:31,390 Epoch 29 	 Loss 0.2238356957396308
2021-05-24 00:29:52,517 Epoch 30 	 Loss 0.2283174963770332
2021-05-24 00:31:10,094 Epoch 31 	 Loss 0.21903312124393798
2021-05-24 00:32:22,929 Epoch 32 	 Loss 0.2187351502559997
2021-05-24 00:33:35,627 Epoch 33 	 Loss 0.21551617619755503
2021-05-24 00:34:48,416 Epoch 34 	 Loss 0.2060242011979386
2021-05-24 00:36:01,239 Epoch 35 	 Loss 0.20876642406641782
2021-05-24 00:37:14,014 Epoch 36 	 Loss 0.19977364042303064
2021-05-24 00:38:26,796 Epoch 37 	 Loss 0.2046197880427916
2021-05-24 00:39:39,623 Epoch 38 	 Loss 0.20915470853611662
2021-05-24 00:40:52,416 Epoch 39 	 Loss 0.20113210920449143
2021-05-24 00:42:05,326 Epoch 40 	 Loss 0.1950641094328283
2021-05-24 00:43:18,228 Epoch 41 	 Loss 0.19652470586064097
2021-05-24 00:44:30,923 Epoch 42 	 Loss 0.19814723091466085
2021-05-24 00:45:43,742 Epoch 43 	 Loss 0.19210732523556595
2021-05-24 00:46:56,541 Epoch 44 	 Loss 0.19493265302626642
2021-05-24 00:48:09,293 Epoch 45 	 Loss 0.19524546737199303
2021-05-24 00:49:22,130 Epoch 46 	 Loss 0.18518854464803422
2021-05-24 00:50:34,975 Epoch 47 	 Loss 0.18814006038419492
2021-05-24 00:51:47,848 Epoch 48 	 Loss 0.18221919402316378
2021-05-24 00:53:00,607 Epoch 49 	 Loss 0.18411178412018242
2021-05-24 00:54:13,338 Epoch 50 	 Loss 0.18122575325625284
2021-05-24 00:55:26,200 Epoch 51 	 Loss 0.17894141736266378
2021-05-24 00:56:38,985 Epoch 52 	 Loss 0.17868083813688257
2021-05-24 00:57:51,726 Epoch 53 	 Loss 0.17597335069389133
2021-05-24 00:59:04,532 Epoch 54 	 Loss 0.17577661885010018
2021-05-24 01:00:17,272 Epoch 55 	 Loss 0.1722386543239866
2021-05-24 01:01:30,136 Epoch 56 	 Loss 0.17410270607733463
2021-05-24 01:02:42,842 Epoch 57 	 Loss 0.17088745157797258
2021-05-24 01:03:55,702 Epoch 58 	 Loss 0.1677096345267453
2021-05-24 01:05:08,558 Epoch 59 	 Loss 0.1684499687545902
2021-05-24 01:06:21,332 Epoch 60 	 Loss 0.16689452135955896
2021-05-24 01:07:34,087 Epoch 61 	 Loss 0.16309337154194548
2021-05-24 01:08:46,862 Epoch 62 	 Loss 0.16641713441400738
2021-05-24 01:09:59,554 Epoch 63 	 Loss 0.16512996891697684
2021-05-24 01:11:12,451 Epoch 64 	 Loss 0.16203472010054432
2021-05-24 01:12:25,202 Epoch 65 	 Loss 0.15936786714163456
2021-05-24 01:13:38,018 Epoch 66 	 Loss 0.1607432254886889
2021-05-24 01:14:50,865 Epoch 67 	 Loss 0.15568924073007082
2021-05-24 01:16:03,718 Epoch 68 	 Loss 0.15560683878241005
2021-05-24 01:17:16,422 Epoch 69 	 Loss 0.15905029400364384
2021-05-24 01:18:29,121 Epoch 70 	 Loss 0.16123396452966626
2021-05-24 01:19:41,894 Epoch 71 	 Loss 0.15330430676976403
2021-05-24 01:20:54,681 Epoch 72 	 Loss 0.15362572997480958
2021-05-24 01:22:07,449 Epoch 73 	 Loss 0.1535328276209779
2021-05-24 01:23:20,205 Epoch 74 	 Loss 0.15332475476540053
2021-05-24 01:24:32,905 Epoch 75 	 Loss 0.15273819569047992
2021-05-24 01:25:45,668 Epoch 76 	 Loss 0.151205263704389
2021-05-24 01:26:58,391 Epoch 77 	 Loss 0.1494421272814929
2021-05-24 01:28:11,204 Epoch 78 	 Loss 0.15012130231320203
2021-05-24 01:29:23,987 Epoch 79 	 Loss 0.15086354045095024
2021-05-24 01:30:36,816 Epoch 80 	 Loss 0.1485225396169411
2021-05-24 01:31:49,660 Epoch 81 	 Loss 0.1485908192756412
2021-05-24 01:33:02,449 Epoch 82 	 Loss 0.14701787341427017
2021-05-24 01:34:15,213 Epoch 83 	 Loss 0.14601553640850298
2021-05-24 01:35:27,999 Epoch 84 	 Loss 0.145990439086825
2021-05-24 01:36:40,765 Epoch 85 	 Loss 0.14698789039483437
2021-05-24 01:37:53,590 Epoch 86 	 Loss 0.14864063213814746
2021-05-24 01:39:06,289 Epoch 87 	 Loss 0.14525676928051226
2021-05-24 01:40:19,132 Epoch 88 	 Loss 0.14671902325782146
2021-05-24 01:41:32,035 Epoch 89 	 Loss 0.14418918762233232
2021-05-24 01:42:44,851 Epoch 90 	 Loss 0.14534016657661605
2021-05-24 01:43:57,752 Epoch 91 	 Loss 0.14417546602723363
2021-05-24 01:45:10,431 Epoch 92 	 Loss 0.14451085726965915
2021-05-24 01:46:23,182 Epoch 93 	 Loss 0.14565286056680993
2021-05-24 01:47:35,950 Epoch 94 	 Loss 0.14322073053527665
2021-05-24 01:48:48,748 Epoch 95 	 Loss 0.1436713361641863
2021-05-24 01:50:01,546 Epoch 96 	 Loss 0.14485675923444413
2021-05-24 01:51:14,322 Epoch 97 	 Loss 0.14675945993308182
2021-05-24 01:52:27,097 Epoch 98 	 Loss 0.14915649036129752
2021-05-24 01:53:39,821 Epoch 99 	 Loss 0.14685851032589817
2021-05-24 01:54:01,200 RESULT FOR DATASET CVC-300

2021-05-24 01:54:01,200 ==============================
2021-05-24 01:54:01,200 

2021-05-24 01:54:01,200 recall: 0.9528656790653864

2021-05-24 01:54:01,200 specificity: 0.9927593578894933

2021-05-24 01:54:01,200 precision: 0.8445243554810683

2021-05-24 01:54:01,201 F1: 0.8780836403369904

2021-05-24 01:54:01,201 F2: 0.9125692248344421

2021-05-24 01:54:01,201 ACC_overall: 0.9915443112452825

2021-05-24 01:54:01,201 IoU_poly: 0.808556426813205

2021-05-24 01:54:01,201 IoU_bg: 0.9912363270918528

2021-05-24 01:54:01,201 IoU_mean: 0.8998963743448257

2021-05-24 01:54:01,201 ==============================
2021-05-24 01:54:01,201 

2021-05-24 01:54:18,088 RESULT FOR DATASET CVC-ClinicDB

2021-05-24 01:54:18,088 ==============================
2021-05-24 01:54:18,088 

2021-05-24 01:54:18,089 recall: 0.947158025157067

2021-05-24 01:54:18,089 specificity: 0.9934166929414195

2021-05-24 01:54:18,089 precision: 0.9124775430367839

2021-05-24 01:54:18,089 F1: 0.9189094448642384

2021-05-24 01:54:18,089 F2: 0.9274971515180603

2021-05-24 01:54:18,089 ACC_overall: 0.9898793937698487

2021-05-24 01:54:18,089 IoU_poly: 0.8716887098646933

2021-05-24 01:54:18,089 IoU_bg: 0.9881105413359981

2021-05-24 01:54:18,089 IoU_mean: 0.9298996262011989

2021-05-24 01:54:18,089 ==============================
2021-05-24 01:54:18,089 

2021-05-24 01:54:49,594 RESULT FOR DATASET Kvasir

2021-05-24 01:54:49,594 ==============================
2021-05-24 01:54:49,594 

2021-05-24 01:54:49,594 recall: 0.9138062128424644

2021-05-24 01:54:49,594 specificity: 0.9888728904724121

2021-05-24 01:54:49,594 precision: 0.9297287344932557

2021-05-24 01:54:49,594 F1: 0.9119654807448387

2021-05-24 01:54:49,594 F2: 0.9107463017106057

2021-05-24 01:54:49,594 ACC_overall: 0.9738387638330459

2021-05-24 01:54:49,594 IoU_poly: 0.8579949432611466

2021-05-24 01:54:49,594 IoU_bg: 0.9666545334458351

2021-05-24 01:54:49,594 IoU_mean: 0.9123247373104095

2021-05-24 01:54:49,594 ==============================
2021-05-24 01:54:49,594 

2021-05-24 01:56:46,831 RESULT FOR DATASET CVC-ColonDB

2021-05-24 01:56:46,831 ==============================
2021-05-24 01:56:46,831 

2021-05-24 01:56:46,831 recall: 0.7737100953055425

2021-05-24 01:56:46,831 specificity: 0.9873207722839556

2021-05-24 01:56:46,831 precision: 0.8135994956383575

2021-05-24 01:56:46,831 F1: 0.741315389385167

2021-05-24 01:56:46,831 F2: 0.7492096971504955

2021-05-24 01:56:46,831 ACC_overall: 0.9611379661058125

2021-05-24 01:56:46,831 IoU_poly: 0.6698700707965504

2021-05-24 01:56:46,831 IoU_bg: 0.9578785516713795

2021-05-24 01:56:46,831 IoU_mean: 0.8138743106471865

2021-05-24 01:56:46,831 ==============================
2021-05-24 01:56:46,831 

2021-05-24 01:58:11,174 RESULT FOR DATASET ETIS-LaribPolypDB

2021-05-24 01:58:11,174 ==============================
2021-05-24 01:58:11,174 

2021-05-24 01:58:11,174 recall: 0.7543687945839598

2021-05-24 01:58:11,174 specificity: 0.9915803190396757

2021-05-24 01:58:11,174 precision: 0.7749912747510038

2021-05-24 01:58:11,174 F1: 0.7069919783934243

2021-05-24 01:58:11,174 F2: 0.7285787536385604

2021-05-24 01:58:11,174 ACC_overall: 0.9869506261786636

2021-05-24 01:58:11,174 IoU_poly: 0.6382384408120789

2021-05-24 01:58:11,174 IoU_bg: 0.9862905850215834

2021-05-24 01:58:11,174 IoU_mean: 0.812264512236021

2021-05-24 01:58:11,175 ==============================
2021-05-24 01:58:11,175 

