2021-05-19 23:57:54,523 Epoch 0 	 Loss 0.6910156191705348
2021-05-19 23:59:07,931 Epoch 1 	 Loss 0.4737108277750539
2021-05-20 00:00:21,577 Epoch 2 	 Loss 0.41308916024454345
2021-05-20 00:01:35,289 Epoch 3 	 Loss 0.3812710770538875
2021-05-20 00:02:48,895 Epoch 4 	 Loss 0.3618230634665751
2021-05-20 00:04:02,556 Epoch 5 	 Loss 0.3401132487988734
2021-05-20 00:05:16,228 Epoch 6 	 Loss 0.331188603416904
2021-05-20 00:06:29,918 Epoch 7 	 Loss 0.3249969385809951
2021-05-20 00:07:43,538 Epoch 8 	 Loss 0.3237333133980468
2021-05-20 00:08:57,305 Epoch 9 	 Loss 0.3023454628802918
2021-05-20 00:10:11,026 Epoch 10 	 Loss 0.29076286937509266
2021-05-20 00:11:24,796 Epoch 11 	 Loss 0.288745478450597
2021-05-20 00:12:38,521 Epoch 12 	 Loss 0.27635211538482496
2021-05-20 00:13:52,237 Epoch 13 	 Loss 0.26736635231709743
2021-05-20 00:15:05,949 Epoch 14 	 Loss 0.27469448319503237
2021-05-20 00:16:19,638 Epoch 15 	 Loss 0.26468146780689994
2021-05-20 00:17:33,436 Epoch 16 	 Loss 0.25495105441455
2021-05-20 00:18:47,149 Epoch 17 	 Loss 0.26644099741191657
2021-05-20 00:20:00,845 Epoch 18 	 Loss 0.2550162725396209
2021-05-20 00:21:14,502 Epoch 19 	 Loss 0.250756982918624
2021-05-20 00:22:28,170 Epoch 20 	 Loss 0.2528247846351875
2021-05-20 00:23:41,865 Epoch 21 	 Loss 0.2493632645397396
2021-05-20 00:24:55,751 Epoch 22 	 Loss 0.24248332456573024
2021-05-20 00:26:09,446 Epoch 23 	 Loss 0.2358697277831507
2021-05-20 00:27:23,194 Epoch 24 	 Loss 0.23433697747660207
2021-05-20 00:28:36,989 Epoch 25 	 Loss 0.23573387537028764
2021-05-20 00:29:50,807 Epoch 26 	 Loss 0.22888384464677874
2021-05-20 00:31:04,540 Epoch 27 	 Loss 0.22537983102457865
2021-05-20 00:32:18,265 Epoch 28 	 Loss 0.22000731396806109
2021-05-20 00:33:32,008 Epoch 29 	 Loss 0.2189751480306898
2021-05-20 00:34:45,756 Epoch 30 	 Loss 0.21489294053434016
2021-05-20 00:35:59,482 Epoch 31 	 Loss 0.222049104315894
2021-05-20 00:37:13,143 Epoch 32 	 Loss 0.20637703302142385
2021-05-20 00:38:26,887 Epoch 33 	 Loss 0.20661702342740781
2021-05-20 00:39:40,587 Epoch 34 	 Loss 0.19955247182112473
2021-05-20 00:40:54,294 Epoch 35 	 Loss 0.2055547835080178
2021-05-20 00:42:08,002 Epoch 36 	 Loss 0.20622713831099834
2021-05-20 00:43:21,834 Epoch 37 	 Loss 0.1987395411009317
2021-05-20 00:44:35,594 Epoch 38 	 Loss 0.19605175937925065
2021-05-20 00:45:49,316 Epoch 39 	 Loss 0.19375672674441075
2021-05-20 00:47:03,036 Epoch 40 	 Loss 0.2004043589254002
2021-05-20 00:48:16,826 Epoch 41 	 Loss 0.18885374445836622
2021-05-20 00:49:30,544 Epoch 42 	 Loss 0.18883937302526538
2021-05-20 00:50:44,333 Epoch 43 	 Loss 0.19104980276181147
2021-05-20 00:51:58,077 Epoch 44 	 Loss 0.18793706448523553
2021-05-20 00:53:11,730 Epoch 45 	 Loss 0.1847228889281933
2021-05-20 00:54:25,529 Epoch 46 	 Loss 0.18543185391923883
2021-05-20 00:55:39,206 Epoch 47 	 Loss 0.18783908034418964
2021-05-20 00:56:53,002 Epoch 48 	 Loss 0.1856239860529428
2021-05-20 00:58:06,773 Epoch 49 	 Loss 0.176406238924016
2021-05-20 00:59:20,454 Epoch 50 	 Loss 0.1766980054614308
2021-05-20 01:00:34,257 Epoch 51 	 Loss 0.17984321664322864
2021-05-20 01:01:48,063 Epoch 52 	 Loss 0.17429908446885728
2021-05-20 01:03:01,734 Epoch 53 	 Loss 0.17604686598201374
2021-05-20 01:04:15,533 Epoch 54 	 Loss 0.1727025975565334
2021-05-20 01:05:29,300 Epoch 55 	 Loss 0.17681241428459082
2021-05-20 01:06:43,126 Epoch 56 	 Loss 0.17487524253326459
2021-05-20 01:07:56,890 Epoch 57 	 Loss 0.17421057443697374
2021-05-20 01:09:10,561 Epoch 58 	 Loss 0.1719897693985111
2021-05-20 01:10:24,385 Epoch 59 	 Loss 0.16455386456224944
2021-05-20 01:11:38,034 Epoch 60 	 Loss 0.16599918852795612
2021-05-20 01:12:51,815 Epoch 61 	 Loss 0.16232849919533993
2021-05-20 01:14:05,560 Epoch 62 	 Loss 0.15797712809436923
2021-05-20 01:15:19,242 Epoch 63 	 Loss 0.1609469948561637
2021-05-20 01:16:32,984 Epoch 64 	 Loss 0.15908724241531813
2021-05-20 01:17:46,770 Epoch 65 	 Loss 0.1597400332217688
2021-05-20 01:19:00,546 Epoch 66 	 Loss 0.15664056696734585
2021-05-20 01:20:14,462 Epoch 67 	 Loss 0.15637221138228427
2021-05-20 01:21:28,330 Epoch 68 	 Loss 0.15394706712974296
2021-05-20 01:22:42,078 Epoch 69 	 Loss 0.15462307050660418
2021-05-20 01:23:55,824 Epoch 70 	 Loss 0.1533069080048865
2021-05-20 01:25:09,551 Epoch 71 	 Loss 0.150153181546337
2021-05-20 01:26:23,307 Epoch 72 	 Loss 0.15117837300339898
2021-05-20 01:27:37,045 Epoch 73 	 Loss 0.15005127381492447
2021-05-20 01:28:50,841 Epoch 74 	 Loss 0.15243225258130294
2021-05-20 01:30:04,566 Epoch 75 	 Loss 0.14975412075336164
2021-05-20 01:31:18,285 Epoch 76 	 Loss 0.1458051682828547
2021-05-20 01:32:31,971 Epoch 77 	 Loss 0.14917881328326005
2021-05-20 01:33:45,699 Epoch 78 	 Loss 0.14749062118621972
2021-05-20 01:34:59,530 Epoch 79 	 Loss 0.14770641906575843
2021-05-20 01:36:13,269 Epoch 80 	 Loss 0.14849261734839325
2021-05-20 01:37:27,137 Epoch 81 	 Loss 0.1469038358101478
2021-05-20 01:38:40,884 Epoch 82 	 Loss 0.14432759009874785
2021-05-20 01:39:54,584 Epoch 83 	 Loss 0.14620453340339137
2021-05-20 01:41:08,278 Epoch 84 	 Loss 0.14556566863269596
2021-05-20 01:42:21,956 Epoch 85 	 Loss 0.14619074737305168
2021-05-20 01:43:35,784 Epoch 86 	 Loss 0.14475191302679397
2021-05-20 01:44:49,461 Epoch 87 	 Loss 0.1450350296857593
2021-05-20 01:46:03,245 Epoch 88 	 Loss 0.14530585632546916
2021-05-20 01:47:16,997 Epoch 89 	 Loss 0.14421087487058326
2021-05-20 01:48:30,646 Epoch 90 	 Loss 0.14558688395625943
2021-05-20 01:49:44,390 Epoch 91 	 Loss 0.1417366697729289
2021-05-20 01:50:58,076 Epoch 92 	 Loss 0.1427331580729275
2021-05-20 01:52:11,752 Epoch 93 	 Loss 0.14349073851174052
2021-05-20 01:53:25,478 Epoch 94 	 Loss 0.14679610197033202
2021-05-20 01:54:39,233 Epoch 95 	 Loss 0.14390648696776276
2021-05-20 01:55:52,981 Epoch 96 	 Loss 0.14340130706409832
2021-05-20 01:57:06,694 Epoch 97 	 Loss 0.14208335257493532
2021-05-20 01:58:20,550 Epoch 98 	 Loss 0.14527196232434159
2021-05-20 01:59:34,292 Epoch 99 	 Loss 0.14417211580407488
2021-05-20 01:59:55,822 RESULT FOR DATASET CVC-300

2021-05-20 01:59:55,822 ==============================
2021-05-20 01:59:55,822 

2021-05-20 01:59:55,822 recall: 0.9526396880547205

2021-05-20 01:59:55,822 specificity: 0.9917012612024944

2021-05-20 01:59:55,822 precision: 0.8451075961192449

2021-05-20 01:59:55,822 F1: 0.8716366171836853

2021-05-20 01:59:55,822 F2: 0.9010102103153864

2021-05-20 01:59:55,822 ACC_overall: 0.990305632352829

2021-05-20 01:59:55,822 IoU_poly: 0.8091458184023698

2021-05-20 01:59:55,822 IoU_bg: 0.9900447855393092

2021-05-20 01:59:55,822 IoU_mean: 0.8995952993631363

2021-05-20 01:59:55,822 ==============================
2021-05-20 01:59:55,822 

2021-05-20 02:00:13,227 RESULT FOR DATASET CVC-ClinicDB

2021-05-20 02:00:13,227 ==============================
2021-05-20 02:00:13,227 

2021-05-20 02:00:13,228 recall: 0.9508270669368005

2021-05-20 02:00:13,228 specificity: 0.9931819102456493

2021-05-20 02:00:13,228 precision: 0.9094807908780151

2021-05-20 02:00:13,228 F1: 0.9158068147878493

2021-05-20 02:00:13,228 F2: 0.9248159188897379

2021-05-20 02:00:13,228 ACC_overall: 0.9896232927999189

2021-05-20 02:00:13,228 IoU_poly: 0.8671425156175129

2021-05-20 02:00:13,228 IoU_bg: 0.9879277848428295

2021-05-20 02:00:13,228 IoU_mean: 0.927535149358934

2021-05-20 02:00:13,228 ==============================
2021-05-20 02:00:13,228 

2021-05-20 02:00:43,605 RESULT FOR DATASET Kvasir

2021-05-20 02:00:43,605 ==============================
2021-05-20 02:00:43,605 

2021-05-20 02:00:43,605 recall: 0.8989089258015156

2021-05-20 02:00:43,605 specificity: 0.9895427346229553

2021-05-20 02:00:43,605 precision: 0.94491465523839

2021-05-20 02:00:43,605 F1: 0.908172150850296

2021-05-20 02:00:43,605 F2: 0.8998755618929863

2021-05-20 02:00:43,605 ACC_overall: 0.9726200640201569

2021-05-20 02:00:43,605 IoU_poly: 0.8530357237160205

2021-05-20 02:00:43,605 IoU_bg: 0.9648210072517395

2021-05-20 02:00:43,605 IoU_mean: 0.9089283683896064

2021-05-20 02:00:43,605 ==============================
2021-05-20 02:00:43,605 

2021-05-20 02:02:36,397 RESULT FOR DATASET CVC-ColonDB

2021-05-20 02:02:36,397 ==============================
2021-05-20 02:02:36,397 

2021-05-20 02:02:36,397 recall: 0.8074750469295491

2021-05-20 02:02:36,397 specificity: 0.9839926540851593

2021-05-20 02:02:36,397 precision: 0.7928317255564635

2021-05-20 02:02:36,397 F1: 0.7623683828432102

2021-05-20 02:02:36,397 F2: 0.7739064059811378

2021-05-20 02:02:36,397 ACC_overall: 0.960716013610363

2021-05-20 02:02:36,397 IoU_poly: 0.6875122918342425

2021-05-20 02:02:36,397 IoU_bg: 0.9569130395588122

2021-05-20 02:02:36,398 IoU_mean: 0.8222126647830009

2021-05-20 02:02:36,398 ==============================
2021-05-20 02:02:36,398 

2021-05-20 02:03:57,819 RESULT FOR DATASET ETIS-LaribPolypDB

2021-05-20 02:03:57,819 ==============================
2021-05-20 02:03:57,819 

2021-05-20 02:03:57,819 recall: 0.8656136287966509

2021-05-20 02:03:57,819 specificity: 0.9868012043286343

2021-05-20 02:03:57,819 precision: 0.7390046352589076

2021-05-20 02:03:57,819 F1: 0.7578263105593875

2021-05-20 02:03:57,819 F2: 0.8030997812567263

2021-05-20 02:03:57,819 ACC_overall: 0.9846598889146533

2021-05-20 02:03:57,819 IoU_poly: 0.6750123674101091

2021-05-20 02:03:57,819 IoU_bg: 0.9837588765183274

2021-05-20 02:03:57,819 IoU_mean: 0.8293856201427323

2021-05-20 02:03:57,819 ==============================
2021-05-20 02:03:57,819 

