2021-05-19 21:51:08,585 Epoch 0 	 Loss 0.6880328098496238
2021-05-19 21:52:21,888 Epoch 1 	 Loss 0.4684953427576757
2021-05-19 21:53:35,053 Epoch 2 	 Loss 0.41180000544249357
2021-05-19 21:54:48,257 Epoch 3 	 Loss 0.38521049736620305
2021-05-19 21:56:01,357 Epoch 4 	 Loss 0.36433866751063
2021-05-19 21:57:14,635 Epoch 5 	 Loss 0.34886983593741616
2021-05-19 21:58:28,034 Epoch 6 	 Loss 0.34636375799283875
2021-05-19 21:59:41,381 Epoch 7 	 Loss 0.31556402687188034
2021-05-19 22:00:54,520 Epoch 8 	 Loss 0.3099223391695337
2021-05-19 22:02:07,772 Epoch 9 	 Loss 0.2985734980512451
2021-05-19 22:03:20,904 Epoch 10 	 Loss 0.30717376938888
2021-05-19 22:04:34,117 Epoch 11 	 Loss 0.29809347875825654
2021-05-19 22:05:47,328 Epoch 12 	 Loss 0.2860074773594573
2021-05-19 22:07:00,592 Epoch 13 	 Loss 0.27610287365022596
2021-05-19 22:08:13,737 Epoch 14 	 Loss 0.27119328965852546
2021-05-19 22:09:27,014 Epoch 15 	 Loss 0.27717529564768406
2021-05-19 22:10:40,214 Epoch 16 	 Loss 0.2628612551060352
2021-05-19 22:11:53,446 Epoch 17 	 Loss 0.25429169080414615
2021-05-19 22:13:06,621 Epoch 18 	 Loss 0.2571411938457699
2021-05-19 22:14:19,912 Epoch 19 	 Loss 0.25186252430245115
2021-05-19 22:15:33,374 Epoch 20 	 Loss 0.24660048723875821
2021-05-19 22:16:46,975 Epoch 21 	 Loss 0.250692096221578
2021-05-19 22:18:00,278 Epoch 22 	 Loss 0.2572580271369808
2021-05-19 22:19:13,558 Epoch 23 	 Loss 0.23693950032139874
2021-05-19 22:20:26,852 Epoch 24 	 Loss 0.23153361661748573
2021-05-19 22:21:40,062 Epoch 25 	 Loss 0.23067068546027927
2021-05-19 22:22:53,365 Epoch 26 	 Loss 0.23499742461429848
2021-05-19 22:24:06,701 Epoch 27 	 Loss 0.22531991280042207
2021-05-19 22:25:20,023 Epoch 28 	 Loss 0.2199888486456085
2021-05-19 22:26:33,382 Epoch 29 	 Loss 0.21904462641412084
2021-05-19 22:27:46,585 Epoch 30 	 Loss 0.2194187140071785
2021-05-19 22:28:59,803 Epoch 31 	 Loss 0.2173577953170944
2021-05-19 22:30:13,126 Epoch 32 	 Loss 0.21385895714655026
2021-05-19 22:31:26,398 Epoch 33 	 Loss 0.22357474005484318
2021-05-19 22:32:39,629 Epoch 34 	 Loss 0.20988299738574814
2021-05-19 22:33:52,851 Epoch 35 	 Loss 0.20260869015704144
2021-05-19 22:35:06,142 Epoch 36 	 Loss 0.20051997032139326
2021-05-19 22:36:19,333 Epoch 37 	 Loss 0.19676681943647154
2021-05-19 22:37:32,560 Epoch 38 	 Loss 0.20412569894240454
2021-05-19 22:38:45,882 Epoch 39 	 Loss 0.20229653752112126
2021-05-19 22:39:59,108 Epoch 40 	 Loss 0.20457028360157223
2021-05-19 22:41:12,297 Epoch 41 	 Loss 0.19632022099180535
2021-05-19 22:42:25,572 Epoch 42 	 Loss 0.19200774093905648
2021-05-19 22:43:38,818 Epoch 43 	 Loss 0.20095896884635256
2021-05-19 22:44:52,093 Epoch 44 	 Loss 0.1891555538871786
2021-05-19 22:46:05,389 Epoch 45 	 Loss 0.18204661909040515
2021-05-19 22:47:18,587 Epoch 46 	 Loss 0.1792770259000443
2021-05-19 22:48:31,949 Epoch 47 	 Loss 0.1924271021897976
2021-05-19 22:49:45,211 Epoch 48 	 Loss 0.19020353012032562
2021-05-19 22:50:58,499 Epoch 49 	 Loss 0.17952500611216157
2021-05-19 22:52:11,754 Epoch 50 	 Loss 0.17689714220526453
2021-05-19 22:53:25,051 Epoch 51 	 Loss 0.17964161473971146
2021-05-19 22:54:38,304 Epoch 52 	 Loss 0.18002631408827646
2021-05-19 22:55:51,523 Epoch 53 	 Loss 0.17393885307259613
2021-05-19 22:57:04,901 Epoch 54 	 Loss 0.17711910474431383
2021-05-19 22:58:18,317 Epoch 55 	 Loss 0.1684000198985194
2021-05-19 22:59:31,517 Epoch 56 	 Loss 0.1709890760235734
2021-05-19 23:00:44,737 Epoch 57 	 Loss 0.17063415443504248
2021-05-19 23:01:57,979 Epoch 58 	 Loss 0.16499562152139433
2021-05-19 23:03:11,097 Epoch 59 	 Loss 0.16481763975960867
2021-05-19 23:04:24,519 Epoch 60 	 Loss 0.16184354565300785
2021-05-19 23:05:37,792 Epoch 61 	 Loss 0.16143006675845975
2021-05-19 23:06:50,977 Epoch 62 	 Loss 0.16312795328897434
2021-05-19 23:08:04,177 Epoch 63 	 Loss 0.16310692848740044
2021-05-19 23:09:17,415 Epoch 64 	 Loss 0.15987670159601902
2021-05-19 23:10:30,687 Epoch 65 	 Loss 0.1590655742438285
2021-05-19 23:11:43,922 Epoch 66 	 Loss 0.15732959862593765
2021-05-19 23:12:57,213 Epoch 67 	 Loss 0.15654339272897322
2021-05-19 23:14:10,392 Epoch 68 	 Loss 0.154314810021238
2021-05-19 23:15:23,607 Epoch 69 	 Loss 0.15523355593393137
2021-05-19 23:16:36,849 Epoch 70 	 Loss 0.15366102124635989
2021-05-19 23:17:50,085 Epoch 71 	 Loss 0.150378361589961
2021-05-19 23:19:03,541 Epoch 72 	 Loss 0.1550755880691193
2021-05-19 23:20:16,774 Epoch 73 	 Loss 0.15096512969051087
2021-05-19 23:21:29,965 Epoch 74 	 Loss 0.1527437042076509
2021-05-19 23:22:43,281 Epoch 75 	 Loss 0.15191118640231563
2021-05-19 23:23:56,581 Epoch 76 	 Loss 0.15104688638514216
2021-05-19 23:25:09,822 Epoch 77 	 Loss 0.1477615916794473
2021-05-19 23:26:23,060 Epoch 78 	 Loss 0.15016904448742394
2021-05-19 23:27:36,228 Epoch 79 	 Loss 0.1469485641017065
2021-05-19 23:28:49,504 Epoch 80 	 Loss 0.1470266756611866
2021-05-19 23:30:02,897 Epoch 81 	 Loss 0.14621561266236252
2021-05-19 23:31:16,166 Epoch 82 	 Loss 0.14726263006309886
2021-05-19 23:32:29,472 Epoch 83 	 Loss 0.14665535321602455
2021-05-19 23:33:42,781 Epoch 84 	 Loss 0.14786531628815683
2021-05-19 23:34:56,071 Epoch 85 	 Loss 0.14533484678019534
2021-05-19 23:36:09,452 Epoch 86 	 Loss 0.14642272357429778
2021-05-19 23:37:22,829 Epoch 87 	 Loss 0.14332793562949359
2021-05-19 23:38:36,153 Epoch 88 	 Loss 0.14483253535006071
2021-05-19 23:39:49,425 Epoch 89 	 Loss 0.14577457218707263
2021-05-19 23:41:02,764 Epoch 90 	 Loss 0.14288781059312297
2021-05-19 23:42:16,100 Epoch 91 	 Loss 0.1437312059186317
2021-05-19 23:43:29,465 Epoch 92 	 Loss 0.14358927350450348
2021-05-19 23:44:42,793 Epoch 93 	 Loss 0.14303657420716442
2021-05-19 23:45:56,045 Epoch 94 	 Loss 0.14323697157286025
2021-05-19 23:47:09,309 Epoch 95 	 Loss 0.14275308575603987
2021-05-19 23:48:22,601 Epoch 96 	 Loss 0.1457823830973971
2021-05-19 23:49:35,885 Epoch 97 	 Loss 0.14733321915616046
2021-05-19 23:50:49,058 Epoch 98 	 Loss 0.14309519758591285
2021-05-19 23:52:02,310 Epoch 99 	 Loss 0.14359826750152713
2021-05-19 23:52:22,767 RESULT FOR DATASET CVC-300

2021-05-19 23:52:22,767 ==============================
2021-05-19 23:52:22,767 

2021-05-19 23:52:22,767 recall: 0.9545302599668503

2021-05-19 23:52:22,767 specificity: 0.9916642645994822

2021-05-19 23:52:22,767 precision: 0.8392634159574907

2021-05-19 23:52:22,767 F1: 0.8707290627062321

2021-05-19 23:52:22,767 F2: 0.9037549316883087

2021-05-19 23:52:22,767 ACC_overall: 0.990417421857516

2021-05-19 23:52:22,767 IoU_poly: 0.8062123456348975

2021-05-19 23:52:22,767 IoU_bg: 0.9901118874549866

2021-05-19 23:52:22,767 IoU_mean: 0.8981621106465657

2021-05-19 23:52:22,767 ==============================
2021-05-19 23:52:22,767 

2021-05-19 23:52:41,552 RESULT FOR DATASET CVC-ClinicDB

2021-05-19 23:52:41,552 ==============================
2021-05-19 23:52:41,552 

2021-05-19 23:52:41,552 recall: 0.9524610302140636

2021-05-19 23:52:41,552 specificity: 0.9938388668721722

2021-05-19 23:52:41,552 precision: 0.9149798771306392

2021-05-19 23:52:41,552 F1: 0.9195624663224143

2021-05-19 23:52:41,552 F2: 0.9278493780762919

2021-05-19 23:52:41,552 ACC_overall: 0.9915632922803203

2021-05-19 23:52:41,552 IoU_poly: 0.8734145438478839

2021-05-19 23:52:41,552 IoU_bg: 0.9903968630298492

2021-05-19 23:52:41,552 IoU_mean: 0.93190570223716

2021-05-19 23:52:41,552 ==============================
2021-05-19 23:52:41,552 

2021-05-19 23:53:14,237 RESULT FOR DATASET Kvasir

2021-05-19 23:53:14,238 ==============================
2021-05-19 23:53:14,238 

2021-05-19 23:53:14,238 recall: 0.9058132553100586

2021-05-19 23:53:14,238 specificity: 0.9901442331075668

2021-05-19 23:53:14,238 precision: 0.9379427549242974

2021-05-19 23:53:14,238 F1: 0.9107604187726974

2021-05-19 23:53:14,238 F2: 0.9055466970801354

2021-05-19 23:53:14,238 ACC_overall: 0.9740107905864716

2021-05-19 23:53:14,238 IoU_poly: 0.8570927767455578

2021-05-19 23:53:14,238 IoU_bg: 0.9668248814344406

2021-05-19 23:53:14,238 IoU_mean: 0.911958831846714

2021-05-19 23:53:14,238 ==============================
2021-05-19 23:53:14,238 

2021-05-19 23:55:11,077 RESULT FOR DATASET CVC-ColonDB

2021-05-19 23:55:11,077 ==============================
2021-05-19 23:55:11,077 

2021-05-19 23:55:11,077 recall: 0.7794170879134862

2021-05-19 23:55:11,077 specificity: 0.982990154467131

2021-05-19 23:55:11,077 precision: 0.8030295961752975

2021-05-19 23:55:11,077 F1: 0.7467171861791988

2021-05-19 23:55:11,077 F2: 0.7515472696587494

2021-05-19 23:55:11,077 ACC_overall: 0.9601165776190005

2021-05-19 23:55:11,077 IoU_poly: 0.6728498219648037

2021-05-19 23:55:11,077 IoU_bg: 0.9564254842306438

2021-05-19 23:55:11,077 IoU_mean: 0.8146376523532366

2021-05-19 23:55:11,077 ==============================
2021-05-19 23:55:11,078 

2021-05-19 23:56:36,756 RESULT FOR DATASET ETIS-LaribPolypDB

2021-05-19 23:56:36,756 ==============================
2021-05-19 23:56:36,757 

2021-05-19 23:56:36,757 recall: 0.8140612024218469

2021-05-19 23:56:36,757 specificity: 0.9882855935364353

2021-05-19 23:56:36,757 precision: 0.7457368386501411

2021-05-19 23:56:36,757 F1: 0.7353740320482312

2021-05-19 23:56:36,757 F2: 0.7712033891072066

2021-05-19 23:56:36,757 ACC_overall: 0.9853556201774247

2021-05-19 23:56:36,757 IoU_poly: 0.658140165128599

2021-05-19 23:56:36,757 IoU_bg: 0.9845777953765831

2021-05-19 23:56:36,757 IoU_mean: 0.8213589811811641

2021-05-19 23:56:36,757 ==============================
2021-05-19 23:56:36,757 

