2021-04-27 15:33:11,184 RESULT FOR DATASET CVC-300

2021-04-27 15:33:11,184 ==============================
2021-04-27 15:33:11,184 

2021-04-27 15:33:11,184 recall: 0.9342478894615245

2021-04-27 15:33:11,184 specificity: 0.994092411796252

2021-04-27 15:33:11,184 precision: 0.8492227964103222

2021-04-27 15:33:11,184 F1: 0.8648777250915979

2021-04-27 15:33:11,184 F2: 0.895507645995167

2021-04-27 15:33:11,184 ACC_overall: 0.9921140571435293

2021-04-27 15:33:11,184 IoU_poly: 0.797659928815968

2021-04-27 15:33:11,184 IoU_bg: 0.9918804784615834

2021-04-27 15:33:11,185 IoU_mean: 0.8947702045241992

2021-04-27 15:33:11,185 ==============================
2021-04-27 15:33:11,185 

2021-04-27 15:33:26,724 RESULT FOR DATASET CVC-ClinicDB

2021-04-27 15:33:26,724 ==============================
2021-04-27 15:33:26,724 

2021-04-27 15:33:26,725 recall: 0.9241832004439446

2021-04-27 15:33:26,725 specificity: 0.9949473507942692

2021-04-27 15:33:26,725 precision: 0.9203055138068814

2021-04-27 15:33:26,725 F1: 0.9044077389220136

2021-04-27 15:33:26,725 F2: 0.912018621993822

2021-04-27 15:33:26,725 ACC_overall: 0.9890053647179757

2021-04-27 15:33:26,725 IoU_poly: 0.8514366772386336

2021-04-27 15:33:26,725 IoU_bg: 0.987098059346599

2021-04-27 15:33:26,725 IoU_mean: 0.919267374661661

2021-04-27 15:33:26,725 ==============================
2021-04-27 15:33:26,725 

2021-04-27 15:33:56,072 RESULT FOR DATASET Kvasir

2021-04-27 15:33:56,072 ==============================
2021-04-27 15:33:56,072 

2021-04-27 15:33:56,072 recall: 0.9074907387414715

2021-04-27 15:33:56,073 specificity: 0.9854964816570282

2021-04-27 15:33:56,073 precision: 0.9111293739080429

2021-04-27 15:33:56,073 F1: 0.8878984647983452

2021-04-27 15:33:56,073 F2: 0.8933989254214976

2021-04-27 15:33:56,073 ACC_overall: 0.9698349475860596

2021-04-27 15:33:56,073 IoU_poly: 0.8289368851104518

2021-04-27 15:33:56,073 IoU_bg: 0.9618993863463402

2021-04-27 15:33:56,073 IoU_mean: 0.8954181379079819

2021-04-27 15:33:56,073 ==============================
2021-04-27 15:33:56,073 

2021-04-27 15:35:52,360 RESULT FOR DATASET CVC-ColonDB

2021-04-27 15:35:52,360 ==============================
2021-04-27 15:35:52,361 

2021-04-27 15:35:52,361 recall: 0.7091336297355155

2021-04-27 15:35:52,361 specificity: 0.9938711183635812

2021-04-27 15:35:52,361 precision: 0.8815040101171594

2021-04-27 15:35:52,361 F1: 0.6868207942784275

2021-04-27 15:35:52,361 F2: 0.6921061770728771

2021-04-27 15:35:52,361 ACC_overall: 0.959733537702184

2021-04-27 15:35:52,361 IoU_poly: 0.6181018379662228

2021-04-27 15:35:52,361 IoU_bg: 0.957614503800869

2021-04-27 15:35:52,361 IoU_mean: 0.7878581719963174

2021-04-27 15:35:52,361 ==============================
2021-04-27 15:35:52,361 

2021-04-27 15:37:13,238 RESULT FOR DATASET ETIS-LaribPolypDB

2021-04-27 15:37:13,238 ==============================
2021-04-27 15:37:13,238 

2021-04-27 15:37:13,238 recall: 0.742274666715535

2021-04-27 15:37:13,238 specificity: 0.9907152187459323

2021-04-27 15:37:13,238 precision: 0.8121501849073582

2021-04-27 15:37:13,238 F1: 0.6837925045094185

2021-04-27 15:37:13,239 F2: 0.7117874719343138

2021-04-27 15:37:13,239 ACC_overall: 0.9854968323999521

2021-04-27 15:37:13,239 IoU_poly: 0.6113956600529282

2021-04-27 15:37:13,239 IoU_bg: 0.9846331805598979

2021-04-27 15:37:13,239 IoU_mean: 0.7980144165304243

2021-04-27 15:37:13,239 ==============================
2021-04-27 15:37:13,239 

