2021-05-05 00:55:38,111 Epoch 0 	 Loss 0.7230738470187554
2021-05-05 00:56:24,388 Epoch 1 	 Loss 0.4917214987697182
2021-05-05 00:57:10,877 Epoch 2 	 Loss 0.4168004550776639
2021-05-05 00:57:57,434 Epoch 3 	 Loss 0.38536140486434267
2021-05-05 00:58:43,919 Epoch 4 	 Loss 0.36147331683845313
2021-05-05 00:59:30,582 Epoch 5 	 Loss 0.3398432738178379
2021-05-05 01:00:17,181 Epoch 6 	 Loss 0.3283865520587334
2021-05-05 01:01:03,964 Epoch 7 	 Loss 0.32676304975053766
2021-05-05 01:01:50,624 Epoch 8 	 Loss 0.32669031341652294
2021-05-05 01:02:37,257 Epoch 9 	 Loss 0.30403413009512553
2021-05-05 01:03:23,949 Epoch 10 	 Loss 0.3023289063802132
2021-05-05 01:04:10,512 Epoch 11 	 Loss 0.29058499552391387
2021-05-05 01:04:57,138 Epoch 12 	 Loss 0.29272246328029006
2021-05-05 01:05:43,715 Epoch 13 	 Loss 0.2813820924077715
2021-05-05 01:06:30,285 Epoch 14 	 Loss 0.28491491586952417
2021-05-05 01:07:16,871 Epoch 15 	 Loss 0.27168071007990574
2021-05-05 01:08:03,533 Epoch 16 	 Loss 0.2711630614249261
2021-05-05 01:08:50,130 Epoch 17 	 Loss 0.2559073344691769
2021-05-05 01:09:36,901 Epoch 18 	 Loss 0.26517025717012177
2021-05-05 01:10:23,522 Epoch 19 	 Loss 0.25676003835358463
2021-05-05 01:11:10,229 Epoch 20 	 Loss 0.25969129424173754
2021-05-05 01:11:56,793 Epoch 21 	 Loss 0.2533185126689764
2021-05-05 01:12:43,488 Epoch 22 	 Loss 0.25096908113458655
2021-05-05 01:13:30,141 Epoch 23 	 Loss 0.24433809862687036
2021-05-05 01:14:16,749 Epoch 24 	 Loss 0.2402352680871775
2021-05-05 01:15:03,499 Epoch 25 	 Loss 0.24014269355889206
2021-05-05 01:15:50,145 Epoch 26 	 Loss 0.2393355069907157
2021-05-05 01:16:36,798 Epoch 27 	 Loss 0.24001642766889636
2021-05-05 01:17:23,545 Epoch 28 	 Loss 0.24168337144694485
2021-05-05 01:18:10,204 Epoch 29 	 Loss 0.22857685943881234
2021-05-05 01:18:56,844 Epoch 30 	 Loss 0.2304317247081589
2021-05-05 01:19:43,575 Epoch 31 	 Loss 0.22549433416717654
2021-05-05 01:20:30,300 Epoch 32 	 Loss 0.22435069984787112
2021-05-05 01:21:16,784 Epoch 33 	 Loss 0.22763495245477655
2021-05-05 01:22:03,372 Epoch 34 	 Loss 0.2202764670927446
2021-05-05 01:22:50,054 Epoch 35 	 Loss 0.21894433734181162
2021-05-05 01:23:36,644 Epoch 36 	 Loss 0.2117894832249526
2021-05-05 01:24:23,177 Epoch 37 	 Loss 0.20976857235143473
2021-05-05 01:25:09,818 Epoch 38 	 Loss 0.2108262816628257
2021-05-05 01:25:56,476 Epoch 39 	 Loss 0.2181840547166028
2021-05-05 01:26:43,141 Epoch 40 	 Loss 0.2107202811883046
2021-05-05 01:27:29,764 Epoch 41 	 Loss 0.20738513620345148
2021-05-05 01:28:16,437 Epoch 42 	 Loss 0.2066628492468006
2021-05-05 01:29:03,033 Epoch 43 	 Loss 0.20708014889732823
2021-05-05 01:29:49,552 Epoch 44 	 Loss 0.2079281562959755
2021-05-05 01:30:36,137 Epoch 45 	 Loss 0.19898146652913357
2021-05-05 01:31:22,701 Epoch 46 	 Loss 0.19698102051740166
2021-05-05 01:32:09,336 Epoch 47 	 Loss 0.1894789919420913
2021-05-05 01:32:56,132 Epoch 48 	 Loss 0.19369854147617632
2021-05-05 01:33:42,840 Epoch 49 	 Loss 0.1877433200786402
2021-05-05 01:34:29,420 Epoch 50 	 Loss 0.18898071610665584
2021-05-05 01:35:15,972 Epoch 51 	 Loss 0.18896998334061968
2021-05-05 01:36:02,577 Epoch 52 	 Loss 0.18791533662722662
2021-05-05 01:36:49,193 Epoch 53 	 Loss 0.18138789786742285
2021-05-05 01:37:35,852 Epoch 54 	 Loss 0.18841956981590816
2021-05-05 01:38:22,520 Epoch 55 	 Loss 0.18353014758655004
2021-05-05 01:39:09,323 Epoch 56 	 Loss 0.18647388098659096
2021-05-05 01:39:55,916 Epoch 57 	 Loss 0.18152437612905606
2021-05-05 01:40:42,748 Epoch 58 	 Loss 0.17796051109230127
2021-05-05 01:41:29,338 Epoch 59 	 Loss 0.18212812680464524
2021-05-05 01:42:16,043 Epoch 60 	 Loss 0.1860132382793741
2021-05-05 01:43:02,585 Epoch 61 	 Loss 0.17667962839970222
2021-05-05 01:43:49,136 Epoch 62 	 Loss 0.17878644463125165
2021-05-05 01:44:35,661 Epoch 63 	 Loss 0.17667556103769239
2021-05-05 01:45:22,499 Epoch 64 	 Loss 0.17291853044714248
2021-05-05 01:46:09,221 Epoch 65 	 Loss 0.17196315608836793
2021-05-05 01:46:55,825 Epoch 66 	 Loss 0.1691676058939525
2021-05-05 01:47:42,413 Epoch 67 	 Loss 0.17038929953679935
2021-05-05 01:48:29,007 Epoch 68 	 Loss 0.1695019584763181
2021-05-05 01:49:15,592 Epoch 69 	 Loss 0.16841725677579314
2021-05-05 01:50:02,229 Epoch 70 	 Loss 0.16644780337810516
2021-05-05 01:50:48,793 Epoch 71 	 Loss 0.17096956647359407
2021-05-05 01:51:35,468 Epoch 72 	 Loss 0.16548566078091717
2021-05-05 01:52:22,034 Epoch 73 	 Loss 0.17010545206593944
2021-05-05 01:53:08,690 Epoch 74 	 Loss 0.16519695946148463
2021-05-05 01:53:55,241 Epoch 75 	 Loss 0.1687807444851477
2021-05-05 01:54:41,893 Epoch 76 	 Loss 0.16503195759359296
2021-05-05 01:55:28,652 Epoch 77 	 Loss 0.16120454374250476
2021-05-05 01:56:15,204 Epoch 78 	 Loss 0.16363043771995292
2021-05-05 01:57:01,795 Epoch 79 	 Loss 0.16210553410289053
2021-05-05 01:57:48,444 Epoch 80 	 Loss 0.1636467029105176
2021-05-05 01:58:35,069 Epoch 81 	 Loss 0.16247441349448738
2021-05-05 01:59:21,625 Epoch 82 	 Loss 0.16337630250951746
2021-05-05 02:00:08,261 Epoch 83 	 Loss 0.16272678692917247
2021-05-05 02:00:54,971 Epoch 84 	 Loss 0.15963694002929624
2021-05-05 02:01:41,638 Epoch 85 	 Loss 0.15717110348926797
2021-05-05 02:02:28,252 Epoch 86 	 Loss 0.15816004492424346
2021-05-05 02:03:14,929 Epoch 87 	 Loss 0.16153850316346346
2021-05-05 02:04:01,610 Epoch 88 	 Loss 0.15982862864876843
2021-05-05 02:04:48,104 Epoch 89 	 Loss 0.15860105969093657
2021-05-05 02:05:34,854 Epoch 90 	 Loss 0.1590029809337396
2021-05-05 02:06:21,421 Epoch 91 	 Loss 0.1579046023415995
2021-05-05 02:07:08,132 Epoch 92 	 Loss 0.15831463055296258
2021-05-05 02:07:54,737 Epoch 93 	 Loss 0.16096117625852208
2021-05-05 02:08:41,511 Epoch 94 	 Loss 0.1593103826373488
2021-05-05 02:09:28,188 Epoch 95 	 Loss 0.1593507814865846
2021-05-05 02:10:14,745 Epoch 96 	 Loss 0.1582983659355195
2021-05-05 02:11:01,472 Epoch 97 	 Loss 0.16083256671061882
2021-05-05 02:11:48,192 Epoch 98 	 Loss 0.16159152255935982
2021-05-05 02:12:34,788 Epoch 99 	 Loss 0.16123042083703554
2021-05-05 02:12:54,881 RESULT FOR DATASET CVC-300

2021-05-05 02:12:54,881 ==============================
2021-05-05 02:12:54,881 

2021-05-05 02:12:54,881 recall: 0.9551967253287633

2021-05-05 02:12:54,881 specificity: 0.9936738709608713

2021-05-05 02:12:54,881 precision: 0.8508711042503516

2021-05-05 02:12:54,881 F1: 0.8811064218481381

2021-05-05 02:12:54,881 F2: 0.9106347451607386

2021-05-05 02:12:54,881 ACC_overall: 0.9922576636075974

2021-05-05 02:12:54,881 IoU_poly: 0.8168260176976522

2021-05-05 02:12:54,881 IoU_bg: 0.9920302530129751

2021-05-05 02:12:54,882 IoU_mean: 0.9044281373421351

2021-05-05 02:12:54,882 ==============================
2021-05-05 02:12:54,882 

2021-05-05 02:13:12,228 RESULT FOR DATASET CVC-ClinicDB

2021-05-05 02:13:12,229 ==============================
2021-05-05 02:13:12,229 

2021-05-05 02:13:12,229 recall: 0.9446229098304626

2021-05-05 02:13:12,229 specificity: 0.9940479493910267

2021-05-05 02:13:12,229 precision: 0.9048032538304406

2021-05-05 02:13:12,229 F1: 0.9133008574285815

2021-05-05 02:13:12,229 F2: 0.9236813877378741

2021-05-05 02:13:12,229 ACC_overall: 0.9907426401492088

2021-05-05 02:13:12,229 IoU_poly: 0.8650922235702315

2021-05-05 02:13:12,229 IoU_bg: 0.9890340210929993

2021-05-05 02:13:12,229 IoU_mean: 0.9270631228723833

2021-05-05 02:13:12,229 ==============================
2021-05-05 02:13:12,229 

2021-05-05 02:13:44,293 RESULT FOR DATASET Kvasir

2021-05-05 02:13:44,293 ==============================
2021-05-05 02:13:44,293 

2021-05-05 02:13:44,293 recall: 0.9097676128149033

2021-05-05 02:13:44,294 specificity: 0.9907329702377319

2021-05-05 02:13:44,294 precision: 0.9408237645030022

2021-05-05 02:13:44,294 F1: 0.9158884117007255

2021-05-05 02:13:44,294 F2: 0.9098283937573433

2021-05-05 02:13:44,294 ACC_overall: 0.9741739642620086

2021-05-05 02:13:44,294 IoU_poly: 0.8627648590505124

2021-05-05 02:13:44,294 IoU_bg: 0.9666235199570656

2021-05-05 02:13:44,294 IoU_mean: 0.914694190621376

2021-05-05 02:13:44,294 ==============================
2021-05-05 02:13:44,294 

2021-05-05 02:15:48,348 RESULT FOR DATASET CVC-ColonDB

2021-05-05 02:15:48,349 ==============================
2021-05-05 02:15:48,349 

2021-05-05 02:15:48,349 recall: 0.8313855437122153

2021-05-05 02:15:48,349 specificity: 0.9892144041626076

2021-05-05 02:15:48,349 precision: 0.8137673603981583

2021-05-05 02:15:48,349 F1: 0.7786661086747939

2021-05-05 02:15:48,349 F2: 0.7933124375254035

2021-05-05 02:15:48,349 ACC_overall: 0.965526020056323

2021-05-05 02:15:48,349 IoU_poly: 0.7039763903940482

2021-05-05 02:15:48,349 IoU_bg: 0.9633093298265808

2021-05-05 02:15:48,349 IoU_mean: 0.8336428605804318

2021-05-05 02:15:48,349 ==============================
2021-05-05 02:15:48,349 

2021-05-05 02:17:13,613 RESULT FOR DATASET ETIS-LaribPolypDB

2021-05-05 02:17:13,613 ==============================
2021-05-05 02:17:13,613 

2021-05-05 02:17:13,613 recall: 0.8501067898911543

2021-05-05 02:17:13,613 specificity: 0.9863150007262522

2021-05-05 02:17:13,613 precision: 0.7272477787136434

2021-05-05 02:17:13,614 F1: 0.7547675911108

2021-05-05 02:17:13,614 F2: 0.7986560619269117

2021-05-05 02:17:13,614 ACC_overall: 0.9840238790731041

2021-05-05 02:17:13,614 IoU_poly: 0.6735438650183526

2021-05-05 02:17:13,614 IoU_bg: 0.9831618554129893

2021-05-05 02:17:13,614 IoU_mean: 0.8283528586735531

2021-05-05 02:17:13,614 ==============================
2021-05-05 02:17:13,614 

