2021-05-01 18:15:30,518 Epoch 0 	 Loss 0.7668382564743796
2021-05-01 18:16:19,597 Epoch 1 	 Loss 0.4964281759419284
2021-05-01 18:17:08,508 Epoch 2 	 Loss 0.41621828079223633
2021-05-01 18:17:57,583 Epoch 3 	 Loss 0.39165131993346164
2021-05-01 18:18:46,628 Epoch 4 	 Loss 0.3745873829165658
2021-05-01 18:19:35,693 Epoch 5 	 Loss 0.35896232887938784
2021-05-01 18:20:24,646 Epoch 6 	 Loss 0.34088319147026147
2021-05-01 18:21:13,646 Epoch 7 	 Loss 0.33575435343024496
2021-05-01 18:22:02,711 Epoch 8 	 Loss 0.3138145742180583
2021-05-01 18:22:51,859 Epoch 9 	 Loss 0.31602712777944714
2021-05-01 18:23:40,890 Epoch 10 	 Loss 0.30292800740226283
2021-05-01 18:24:29,864 Epoch 11 	 Loss 0.30084418841115723
2021-05-01 18:25:18,878 Epoch 12 	 Loss 0.302697724038428
2021-05-01 18:26:07,950 Epoch 13 	 Loss 0.28834833171996443
2021-05-01 18:26:56,943 Epoch 14 	 Loss 0.28419443653835047
2021-05-01 18:27:45,999 Epoch 15 	 Loss 0.2846176851909239
2021-05-01 18:28:35,055 Epoch 16 	 Loss 0.27486706467775196
2021-05-01 18:29:24,117 Epoch 17 	 Loss 0.26821299585012287
2021-05-01 18:30:13,151 Epoch 18 	 Loss 0.2623160155592384
2021-05-01 18:31:02,232 Epoch 19 	 Loss 0.2553456730239994
2021-05-01 18:31:51,344 Epoch 20 	 Loss 0.25708804631626214
2021-05-01 18:32:40,364 Epoch 21 	 Loss 0.26200795894140727
2021-05-01 18:33:29,337 Epoch 22 	 Loss 0.2580632975140771
2021-05-01 18:34:18,355 Epoch 23 	 Loss 0.25033574248408225
2021-05-01 18:35:07,323 Epoch 24 	 Loss 0.24022148238433585
2021-05-01 18:35:56,370 Epoch 25 	 Loss 0.2448945836378978
2021-05-01 18:36:45,418 Epoch 26 	 Loss 0.24656728401288883
2021-05-01 18:37:34,495 Epoch 27 	 Loss 0.23980402799098047
2021-05-01 18:38:23,759 Epoch 28 	 Loss 0.23951570624178584
2021-05-01 18:39:12,993 Epoch 29 	 Loss 0.23668220213481359
2021-05-01 18:40:02,237 Epoch 30 	 Loss 0.24414991120715718
2021-05-01 18:40:51,310 Epoch 31 	 Loss 0.23499571638447897
2021-05-01 18:41:40,380 Epoch 32 	 Loss 0.22855844635229844
2021-05-01 18:42:29,418 Epoch 33 	 Loss 0.22592542164928311
2021-05-01 18:43:18,518 Epoch 34 	 Loss 0.21812503039836884
2021-05-01 18:44:07,899 Epoch 35 	 Loss 0.22924122361691443
2021-05-01 18:44:57,259 Epoch 36 	 Loss 0.21671882108017637
2021-05-01 18:45:46,607 Epoch 37 	 Loss 0.21697418882951633
2021-05-01 18:46:36,876 Epoch 38 	 Loss 0.2141638417820354
2021-05-01 18:47:26,674 Epoch 39 	 Loss 0.21313625410362913
2021-05-01 18:48:16,515 Epoch 40 	 Loss 0.2110948050087625
2021-05-01 18:49:06,883 Epoch 41 	 Loss 0.21336858040028875
2021-05-01 18:49:57,432 Epoch 42 	 Loss 0.21238556586124085
2021-05-01 18:50:47,359 Epoch 43 	 Loss 0.21210435376717493
2021-05-01 18:51:37,469 Epoch 44 	 Loss 0.20580733903161771
2021-05-01 18:52:27,320 Epoch 45 	 Loss 0.20268685902867997
2021-05-01 18:53:17,708 Epoch 46 	 Loss 0.20291109628729767
2021-05-01 18:54:08,380 Epoch 47 	 Loss 0.202216618008666
2021-05-01 18:54:58,991 Epoch 48 	 Loss 0.20570438461644308
2021-05-01 18:55:49,211 Epoch 49 	 Loss 0.2008943253166073
2021-05-01 18:56:39,728 Epoch 50 	 Loss 0.1986366623378062
2021-05-01 18:57:30,008 Epoch 51 	 Loss 0.19662157208709927
2021-05-01 18:58:20,509 Epoch 52 	 Loss 0.19207255116530828
2021-05-01 18:59:10,758 Epoch 53 	 Loss 0.1889566890485994
2021-05-01 19:00:00,906 Epoch 54 	 Loss 0.18636447289487817
2021-05-01 19:00:51,245 Epoch 55 	 Loss 0.18704808200453663
2021-05-01 19:01:41,440 Epoch 56 	 Loss 0.18686135227863604
2021-05-01 19:02:31,606 Epoch 57 	 Loss 0.1887321236369374
2021-05-01 19:03:21,704 Epoch 58 	 Loss 0.18635533111436026
2021-05-01 19:04:11,887 Epoch 59 	 Loss 0.18251990780725583
2021-05-01 19:05:02,052 Epoch 60 	 Loss 0.18064259271045308
2021-05-01 19:05:52,036 Epoch 61 	 Loss 0.18112173127931552
2021-05-01 19:06:41,945 Epoch 62 	 Loss 0.18195236924585406
2021-05-01 19:07:31,946 Epoch 63 	 Loss 0.17851908930710383
2021-05-01 19:08:22,198 Epoch 64 	 Loss 0.17795044003607152
2021-05-01 19:09:12,388 Epoch 65 	 Loss 0.1809457391500473
2021-05-01 19:10:03,096 Epoch 66 	 Loss 0.17728406223621998
2021-05-01 19:10:53,289 Epoch 67 	 Loss 0.1772564729818931
2021-05-01 19:11:43,351 Epoch 68 	 Loss 0.17725483991287566
2021-05-01 19:12:33,014 Epoch 69 	 Loss 0.1779958997126464
2021-05-01 19:13:23,001 Epoch 70 	 Loss 0.175059036894159
2021-05-01 19:14:13,165 Epoch 71 	 Loss 0.17506526312330267
2021-05-01 19:15:03,237 Epoch 72 	 Loss 0.17088579640283688
2021-05-01 19:15:53,780 Epoch 73 	 Loss 0.1734400193442355
2021-05-01 19:16:44,038 Epoch 74 	 Loss 0.16971801876366793
2021-05-01 19:17:34,281 Epoch 75 	 Loss 0.16627103958156084
2021-05-01 19:18:24,824 Epoch 76 	 Loss 0.1686203923526701
2021-05-01 19:19:15,040 Epoch 77 	 Loss 0.1681120059974901
2021-05-01 19:20:05,114 Epoch 78 	 Loss 0.16684907281791772
2021-05-01 19:20:55,775 Epoch 79 	 Loss 0.16831264538424356
2021-05-01 19:21:46,570 Epoch 80 	 Loss 0.16544761860763635
2021-05-01 19:22:36,650 Epoch 81 	 Loss 0.16982468864419958
2021-05-01 19:23:49,779 Epoch 82 	 Loss 0.16852070628614216
2021-05-01 19:24:41,001 Epoch 83 	 Loss 0.16876310060967456
2021-05-01 19:25:31,518 Epoch 84 	 Loss 0.16677851188968826
2021-05-01 19:26:22,168 Epoch 85 	 Loss 0.16370141833693116
2021-05-01 19:27:13,122 Epoch 86 	 Loss 0.164146404508706
2021-05-01 19:28:03,544 Epoch 87 	 Loss 0.16388032053198134
2021-05-01 19:28:53,948 Epoch 88 	 Loss 0.16155353278576673
2021-05-01 19:29:44,318 Epoch 89 	 Loss 0.16456811801417842
2021-05-01 19:30:40,304 Epoch 90 	 Loss 0.1600708463689783
2021-05-01 19:31:34,291 Epoch 91 	 Loss 0.1602645680144593
2021-05-01 19:32:27,983 Epoch 92 	 Loss 0.16373435538876188
2021-05-01 19:33:18,803 Epoch 93 	 Loss 0.16178092376871422
2021-05-01 19:34:08,931 Epoch 94 	 Loss 0.16471252598605313
2021-05-01 19:34:59,487 Epoch 95 	 Loss 0.16256707235352025
2021-05-01 19:35:50,035 Epoch 96 	 Loss 0.16208994879827396
2021-05-01 19:36:40,107 Epoch 97 	 Loss 0.16386853747970456
2021-05-01 19:37:32,895 Epoch 98 	 Loss 0.16454024481904375
2021-05-01 19:38:24,247 Epoch 99 	 Loss 0.16636910035715
2021-05-01 19:38:47,483 RESULT FOR DATASET CVC-300

2021-05-01 19:38:47,483 ==============================
2021-05-01 19:38:47,483 

2021-05-01 19:38:47,483 recall: 0.9445078729341427

2021-05-01 19:38:47,483 specificity: 0.9900686671336492

2021-05-01 19:38:47,484 precision: 0.8139724187552929

2021-05-01 19:38:47,484 F1: 0.8501097838083903

2021-05-01 19:38:47,484 F2: 0.8864158009489377

2021-05-01 19:38:47,484 ACC_overall: 0.9883195708195368

2021-05-01 19:38:47,484 IoU_poly: 0.7823659336194396

2021-05-01 19:38:47,484 IoU_bg: 0.9879842340946198

2021-05-01 19:38:47,484 IoU_mean: 0.8851750880479813

2021-05-01 19:38:47,484 ==============================
2021-05-01 19:38:47,484 

2021-05-01 19:39:05,350 RESULT FOR DATASET CVC-ClinicDB

2021-05-01 19:39:05,351 ==============================
2021-05-01 19:39:05,351 

2021-05-01 19:39:05,351 recall: 0.9439537458144308

2021-05-01 19:39:05,352 specificity: 0.9925206995779469

2021-05-01 19:39:05,352 precision: 0.9050443561726781

2021-05-01 19:39:05,352 F1: 0.9164619026503773

2021-05-01 19:39:05,352 F2: 0.926574912994364

2021-05-01 19:39:05,352 ACC_overall: 0.9910591138947394

2021-05-01 19:39:05,353 IoU_poly: 0.8716669239264804

2021-05-01 19:39:05,353 IoU_bg: 0.9899490302608859

2021-05-01 19:39:05,353 IoU_mean: 0.930807979356858

2021-05-01 19:39:05,353 ==============================
2021-05-01 19:39:05,353 

2021-05-01 19:39:39,781 RESULT FOR DATASET Kvasir

2021-05-01 19:39:39,781 ==============================
2021-05-01 19:39:39,781 

2021-05-01 19:39:39,782 recall: 0.9152447390556335

2021-05-01 19:39:39,782 specificity: 0.982563954591751

2021-05-01 19:39:39,782 precision: 0.9185617324709893

2021-05-01 19:39:39,782 F1: 0.902412910759449

2021-05-01 19:39:39,782 F2: 0.9060968808829785

2021-05-01 19:39:39,782 ACC_overall: 0.9692512792348862

2021-05-01 19:39:39,782 IoU_poly: 0.8462711468338966

2021-05-01 19:39:39,782 IoU_bg: 0.9611887064576149

2021-05-01 19:39:39,782 IoU_mean: 0.903729926943779

2021-05-01 19:39:39,782 ==============================
2021-05-01 19:39:39,782 

2021-05-01 19:41:53,832 RESULT FOR DATASET CVC-ColonDB

2021-05-01 19:41:53,849 ==============================
2021-05-01 19:41:53,849 

2021-05-01 19:41:53,849 recall: 0.8418438793664265

2021-05-01 19:41:53,865 specificity: 0.9843724986440257

2021-05-01 19:41:53,865 precision: 0.7967243580933427

2021-05-01 19:41:53,865 F1: 0.7711404744541429

2021-05-01 19:41:53,865 F2: 0.7899391817253911

2021-05-01 19:41:53,865 ACC_overall: 0.9624140438280607

2021-05-01 19:41:53,865 IoU_poly: 0.6922853043408299

2021-05-01 19:41:53,865 IoU_bg: 0.9591906503627174

2021-05-01 19:41:53,865 IoU_mean: 0.8257379778905919

2021-05-01 19:41:53,865 ==============================
2021-05-01 19:41:53,865 

2021-05-01 19:43:21,389 RESULT FOR DATASET ETIS-LaribPolypDB

2021-05-01 19:43:21,389 ==============================
2021-05-01 19:43:21,389 

2021-05-01 19:43:21,389 recall: 0.8301315433952405

2021-05-01 19:43:21,389 specificity: 0.9850903667357503

2021-05-01 19:43:21,389 precision: 0.690843081570397

2021-05-01 19:43:21,389 F1: 0.724959990066727

2021-05-01 19:43:21,389 F2: 0.7744138996958081

2021-05-01 19:43:21,389 ACC_overall: 0.9832714793025231

2021-05-01 19:43:21,389 IoU_poly: 0.6435614038072605

2021-05-01 19:43:21,389 IoU_bg: 0.982448651170244

2021-05-01 19:43:21,389 IoU_mean: 0.8130050263538653

2021-05-01 19:43:21,390 ==============================
2021-05-01 19:43:21,390 

