2021-05-01 11:54:44,507 Epoch 0 	 Loss 0.7857068737784585
2021-05-01 11:55:39,000 Epoch 1 	 Loss 0.5236568100504823
2021-05-01 11:56:33,898 Epoch 2 	 Loss 0.4505565978668548
2021-05-01 11:57:28,756 Epoch 3 	 Loss 0.42249090036193093
2021-05-01 11:58:23,776 Epoch 4 	 Loss 0.3850693430874374
2021-05-01 11:59:18,858 Epoch 5 	 Loss 0.36663832310791855
2021-05-01 12:00:13,724 Epoch 6 	 Loss 0.35209763246578174
2021-05-01 12:01:08,736 Epoch 7 	 Loss 0.3435287189025145
2021-05-01 12:02:03,515 Epoch 8 	 Loss 0.33842568263247774
2021-05-01 12:02:58,485 Epoch 9 	 Loss 0.32713537032787615
2021-05-01 12:03:53,592 Epoch 10 	 Loss 0.31417450636297795
2021-05-01 12:04:48,307 Epoch 11 	 Loss 0.3164537403282228
2021-05-01 12:05:43,353 Epoch 12 	 Loss 0.30693743664484757
2021-05-01 12:06:38,434 Epoch 13 	 Loss 0.30373021157888264
2021-05-01 12:07:33,428 Epoch 14 	 Loss 0.2859497212774151
2021-05-01 12:08:28,290 Epoch 15 	 Loss 0.27771392644761683
2021-05-01 12:09:21,315 Epoch 16 	 Loss 0.28264070343185255
2021-05-01 12:10:13,703 Epoch 17 	 Loss 0.27484299537244733
2021-05-01 12:11:07,258 Epoch 18 	 Loss 0.26983317503562343
2021-05-01 12:12:00,128 Epoch 19 	 Loss 0.2722171541753706
2021-05-01 12:12:52,008 Epoch 20 	 Loss 0.2613458852846544
2021-05-01 12:13:43,758 Epoch 21 	 Loss 0.26914425652760726
2021-05-01 12:14:35,353 Epoch 22 	 Loss 0.2599405700361336
2021-05-01 12:15:27,030 Epoch 23 	 Loss 0.2564854544925166
2021-05-01 12:16:18,711 Epoch 24 	 Loss 0.25302035058592703
2021-05-01 12:17:10,295 Epoch 25 	 Loss 0.2585198713855429
2021-05-01 12:18:01,880 Epoch 26 	 Loss 0.24893716108667982
2021-05-01 12:18:53,503 Epoch 27 	 Loss 0.2448397789682661
2021-05-01 12:19:45,215 Epoch 28 	 Loss 0.2412235818721436
2021-05-01 12:20:36,909 Epoch 29 	 Loss 0.24210331875544328
2021-05-01 12:21:28,594 Epoch 30 	 Loss 0.24036806838198022
2021-05-01 12:22:20,298 Epoch 31 	 Loss 0.2381332413508342
2021-05-01 12:23:12,089 Epoch 32 	 Loss 0.22673051894366086
2021-05-01 12:24:03,935 Epoch 33 	 Loss 0.2304526469209692
2021-05-01 12:24:55,721 Epoch 34 	 Loss 0.2289632172374935
2021-05-01 12:25:47,549 Epoch 35 	 Loss 0.2311076785509403
2021-05-01 12:26:39,292 Epoch 36 	 Loss 0.2267880922817922
2021-05-01 12:27:30,930 Epoch 37 	 Loss 0.2234390384548313
2021-05-01 12:28:22,709 Epoch 38 	 Loss 0.22066981124353932
2021-05-01 12:29:14,433 Epoch 39 	 Loss 0.2219272704569848
2021-05-01 12:30:06,114 Epoch 40 	 Loss 0.22136884321878245
2021-05-01 12:30:57,769 Epoch 41 	 Loss 0.21249928202602889
2021-05-01 12:31:49,339 Epoch 42 	 Loss 0.2069050330709625
2021-05-01 12:32:41,031 Epoch 43 	 Loss 0.2035145382959764
2021-05-01 12:33:32,732 Epoch 44 	 Loss 0.21596990967844867
2021-05-01 12:34:24,356 Epoch 45 	 Loss 0.20559862550798352
2021-05-01 12:35:16,022 Epoch 46 	 Loss 0.20951281700815474
2021-05-01 12:36:07,768 Epoch 47 	 Loss 0.2181772645358201
2021-05-01 12:36:59,445 Epoch 48 	 Loss 0.2060955366590521
2021-05-01 12:37:51,111 Epoch 49 	 Loss 0.19761362016856016
2021-05-01 12:38:42,828 Epoch 50 	 Loss 0.20133418090395874
2021-05-01 12:39:34,592 Epoch 51 	 Loss 0.19594927639751644
2021-05-01 12:40:26,240 Epoch 52 	 Loss 0.1991241937810248
2021-05-01 12:41:17,946 Epoch 53 	 Loss 0.1967067104447019
2021-05-01 12:42:09,605 Epoch 54 	 Loss 0.19058708126073357
2021-05-01 12:43:01,228 Epoch 55 	 Loss 0.19737681599108728
2021-05-01 12:43:52,985 Epoch 56 	 Loss 0.18842676478427844
2021-05-01 12:44:44,614 Epoch 57 	 Loss 0.18971545224661354
2021-05-01 12:45:36,254 Epoch 58 	 Loss 0.18821363937068772
2021-05-01 12:46:28,033 Epoch 59 	 Loss 0.1814712826367263
2021-05-01 12:47:19,697 Epoch 60 	 Loss 0.185553409241058
2021-05-01 12:48:11,261 Epoch 61 	 Loss 0.18720295222905967
2021-05-01 12:49:03,007 Epoch 62 	 Loss 0.18430684244894718
2021-05-01 12:49:54,876 Epoch 63 	 Loss 0.1811469690157817
2021-05-01 12:50:46,610 Epoch 64 	 Loss 0.18573538402279655
2021-05-01 12:51:38,360 Epoch 65 	 Loss 0.18265703779000503
2021-05-01 12:52:30,043 Epoch 66 	 Loss 0.17553346268423312
2021-05-01 12:53:21,685 Epoch 67 	 Loss 0.17902276394786415
2021-05-01 12:54:13,321 Epoch 68 	 Loss 0.1778873188810034
2021-05-01 12:55:05,037 Epoch 69 	 Loss 0.17546757728188903
2021-05-01 12:55:56,666 Epoch 70 	 Loss 0.17518913025384422
2021-05-01 12:56:48,380 Epoch 71 	 Loss 0.1739535791860832
2021-05-01 12:57:40,109 Epoch 72 	 Loss 0.17220685540974795
2021-05-01 12:58:31,749 Epoch 73 	 Loss 0.17269420132532223
2021-05-01 12:59:23,370 Epoch 74 	 Loss 0.17253708020671382
2021-05-01 13:00:15,180 Epoch 75 	 Loss 0.17221244940390953
2021-05-01 13:01:06,884 Epoch 76 	 Loss 0.17320137675646896
2021-05-01 13:01:58,534 Epoch 77 	 Loss 0.17046412448961656
2021-05-01 13:02:50,210 Epoch 78 	 Loss 0.17036030220461415
2021-05-01 13:03:41,828 Epoch 79 	 Loss 0.16931042893902287
2021-05-01 13:04:33,566 Epoch 80 	 Loss 0.1711620236491109
2021-05-01 13:05:25,231 Epoch 81 	 Loss 0.16915283425823674
2021-05-01 13:06:16,847 Epoch 82 	 Loss 0.16708481606546338
2021-05-01 13:07:08,648 Epoch 83 	 Loss 0.16700976006277315
2021-05-01 13:08:00,319 Epoch 84 	 Loss 0.16765995503781916
2021-05-01 13:08:52,122 Epoch 85 	 Loss 0.16826570476149463
2021-05-01 13:09:43,777 Epoch 86 	 Loss 0.16928090441685456
2021-05-01 13:10:35,579 Epoch 87 	 Loss 0.16487747815611598
2021-05-01 13:11:27,335 Epoch 88 	 Loss 0.1658857721057567
2021-05-01 13:12:18,971 Epoch 89 	 Loss 0.16652604953928307
2021-05-01 13:13:10,731 Epoch 90 	 Loss 0.1684879991379413
2021-05-01 13:14:02,406 Epoch 91 	 Loss 0.16405031494386904
2021-05-01 13:14:54,066 Epoch 92 	 Loss 0.16534491636595883
2021-05-01 13:15:45,798 Epoch 93 	 Loss 0.16761857156570142
2021-05-01 13:16:37,415 Epoch 94 	 Loss 0.16211988490361434
2021-05-01 13:17:29,053 Epoch 95 	 Loss 0.1653958396924721
2021-05-01 13:18:20,775 Epoch 96 	 Loss 0.16495786263392523
2021-05-01 13:19:12,451 Epoch 97 	 Loss 0.1678175123838278
2021-05-01 13:20:04,078 Epoch 98 	 Loss 0.1669510997586198
2021-05-01 13:20:55,676 Epoch 99 	 Loss 0.1656047456212096
2021-05-01 13:21:15,047 RESULT FOR DATASET CVC-300

2021-05-01 13:21:15,047 ==============================
2021-05-01 13:21:15,048 

2021-05-01 13:21:15,048 recall: 0.9661435683568319

2021-05-01 13:21:15,048 specificity: 0.9888237277666728

2021-05-01 13:21:15,048 precision: 0.804063202937444

2021-05-01 13:21:15,048 F1: 0.8526471890509129

2021-05-01 13:21:15,048 F2: 0.8987684910496075

2021-05-01 13:21:15,048 ACC_overall: 0.9879930903514226

2021-05-01 13:21:15,048 IoU_poly: 0.7798736189802488

2021-05-01 13:21:15,048 IoU_bg: 0.9876043975353241

2021-05-01 13:21:15,048 IoU_mean: 0.8837390075127284

2021-05-01 13:21:15,048 ==============================
2021-05-01 13:21:15,048 

2021-05-01 13:21:30,758 RESULT FOR DATASET CVC-ClinicDB

2021-05-01 13:21:30,758 ==============================
2021-05-01 13:21:30,758 

2021-05-01 13:21:30,758 recall: 0.9408548445470871

2021-05-01 13:21:30,758 specificity: 0.9946405262716355

2021-05-01 13:21:30,758 precision: 0.9039343178512589

2021-05-01 13:21:30,758 F1: 0.9125394446234549

2021-05-01 13:21:30,758 F2: 0.9235303118344276

2021-05-01 13:21:30,758 ACC_overall: 0.991097032062469

2021-05-01 13:21:30,758 IoU_poly: 0.8633907936633595

2021-05-01 13:21:30,758 IoU_bg: 0.9894260379575914

2021-05-01 13:21:30,758 IoU_mean: 0.9264084139177876

2021-05-01 13:21:30,758 ==============================
2021-05-01 13:21:30,759 

2021-05-01 13:22:01,144 RESULT FOR DATASET Kvasir

2021-05-01 13:22:01,145 ==============================
2021-05-01 13:22:01,145 

2021-05-01 13:22:01,145 recall: 0.9137852324545384

2021-05-01 13:22:01,145 specificity: 0.9875113916397095

2021-05-01 13:22:01,145 precision: 0.9316827854514123

2021-05-01 13:22:01,145 F1: 0.9115498742461204

2021-05-01 13:22:01,145 F2: 0.9100903467833996

2021-05-01 13:22:01,145 ACC_overall: 0.9737382727861404

2021-05-01 13:22:01,145 IoU_poly: 0.8590384936332702

2021-05-01 13:22:01,145 IoU_bg: 0.9658017563819885

2021-05-01 13:22:01,145 IoU_mean: 0.9124201226234436

2021-05-01 13:22:01,145 ==============================
2021-05-01 13:22:01,145 

2021-05-01 13:23:59,534 RESULT FOR DATASET CVC-ColonDB

2021-05-01 13:23:59,534 ==============================
2021-05-01 13:23:59,534 

2021-05-01 13:23:59,534 recall: 0.8347179062492542

2021-05-01 13:23:59,534 specificity: 0.9865533126027961

2021-05-01 13:23:59,534 precision: 0.8131799848833333

2021-05-01 13:23:59,534 F1: 0.7749636847596632

2021-05-01 13:23:59,534 F2: 0.7906073401786599

2021-05-01 13:23:59,534 ACC_overall: 0.9621628576203396

2021-05-01 13:23:59,534 IoU_poly: 0.6957307357477834

2021-05-01 13:23:59,534 IoU_bg: 0.9594400783118449

2021-05-01 13:23:59,534 IoU_mean: 0.8275854072288463

2021-05-01 13:23:59,534 ==============================
2021-05-01 13:23:59,534 

2021-05-01 13:25:22,047 RESULT FOR DATASET ETIS-LaribPolypDB

2021-05-01 13:25:22,047 ==============================
2021-05-01 13:25:22,048 

2021-05-01 13:25:22,048 recall: 0.8546633536681133

2021-05-01 13:25:22,048 specificity: 0.9849934319452364

2021-05-01 13:25:22,048 precision: 0.7029790928611976

2021-05-01 13:25:22,048 F1: 0.7466726214623457

2021-05-01 13:25:22,048 F2: 0.7957845492211925

2021-05-01 13:25:22,048 ACC_overall: 0.9828156299737035

2021-05-01 13:25:22,048 IoU_poly: 0.6613377869011067

2021-05-01 13:25:22,048 IoU_bg: 0.9819586076298539

2021-05-01 13:25:22,048 IoU_mean: 0.8216481969064596

2021-05-01 13:25:22,048 ==============================
2021-05-01 13:25:22,048 

