2021-05-05 02:18:05,838 Epoch 0 	 Loss 0.7668382564743796
2021-05-05 02:18:54,831 Epoch 1 	 Loss 0.4964281759419284
2021-05-05 02:19:43,892 Epoch 2 	 Loss 0.41621828079223633
2021-05-05 02:20:33,042 Epoch 3 	 Loss 0.39165131993346164
2021-05-05 02:21:22,112 Epoch 4 	 Loss 0.3745873829165658
2021-05-05 02:22:11,370 Epoch 5 	 Loss 0.35896232887938784
2021-05-05 02:23:00,603 Epoch 6 	 Loss 0.34088319147026147
2021-05-05 02:23:49,711 Epoch 7 	 Loss 0.33575435343024496
2021-05-05 02:24:38,951 Epoch 8 	 Loss 0.3138145742180583
2021-05-05 02:25:28,080 Epoch 9 	 Loss 0.31602712777944714
2021-05-05 02:26:17,232 Epoch 10 	 Loss 0.30292800740226283
2021-05-05 02:27:06,516 Epoch 11 	 Loss 0.30084418841115723
2021-05-05 02:27:55,652 Epoch 12 	 Loss 0.302697724038428
2021-05-05 02:28:44,752 Epoch 13 	 Loss 0.28834833171996443
2021-05-05 02:29:33,985 Epoch 14 	 Loss 0.28419443653835047
2021-05-05 02:30:23,288 Epoch 15 	 Loss 0.2846176851909239
2021-05-05 02:31:12,590 Epoch 16 	 Loss 0.27486706467775196
2021-05-05 02:32:01,814 Epoch 17 	 Loss 0.26821299585012287
2021-05-05 02:32:50,950 Epoch 18 	 Loss 0.2623160155592384
2021-05-05 02:33:40,030 Epoch 19 	 Loss 0.2553456730239994
2021-05-05 02:34:29,201 Epoch 20 	 Loss 0.25708804631626214
2021-05-05 02:35:18,405 Epoch 21 	 Loss 0.26200795894140727
2021-05-05 02:36:07,508 Epoch 22 	 Loss 0.2580632975140771
2021-05-05 02:36:56,766 Epoch 23 	 Loss 0.25033574248408225
2021-05-05 02:37:46,009 Epoch 24 	 Loss 0.24022148238433585
2021-05-05 02:38:35,264 Epoch 25 	 Loss 0.2448945836378978
2021-05-05 02:39:24,651 Epoch 26 	 Loss 0.24656728401288883
2021-05-05 02:40:13,818 Epoch 27 	 Loss 0.23980402799098047
2021-05-05 02:41:03,087 Epoch 28 	 Loss 0.23951570624178584
2021-05-05 02:41:52,350 Epoch 29 	 Loss 0.23668220213481359
2021-05-05 02:42:41,652 Epoch 30 	 Loss 0.24414991120715718
2021-05-05 02:43:30,916 Epoch 31 	 Loss 0.23499571638447897
2021-05-05 02:44:20,082 Epoch 32 	 Loss 0.22855844635229844
2021-05-05 02:45:09,311 Epoch 33 	 Loss 0.22592542164928311
2021-05-05 02:45:58,501 Epoch 34 	 Loss 0.21812503039836884
2021-05-05 02:46:47,615 Epoch 35 	 Loss 0.22924122361691443
2021-05-05 02:47:36,780 Epoch 36 	 Loss 0.21671882108017637
2021-05-05 02:48:25,981 Epoch 37 	 Loss 0.21697418882951633
2021-05-05 02:49:15,227 Epoch 38 	 Loss 0.2141638417820354
2021-05-05 02:50:04,268 Epoch 39 	 Loss 0.21313625410362913
2021-05-05 02:50:53,411 Epoch 40 	 Loss 0.2110948050087625
2021-05-05 02:51:42,564 Epoch 41 	 Loss 0.21336858040028875
2021-05-05 02:52:31,743 Epoch 42 	 Loss 0.21238556586124085
2021-05-05 02:53:21,041 Epoch 43 	 Loss 0.21210435376717493
2021-05-05 02:54:10,268 Epoch 44 	 Loss 0.20580733903161771
2021-05-05 02:54:59,344 Epoch 45 	 Loss 0.20268685902867997
2021-05-05 02:55:48,560 Epoch 46 	 Loss 0.20291109628729767
2021-05-05 02:56:37,757 Epoch 47 	 Loss 0.202216618008666
2021-05-05 02:57:27,035 Epoch 48 	 Loss 0.20570438461644308
2021-05-05 02:58:16,251 Epoch 49 	 Loss 0.2008943253166073
2021-05-05 02:59:05,415 Epoch 50 	 Loss 0.1986366623378062
2021-05-05 02:59:54,580 Epoch 51 	 Loss 0.19662157208709927
2021-05-05 03:00:43,824 Epoch 52 	 Loss 0.19207255116530828
2021-05-05 03:01:33,005 Epoch 53 	 Loss 0.1889566890485994
2021-05-05 03:02:22,193 Epoch 54 	 Loss 0.18636447289487817
2021-05-05 03:03:11,329 Epoch 55 	 Loss 0.18704808200453663
2021-05-05 03:04:00,587 Epoch 56 	 Loss 0.18686135227863604
2021-05-05 03:04:49,729 Epoch 57 	 Loss 0.1887321236369374
2021-05-05 03:05:38,905 Epoch 58 	 Loss 0.18635533111436026
2021-05-05 03:06:28,052 Epoch 59 	 Loss 0.18251990780725583
2021-05-05 03:07:17,176 Epoch 60 	 Loss 0.18064259271045308
2021-05-05 03:08:06,261 Epoch 61 	 Loss 0.18112173127931552
2021-05-05 03:08:55,417 Epoch 62 	 Loss 0.18195236924585406
2021-05-05 03:09:44,685 Epoch 63 	 Loss 0.17851908930710383
2021-05-05 03:10:33,912 Epoch 64 	 Loss 0.17795044003607152
2021-05-05 03:11:23,127 Epoch 65 	 Loss 0.1809457391500473
2021-05-05 03:12:12,341 Epoch 66 	 Loss 0.17728406223621998
2021-05-05 03:13:01,681 Epoch 67 	 Loss 0.1772564729818931
2021-05-05 03:13:50,816 Epoch 68 	 Loss 0.17725483991287566
2021-05-05 03:14:40,048 Epoch 69 	 Loss 0.1779958997126464
2021-05-05 03:15:29,333 Epoch 70 	 Loss 0.175059036894159
2021-05-05 03:16:18,511 Epoch 71 	 Loss 0.17506526312330267
2021-05-05 03:17:07,763 Epoch 72 	 Loss 0.17088579640283688
2021-05-05 03:17:56,945 Epoch 73 	 Loss 0.1734400193442355
2021-05-05 03:18:46,193 Epoch 74 	 Loss 0.16971801876366793
2021-05-05 03:19:35,296 Epoch 75 	 Loss 0.16627103958156084
2021-05-05 03:20:24,547 Epoch 76 	 Loss 0.1686203923526701
2021-05-05 03:21:13,777 Epoch 77 	 Loss 0.1681120059974901
2021-05-05 03:22:03,013 Epoch 78 	 Loss 0.16684907281791772
2021-05-05 03:22:52,276 Epoch 79 	 Loss 0.16831264538424356
2021-05-05 03:23:41,406 Epoch 80 	 Loss 0.16544761860763635
2021-05-05 03:24:30,657 Epoch 81 	 Loss 0.16982468864419958
2021-05-05 03:25:19,812 Epoch 82 	 Loss 0.16852070628614216
2021-05-05 03:26:08,986 Epoch 83 	 Loss 0.16876310060967456
2021-05-05 03:26:58,232 Epoch 84 	 Loss 0.16677851188968826
2021-05-05 03:27:47,416 Epoch 85 	 Loss 0.16370141833693116
2021-05-05 03:28:36,612 Epoch 86 	 Loss 0.164146404508706
2021-05-05 03:29:25,762 Epoch 87 	 Loss 0.16388032053198134
2021-05-05 03:30:15,095 Epoch 88 	 Loss 0.16155353278576673
2021-05-05 03:31:04,186 Epoch 89 	 Loss 0.16456811801417842
2021-05-05 03:31:53,308 Epoch 90 	 Loss 0.1600708463689783
2021-05-05 03:32:42,409 Epoch 91 	 Loss 0.1602645680144593
2021-05-05 03:33:31,616 Epoch 92 	 Loss 0.16373435538876188
2021-05-05 03:34:20,821 Epoch 93 	 Loss 0.16178092376871422
2021-05-05 03:35:09,951 Epoch 94 	 Loss 0.16471252598605313
2021-05-05 03:35:59,081 Epoch 95 	 Loss 0.16256707235352025
2021-05-05 03:36:48,333 Epoch 96 	 Loss 0.16208994879827396
2021-05-05 03:37:37,537 Epoch 97 	 Loss 0.16386853747970456
2021-05-05 03:38:26,881 Epoch 98 	 Loss 0.16454024481904375
2021-05-05 03:39:15,932 Epoch 99 	 Loss 0.16636910035715
2021-05-05 03:39:36,368 RESULT FOR DATASET CVC-300

2021-05-05 03:39:36,368 ==============================
2021-05-05 03:39:36,368 

2021-05-05 03:39:36,368 recall: 0.9445078729341427

2021-05-05 03:39:36,368 specificity: 0.9900686671336492

2021-05-05 03:39:36,368 precision: 0.8139724187552929

2021-05-05 03:39:36,368 F1: 0.8501097838083903

2021-05-05 03:39:36,369 F2: 0.8864158009489377

2021-05-05 03:39:36,369 ACC_overall: 0.9883195708195368

2021-05-05 03:39:36,369 IoU_poly: 0.7823659336194396

2021-05-05 03:39:36,369 IoU_bg: 0.9879842340946198

2021-05-05 03:39:36,369 IoU_mean: 0.8851750880479813

2021-05-05 03:39:36,369 ==============================
2021-05-05 03:39:36,369 

2021-05-05 03:39:53,118 RESULT FOR DATASET CVC-ClinicDB

2021-05-05 03:39:53,118 ==============================
2021-05-05 03:39:53,118 

2021-05-05 03:39:53,118 recall: 0.9439537458144308

2021-05-05 03:39:53,118 specificity: 0.9925206995779469

2021-05-05 03:39:53,119 precision: 0.9050443561726781

2021-05-05 03:39:53,119 F1: 0.9164619026503773

2021-05-05 03:39:53,119 F2: 0.926574912994364

2021-05-05 03:39:53,119 ACC_overall: 0.9910591138947394

2021-05-05 03:39:53,119 IoU_poly: 0.8716669239264804

2021-05-05 03:39:53,119 IoU_bg: 0.9899490302608859

2021-05-05 03:39:53,119 IoU_mean: 0.930807979356858

2021-05-05 03:39:53,119 ==============================
2021-05-05 03:39:53,119 

2021-05-05 03:40:24,390 RESULT FOR DATASET Kvasir

2021-05-05 03:40:24,390 ==============================
2021-05-05 03:40:24,390 

2021-05-05 03:40:24,390 recall: 0.9152447390556335

2021-05-05 03:40:24,390 specificity: 0.982563954591751

2021-05-05 03:40:24,390 precision: 0.9185617324709893

2021-05-05 03:40:24,390 F1: 0.902412910759449

2021-05-05 03:40:24,390 F2: 0.9060968808829785

2021-05-05 03:40:24,390 ACC_overall: 0.9692512792348862

2021-05-05 03:40:24,390 IoU_poly: 0.8462711468338966

2021-05-05 03:40:24,390 IoU_bg: 0.9611887064576149

2021-05-05 03:40:24,390 IoU_mean: 0.903729926943779

2021-05-05 03:40:24,390 ==============================
2021-05-05 03:40:24,390 

2021-05-05 03:42:26,526 RESULT FOR DATASET CVC-ColonDB

2021-05-05 03:42:26,526 ==============================
2021-05-05 03:42:26,526 

2021-05-05 03:42:26,526 recall: 0.8418438793664265

2021-05-05 03:42:26,526 specificity: 0.9843724986440257

2021-05-05 03:42:26,526 precision: 0.7967243580933427

2021-05-05 03:42:26,526 F1: 0.7711404744541429

2021-05-05 03:42:26,526 F2: 0.7899391817253911

2021-05-05 03:42:26,526 ACC_overall: 0.9624140438280607

2021-05-05 03:42:26,526 IoU_poly: 0.6922853043408299

2021-05-05 03:42:26,526 IoU_bg: 0.9591906503627174

2021-05-05 03:42:26,527 IoU_mean: 0.8257379778905919

2021-05-05 03:42:26,527 ==============================
2021-05-05 03:42:26,527 

2021-05-05 03:43:52,371 RESULT FOR DATASET ETIS-LaribPolypDB

2021-05-05 03:43:52,372 ==============================
2021-05-05 03:43:52,372 

2021-05-05 03:43:52,372 recall: 0.8301315433952405

2021-05-05 03:43:52,372 specificity: 0.9850903667357503

2021-05-05 03:43:52,372 precision: 0.690843081570397

2021-05-05 03:43:52,372 F1: 0.724959990066727

2021-05-05 03:43:52,372 F2: 0.7744138996958081

2021-05-05 03:43:52,372 ACC_overall: 0.9832714793025231

2021-05-05 03:43:52,372 IoU_poly: 0.6435614038072605

2021-05-05 03:43:52,372 IoU_bg: 0.982448651170244

2021-05-05 03:43:52,372 IoU_mean: 0.8130050263538653

2021-05-05 03:43:52,372 ==============================
2021-05-05 03:43:52,372 

