2021-05-10 15:32:28,100 Epoch 0 	 Loss 0.7918157944312463
2021-05-10 15:33:10,326 Epoch 1 	 Loss 0.5144826275306743
2021-05-10 15:33:52,518 Epoch 2 	 Loss 0.46258495305920694
2021-05-10 15:34:34,669 Epoch 3 	 Loss 0.4062061784686623
2021-05-10 15:35:17,302 Epoch 4 	 Loss 0.3918869207193563
2021-05-10 15:36:00,593 Epoch 5 	 Loss 0.3689104480730308
2021-05-10 15:36:44,399 Epoch 6 	 Loss 0.3559540621526949
2021-05-10 15:37:27,524 Epoch 7 	 Loss 0.3401306386177356
2021-05-10 15:38:07,331 Epoch 8 	 Loss 0.33176684592451366
2021-05-10 15:38:47,064 Epoch 9 	 Loss 0.3151556618593551
2021-05-10 15:39:26,920 Epoch 10 	 Loss 0.3108642934770374
2021-05-10 15:40:06,761 Epoch 11 	 Loss 0.3044938978913066
2021-05-10 15:40:47,285 Epoch 12 	 Loss 0.3006205869900001
2021-05-10 15:41:31,219 Epoch 13 	 Loss 0.29901920095249845
2021-05-10 15:42:15,309 Epoch 14 	 Loss 0.29136201722936317
2021-05-10 15:43:00,114 Epoch 15 	 Loss 0.29801434949859157
2021-05-10 15:43:44,342 Epoch 16 	 Loss 0.2764298642402167
2021-05-10 15:44:29,255 Epoch 17 	 Loss 0.2908462626593454
2021-05-10 15:45:13,396 Epoch 18 	 Loss 0.2833753974883111
2021-05-10 15:45:57,279 Epoch 19 	 Loss 0.27351584277310215
2021-05-10 15:46:38,202 Epoch 20 	 Loss 0.2714435148697633
2021-05-10 15:47:19,368 Epoch 21 	 Loss 0.25513799423044853
2021-05-10 15:47:59,487 Epoch 22 	 Loss 0.2537895814403073
2021-05-10 15:48:40,247 Epoch 23 	 Loss 0.2575349516265995
2021-05-10 15:49:21,552 Epoch 24 	 Loss 0.26055507132640254
2021-05-10 15:50:02,713 Epoch 25 	 Loss 0.2561233089520381
2021-05-10 15:50:43,824 Epoch 26 	 Loss 0.2458664778169695
2021-05-10 15:51:24,300 Epoch 27 	 Loss 0.2546441214425223
2021-05-10 15:52:04,781 Epoch 28 	 Loss 0.2494125783770949
2021-05-10 15:52:45,335 Epoch 29 	 Loss 0.24535951280331875
2021-05-10 15:53:26,247 Epoch 30 	 Loss 0.2321684928713264
2021-05-10 15:54:06,868 Epoch 31 	 Loss 0.2483359964994284
2021-05-10 15:54:48,236 Epoch 32 	 Loss 0.2305402989898409
2021-05-10 15:55:30,212 Epoch 33 	 Loss 0.22766273804418333
2021-05-10 15:56:12,101 Epoch 34 	 Loss 0.22754289226217583
2021-05-10 15:56:54,576 Epoch 35 	 Loss 0.2169925909448456
2021-05-10 15:57:35,375 Epoch 36 	 Loss 0.2261029662011744
2021-05-10 15:58:16,732 Epoch 37 	 Loss 0.2265994098487791
2021-05-10 15:58:57,871 Epoch 38 	 Loss 0.22614340025645036
2021-05-10 15:59:39,132 Epoch 39 	 Loss 0.22305348974007827
2021-05-10 16:00:20,046 Epoch 40 	 Loss 0.22027656812589247
2021-05-10 16:01:01,475 Epoch 41 	 Loss 0.20871269555537256
2021-05-10 16:01:42,602 Epoch 42 	 Loss 0.20719559507055596
2021-05-10 16:02:24,078 Epoch 43 	 Loss 0.2183058758030881
2021-05-10 16:03:05,224 Epoch 44 	 Loss 0.2104982907300467
2021-05-10 16:03:45,362 Epoch 45 	 Loss 0.2130513166660791
2021-05-10 16:04:25,905 Epoch 46 	 Loss 0.21310734437717185
2021-05-10 16:05:06,083 Epoch 47 	 Loss 0.20616082208497183
2021-05-10 16:05:47,584 Epoch 48 	 Loss 0.21194580262833898
2021-05-10 16:06:29,974 Epoch 49 	 Loss 0.2053444863675715
2021-05-10 16:07:11,344 Epoch 50 	 Loss 0.2021253145003057
2021-05-10 16:07:51,596 Epoch 51 	 Loss 0.2022333454627257
2021-05-10 16:08:32,570 Epoch 52 	 Loss 0.19932753371668385
2021-05-10 16:09:14,271 Epoch 53 	 Loss 0.1981751702644013
2021-05-10 16:09:55,816 Epoch 54 	 Loss 0.1951510243035935
2021-05-10 16:10:37,836 Epoch 55 	 Loss 0.19184684114796774
2021-05-10 16:11:19,046 Epoch 56 	 Loss 0.1942748935013027
2021-05-10 16:12:00,695 Epoch 57 	 Loss 0.19428208355720228
2021-05-10 16:12:42,322 Epoch 58 	 Loss 0.19245243400007814
2021-05-10 16:13:22,961 Epoch 59 	 Loss 0.1952628609570828
2021-05-10 16:14:03,610 Epoch 60 	 Loss 0.18777363919294798
2021-05-10 16:14:44,264 Epoch 61 	 Loss 0.18335914955689356
2021-05-10 16:15:25,983 Epoch 62 	 Loss 0.18429380016667501
2021-05-10 16:16:06,255 Epoch 63 	 Loss 0.1820542913871807
2021-05-10 16:16:46,563 Epoch 64 	 Loss 0.18638215353200724
2021-05-10 16:17:26,826 Epoch 65 	 Loss 0.1814496099621385
2021-05-10 16:18:07,007 Epoch 66 	 Loss 0.18109893585954392
2021-05-10 16:18:48,777 Epoch 67 	 Loss 0.18061249023610418
2021-05-10 16:19:29,651 Epoch 68 	 Loss 0.179591871879913
2021-05-10 16:20:10,114 Epoch 69 	 Loss 0.17692027789550824
2021-05-10 16:20:51,065 Epoch 70 	 Loss 0.17996837624481746
2021-05-10 16:21:32,013 Epoch 71 	 Loss 0.17745311836619954
2021-05-10 16:22:12,966 Epoch 72 	 Loss 0.17189920472574757
2021-05-10 16:22:54,538 Epoch 73 	 Loss 0.1760833972430491
2021-05-10 16:23:34,933 Epoch 74 	 Loss 0.17484469613531134
2021-05-10 16:24:16,213 Epoch 75 	 Loss 0.17336188903549216
2021-05-10 16:24:57,264 Epoch 76 	 Loss 0.17840251735933535
2021-05-10 16:25:38,849 Epoch 77 	 Loss 0.17393451159471993
2021-05-10 16:26:20,076 Epoch 78 	 Loss 0.1715542176267603
2021-05-10 16:27:01,308 Epoch 79 	 Loss 0.1716603492642497
2021-05-10 16:27:42,562 Epoch 80 	 Loss 0.17016489181544756
2021-05-10 16:28:25,740 Epoch 81 	 Loss 0.1724385401377311
2021-05-10 16:29:07,344 Epoch 82 	 Loss 0.16890971215216669
2021-05-10 16:29:47,993 Epoch 83 	 Loss 0.17164632792656237
2021-05-10 16:30:28,701 Epoch 84 	 Loss 0.17001907109886735
2021-05-10 16:31:09,552 Epoch 85 	 Loss 0.1706828419323806
2021-05-10 16:31:50,697 Epoch 86 	 Loss 0.1688842788174912
2021-05-10 16:32:31,488 Epoch 87 	 Loss 0.16915245092177128
2021-05-10 16:33:12,296 Epoch 88 	 Loss 0.17001804021688607
2021-05-10 16:33:52,997 Epoch 89 	 Loss 0.16788433786931928
2021-05-10 16:34:33,790 Epoch 90 	 Loss 0.1717685082784066
2021-05-10 16:35:14,419 Epoch 91 	 Loss 0.16858948668935797
2021-05-10 16:35:55,383 Epoch 92 	 Loss 0.1654179898592142
2021-05-10 16:36:36,392 Epoch 93 	 Loss 0.1675765193425692
2021-05-10 16:37:16,960 Epoch 94 	 Loss 0.1680251094666156
2021-05-10 16:37:58,116 Epoch 95 	 Loss 0.16950181192094152
2021-05-10 16:38:39,691 Epoch 96 	 Loss 0.16365043671576532
2021-05-10 16:39:19,980 Epoch 97 	 Loss 0.16814438965949383
2021-05-10 16:40:00,439 Epoch 98 	 Loss 0.16780759729854353
2021-05-10 16:40:41,167 Epoch 99 	 Loss 0.16911934250658686
2021-05-10 16:41:03,394 RESULT FOR DATASET CVC-300

2021-05-10 16:41:03,394 ==============================
2021-05-10 16:41:03,394 

2021-05-10 16:41:03,394 recall: 0.962521759668986

2021-05-10 16:41:03,395 specificity: 0.9919013251860936

2021-05-10 16:41:03,395 precision: 0.8342045123378435

2021-05-10 16:41:03,395 F1: 0.8723894918958346

2021-05-10 16:41:03,395 F2: 0.9085971742868424

2021-05-10 16:41:03,395 ACC_overall: 0.9909162590901057

2021-05-10 16:41:03,395 IoU_poly: 0.8066761460155248

2021-05-10 16:41:03,395 IoU_bg: 0.9906525353590647

2021-05-10 16:41:03,395 IoU_mean: 0.8986643443504969

2021-05-10 16:41:03,395 ==============================
2021-05-10 16:41:03,395 

2021-05-10 16:41:21,399 RESULT FOR DATASET CVC-ClinicDB

2021-05-10 16:41:21,399 ==============================
2021-05-10 16:41:21,399 

2021-05-10 16:41:21,399 recall: 0.9263916569348846

2021-05-10 16:41:21,399 specificity: 0.9933263515272448

2021-05-10 16:41:21,400 precision: 0.8968041554107913

2021-05-10 16:41:21,400 F1: 0.8953232011300579

2021-05-10 16:41:21,400 F2: 0.9073046048945417

2021-05-10 16:41:21,400 ACC_overall: 0.9906548482756461

2021-05-10 16:41:21,400 IoU_poly: 0.8506130234849069

2021-05-10 16:41:21,400 IoU_bg: 0.9890928403023751

2021-05-10 16:41:21,400 IoU_mean: 0.9198529330953475

2021-05-10 16:41:21,400 ==============================
2021-05-10 16:41:21,400 

2021-05-10 16:41:54,968 RESULT FOR DATASET Kvasir

2021-05-10 16:41:54,968 ==============================
2021-05-10 16:41:54,968 

2021-05-10 16:41:54,968 recall: 0.8976894870400429

2021-05-10 16:41:54,969 specificity: 0.9896773374080658

2021-05-10 16:41:54,969 precision: 0.9404891800880432

2021-05-10 16:41:54,969 F1: 0.907948844730854

2021-05-10 16:41:54,969 F2: 0.899795528948307

2021-05-10 16:41:54,969 ACC_overall: 0.9725292432308197

2021-05-10 16:41:54,969 IoU_poly: 0.8517638301849365

2021-05-10 16:41:54,969 IoU_bg: 0.9650627508759498

2021-05-10 16:41:54,969 IoU_mean: 0.9084132874011993

2021-05-10 16:41:54,969 ==============================
2021-05-10 16:41:54,969 

2021-05-10 16:44:02,476 RESULT FOR DATASET CVC-ColonDB

2021-05-10 16:44:02,476 ==============================
2021-05-10 16:44:02,476 

2021-05-10 16:44:02,476 recall: 0.8010568110423552

2021-05-10 16:44:02,476 specificity: 0.9905345553630277

2021-05-10 16:44:02,476 precision: 0.8378325975211881

2021-05-10 16:44:02,476 F1: 0.772295426389428

2021-05-10 16:44:02,477 F2: 0.7783208465379223

2021-05-10 16:44:02,477 ACC_overall: 0.9647129255690072

2021-05-10 16:44:02,477 IoU_poly: 0.6975004274524795

2021-05-10 16:44:02,477 IoU_bg: 0.963062142541534

2021-05-10 16:44:02,477 IoU_mean: 0.8302812848436205

2021-05-10 16:44:02,477 ==============================
2021-05-10 16:44:02,477 

2021-05-10 16:45:32,644 RESULT FOR DATASET ETIS-LaribPolypDB

2021-05-10 16:45:32,644 ==============================
2021-05-10 16:45:32,644 

2021-05-10 16:45:32,644 recall: 0.8459482329170599

2021-05-10 16:45:32,644 specificity: 0.9862496722109464

2021-05-10 16:45:32,644 precision: 0.7341291263213727

2021-05-10 16:45:32,644 F1: 0.7491357328634534

2021-05-10 16:45:32,644 F2: 0.7963807262907981

2021-05-10 16:45:32,644 ACC_overall: 0.9843357184103557

2021-05-10 16:45:32,644 IoU_poly: 0.6700549910155601

2021-05-10 16:45:32,644 IoU_bg: 0.9835693574681574

2021-05-10 16:45:32,644 IoU_mean: 0.8268121762239203

2021-05-10 16:45:32,644 ==============================
2021-05-10 16:45:32,645 

