2021-05-05 03:44:47,031 Epoch 0 	 Loss 0.7857068737784585
2021-05-05 03:45:38,490 Epoch 1 	 Loss 0.5236568100504823
2021-05-05 03:46:29,989 Epoch 2 	 Loss 0.4505565978668548
2021-05-05 03:47:21,709 Epoch 3 	 Loss 0.42249090036193093
2021-05-05 03:48:13,479 Epoch 4 	 Loss 0.3850693430874374
2021-05-05 03:49:05,299 Epoch 5 	 Loss 0.36663832310791855
2021-05-05 03:49:57,060 Epoch 6 	 Loss 0.35209763246578174
2021-05-05 03:50:48,871 Epoch 7 	 Loss 0.3435287189025145
2021-05-05 03:51:40,651 Epoch 8 	 Loss 0.33842568263247774
2021-05-05 03:52:32,388 Epoch 9 	 Loss 0.32713537032787615
2021-05-05 03:53:24,297 Epoch 10 	 Loss 0.31417450636297795
2021-05-05 03:54:16,161 Epoch 11 	 Loss 0.3164537403282228
2021-05-05 03:55:07,933 Epoch 12 	 Loss 0.30693743664484757
2021-05-05 03:55:59,793 Epoch 13 	 Loss 0.30373021157888264
2021-05-05 03:56:51,606 Epoch 14 	 Loss 0.2859497212774151
2021-05-05 03:57:43,388 Epoch 15 	 Loss 0.27771392644761683
2021-05-05 03:58:35,185 Epoch 16 	 Loss 0.28264070343185255
2021-05-05 03:59:26,958 Epoch 17 	 Loss 0.27484299537244733
2021-05-05 04:00:18,746 Epoch 18 	 Loss 0.26983317503562343
2021-05-05 04:01:10,553 Epoch 19 	 Loss 0.2722171541753706
2021-05-05 04:02:02,433 Epoch 20 	 Loss 0.2613458852846544
2021-05-05 04:02:54,210 Epoch 21 	 Loss 0.26914425652760726
2021-05-05 04:03:46,091 Epoch 22 	 Loss 0.2599405700361336
2021-05-05 04:04:37,865 Epoch 23 	 Loss 0.2564854544925166
2021-05-05 04:05:29,706 Epoch 24 	 Loss 0.25302035058592703
2021-05-05 04:06:21,509 Epoch 25 	 Loss 0.2585198713855429
2021-05-05 04:07:13,274 Epoch 26 	 Loss 0.24893716108667982
2021-05-05 04:08:05,100 Epoch 27 	 Loss 0.2448397789682661
2021-05-05 04:08:56,877 Epoch 28 	 Loss 0.2412235818721436
2021-05-05 04:09:48,697 Epoch 29 	 Loss 0.24210331875544328
2021-05-05 04:10:40,393 Epoch 30 	 Loss 0.24036806838198022
2021-05-05 04:11:32,206 Epoch 31 	 Loss 0.2381332413508342
2021-05-05 04:12:23,974 Epoch 32 	 Loss 0.22673051894366086
2021-05-05 04:13:15,869 Epoch 33 	 Loss 0.2304526469209692
2021-05-05 04:14:07,649 Epoch 34 	 Loss 0.2289632172374935
2021-05-05 04:14:59,432 Epoch 35 	 Loss 0.2311076785509403
2021-05-05 04:15:51,218 Epoch 36 	 Loss 0.2267880922817922
2021-05-05 04:16:42,878 Epoch 37 	 Loss 0.2234390384548313
2021-05-05 04:17:34,588 Epoch 38 	 Loss 0.22066981124353932
2021-05-05 04:18:26,318 Epoch 39 	 Loss 0.2219272704569848
2021-05-05 04:19:18,170 Epoch 40 	 Loss 0.22136884321878245
2021-05-05 04:20:09,985 Epoch 41 	 Loss 0.21249928202602889
2021-05-05 04:21:01,610 Epoch 42 	 Loss 0.2069050330709625
2021-05-05 04:21:53,281 Epoch 43 	 Loss 0.2035145382959764
2021-05-05 04:22:45,052 Epoch 44 	 Loss 0.21596990967844867
2021-05-05 04:23:36,973 Epoch 45 	 Loss 0.20559862550798352
2021-05-05 04:24:28,796 Epoch 46 	 Loss 0.20951281700815474
2021-05-05 04:25:20,461 Epoch 47 	 Loss 0.2181772645358201
2021-05-05 04:26:12,242 Epoch 48 	 Loss 0.2060955366590521
2021-05-05 04:27:03,916 Epoch 49 	 Loss 0.19761362016856016
2021-05-05 04:27:55,693 Epoch 50 	 Loss 0.20133418090395874
2021-05-05 04:28:47,597 Epoch 51 	 Loss 0.19594927639751644
2021-05-05 04:29:39,302 Epoch 52 	 Loss 0.1991241937810248
2021-05-05 04:30:31,225 Epoch 53 	 Loss 0.1967067104447019
2021-05-05 04:31:23,054 Epoch 54 	 Loss 0.19058708126073357
2021-05-05 04:32:14,815 Epoch 55 	 Loss 0.19737681599108728
2021-05-05 04:33:06,752 Epoch 56 	 Loss 0.18842676478427844
2021-05-05 04:33:58,501 Epoch 57 	 Loss 0.18971545224661354
2021-05-05 04:34:50,318 Epoch 58 	 Loss 0.18821363937068772
2021-05-05 04:35:42,053 Epoch 59 	 Loss 0.1814712826367263
2021-05-05 04:36:33,889 Epoch 60 	 Loss 0.185553409241058
2021-05-05 04:37:25,763 Epoch 61 	 Loss 0.18720295222905967
2021-05-05 04:38:17,580 Epoch 62 	 Loss 0.18430684244894718
2021-05-05 04:39:09,363 Epoch 63 	 Loss 0.1811469690157817
2021-05-05 04:40:01,195 Epoch 64 	 Loss 0.18573538402279655
2021-05-05 04:40:53,044 Epoch 65 	 Loss 0.18265703779000503
2021-05-05 04:41:44,766 Epoch 66 	 Loss 0.17553346268423312
2021-05-05 04:42:36,644 Epoch 67 	 Loss 0.17902276394786415
2021-05-05 04:43:28,521 Epoch 68 	 Loss 0.1778873188810034
2021-05-05 04:44:20,264 Epoch 69 	 Loss 0.17546757728188903
2021-05-05 04:45:12,093 Epoch 70 	 Loss 0.17518913025384422
2021-05-05 04:46:03,921 Epoch 71 	 Loss 0.1739535791860832
2021-05-05 04:46:55,712 Epoch 72 	 Loss 0.17220685540974795
2021-05-05 04:47:47,544 Epoch 73 	 Loss 0.17269420132532223
2021-05-05 04:48:39,240 Epoch 74 	 Loss 0.17253708020671382
2021-05-05 04:49:31,075 Epoch 75 	 Loss 0.17221244940390953
2021-05-05 04:50:22,838 Epoch 76 	 Loss 0.17320137675646896
2021-05-05 04:51:14,608 Epoch 77 	 Loss 0.17046412448961656
2021-05-05 04:52:06,344 Epoch 78 	 Loss 0.17036030220461415
2021-05-05 04:52:58,122 Epoch 79 	 Loss 0.16931042893902287
2021-05-05 04:53:49,908 Epoch 80 	 Loss 0.1711620236491109
2021-05-05 04:54:41,660 Epoch 81 	 Loss 0.16915283425823674
2021-05-05 04:55:33,504 Epoch 82 	 Loss 0.16708481606546338
2021-05-05 04:56:25,212 Epoch 83 	 Loss 0.16700976006277315
2021-05-05 04:57:17,037 Epoch 84 	 Loss 0.16765995503781916
2021-05-05 04:58:08,730 Epoch 85 	 Loss 0.16826570476149463
2021-05-05 04:59:00,565 Epoch 86 	 Loss 0.16928090441685456
2021-05-05 04:59:52,446 Epoch 87 	 Loss 0.16487747815611598
2021-05-05 05:00:44,298 Epoch 88 	 Loss 0.1658857721057567
2021-05-05 05:01:36,078 Epoch 89 	 Loss 0.16652604953928307
2021-05-05 05:02:27,775 Epoch 90 	 Loss 0.1684879991379413
2021-05-05 05:03:19,505 Epoch 91 	 Loss 0.16405031494386904
2021-05-05 05:04:11,316 Epoch 92 	 Loss 0.16534491636595883
2021-05-05 05:05:03,176 Epoch 93 	 Loss 0.16761857156570142
2021-05-05 05:05:54,910 Epoch 94 	 Loss 0.16211988490361434
2021-05-05 05:06:46,813 Epoch 95 	 Loss 0.1653958396924721
2021-05-05 05:07:38,594 Epoch 96 	 Loss 0.16495786263392523
2021-05-05 05:08:30,392 Epoch 97 	 Loss 0.1678175123838278
2021-05-05 05:09:22,194 Epoch 98 	 Loss 0.1669510997586198
2021-05-05 05:10:13,936 Epoch 99 	 Loss 0.1656047456212096
2021-05-05 05:10:34,452 RESULT FOR DATASET CVC-300

2021-05-05 05:10:34,452 ==============================
2021-05-05 05:10:34,452 

2021-05-05 05:10:34,452 recall: 0.9661435683568319

2021-05-05 05:10:34,452 specificity: 0.9888237277666728

2021-05-05 05:10:34,452 precision: 0.804063202937444

2021-05-05 05:10:34,452 F1: 0.8526471890509129

2021-05-05 05:10:34,452 F2: 0.8987684910496075

2021-05-05 05:10:34,452 ACC_overall: 0.9879930903514226

2021-05-05 05:10:34,452 IoU_poly: 0.7798736189802488

2021-05-05 05:10:34,452 IoU_bg: 0.9876043975353241

2021-05-05 05:10:34,452 IoU_mean: 0.8837390075127284

2021-05-05 05:10:34,452 ==============================
2021-05-05 05:10:34,452 

2021-05-05 05:10:50,774 RESULT FOR DATASET CVC-ClinicDB

2021-05-05 05:10:50,774 ==============================
2021-05-05 05:10:50,774 

2021-05-05 05:10:50,774 recall: 0.9408548445470871

2021-05-05 05:10:50,775 specificity: 0.9946405262716355

2021-05-05 05:10:50,775 precision: 0.9039343178512589

2021-05-05 05:10:50,775 F1: 0.9125394446234549

2021-05-05 05:10:50,775 F2: 0.9235303118344276

2021-05-05 05:10:50,775 ACC_overall: 0.991097032062469

2021-05-05 05:10:50,775 IoU_poly: 0.8633907936633595

2021-05-05 05:10:50,775 IoU_bg: 0.9894260379575914

2021-05-05 05:10:50,775 IoU_mean: 0.9264084139177876

2021-05-05 05:10:50,775 ==============================
2021-05-05 05:10:50,775 

2021-05-05 05:11:22,296 RESULT FOR DATASET Kvasir

2021-05-05 05:11:22,296 ==============================
2021-05-05 05:11:22,297 

2021-05-05 05:11:22,297 recall: 0.9137852324545384

2021-05-05 05:11:22,297 specificity: 0.9875113916397095

2021-05-05 05:11:22,297 precision: 0.9316827854514123

2021-05-05 05:11:22,297 F1: 0.9115498742461204

2021-05-05 05:11:22,297 F2: 0.9100903467833996

2021-05-05 05:11:22,297 ACC_overall: 0.9737382727861404

2021-05-05 05:11:22,297 IoU_poly: 0.8590384936332702

2021-05-05 05:11:22,297 IoU_bg: 0.9658017563819885

2021-05-05 05:11:22,297 IoU_mean: 0.9124201226234436

2021-05-05 05:11:22,297 ==============================
2021-05-05 05:11:22,297 

2021-05-05 05:13:24,581 RESULT FOR DATASET CVC-ColonDB

2021-05-05 05:13:24,581 ==============================
2021-05-05 05:13:24,581 

2021-05-05 05:13:24,582 recall: 0.8347179062492542

2021-05-05 05:13:24,582 specificity: 0.9865533126027961

2021-05-05 05:13:24,582 precision: 0.8131799848833333

2021-05-05 05:13:24,582 F1: 0.7749636847596632

2021-05-05 05:13:24,582 F2: 0.7906073401786599

2021-05-05 05:13:24,582 ACC_overall: 0.9621628576203396

2021-05-05 05:13:24,582 IoU_poly: 0.6957307357477834

2021-05-05 05:13:24,582 IoU_bg: 0.9594400783118449

2021-05-05 05:13:24,582 IoU_mean: 0.8275854072288463

2021-05-05 05:13:24,582 ==============================
2021-05-05 05:13:24,582 

2021-05-05 05:14:49,930 RESULT FOR DATASET ETIS-LaribPolypDB

2021-05-05 05:14:49,930 ==============================
2021-05-05 05:14:49,931 

2021-05-05 05:14:49,931 recall: 0.8546633536681133

2021-05-05 05:14:49,931 specificity: 0.9849934319452364

2021-05-05 05:14:49,931 precision: 0.7029790928611976

2021-05-05 05:14:49,931 F1: 0.7466726214623457

2021-05-05 05:14:49,931 F2: 0.7957845492211925

2021-05-05 05:14:49,931 ACC_overall: 0.9828156299737035

2021-05-05 05:14:49,931 IoU_poly: 0.6613377869011067

2021-05-05 05:14:49,931 IoU_bg: 0.9819586076298539

2021-05-05 05:14:49,931 IoU_mean: 0.8216481969064596

2021-05-05 05:14:49,931 ==============================
2021-05-05 05:14:49,931 

