2021-05-09 15:28:55,504 Epoch 0 	 Loss 0.7087441443741976
2021-05-09 15:29:36,440 Epoch 1 	 Loss 0.4783569024159358
2021-05-09 15:30:17,988 Epoch 2 	 Loss 0.42121851378744773
2021-05-09 15:30:59,388 Epoch 3 	 Loss 0.3845207969565968
2021-05-09 15:31:40,075 Epoch 4 	 Loss 0.36229741737082766
2021-05-09 15:32:18,927 Epoch 5 	 Loss 0.34956703572482856
2021-05-09 15:32:58,021 Epoch 6 	 Loss 0.3419222324104099
2021-05-09 15:33:36,853 Epoch 7 	 Loss 0.3212554055255848
2021-05-09 15:34:15,678 Epoch 8 	 Loss 0.31627619430259035
2021-05-09 15:34:54,420 Epoch 9 	 Loss 0.3068998382314221
2021-05-09 15:35:33,411 Epoch 10 	 Loss 0.30315816287810987
2021-05-09 15:36:12,350 Epoch 11 	 Loss 0.31116745612778507
2021-05-09 15:36:51,361 Epoch 12 	 Loss 0.2901753169167173
2021-05-09 15:37:30,683 Epoch 13 	 Loss 0.2778015516616486
2021-05-09 15:38:09,538 Epoch 14 	 Loss 0.28332713360969836
2021-05-09 15:38:48,608 Epoch 15 	 Loss 0.2694318129138632
2021-05-09 15:39:27,620 Epoch 16 	 Loss 0.2695588864140458
2021-05-09 15:40:06,430 Epoch 17 	 Loss 0.2623482376009553
2021-05-09 15:40:45,472 Epoch 18 	 Loss 0.26577813579485965
2021-05-09 15:41:24,655 Epoch 19 	 Loss 0.2617326144661222
2021-05-09 15:42:03,672 Epoch 20 	 Loss 0.251867291200292
2021-05-09 15:42:42,720 Epoch 21 	 Loss 0.2595534321371016
2021-05-09 15:43:21,664 Epoch 22 	 Loss 0.25387860392476175
2021-05-09 15:44:01,310 Epoch 23 	 Loss 0.25618378801660224
2021-05-09 15:44:40,179 Epoch 24 	 Loss 0.25133689714002083
2021-05-09 15:45:19,373 Epoch 25 	 Loss 0.25136579000032866
2021-05-09 15:45:58,574 Epoch 26 	 Loss 0.24593592918181156
2021-05-09 15:46:37,553 Epoch 27 	 Loss 0.23953645946560326
2021-05-09 15:47:16,633 Epoch 28 	 Loss 0.23028844316582103
2021-05-09 15:47:55,808 Epoch 29 	 Loss 0.2348161552633558
2021-05-09 15:48:34,702 Epoch 30 	 Loss 0.2262145351250093
2021-05-09 15:49:13,483 Epoch 31 	 Loss 0.23628148141798083
2021-05-09 15:49:52,368 Epoch 32 	 Loss 0.23297570449310345
2021-05-09 15:50:31,256 Epoch 33 	 Loss 0.21936774925216213
2021-05-09 15:51:10,224 Epoch 34 	 Loss 0.21724951692989894
2021-05-09 15:51:49,070 Epoch 35 	 Loss 0.21657457685732578
2021-05-09 15:52:28,084 Epoch 36 	 Loss 0.2137916183078682
2021-05-09 15:53:07,024 Epoch 37 	 Loss 0.21232512757018374
2021-05-09 15:53:45,897 Epoch 38 	 Loss 0.21906550310470246
2021-05-09 15:54:24,857 Epoch 39 	 Loss 0.2148636404302094
2021-05-09 15:55:03,960 Epoch 40 	 Loss 0.20607338469107073
2021-05-09 15:55:44,071 Epoch 41 	 Loss 0.21035590898859632
2021-05-09 15:56:22,750 Epoch 42 	 Loss 0.20690686804252667
2021-05-09 15:57:01,976 Epoch 43 	 Loss 0.21229557070758318
2021-05-09 15:57:41,046 Epoch 44 	 Loss 0.20755060868603842
2021-05-09 15:58:20,121 Epoch 45 	 Loss 0.20234956240260993
2021-05-09 15:58:58,672 Epoch 46 	 Loss 0.19666071301633184
2021-05-09 15:59:37,719 Epoch 47 	 Loss 0.20044931310873765
2021-05-09 16:00:16,801 Epoch 48 	 Loss 0.1967920957358329
2021-05-09 16:00:55,747 Epoch 49 	 Loss 0.19168609364347144
2021-05-09 16:01:34,544 Epoch 50 	 Loss 0.19123502583294125
2021-05-09 16:02:13,475 Epoch 51 	 Loss 0.18970289056772713
2021-05-09 16:02:52,551 Epoch 52 	 Loss 0.19827088435272594
2021-05-09 16:03:31,729 Epoch 53 	 Loss 0.18689874174830678
2021-05-09 16:04:10,810 Epoch 54 	 Loss 0.19318938107935937
2021-05-09 16:04:49,915 Epoch 55 	 Loss 0.1890561416908935
2021-05-09 16:05:28,911 Epoch 56 	 Loss 0.1890149216403018
2021-05-09 16:06:07,810 Epoch 57 	 Loss 0.184140587246025
2021-05-09 16:06:46,512 Epoch 58 	 Loss 0.1849596287522997
2021-05-09 16:07:25,562 Epoch 59 	 Loss 0.1807441112104353
2021-05-09 16:08:04,606 Epoch 60 	 Loss 0.18306201418022533
2021-05-09 16:08:43,982 Epoch 61 	 Loss 0.17970223405531474
2021-05-09 16:09:23,153 Epoch 62 	 Loss 0.1771873910348494
2021-05-09 16:10:02,362 Epoch 63 	 Loss 0.1783204959644066
2021-05-09 16:10:41,596 Epoch 64 	 Loss 0.1723846937273885
2021-05-09 16:11:20,514 Epoch 65 	 Loss 0.1727422012405081
2021-05-09 16:11:59,538 Epoch 66 	 Loss 0.18009424111345312
2021-05-09 16:12:38,368 Epoch 67 	 Loss 0.17708269269256802
2021-05-09 16:13:17,250 Epoch 68 	 Loss 0.17664810933254577
2021-05-09 16:13:56,003 Epoch 69 	 Loss 0.1748253625336584
2021-05-09 16:14:35,662 Epoch 70 	 Loss 0.17458915464825683
2021-05-09 16:15:15,024 Epoch 71 	 Loss 0.1709162664937449
2021-05-09 16:15:54,895 Epoch 72 	 Loss 0.1723599109675858
2021-05-09 16:16:33,915 Epoch 73 	 Loss 0.17076268448279455
2021-05-09 16:17:13,048 Epoch 74 	 Loss 0.17030452060830462
2021-05-09 16:17:52,037 Epoch 75 	 Loss 0.16660847048183064
2021-05-09 16:18:31,080 Epoch 76 	 Loss 0.1665188689808269
2021-05-09 16:19:10,163 Epoch 77 	 Loss 0.16411697921844629
2021-05-09 16:19:49,145 Epoch 78 	 Loss 0.16540391415685088
2021-05-09 16:20:28,112 Epoch 79 	 Loss 0.16491456485384112
2021-05-09 16:21:07,059 Epoch 80 	 Loss 0.16473202718483224
2021-05-09 16:21:46,038 Epoch 81 	 Loss 0.16702382463020282
2021-05-09 16:22:25,006 Epoch 82 	 Loss 0.16582691472965283
2021-05-09 16:23:03,518 Epoch 83 	 Loss 0.1644443386531138
2021-05-09 16:23:42,215 Epoch 84 	 Loss 0.16644342964167122
2021-05-09 16:24:20,628 Epoch 85 	 Loss 0.16537206317042255
2021-05-09 16:24:59,023 Epoch 86 	 Loss 0.16463044826146012
2021-05-09 16:25:37,488 Epoch 87 	 Loss 0.16455382108688354
2021-05-09 16:26:15,909 Epoch 88 	 Loss 0.16233787006074255
2021-05-09 16:26:54,817 Epoch 89 	 Loss 0.1610045516556436
2021-05-09 16:27:34,176 Epoch 90 	 Loss 0.1645390027008214
2021-05-09 16:28:12,875 Epoch 91 	 Loss 0.1604562249484953
2021-05-09 16:28:51,607 Epoch 92 	 Loss 0.16390869176977282
2021-05-09 16:29:30,431 Epoch 93 	 Loss 0.1638131673846926
2021-05-09 16:30:09,095 Epoch 94 	 Loss 0.16088385175872635
2021-05-09 16:30:47,957 Epoch 95 	 Loss 0.16291895164893225
2021-05-09 16:31:26,624 Epoch 96 	 Loss 0.16073354014328547
2021-05-09 16:32:05,989 Epoch 97 	 Loss 0.1620614082439915
2021-05-09 16:32:45,337 Epoch 98 	 Loss 0.160870434654938
2021-05-09 16:33:24,316 Epoch 99 	 Loss 0.1622663362995609
2021-05-09 16:33:45,252 RESULT FOR DATASET CVC-300

2021-05-09 16:33:45,253 ==============================
2021-05-09 16:33:45,253 

2021-05-09 16:33:45,253 recall: 0.9586686690648397

2021-05-09 16:33:45,253 specificity: 0.991515259941419

2021-05-09 16:33:45,253 precision: 0.8301100867489973

2021-05-09 16:33:45,253 F1: 0.8691481538116932

2021-05-09 16:33:45,253 F2: 0.9054745549956957

2021-05-09 16:33:45,253 ACC_overall: 0.9904232273499171

2021-05-09 16:33:45,253 IoU_poly: 0.8003929149359464

2021-05-09 16:33:45,254 IoU_bg: 0.9901014844576518

2021-05-09 16:33:45,254 IoU_mean: 0.8952471991380055

2021-05-09 16:33:45,254 ==============================
2021-05-09 16:33:45,254 

2021-05-09 16:34:02,582 RESULT FOR DATASET CVC-ClinicDB

2021-05-09 16:34:02,582 ==============================
2021-05-09 16:34:02,582 

2021-05-09 16:34:02,582 recall: 0.9397880860394047

2021-05-09 16:34:02,582 specificity: 0.994651602160546

2021-05-09 16:34:02,582 precision: 0.9075991928937935

2021-05-09 16:34:02,582 F1: 0.9183817284722482

2021-05-09 16:34:02,582 F2: 0.928975393695216

2021-05-09 16:34:02,582 ACC_overall: 0.9906007330263814

2021-05-09 16:34:02,582 IoU_poly: 0.8685069012966368

2021-05-09 16:34:02,583 IoU_bg: 0.9887920310420375

2021-05-09 16:34:02,583 IoU_mean: 0.9286494629998361

2021-05-09 16:34:02,583 ==============================
2021-05-09 16:34:02,583 

2021-05-09 16:34:34,627 RESULT FOR DATASET Kvasir

2021-05-09 16:34:34,628 ==============================
2021-05-09 16:34:34,628 

2021-05-09 16:34:34,628 recall: 0.9133148574829102

2021-05-09 16:34:34,628 specificity: 0.9893284446001053

2021-05-09 16:34:34,628 precision: 0.9368029698729515

2021-05-09 16:34:34,628 F1: 0.9155782195925712

2021-05-09 16:34:34,628 F2: 0.9117075237631798

2021-05-09 16:34:34,628 ACC_overall: 0.9759041678905487

2021-05-09 16:34:34,628 IoU_poly: 0.8639756917953492

2021-05-09 16:34:34,628 IoU_bg: 0.967794696688652

2021-05-09 16:34:34,628 IoU_mean: 0.9158851903676987

2021-05-09 16:34:34,628 ==============================
2021-05-09 16:34:34,628 

2021-05-09 16:36:37,044 RESULT FOR DATASET CVC-ColonDB

2021-05-09 16:36:37,044 ==============================
2021-05-09 16:36:37,044 

2021-05-09 16:36:37,044 recall: 0.8054333003749387

2021-05-09 16:36:37,044 specificity: 0.9894698006542105

2021-05-09 16:36:37,044 precision: 0.822233309058471

2021-05-09 16:36:37,044 F1: 0.7621759381760249

2021-05-09 16:36:37,044 F2: 0.7758733780870707

2021-05-09 16:36:37,044 ACC_overall: 0.9644397066611993

2021-05-09 16:36:37,044 IoU_poly: 0.6887812980220899

2021-05-09 16:36:37,044 IoU_bg: 0.9621059553403604

2021-05-09 16:36:37,044 IoU_mean: 0.8254436270971047

2021-05-09 16:36:37,044 ==============================
2021-05-09 16:36:37,045 

2021-05-09 16:38:05,486 RESULT FOR DATASET ETIS-LaribPolypDB

2021-05-09 16:38:05,486 ==============================
2021-05-09 16:38:05,486 

2021-05-09 16:38:05,486 recall: 0.8544602065323526

2021-05-09 16:38:05,486 specificity: 0.9832689752992319

2021-05-09 16:38:05,486 precision: 0.6915226582263182

2021-05-09 16:38:05,486 F1: 0.7396640307294352

2021-05-09 16:38:05,486 F2: 0.7910215474173815

2021-05-09 16:38:05,487 ACC_overall: 0.9815148182061254

2021-05-09 16:38:05,487 IoU_poly: 0.6534568870684496

2021-05-09 16:38:05,487 IoU_bg: 0.9805127440058455

2021-05-09 16:38:05,487 IoU_mean: 0.8169848129761462

2021-05-09 16:38:05,487 ==============================
2021-05-09 16:38:05,487 

