2021-05-10 18:20:14,086 Epoch 0 	 Loss 0.7590779442708571
2021-05-10 18:20:53,361 Epoch 1 	 Loss 0.5052244060642117
2021-05-10 18:21:31,933 Epoch 2 	 Loss 0.4325181651901413
2021-05-10 18:22:10,590 Epoch 3 	 Loss 0.39832958366189686
2021-05-10 18:22:49,234 Epoch 4 	 Loss 0.38819287422594134
2021-05-10 18:23:27,881 Epoch 5 	 Loss 0.3551069172201576
2021-05-10 18:24:06,570 Epoch 6 	 Loss 0.34536357109363264
2021-05-10 18:24:45,163 Epoch 7 	 Loss 0.3223881048488093
2021-05-10 18:25:23,921 Epoch 8 	 Loss 0.33347203443338586
2021-05-10 18:26:02,731 Epoch 9 	 Loss 0.3239633049611207
2021-05-10 18:26:41,492 Epoch 10 	 Loss 0.2977386808002388
2021-05-10 18:27:20,414 Epoch 11 	 Loss 0.30661777939115253
2021-05-10 18:27:59,305 Epoch 12 	 Loss 0.29415712284517814
2021-05-10 18:28:38,056 Epoch 13 	 Loss 0.2983218121987123
2021-05-10 18:29:16,697 Epoch 14 	 Loss 0.27600960662731755
2021-05-10 18:29:55,824 Epoch 15 	 Loss 0.2846769923037225
2021-05-10 18:30:34,566 Epoch 16 	 Loss 0.2605226624470491
2021-05-10 18:31:13,471 Epoch 17 	 Loss 0.2736655192060785
2021-05-10 18:31:52,376 Epoch 18 	 Loss 0.27686049126006745
2021-05-10 18:32:31,436 Epoch 19 	 Loss 0.26525494849288855
2021-05-10 18:33:10,224 Epoch 20 	 Loss 0.263000142115813
2021-05-10 18:33:49,153 Epoch 21 	 Loss 0.2629841631585425
2021-05-10 18:34:28,031 Epoch 22 	 Loss 0.2640650023470868
2021-05-10 18:35:06,757 Epoch 23 	 Loss 0.2557231277882398
2021-05-10 18:35:45,694 Epoch 24 	 Loss 0.24259188656623548
2021-05-10 18:36:24,381 Epoch 25 	 Loss 0.24687433553920998
2021-05-10 18:37:03,214 Epoch 26 	 Loss 0.24711133195803717
2021-05-10 18:37:42,015 Epoch 27 	 Loss 0.24230829618134342
2021-05-10 18:38:20,873 Epoch 28 	 Loss 0.23224601673555897
2021-05-10 18:38:59,731 Epoch 29 	 Loss 0.2351432843850209
2021-05-10 18:39:38,561 Epoch 30 	 Loss 0.22668659081170847
2021-05-10 18:40:17,280 Epoch 31 	 Loss 0.22706744451444227
2021-05-10 18:40:56,063 Epoch 32 	 Loss 0.22190393343731596
2021-05-10 18:41:34,907 Epoch 33 	 Loss 0.2249051510960191
2021-05-10 18:42:13,773 Epoch 34 	 Loss 0.22814867866563274
2021-05-10 18:42:52,667 Epoch 35 	 Loss 0.2193203404709533
2021-05-10 18:43:31,458 Epoch 36 	 Loss 0.22002681352934994
2021-05-10 18:44:10,251 Epoch 37 	 Loss 0.2170104354947478
2021-05-10 18:44:49,142 Epoch 38 	 Loss 0.2134532943204209
2021-05-10 18:45:27,989 Epoch 39 	 Loss 0.21618086066874828
2021-05-10 18:46:06,842 Epoch 40 	 Loss 0.21021182851476983
2021-05-10 18:46:45,860 Epoch 41 	 Loss 0.2060945070051885
2021-05-10 18:47:24,797 Epoch 42 	 Loss 0.20195046394735902
2021-05-10 18:48:03,717 Epoch 43 	 Loss 0.2044122576058566
2021-05-10 18:48:42,550 Epoch 44 	 Loss 0.1985823528452234
2021-05-10 18:49:21,368 Epoch 45 	 Loss 0.203380633186508
2021-05-10 18:50:00,531 Epoch 46 	 Loss 0.20721404794808274
2021-05-10 18:50:39,587 Epoch 47 	 Loss 0.2008412051331866
2021-05-10 18:51:18,498 Epoch 48 	 Loss 0.20153321866150742
2021-05-10 18:51:57,278 Epoch 49 	 Loss 0.203164782170411
2021-05-10 18:52:36,131 Epoch 50 	 Loss 0.19570158323743841
2021-05-10 18:53:15,331 Epoch 51 	 Loss 0.19321296306756827
2021-05-10 18:53:54,041 Epoch 52 	 Loss 0.19506081234622788
2021-05-10 18:54:32,778 Epoch 53 	 Loss 0.1924557096355564
2021-05-10 18:55:11,557 Epoch 54 	 Loss 0.18554432395395343
2021-05-10 18:55:50,712 Epoch 55 	 Loss 0.19138388155580877
2021-05-10 18:56:29,996 Epoch 56 	 Loss 0.18627858604048633
2021-05-10 18:57:08,770 Epoch 57 	 Loss 0.18953202910475678
2021-05-10 18:57:47,698 Epoch 58 	 Loss 0.18783785566523836
2021-05-10 18:58:26,559 Epoch 59 	 Loss 0.18364330700465611
2021-05-10 18:59:05,616 Epoch 60 	 Loss 0.1831149106824791
2021-05-10 18:59:44,549 Epoch 61 	 Loss 0.18000753846142317
2021-05-10 19:00:23,334 Epoch 62 	 Loss 0.17981369302167996
2021-05-10 19:01:01,977 Epoch 63 	 Loss 0.18426138621110183
2021-05-10 19:01:40,987 Epoch 64 	 Loss 0.18230301239988306
2021-05-10 19:02:19,795 Epoch 65 	 Loss 0.17807153309439563
2021-05-10 19:02:58,652 Epoch 66 	 Loss 0.1773612338763017
2021-05-10 19:03:37,550 Epoch 67 	 Loss 0.17583028955773994
2021-05-10 19:04:16,323 Epoch 68 	 Loss 0.1730673822400334
2021-05-10 19:04:55,318 Epoch 69 	 Loss 0.17450778710318135
2021-05-10 19:05:34,264 Epoch 70 	 Loss 0.17647243430326273
2021-05-10 19:06:13,066 Epoch 71 	 Loss 0.17225315315382822
2021-05-10 19:06:51,861 Epoch 72 	 Loss 0.17055598081468226
2021-05-10 19:07:30,797 Epoch 73 	 Loss 0.16884212015749334
2021-05-10 19:08:09,587 Epoch 74 	 Loss 0.16866772089685714
2021-05-10 19:08:48,507 Epoch 75 	 Loss 0.16857941710686947
2021-05-10 19:09:27,314 Epoch 76 	 Loss 0.166554073874767
2021-05-10 19:10:06,140 Epoch 77 	 Loss 0.16977338312746404
2021-05-10 19:10:45,175 Epoch 78 	 Loss 0.16622588627941007
2021-05-10 19:11:24,015 Epoch 79 	 Loss 0.16738380327984526
2021-05-10 19:12:03,185 Epoch 80 	 Loss 0.16985853851496518
2021-05-10 19:12:42,029 Epoch 81 	 Loss 0.16509359911247923
2021-05-10 19:13:21,125 Epoch 82 	 Loss 0.16446475856579268
2021-05-10 19:14:00,025 Epoch 83 	 Loss 0.16336202899833302
2021-05-10 19:14:38,866 Epoch 84 	 Loss 0.16527542889445693
2021-05-10 19:15:17,648 Epoch 85 	 Loss 0.1609962463051408
2021-05-10 19:15:56,632 Epoch 86 	 Loss 0.16597669940073412
2021-05-10 19:16:35,593 Epoch 87 	 Loss 0.15972488807452903
2021-05-10 19:17:14,516 Epoch 88 	 Loss 0.16130673852595653
2021-05-10 19:17:53,352 Epoch 89 	 Loss 0.16215208827794253
2021-05-10 19:18:32,422 Epoch 90 	 Loss 0.16562183463311458
2021-05-10 19:19:11,312 Epoch 91 	 Loss 0.16040353362376875
2021-05-10 19:19:50,075 Epoch 92 	 Loss 0.16134281538345002
2021-05-10 19:20:29,042 Epoch 93 	 Loss 0.16226339880581742
2021-05-10 19:21:07,851 Epoch 94 	 Loss 0.16273383018407192
2021-05-10 19:21:46,667 Epoch 95 	 Loss 0.16532151286418623
2021-05-10 19:22:25,606 Epoch 96 	 Loss 0.16387368247404202
2021-05-10 19:23:04,513 Epoch 97 	 Loss 0.16455222961011823
2021-05-10 19:23:43,333 Epoch 98 	 Loss 0.1673854708999068
2021-05-10 19:24:22,370 Epoch 99 	 Loss 0.16142794448923278
2021-05-10 19:24:41,600 RESULT FOR DATASET CVC-300

2021-05-10 19:24:41,600 ==============================
2021-05-10 19:24:41,600 

2021-05-10 19:24:41,600 recall: 0.9649782409270604

2021-05-10 19:24:41,600 specificity: 0.9868308871984481

2021-05-10 19:24:41,600 precision: 0.7951694458723069

2021-05-10 19:24:41,600 F1: 0.8433467260251443

2021-05-10 19:24:41,601 F2: 0.8897199143966039

2021-05-10 19:24:41,601 ACC_overall: 0.9859900126854578

2021-05-10 19:24:41,601 IoU_poly: 0.7716372851282358

2021-05-10 19:24:41,601 IoU_bg: 0.9855850170056025

2021-05-10 19:24:41,601 IoU_mean: 0.8786111538608868

2021-05-10 19:24:41,601 ==============================
2021-05-10 19:24:41,601 

2021-05-10 19:24:57,279 RESULT FOR DATASET CVC-ClinicDB

2021-05-10 19:24:57,279 ==============================
2021-05-10 19:24:57,279 

2021-05-10 19:24:57,279 recall: 0.9266636954177351

2021-05-10 19:24:57,279 specificity: 0.9937172541695256

2021-05-10 19:24:57,279 precision: 0.884254212630631

2021-05-10 19:24:57,279 F1: 0.8972443070510523

2021-05-10 19:24:57,279 F2: 0.909216128022132

2021-05-10 19:24:57,280 ACC_overall: 0.9903843152907587

2021-05-10 19:24:57,280 IoU_poly: 0.850383645776263

2021-05-10 19:24:57,280 IoU_bg: 0.9887183962329742

2021-05-10 19:24:57,280 IoU_mean: 0.919551020668399

2021-05-10 19:24:57,280 ==============================
2021-05-10 19:24:57,280 

2021-05-10 19:25:27,108 RESULT FOR DATASET Kvasir

2021-05-10 19:25:27,108 ==============================
2021-05-10 19:25:27,109 

2021-05-10 19:25:27,109 recall: 0.9190792554616928

2021-05-10 19:25:27,109 specificity: 0.9875280368328094

2021-05-10 19:25:27,109 precision: 0.9375741848349571

2021-05-10 19:25:27,109 F1: 0.9183299666643143

2021-05-10 19:25:27,109 F2: 0.9161345246434212

2021-05-10 19:25:27,109 ACC_overall: 0.976307419538498

2021-05-10 19:25:27,109 IoU_poly: 0.8667739272117615

2021-05-10 19:25:27,109 IoU_bg: 0.9683849215507507

2021-05-10 19:25:27,109 IoU_mean: 0.917579425573349

2021-05-10 19:25:27,109 ==============================
2021-05-10 19:25:27,109 

2021-05-10 19:27:22,808 RESULT FOR DATASET CVC-ColonDB

2021-05-10 19:27:22,808 ==============================
2021-05-10 19:27:22,809 

2021-05-10 19:27:22,809 recall: 0.8302352726804202

2021-05-10 19:27:22,809 specificity: 0.9863890981987903

2021-05-10 19:27:22,809 precision: 0.7924091283806104

2021-05-10 19:27:22,809 F1: 0.7622641818252879

2021-05-10 19:27:22,809 F2: 0.7841219582837168

2021-05-10 19:27:22,809 ACC_overall: 0.9627297012429489

2021-05-10 19:27:22,809 IoU_poly: 0.6868277534149121

2021-05-10 19:27:22,809 IoU_bg: 0.9604841370331614

2021-05-10 19:27:22,809 IoU_mean: 0.8236559430627446

2021-05-10 19:27:22,809 ==============================
2021-05-10 19:27:22,809 

2021-05-10 19:28:44,640 RESULT FOR DATASET ETIS-LaribPolypDB

2021-05-10 19:28:44,640 ==============================
2021-05-10 19:28:44,640 

2021-05-10 19:28:44,640 recall: 0.8537647235270182

2021-05-10 19:28:44,640 specificity: 0.9846697096921959

2021-05-10 19:28:44,640 precision: 0.7292273804873962

2021-05-10 19:28:44,641 F1: 0.7536760695190553

2021-05-10 19:28:44,641 F2: 0.8003965839726909

2021-05-10 19:28:44,641 ACC_overall: 0.982945592123635

2021-05-10 19:28:44,641 IoU_poly: 0.6716330722575683

2021-05-10 19:28:44,641 IoU_bg: 0.9819844164410416

2021-05-10 19:28:44,641 IoU_mean: 0.8268087434829497

2021-05-10 19:28:44,641 ==============================
2021-05-10 19:28:44,641 

