2021-05-01 16:50:04,257 Epoch 0 	 Loss 0.7230738470187554
2021-05-01 16:50:53,287 Epoch 1 	 Loss 0.4917214987697182
2021-05-01 16:51:41,649 Epoch 2 	 Loss 0.4168004550776639
2021-05-01 16:52:29,884 Epoch 3 	 Loss 0.38536140486434267
2021-05-01 16:53:18,243 Epoch 4 	 Loss 0.36147331683845313
2021-05-01 16:54:06,999 Epoch 5 	 Loss 0.3398432738178379
2021-05-01 16:54:56,116 Epoch 6 	 Loss 0.3283865520587334
2021-05-01 16:55:45,228 Epoch 7 	 Loss 0.32676304975053766
2021-05-01 16:56:35,064 Epoch 8 	 Loss 0.32669031341652294
2021-05-01 16:57:24,795 Epoch 9 	 Loss 0.30403413009512553
2021-05-01 16:58:13,737 Epoch 10 	 Loss 0.3023289063802132
2021-05-01 16:59:02,378 Epoch 11 	 Loss 0.29058499552391387
2021-05-01 16:59:51,416 Epoch 12 	 Loss 0.29272246328029006
2021-05-01 17:00:40,688 Epoch 13 	 Loss 0.2813820924077715
2021-05-01 17:01:30,183 Epoch 14 	 Loss 0.28491491586952417
2021-05-01 17:02:18,836 Epoch 15 	 Loss 0.27168071007990574
2021-05-01 17:03:07,798 Epoch 16 	 Loss 0.2711630614249261
2021-05-01 17:03:57,266 Epoch 17 	 Loss 0.2559073344691769
2021-05-01 17:04:46,502 Epoch 18 	 Loss 0.26517025717012177
2021-05-01 17:05:35,986 Epoch 19 	 Loss 0.25676003835358463
2021-05-01 17:06:25,764 Epoch 20 	 Loss 0.25969129424173754
2021-05-01 17:07:14,901 Epoch 21 	 Loss 0.2533185126689764
2021-05-01 17:08:04,108 Epoch 22 	 Loss 0.25096908113458655
2021-05-01 17:08:53,262 Epoch 23 	 Loss 0.24433809862687036
2021-05-01 17:09:41,824 Epoch 24 	 Loss 0.2402352680871775
2021-05-01 17:10:30,312 Epoch 25 	 Loss 0.24014269355889206
2021-05-01 17:11:19,288 Epoch 26 	 Loss 0.2393355069907157
2021-05-01 17:12:09,349 Epoch 27 	 Loss 0.24001642766889636
2021-05-01 17:12:58,147 Epoch 28 	 Loss 0.24168337144694485
2021-05-01 17:13:47,842 Epoch 29 	 Loss 0.22857685943881234
2021-05-01 17:14:36,772 Epoch 30 	 Loss 0.2304317247081589
2021-05-01 17:15:25,760 Epoch 31 	 Loss 0.22549433416717654
2021-05-01 17:16:14,814 Epoch 32 	 Loss 0.22435069984787112
2021-05-01 17:17:03,453 Epoch 33 	 Loss 0.22763495245477655
2021-05-01 17:17:52,192 Epoch 34 	 Loss 0.2202764670927446
2021-05-01 17:18:41,105 Epoch 35 	 Loss 0.21894433734181162
2021-05-01 17:19:29,936 Epoch 36 	 Loss 0.2117894832249526
2021-05-01 17:20:18,863 Epoch 37 	 Loss 0.20976857235143473
2021-05-01 17:21:07,638 Epoch 38 	 Loss 0.2108262816628257
2021-05-01 17:21:56,378 Epoch 39 	 Loss 0.2181840547166028
2021-05-01 17:22:45,147 Epoch 40 	 Loss 0.2107202811883046
2021-05-01 17:23:33,940 Epoch 41 	 Loss 0.20738513620345148
2021-05-01 17:24:22,827 Epoch 42 	 Loss 0.2066628492468006
2021-05-01 17:25:11,925 Epoch 43 	 Loss 0.20708014889732823
2021-05-01 17:26:00,593 Epoch 44 	 Loss 0.2079281562959755
2021-05-01 17:26:49,926 Epoch 45 	 Loss 0.19898146652913357
2021-05-01 17:27:39,169 Epoch 46 	 Loss 0.19698102051740166
2021-05-01 17:28:28,248 Epoch 47 	 Loss 0.1894789919420913
2021-05-01 17:29:17,321 Epoch 48 	 Loss 0.19369854147617632
2021-05-01 17:30:06,456 Epoch 49 	 Loss 0.1877433200786402
2021-05-01 17:30:55,189 Epoch 50 	 Loss 0.18898071610665584
2021-05-01 17:31:44,175 Epoch 51 	 Loss 0.18896998334061968
2021-05-01 17:32:33,096 Epoch 52 	 Loss 0.18791533662722662
2021-05-01 17:33:22,173 Epoch 53 	 Loss 0.18138789786742285
2021-05-01 17:34:11,168 Epoch 54 	 Loss 0.18841956981590816
2021-05-01 17:35:00,271 Epoch 55 	 Loss 0.18353014758655004
2021-05-01 17:35:49,087 Epoch 56 	 Loss 0.18647388098659096
2021-05-01 17:36:38,298 Epoch 57 	 Loss 0.18152437612905606
2021-05-01 17:37:27,695 Epoch 58 	 Loss 0.17796051109230127
2021-05-01 17:38:16,466 Epoch 59 	 Loss 0.18212812680464524
2021-05-01 17:39:05,252 Epoch 60 	 Loss 0.1860132382793741
2021-05-01 17:39:54,354 Epoch 61 	 Loss 0.17667962839970222
2021-05-01 17:40:43,144 Epoch 62 	 Loss 0.17878644463125165
2021-05-01 17:41:32,672 Epoch 63 	 Loss 0.17667556103769239
2021-05-01 17:42:21,394 Epoch 64 	 Loss 0.17291853044714248
2021-05-01 17:43:10,220 Epoch 65 	 Loss 0.17196315608836793
2021-05-01 17:43:59,255 Epoch 66 	 Loss 0.1691676058939525
2021-05-01 17:44:48,078 Epoch 67 	 Loss 0.17038929953679935
2021-05-01 17:45:37,043 Epoch 68 	 Loss 0.1695019584763181
2021-05-01 17:46:26,027 Epoch 69 	 Loss 0.16841725677579314
2021-05-01 17:47:14,972 Epoch 70 	 Loss 0.16644780337810516
2021-05-01 17:48:04,136 Epoch 71 	 Loss 0.17096956647359407
2021-05-01 17:48:53,587 Epoch 72 	 Loss 0.16548566078091717
2021-05-01 17:49:42,710 Epoch 73 	 Loss 0.17010545206593944
2021-05-01 17:50:32,452 Epoch 74 	 Loss 0.16519695946148463
2021-05-01 17:51:19,341 Epoch 75 	 Loss 0.1687807444851477
2021-05-01 17:52:05,992 Epoch 76 	 Loss 0.16503195759359296
2021-05-01 17:52:52,512 Epoch 77 	 Loss 0.16120454374250476
2021-05-01 17:53:38,900 Epoch 78 	 Loss 0.16363043771995292
2021-05-01 17:54:25,437 Epoch 79 	 Loss 0.16210553410289053
2021-05-01 17:55:11,948 Epoch 80 	 Loss 0.1636467029105176
2021-05-01 17:55:58,487 Epoch 81 	 Loss 0.16247441349448738
2021-05-01 17:56:44,951 Epoch 82 	 Loss 0.16337630250951746
2021-05-01 17:57:31,457 Epoch 83 	 Loss 0.16272678692917247
2021-05-01 17:58:17,996 Epoch 84 	 Loss 0.15963694002929624
2021-05-01 17:59:04,437 Epoch 85 	 Loss 0.15717110348926797
2021-05-01 17:59:50,996 Epoch 86 	 Loss 0.15816004492424346
2021-05-01 18:00:37,554 Epoch 87 	 Loss 0.16153850316346346
2021-05-01 18:01:23,977 Epoch 88 	 Loss 0.15982862864876843
2021-05-01 18:02:10,380 Epoch 89 	 Loss 0.15860105969093657
2021-05-01 18:02:56,890 Epoch 90 	 Loss 0.1590029809337396
2021-05-01 18:03:43,272 Epoch 91 	 Loss 0.1579046023415995
2021-05-01 18:04:29,824 Epoch 92 	 Loss 0.15831463055296258
2021-05-01 18:05:16,282 Epoch 93 	 Loss 0.16096117625852208
2021-05-01 18:06:02,847 Epoch 94 	 Loss 0.1593103826373488
2021-05-01 18:06:49,362 Epoch 95 	 Loss 0.1593507814865846
2021-05-01 18:07:35,759 Epoch 96 	 Loss 0.1582983659355195
2021-05-01 18:08:22,276 Epoch 97 	 Loss 0.16083256671061882
2021-05-01 18:09:08,794 Epoch 98 	 Loss 0.16159152255935982
2021-05-01 18:09:55,308 Epoch 99 	 Loss 0.16123042083703554
2021-05-01 18:10:15,833 RESULT FOR DATASET CVC-300

2021-05-01 18:10:15,833 ==============================
2021-05-01 18:10:15,833 

2021-05-01 18:10:15,833 recall: 0.9551967253287633

2021-05-01 18:10:15,833 specificity: 0.9936738709608713

2021-05-01 18:10:15,833 precision: 0.8508711042503516

2021-05-01 18:10:15,833 F1: 0.8811064218481381

2021-05-01 18:10:15,833 F2: 0.9106347451607386

2021-05-01 18:10:15,833 ACC_overall: 0.9922576636075974

2021-05-01 18:10:15,833 IoU_poly: 0.8168260176976522

2021-05-01 18:10:15,833 IoU_bg: 0.9920302530129751

2021-05-01 18:10:15,833 IoU_mean: 0.9044281373421351

2021-05-01 18:10:15,833 ==============================
2021-05-01 18:10:15,834 

2021-05-01 18:10:33,210 RESULT FOR DATASET CVC-ClinicDB

2021-05-01 18:10:33,211 ==============================
2021-05-01 18:10:33,211 

2021-05-01 18:10:33,211 recall: 0.9446229098304626

2021-05-01 18:10:33,211 specificity: 0.9940479493910267

2021-05-01 18:10:33,211 precision: 0.9048032538304406

2021-05-01 18:10:33,211 F1: 0.9133008574285815

2021-05-01 18:10:33,211 F2: 0.9236813877378741

2021-05-01 18:10:33,211 ACC_overall: 0.9907426401492088

2021-05-01 18:10:33,211 IoU_poly: 0.8650922235702315

2021-05-01 18:10:33,211 IoU_bg: 0.9890340210929993

2021-05-01 18:10:33,211 IoU_mean: 0.9270631228723833

2021-05-01 18:10:33,211 ==============================
2021-05-01 18:10:33,211 

2021-05-01 18:11:05,596 RESULT FOR DATASET Kvasir

2021-05-01 18:11:05,596 ==============================
2021-05-01 18:11:05,596 

2021-05-01 18:11:05,596 recall: 0.9097676128149033

2021-05-01 18:11:05,596 specificity: 0.9907329702377319

2021-05-01 18:11:05,596 precision: 0.9408237645030022

2021-05-01 18:11:05,596 F1: 0.9158884117007255

2021-05-01 18:11:05,596 F2: 0.9098283937573433

2021-05-01 18:11:05,596 ACC_overall: 0.9741739642620086

2021-05-01 18:11:05,596 IoU_poly: 0.8627648590505124

2021-05-01 18:11:05,596 IoU_bg: 0.9666235199570656

2021-05-01 18:11:05,597 IoU_mean: 0.914694190621376

2021-05-01 18:11:05,597 ==============================
2021-05-01 18:11:05,597 

2021-05-01 18:13:10,559 RESULT FOR DATASET CVC-ColonDB

2021-05-01 18:13:10,559 ==============================
2021-05-01 18:13:10,559 

2021-05-01 18:13:10,559 recall: 0.8313855437122153

2021-05-01 18:13:10,559 specificity: 0.9892144041626076

2021-05-01 18:13:10,559 precision: 0.8137673603981583

2021-05-01 18:13:10,559 F1: 0.7786661086747939

2021-05-01 18:13:10,560 F2: 0.7933124375254035

2021-05-01 18:13:10,560 ACC_overall: 0.965526020056323

2021-05-01 18:13:10,560 IoU_poly: 0.7039763903940482

2021-05-01 18:13:10,560 IoU_bg: 0.9633093298265808

2021-05-01 18:13:10,560 IoU_mean: 0.8336428605804318

2021-05-01 18:13:10,560 ==============================
2021-05-01 18:13:10,560 

2021-05-01 18:14:36,206 RESULT FOR DATASET ETIS-LaribPolypDB

2021-05-01 18:14:36,206 ==============================
2021-05-01 18:14:36,206 

2021-05-01 18:14:36,206 recall: 0.8501067898911543

2021-05-01 18:14:36,206 specificity: 0.9863150007262522

2021-05-01 18:14:36,206 precision: 0.7272477787136434

2021-05-01 18:14:36,206 F1: 0.7547675911108

2021-05-01 18:14:36,206 F2: 0.7986560619269117

2021-05-01 18:14:36,206 ACC_overall: 0.9840238790731041

2021-05-01 18:14:36,206 IoU_poly: 0.6735438650183526

2021-05-01 18:14:36,206 IoU_bg: 0.9831618554129893

2021-05-01 18:14:36,206 IoU_mean: 0.8283528586735531

2021-05-01 18:14:36,206 ==============================
2021-05-01 18:14:36,206 

