2021-04-27 23:32:23,083 Epoch 0 	 Loss 1.0853484161607512
2021-04-27 23:32:58,552 Epoch 1 	 Loss 0.8087925812700293
2021-04-27 23:33:34,000 Epoch 2 	 Loss 0.6779270198318984
2021-04-27 23:34:09,518 Epoch 3 	 Loss 0.6008007939045246
2021-04-27 23:34:45,022 Epoch 4 	 Loss 0.5216023637043251
2021-04-27 23:35:20,479 Epoch 5 	 Loss 0.4801422622832623
2021-04-27 23:35:55,976 Epoch 6 	 Loss 0.4537018354122455
2021-04-27 23:36:31,354 Epoch 7 	 Loss 0.43763005897239016
2021-04-27 23:37:06,800 Epoch 8 	 Loss 0.40810943075588774
2021-04-27 23:37:42,344 Epoch 9 	 Loss 0.3907776260441476
2021-04-27 23:38:17,876 Epoch 10 	 Loss 0.372180537208096
2021-04-27 23:38:53,406 Epoch 11 	 Loss 0.3724692296850812
2021-04-27 23:39:28,985 Epoch 12 	 Loss 0.3545222316796963
2021-04-27 23:40:04,545 Epoch 13 	 Loss 0.34224099395694313
2021-04-27 23:40:40,072 Epoch 14 	 Loss 0.3334944102462831
2021-04-27 23:41:15,597 Epoch 15 	 Loss 0.33385298180056144
2021-04-27 23:41:51,085 Epoch 16 	 Loss 0.3190275019669271
2021-04-27 23:42:26,585 Epoch 17 	 Loss 0.31987164275986807
2021-04-27 23:43:02,101 Epoch 18 	 Loss 0.31264630664180926
2021-04-27 23:43:37,740 Epoch 19 	 Loss 0.3086618959576219
2021-04-27 23:44:13,173 Epoch 20 	 Loss 0.29984460574585003
2021-04-27 23:44:48,683 Epoch 21 	 Loss 0.29562686400099114
2021-04-27 23:45:24,201 Epoch 22 	 Loss 0.28836367140104485
2021-04-27 23:45:59,706 Epoch 23 	 Loss 0.2840654831993711
2021-04-27 23:46:35,240 Epoch 24 	 Loss 0.28048867527600174
2021-04-27 23:47:10,680 Epoch 25 	 Loss 0.28344144074471445
2021-04-27 23:47:46,173 Epoch 26 	 Loss 0.27031584264157893
2021-04-27 23:48:21,598 Epoch 27 	 Loss 0.2663366526037782
2021-04-27 23:48:57,162 Epoch 28 	 Loss 0.2716877444104834
2021-04-27 23:49:32,572 Epoch 29 	 Loss 0.262144983961032
2021-04-27 23:50:08,144 Epoch 30 	 Loss 0.27020190803559274
2021-04-27 23:50:43,627 Epoch 31 	 Loss 0.2658704100074349
2021-04-27 23:51:19,305 Epoch 32 	 Loss 0.25152099476410794
2021-04-27 23:51:54,799 Epoch 33 	 Loss 0.2543241337432966
2021-04-27 23:52:30,268 Epoch 34 	 Loss 0.24919648026372052
2021-04-27 23:53:05,822 Epoch 35 	 Loss 0.2469371742272115
2021-04-27 23:53:41,302 Epoch 36 	 Loss 0.23880684965259427
2021-04-27 23:54:16,863 Epoch 37 	 Loss 0.2440797604702331
2021-04-27 23:54:52,497 Epoch 38 	 Loss 0.2395072191298663
2021-04-27 23:55:28,000 Epoch 39 	 Loss 0.23502531893305725
2021-04-27 23:56:03,525 Epoch 40 	 Loss 0.23589864111208653
2021-04-27 23:56:39,023 Epoch 41 	 Loss 0.236203249502968
2021-04-27 23:57:14,401 Epoch 42 	 Loss 0.23031726561404847
2021-04-27 23:57:49,907 Epoch 43 	 Loss 0.23735042358492756
2021-04-27 23:58:25,433 Epoch 44 	 Loss 0.2266042777797678
2021-04-27 23:59:00,840 Epoch 45 	 Loss 0.21883894765115047
2021-04-27 23:59:36,385 Epoch 46 	 Loss 0.21977631059976724
2021-04-28 00:00:11,949 Epoch 47 	 Loss 0.22171570917407235
2021-04-28 00:00:47,456 Epoch 48 	 Loss 0.22185000809994374
2021-04-28 00:01:22,984 Epoch 49 	 Loss 0.21785942178506118
2021-04-28 00:01:58,494 Epoch 50 	 Loss 0.22340732911130884
2021-04-28 00:02:34,015 Epoch 51 	 Loss 0.21215105810008206
2021-04-28 00:03:09,445 Epoch 52 	 Loss 0.21593630952494486
2021-04-28 00:03:44,954 Epoch 53 	 Loss 0.21554217151888125
2021-04-28 00:04:20,461 Epoch 54 	 Loss 0.21091029883086027
2021-04-28 00:04:55,949 Epoch 55 	 Loss 0.21006956352637365
2021-04-28 00:05:31,409 Epoch 56 	 Loss 0.20558900721780546
2021-04-28 00:06:06,821 Epoch 57 	 Loss 0.20417833098998436
2021-04-28 00:06:42,341 Epoch 58 	 Loss 0.20973186096647284
2021-04-28 00:07:17,885 Epoch 59 	 Loss 0.20420301844785502
2021-04-28 00:07:53,404 Epoch 60 	 Loss 0.20238532633571835
2021-04-28 00:08:28,835 Epoch 61 	 Loss 0.19586978623500237
2021-04-28 00:09:04,399 Epoch 62 	 Loss 0.205666890674895
2021-04-28 00:09:39,961 Epoch 63 	 Loss 0.20414049939794854
2021-04-28 00:10:15,417 Epoch 64 	 Loss 0.20002251585106273
2021-04-28 00:10:50,862 Epoch 65 	 Loss 0.19931495107792235
2021-04-28 00:11:26,378 Epoch 66 	 Loss 0.19844709713380415
2021-04-28 00:12:01,912 Epoch 67 	 Loss 0.1969078479559867
2021-04-28 00:12:37,393 Epoch 68 	 Loss 0.19578046196109647
2021-04-28 00:13:12,920 Epoch 69 	 Loss 0.19282351565230024
2021-04-28 00:13:48,477 Epoch 70 	 Loss 0.19355058882917678
2021-04-28 00:14:24,044 Epoch 71 	 Loss 0.19230333330867055
2021-04-28 00:14:59,600 Epoch 72 	 Loss 0.19445068135366336
2021-04-28 00:15:35,156 Epoch 73 	 Loss 0.19100594487819042
2021-04-28 00:16:10,598 Epoch 74 	 Loss 0.1897870069676703
2021-04-28 00:16:46,076 Epoch 75 	 Loss 0.18875117419840215
2021-04-28 00:17:21,654 Epoch 76 	 Loss 0.19067255071886294
2021-04-28 00:17:57,170 Epoch 77 	 Loss 0.1857229633318199
2021-04-28 00:18:32,559 Epoch 78 	 Loss 0.1866461490536784
2021-04-28 00:19:08,046 Epoch 79 	 Loss 0.1877901642532139
2021-04-28 00:19:43,536 Epoch 80 	 Loss 0.18620266151297224
2021-04-28 00:20:19,078 Epoch 81 	 Loss 0.18749801421558465
2021-04-28 00:20:54,581 Epoch 82 	 Loss 0.18581989325664855
2021-04-28 00:21:30,134 Epoch 83 	 Loss 0.18829263271866264
2021-04-28 00:22:05,619 Epoch 84 	 Loss 0.18496581076920687
2021-04-28 00:22:41,127 Epoch 85 	 Loss 0.18567894399166107
2021-04-28 00:23:16,697 Epoch 86 	 Loss 0.18414267471858434
2021-04-28 00:23:52,261 Epoch 87 	 Loss 0.18238775939731808
2021-04-28 00:24:27,801 Epoch 88 	 Loss 0.18550258874893188
2021-04-28 00:25:03,336 Epoch 89 	 Loss 0.18143677351238963
2021-04-28 00:25:38,911 Epoch 90 	 Loss 0.17850605963350652
2021-04-28 00:26:14,375 Epoch 91 	 Loss 0.1828955515072896
2021-04-28 00:26:49,946 Epoch 92 	 Loss 0.18465864674730614
2021-04-28 00:27:25,454 Epoch 93 	 Loss 0.18553185544826173
2021-04-28 00:28:01,053 Epoch 94 	 Loss 0.18306296261457297
2021-04-28 00:28:36,578 Epoch 95 	 Loss 0.18140032297962314
2021-04-28 00:29:12,098 Epoch 96 	 Loss 0.18478353239677764
2021-04-28 00:29:47,684 Epoch 97 	 Loss 0.18046283099677538
2021-04-28 00:30:23,281 Epoch 98 	 Loss 0.1832584126310034
2021-04-28 00:30:58,852 Epoch 99 	 Loss 0.18473450741270087
2021-04-28 00:31:17,141 RESULT FOR DATASET CVC-300

2021-04-28 00:31:17,141 ==============================
2021-04-28 00:31:17,141 

2021-04-28 00:31:17,141 recall: 0.9533234675725301

2021-04-28 00:31:17,141 specificity: 0.9923660645882288

2021-04-28 00:31:17,142 precision: 0.8363263035813967

2021-04-28 00:31:17,142 F1: 0.869175021102031

2021-04-28 00:31:17,142 F2: 0.9022819191217423

2021-04-28 00:31:17,142 ACC_overall: 0.9908090025186539

2021-04-28 00:31:17,142 IoU_poly: 0.8012724680205187

2021-04-28 00:31:17,142 IoU_bg: 0.9905259341001511

2021-04-28 00:31:17,142 IoU_mean: 0.8958992044130961

2021-04-28 00:31:17,142 ==============================
2021-04-28 00:31:17,142 

2021-04-28 00:31:32,675 RESULT FOR DATASET CVC-ClinicDB

2021-04-28 00:31:32,675 ==============================
2021-04-28 00:31:32,675 

2021-04-28 00:31:32,675 recall: 0.9259119363081071

2021-04-28 00:31:32,675 specificity: 0.9928690848811981

2021-04-28 00:31:32,675 precision: 0.8959361632024089

2021-04-28 00:31:32,675 F1: 0.8918690850898143

2021-04-28 00:31:32,675 F2: 0.9002605909782071

2021-04-28 00:31:32,675 ACC_overall: 0.9852815616515375

2021-04-28 00:31:32,676 IoU_poly: 0.8369317642383037

2021-04-28 00:31:32,676 IoU_bg: 0.9835721206280493

2021-04-28 00:31:32,676 IoU_mean: 0.9102519433344564

2021-04-28 00:31:32,676 ==============================
2021-04-28 00:31:32,676 

2021-04-28 00:32:01,821 RESULT FOR DATASET Kvasir

2021-04-28 00:32:01,821 ==============================
2021-04-28 00:32:01,821 

2021-04-28 00:32:01,821 recall: 0.9048805952072143

2021-04-28 00:32:01,821 specificity: 0.9892122906446457

2021-04-28 00:32:01,821 precision: 0.9380518686771393

2021-04-28 00:32:01,821 F1: 0.910662036538124

2021-04-28 00:32:01,821 F2: 0.9046107864379883

2021-04-28 00:32:01,821 ACC_overall: 0.9724300372600555

2021-04-28 00:32:01,821 IoU_poly: 0.853686513453722

2021-04-28 00:32:01,821 IoU_bg: 0.964586720764637

2021-04-28 00:32:01,821 IoU_mean: 0.9091366159915925

2021-04-28 00:32:01,821 ==============================
2021-04-28 00:32:01,822 

2021-04-28 00:33:53,620 RESULT FOR DATASET CVC-ColonDB

2021-04-28 00:33:53,620 ==============================
2021-04-28 00:33:53,620 

2021-04-28 00:33:53,621 recall: 0.7935870044872996

2021-04-28 00:33:53,621 specificity: 0.9887578114082939

2021-04-28 00:33:53,621 precision: 0.8038389864521857

2021-04-28 00:33:53,621 F1: 0.7631471708844353

2021-04-28 00:33:53,621 F2: 0.7712191066735327

2021-04-28 00:33:53,621 ACC_overall: 0.9622381047198647

2021-04-28 00:33:53,621 IoU_poly: 0.6825624330785487

2021-04-28 00:33:53,621 IoU_bg: 0.9589977542036459

2021-04-28 00:33:53,621 IoU_mean: 0.820780094673759

2021-04-28 00:33:53,621 ==============================
2021-04-28 00:33:53,621 

2021-04-28 00:35:13,652 RESULT FOR DATASET ETIS-LaribPolypDB

2021-04-28 00:35:13,652 ==============================
2021-04-28 00:35:13,652 

2021-04-28 00:35:13,653 recall: 0.8605121523260559

2021-04-28 00:35:13,653 specificity: 0.9813673459753698

2021-04-28 00:35:13,653 precision: 0.6651677000498736

2021-04-28 00:35:13,653 F1: 0.7277541708007382

2021-04-28 00:35:13,653 F2: 0.7885194382648033

2021-04-28 00:35:13,653 ACC_overall: 0.9792807208640235

2021-04-28 00:35:13,653 IoU_poly: 0.6408229500255063

2021-04-28 00:35:13,653 IoU_bg: 0.9782905563408014

2021-04-28 00:35:13,653 IoU_mean: 0.8095567551802616

2021-04-28 00:35:13,653 ==============================
2021-04-28 00:35:13,653 

