2021-05-14 14:50:19,077 Epoch 0 	 Loss 1.0752600451092145
2021-05-14 14:50:45,500 Epoch 1 	 Loss 0.7956845347697918
2021-05-14 14:51:12,002 Epoch 2 	 Loss 0.6668381651679238
2021-05-14 14:51:38,436 Epoch 3 	 Loss 0.57363647713766
2021-05-14 14:52:04,946 Epoch 4 	 Loss 0.5142079388702309
2021-05-14 14:52:31,622 Epoch 5 	 Loss 0.4716396164763105
2021-05-14 14:52:58,140 Epoch 6 	 Loss 0.45224249755943213
2021-05-14 14:53:24,799 Epoch 7 	 Loss 0.4366211380277361
2021-05-14 14:53:51,529 Epoch 8 	 Loss 0.4114622951863886
2021-05-14 14:54:18,246 Epoch 9 	 Loss 0.39175197842356924
2021-05-14 14:54:44,998 Epoch 10 	 Loss 0.3836872993589758
2021-05-14 14:55:11,594 Epoch 11 	 Loss 0.36572839860077744
2021-05-14 14:55:38,359 Epoch 12 	 Loss 0.35583057590238343
2021-05-14 14:56:05,091 Epoch 13 	 Loss 0.3439909263954058
2021-05-14 14:56:31,687 Epoch 14 	 Loss 0.3409612742099133
2021-05-14 14:56:58,336 Epoch 15 	 Loss 0.33297967042896776
2021-05-14 14:57:25,090 Epoch 16 	 Loss 0.3212498151339017
2021-05-14 14:57:51,678 Epoch 17 	 Loss 0.3130207366340763
2021-05-14 14:58:18,277 Epoch 18 	 Loss 0.30642616273937645
2021-05-14 14:58:44,946 Epoch 19 	 Loss 0.30681169213174464
2021-05-14 14:59:11,690 Epoch 20 	 Loss 0.31027752013651877
2021-05-14 14:59:38,426 Epoch 21 	 Loss 0.2946310287321007
2021-05-14 15:00:05,098 Epoch 22 	 Loss 0.29141173978428264
2021-05-14 15:00:31,876 Epoch 23 	 Loss 0.28958796292215916
2021-05-14 15:00:58,491 Epoch 24 	 Loss 0.27982611381090605
2021-05-14 15:01:25,127 Epoch 25 	 Loss 0.27156998675603133
2021-05-14 15:01:51,777 Epoch 26 	 Loss 0.28402728153454077
2021-05-14 15:02:18,487 Epoch 27 	 Loss 0.2732834364031697
2021-05-14 15:02:45,126 Epoch 28 	 Loss 0.2685366033852755
2021-05-14 15:03:11,678 Epoch 29 	 Loss 0.26414741788591656
2021-05-14 15:03:38,401 Epoch 30 	 Loss 0.26513957338673727
2021-05-14 15:04:05,022 Epoch 31 	 Loss 0.2618743765812654
2021-05-14 15:04:31,869 Epoch 32 	 Loss 0.25381157195175086
2021-05-14 15:04:58,572 Epoch 33 	 Loss 0.2551503944527972
2021-05-14 15:05:25,276 Epoch 34 	 Loss 0.2536021800159098
2021-05-14 15:05:51,931 Epoch 35 	 Loss 0.24932200453438602
2021-05-14 15:06:18,526 Epoch 36 	 Loss 0.2474535353236146
2021-05-14 15:06:45,277 Epoch 37 	 Loss 0.24609908543445252
2021-05-14 15:07:12,005 Epoch 38 	 Loss 0.24045745029554264
2021-05-14 15:07:38,680 Epoch 39 	 Loss 0.2369750202684612
2021-05-14 15:08:05,292 Epoch 40 	 Loss 0.23444995546078945
2021-05-14 15:08:31,917 Epoch 41 	 Loss 0.23467248301584642
2021-05-14 15:08:58,605 Epoch 42 	 Loss 0.2439082343499739
2021-05-14 15:09:25,182 Epoch 43 	 Loss 0.22931010005893288
2021-05-14 15:09:51,955 Epoch 44 	 Loss 0.22634424007200932
2021-05-14 15:10:18,706 Epoch 45 	 Loss 0.22497413659488763
2021-05-14 15:10:45,371 Epoch 46 	 Loss 0.2246547498545804
2021-05-14 15:11:11,975 Epoch 47 	 Loss 0.22091942354217992
2021-05-14 15:11:38,745 Epoch 48 	 Loss 0.2213451924559834
2021-05-14 15:12:05,408 Epoch 49 	 Loss 0.21685999926629956
2021-05-14 15:12:31,970 Epoch 50 	 Loss 0.21794646749129662
2021-05-14 15:12:58,629 Epoch 51 	 Loss 0.21367674067125217
2021-05-14 15:13:25,283 Epoch 52 	 Loss 0.21713806525036528
2021-05-14 15:13:52,007 Epoch 53 	 Loss 0.21531719657090995
2021-05-14 15:14:18,598 Epoch 54 	 Loss 0.2144406280674777
2021-05-14 15:14:45,318 Epoch 55 	 Loss 0.21008299569507222
2021-05-14 15:15:12,100 Epoch 56 	 Loss 0.2082946798303625
2021-05-14 15:15:38,815 Epoch 57 	 Loss 0.20454342434039482
2021-05-14 15:16:05,406 Epoch 58 	 Loss 0.19795422075868963
2021-05-14 15:16:32,100 Epoch 59 	 Loss 0.20489277354963534
2021-05-14 15:16:58,773 Epoch 60 	 Loss 0.20123087737586473
2021-05-14 15:17:25,381 Epoch 61 	 Loss 0.20044500831064288
2021-05-14 15:17:52,042 Epoch 62 	 Loss 0.19923444092273712
2021-05-14 15:18:18,632 Epoch 63 	 Loss 0.1989126354455948
2021-05-14 15:18:45,331 Epoch 64 	 Loss 0.19815002938548287
2021-05-14 15:19:12,085 Epoch 65 	 Loss 0.19508331784835228
2021-05-14 15:19:38,781 Epoch 66 	 Loss 0.19263231377680223
2021-05-14 15:20:05,615 Epoch 67 	 Loss 0.19421983043571095
2021-05-14 15:20:32,235 Epoch 68 	 Loss 0.19611013541509817
2021-05-14 15:20:59,027 Epoch 69 	 Loss 0.19484190741083124
2021-05-14 15:21:25,687 Epoch 70 	 Loss 0.19307976568138208
2021-05-14 15:21:52,460 Epoch 71 	 Loss 0.19490199904520433
2021-05-14 15:22:19,124 Epoch 72 	 Loss 0.19262109664115276
2021-05-14 15:22:45,807 Epoch 73 	 Loss 0.1891575378703547
2021-05-14 15:23:12,432 Epoch 74 	 Loss 0.18685266097168346
2021-05-14 15:23:39,196 Epoch 75 	 Loss 0.18843449799569098
2021-05-14 15:24:05,940 Epoch 76 	 Loss 0.19176530543264453
2021-05-14 15:24:32,593 Epoch 77 	 Loss 0.187341156405407
2021-05-14 15:24:59,230 Epoch 78 	 Loss 0.1907418103335978
2021-05-14 15:25:25,989 Epoch 79 	 Loss 0.1846492595070011
2021-05-14 15:25:52,717 Epoch 80 	 Loss 0.18824583979753348
2021-05-14 15:26:19,463 Epoch 81 	 Loss 0.18978938722348476
2021-05-14 15:26:46,109 Epoch 82 	 Loss 0.18705116654490375
2021-05-14 15:27:12,782 Epoch 83 	 Loss 0.18321229124462213
2021-05-14 15:27:39,439 Epoch 84 	 Loss 0.1839933570597198
2021-05-14 15:28:06,155 Epoch 85 	 Loss 0.18530198014699495
2021-05-14 15:28:32,809 Epoch 86 	 Loss 0.18440829053684904
2021-05-14 15:28:59,482 Epoch 87 	 Loss 0.18995756254746363
2021-05-14 15:29:26,195 Epoch 88 	 Loss 0.1877670448559981
2021-05-14 15:29:52,940 Epoch 89 	 Loss 0.17841761125313058
2021-05-14 15:30:19,551 Epoch 90 	 Loss 0.1806764766410157
2021-05-14 15:30:46,313 Epoch 91 	 Loss 0.1830530854371878
2021-05-14 15:31:13,038 Epoch 92 	 Loss 0.18470530866921603
2021-05-14 15:31:39,704 Epoch 93 	 Loss 0.1810783634146491
2021-05-14 15:32:06,481 Epoch 94 	 Loss 0.18311113372936352
2021-05-14 15:32:33,179 Epoch 95 	 Loss 0.18610099269138589
2021-05-14 15:32:59,910 Epoch 96 	 Loss 0.18297212104220967
2021-05-14 15:33:26,587 Epoch 97 	 Loss 0.18632023085604657
2021-05-14 15:33:53,247 Epoch 98 	 Loss 0.17898820504382418
2021-05-14 15:34:19,879 Epoch 99 	 Loss 0.18228119562615405
2021-05-14 15:34:39,341 RESULT FOR DATASET CVC-300

2021-05-14 15:34:39,341 ==============================
2021-05-14 15:34:39,342 

2021-05-14 15:34:39,342 recall: 0.9582452535629272

2021-05-14 15:34:39,342 specificity: 0.992846456170082

2021-05-14 15:34:39,342 precision: 0.8404864819099506

2021-05-14 15:34:39,342 F1: 0.8754744698603948

2021-05-14 15:34:39,342 F2: 0.9082488775253296

2021-05-14 15:34:39,342 ACC_overall: 0.9915723582108815

2021-05-14 15:34:39,342 IoU_poly: 0.809590146690607

2021-05-14 15:34:39,342 IoU_bg: 0.9913369516531626

2021-05-14 15:34:39,342 IoU_mean: 0.9004635527729988

2021-05-14 15:34:39,342 ==============================
2021-05-14 15:34:39,342 

2021-05-14 15:34:55,804 RESULT FOR DATASET CVC-ClinicDB

2021-05-14 15:34:55,804 ==============================
2021-05-14 15:34:55,804 

2021-05-14 15:34:55,804 recall: 0.9390334295627151

2021-05-14 15:34:55,804 specificity: 0.9928789427203517

2021-05-14 15:34:55,804 precision: 0.9074107264318774

2021-05-14 15:34:55,804 F1: 0.9019521184945328

2021-05-14 15:34:55,804 F2: 0.9130230787559412

2021-05-14 15:34:55,804 ACC_overall: 0.9898773547141783

2021-05-14 15:34:55,804 IoU_poly: 0.854476849372018

2021-05-14 15:34:55,804 IoU_bg: 0.9879143266908584

2021-05-14 15:34:55,805 IoU_mean: 0.9211955858815101

2021-05-14 15:34:55,805 ==============================
2021-05-14 15:34:55,805 

2021-05-14 15:35:26,991 RESULT FOR DATASET Kvasir

2021-05-14 15:35:26,991 ==============================
2021-05-14 15:35:26,991 

2021-05-14 15:35:26,991 recall: 0.8971988287568092

2021-05-14 15:35:26,991 specificity: 0.9907798618078232

2021-05-14 15:35:26,991 precision: 0.9394947026669979

2021-05-14 15:35:26,991 F1: 0.903967538177967

2021-05-14 15:35:26,991 F2: 0.8962389573454856

2021-05-14 15:35:26,991 ACC_overall: 0.9715492379665375

2021-05-14 15:35:26,991 IoU_poly: 0.8462477454543114

2021-05-14 15:35:26,991 IoU_bg: 0.964264033138752

2021-05-14 15:35:26,991 IoU_mean: 0.9052558887004852

2021-05-14 15:35:26,991 ==============================
2021-05-14 15:35:26,991 

2021-05-14 15:37:25,201 RESULT FOR DATASET CVC-ColonDB

2021-05-14 15:37:25,201 ==============================
2021-05-14 15:37:25,201 

2021-05-14 15:37:25,201 recall: 0.8159114236481161

2021-05-14 15:37:25,201 specificity: 0.9878031407531939

2021-05-14 15:37:25,201 precision: 0.8096132271169919

2021-05-14 15:37:25,201 F1: 0.7716999243552173

2021-05-14 15:37:25,201 F2: 0.7833329458431189

2021-05-14 15:37:25,202 ACC_overall: 0.963403659039422

2021-05-14 15:37:25,202 IoU_poly: 0.6892359934392995

2021-05-14 15:37:25,202 IoU_bg: 0.9599227190017701

2021-05-14 15:37:25,202 IoU_mean: 0.8245793564539207

2021-05-14 15:37:25,202 ==============================
2021-05-14 15:37:25,202 

2021-05-14 15:38:48,993 RESULT FOR DATASET ETIS-LaribPolypDB

2021-05-14 15:38:48,993 ==============================
2021-05-14 15:38:48,993 

2021-05-14 15:38:48,993 recall: 0.8572334446863277

2021-05-14 15:38:48,993 specificity: 0.9828190329123516

2021-05-14 15:38:48,993 precision: 0.6912169096185746

2021-05-14 15:38:48,993 F1: 0.737701800123998

2021-05-14 15:38:48,993 F2: 0.7929695345514007

2021-05-14 15:38:48,993 ACC_overall: 0.9810782455059947

2021-05-14 15:38:48,993 IoU_poly: 0.6509138389779853

2021-05-14 15:38:48,993 IoU_bg: 0.9801161724085711

2021-05-14 15:38:48,994 IoU_mean: 0.8155150054668894

2021-05-14 15:38:48,994 ==============================
2021-05-14 15:38:48,994 

