2021-04-27 22:29:37,116 Epoch 0 	 Loss 1.086505746448433
2021-04-27 22:30:12,965 Epoch 1 	 Loss 0.7994358591980987
2021-04-27 22:30:48,059 Epoch 2 	 Loss 0.6658688325148362
2021-04-27 22:31:22,931 Epoch 3 	 Loss 0.5804676852383457
2021-04-27 22:31:57,866 Epoch 4 	 Loss 0.5132173001766205
2021-04-27 22:32:32,771 Epoch 5 	 Loss 0.48528624792675396
2021-04-27 22:33:07,730 Epoch 6 	 Loss 0.4550170328590896
2021-04-27 22:33:42,732 Epoch 7 	 Loss 0.43356346658297945
2021-04-27 22:34:17,725 Epoch 8 	 Loss 0.4140231471795302
2021-04-27 22:34:52,839 Epoch 9 	 Loss 0.3923291239764664
2021-04-27 22:35:27,804 Epoch 10 	 Loss 0.3761538620833512
2021-04-27 22:36:02,724 Epoch 11 	 Loss 0.36654428630084784
2021-04-27 22:36:37,651 Epoch 12 	 Loss 0.3530160496523092
2021-04-27 22:37:12,628 Epoch 13 	 Loss 0.34692822331255607
2021-04-27 22:37:47,655 Epoch 14 	 Loss 0.3366426337551285
2021-04-27 22:38:22,606 Epoch 15 	 Loss 0.3366372788345421
2021-04-27 22:38:57,668 Epoch 16 	 Loss 0.32784064752714975
2021-04-27 22:39:32,720 Epoch 17 	 Loss 0.3168781450489065
2021-04-27 22:40:07,624 Epoch 18 	 Loss 0.31441297030055915
2021-04-27 22:40:42,484 Epoch 19 	 Loss 0.30805336970549363
2021-04-27 22:41:17,443 Epoch 20 	 Loss 0.30382727741540133
2021-04-27 22:41:52,376 Epoch 21 	 Loss 0.30231148315655004
2021-04-27 22:42:27,332 Epoch 22 	 Loss 0.2946871063866458
2021-04-27 22:43:02,209 Epoch 23 	 Loss 0.29529248718377
2021-04-27 22:43:37,124 Epoch 24 	 Loss 0.2907081228363645
2021-04-27 22:44:12,151 Epoch 25 	 Loss 0.2907820727143969
2021-04-27 22:44:47,130 Epoch 26 	 Loss 0.27780700352165727
2021-04-27 22:45:22,103 Epoch 27 	 Loss 0.279028839298657
2021-04-27 22:45:57,038 Epoch 28 	 Loss 0.27917576704051467
2021-04-27 22:46:32,103 Epoch 29 	 Loss 0.27070986373083933
2021-04-27 22:47:07,037 Epoch 30 	 Loss 0.266555755511745
2021-04-27 22:47:41,942 Epoch 31 	 Loss 0.26483987992281444
2021-04-27 22:48:16,909 Epoch 32 	 Loss 0.26074124086689165
2021-04-27 22:48:51,884 Epoch 33 	 Loss 0.25877720707065455
2021-04-27 22:49:26,795 Epoch 34 	 Loss 0.2541334006812546
2021-04-27 22:50:01,712 Epoch 35 	 Loss 0.25571679184725
2021-04-27 22:50:36,675 Epoch 36 	 Loss 0.24833781378609793
2021-04-27 22:51:11,695 Epoch 37 	 Loss 0.24485602107021834
2021-04-27 22:51:46,655 Epoch 38 	 Loss 0.24241269076918506
2021-04-27 22:52:21,634 Epoch 39 	 Loss 0.2395724506823571
2021-04-27 22:52:56,627 Epoch 40 	 Loss 0.23907425459269638
2021-04-27 22:53:31,584 Epoch 41 	 Loss 0.23713712246863397
2021-04-27 22:54:06,503 Epoch 42 	 Loss 0.2315402844777474
2021-04-27 22:54:41,428 Epoch 43 	 Loss 0.22950342592302259
2021-04-27 22:55:16,375 Epoch 44 	 Loss 0.2317355935062681
2021-04-27 22:55:51,248 Epoch 45 	 Loss 0.23554650473070668
2021-04-27 22:56:26,156 Epoch 46 	 Loss 0.22465813209067334
2021-04-27 22:57:01,106 Epoch 47 	 Loss 0.22795457482992948
2021-04-27 22:57:36,017 Epoch 48 	 Loss 0.2254213450046686
2021-04-27 22:58:11,032 Epoch 49 	 Loss 0.2217107192500607
2021-04-27 22:58:45,926 Epoch 50 	 Loss 0.21945861489563198
2021-04-27 22:59:20,852 Epoch 51 	 Loss 0.2213373858850081
2021-04-27 22:59:55,848 Epoch 52 	 Loss 0.21577527726089563
2021-04-27 23:00:30,887 Epoch 53 	 Loss 0.22017531735556467
2021-04-27 23:01:05,710 Epoch 54 	 Loss 0.21311112648838168
2021-04-27 23:01:40,788 Epoch 55 	 Loss 0.21017930713983682
2021-04-27 23:02:15,627 Epoch 56 	 Loss 0.21158502946843158
2021-04-27 23:02:50,492 Epoch 57 	 Loss 0.21118866938811082
2021-04-27 23:03:25,476 Epoch 58 	 Loss 0.21023194540987958
2021-04-27 23:04:00,521 Epoch 59 	 Loss 0.21055587553060973
2021-04-27 23:04:35,465 Epoch 60 	 Loss 0.20612385328654403
2021-04-27 23:05:10,387 Epoch 61 	 Loss 0.20244676087583816
2021-04-27 23:05:45,450 Epoch 62 	 Loss 0.20923868624063638
2021-04-27 23:06:20,342 Epoch 63 	 Loss 0.2048853052841438
2021-04-27 23:06:55,248 Epoch 64 	 Loss 0.2048996945658883
2021-04-27 23:07:30,208 Epoch 65 	 Loss 0.20004348440484687
2021-04-27 23:08:05,252 Epoch 66 	 Loss 0.20456073457723137
2021-04-27 23:08:40,116 Epoch 67 	 Loss 0.2051692457644494
2021-04-27 23:09:15,127 Epoch 68 	 Loss 0.2012713332097609
2021-04-27 23:09:50,030 Epoch 69 	 Loss 0.19551829600727166
2021-04-27 23:10:24,915 Epoch 70 	 Loss 0.19862589780445938
2021-04-27 23:10:59,798 Epoch 71 	 Loss 0.1971211783833556
2021-04-27 23:11:34,783 Epoch 72 	 Loss 0.1940986869426874
2021-04-27 23:12:09,741 Epoch 73 	 Loss 0.1903226110306415
2021-04-27 23:12:44,684 Epoch 74 	 Loss 0.19667898495118696
2021-04-27 23:13:19,620 Epoch 75 	 Loss 0.19709380069276788
2021-04-27 23:13:54,500 Epoch 76 	 Loss 0.1909981708932709
2021-04-27 23:14:29,484 Epoch 77 	 Loss 0.1926205759192561
2021-04-27 23:15:04,409 Epoch 78 	 Loss 0.19192871500502576
2021-04-27 23:15:39,264 Epoch 79 	 Loss 0.19247800537518092
2021-04-27 23:16:14,109 Epoch 80 	 Loss 0.19341626845218324
2021-04-27 23:16:48,956 Epoch 81 	 Loss 0.1891338648376884
2021-04-27 23:17:23,863 Epoch 82 	 Loss 0.18734366880668388
2021-04-27 23:17:58,777 Epoch 83 	 Loss 0.1885682658834772
2021-04-27 23:18:33,748 Epoch 84 	 Loss 0.18859783764723892
2021-04-27 23:19:08,622 Epoch 85 	 Loss 0.18594019229595476
2021-04-27 23:19:43,508 Epoch 86 	 Loss 0.18567237929328456
2021-04-27 23:20:18,453 Epoch 87 	 Loss 0.18796409797537458
2021-04-27 23:20:53,424 Epoch 88 	 Loss 0.1888443383869234
2021-04-27 23:21:28,429 Epoch 89 	 Loss 0.19153815327764867
2021-04-27 23:22:03,364 Epoch 90 	 Loss 0.1895830316857977
2021-04-27 23:22:38,249 Epoch 91 	 Loss 0.18976398352738266
2021-04-27 23:23:13,228 Epoch 92 	 Loss 0.1829298808351978
2021-04-27 23:23:48,148 Epoch 93 	 Loss 0.18694893131544302
2021-04-27 23:24:23,130 Epoch 94 	 Loss 0.18576672165603428
2021-04-27 23:24:58,143 Epoch 95 	 Loss 0.18620450090576005
2021-04-27 23:25:33,080 Epoch 96 	 Loss 0.1838411728104392
2021-04-27 23:26:08,034 Epoch 97 	 Loss 0.1870563649214231
2021-04-27 23:26:42,949 Epoch 98 	 Loss 0.1852918688085053
2021-04-27 23:27:17,890 Epoch 99 	 Loss 0.18735644466929383
2021-04-27 23:27:37,365 RESULT FOR DATASET CVC-300

2021-04-27 23:27:37,365 ==============================
2021-04-27 23:27:37,365 

2021-04-27 23:27:37,365 recall: 0.9329681620001793

2021-04-27 23:27:37,365 specificity: 0.993132836620013

2021-04-27 23:27:37,365 precision: 0.8375383439163367

2021-04-27 23:27:37,365 F1: 0.8614957610766093

2021-04-27 23:27:37,365 F2: 0.8877071425318718

2021-04-27 23:27:37,366 ACC_overall: 0.9906665484110514

2021-04-27 23:27:37,366 IoU_poly: 0.7918687963237365

2021-04-27 23:27:37,366 IoU_bg: 0.9903987387816111

2021-04-27 23:27:37,366 IoU_mean: 0.8911337703466415

2021-04-27 23:27:37,366 ==============================
2021-04-27 23:27:37,366 

2021-04-27 23:27:53,737 RESULT FOR DATASET CVC-ClinicDB

2021-04-27 23:27:53,737 ==============================
2021-04-27 23:27:53,737 

2021-04-27 23:27:53,738 recall: 0.9317212759464558

2021-04-27 23:27:53,738 specificity: 0.9931819717730245

2021-04-27 23:27:53,738 precision: 0.8924046918344233

2021-04-27 23:27:53,738 F1: 0.8993479526083495

2021-04-27 23:27:53,738 F2: 0.9096414411192639

2021-04-27 23:27:53,738 ACC_overall: 0.9892207682132721

2021-04-27 23:27:53,738 IoU_poly: 0.8494187801364704

2021-04-27 23:27:53,738 IoU_bg: 0.9871202159312463

2021-04-27 23:27:53,738 IoU_mean: 0.9182694962909145

2021-04-27 23:27:53,738 ==============================
2021-04-27 23:27:53,738 

2021-04-27 23:28:25,255 RESULT FOR DATASET Kvasir

2021-04-27 23:28:25,255 ==============================
2021-04-27 23:28:25,255 

2021-04-27 23:28:25,255 recall: 0.8996704056859016

2021-04-27 23:28:25,255 specificity: 0.9896968936920166

2021-04-27 23:28:25,255 precision: 0.931240981221199

2021-04-27 23:28:25,255 F1: 0.9060634511709214

2021-04-27 23:28:25,255 F2: 0.9006260704994201

2021-04-27 23:28:25,255 ACC_overall: 0.9725546783208847

2021-04-27 23:28:25,255 IoU_poly: 0.8474883924424649

2021-04-27 23:28:25,256 IoU_bg: 0.9647177112102509

2021-04-27 23:28:25,256 IoU_mean: 0.9061030548810959

2021-04-27 23:28:25,256 ==============================
2021-04-27 23:28:25,256 

2021-04-27 23:30:21,519 RESULT FOR DATASET CVC-ColonDB

2021-04-27 23:30:21,519 ==============================
2021-04-27 23:30:21,519 

2021-04-27 23:30:21,519 recall: 0.7666399972968784

2021-04-27 23:30:21,519 specificity: 0.9899672944294778

2021-04-27 23:30:21,519 precision: 0.809989251821753

2021-04-27 23:30:21,519 F1: 0.7438690909928578

2021-04-27 23:30:21,519 F2: 0.7481782751045198

2021-04-27 23:30:21,519 ACC_overall: 0.9609242019684692

2021-04-27 23:30:21,519 IoU_poly: 0.6638959700967031

2021-04-27 23:30:21,519 IoU_bg: 0.9580746702457729

2021-04-27 23:30:21,520 IoU_mean: 0.8109853207672897

2021-04-27 23:30:21,520 ==============================
2021-04-27 23:30:21,520 

2021-04-27 23:31:45,026 RESULT FOR DATASET ETIS-LaribPolypDB

2021-04-27 23:31:45,027 ==============================
2021-04-27 23:31:45,027 

2021-04-27 23:31:45,027 recall: 0.8310339265961152

2021-04-27 23:31:45,027 specificity: 0.982876853371153

2021-04-27 23:31:45,027 precision: 0.670915255952381

2021-04-27 23:31:45,027 F1: 0.7115777478539963

2021-04-27 23:31:45,027 F2: 0.7648163361640474

2021-04-27 23:31:45,027 ACC_overall: 0.9804409328772097

2021-04-27 23:31:45,027 IoU_poly: 0.6254292231307786

2021-04-27 23:31:45,027 IoU_bg: 0.9795043392449009

2021-04-27 23:31:45,027 IoU_mean: 0.8024667829883342

2021-04-27 23:31:45,027 ==============================
2021-04-27 23:31:45,027 

