2021-05-28 18:46:51,475 Epoch 0 	 Loss 0.7033138409420684
2021-05-28 18:50:07,143 Epoch 1 	 Loss 0.4650747569707724
2021-05-28 18:53:23,109 Epoch 2 	 Loss 0.41195191524840974
2021-05-28 18:56:38,743 Epoch 3 	 Loss 0.3838584832437746
2021-05-28 18:59:54,543 Epoch 4 	 Loss 0.3627419936787951
2021-05-28 19:03:10,372 Epoch 5 	 Loss 0.3550370473128099
2021-05-28 19:06:26,346 Epoch 6 	 Loss 0.3403990183557783
2021-05-28 19:09:42,154 Epoch 7 	 Loss 0.32507890872247924
2021-05-28 19:12:57,912 Epoch 8 	 Loss 0.3104870108130214
2021-05-28 19:16:13,845 Epoch 9 	 Loss 0.30716505859579357
2021-05-28 19:19:30,064 Epoch 10 	 Loss 0.29271948206555715
2021-05-28 19:22:45,652 Epoch 11 	 Loss 0.30989673471712803
2021-05-28 19:26:01,385 Epoch 12 	 Loss 0.2842742042554604
2021-05-28 19:29:17,020 Epoch 13 	 Loss 0.282707426574204
2021-05-28 19:32:32,984 Epoch 14 	 Loss 0.2915160163090779
2021-05-28 19:35:48,805 Epoch 15 	 Loss 0.26876346668699286
2021-05-28 19:39:04,631 Epoch 16 	 Loss 0.27648648701526307
2021-05-28 19:42:20,307 Epoch 17 	 Loss 0.2700494814377565
2021-05-28 19:45:36,023 Epoch 18 	 Loss 0.2687201093841385
2021-05-28 19:48:51,712 Epoch 19 	 Loss 0.2561068423501738
2021-05-28 19:52:07,376 Epoch 20 	 Loss 0.261454375235589
2021-05-28 19:55:22,970 Epoch 21 	 Loss 0.25067731672590904
2021-05-28 19:58:38,656 Epoch 22 	 Loss 0.24348920387226147
2021-05-28 20:01:54,363 Epoch 23 	 Loss 0.2424870647571899
2021-05-28 20:05:09,915 Epoch 24 	 Loss 0.24603535775299912
2021-05-28 20:08:25,479 Epoch 25 	 Loss 0.2347953411249014
2021-05-28 20:11:41,426 Epoch 26 	 Loss 0.23338784604937166
2021-05-28 20:14:56,882 Epoch 27 	 Loss 0.22518476057838607
2021-05-28 20:18:12,510 Epoch 28 	 Loss 0.2361862680741719
2021-05-28 20:21:28,191 Epoch 29 	 Loss 0.23044841842991964
2021-05-28 20:24:43,775 Epoch 30 	 Loss 0.22835340653802014
2021-05-28 20:27:59,293 Epoch 31 	 Loss 0.2221412825715411
2021-05-28 20:31:14,870 Epoch 32 	 Loss 0.21428834786126902
2021-05-28 20:34:30,400 Epoch 33 	 Loss 0.21336591391118018
2021-05-28 20:37:45,922 Epoch 34 	 Loss 0.2156637363381438
2021-05-28 20:41:01,652 Epoch 35 	 Loss 0.2165520707002053
2021-05-28 20:44:17,284 Epoch 36 	 Loss 0.2175984672465167
2021-05-28 20:47:32,819 Epoch 37 	 Loss 0.20969985179848724
2021-05-28 20:50:48,387 Epoch 38 	 Loss 0.20805934628287515
2021-05-28 20:54:04,073 Epoch 39 	 Loss 0.20498772096502912
2021-05-28 20:57:19,565 Epoch 40 	 Loss 0.19840333766334659
2021-05-28 21:00:39,348 Epoch 41 	 Loss 0.19738239770407204
2021-05-28 21:03:55,357 Epoch 42 	 Loss 0.21175531649982537
2021-05-28 21:07:11,401 Epoch 43 	 Loss 0.20015954234442868
2021-05-28 21:10:27,381 Epoch 44 	 Loss 0.19731846304385217
2021-05-28 21:13:43,461 Epoch 45 	 Loss 0.19774077505200774
2021-05-28 21:16:59,402 Epoch 46 	 Loss 0.18933978120049277
2021-05-28 21:20:15,420 Epoch 47 	 Loss 0.18567406345199752
2021-05-28 21:23:31,502 Epoch 48 	 Loss 0.18401038646697998
2021-05-28 21:26:47,534 Epoch 49 	 Loss 0.18361325152627714
2021-05-28 21:30:03,569 Epoch 50 	 Loss 0.19321339503749385
2021-05-28 21:33:19,553 Epoch 51 	 Loss 0.1849110056083281
2021-05-28 21:36:35,578 Epoch 52 	 Loss 0.1807952377494875
2021-05-28 21:39:51,555 Epoch 53 	 Loss 0.1785707881489953
2021-05-28 21:43:07,538 Epoch 54 	 Loss 0.17331093615228002
2021-05-28 21:46:23,506 Epoch 55 	 Loss 0.1728675942663308
2021-05-28 21:49:39,394 Epoch 56 	 Loss 0.17577646459851945
2021-05-28 21:52:55,506 Epoch 57 	 Loss 0.1755866446010359
2021-05-28 21:56:11,596 Epoch 58 	 Loss 0.1699021938410434
2021-05-28 21:59:27,556 Epoch 59 	 Loss 0.17331263619464832
2021-05-28 22:02:43,550 Epoch 60 	 Loss 0.16835249387300932
2021-05-28 22:05:59,549 Epoch 61 	 Loss 0.1694580275606323
2021-05-28 22:09:15,490 Epoch 62 	 Loss 0.16736250755551096
2021-05-28 22:12:31,494 Epoch 63 	 Loss 0.167615444286839
2021-05-28 22:15:47,438 Epoch 64 	 Loss 0.16333497962453863
2021-05-28 22:19:03,480 Epoch 65 	 Loss 0.16487922830568566
2021-05-28 22:22:19,702 Epoch 66 	 Loss 0.15985716240746634
2021-05-28 22:25:36,188 Epoch 67 	 Loss 0.16186023560854104
2021-05-28 22:28:52,119 Epoch 68 	 Loss 0.16033536490503247
2021-05-28 22:32:08,034 Epoch 69 	 Loss 0.15737877565098332
2021-05-28 22:35:23,904 Epoch 70 	 Loss 0.15728443533509642
2021-05-28 22:38:39,942 Epoch 71 	 Loss 0.15915183706597968
2021-05-28 22:41:55,949 Epoch 72 	 Loss 0.15592048227132022
2021-05-28 22:45:11,826 Epoch 73 	 Loss 0.1548072893868436
2021-05-28 22:48:27,692 Epoch 74 	 Loss 0.1575170968260084
2021-05-28 22:51:43,664 Epoch 75 	 Loss 0.1561717276389782
2021-05-28 22:54:59,636 Epoch 76 	 Loss 0.15602879119770868
2021-05-28 22:58:15,719 Epoch 77 	 Loss 0.15465878973622899
2021-05-28 23:01:31,820 Epoch 78 	 Loss 0.15205222622051343
2021-05-28 23:04:47,798 Epoch 79 	 Loss 0.15015236632182047
2021-05-28 23:08:03,849 Epoch 80 	 Loss 0.15038435947109055
2021-05-28 23:11:19,723 Epoch 81 	 Loss 0.15195318589826207
2021-05-28 23:14:35,591 Epoch 82 	 Loss 0.1511916586985955
2021-05-28 23:17:51,424 Epoch 83 	 Loss 0.1488639031137739
2021-05-28 23:21:07,388 Epoch 84 	 Loss 0.14745488435357482
2021-05-28 23:24:23,301 Epoch 85 	 Loss 0.1511294051677316
2021-05-28 23:27:39,260 Epoch 86 	 Loss 0.14808210001869515
2021-05-28 23:30:55,156 Epoch 87 	 Loss 0.1488720267028599
2021-05-28 23:34:11,006 Epoch 88 	 Loss 0.14991266214913065
2021-05-28 23:37:26,950 Epoch 89 	 Loss 0.14685749385383104
2021-05-28 23:40:42,941 Epoch 90 	 Loss 0.14884508785965678
2021-05-28 23:43:58,745 Epoch 91 	 Loss 0.1471598805798279
2021-05-28 23:47:14,922 Epoch 92 	 Loss 0.1497777527668974
2021-05-28 23:50:30,838 Epoch 93 	 Loss 0.14964663507519188
2021-05-28 23:53:46,825 Epoch 94 	 Loss 0.14697801010621772
2021-05-28 23:57:02,798 Epoch 95 	 Loss 0.14958980630387317
2021-05-29 00:00:18,615 Epoch 96 	 Loss 0.14841902542572755
2021-05-29 00:03:34,520 Epoch 97 	 Loss 0.14700007086599265
2021-05-29 00:06:50,406 Epoch 98 	 Loss 0.14653792723522083
2021-05-29 00:10:06,414 Epoch 99 	 Loss 0.15148845536040736
2021-05-29 00:10:31,090 RESULT FOR DATASET CVC-300

2021-05-29 00:10:31,090 ==============================
2021-05-29 00:10:31,090 

2021-05-29 00:10:31,090 recall: 0.9333242688328027

2021-05-29 00:10:31,090 specificity: 0.9953612138827642

2021-05-29 00:10:31,090 precision: 0.86299190868934

2021-05-29 00:10:31,090 F1: 0.8788645721971988

2021-05-29 00:10:31,090 F2: 0.9022530643890302

2021-05-29 00:10:31,090 ACC_overall: 0.9931401262680689

2021-05-29 00:10:31,090 IoU_poly: 0.8144296076148748

2021-05-29 00:10:31,090 IoU_bg: 0.9929175903399785

2021-05-29 00:10:31,090 IoU_mean: 0.9036735991636912

2021-05-29 00:10:31,090 ==============================
2021-05-29 00:10:31,090 

2021-05-29 00:10:47,827 RESULT FOR DATASET CVC-ClinicDB

2021-05-29 00:10:47,827 ==============================
2021-05-29 00:10:47,827 

2021-05-29 00:10:47,827 recall: 0.9205601947990456

2021-05-29 00:10:47,827 specificity: 0.9962677744127089

2021-05-29 00:10:47,827 precision: 0.9096699911319921

2021-05-29 00:10:47,827 F1: 0.9132097934113605

2021-05-29 00:10:47,827 F2: 0.9172442279861218

2021-05-29 00:10:47,827 ACC_overall: 0.9911722915787851

2021-05-29 00:10:47,827 IoU_poly: 0.8684221479718783

2021-05-29 00:10:47,827 IoU_bg: 0.9893972642960087

2021-05-29 00:10:47,827 IoU_mean: 0.9289097079346257

2021-05-29 00:10:47,827 ==============================
2021-05-29 00:10:47,827 

2021-05-29 00:11:19,480 RESULT FOR DATASET Kvasir

2021-05-29 00:11:19,480 ==============================
2021-05-29 00:11:19,480 

2021-05-29 00:11:19,480 recall: 0.9034489125013352

2021-05-29 00:11:19,480 specificity: 0.9893167394399643

2021-05-29 00:11:19,480 precision: 0.9300976116955281

2021-05-29 00:11:19,481 F1: 0.9012061919271946

2021-05-29 00:11:19,481 F2: 0.8976928815245628

2021-05-29 00:11:19,481 ACC_overall: 0.9712074452638626

2021-05-29 00:11:19,481 IoU_poly: 0.8459822504222393

2021-05-29 00:11:19,481 IoU_bg: 0.9642793333530426

2021-05-29 00:11:19,481 IoU_mean: 0.9051307961344719

2021-05-29 00:11:19,481 ==============================
2021-05-29 00:11:19,481 

2021-05-29 00:13:19,975 RESULT FOR DATASET CVC-ColonDB

2021-05-29 00:13:19,975 ==============================
2021-05-29 00:13:19,975 

2021-05-29 00:13:19,975 recall: 0.7248648724280992

2021-05-29 00:13:19,975 specificity: 0.9940641949051305

2021-05-29 00:13:19,975 precision: 0.8632501919711343

2021-05-29 00:13:19,975 F1: 0.7122344730002217

2021-05-29 00:13:19,975 F2: 0.7138402349477629

2021-05-29 00:13:19,975 ACC_overall: 0.9592076496858346

2021-05-29 00:13:19,975 IoU_poly: 0.646035564602046

2021-05-29 00:13:19,975 IoU_bg: 0.9579341718240788

2021-05-29 00:13:19,975 IoU_mean: 0.801984868786837

2021-05-29 00:13:19,975 ==============================
2021-05-29 00:13:19,975 

2021-05-29 00:14:45,539 RESULT FOR DATASET ETIS-LaribPolypDB

2021-05-29 00:14:45,539 ==============================
2021-05-29 00:14:45,539 

2021-05-29 00:14:45,539 recall: 0.7770126635865306

2021-05-29 00:14:45,539 specificity: 0.9915639575646849

2021-05-29 00:14:45,539 precision: 0.8364164716540101

2021-05-29 00:14:45,539 F1: 0.722143369071091

2021-05-29 00:14:45,539 F2: 0.7499808043279774

2021-05-29 00:14:45,539 ACC_overall: 0.9877979046836192

2021-05-29 00:14:45,539 IoU_poly: 0.6532836608482043

2021-05-29 00:14:45,539 IoU_bg: 0.9870204943783429

2021-05-29 00:14:45,539 IoU_mean: 0.820152077291693

2021-05-29 00:14:45,539 ==============================
2021-05-29 00:14:45,539 

