2021-04-26 00:20:34,349 Epoch 0 	 Loss 0.6478821347047995
2021-04-26 00:21:13,144 Epoch 1 	 Loss 0.31683205182735735
2021-04-26 00:21:52,018 Epoch 2 	 Loss 0.23980578731049548
2021-04-26 00:22:30,937 Epoch 3 	 Loss 0.1804941381726946
2021-04-26 00:23:09,917 Epoch 4 	 Loss 0.15679864454400408
2021-04-26 00:23:48,865 Epoch 5 	 Loss 0.13819222717167257
2021-04-26 00:24:27,816 Epoch 6 	 Loss 0.1233425287754981
2021-04-26 00:25:06,804 Epoch 7 	 Loss 0.11345019609063536
2021-04-26 00:25:45,776 Epoch 8 	 Loss 0.10041576492917406
2021-04-26 00:26:24,753 Epoch 9 	 Loss 0.09360145097905463
2021-04-26 00:27:03,755 Epoch 10 	 Loss 0.08867109427740286
2021-04-26 00:27:42,741 Epoch 11 	 Loss 0.08630934513204701
2021-04-26 00:28:21,728 Epoch 12 	 Loss 0.10831762923971637
2021-04-26 00:29:00,733 Epoch 13 	 Loss 0.10910614858289341
2021-04-26 00:29:39,683 Epoch 14 	 Loss 0.10572402015492156
2021-04-26 00:30:18,650 Epoch 15 	 Loss 0.09506424287190804
2021-04-26 00:30:57,624 Epoch 16 	 Loss 0.08686683629895305
2021-04-26 00:31:36,594 Epoch 17 	 Loss 0.08464857239972104
2021-04-26 00:32:15,570 Epoch 18 	 Loss 0.0724727302625939
2021-04-26 00:32:54,523 Epoch 19 	 Loss 0.06518484009327469
2021-04-26 00:33:33,548 Epoch 20 	 Loss 0.06014485751370807
2021-04-26 00:34:12,529 Epoch 21 	 Loss 0.05853884474753023
2021-04-26 00:34:51,474 Epoch 22 	 Loss 0.056400017628630436
2021-04-26 00:35:30,456 Epoch 23 	 Loss 0.05448894436051557
2021-04-26 00:36:09,411 Epoch 24 	 Loss 0.05356887298134657
2021-04-26 00:36:48,347 Epoch 25 	 Loss 0.05277315232452456
2021-04-26 00:37:27,364 Epoch 26 	 Loss 0.05141313807977425
2021-04-26 00:38:06,339 Epoch 27 	 Loss 0.05017467887028233
2021-04-26 00:38:45,282 Epoch 28 	 Loss 0.04947212260666784
2021-04-26 00:39:24,246 Epoch 29 	 Loss 0.048810355979335175
2021-04-26 00:40:03,211 Epoch 30 	 Loss 0.047973832627246665
2021-04-26 00:40:42,169 Epoch 31 	 Loss 0.04812746056979829
2021-04-26 00:41:21,142 Epoch 32 	 Loss 0.04829813314826934
2021-04-26 00:42:00,121 Epoch 33 	 Loss 0.04758187129602327
2021-04-26 00:42:39,041 Epoch 34 	 Loss 0.04644696606875776
2021-04-26 00:43:17,965 Epoch 35 	 Loss 0.04590513761881944
2021-04-26 00:43:56,920 Epoch 36 	 Loss 0.04558119497128895
2021-04-26 00:44:35,876 Epoch 37 	 Loss 0.04514149551863199
2021-04-26 00:45:14,883 Epoch 38 	 Loss 0.044620549777051904
2021-04-26 00:45:53,904 Epoch 39 	 Loss 0.04422611321558009
2021-04-26 00:46:32,892 Epoch 40 	 Loss 0.043519078129595455
2021-04-26 00:47:11,822 Epoch 41 	 Loss 0.04334134612600882
2021-04-26 00:47:50,746 Epoch 42 	 Loss 0.043465746014000294
2021-04-26 00:48:29,688 Epoch 43 	 Loss 0.042805712178840744
2021-04-26 00:49:08,652 Epoch 44 	 Loss 0.04268578787917619
2021-04-26 00:49:47,699 Epoch 45 	 Loss 0.0424116843349331
2021-04-26 00:50:26,678 Epoch 46 	 Loss 0.04202263024482098
2021-04-26 00:51:05,666 Epoch 47 	 Loss 0.041872472185027466
2021-04-26 00:51:44,630 Epoch 48 	 Loss 0.04178549283808404
2021-04-26 00:52:23,607 Epoch 49 	 Loss 0.041550455471644036
2021-04-26 00:53:02,548 Epoch 50 	 Loss 0.04102836418282855
2021-04-26 00:53:41,544 Epoch 51 	 Loss 0.04056286672641943
2021-04-26 00:54:20,488 Epoch 52 	 Loss 0.04054090352012561
2021-04-26 00:54:59,479 Epoch 53 	 Loss 0.040514873402131786
2021-04-26 00:55:38,476 Epoch 54 	 Loss 0.040372462513355106
2021-04-26 00:56:17,453 Epoch 55 	 Loss 0.040012144780421
2021-04-26 00:56:56,427 Epoch 56 	 Loss 0.03981825107565293
2021-04-26 00:57:35,379 Epoch 57 	 Loss 0.0397926067503599
2021-04-26 00:58:14,313 Epoch 58 	 Loss 0.039521108412153116
2021-04-26 00:58:53,271 Epoch 59 	 Loss 0.03933397758301798
2021-04-26 00:59:32,207 Epoch 60 	 Loss 0.03925203364137765
2021-04-26 01:00:11,192 Epoch 61 	 Loss 0.039037886884186294
2021-04-26 01:00:50,189 Epoch 62 	 Loss 0.038853987150794855
2021-04-26 01:01:29,107 Epoch 63 	 Loss 0.03872159888947403
2021-04-26 01:02:08,025 Epoch 64 	 Loss 0.03856869545447957
2021-04-26 01:02:46,957 Epoch 65 	 Loss 0.038539858268839974
2021-04-26 01:03:25,917 Epoch 66 	 Loss 0.038387488410040575
2021-04-26 01:04:04,900 Epoch 67 	 Loss 0.03831435330621489
2021-04-26 01:04:43,810 Epoch 68 	 Loss 0.03820255816310317
2021-04-26 01:05:22,749 Epoch 69 	 Loss 0.03813708909265288
2021-04-26 01:06:01,723 Epoch 70 	 Loss 0.03802954675732078
2021-04-26 01:06:40,693 Epoch 71 	 Loss 0.03794038037841137
2021-04-26 01:07:19,647 Epoch 72 	 Loss 0.037848135231287924
2021-04-26 01:07:58,603 Epoch 73 	 Loss 0.03779634952053919
2021-04-26 01:08:37,635 Epoch 74 	 Loss 0.03770176161612783
2021-04-26 01:09:16,629 Epoch 75 	 Loss 0.03763744165445422
2021-04-26 01:09:55,593 Epoch 76 	 Loss 0.03761226266295045
2021-04-26 01:10:34,625 Epoch 77 	 Loss 0.03753599970714076
2021-04-26 01:11:13,576 Epoch 78 	 Loss 0.037501054805713696
2021-04-26 01:11:52,525 Epoch 79 	 Loss 0.037456632315457525
2021-04-26 01:12:31,415 Epoch 80 	 Loss 0.03742605709767604
2021-04-26 01:13:10,439 Epoch 81 	 Loss 0.037407551861398824
2021-04-26 01:13:49,351 Epoch 82 	 Loss 0.03730048689540926
2021-04-26 01:14:28,339 Epoch 83 	 Loss 0.03730511460657958
2021-04-26 01:15:07,295 Epoch 84 	 Loss 0.037301600634396734
2021-04-26 01:15:46,304 Epoch 85 	 Loss 0.037240468293100924
2021-04-26 01:16:25,236 Epoch 86 	 Loss 0.037258054406105814
2021-04-26 01:17:04,267 Epoch 87 	 Loss 0.037178586063149215
2021-04-26 01:17:43,276 Epoch 88 	 Loss 0.037122506607364825
2021-04-26 01:18:22,224 Epoch 89 	 Loss 0.037161439820960325
2021-04-26 01:19:01,225 Epoch 90 	 Loss 0.0371710343675299
2021-04-26 01:19:40,173 Epoch 91 	 Loss 0.03710966233860005
2021-04-26 01:20:19,126 Epoch 92 	 Loss 0.037133693940691895
2021-04-26 01:20:58,095 Epoch 93 	 Loss 0.03710045104662141
2021-04-26 01:21:37,051 Epoch 94 	 Loss 0.03708536873806964
2021-04-26 01:22:16,017 Epoch 95 	 Loss 0.037057468647157754
2021-04-26 01:22:54,949 Epoch 96 	 Loss 0.037066097442920394
2021-04-26 01:23:33,929 Epoch 97 	 Loss 0.03705772037034506
2021-04-26 01:24:12,877 Epoch 98 	 Loss 0.037038691219065216
2021-04-26 01:24:51,838 Epoch 99 	 Loss 0.0370499930538974
2021-04-26 01:25:10,666 RESULT FOR DATASET CVC-300

2021-04-26 01:25:10,666 ==============================
2021-04-26 01:25:10,667 

2021-04-26 01:25:10,667 recall: 0.923804565705359

2021-04-26 01:25:10,667 specificity: 0.9950469175974528

2021-04-26 01:25:10,667 precision: 0.8689463511109352

2021-04-26 01:25:10,667 F1: 0.8764964455117782

2021-04-26 01:25:10,667 F2: 0.9009210130510231

2021-04-26 01:25:10,667 ACC_overall: 0.9932695140441259

2021-04-26 01:25:10,667 IoU_poly: 0.8090038801543414

2021-04-26 01:25:10,667 IoU_bg: 0.992960195740064

2021-04-26 01:25:10,667 IoU_mean: 0.9009820342063903

2021-04-26 01:25:10,667 ==============================
2021-04-26 01:25:10,667 

2021-04-26 01:25:25,891 RESULT FOR DATASET CVC-ClinicDB

2021-04-26 01:25:25,891 ==============================
2021-04-26 01:25:25,892 

2021-04-26 01:25:25,892 recall: 0.8795708320864041

2021-04-26 01:25:25,892 specificity: 0.995595246553421

2021-04-26 01:25:25,892 precision: 0.9405577105860556

2021-04-26 01:25:25,892 F1: 0.8759163500940157

2021-04-26 01:25:25,892 F2: 0.8772043480534076

2021-04-26 01:25:25,892 ACC_overall: 0.9866641481076518

2021-04-26 01:25:25,892 IoU_poly: 0.8276379994396496

2021-04-26 01:25:25,892 IoU_bg: 0.9845721567830732

2021-04-26 01:25:25,892 IoU_mean: 0.9061050789971505

2021-04-26 01:25:25,892 ==============================
2021-04-26 01:25:25,892 

2021-04-26 01:25:54,976 RESULT FOR DATASET Kvasir

2021-04-26 01:25:54,976 ==============================
2021-04-26 01:25:54,976 

2021-04-26 01:25:54,977 recall: 0.8842887383693596

2021-04-26 01:25:54,977 specificity: 0.9885697048902512

2021-04-26 01:25:54,977 precision: 0.9153991899196989

2021-04-26 01:25:54,977 F1: 0.881803387957043

2021-04-26 01:25:54,977 F2: 0.8800825226565939

2021-04-26 01:25:54,977 ACC_overall: 0.9687356269359588

2021-04-26 01:25:54,977 IoU_poly: 0.8216941449233854

2021-04-26 01:25:54,977 IoU_bg: 0.9606344276666641

2021-04-26 01:25:54,977 IoU_mean: 0.8911642852425575

2021-04-26 01:25:54,977 ==============================
2021-04-26 01:25:54,977 

2021-04-26 01:27:45,634 RESULT FOR DATASET CVC-ColonDB

2021-04-26 01:27:45,634 ==============================
2021-04-26 01:27:45,634 

2021-04-26 01:27:45,634 recall: 0.6628820285720957

2021-04-26 01:27:45,634 specificity: 0.9964696628482719

2021-04-26 01:27:45,634 precision: 0.8969403781398126

2021-04-26 01:27:45,634 F1: 0.6701717812560817

2021-04-26 01:27:45,634 F2: 0.6627705579191414

2021-04-26 01:27:45,634 ACC_overall: 0.9572554501263719

2021-04-26 01:27:45,635 IoU_poly: 0.6013827602573308

2021-04-26 01:27:45,635 IoU_bg: 0.9559669097003184

2021-04-26 01:27:45,635 IoU_mean: 0.7786748364959892

2021-04-26 01:27:45,635 ==============================
2021-04-26 01:27:45,635 

2021-04-26 01:29:05,903 RESULT FOR DATASET ETIS-LaribPolypDB

2021-04-26 01:29:05,903 ==============================
2021-04-26 01:29:05,903 

2021-04-26 01:29:05,903 recall: 0.616877729285803

2021-04-26 01:29:05,903 specificity: 0.9918417793755628

2021-04-26 01:29:05,903 precision: 0.7856793841396471

2021-04-26 01:29:05,903 F1: 0.5865313007067869

2021-04-26 01:29:05,903 F2: 0.5995010783237413

2021-04-26 01:29:05,903 ACC_overall: 0.9819007680124167

2021-04-26 01:29:05,904 IoU_poly: 0.518510003751145

2021-04-26 01:29:05,904 IoU_bg: 0.9808593063938374

2021-04-26 01:29:05,904 IoU_mean: 0.7496846546323932

2021-04-26 01:29:05,904 ==============================
2021-04-26 01:29:05,904 

