2021-04-26 01:29:48,612 Epoch 0 	 Loss 0.6433633824626168
2021-04-26 01:30:27,981 Epoch 1 	 Loss 0.3174934007309295
2021-04-26 01:31:07,407 Epoch 2 	 Loss 0.22548919867028247
2021-04-26 01:31:46,834 Epoch 3 	 Loss 0.1788733768594134
2021-04-26 01:32:26,288 Epoch 4 	 Loss 0.15830367721699096
2021-04-26 01:33:05,790 Epoch 5 	 Loss 0.1376107945874497
2021-04-26 01:33:45,336 Epoch 6 	 Loss 0.12397147240219536
2021-04-26 01:34:24,807 Epoch 7 	 Loss 0.10845928794735081
2021-04-26 01:35:04,368 Epoch 8 	 Loss 0.09731079392380766
2021-04-26 01:35:43,908 Epoch 9 	 Loss 0.08868066671785417
2021-04-26 01:36:23,548 Epoch 10 	 Loss 0.0832041574867217
2021-04-26 01:37:03,126 Epoch 11 	 Loss 0.0803749544116167
2021-04-26 01:37:42,618 Epoch 12 	 Loss 0.07633235326016342
2021-04-26 01:38:22,128 Epoch 13 	 Loss 0.07242971711925097
2021-04-26 01:39:01,593 Epoch 14 	 Loss 0.0679667020564551
2021-04-26 01:39:41,139 Epoch 15 	 Loss 0.0642233540887361
2021-04-26 01:40:20,676 Epoch 16 	 Loss 0.06105392037348433
2021-04-26 01:41:00,225 Epoch 17 	 Loss 0.05944369016931607
2021-04-26 01:41:39,704 Epoch 18 	 Loss 0.05824044457339978
2021-04-26 01:42:19,235 Epoch 19 	 Loss 0.05626242914861375
2021-04-26 01:42:58,733 Epoch 20 	 Loss 0.05511568973843868
2021-04-26 01:43:38,236 Epoch 21 	 Loss 0.053414009798031584
2021-04-26 01:44:17,734 Epoch 22 	 Loss 0.0535108153964137
2021-04-26 01:44:57,274 Epoch 23 	 Loss 0.05190720519685483
2021-04-26 01:45:36,818 Epoch 24 	 Loss 0.050578912044619465
2021-04-26 01:46:16,378 Epoch 25 	 Loss 0.049417252028053936
2021-04-26 01:46:55,840 Epoch 26 	 Loss 0.048959428178412576
2021-04-26 01:47:35,320 Epoch 27 	 Loss 0.04809582196585425
2021-04-26 01:48:14,867 Epoch 28 	 Loss 0.04762167921596831
2021-04-26 01:48:54,361 Epoch 29 	 Loss 0.047304194256827074
2021-04-26 01:49:33,851 Epoch 30 	 Loss 0.04684329405426979
2021-04-26 01:50:13,363 Epoch 31 	 Loss 0.04644563593543493
2021-04-26 01:50:52,879 Epoch 32 	 Loss 0.04628551456626955
2021-04-26 01:51:32,383 Epoch 33 	 Loss 0.04543649638583372
2021-04-26 01:52:11,899 Epoch 34 	 Loss 0.04435478777184591
2021-04-26 01:52:51,441 Epoch 35 	 Loss 0.04376345958847266
2021-04-26 01:53:31,064 Epoch 36 	 Loss 0.04352816894322961
2021-04-26 01:54:10,615 Epoch 37 	 Loss 0.04371032257983973
2021-04-26 01:54:50,108 Epoch 38 	 Loss 0.04372277585687218
2021-04-26 01:55:29,643 Epoch 39 	 Loss 0.04301656692565142
2021-04-26 01:56:09,096 Epoch 40 	 Loss 0.04238524120096322
2021-04-26 01:56:48,691 Epoch 41 	 Loss 0.042021000532658545
2021-04-26 01:57:28,228 Epoch 42 	 Loss 0.04149534680194907
2021-04-26 01:58:07,777 Epoch 43 	 Loss 0.041276974705876886
2021-04-26 01:58:47,328 Epoch 44 	 Loss 0.04100429884843774
2021-04-26 01:59:26,829 Epoch 45 	 Loss 0.04104897690998329
2021-04-26 02:00:06,383 Epoch 46 	 Loss 0.04096093663311267
2021-04-26 02:00:45,939 Epoch 47 	 Loss 0.04060845883501755
2021-04-26 02:01:25,450 Epoch 48 	 Loss 0.04035056853196123
2021-04-26 02:02:04,968 Epoch 49 	 Loss 0.040059140914089075
2021-04-26 02:02:44,504 Epoch 50 	 Loss 0.03985330441987121
2021-04-26 02:03:24,002 Epoch 51 	 Loss 0.03981717700486655
2021-04-26 02:04:03,516 Epoch 52 	 Loss 0.039609972428489515
2021-04-26 02:04:43,013 Epoch 53 	 Loss 0.039387537350693905
2021-04-26 02:05:22,493 Epoch 54 	 Loss 0.03904458053491928
2021-04-26 02:06:02,011 Epoch 55 	 Loss 0.03892877644726208
2021-04-26 02:06:41,536 Epoch 56 	 Loss 0.03889139725284262
2021-04-26 02:07:21,145 Epoch 57 	 Loss 0.03870020348292131
2021-04-26 02:08:00,678 Epoch 58 	 Loss 0.038532626293190236
2021-04-26 02:08:40,271 Epoch 59 	 Loss 0.038637824602179474
2021-04-26 02:09:19,731 Epoch 60 	 Loss 0.038492049858137804
2021-04-26 02:09:59,209 Epoch 61 	 Loss 0.03825931697265132
2021-04-26 02:10:38,700 Epoch 62 	 Loss 0.03824228036043408
2021-04-26 02:11:18,256 Epoch 63 	 Loss 0.03809524753264019
2021-04-26 02:11:57,736 Epoch 64 	 Loss 0.03794791205571248
2021-04-26 02:12:37,198 Epoch 65 	 Loss 0.03781911624329431
2021-04-26 02:13:16,702 Epoch 66 	 Loss 0.037731602910783264
2021-04-26 02:13:56,210 Epoch 67 	 Loss 0.03761081151909881
2021-04-26 02:14:35,801 Epoch 68 	 Loss 0.037484182229081356
2021-04-26 02:15:15,323 Epoch 69 	 Loss 0.03740438114810776
2021-04-26 02:15:54,853 Epoch 70 	 Loss 0.03733022433224615
2021-04-26 02:16:34,380 Epoch 71 	 Loss 0.03732334417137471
2021-04-26 02:17:13,887 Epoch 72 	 Loss 0.03726202327307764
2021-04-26 02:17:53,397 Epoch 73 	 Loss 0.037253181235148355
2021-04-26 02:18:32,967 Epoch 74 	 Loss 0.03717503406025551
2021-04-26 02:19:12,492 Epoch 75 	 Loss 0.037100287420409064
2021-04-26 02:19:52,057 Epoch 76 	 Loss 0.037015317437740475
2021-04-26 02:20:31,620 Epoch 77 	 Loss 0.03700980036468296
2021-04-26 02:21:11,171 Epoch 78 	 Loss 0.03701127803587651
2021-04-26 02:21:50,667 Epoch 79 	 Loss 0.03692299647481887
2021-04-26 02:22:30,143 Epoch 80 	 Loss 0.036845032207585955
2021-04-26 02:23:09,634 Epoch 81 	 Loss 0.036841249359505515
2021-04-26 02:23:49,184 Epoch 82 	 Loss 0.03680742241360329
2021-04-26 02:24:28,699 Epoch 83 	 Loss 0.03677714792090458
2021-04-26 02:25:08,258 Epoch 84 	 Loss 0.036770537741236634
2021-04-26 02:25:47,768 Epoch 85 	 Loss 0.036744503857015255
2021-04-26 02:26:27,313 Epoch 86 	 Loss 0.03673759454881752
2021-04-26 02:27:06,830 Epoch 87 	 Loss 0.03669508043062556
2021-04-26 02:27:46,411 Epoch 88 	 Loss 0.03669077829345242
2021-04-26 02:28:25,972 Epoch 89 	 Loss 0.0366579600415387
2021-04-26 02:29:05,517 Epoch 90 	 Loss 0.03667404244725521
2021-04-26 02:29:45,065 Epoch 91 	 Loss 0.03664782409975817
2021-04-26 02:30:24,659 Epoch 92 	 Loss 0.03667031723883126
2021-04-26 02:31:04,152 Epoch 93 	 Loss 0.03662253826201617
2021-04-26 02:31:43,772 Epoch 94 	 Loss 0.03661769104527903
2021-04-26 02:32:23,337 Epoch 95 	 Loss 0.036639621297081745
2021-04-26 02:33:02,839 Epoch 96 	 Loss 0.03659803993426836
2021-04-26 02:33:42,317 Epoch 97 	 Loss 0.03663190151308919
2021-04-26 02:34:21,859 Epoch 98 	 Loss 0.0366415523483858
2021-04-26 02:35:01,384 Epoch 99 	 Loss 0.036640245999608724
2021-04-26 02:35:20,296 RESULT FOR DATASET CVC-300

2021-04-26 02:35:20,296 ==============================
2021-04-26 02:35:20,297 

2021-04-26 02:35:20,297 recall: 0.9387885862340529

2021-04-26 02:35:20,297 specificity: 0.9950016399224599

2021-04-26 02:35:20,297 precision: 0.8666587809721629

2021-04-26 02:35:20,297 F1: 0.8875688393910726

2021-04-26 02:35:20,297 F2: 0.9138953848431508

2021-04-26 02:35:20,297 ACC_overall: 0.992913935581843

2021-04-26 02:35:20,297 IoU_poly: 0.8193391505628824

2021-04-26 02:35:20,297 IoU_bg: 0.9925624986489614

2021-04-26 02:35:20,297 IoU_mean: 0.9059508293867111

2021-04-26 02:35:20,297 ==============================
2021-04-26 02:35:20,297 

2021-04-26 02:35:35,432 RESULT FOR DATASET CVC-ClinicDB

2021-04-26 02:35:35,432 ==============================
2021-04-26 02:35:35,432 

2021-04-26 02:35:35,433 recall: 0.8864112472642334

2021-04-26 02:35:35,433 specificity: 0.9960577093785808

2021-04-26 02:35:35,433 precision: 0.9217621102964791

2021-04-26 02:35:35,433 F1: 0.88779950844154

2021-04-26 02:35:35,433 F2: 0.8854510592138995

2021-04-26 02:35:35,433 ACC_overall: 0.9862412050847085

2021-04-26 02:35:35,433 IoU_poly: 0.8327655914979386

2021-04-26 02:35:35,433 IoU_bg: 0.9844207273375604

2021-04-26 02:35:35,433 IoU_mean: 0.9085931585681054

2021-04-26 02:35:35,433 ==============================
2021-04-26 02:35:35,433 

2021-04-26 02:36:04,725 RESULT FOR DATASET Kvasir

2021-04-26 02:36:04,725 ==============================
2021-04-26 02:36:04,725 

2021-04-26 02:36:04,726 recall: 0.8876990803750232

2021-04-26 02:36:04,726 specificity: 0.9873872083425522

2021-04-26 02:36:04,726 precision: 0.9136633425951004

2021-04-26 02:36:04,726 F1: 0.8850144323706627

2021-04-26 02:36:04,726 F2: 0.8821067517995834

2021-04-26 02:36:04,726 ACC_overall: 0.9684727835655212

2021-04-26 02:36:04,726 IoU_poly: 0.8209168173838407

2021-04-26 02:36:04,726 IoU_bg: 0.959724018573761

2021-04-26 02:36:04,726 IoU_mean: 0.8903204229474068

2021-04-26 02:36:04,726 ==============================
2021-04-26 02:36:04,726 

2021-04-26 02:37:55,738 RESULT FOR DATASET CVC-ColonDB

2021-04-26 02:37:55,738 ==============================
2021-04-26 02:37:55,738 

2021-04-26 02:37:55,738 recall: 0.6788587701512645

2021-04-26 02:37:55,738 specificity: 0.994605028629303

2021-04-26 02:37:55,738 precision: 0.8649291581978966

2021-04-26 02:37:55,738 F1: 0.676500908688075

2021-04-26 02:37:55,738 F2: 0.6725791429727702

2021-04-26 02:37:55,738 ACC_overall: 0.9589327632596618

2021-04-26 02:37:55,738 IoU_poly: 0.6057701538836048

2021-04-26 02:37:55,738 IoU_bg: 0.9571874704800154

2021-04-26 02:37:55,738 IoU_mean: 0.7814788132121688

2021-04-26 02:37:55,739 ==============================
2021-04-26 02:37:55,739 

2021-04-26 02:39:16,374 RESULT FOR DATASET ETIS-LaribPolypDB

2021-04-26 02:39:16,374 ==============================
2021-04-26 02:39:16,374 

2021-04-26 02:39:16,375 recall: 0.6339652918384728

2021-04-26 02:39:16,375 specificity: 0.9883342911394275

2021-04-26 02:39:16,375 precision: 0.7306852702774115

2021-04-26 02:39:16,375 F1: 0.5902631268730806

2021-04-26 02:39:16,375 F2: 0.6066937313711308

2021-04-26 02:39:16,375 ACC_overall: 0.9804112445943209

2021-04-26 02:39:16,375 IoU_poly: 0.5203409470047579

2021-04-26 02:39:16,375 IoU_bg: 0.9791808903825526

2021-04-26 02:39:16,375 IoU_mean: 0.7497609186233306

2021-04-26 02:39:16,375 ==============================
2021-04-26 02:39:16,375 

