2021-04-26 02:39:59,289 Epoch 0 	 Loss 0.6112259233390892
2021-04-26 02:40:39,298 Epoch 1 	 Loss 0.3129701342556503
2021-04-26 02:41:19,314 Epoch 2 	 Loss 0.23398628192288534
2021-04-26 02:41:59,288 Epoch 3 	 Loss 0.18231374663966043
2021-04-26 02:42:39,326 Epoch 4 	 Loss 0.153005661545219
2021-04-26 02:43:19,368 Epoch 5 	 Loss 0.13133750643048966
2021-04-26 02:43:59,470 Epoch 6 	 Loss 0.11959024420478842
2021-04-26 02:44:39,483 Epoch 7 	 Loss 0.1083277417244492
2021-04-26 02:45:19,667 Epoch 8 	 Loss 0.09966211463068868
2021-04-26 02:45:59,709 Epoch 9 	 Loss 0.09111332967058643
2021-04-26 02:46:39,839 Epoch 10 	 Loss 0.08705194744762483
2021-04-26 02:47:20,004 Epoch 11 	 Loss 0.08224974679095405
2021-04-26 02:48:00,081 Epoch 12 	 Loss 0.0775580746786935
2021-04-26 02:48:40,172 Epoch 13 	 Loss 0.07382903718850115
2021-04-26 02:49:20,215 Epoch 14 	 Loss 0.06880960404709145
2021-04-26 02:50:00,300 Epoch 15 	 Loss 0.06554840865370991
2021-04-26 02:50:40,371 Epoch 16 	 Loss 0.06389216407314761
2021-04-26 02:51:20,440 Epoch 17 	 Loss 0.06251927448825521
2021-04-26 02:52:00,558 Epoch 18 	 Loss 0.05943633640532965
2021-04-26 02:52:40,587 Epoch 19 	 Loss 0.05846902846798792
2021-04-26 02:53:20,780 Epoch 20 	 Loss 0.0563698278760517
2021-04-26 02:54:00,810 Epoch 21 	 Loss 0.05581849719305615
2021-04-26 02:54:40,924 Epoch 22 	 Loss 0.05472892432749926
2021-04-26 02:55:21,009 Epoch 23 	 Loss 0.05337164591956925
2021-04-26 02:56:01,090 Epoch 24 	 Loss 0.05193584228118697
2021-04-26 02:56:41,208 Epoch 25 	 Loss 0.05119270487473561
2021-04-26 02:57:21,337 Epoch 26 	 Loss 0.050295081931156116
2021-04-26 02:58:01,446 Epoch 27 	 Loss 0.04910579233706652
2021-04-26 02:58:41,506 Epoch 28 	 Loss 0.048292112874460745
2021-04-26 02:59:21,604 Epoch 29 	 Loss 0.0477758465887426
2021-04-26 03:00:01,731 Epoch 30 	 Loss 0.047365132228031265
2021-04-26 03:00:41,751 Epoch 31 	 Loss 0.046884752687189606
2021-04-26 03:01:21,807 Epoch 32 	 Loss 0.04611479924930321
2021-04-26 03:02:01,888 Epoch 33 	 Loss 0.04567476623988414
2021-04-26 03:02:41,959 Epoch 34 	 Loss 0.045612613701230875
2021-04-26 03:03:22,052 Epoch 35 	 Loss 0.04513951861760118
2021-04-26 03:04:02,124 Epoch 36 	 Loss 0.04477844923570916
2021-04-26 03:04:42,235 Epoch 37 	 Loss 0.044267644348380326
2021-04-26 03:05:22,329 Epoch 38 	 Loss 0.043911167758179236
2021-04-26 03:06:02,472 Epoch 39 	 Loss 0.04351022188643833
2021-04-26 03:06:42,589 Epoch 40 	 Loss 0.04294882735217011
2021-04-26 03:07:22,729 Epoch 41 	 Loss 0.0423959256201
2021-04-26 03:08:02,815 Epoch 42 	 Loss 0.04195149406626984
2021-04-26 03:08:42,895 Epoch 43 	 Loss 0.0416606149666912
2021-04-26 03:09:23,001 Epoch 44 	 Loss 0.04152174842554134
2021-04-26 03:10:03,125 Epoch 45 	 Loss 0.04129829208601962
2021-04-26 03:10:43,177 Epoch 46 	 Loss 0.040821203450252724
2021-04-26 03:11:23,249 Epoch 47 	 Loss 0.04045938479376363
2021-04-26 03:12:03,240 Epoch 48 	 Loss 0.04045213975912922
2021-04-26 03:12:43,292 Epoch 49 	 Loss 0.040411550510715655
2021-04-26 03:13:23,423 Epoch 50 	 Loss 0.04027400530137858
2021-04-26 03:14:03,479 Epoch 51 	 Loss 0.04001992416905833
2021-04-26 03:14:43,480 Epoch 52 	 Loss 0.03959985024162701
2021-04-26 03:15:23,562 Epoch 53 	 Loss 0.03947500667565471
2021-04-26 03:16:03,643 Epoch 54 	 Loss 0.03937374714475412
2021-04-26 03:16:43,699 Epoch 55 	 Loss 0.03912351022546108
2021-04-26 03:17:23,780 Epoch 56 	 Loss 0.03902109327552083
2021-04-26 03:18:03,856 Epoch 57 	 Loss 0.03904225824625938
2021-04-26 03:18:43,899 Epoch 58 	 Loss 0.03894600223053943
2021-04-26 03:19:24,001 Epoch 59 	 Loss 0.043025623966049364
2021-04-26 03:20:04,084 Epoch 60 	 Loss 0.06209704414992542
2021-04-26 03:20:44,150 Epoch 61 	 Loss 0.05656133895064448
2021-04-26 03:21:24,214 Epoch 62 	 Loss 0.0470361607660959
2021-04-26 03:22:04,323 Epoch 63 	 Loss 0.0413167077925179
2021-04-26 03:22:44,420 Epoch 64 	 Loss 0.039654727247390116
2021-04-26 03:23:24,496 Epoch 65 	 Loss 0.03900352537959487
2021-04-26 03:24:04,520 Epoch 66 	 Loss 0.03859986057812041
2021-04-26 03:24:44,536 Epoch 67 	 Loss 0.03835680000074617
2021-04-26 03:25:24,638 Epoch 68 	 Loss 0.03834096788541301
2021-04-26 03:26:04,714 Epoch 69 	 Loss 0.03816580260684202
2021-04-26 03:26:44,786 Epoch 70 	 Loss 0.03806525145421971
2021-04-26 03:27:24,815 Epoch 71 	 Loss 0.03799496574716254
2021-04-26 03:28:04,961 Epoch 72 	 Loss 0.037902958486433866
2021-04-26 03:28:45,092 Epoch 73 	 Loss 0.03784449193831328
2021-04-26 03:29:25,094 Epoch 74 	 Loss 0.03776578801673847
2021-04-26 03:30:05,137 Epoch 75 	 Loss 0.03770751403747024
2021-04-26 03:30:45,166 Epoch 76 	 Loss 0.03767047445852678
2021-04-26 03:31:25,201 Epoch 77 	 Loss 0.037592350535995356
2021-04-26 03:32:05,218 Epoch 78 	 Loss 0.037538845542368
2021-04-26 03:32:45,260 Epoch 79 	 Loss 0.03750588257725422
2021-04-26 03:33:25,421 Epoch 80 	 Loss 0.03753031667444732
2021-04-26 03:34:05,525 Epoch 81 	 Loss 0.03744034121160979
2021-04-26 03:34:45,611 Epoch 82 	 Loss 0.03739213284391623
2021-04-26 03:35:25,695 Epoch 83 	 Loss 0.03740077498522434
2021-04-26 03:36:05,723 Epoch 84 	 Loss 0.037421385993014325
2021-04-26 03:36:45,778 Epoch 85 	 Loss 0.03733240903078855
2021-04-26 03:37:25,882 Epoch 86 	 Loss 0.03732175412741336
2021-04-26 03:38:05,967 Epoch 87 	 Loss 0.037296493588895585
2021-04-26 03:38:46,047 Epoch 88 	 Loss 0.03724503107778319
2021-04-26 03:39:26,167 Epoch 89 	 Loss 0.03725378411811787
2021-04-26 03:40:06,259 Epoch 90 	 Loss 0.03726022571816549
2021-04-26 03:40:46,305 Epoch 91 	 Loss 0.03720168757078412
2021-04-26 03:41:26,362 Epoch 92 	 Loss 0.03720801364589524
2021-04-26 03:42:06,474 Epoch 93 	 Loss 0.03720681582178388
2021-04-26 03:42:46,547 Epoch 94 	 Loss 0.037191417395741076
2021-04-26 03:43:26,589 Epoch 95 	 Loss 0.037213120404835584
2021-04-26 03:44:06,706 Epoch 96 	 Loss 0.037209608274829255
2021-04-26 03:44:46,871 Epoch 97 	 Loss 0.03719125663513666
2021-04-26 03:45:26,991 Epoch 98 	 Loss 0.03719242956939634
2021-04-26 03:46:07,080 Epoch 99 	 Loss 0.037157397921923754
2021-04-26 03:46:25,989 RESULT FOR DATASET CVC-300

2021-04-26 03:46:25,989 ==============================
2021-04-26 03:46:25,989 

2021-04-26 03:46:25,990 recall: 0.9346539319803318

2021-04-26 03:46:25,990 specificity: 0.99268812139829

2021-04-26 03:46:25,990 precision: 0.8602206776539485

2021-04-26 03:46:25,990 F1: 0.8730817274714354

2021-04-26 03:46:25,990 F2: 0.902163938213683

2021-04-26 03:46:25,990 ACC_overall: 0.99140738149484

2021-04-26 03:46:25,990 IoU_poly: 0.8057038298497597

2021-04-26 03:46:25,990 IoU_bg: 0.9910613834857941

2021-04-26 03:46:25,990 IoU_mean: 0.898382601638635

2021-04-26 03:46:25,990 ==============================
2021-04-26 03:46:25,990 

2021-04-26 03:46:41,236 RESULT FOR DATASET CVC-ClinicDB

2021-04-26 03:46:41,236 ==============================
2021-04-26 03:46:41,236 

2021-04-26 03:46:41,236 recall: 0.9038389907340564

2021-04-26 03:46:41,236 specificity: 0.9961574471765949

2021-04-26 03:46:41,236 precision: 0.9341836927398559

2021-04-26 03:46:41,237 F1: 0.8951762337538023

2021-04-26 03:46:41,237 F2: 0.8957290009392666

2021-04-26 03:46:41,237 ACC_overall: 0.9877743019211677

2021-04-26 03:46:41,237 IoU_poly: 0.8461796204501297

2021-04-26 03:46:41,237 IoU_bg: 0.9856225098333051

2021-04-26 03:46:41,237 IoU_mean: 0.915901061988646

2021-04-26 03:46:41,237 ==============================
2021-04-26 03:46:41,237 

2021-04-26 03:47:10,562 RESULT FOR DATASET Kvasir

2021-04-26 03:47:10,562 ==============================
2021-04-26 03:47:10,562 

2021-04-26 03:47:10,562 recall: 0.8769929158128797

2021-04-26 03:47:10,562 specificity: 0.9858455157279968

2021-04-26 03:47:10,562 precision: 0.9160120768472553

2021-04-26 03:47:10,562 F1: 0.8789626016281545

2021-04-26 03:47:10,562 F2: 0.8741758602298796

2021-04-26 03:47:10,562 ACC_overall: 0.9680704367160797

2021-04-26 03:47:10,562 IoU_poly: 0.8157337641716004

2021-04-26 03:47:10,562 IoU_bg: 0.9590314155817032

2021-04-26 03:47:10,562 IoU_mean: 0.8873825880885124

2021-04-26 03:47:10,563 ==============================
2021-04-26 03:47:10,563 

2021-04-26 03:49:01,470 RESULT FOR DATASET CVC-ColonDB

2021-04-26 03:49:01,470 ==============================
2021-04-26 03:49:01,470 

2021-04-26 03:49:01,470 recall: 0.6974787326855305

2021-04-26 03:49:01,470 specificity: 0.9930245678675802

2021-04-26 03:49:01,470 precision: 0.8760395607783147

2021-04-26 03:49:01,470 F1: 0.6905104628194079

2021-04-26 03:49:01,470 F2: 0.6865580771399712

2021-04-26 03:49:01,470 ACC_overall: 0.9580919785719169

2021-04-26 03:49:01,471 IoU_poly: 0.6144644231913138

2021-04-26 03:49:01,471 IoU_bg: 0.9560357458497348

2021-04-26 03:49:01,471 IoU_mean: 0.7852500838668723

2021-04-26 03:49:01,471 ==============================
2021-04-26 03:49:01,471 

2021-04-26 03:50:22,053 RESULT FOR DATASET ETIS-LaribPolypDB

2021-04-26 03:50:22,053 ==============================
2021-04-26 03:50:22,053 

2021-04-26 03:50:22,053 recall: 0.6670329185552761

2021-04-26 03:50:22,054 specificity: 0.9887992490311058

2021-04-26 03:50:22,054 precision: 0.7505260925374795

2021-04-26 03:50:22,054 F1: 0.620721198411437

2021-04-26 03:50:22,054 F2: 0.6394375631976261

2021-04-26 03:50:22,054 ACC_overall: 0.9819165720623366

2021-04-26 03:50:22,054 IoU_poly: 0.550014884513465

2021-04-26 03:50:22,054 IoU_bg: 0.9808452989982099

2021-04-26 03:50:22,054 IoU_mean: 0.7654300922033738

2021-04-26 03:50:22,054 ==============================
2021-04-26 03:50:22,054 

