2021-04-26 09:40:26,252 Epoch 0 	 Loss 0.6947354317366422
2021-04-26 09:41:06,483 Epoch 1 	 Loss 0.47576671151014477
2021-04-26 09:41:46,628 Epoch 2 	 Loss 0.4125612109572023
2021-04-26 09:42:26,614 Epoch 3 	 Loss 0.38520437479019165
2021-04-26 09:43:06,761 Epoch 4 	 Loss 0.3583794496544115
2021-04-26 09:43:46,950 Epoch 5 	 Loss 0.34522880368180325
2021-04-26 09:44:26,980 Epoch 6 	 Loss 0.3321183230523225
2021-04-26 09:45:07,008 Epoch 7 	 Loss 0.32003933600671997
2021-04-26 09:45:47,253 Epoch 8 	 Loss 0.31359357100266677
2021-04-26 09:46:27,623 Epoch 9 	 Loss 0.31010619886628876
2021-04-26 09:47:07,846 Epoch 10 	 Loss 0.2931672051385209
2021-04-26 09:47:48,123 Epoch 11 	 Loss 0.30243815170539606
2021-04-26 09:48:28,285 Epoch 12 	 Loss 0.2814950494320838
2021-04-26 09:49:08,613 Epoch 13 	 Loss 0.28060091999205916
2021-04-26 09:49:48,824 Epoch 14 	 Loss 0.2813693224401264
2021-04-26 09:50:29,058 Epoch 15 	 Loss 0.27210345962545374
2021-04-26 09:51:09,343 Epoch 16 	 Loss 0.27972723887516904
2021-04-26 09:51:49,471 Epoch 17 	 Loss 0.2715858640251579
2021-04-26 09:52:29,770 Epoch 18 	 Loss 0.2627736616593141
2021-04-26 09:53:09,999 Epoch 19 	 Loss 0.2514421420765447
2021-04-26 09:53:50,378 Epoch 20 	 Loss 0.2514646051676719
2021-04-26 09:54:30,586 Epoch 21 	 Loss 0.2594885909622842
2021-04-26 09:55:10,702 Epoch 22 	 Loss 0.24717259030420702
2021-04-26 09:55:51,010 Epoch 23 	 Loss 0.24097473526393975
2021-04-26 09:56:31,264 Epoch 24 	 Loss 0.2485716945522434
2021-04-26 09:57:11,383 Epoch 25 	 Loss 0.23768033856873985
2021-04-26 09:57:51,611 Epoch 26 	 Loss 0.23615467040748386
2021-04-26 09:58:31,871 Epoch 27 	 Loss 0.23582121304103307
2021-04-26 09:59:12,002 Epoch 28 	 Loss 0.23349321494390676
2021-04-26 09:59:52,205 Epoch 29 	 Loss 0.23177135350939992
2021-04-26 10:00:32,423 Epoch 30 	 Loss 0.2395945410807054
2021-04-26 10:01:12,577 Epoch 31 	 Loss 0.23693333729937838
2021-04-26 10:01:52,852 Epoch 32 	 Loss 0.22636946593667126
2021-04-26 10:02:33,117 Epoch 33 	 Loss 0.2274838584464985
2021-04-26 10:03:13,281 Epoch 34 	 Loss 0.21806821832945059
2021-04-26 10:03:53,742 Epoch 35 	 Loss 0.2190190062418089
2021-04-26 10:04:33,963 Epoch 36 	 Loss 0.216767260661492
2021-04-26 10:05:14,210 Epoch 37 	 Loss 0.21905946142070895
2021-04-26 10:05:54,454 Epoch 38 	 Loss 0.22173246774044666
2021-04-26 10:06:34,722 Epoch 39 	 Loss 0.2175314031786971
2021-04-26 10:07:14,884 Epoch 40 	 Loss 0.2108997954772069
2021-04-26 10:07:55,083 Epoch 41 	 Loss 0.2055270933842921
2021-04-26 10:08:35,282 Epoch 42 	 Loss 0.20997445056071648
2021-04-26 10:09:15,416 Epoch 43 	 Loss 0.2096536716262063
2021-04-26 10:09:55,612 Epoch 44 	 Loss 0.20054797729948065
2021-04-26 10:10:35,770 Epoch 45 	 Loss 0.19848255207250406
2021-04-26 10:11:15,766 Epoch 46 	 Loss 0.19506103242491626
2021-04-26 10:11:55,981 Epoch 47 	 Loss 0.19534236372827174
2021-04-26 10:12:36,045 Epoch 48 	 Loss 0.19202586058731919
2021-04-26 10:13:16,150 Epoch 49 	 Loss 0.2018340657373051
2021-04-26 10:13:56,544 Epoch 50 	 Loss 0.1900172710091203
2021-04-26 10:14:36,721 Epoch 51 	 Loss 0.19483861261671717
2021-04-26 10:15:16,851 Epoch 52 	 Loss 0.19875869613427383
2021-04-26 10:15:56,996 Epoch 53 	 Loss 0.18965093332987565
2021-04-26 10:16:37,122 Epoch 54 	 Loss 0.18942730292514132
2021-04-26 10:17:17,396 Epoch 55 	 Loss 0.1893973633810714
2021-04-26 10:17:57,506 Epoch 56 	 Loss 0.18526934725897654
2021-04-26 10:18:37,606 Epoch 57 	 Loss 0.18353732126754718
2021-04-26 10:19:17,670 Epoch 58 	 Loss 0.18222582053679687
2021-04-26 10:19:57,849 Epoch 59 	 Loss 0.1820676665712189
2021-04-26 10:20:38,022 Epoch 60 	 Loss 0.17908042145299388
2021-04-26 10:21:18,218 Epoch 61 	 Loss 0.17659585489021554
2021-04-26 10:21:58,222 Epoch 62 	 Loss 0.1753661449138935
2021-04-26 10:22:38,456 Epoch 63 	 Loss 0.17869160578146084
2021-04-26 10:23:18,651 Epoch 64 	 Loss 0.1785104227262539
2021-04-26 10:23:58,759 Epoch 65 	 Loss 0.1766681500843593
2021-04-26 10:24:38,923 Epoch 66 	 Loss 0.17130215236773857
2021-04-26 10:25:19,077 Epoch 67 	 Loss 0.17681644987929
2021-04-26 10:25:59,349 Epoch 68 	 Loss 0.1713246770284988
2021-04-26 10:26:39,451 Epoch 69 	 Loss 0.17157162496676812
2021-04-26 10:27:19,600 Epoch 70 	 Loss 0.16858710839853183
2021-04-26 10:27:59,810 Epoch 71 	 Loss 0.1678920559339471
2021-04-26 10:28:39,907 Epoch 72 	 Loss 0.16730119058719048
2021-04-26 10:29:20,146 Epoch 73 	 Loss 0.16897885173886687
2021-04-26 10:30:00,462 Epoch 74 	 Loss 0.17013321554922795
2021-04-26 10:30:40,766 Epoch 75 	 Loss 0.1641086289188364
2021-04-26 10:31:20,844 Epoch 76 	 Loss 0.1652836616222675
2021-04-26 10:32:00,965 Epoch 77 	 Loss 0.1638638319877478
2021-04-26 10:32:41,035 Epoch 78 	 Loss 0.1636340570646328
2021-04-26 10:33:21,382 Epoch 79 	 Loss 0.16472503330026353
2021-04-26 10:34:01,601 Epoch 80 	 Loss 0.16290873813105153
2021-04-26 10:34:41,798 Epoch 81 	 Loss 0.16684563981962727
2021-04-26 10:35:21,946 Epoch 82 	 Loss 0.16174844521415102
2021-04-26 10:36:02,306 Epoch 83 	 Loss 0.16183843373597323
2021-04-26 10:36:42,469 Epoch 84 	 Loss 0.16064142067353804
2021-04-26 10:37:22,556 Epoch 85 	 Loss 0.16321958273976714
2021-04-26 10:38:02,771 Epoch 86 	 Loss 0.15998504138909853
2021-04-26 10:38:42,895 Epoch 87 	 Loss 0.15850727734984932
2021-04-26 10:39:23,053 Epoch 88 	 Loss 0.1603048183433302
2021-04-26 10:40:03,112 Epoch 89 	 Loss 0.1589992025068828
2021-04-26 10:40:43,208 Epoch 90 	 Loss 0.15871830775842563
2021-04-26 10:41:23,430 Epoch 91 	 Loss 0.1607249556006966
2021-04-26 10:42:03,709 Epoch 92 	 Loss 0.16304118505546025
2021-04-26 10:42:43,874 Epoch 93 	 Loss 0.15953984365358456
2021-04-26 10:43:24,030 Epoch 94 	 Loss 0.1574343285717807
2021-04-26 10:44:04,213 Epoch 95 	 Loss 0.15835748924003853
2021-04-26 10:44:44,299 Epoch 96 	 Loss 0.16198323912672943
2021-04-26 10:45:24,661 Epoch 97 	 Loss 0.16065802662582188
2021-04-26 10:46:04,850 Epoch 98 	 Loss 0.15911983100922553
2021-04-26 10:46:45,040 Epoch 99 	 Loss 0.16077926132705186
2021-04-26 10:47:04,059 RESULT FOR DATASET CVC-300

2021-04-26 10:47:04,059 ==============================
2021-04-26 10:47:04,059 

2021-04-26 10:47:04,059 recall: 0.9641663571198781

2021-04-26 10:47:04,059 specificity: 0.9908695648113887

2021-04-26 10:47:04,059 precision: 0.8237046719839175

2021-04-26 10:47:04,059 F1: 0.8678196365634601

2021-04-26 10:47:04,059 F2: 0.9091527511676153

2021-04-26 10:47:04,059 ACC_overall: 0.9899716585874557

2021-04-26 10:47:04,059 IoU_poly: 0.797278473402063

2021-04-26 10:47:04,059 IoU_bg: 0.9896214445432027

2021-04-26 10:47:04,060 IoU_mean: 0.8934499571720759

2021-04-26 10:47:04,060 ==============================
2021-04-26 10:47:04,060 

2021-04-26 10:47:19,504 RESULT FOR DATASET CVC-ClinicDB

2021-04-26 10:47:19,504 ==============================
2021-04-26 10:47:19,504 

2021-04-26 10:47:19,504 recall: 0.9237985882547594

2021-04-26 10:47:19,504 specificity: 0.9950483104875011

2021-04-26 10:47:19,504 precision: 0.8992470807457839

2021-04-26 10:47:19,504 F1: 0.9059883880151075

2021-04-26 10:47:19,505 F2: 0.9136605494704488

2021-04-26 10:47:19,505 ACC_overall: 0.9911706860988371

2021-04-26 10:47:19,505 IoU_poly: 0.8572506468880156

2021-04-26 10:47:19,505 IoU_bg: 0.9894776690390802

2021-04-26 10:47:19,505 IoU_mean: 0.9233641576382422

2021-04-26 10:47:19,505 ==============================
2021-04-26 10:47:19,505 

2021-04-26 10:47:48,806 RESULT FOR DATASET Kvasir

2021-04-26 10:47:48,806 ==============================
2021-04-26 10:47:48,806 

2021-04-26 10:47:48,806 recall: 0.9129067146778107

2021-04-26 10:47:48,806 specificity: 0.9911481231451035

2021-04-26 10:47:48,807 precision: 0.9414680734276771

2021-04-26 10:47:48,807 F1: 0.9179934301972389

2021-04-26 10:47:48,807 F2: 0.913296505510807

2021-04-26 10:47:48,807 ACC_overall: 0.9748725819587708

2021-04-26 10:47:48,807 IoU_poly: 0.8663599532842636

2021-04-26 10:47:48,807 IoU_bg: 0.9676918783783912

2021-04-26 10:47:48,807 IoU_mean: 0.9170259177684784

2021-04-26 10:47:48,807 ==============================
2021-04-26 10:47:48,807 

2021-04-26 10:49:44,679 RESULT FOR DATASET CVC-ColonDB

2021-04-26 10:49:44,680 ==============================
2021-04-26 10:49:44,680 

2021-04-26 10:49:44,680 recall: 0.8218548482577143

2021-04-26 10:49:44,680 specificity: 0.9856284621514773

2021-04-26 10:49:44,680 precision: 0.7929344053035732

2021-04-26 10:49:44,680 F1: 0.7607016590054915

2021-04-26 10:49:44,680 F2: 0.7777207798483783

2021-04-26 10:49:44,680 ACC_overall: 0.9608567655086517

2021-04-26 10:49:44,680 IoU_poly: 0.6828083387574775

2021-04-26 10:49:44,680 IoU_bg: 0.9581050128528946

2021-04-26 10:49:44,680 IoU_mean: 0.8204566756361409

2021-04-26 10:49:44,681 ==============================
2021-04-26 10:49:44,681 

2021-04-26 10:51:06,356 RESULT FOR DATASET ETIS-LaribPolypDB

2021-04-26 10:51:06,356 ==============================
2021-04-26 10:51:06,356 

2021-04-26 10:51:06,356 recall: 0.8853669590879857

2021-04-26 10:51:06,356 specificity: 0.978011495604807

2021-04-26 10:51:06,356 precision: 0.7043498304068802

2021-04-26 10:51:06,356 F1: 0.7506589156774142

2021-04-26 10:51:06,356 F2: 0.8001255124300324

2021-04-26 10:51:06,356 ACC_overall: 0.9763014565925209

2021-04-26 10:51:06,356 IoU_poly: 0.6688794680101902

2021-04-26 10:51:06,357 IoU_bg: 0.9753329489304094

2021-04-26 10:51:06,357 IoU_mean: 0.8221062096406002

2021-04-26 10:51:06,357 ==============================
2021-04-26 10:51:06,357 

