2021-04-26 08:30:03,528 Epoch 0 	 Loss 0.7238238801012983
2021-04-26 08:30:43,006 Epoch 1 	 Loss 0.4772130018407172
2021-04-26 08:31:22,638 Epoch 2 	 Loss 0.40893423295283055
2021-04-26 08:32:02,262 Epoch 3 	 Loss 0.38028981331940537
2021-04-26 08:32:41,889 Epoch 4 	 Loss 0.36109501074303635
2021-04-26 08:33:21,463 Epoch 5 	 Loss 0.33855895468821895
2021-04-26 08:34:01,143 Epoch 6 	 Loss 0.33488868684559076
2021-04-26 08:34:40,619 Epoch 7 	 Loss 0.32035903599891036
2021-04-26 08:35:20,250 Epoch 8 	 Loss 0.31835451296397616
2021-04-26 08:35:59,882 Epoch 9 	 Loss 0.30927963178236406
2021-04-26 08:36:39,591 Epoch 10 	 Loss 0.3023515379690862
2021-04-26 08:37:19,218 Epoch 11 	 Loss 0.2933724915588295
2021-04-26 08:37:58,776 Epoch 12 	 Loss 0.29283732355950953
2021-04-26 08:38:38,352 Epoch 13 	 Loss 0.27752406076415553
2021-04-26 08:39:17,982 Epoch 14 	 Loss 0.27889914106536695
2021-04-26 08:39:57,539 Epoch 15 	 Loss 0.2857993864096128
2021-04-26 08:40:37,177 Epoch 16 	 Loss 0.27892537546026835
2021-04-26 08:41:16,874 Epoch 17 	 Loss 0.2670843638889082
2021-04-26 08:41:56,478 Epoch 18 	 Loss 0.26863733179621646
2021-04-26 08:42:36,139 Epoch 19 	 Loss 0.2541071937961893
2021-04-26 08:43:15,768 Epoch 20 	 Loss 0.2516850262552827
2021-04-26 08:43:55,523 Epoch 21 	 Loss 0.2563546191860031
2021-04-26 08:44:35,180 Epoch 22 	 Loss 0.25157647407971895
2021-04-26 08:45:14,805 Epoch 23 	 Loss 0.23932739273532405
2021-04-26 08:45:54,439 Epoch 24 	 Loss 0.24047147441696334
2021-04-26 08:46:34,131 Epoch 25 	 Loss 0.243552123943528
2021-04-26 08:47:13,664 Epoch 26 	 Loss 0.24416198065647712
2021-04-26 08:47:53,122 Epoch 27 	 Loss 0.24606007484944312
2021-04-26 08:48:32,750 Epoch 28 	 Loss 0.23398314121660296
2021-04-26 08:49:12,217 Epoch 29 	 Loss 0.2285364393022034
2021-04-26 08:49:51,852 Epoch 30 	 Loss 0.22774604585144545
2021-04-26 08:50:31,470 Epoch 31 	 Loss 0.22893667417568164
2021-04-26 08:51:11,064 Epoch 32 	 Loss 0.22598300923357953
2021-04-26 08:51:50,762 Epoch 33 	 Loss 0.22605642545354235
2021-04-26 08:52:30,365 Epoch 34 	 Loss 0.2274924459365698
2021-04-26 08:53:09,970 Epoch 35 	 Loss 0.21439140969580348
2021-04-26 08:53:49,707 Epoch 36 	 Loss 0.21639865112828685
2021-04-26 08:54:29,284 Epoch 37 	 Loss 0.21284606659805383
2021-04-26 08:55:08,934 Epoch 38 	 Loss 0.21425469055935575
2021-04-26 08:55:48,383 Epoch 39 	 Loss 0.21421753263080512
2021-04-26 08:56:27,822 Epoch 40 	 Loss 0.21062982901112065
2021-04-26 08:57:07,510 Epoch 41 	 Loss 0.21338261123541946
2021-04-26 08:57:47,262 Epoch 42 	 Loss 0.20385771547700024
2021-04-26 08:58:26,848 Epoch 43 	 Loss 0.20107382388560327
2021-04-26 08:59:06,421 Epoch 44 	 Loss 0.19957000524788113
2021-04-26 08:59:45,926 Epoch 45 	 Loss 0.19087847281288314
2021-04-26 09:00:25,698 Epoch 46 	 Loss 0.19985624296324594
2021-04-26 09:01:05,272 Epoch 47 	 Loss 0.19685112906026317
2021-04-26 09:01:44,901 Epoch 48 	 Loss 0.19776235962962055
2021-04-26 09:02:24,454 Epoch 49 	 Loss 0.1922544674886452
2021-04-26 09:03:04,090 Epoch 50 	 Loss 0.19516736563745435
2021-04-26 09:03:43,617 Epoch 51 	 Loss 0.1910050855233119
2021-04-26 09:04:23,257 Epoch 52 	 Loss 0.19095999198955493
2021-04-26 09:05:02,882 Epoch 53 	 Loss 0.19570325445997847
2021-04-26 09:05:42,458 Epoch 54 	 Loss 0.190852505001393
2021-04-26 09:06:21,946 Epoch 55 	 Loss 0.18395736813545227
2021-04-26 09:07:01,566 Epoch 56 	 Loss 0.18673115559331663
2021-04-26 09:07:41,270 Epoch 57 	 Loss 0.1810424959921575
2021-04-26 09:08:20,784 Epoch 58 	 Loss 0.1790218805218791
2021-04-26 09:09:00,450 Epoch 59 	 Loss 0.18136847068320264
2021-04-26 09:09:39,987 Epoch 60 	 Loss 0.18219211599329016
2021-04-26 09:10:19,592 Epoch 61 	 Loss 0.176023386991941
2021-04-26 09:10:59,184 Epoch 62 	 Loss 0.1798884637735702
2021-04-26 09:11:38,845 Epoch 63 	 Loss 0.17275004269002558
2021-04-26 09:12:18,391 Epoch 64 	 Loss 0.17417840446744645
2021-04-26 09:12:57,927 Epoch 65 	 Loss 0.16840289451263762
2021-04-26 09:13:37,395 Epoch 66 	 Loss 0.17232346624790967
2021-04-26 09:14:16,847 Epoch 67 	 Loss 0.17360817960330419
2021-04-26 09:14:56,517 Epoch 68 	 Loss 0.16993919293304066
2021-04-26 09:15:36,118 Epoch 69 	 Loss 0.17159651416343646
2021-04-26 09:16:15,787 Epoch 70 	 Loss 0.1696308414032171
2021-04-26 09:16:55,312 Epoch 71 	 Loss 0.17250375285908415
2021-04-26 09:17:34,829 Epoch 72 	 Loss 0.17070418956515554
2021-04-26 09:18:14,435 Epoch 73 	 Loss 0.1676190863926332
2021-04-26 09:18:54,200 Epoch 74 	 Loss 0.1663097940630965
2021-04-26 09:19:33,838 Epoch 75 	 Loss 0.16746393386479264
2021-04-26 09:20:13,466 Epoch 76 	 Loss 0.15982865746859665
2021-04-26 09:20:53,079 Epoch 77 	 Loss 0.16575937971963986
2021-04-26 09:21:32,784 Epoch 78 	 Loss 0.16196414271553794
2021-04-26 09:22:12,307 Epoch 79 	 Loss 0.16524075119049994
2021-04-26 09:22:51,936 Epoch 80 	 Loss 0.15979567563140784
2021-04-26 09:23:31,581 Epoch 81 	 Loss 0.16010863522251884
2021-04-26 09:24:11,288 Epoch 82 	 Loss 0.16216371593239542
2021-04-26 09:24:50,982 Epoch 83 	 Loss 0.16000286571599626
2021-04-26 09:25:30,750 Epoch 84 	 Loss 0.15985344284838374
2021-04-26 09:26:10,426 Epoch 85 	 Loss 0.16265656258706207
2021-04-26 09:26:50,250 Epoch 86 	 Loss 0.1622385914836611
2021-04-26 09:27:29,945 Epoch 87 	 Loss 0.15861403057863424
2021-04-26 09:28:09,682 Epoch 88 	 Loss 0.15911266887253459
2021-04-26 09:28:49,352 Epoch 89 	 Loss 0.15851926983712794
2021-04-26 09:29:28,971 Epoch 90 	 Loss 0.16073937533975957
2021-04-26 09:30:08,562 Epoch 91 	 Loss 0.1597047392483596
2021-04-26 09:30:48,297 Epoch 92 	 Loss 0.16069116361521102
2021-04-26 09:31:27,951 Epoch 93 	 Loss 0.1569698854134633
2021-04-26 09:32:07,601 Epoch 94 	 Loss 0.16035849404531521
2021-04-26 09:32:47,299 Epoch 95 	 Loss 0.15737810583560022
2021-04-26 09:33:26,970 Epoch 96 	 Loss 0.1593928146329555
2021-04-26 09:34:06,593 Epoch 97 	 Loss 0.15934419656520363
2021-04-26 09:34:46,233 Epoch 98 	 Loss 0.16204545221158437
2021-04-26 09:35:25,907 Epoch 99 	 Loss 0.1580946439733872
2021-04-26 09:35:44,884 RESULT FOR DATASET CVC-300

2021-04-26 09:35:44,885 ==============================
2021-04-26 09:35:44,885 

2021-04-26 09:35:44,885 recall: 0.962359352906545

2021-04-26 09:35:44,885 specificity: 0.990205192565918

2021-04-26 09:35:44,885 precision: 0.8313885380824407

2021-04-26 09:35:44,885 F1: 0.8670708128561576

2021-04-26 09:35:44,885 F2: 0.9007136131326358

2021-04-26 09:35:44,885 ACC_overall: 0.9891734590133031

2021-04-26 09:35:44,885 IoU_poly: 0.8029172838975985

2021-04-26 09:35:44,885 IoU_bg: 0.9888950566450755

2021-04-26 09:35:44,885 IoU_mean: 0.8959061687191328

2021-04-26 09:35:44,885 ==============================
2021-04-26 09:35:44,885 

2021-04-26 09:36:00,207 RESULT FOR DATASET CVC-ClinicDB

2021-04-26 09:36:00,207 ==============================
2021-04-26 09:36:00,207 

2021-04-26 09:36:00,207 recall: 0.9313092694707936

2021-04-26 09:36:00,207 specificity: 0.9947376664607755

2021-04-26 09:36:00,207 precision: 0.9110191146215995

2021-04-26 09:36:00,207 F1: 0.9158088382288453

2021-04-26 09:36:00,207 F2: 0.9230075879998866

2021-04-26 09:36:00,207 ACC_overall: 0.9892388505320395

2021-04-26 09:36:00,207 IoU_poly: 0.8661032091739828

2021-04-26 09:36:00,208 IoU_bg: 0.9872655483984178

2021-04-26 09:36:00,208 IoU_mean: 0.926684376693541

2021-04-26 09:36:00,208 ==============================
2021-04-26 09:36:00,208 

2021-04-26 09:36:29,448 RESULT FOR DATASET Kvasir

2021-04-26 09:36:29,448 ==============================
2021-04-26 09:36:29,448 

2021-04-26 09:36:29,449 recall: 0.8887543106079101

2021-04-26 09:36:29,449 specificity: 0.9925584447383881

2021-04-26 09:36:29,449 precision: 0.9402033959329128

2021-04-26 09:36:29,449 F1: 0.8996297562122345

2021-04-26 09:36:29,449 F2: 0.8901323357224464

2021-04-26 09:36:29,449 ACC_overall: 0.9716836351156235

2021-04-26 09:36:29,449 IoU_poly: 0.843112890124321

2021-04-26 09:36:29,449 IoU_bg: 0.9648089888691902

2021-04-26 09:36:29,449 IoU_mean: 0.9039609405398369

2021-04-26 09:36:29,449 ==============================
2021-04-26 09:36:29,449 

2021-04-26 09:38:21,181 RESULT FOR DATASET CVC-ColonDB

2021-04-26 09:38:21,181 ==============================
2021-04-26 09:38:21,182 

2021-04-26 09:38:21,182 recall: 0.8372036027615937

2021-04-26 09:38:21,182 specificity: 0.9868771382068333

2021-04-26 09:38:21,182 precision: 0.8139732460987369

2021-04-26 09:38:21,182 F1: 0.7823742371169876

2021-04-26 09:38:21,182 F2: 0.7965427975561684

2021-04-26 09:38:21,182 ACC_overall: 0.9636421235768419

2021-04-26 09:38:21,182 IoU_poly: 0.7015122932633427

2021-04-26 09:38:21,182 IoU_bg: 0.9605888284350697

2021-04-26 09:38:21,182 IoU_mean: 0.8310505605841938

2021-04-26 09:38:21,182 ==============================
2021-04-26 09:38:21,182 

2021-04-26 09:39:43,059 RESULT FOR DATASET ETIS-LaribPolypDB

2021-04-26 09:39:43,059 ==============================
2021-04-26 09:39:43,059 

2021-04-26 09:39:43,060 recall: 0.8831323697462239

2021-04-26 09:39:43,060 specificity: 0.9844894305783876

2021-04-26 09:39:43,060 precision: 0.7247320096006086

2021-04-26 09:39:43,060 F1: 0.771592366378293

2021-04-26 09:39:43,060 F2: 0.8177494607129844

2021-04-26 09:39:43,060 ACC_overall: 0.9829660724012219

2021-04-26 09:39:43,060 IoU_poly: 0.6924400873522848

2021-04-26 09:39:43,060 IoU_bg: 0.9821281874058198

2021-04-26 09:39:43,060 IoU_mean: 0.8372841383121452

2021-04-26 09:39:43,060 ==============================
2021-04-26 09:39:43,060 

