2021-04-26 07:20:35,146 Epoch 0 	 Loss 0.7173728274775075
2021-04-26 07:21:13,953 Epoch 1 	 Loss 0.47653942121254217
2021-04-26 07:21:52,972 Epoch 2 	 Loss 0.4333451102068136
2021-04-26 07:22:32,087 Epoch 3 	 Loss 0.38584213564684106
2021-04-26 07:23:11,165 Epoch 4 	 Loss 0.3740157745369188
2021-04-26 07:23:50,277 Epoch 5 	 Loss 0.3568116220144125
2021-04-26 07:24:29,561 Epoch 6 	 Loss 0.3464596785686828
2021-04-26 07:25:08,690 Epoch 7 	 Loss 0.33559066499327567
2021-04-26 07:25:47,911 Epoch 8 	 Loss 0.31848125274364764
2021-04-26 07:26:27,042 Epoch 9 	 Loss 0.308609881407612
2021-04-26 07:27:06,202 Epoch 10 	 Loss 0.29857643046876886
2021-04-26 07:27:45,348 Epoch 11 	 Loss 0.30025387105050977
2021-04-26 07:28:24,564 Epoch 12 	 Loss 0.2869259877191795
2021-04-26 07:29:03,831 Epoch 13 	 Loss 0.2777244396262116
2021-04-26 07:29:42,985 Epoch 14 	 Loss 0.2896804703133447
2021-04-26 07:30:22,100 Epoch 15 	 Loss 0.27405303225412475
2021-04-26 07:31:01,153 Epoch 16 	 Loss 0.26855993500122655
2021-04-26 07:31:40,318 Epoch 17 	 Loss 0.26618694915221286
2021-04-26 07:32:19,465 Epoch 18 	 Loss 0.26679162500978826
2021-04-26 07:32:58,617 Epoch 19 	 Loss 0.2645103651416171
2021-04-26 07:33:37,872 Epoch 20 	 Loss 0.25599926186131905
2021-04-26 07:34:17,022 Epoch 21 	 Loss 0.2501880718129022
2021-04-26 07:34:56,140 Epoch 22 	 Loss 0.2511979939190896
2021-04-26 07:35:35,277 Epoch 23 	 Loss 0.24875550184931075
2021-04-26 07:36:14,359 Epoch 24 	 Loss 0.23717206438164135
2021-04-26 07:36:53,421 Epoch 25 	 Loss 0.23735635899580443
2021-04-26 07:37:32,547 Epoch 26 	 Loss 0.23742355504533746
2021-04-26 07:38:11,702 Epoch 27 	 Loss 0.23537152268729367
2021-04-26 07:38:50,818 Epoch 28 	 Loss 0.2299791409091635
2021-04-26 07:39:29,974 Epoch 29 	 Loss 0.2344971279521565
2021-04-26 07:40:09,101 Epoch 30 	 Loss 0.22554467569340717
2021-04-26 07:40:48,299 Epoch 31 	 Loss 0.22973824546232327
2021-04-26 07:41:27,564 Epoch 32 	 Loss 0.2263384358241008
2021-04-26 07:42:06,749 Epoch 33 	 Loss 0.21704621400151933
2021-04-26 07:42:45,790 Epoch 34 	 Loss 0.22341288380570465
2021-04-26 07:43:24,921 Epoch 35 	 Loss 0.2173677574802231
2021-04-26 07:44:04,065 Epoch 36 	 Loss 0.22102547576139261
2021-04-26 07:44:43,194 Epoch 37 	 Loss 0.2172772045973893
2021-04-26 07:45:22,348 Epoch 38 	 Loss 0.21123233912410316
2021-04-26 07:46:01,470 Epoch 39 	 Loss 0.20051951444411015
2021-04-26 07:46:40,549 Epoch 40 	 Loss 0.2116364707331081
2021-04-26 07:47:19,748 Epoch 41 	 Loss 0.20651180354448465
2021-04-26 07:47:58,818 Epoch 42 	 Loss 0.20254379363505395
2021-04-26 07:48:37,860 Epoch 43 	 Loss 0.20573426259087993
2021-04-26 07:49:16,946 Epoch 44 	 Loss 0.19953607595883882
2021-04-26 07:49:56,130 Epoch 45 	 Loss 0.19874015253978772
2021-04-26 07:50:35,278 Epoch 46 	 Loss 0.20120292132372383
2021-04-26 07:51:14,383 Epoch 47 	 Loss 0.19771758835394304
2021-04-26 07:51:53,545 Epoch 48 	 Loss 0.19313896275483644
2021-04-26 07:52:32,606 Epoch 49 	 Loss 0.19390609221799032
2021-04-26 07:53:11,726 Epoch 50 	 Loss 0.1897748310814847
2021-04-26 07:53:50,959 Epoch 51 	 Loss 0.1862796332154955
2021-04-26 07:54:30,114 Epoch 52 	 Loss 0.18495069444179535
2021-04-26 07:55:09,163 Epoch 53 	 Loss 0.18487261219339057
2021-04-26 07:55:48,277 Epoch 54 	 Loss 0.18964558970797193
2021-04-26 07:56:27,399 Epoch 55 	 Loss 0.18386252208070442
2021-04-26 07:57:06,589 Epoch 56 	 Loss 0.18867967564326066
2021-04-26 07:57:45,753 Epoch 57 	 Loss 0.18396919539996556
2021-04-26 07:58:24,802 Epoch 58 	 Loss 0.17449477937195326
2021-04-26 07:59:03,807 Epoch 59 	 Loss 0.18432139498846872
2021-04-26 07:59:42,889 Epoch 60 	 Loss 0.18187632862028186
2021-04-26 08:00:21,879 Epoch 61 	 Loss 0.17785856144113854
2021-04-26 08:01:00,873 Epoch 62 	 Loss 0.17451856440895205
2021-04-26 08:01:39,834 Epoch 63 	 Loss 0.17508918521823463
2021-04-26 08:02:18,923 Epoch 64 	 Loss 0.17380888481716533
2021-04-26 08:02:57,906 Epoch 65 	 Loss 0.1751555315740816
2021-04-26 08:03:36,999 Epoch 66 	 Loss 0.17299099348403596
2021-04-26 08:04:16,044 Epoch 67 	 Loss 0.17197598533315972
2021-04-26 08:04:55,086 Epoch 68 	 Loss 0.17048602854157544
2021-04-26 08:05:34,104 Epoch 69 	 Loss 0.1694833109012017
2021-04-26 08:06:13,128 Epoch 70 	 Loss 0.1698844660441954
2021-04-26 08:06:52,182 Epoch 71 	 Loss 0.1688204266867795
2021-04-26 08:07:31,219 Epoch 72 	 Loss 0.1667850633243938
2021-04-26 08:08:10,332 Epoch 73 	 Loss 0.166847295158512
2021-04-26 08:08:49,477 Epoch 74 	 Loss 0.1678307138301514
2021-04-26 08:09:28,574 Epoch 75 	 Loss 0.166317880153656
2021-04-26 08:10:07,628 Epoch 76 	 Loss 0.16509831295563623
2021-04-26 08:10:46,671 Epoch 77 	 Loss 0.16439095925498795
2021-04-26 08:11:25,711 Epoch 78 	 Loss 0.16514262344155992
2021-04-26 08:12:04,806 Epoch 79 	 Loss 0.16730862716724584
2021-04-26 08:12:43,790 Epoch 80 	 Loss 0.16585106214324197
2021-04-26 08:13:22,878 Epoch 81 	 Loss 0.16570000563349044
2021-04-26 08:14:01,756 Epoch 82 	 Loss 0.15875437200724424
2021-04-26 08:14:40,990 Epoch 83 	 Loss 0.16322909754056197
2021-04-26 08:15:20,012 Epoch 84 	 Loss 0.1607680081666171
2021-04-26 08:15:59,063 Epoch 85 	 Loss 0.1606772392988205
2021-04-26 08:16:38,041 Epoch 86 	 Loss 0.16033612551924947
2021-04-26 08:17:17,107 Epoch 87 	 Loss 0.16036744350260432
2021-04-26 08:17:56,270 Epoch 88 	 Loss 0.16133798724347417
2021-04-26 08:18:35,391 Epoch 89 	 Loss 0.16184794853676807
2021-04-26 08:19:14,402 Epoch 90 	 Loss 0.15820201469974204
2021-04-26 08:19:53,358 Epoch 91 	 Loss 0.15942872520331497
2021-04-26 08:20:32,321 Epoch 92 	 Loss 0.15686974191403652
2021-04-26 08:21:11,435 Epoch 93 	 Loss 0.1581091371538875
2021-04-26 08:21:50,451 Epoch 94 	 Loss 0.15958831418346572
2021-04-26 08:22:29,494 Epoch 95 	 Loss 0.15999429320896064
2021-04-26 08:23:08,525 Epoch 96 	 Loss 0.15981735444658404
2021-04-26 08:23:47,659 Epoch 97 	 Loss 0.15877651079342917
2021-04-26 08:24:26,660 Epoch 98 	 Loss 0.158948615193367
2021-04-26 08:25:05,566 Epoch 99 	 Loss 0.16012205052506792
2021-04-26 08:25:24,252 RESULT FOR DATASET CVC-300

2021-04-26 08:25:24,252 ==============================
2021-04-26 08:25:24,253 

2021-04-26 08:25:24,253 recall: 0.9559470673402151

2021-04-26 08:25:24,253 specificity: 0.991596864660581

2021-04-26 08:25:24,253 precision: 0.836766634012262

2021-04-26 08:25:24,253 F1: 0.870841117699941

2021-04-26 08:25:24,253 F2: 0.9042834455768267

2021-04-26 08:25:24,253 ACC_overall: 0.9903627773125966

2021-04-26 08:25:24,253 IoU_poly: 0.8029475472867489

2021-04-26 08:25:24,253 IoU_bg: 0.9900557766358058

2021-04-26 08:25:24,254 IoU_mean: 0.8965016593535741

2021-04-26 08:25:24,254 ==============================
2021-04-26 08:25:24,254 

2021-04-26 08:25:39,527 RESULT FOR DATASET CVC-ClinicDB

2021-04-26 08:25:39,527 ==============================
2021-04-26 08:25:39,527 

2021-04-26 08:25:39,527 recall: 0.9196528385711586

2021-04-26 08:25:39,528 specificity: 0.9944077345632738

2021-04-26 08:25:39,528 precision: 0.9039254852687009

2021-04-26 08:25:39,528 F1: 0.905633770627901

2021-04-26 08:25:39,528 F2: 0.9107494076128088

2021-04-26 08:25:39,528 ACC_overall: 0.9911047700912722

2021-04-26 08:25:39,528 IoU_poly: 0.8603172891960111

2021-04-26 08:25:39,528 IoU_bg: 0.989643975611656

2021-04-26 08:25:39,528 IoU_mean: 0.9249806356045508

2021-04-26 08:25:39,528 ==============================
2021-04-26 08:25:39,528 

2021-04-26 08:26:08,818 RESULT FOR DATASET Kvasir

2021-04-26 08:26:08,819 ==============================
2021-04-26 08:26:08,819 

2021-04-26 08:26:08,819 recall: 0.918328625112772

2021-04-26 08:26:08,819 specificity: 0.9898732709884643

2021-04-26 08:26:08,819 precision: 0.93786820307374

2021-04-26 08:26:08,819 F1: 0.9192982140183449

2021-04-26 08:26:08,819 F2: 0.9162570968270302

2021-04-26 08:26:08,819 ACC_overall: 0.9774310064315795

2021-04-26 08:26:08,819 IoU_poly: 0.8687793803215027

2021-04-26 08:26:08,819 IoU_bg: 0.9701311737298965

2021-04-26 08:26:08,819 IoU_mean: 0.919455274939537

2021-04-26 08:26:08,819 ==============================
2021-04-26 08:26:08,819 

2021-04-26 08:27:59,934 RESULT FOR DATASET CVC-ColonDB

2021-04-26 08:27:59,934 ==============================
2021-04-26 08:27:59,934 

2021-04-26 08:27:59,934 recall: 0.7944253314588016

2021-04-26 08:27:59,934 specificity: 0.988268226071408

2021-04-26 08:27:59,935 precision: 0.8122351879047959

2021-04-26 08:27:59,935 F1: 0.7483136910701911

2021-04-26 08:27:59,935 F2: 0.7585200160322265

2021-04-26 08:27:59,935 ACC_overall: 0.9625403989302485

2021-04-26 08:27:59,935 IoU_poly: 0.675734018493241

2021-04-26 08:27:59,935 IoU_bg: 0.9598368442372271

2021-04-26 08:27:59,935 IoU_mean: 0.8177854318367808

2021-04-26 08:27:59,935 ==============================
2021-04-26 08:27:59,935 

2021-04-26 08:29:21,211 RESULT FOR DATASET ETIS-LaribPolypDB

2021-04-26 08:29:21,212 ==============================
2021-04-26 08:29:21,212 

2021-04-26 08:29:21,212 recall: 0.8628479262025969

2021-04-26 08:29:21,212 specificity: 0.9844971956038961

2021-04-26 08:29:21,212 precision: 0.725008072990284

2021-04-26 08:29:21,212 F1: 0.750854553107585

2021-04-26 08:29:21,212 F2: 0.8018958346447664

2021-04-26 08:29:21,212 ACC_overall: 0.9825358755734502

2021-04-26 08:29:21,212 IoU_poly: 0.6626582636368576

2021-04-26 08:29:21,212 IoU_bg: 0.9814034752091583

2021-04-26 08:29:21,212 IoU_mean: 0.8220308689134461

2021-04-26 08:29:21,212 ==============================
2021-04-26 08:29:21,212 

