2021-05-12 22:14:46,412 Epoch 0 	 Loss 1.263346708737887
2021-05-12 22:15:11,119 Epoch 1 	 Loss 0.8918388931305854
2021-05-12 22:15:35,947 Epoch 2 	 Loss 0.7287610002926418
2021-05-12 22:16:00,872 Epoch 3 	 Loss 0.6113765239715576
2021-05-12 22:16:25,788 Epoch 4 	 Loss 0.5502016010520222
2021-05-12 22:16:50,737 Epoch 5 	 Loss 0.5020612180233002
2021-05-12 22:17:15,636 Epoch 6 	 Loss 0.46432670852640173
2021-05-12 22:17:40,670 Epoch 7 	 Loss 0.4352327886518541
2021-05-12 22:18:05,647 Epoch 8 	 Loss 0.41746708783474595
2021-05-12 22:18:30,696 Epoch 9 	 Loss 0.40792394666881354
2021-05-12 22:18:55,681 Epoch 10 	 Loss 0.3881753584840795
2021-05-12 22:19:20,641 Epoch 11 	 Loss 0.3830275283409999
2021-05-12 22:19:45,574 Epoch 12 	 Loss 0.37402109228647673
2021-05-12 22:20:10,581 Epoch 13 	 Loss 0.36040744496570837
2021-05-12 22:20:35,547 Epoch 14 	 Loss 0.35279759224299545
2021-05-12 22:21:00,480 Epoch 15 	 Loss 0.3257264196872711
2021-05-12 22:21:25,462 Epoch 16 	 Loss 0.33946187237461845
2021-05-12 22:21:50,368 Epoch 17 	 Loss 0.33875403872558046
2021-05-12 22:22:15,365 Epoch 18 	 Loss 0.32318139518355277
2021-05-12 22:22:40,334 Epoch 19 	 Loss 0.3191215715238026
2021-05-12 22:23:05,360 Epoch 20 	 Loss 0.31174959520717244
2021-05-12 22:23:30,362 Epoch 21 	 Loss 0.31580742931627964
2021-05-12 22:23:55,408 Epoch 22 	 Loss 0.3063867260794063
2021-05-12 22:24:20,389 Epoch 23 	 Loss 0.30034654726693916
2021-05-12 22:24:45,494 Epoch 24 	 Loss 0.2998352417579064
2021-05-12 22:25:10,503 Epoch 25 	 Loss 0.28816766709416775
2021-05-12 22:25:35,480 Epoch 26 	 Loss 0.29387708745159946
2021-05-12 22:26:00,532 Epoch 27 	 Loss 0.2893595130561472
2021-05-12 22:26:25,560 Epoch 28 	 Loss 0.2825336274537411
2021-05-12 22:26:50,567 Epoch 29 	 Loss 0.28030750450197156
2021-05-12 22:27:15,614 Epoch 30 	 Loss 0.2814617266694268
2021-05-12 22:27:40,595 Epoch 31 	 Loss 0.26884676417806647
2021-05-12 22:28:05,604 Epoch 32 	 Loss 0.2761260976830682
2021-05-12 22:28:30,599 Epoch 33 	 Loss 0.2632415874318762
2021-05-12 22:28:55,628 Epoch 34 	 Loss 0.26959148082104356
2021-05-12 22:29:20,661 Epoch 35 	 Loss 0.2635168577288533
2021-05-12 22:29:45,700 Epoch 36 	 Loss 0.26227357574216614
2021-05-12 22:30:10,654 Epoch 37 	 Loss 0.25766064668749716
2021-05-12 22:30:35,678 Epoch 38 	 Loss 0.244737928549012
2021-05-12 22:31:00,905 Epoch 39 	 Loss 0.2542721254157496
2021-05-12 22:31:25,943 Epoch 40 	 Loss 0.2451617229770828
2021-05-12 22:31:50,921 Epoch 41 	 Loss 0.2603834941164478
2021-05-12 22:32:15,871 Epoch 42 	 Loss 0.2558749598133695
2021-05-12 22:32:40,816 Epoch 43 	 Loss 0.24879734430994307
2021-05-12 22:33:05,809 Epoch 44 	 Loss 0.2417146091932779
2021-05-12 22:33:30,748 Epoch 45 	 Loss 0.25048553698010495
2021-05-12 22:33:55,734 Epoch 46 	 Loss 0.2431822121143341
2021-05-12 22:34:20,725 Epoch 47 	 Loss 0.2368173633630459
2021-05-12 22:34:45,883 Epoch 48 	 Loss 0.23994544803441226
2021-05-12 22:35:10,936 Epoch 49 	 Loss 0.24068590867650377
2021-05-12 22:35:35,883 Epoch 50 	 Loss 0.23064357255186355
2021-05-12 22:36:00,885 Epoch 51 	 Loss 0.23340562133343665
2021-05-12 22:36:25,892 Epoch 52 	 Loss 0.23093650874855753
2021-05-12 22:36:50,979 Epoch 53 	 Loss 0.22722966936263408
2021-05-12 22:37:15,934 Epoch 54 	 Loss 0.22789405351811712
2021-05-12 22:37:40,903 Epoch 55 	 Loss 0.23270737748224657
2021-05-12 22:38:05,980 Epoch 56 	 Loss 0.22594454950028722
2021-05-12 22:38:30,946 Epoch 57 	 Loss 0.22335083242301101
2021-05-12 22:38:55,921 Epoch 58 	 Loss 0.22155310475564266
2021-05-12 22:39:20,973 Epoch 59 	 Loss 0.22495286838038936
2021-05-12 22:39:46,069 Epoch 60 	 Loss 0.22727502211109624
2021-05-12 22:40:11,104 Epoch 61 	 Loss 0.219687792298558
2021-05-12 22:40:36,095 Epoch 62 	 Loss 0.22092071961570572
2021-05-12 22:41:01,141 Epoch 63 	 Loss 0.21786845057875245
2021-05-12 22:41:26,172 Epoch 64 	 Loss 0.21400456376128144
2021-05-12 22:41:51,261 Epoch 65 	 Loss 0.21404127874872186
2021-05-12 22:42:16,304 Epoch 66 	 Loss 0.21588449360250117
2021-05-12 22:42:41,262 Epoch 67 	 Loss 0.21642027647940668
2021-05-12 22:43:06,220 Epoch 68 	 Loss 0.21570128759185037
2021-05-12 22:43:31,205 Epoch 69 	 Loss 0.21620895312382624
2021-05-12 22:43:56,317 Epoch 70 	 Loss 0.21662459530673184
2021-05-12 22:44:21,332 Epoch 71 	 Loss 0.21581481560900972
2021-05-12 22:44:46,356 Epoch 72 	 Loss 0.21198959042737772
2021-05-12 22:45:11,436 Epoch 73 	 Loss 0.21079431949081
2021-05-12 22:45:36,450 Epoch 74 	 Loss 0.21372567068089496
2021-05-12 22:46:01,435 Epoch 75 	 Loss 0.20840158878446935
2021-05-12 22:46:26,427 Epoch 76 	 Loss 0.20225887802930978
2021-05-12 22:46:51,425 Epoch 77 	 Loss 0.2147716075836957
2021-05-12 22:47:16,577 Epoch 78 	 Loss 0.20928971944274483
2021-05-12 22:47:41,695 Epoch 79 	 Loss 0.2076108414720703
2021-05-12 22:48:06,716 Epoch 80 	 Loss 0.20289035780089243
2021-05-12 22:48:31,635 Epoch 81 	 Loss 0.20162287387219105
2021-05-12 22:48:56,605 Epoch 82 	 Loss 0.20560795085115746
2021-05-12 22:49:21,622 Epoch 83 	 Loss 0.20827617946561877
2021-05-12 22:49:46,661 Epoch 84 	 Loss 0.20365351045524682
2021-05-12 22:50:11,696 Epoch 85 	 Loss 0.2034830676985311
2021-05-12 22:50:36,661 Epoch 86 	 Loss 0.20389182701870634
2021-05-12 22:51:01,630 Epoch 87 	 Loss 0.206234743143176
2021-05-12 22:51:26,672 Epoch 88 	 Loss 0.20845850434277083
2021-05-12 22:51:51,684 Epoch 89 	 Loss 0.19918308791878458
2021-05-12 22:52:16,672 Epoch 90 	 Loss 0.20224611723161007
2021-05-12 22:52:41,650 Epoch 91 	 Loss 0.20352249993727758
2021-05-12 22:53:06,593 Epoch 92 	 Loss 0.2009810224011704
2021-05-12 22:53:31,540 Epoch 93 	 Loss 0.20660186059527344
2021-05-12 22:53:56,503 Epoch 94 	 Loss 0.20499786603581774
2021-05-12 22:54:21,496 Epoch 95 	 Loss 0.2010779660809171
2021-05-12 22:54:46,596 Epoch 96 	 Loss 0.2061982574043693
2021-05-12 22:55:11,555 Epoch 97 	 Loss 0.19948927501400748
2021-05-12 22:55:36,453 Epoch 98 	 Loss 0.19947658823086664
2021-05-12 22:56:01,343 Epoch 99 	 Loss 0.2047867049555202
2021-05-12 22:56:20,404 RESULT FOR DATASET CVC-300

2021-05-12 22:56:20,404 ==============================
2021-05-12 22:56:20,404 

2021-05-12 22:56:20,404 recall: 0.9512320548295975

2021-05-12 22:56:20,404 specificity: 0.9909965266784032

2021-05-12 22:56:20,405 precision: 0.8261549085378647

2021-05-12 22:56:20,405 F1: 0.8605198030670483

2021-05-12 22:56:20,405 F2: 0.8951798009375731

2021-05-12 22:56:20,405 ACC_overall: 0.9895137051741282

2021-05-12 22:56:20,405 IoU_poly: 0.7905235101779302

2021-05-12 22:56:20,405 IoU_bg: 0.9892213205496471

2021-05-12 22:56:20,405 IoU_mean: 0.889872419834137

2021-05-12 22:56:20,405 ==============================
2021-05-12 22:56:20,405 

2021-05-12 22:56:36,333 RESULT FOR DATASET CVC-ClinicDB

2021-05-12 22:56:36,333 ==============================
2021-05-12 22:56:36,333 

2021-05-12 22:56:36,334 recall: 0.9233801309620181

2021-05-12 22:56:36,334 specificity: 0.9912965845677161

2021-05-12 22:56:36,334 precision: 0.8868286042068634

2021-05-12 22:56:36,334 F1: 0.8938521886875312

2021-05-12 22:56:36,334 F2: 0.9042163745109593

2021-05-12 22:56:36,334 ACC_overall: 0.985608539273662

2021-05-12 22:56:36,334 IoU_poly: 0.8364673086907715

2021-05-12 22:56:36,334 IoU_bg: 0.9831331660670619

2021-05-12 22:56:36,334 IoU_mean: 0.9098002353022175

2021-05-12 22:56:36,334 ==============================
2021-05-12 22:56:36,334 

2021-05-12 22:57:06,338 RESULT FOR DATASET Kvasir

2021-05-12 22:57:06,339 ==============================
2021-05-12 22:57:06,339 

2021-05-12 22:57:06,339 recall: 0.9021039873361587

2021-05-12 22:57:06,339 specificity: 0.9872858053445817

2021-05-12 22:57:06,339 precision: 0.9242634443938732

2021-05-12 22:57:06,339 F1: 0.8969245120882988

2021-05-12 22:57:06,339 F2: 0.8962602326273919

2021-05-12 22:57:06,339 ACC_overall: 0.9708640134334564

2021-05-12 22:57:06,339 IoU_poly: 0.837933976650238

2021-05-12 22:57:06,339 IoU_bg: 0.9631658130884171

2021-05-12 22:57:06,339 IoU_mean: 0.9005498915910721

2021-05-12 22:57:06,339 ==============================
2021-05-12 22:57:06,339 

2021-05-12 22:59:01,934 RESULT FOR DATASET CVC-ColonDB

2021-05-12 22:59:01,934 ==============================
2021-05-12 22:59:01,934 

2021-05-12 22:59:01,935 recall: 0.8073448495908068

2021-05-12 22:59:01,935 specificity: 0.9829477143130805

2021-05-12 22:59:01,935 precision: 0.8030113956084614

2021-05-12 22:59:01,935 F1: 0.7538481887536124

2021-05-12 22:59:01,935 F2: 0.766426895492843

2021-05-12 22:59:01,935 ACC_overall: 0.9615216841823176

2021-05-12 22:59:01,935 IoU_poly: 0.6743974234331626

2021-05-12 22:59:01,935 IoU_bg: 0.9576697033486868

2021-05-12 22:59:01,935 IoU_mean: 0.816033563409981

2021-05-12 22:59:01,935 ==============================
2021-05-12 22:59:01,935 

2021-05-12 23:00:23,096 RESULT FOR DATASET ETIS-LaribPolypDB

2021-05-12 23:00:23,096 ==============================
2021-05-12 23:00:23,096 

2021-05-12 23:00:23,096 recall: 0.8219137650577365

2021-05-12 23:00:23,096 specificity: 0.9830207085731079

2021-05-12 23:00:23,096 precision: 0.6874439344063301

2021-05-12 23:00:23,096 F1: 0.7088077784532548

2021-05-12 23:00:23,096 F2: 0.7568179657774375

2021-05-12 23:00:23,096 ACC_overall: 0.9798945161152859

2021-05-12 23:00:23,097 IoU_poly: 0.6236515384802612

2021-05-12 23:00:23,097 IoU_bg: 0.9789730441205355

2021-05-12 23:00:23,097 IoU_mean: 0.801312289523835

2021-05-12 23:00:23,097 ==============================
2021-05-12 23:00:23,097 

