2021-05-12 21:29:23,492 Epoch 0 	 Loss 1.1889557910489512
2021-05-12 21:29:47,902 Epoch 1 	 Loss 0.8372998440658653
2021-05-12 21:30:12,353 Epoch 2 	 Loss 0.6949010543770843
2021-05-12 21:30:36,666 Epoch 3 	 Loss 0.5947159233984056
2021-05-12 21:31:01,018 Epoch 4 	 Loss 0.5367098365511213
2021-05-12 21:31:25,405 Epoch 5 	 Loss 0.492014243380054
2021-05-12 21:31:49,961 Epoch 6 	 Loss 0.45991434238769197
2021-05-12 21:32:14,607 Epoch 7 	 Loss 0.43809143560273306
2021-05-12 21:32:39,286 Epoch 8 	 Loss 0.410302717934598
2021-05-12 21:33:03,938 Epoch 9 	 Loss 0.3952173839558612
2021-05-12 21:33:28,471 Epoch 10 	 Loss 0.39480933972767424
2021-05-12 21:33:53,146 Epoch 11 	 Loss 0.3824845958542038
2021-05-12 21:34:17,671 Epoch 12 	 Loss 0.36092851941402143
2021-05-12 21:34:42,358 Epoch 13 	 Loss 0.35448333899398426
2021-05-12 21:35:06,955 Epoch 14 	 Loss 0.3523618716460008
2021-05-12 21:35:31,560 Epoch 15 	 Loss 0.32994980782597927
2021-05-12 21:35:56,245 Epoch 16 	 Loss 0.34511442253222835
2021-05-12 21:36:20,922 Epoch 17 	 Loss 0.33641732328540674
2021-05-12 21:36:45,503 Epoch 18 	 Loss 0.31379595480777406
2021-05-12 21:37:10,141 Epoch 19 	 Loss 0.31435664276500325
2021-05-12 21:37:34,783 Epoch 20 	 Loss 0.3056677463617954
2021-05-12 21:37:59,308 Epoch 21 	 Loss 0.30534462319625605
2021-05-12 21:38:23,887 Epoch 22 	 Loss 0.297124472620723
2021-05-12 21:38:48,532 Epoch 23 	 Loss 0.2887122550835976
2021-05-12 21:39:13,164 Epoch 24 	 Loss 0.30013318490851054
2021-05-12 21:39:37,740 Epoch 25 	 Loss 0.2885897444499718
2021-05-12 21:40:02,423 Epoch 26 	 Loss 0.28645821865443344
2021-05-12 21:40:27,078 Epoch 27 	 Loss 0.2905975300204623
2021-05-12 21:40:51,671 Epoch 28 	 Loss 0.28324614530736275
2021-05-12 21:41:16,219 Epoch 29 	 Loss 0.27892661209289843
2021-05-12 21:41:40,830 Epoch 30 	 Loss 0.27806296174997813
2021-05-12 21:42:05,466 Epoch 31 	 Loss 0.26966585775653085
2021-05-12 21:42:30,079 Epoch 32 	 Loss 0.269588134773485
2021-05-12 21:42:54,647 Epoch 33 	 Loss 0.2669367492198944
2021-05-12 21:43:19,217 Epoch 34 	 Loss 0.2588601204065176
2021-05-12 21:43:43,797 Epoch 35 	 Loss 0.25607409041661483
2021-05-12 21:44:08,367 Epoch 36 	 Loss 0.2612434136016028
2021-05-12 21:44:32,919 Epoch 37 	 Loss 0.2637364461526766
2021-05-12 21:44:57,520 Epoch 38 	 Loss 0.2596145876488843
2021-05-12 21:45:22,163 Epoch 39 	 Loss 0.2571368097931474
2021-05-12 21:45:46,776 Epoch 40 	 Loss 0.25370594482500475
2021-05-12 21:46:11,453 Epoch 41 	 Loss 0.24242054630111862
2021-05-12 21:46:36,015 Epoch 42 	 Loss 0.25505812302395536
2021-05-12 21:47:00,704 Epoch 43 	 Loss 0.23854025314142416
2021-05-12 21:47:25,227 Epoch 44 	 Loss 0.2450278884434438
2021-05-12 21:47:49,827 Epoch 45 	 Loss 0.2449745324614284
2021-05-12 21:48:14,420 Epoch 46 	 Loss 0.24032006961303753
2021-05-12 21:48:39,112 Epoch 47 	 Loss 0.23890252460490216
2021-05-12 21:49:03,744 Epoch 48 	 Loss 0.2398724009047498
2021-05-12 21:49:28,329 Epoch 49 	 Loss 0.2459956196310756
2021-05-12 21:49:53,022 Epoch 50 	 Loss 0.2327768466957323
2021-05-12 21:50:17,627 Epoch 51 	 Loss 0.23304956103419208
2021-05-12 21:50:42,232 Epoch 52 	 Loss 0.2289919743498603
2021-05-12 21:51:06,813 Epoch 53 	 Loss 0.22429622153004447
2021-05-12 21:51:31,369 Epoch 54 	 Loss 0.22925306594633793
2021-05-12 21:51:56,079 Epoch 55 	 Loss 0.22468388309845558
2021-05-12 21:52:20,700 Epoch 56 	 Loss 0.22819218465260097
2021-05-12 21:52:45,234 Epoch 57 	 Loss 0.22876085652099862
2021-05-12 21:53:09,828 Epoch 58 	 Loss 0.2238498682176674
2021-05-12 21:53:34,376 Epoch 59 	 Loss 0.22605450451374054
2021-05-12 21:53:58,975 Epoch 60 	 Loss 0.21638776656690534
2021-05-12 21:54:23,554 Epoch 61 	 Loss 0.21840504090209584
2021-05-12 21:54:48,258 Epoch 62 	 Loss 0.21935129656896488
2021-05-12 21:55:12,929 Epoch 63 	 Loss 0.21310011878773405
2021-05-12 21:55:37,524 Epoch 64 	 Loss 0.21971018170262432
2021-05-12 21:56:02,151 Epoch 65 	 Loss 0.21559785797700778
2021-05-12 21:56:26,823 Epoch 66 	 Loss 0.21562516656550731
2021-05-12 21:56:51,446 Epoch 67 	 Loss 0.21159098387419523
2021-05-12 21:57:16,066 Epoch 68 	 Loss 0.21601909611906325
2021-05-12 21:57:40,710 Epoch 69 	 Loss 0.20948095177556134
2021-05-12 21:58:05,396 Epoch 70 	 Loss 0.21505749847862746
2021-05-12 21:58:30,019 Epoch 71 	 Loss 0.20887407807858435
2021-05-12 21:58:54,683 Epoch 72 	 Loss 0.20852899223893553
2021-05-12 21:59:19,247 Epoch 73 	 Loss 0.2065371844794724
2021-05-12 21:59:43,893 Epoch 74 	 Loss 0.2066775742140445
2021-05-12 22:00:08,507 Epoch 75 	 Loss 0.20885971434168762
2021-05-12 22:00:33,177 Epoch 76 	 Loss 0.20558164637167375
2021-05-12 22:00:57,810 Epoch 77 	 Loss 0.204192408821085
2021-05-12 22:01:22,499 Epoch 78 	 Loss 0.2029910459295734
2021-05-12 22:01:47,155 Epoch 79 	 Loss 0.20490258358992064
2021-05-12 22:02:11,726 Epoch 80 	 Loss 0.2034045064842308
2021-05-12 22:02:36,507 Epoch 81 	 Loss 0.20574687388572063
2021-05-12 22:03:01,177 Epoch 82 	 Loss 0.20239882662401096
2021-05-12 22:03:25,828 Epoch 83 	 Loss 0.2042054980993271
2021-05-12 22:03:50,440 Epoch 84 	 Loss 0.20268430700013926
2021-05-12 22:04:15,018 Epoch 85 	 Loss 0.20043915624801928
2021-05-12 22:04:39,665 Epoch 86 	 Loss 0.2011481102678802
2021-05-12 22:05:04,259 Epoch 87 	 Loss 0.20203934282391936
2021-05-12 22:05:28,855 Epoch 88 	 Loss 0.19804254681854458
2021-05-12 22:05:53,425 Epoch 89 	 Loss 0.20086763569941887
2021-05-12 22:06:17,976 Epoch 90 	 Loss 0.2038659366605046
2021-05-12 22:06:42,619 Epoch 91 	 Loss 0.20160065493085882
2021-05-12 22:07:07,211 Epoch 92 	 Loss 0.20048298891429062
2021-05-12 22:07:31,814 Epoch 93 	 Loss 0.2013655206659338
2021-05-12 22:07:56,455 Epoch 94 	 Loss 0.1981187125483712
2021-05-12 22:08:21,043 Epoch 95 	 Loss 0.20341547914258726
2021-05-12 22:08:45,615 Epoch 96 	 Loss 0.2002376763375251
2021-05-12 22:09:10,245 Epoch 97 	 Loss 0.2016220204122774
2021-05-12 22:09:34,927 Epoch 98 	 Loss 0.20474843811857832
2021-05-12 22:09:59,476 Epoch 99 	 Loss 0.2043069111449378
2021-05-12 22:10:17,930 RESULT FOR DATASET CVC-300

2021-05-12 22:10:17,931 ==============================
2021-05-12 22:10:17,931 

2021-05-12 22:10:17,931 recall: 0.9493180294831594

2021-05-12 22:10:17,931 specificity: 0.9926271498203277

2021-05-12 22:10:17,931 precision: 0.8330393891781569

2021-05-12 22:10:17,931 F1: 0.8658278964459896

2021-05-12 22:10:17,931 F2: 0.8988955765962601

2021-05-12 22:10:17,931 ACC_overall: 0.9908832162618637

2021-05-12 22:10:17,931 IoU_poly: 0.7931126518795888

2021-05-12 22:10:17,931 IoU_bg: 0.9906222581863403

2021-05-12 22:10:17,931 IoU_mean: 0.8918674533565839

2021-05-12 22:10:17,931 ==============================
2021-05-12 22:10:17,931 

2021-05-12 22:10:33,192 RESULT FOR DATASET CVC-ClinicDB

2021-05-12 22:10:33,192 ==============================
2021-05-12 22:10:33,192 

2021-05-12 22:10:33,192 recall: 0.9402427606044277

2021-05-12 22:10:33,192 specificity: 0.9932883958662709

2021-05-12 22:10:33,192 precision: 0.9061323417530905

2021-05-12 22:10:33,192 F1: 0.9104056495331949

2021-05-12 22:10:33,192 F2: 0.9206848661265066

2021-05-12 22:10:33,192 ACC_overall: 0.9913467168807983

2021-05-12 22:10:33,192 IoU_poly: 0.8609147928054294

2021-05-12 22:10:33,192 IoU_bg: 0.9899214313876245

2021-05-12 22:10:33,192 IoU_mean: 0.9254181125471669

2021-05-12 22:10:33,193 ==============================
2021-05-12 22:10:33,193 

2021-05-12 22:11:03,006 RESULT FOR DATASET Kvasir

2021-05-12 22:11:03,007 ==============================
2021-05-12 22:11:03,007 

2021-05-12 22:11:03,007 recall: 0.9046882749442011

2021-05-12 22:11:03,007 specificity: 0.9875551348924637

2021-05-12 22:11:03,007 precision: 0.9288711304217577

2021-05-12 22:11:03,007 F1: 0.9080175829213113

2021-05-12 22:11:03,007 F2: 0.902861049734056

2021-05-12 22:11:03,007 ACC_overall: 0.9747238343954087

2021-05-12 22:11:03,007 IoU_poly: 0.8549303774256259

2021-05-12 22:11:03,007 IoU_bg: 0.9665745544433594

2021-05-12 22:11:03,007 IoU_mean: 0.9107524639368058

2021-05-12 22:11:03,007 ==============================
2021-05-12 22:11:03,007 

2021-05-12 22:12:57,971 RESULT FOR DATASET CVC-ColonDB

2021-05-12 22:12:57,971 ==============================
2021-05-12 22:12:57,971 

2021-05-12 22:12:57,971 recall: 0.7953685908430352

2021-05-12 22:12:57,971 specificity: 0.98762930066962

2021-05-12 22:12:57,971 precision: 0.8105688821258905

2021-05-12 22:12:57,971 F1: 0.7534816991090338

2021-05-12 22:12:57,971 F2: 0.7654664253488184

2021-05-12 22:12:57,971 ACC_overall: 0.9621355364197179

2021-05-12 22:12:57,971 IoU_poly: 0.6730156141119671

2021-05-12 22:12:57,971 IoU_bg: 0.9590829132418883

2021-05-12 22:12:57,971 IoU_mean: 0.8160492649203852

2021-05-12 22:12:57,971 ==============================
2021-05-12 22:12:57,971 

2021-05-12 22:14:18,892 RESULT FOR DATASET ETIS-LaribPolypDB

2021-05-12 22:14:18,892 ==============================
2021-05-12 22:14:18,892 

2021-05-12 22:14:18,892 recall: 0.8210685575227402

2021-05-12 22:14:18,892 specificity: 0.9817930621152021

2021-05-12 22:14:18,892 precision: 0.6937353118801995

2021-05-12 22:14:18,892 F1: 0.716775153904007

2021-05-12 22:14:18,892 F2: 0.7642715917104954

2021-05-12 22:14:18,892 ACC_overall: 0.9792623513815354

2021-05-12 22:14:18,892 IoU_poly: 0.6327590956128479

2021-05-12 22:14:18,892 IoU_bg: 0.9781830037126735

2021-05-12 22:14:18,892 IoU_mean: 0.8054710485193194

2021-05-12 22:14:18,892 ==============================
2021-05-12 22:14:18,893 

