2021-04-30 23:33:49,199 Epoch 0 	 Loss 1.1571237451427585
2021-04-30 23:34:31,444 Epoch 1 	 Loss 0.8303040161237611
2021-04-30 23:35:13,728 Epoch 2 	 Loss 0.694547733762762
2021-04-30 23:35:56,099 Epoch 3 	 Loss 0.6122370650480081
2021-04-30 23:36:38,508 Epoch 4 	 Loss 0.5302899931813334
2021-04-30 23:37:21,007 Epoch 5 	 Loss 0.5015006147243164
2021-04-30 23:38:03,468 Epoch 6 	 Loss 0.4538345723361759
2021-04-30 23:41:32,965 Epoch 0 	 Loss 1.1571237451427585
2021-04-30 23:42:15,243 Epoch 1 	 Loss 0.8303040161237611
2021-04-30 23:42:58,225 Epoch 2 	 Loss 0.694547733762762
2021-04-30 23:43:40,355 Epoch 3 	 Loss 0.6122370650480081
2021-04-30 23:44:22,441 Epoch 4 	 Loss 0.5302899931813334
2021-04-30 23:45:04,641 Epoch 5 	 Loss 0.5015006147243164
2021-04-30 23:45:46,824 Epoch 6 	 Loss 0.4538345723361759
2021-04-30 23:46:29,021 Epoch 7 	 Loss 0.43039328220126394
2021-04-30 23:47:11,346 Epoch 8 	 Loss 0.4060015979703966
2021-04-30 23:47:53,622 Epoch 9 	 Loss 0.40081666524593645
2021-04-30 23:48:35,929 Epoch 10 	 Loss 0.38338632996265704
2021-04-30 23:49:18,169 Epoch 11 	 Loss 0.37164423295429777
2021-04-30 23:50:00,419 Epoch 12 	 Loss 0.3576038694316214
2021-04-30 23:50:42,587 Epoch 13 	 Loss 0.3467123007381355
2021-04-30 23:51:24,976 Epoch 14 	 Loss 0.34277307528715867
2021-04-30 23:52:07,206 Epoch 15 	 Loss 0.3300385840319015
2021-04-30 23:52:49,460 Epoch 16 	 Loss 0.3324568379711319
2021-04-30 23:53:31,869 Epoch 17 	 Loss 0.3250041302743849
2021-04-30 23:54:14,203 Epoch 18 	 Loss 0.31423467086566675
2021-04-30 23:54:56,441 Epoch 19 	 Loss 0.3075611010030076
2021-04-30 23:55:38,794 Epoch 20 	 Loss 0.31286258078538454
2021-04-30 23:56:20,949 Epoch 21 	 Loss 0.30896968107957107
2021-04-30 23:57:03,178 Epoch 22 	 Loss 0.2939387676152554
2021-04-30 23:57:45,598 Epoch 23 	 Loss 0.2979802389393796
2021-04-30 23:58:27,794 Epoch 24 	 Loss 0.2875380671613819
2021-04-30 23:59:10,145 Epoch 25 	 Loss 0.2776016987614579
2021-04-30 23:59:52,373 Epoch 26 	 Loss 0.27402916124888826
2021-05-01 00:00:34,502 Epoch 27 	 Loss 0.27700450950926475
2021-05-01 00:01:16,900 Epoch 28 	 Loss 0.28279072717650905
2021-05-01 00:01:59,245 Epoch 29 	 Loss 0.27168539068201086
2021-05-01 00:02:41,573 Epoch 30 	 Loss 0.2646195302297781
2021-05-01 00:03:23,806 Epoch 31 	 Loss 0.267786749116667
2021-05-01 00:04:05,981 Epoch 32 	 Loss 0.2624040905918394
2021-05-01 00:04:48,215 Epoch 33 	 Loss 0.2645619005619825
2021-05-01 00:05:30,309 Epoch 34 	 Loss 0.2579226308799052
2021-05-01 00:06:12,653 Epoch 35 	 Loss 0.25010683559454405
2021-05-01 00:06:54,957 Epoch 36 	 Loss 0.25040236508453284
2021-05-01 00:07:37,269 Epoch 37 	 Loss 0.25751956265706283
2021-05-01 00:08:19,645 Epoch 38 	 Loss 0.2639764006976243
2021-05-01 00:09:01,936 Epoch 39 	 Loss 0.24193035606499558
2021-05-01 00:09:44,282 Epoch 40 	 Loss 0.24666727751820952
2021-05-01 00:10:26,597 Epoch 41 	 Loss 0.23939476563380316
2021-05-01 00:11:08,873 Epoch 42 	 Loss 0.23601142767366473
2021-05-01 00:11:51,078 Epoch 43 	 Loss 0.24103083060337946
2021-05-01 00:12:33,401 Epoch 44 	 Loss 0.23340465930792
2021-05-01 00:13:15,604 Epoch 45 	 Loss 0.23196254277622308
2021-05-01 00:13:57,929 Epoch 46 	 Loss 0.23237840307282878
2021-05-01 00:14:40,202 Epoch 47 	 Loss 0.23254915105772542
2021-05-01 00:15:22,452 Epoch 48 	 Loss 0.23924281358063876
2021-05-01 00:16:04,589 Epoch 49 	 Loss 0.2270938901455848
2021-05-01 00:16:46,818 Epoch 50 	 Loss 0.2286491749378351
2021-05-01 00:17:28,933 Epoch 51 	 Loss 0.22134764869134504
2021-05-01 00:18:11,214 Epoch 52 	 Loss 0.2202668668149592
2021-05-01 00:18:53,452 Epoch 53 	 Loss 0.2226993754342362
2021-05-01 00:19:35,713 Epoch 54 	 Loss 0.2199111710210423
2021-05-01 00:20:17,881 Epoch 55 	 Loss 0.2192698224232747
2021-05-01 00:21:00,225 Epoch 56 	 Loss 0.21799613453529693
2021-05-01 00:21:42,444 Epoch 57 	 Loss 0.2155917892744253
2021-05-01 00:22:24,669 Epoch 58 	 Loss 0.21614798690591538
2021-05-01 00:23:07,066 Epoch 59 	 Loss 0.21522512999209728
2021-05-01 00:23:49,393 Epoch 60 	 Loss 0.21495957901844612
2021-05-01 00:24:31,673 Epoch 61 	 Loss 0.20818271054016366
2021-05-01 00:25:13,975 Epoch 62 	 Loss 0.21196646693643634
2021-05-01 00:25:56,329 Epoch 63 	 Loss 0.2105575952228609
2021-05-01 00:26:38,578 Epoch 64 	 Loss 0.2058730872122796
2021-05-01 00:27:20,921 Epoch 65 	 Loss 0.20204930498704807
2021-05-01 00:28:03,069 Epoch 66 	 Loss 0.2039296907055509
2021-05-01 00:28:45,366 Epoch 67 	 Loss 0.20606748399498698
2021-05-01 00:29:27,599 Epoch 68 	 Loss 0.2066974374619159
2021-05-01 00:30:09,893 Epoch 69 	 Loss 0.20439685242516653
2021-05-01 00:30:52,085 Epoch 70 	 Loss 0.20597483954586826
2021-05-01 00:31:34,169 Epoch 71 	 Loss 0.1991606708411332
2021-05-01 00:32:16,418 Epoch 72 	 Loss 0.20279149498258317
2021-05-01 00:32:58,678 Epoch 73 	 Loss 0.1985617363518411
2021-05-01 00:33:40,994 Epoch 74 	 Loss 0.20149951092489474
2021-05-01 00:34:23,278 Epoch 75 	 Loss 0.2018026670256814
2021-05-01 00:35:05,614 Epoch 76 	 Loss 0.19756192656663749
2021-05-01 00:35:47,810 Epoch 77 	 Loss 0.20318174001934763
2021-05-01 00:36:30,117 Epoch 78 	 Loss 0.19543379921834547
2021-05-01 00:37:12,381 Epoch 79 	 Loss 0.19382768329028244
2021-05-01 00:37:54,719 Epoch 80 	 Loss 0.19468547403812408
2021-05-01 00:38:36,897 Epoch 81 	 Loss 0.1949567891411729
2021-05-01 00:39:19,309 Epoch 82 	 Loss 0.19695662551528806
2021-05-01 00:40:01,563 Epoch 83 	 Loss 0.19715713766904977
2021-05-01 00:40:43,913 Epoch 84 	 Loss 0.19451433141807933
2021-05-01 00:41:26,327 Epoch 85 	 Loss 0.1955157533124253
2021-05-01 00:42:08,613 Epoch 86 	 Loss 0.19496602278489333
2021-05-01 00:42:50,945 Epoch 87 	 Loss 0.1922514992100852
2021-05-01 00:43:33,365 Epoch 88 	 Loss 0.19408572899116264
2021-05-01 00:44:15,534 Epoch 89 	 Loss 0.19230285254153576
2021-05-01 00:44:57,726 Epoch 90 	 Loss 0.19498302615605867
2021-05-01 00:45:40,176 Epoch 91 	 Loss 0.18855711801366493
2021-05-01 00:46:22,330 Epoch 92 	 Loss 0.19533720416027112
2021-05-01 00:47:04,569 Epoch 93 	 Loss 0.19166824761982804
2021-05-01 00:47:46,830 Epoch 94 	 Loss 0.19299621814554865
2021-05-01 00:48:29,169 Epoch 95 	 Loss 0.19456522641601143
2021-05-01 00:49:11,399 Epoch 96 	 Loss 0.18951554056052322
2021-05-01 00:49:53,710 Epoch 97 	 Loss 0.19164453283116056
2021-05-01 00:50:35,938 Epoch 98 	 Loss 0.1973506033748061
2021-05-01 00:51:18,262 Epoch 99 	 Loss 0.19277221079056078
2021-05-01 00:51:37,597 RESULT FOR DATASET CVC-300

2021-05-01 00:51:37,597 ==============================
2021-05-01 00:51:37,597 

2021-05-01 00:51:37,597 recall: 0.9313719391822814

2021-05-01 00:51:37,598 specificity: 0.994273179769516

2021-05-01 00:51:37,598 precision: 0.8384873112042744

2021-05-01 00:51:37,598 F1: 0.8609805042545001

2021-05-01 00:51:37,598 F2: 0.8901996692021688

2021-05-01 00:51:37,598 ACC_overall: 0.9918534815311432

2021-05-01 00:51:37,598 IoU_poly: 0.7873990322152774

2021-05-01 00:51:37,598 IoU_bg: 0.9916227698326111

2021-05-01 00:51:37,598 IoU_mean: 0.8895109007755916

2021-05-01 00:51:37,598 ==============================
2021-05-01 00:51:37,598 

2021-05-01 00:51:54,061 RESULT FOR DATASET CVC-ClinicDB

2021-05-01 00:51:54,061 ==============================
2021-05-01 00:51:54,061 

2021-05-01 00:51:54,061 recall: 0.9267584379882582

2021-05-01 00:51:54,061 specificity: 0.9930952662421811

2021-05-01 00:51:54,061 precision: 0.9053722459207019

2021-05-01 00:51:54,061 F1: 0.9072255708217141

2021-05-01 00:51:54,061 F2: 0.913998372251949

2021-05-01 00:51:54,061 ACC_overall: 0.9867445047824613

2021-05-01 00:51:54,061 IoU_poly: 0.8543868093646222

2021-05-01 00:51:54,061 IoU_bg: 0.9845069589153412

2021-05-01 00:51:54,061 IoU_mean: 0.9194468846244197

2021-05-01 00:51:54,061 ==============================
2021-05-01 00:51:54,061 

2021-05-01 00:52:25,616 RESULT FOR DATASET Kvasir

2021-05-01 00:52:25,616 ==============================
2021-05-01 00:52:25,616 

2021-05-01 00:52:25,616 recall: 0.903323480039835

2021-05-01 00:52:25,616 specificity: 0.9897800743579864

2021-05-01 00:52:25,617 precision: 0.9301538434624672

2021-05-01 00:52:25,617 F1: 0.9052429020404815

2021-05-01 00:52:25,617 F2: 0.9016932260990143

2021-05-01 00:52:25,617 ACC_overall: 0.9729079109430313

2021-05-01 00:52:25,617 IoU_poly: 0.8460409480333329

2021-05-01 00:52:25,617 IoU_bg: 0.965815721154213

2021-05-01 00:52:25,617 IoU_mean: 0.9059283369779587

2021-05-01 00:52:25,617 ==============================
2021-05-01 00:52:25,617 

2021-05-01 00:54:27,457 RESULT FOR DATASET CVC-ColonDB

2021-05-01 00:54:27,457 ==============================
2021-05-01 00:54:27,457 

2021-05-01 00:54:27,457 recall: 0.7892750424704852

2021-05-01 00:54:27,457 specificity: 0.9880179057780065

2021-05-01 00:54:27,457 precision: 0.8090722633974541

2021-05-01 00:54:27,457 F1: 0.7525810190845637

2021-05-01 00:54:27,457 F2: 0.7615522843817727

2021-05-01 00:54:27,457 ACC_overall: 0.9622454734225022

2021-05-01 00:54:27,457 IoU_poly: 0.6744664475000455

2021-05-01 00:54:27,457 IoU_bg: 0.9594834335540471

2021-05-01 00:54:27,458 IoU_mean: 0.8169749385432193

2021-05-01 00:54:27,458 ==============================
2021-05-01 00:54:27,458 

2021-05-01 00:55:51,954 RESULT FOR DATASET ETIS-LaribPolypDB

2021-05-01 00:55:51,955 ==============================
2021-05-01 00:55:51,955 

2021-05-01 00:55:51,955 recall: 0.8147963100824311

2021-05-01 00:55:51,955 specificity: 0.9857111190046582

2021-05-01 00:55:51,955 precision: 0.699966093133057

2021-05-01 00:55:51,955 F1: 0.7221119307106739

2021-05-01 00:55:51,955 F2: 0.7656368982974973

2021-05-01 00:55:51,955 ACC_overall: 0.9832739419474894

2021-05-01 00:55:51,955 IoU_poly: 0.6399252246715244

2021-05-01 00:55:51,955 IoU_bg: 0.9823831182961561

2021-05-01 00:55:51,955 IoU_mean: 0.8111541731929293

2021-05-01 00:55:51,955 ==============================
2021-05-01 00:55:51,955 

2021-05-01 00:56:39,108 Epoch 0 	 Loss 1.204512820139036
2021-05-01 00:57:23,614 Epoch 1 	 Loss 0.8683062490526137
2021-05-01 00:58:08,107 Epoch 2 	 Loss 0.716569626069331
2021-05-01 00:58:52,866 Epoch 3 	 Loss 0.6147287897356264
2021-05-01 00:59:37,765 Epoch 4 	 Loss 0.5458004923312219
2021-05-01 01:00:22,572 Epoch 5 	 Loss 0.49111325596715066
2021-05-01 01:01:07,397 Epoch 6 	 Loss 0.46113495217574824
2021-05-01 01:01:52,233 Epoch 7 	 Loss 0.44051774648519665
2021-05-01 01:02:37,115 Epoch 8 	 Loss 0.40965972136665174
2021-05-01 01:03:21,985 Epoch 9 	 Loss 0.39603536502345577
2021-05-01 01:04:06,925 Epoch 10 	 Loss 0.39030787610745693
2021-05-01 01:04:51,778 Epoch 11 	 Loss 0.3682490102537386
2021-05-01 01:05:36,530 Epoch 12 	 Loss 0.36205858892791876
2021-05-01 01:06:21,333 Epoch 13 	 Loss 0.34208952758338423
2021-05-01 01:07:06,150 Epoch 14 	 Loss 0.3394879900164657
2021-05-01 01:07:50,892 Epoch 15 	 Loss 0.3306822832469102
2021-05-01 01:08:35,849 Epoch 16 	 Loss 0.3252279887815098
2021-05-01 01:09:20,727 Epoch 17 	 Loss 0.3286694632126735
2021-05-01 01:10:05,557 Epoch 18 	 Loss 0.30889606721453616
2021-05-01 01:10:50,374 Epoch 19 	 Loss 0.30804271635773417
2021-05-01 01:11:35,258 Epoch 20 	 Loss 0.3059620608340253
2021-05-01 01:12:20,056 Epoch 21 	 Loss 0.29854310426738234
2021-05-01 01:13:04,911 Epoch 22 	 Loss 0.3007468358500973
2021-05-01 01:13:49,698 Epoch 23 	 Loss 0.29399213882593006
2021-05-01 01:14:34,532 Epoch 24 	 Loss 0.2852616221695156
2021-05-01 01:15:19,434 Epoch 25 	 Loss 0.28103078181272023
2021-05-01 01:16:04,278 Epoch 26 	 Loss 0.30255475574797325
2021-05-01 01:16:49,055 Epoch 27 	 Loss 0.2773670662235428
2021-05-01 01:17:33,790 Epoch 28 	 Loss 0.2757246189720028
2021-05-01 01:18:18,554 Epoch 29 	 Loss 0.2751887627355345
2021-05-01 01:19:03,461 Epoch 30 	 Loss 0.265670969918534
2021-05-01 01:19:48,111 Epoch 31 	 Loss 0.26467695128131696
2021-05-01 01:20:32,858 Epoch 32 	 Loss 0.2646890804990307
2021-05-01 01:21:17,636 Epoch 33 	 Loss 0.25185492569273643
2021-05-01 01:22:02,517 Epoch 34 	 Loss 0.25483210204721807
2021-05-01 01:22:47,226 Epoch 35 	 Loss 0.25761267968586515
2021-05-01 01:23:31,990 Epoch 36 	 Loss 0.25795413832088093
2021-05-01 01:24:16,825 Epoch 37 	 Loss 0.2527014780175555
2021-05-01 01:25:01,592 Epoch 38 	 Loss 0.254358776978084
2021-05-01 01:25:46,447 Epoch 39 	 Loss 0.24709151226740617
2021-05-01 01:26:31,311 Epoch 40 	 Loss 0.24799917130679874
2021-05-01 01:27:16,122 Epoch 41 	 Loss 0.2392203783268457
2021-05-01 01:28:01,016 Epoch 42 	 Loss 0.2473895441699814
2021-05-01 01:28:45,835 Epoch 43 	 Loss 0.24497594070303572
2021-05-01 01:29:30,586 Epoch 44 	 Loss 0.2378613421550164
2021-05-01 01:30:15,533 Epoch 45 	 Loss 0.23714034652316962
2021-05-01 01:31:00,320 Epoch 46 	 Loss 0.23507986340548967
2021-05-01 01:31:45,189 Epoch 47 	 Loss 0.2338547768828633
2021-05-01 01:32:29,966 Epoch 48 	 Loss 0.22992233408021404
2021-05-01 01:33:14,755 Epoch 49 	 Loss 0.23399172674168597
2021-05-01 01:33:59,560 Epoch 50 	 Loss 0.22877717231001174
2021-05-01 01:34:44,398 Epoch 51 	 Loss 0.22259958252147005
2021-05-01 01:35:29,244 Epoch 52 	 Loss 0.2225430550483557
2021-05-01 01:36:13,977 Epoch 53 	 Loss 0.2269552096233263
2021-05-01 01:36:58,873 Epoch 54 	 Loss 0.22351266820352156
2021-05-01 01:37:43,748 Epoch 55 	 Loss 0.21836599773103063
2021-05-01 01:38:28,543 Epoch 56 	 Loss 0.2177980566745276
2021-05-01 01:39:13,380 Epoch 57 	 Loss 0.21126100355452235
2021-05-01 01:39:58,139 Epoch 58 	 Loss 0.21315709083944887
2021-05-01 01:40:42,963 Epoch 59 	 Loss 0.21398807407080472
2021-05-01 01:41:27,783 Epoch 60 	 Loss 0.21821460651827382
2021-05-01 01:42:12,610 Epoch 61 	 Loss 0.2142364603805018
2021-05-01 01:42:57,411 Epoch 62 	 Loss 0.21334697813778133
2021-05-01 01:43:42,215 Epoch 63 	 Loss 0.2133529993531468
2021-05-01 01:44:27,191 Epoch 64 	 Loss 0.20558939923296918
2021-05-01 01:45:11,960 Epoch 65 	 Loss 0.2094347657083155
2021-05-01 01:45:56,814 Epoch 66 	 Loss 0.20383070360173236
2021-05-01 01:46:41,652 Epoch 67 	 Loss 0.20735536171839788
2021-05-01 01:47:26,459 Epoch 68 	 Loss 0.20121102493542892
2021-05-01 01:48:11,379 Epoch 69 	 Loss 0.2033540082501841
2021-05-01 01:48:56,155 Epoch 70 	 Loss 0.20192970646606698
2021-05-01 01:49:40,945 Epoch 71 	 Loss 0.19552484154701233
2021-05-01 01:50:25,826 Epoch 72 	 Loss 0.2041979369881389
2021-05-01 01:51:10,823 Epoch 73 	 Loss 0.20077140858540168
2021-05-01 01:51:55,579 Epoch 74 	 Loss 0.19695284029284676
2021-05-01 01:52:40,534 Epoch 75 	 Loss 0.20375869054715712
2021-05-01 01:53:25,474 Epoch 76 	 Loss 0.2019374675148136
2021-05-01 01:54:10,422 Epoch 77 	 Loss 0.19408672802395874
2021-05-01 01:54:55,210 Epoch 78 	 Loss 0.19810949380581194
2021-05-01 01:55:39,960 Epoch 79 	 Loss 0.19995139915864546
2021-05-01 01:56:24,825 Epoch 80 	 Loss 0.2038065905754383
2021-05-01 01:57:09,712 Epoch 81 	 Loss 0.19711789914539882
2021-05-01 01:57:54,764 Epoch 82 	 Loss 0.19365954677482228
2021-05-01 01:58:39,574 Epoch 83 	 Loss 0.1977525510630765
2021-05-01 01:59:24,331 Epoch 84 	 Loss 0.1970630278299143
2021-05-01 02:00:09,094 Epoch 85 	 Loss 0.199061536526942
2021-05-01 02:00:54,050 Epoch 86 	 Loss 0.19046311931950705
2021-05-01 02:01:38,881 Epoch 87 	 Loss 0.19916500511405233
2021-05-01 02:02:23,898 Epoch 88 	 Loss 0.19171709493621364
2021-05-01 02:03:08,744 Epoch 89 	 Loss 0.1973958562363635
2021-05-01 02:03:53,649 Epoch 90 	 Loss 0.19427368192227332
2021-05-01 02:04:38,452 Epoch 91 	 Loss 0.19382324569172912
2021-05-01 02:05:23,307 Epoch 92 	 Loss 0.19046997581864453
2021-05-01 02:06:08,106 Epoch 93 	 Loss 0.19586730216230666
2021-05-01 02:06:52,879 Epoch 94 	 Loss 0.1963593669972577
2021-05-01 02:07:37,671 Epoch 95 	 Loss 0.18960975552653217
2021-05-01 02:08:22,463 Epoch 96 	 Loss 0.19393630964415415
2021-05-01 02:09:07,276 Epoch 97 	 Loss 0.19461337665280143
2021-05-01 02:09:52,204 Epoch 98 	 Loss 0.19419793817368183
2021-05-01 02:10:36,979 Epoch 99 	 Loss 0.1945591858782611
2021-05-01 02:10:55,532 RESULT FOR DATASET CVC-300

2021-05-01 02:10:55,532 ==============================
2021-05-01 02:10:55,532 

2021-05-01 02:10:55,532 recall: 0.9484518647193909

2021-05-01 02:10:55,532 specificity: 0.993499485651652

2021-05-01 02:10:55,532 precision: 0.840213188653191

2021-05-01 02:10:55,532 F1: 0.8721876141925653

2021-05-01 02:10:55,532 F2: 0.9042527576287588

2021-05-01 02:10:55,532 ACC_overall: 0.991838788986206

2021-05-01 02:10:55,532 IoU_poly: 0.8010503999888897

2021-05-01 02:10:55,532 IoU_bg: 0.9915900299946467

2021-05-01 02:10:55,532 IoU_mean: 0.8963202089071274

2021-05-01 02:10:55,532 ==============================
2021-05-01 02:10:55,533 

2021-05-01 02:11:11,226 RESULT FOR DATASET CVC-ClinicDB

2021-05-01 02:11:11,226 ==============================
2021-05-01 02:11:11,226 

2021-05-01 02:11:11,226 recall: 0.9232976595240254

2021-05-01 02:11:11,226 specificity: 0.9932919029266604

2021-05-01 02:11:11,226 precision: 0.9062149267223093

2021-05-01 02:11:11,226 F1: 0.9023870035044609

2021-05-01 02:11:11,226 F2: 0.9071786843480603

2021-05-01 02:11:11,226 ACC_overall: 0.9890008386104338

2021-05-01 02:11:11,226 IoU_poly: 0.8512181967436787

2021-05-01 02:11:11,226 IoU_bg: 0.9869270901526174

2021-05-01 02:11:11,226 IoU_mean: 0.9190726462871798

2021-05-01 02:11:11,226 ==============================
2021-05-01 02:11:11,226 

2021-05-01 02:11:41,594 RESULT FOR DATASET Kvasir

2021-05-01 02:11:41,594 ==============================
2021-05-01 02:11:41,594 

2021-05-01 02:11:41,594 recall: 0.9060896757245064

2021-05-01 02:11:41,594 specificity: 0.9896773028373719

2021-05-01 02:11:41,594 precision: 0.9403162395954132

2021-05-01 02:11:41,594 F1: 0.9119873711466789

2021-05-01 02:11:41,594 F2: 0.906025969684124

2021-05-01 02:11:41,594 ACC_overall: 0.9731408143043518

2021-05-01 02:11:41,594 IoU_poly: 0.8552265307307243

2021-05-01 02:11:41,594 IoU_bg: 0.9655345311760902

2021-05-01 02:11:41,594 IoU_mean: 0.9103805315494538

2021-05-01 02:11:41,594 ==============================
2021-05-01 02:11:41,594 

2021-05-01 02:13:41,860 RESULT FOR DATASET CVC-ColonDB

2021-05-01 02:13:41,860 ==============================
2021-05-01 02:13:41,860 

2021-05-01 02:13:41,860 recall: 0.7946078571358445

2021-05-01 02:13:41,861 specificity: 0.9886786088347435

2021-05-01 02:13:41,861 precision: 0.8142818943138225

2021-05-01 02:13:41,861 F1: 0.765570840583558

2021-05-01 02:13:41,861 F2: 0.7715312870653418

2021-05-01 02:13:41,861 ACC_overall: 0.9634804524873433

2021-05-01 02:13:41,861 IoU_poly: 0.6858148367735124

2021-05-01 02:13:41,861 IoU_bg: 0.9604145646879547

2021-05-01 02:13:41,861 IoU_mean: 0.8231147010859691

2021-05-01 02:13:41,861 ==============================
2021-05-01 02:13:41,861 

2021-05-01 02:15:03,615 RESULT FOR DATASET ETIS-LaribPolypDB

2021-05-01 02:15:03,616 ==============================
2021-05-01 02:15:03,616 

2021-05-01 02:15:03,616 recall: 0.8354205876650332

2021-05-01 02:15:03,616 specificity: 0.9812915893841763

2021-05-01 02:15:03,616 precision: 0.700587443429023

2021-05-01 02:15:03,616 F1: 0.7268080507501509

2021-05-01 02:15:03,616 F2: 0.7727060465909114

2021-05-01 02:15:03,616 ACC_overall: 0.9792653678023086

2021-05-01 02:15:03,616 IoU_poly: 0.6451582224008188

2021-05-01 02:15:03,616 IoU_bg: 0.9783089316012908

2021-05-01 02:15:03,616 IoU_mean: 0.8117335764121036

2021-05-01 02:15:03,616 ==============================
2021-05-01 02:15:03,616 

2021-05-01 02:15:53,862 Epoch 0 	 Loss 1.2276269433262583
2021-05-01 02:16:41,138 Epoch 1 	 Loss 0.8684276768139431
2021-05-01 02:17:28,343 Epoch 2 	 Loss 0.7255380992051009
2021-05-01 02:18:15,498 Epoch 3 	 Loss 0.6120088555655636
2021-05-01 02:19:02,691 Epoch 4 	 Loss 0.5463701807535611
2021-05-01 02:19:49,943 Epoch 5 	 Loss 0.5146780482360295
2021-05-01 02:20:37,066 Epoch 6 	 Loss 0.46724090929869766
2021-05-01 02:21:24,211 Epoch 7 	 Loss 0.4460245023716937
2021-05-01 02:22:11,543 Epoch 8 	 Loss 0.4294315592928247
2021-05-01 02:22:58,998 Epoch 9 	 Loss 0.41464767482254533
2021-05-01 02:23:46,152 Epoch 10 	 Loss 0.39284454924719675
2021-05-01 02:24:33,259 Epoch 11 	 Loss 0.3699805993627716
2021-05-01 02:25:20,506 Epoch 12 	 Loss 0.3731155087659647
2021-05-01 02:26:07,632 Epoch 13 	 Loss 0.3658510646322271
2021-05-01 02:26:54,675 Epoch 14 	 Loss 0.35040192993787617
2021-05-01 02:27:41,828 Epoch 15 	 Loss 0.33858644078066064
2021-05-01 02:28:29,035 Epoch 16 	 Loss 0.33940555302651376
2021-05-01 02:29:16,441 Epoch 17 	 Loss 0.32543052159822905
2021-05-01 02:30:03,890 Epoch 18 	 Loss 0.3294359206498324
2021-05-01 02:30:51,056 Epoch 19 	 Loss 0.3211856125802784
2021-05-01 02:31:38,208 Epoch 20 	 Loss 0.3221001502249267
2021-05-01 02:32:25,325 Epoch 21 	 Loss 0.31327894690272573
2021-05-01 02:33:12,540 Epoch 22 	 Loss 0.31031845379006734
2021-05-01 02:33:59,790 Epoch 23 	 Loss 0.2975128725334838
2021-05-01 02:34:47,051 Epoch 24 	 Loss 0.29768402858094856
2021-05-01 02:35:34,138 Epoch 25 	 Loss 0.295634857573352
2021-05-01 02:36:21,275 Epoch 26 	 Loss 0.2815732397548445
2021-05-01 02:37:08,333 Epoch 27 	 Loss 0.28414613548870926
2021-05-01 02:37:55,485 Epoch 28 	 Loss 0.2827355249242468
2021-05-01 02:38:42,727 Epoch 29 	 Loss 0.27794133306859614
2021-05-01 02:39:29,791 Epoch 30 	 Loss 0.27103980835322494
2021-05-01 02:40:16,888 Epoch 31 	 Loss 0.27427349788147015
2021-05-01 02:41:04,011 Epoch 32 	 Loss 0.26485357474494764
2021-05-01 02:41:51,127 Epoch 33 	 Loss 0.25573036729634463
2021-05-01 02:42:38,288 Epoch 34 	 Loss 0.2668266723771672
2021-05-01 02:43:25,523 Epoch 35 	 Loss 0.2631638210553389
2021-05-01 02:44:12,610 Epoch 36 	 Loss 0.2570127859547898
2021-05-01 02:44:59,871 Epoch 37 	 Loss 0.2578575768313565
2021-05-01 02:45:47,091 Epoch 38 	 Loss 0.24999210091082605
2021-05-01 02:46:34,427 Epoch 39 	 Loss 0.25461417240100903
2021-05-01 02:47:21,738 Epoch 40 	 Loss 0.25170907378196716
2021-05-01 02:48:08,862 Epoch 41 	 Loss 0.24706725628821405
2021-05-01 02:48:56,213 Epoch 42 	 Loss 0.2412702120267428
2021-05-01 02:49:43,315 Epoch 43 	 Loss 0.24390988657762716
2021-05-01 02:50:30,528 Epoch 44 	 Loss 0.24335900243822034
2021-05-01 02:51:17,658 Epoch 45 	 Loss 0.2370291985980757
2021-05-01 02:52:04,837 Epoch 46 	 Loss 0.24135485635353968
2021-05-01 02:52:52,000 Epoch 47 	 Loss 0.2368096024780483
2021-05-01 02:53:39,167 Epoch 48 	 Loss 0.2337098133105498
2021-05-01 02:54:26,597 Epoch 49 	 Loss 0.22741118319086975
2021-05-01 02:55:13,876 Epoch 50 	 Loss 0.23569719788137372
2021-05-01 02:56:01,092 Epoch 51 	 Loss 0.23423096291966491
2021-05-01 02:56:48,593 Epoch 52 	 Loss 0.22928354406094814
2021-05-01 02:57:35,796 Epoch 53 	 Loss 0.22235035945425977
2021-05-01 02:58:23,028 Epoch 54 	 Loss 0.22578164345615512
2021-05-01 02:59:10,461 Epoch 55 	 Loss 0.22464571500217523
2021-05-01 02:59:57,875 Epoch 56 	 Loss 0.2205705408539091
2021-05-01 03:00:44,987 Epoch 57 	 Loss 0.22347681175221454
2021-05-01 03:01:32,143 Epoch 58 	 Loss 0.2179114186501765
2021-05-01 03:02:19,611 Epoch 59 	 Loss 0.2186510952619406
2021-05-01 03:03:07,088 Epoch 60 	 Loss 0.22077645164924664
2021-05-01 03:03:54,464 Epoch 61 	 Loss 0.21925307777556743
2021-05-01 03:04:41,747 Epoch 62 	 Loss 0.21778843920309465
2021-05-01 03:05:28,836 Epoch 63 	 Loss 0.21928882762625979
2021-05-01 03:06:15,962 Epoch 64 	 Loss 0.21526800734656198
2021-05-01 03:07:03,440 Epoch 65 	 Loss 0.21147321475731148
2021-05-01 03:07:50,873 Epoch 66 	 Loss 0.20799684933908694
2021-05-01 03:08:38,132 Epoch 67 	 Loss 0.20501634920691394
2021-05-01 03:09:25,273 Epoch 68 	 Loss 0.21128827038702075
2021-05-01 03:10:12,556 Epoch 69 	 Loss 0.2076053085562947
2021-05-01 03:11:00,032 Epoch 70 	 Loss 0.20701216914496579
2021-05-01 03:11:47,468 Epoch 71 	 Loss 0.20554113813808986
2021-05-01 03:12:34,705 Epoch 72 	 Loss 0.20415863591236072
2021-05-01 03:13:21,918 Epoch 73 	 Loss 0.20527562073298863
2021-05-01 03:14:09,108 Epoch 74 	 Loss 0.20312240867169348
2021-05-01 03:14:56,340 Epoch 75 	 Loss 0.20371915285403913
2021-05-01 03:15:43,619 Epoch 76 	 Loss 0.19976533179754738
2021-05-01 03:16:31,147 Epoch 77 	 Loss 0.20123176145684588
2021-05-01 03:17:18,265 Epoch 78 	 Loss 0.20266462305744926
2021-05-01 03:18:05,377 Epoch 79 	 Loss 0.20010551548266148
2021-05-01 03:18:52,595 Epoch 80 	 Loss 0.20196343385256255
2021-05-01 03:19:39,816 Epoch 81 	 Loss 0.20281239263303988
2021-05-01 03:20:27,260 Epoch 82 	 Loss 0.19880966629300797
2021-05-01 03:21:14,546 Epoch 83 	 Loss 0.19739362253592566
2021-05-01 03:22:01,575 Epoch 84 	 Loss 0.19978468398471455
2021-05-01 03:22:48,761 Epoch 85 	 Loss 0.2013011533807922
2021-05-01 03:23:35,892 Epoch 86 	 Loss 0.19782783140192975
2021-05-01 03:24:23,255 Epoch 87 	 Loss 0.19942817828812442
2021-05-01 03:25:10,772 Epoch 88 	 Loss 0.1952376568710411
2021-05-01 03:25:58,013 Epoch 89 	 Loss 0.1962185235141398
2021-05-01 03:26:45,150 Epoch 90 	 Loss 0.19938614751611436
2021-05-01 03:27:32,341 Epoch 91 	 Loss 0.1966247347357509
2021-05-01 03:28:19,790 Epoch 92 	 Loss 0.19865978828498296
2021-05-01 03:29:07,316 Epoch 93 	 Loss 0.1968206946666424
2021-05-01 03:29:54,905 Epoch 94 	 Loss 0.20152131590869402
2021-05-01 03:30:42,170 Epoch 95 	 Loss 0.194163896552809
2021-05-01 03:31:29,349 Epoch 96 	 Loss 0.19954104263048905
2021-05-01 03:32:16,745 Epoch 97 	 Loss 0.1948837909724686
2021-05-01 03:33:04,181 Epoch 98 	 Loss 0.19682765350891993
2021-05-01 03:33:51,399 Epoch 99 	 Loss 0.20250151723950774
2021-05-01 03:34:10,096 RESULT FOR DATASET CVC-300

2021-05-01 03:34:10,096 ==============================
2021-05-01 03:34:10,096 

2021-05-01 03:34:10,096 recall: 0.9537736495335897

2021-05-01 03:34:10,096 specificity: 0.992645921309789

2021-05-01 03:34:10,097 precision: 0.8284737929701805

2021-05-01 03:34:10,097 F1: 0.8655523858964443

2021-05-01 03:34:10,097 F2: 0.9034054130315781

2021-05-01 03:34:10,097 ACC_overall: 0.9912116716305415

2021-05-01 03:34:10,097 IoU_poly: 0.7936140264074008

2021-05-01 03:34:10,097 IoU_bg: 0.9909469425678253

2021-05-01 03:34:10,097 IoU_mean: 0.8922804842392603

2021-05-01 03:34:10,097 ==============================
2021-05-01 03:34:10,097 

2021-05-01 03:34:25,942 RESULT FOR DATASET CVC-ClinicDB

2021-05-01 03:34:25,942 ==============================
2021-05-01 03:34:25,942 

2021-05-01 03:34:25,942 recall: 0.936205465947428

2021-05-01 03:34:25,942 specificity: 0.9925098996008596

2021-05-01 03:34:25,942 precision: 0.9093349461233423

2021-05-01 03:34:25,942 F1: 0.9062427234865965

2021-05-01 03:34:25,942 F2: 0.9114220844161126

2021-05-01 03:34:25,942 ACC_overall: 0.9880254412851026

2021-05-01 03:34:25,943 IoU_poly: 0.8558508648627228

2021-05-01 03:34:25,943 IoU_bg: 0.9860609414116028

2021-05-01 03:34:25,943 IoU_mean: 0.9209559016650722

2021-05-01 03:34:25,943 ==============================
2021-05-01 03:34:25,943 

2021-05-01 03:34:56,380 RESULT FOR DATASET Kvasir

2021-05-01 03:34:56,380 ==============================
2021-05-01 03:34:56,381 

2021-05-01 03:34:56,381 recall: 0.9099986384339718

2021-05-01 03:34:56,381 specificity: 0.986742668747902

2021-05-01 03:34:56,381 precision: 0.9266028007840578

2021-05-01 03:34:56,381 F1: 0.9097914915137153

2021-05-01 03:34:56,381 F2: 0.9079135796158152

2021-05-01 03:34:56,381 ACC_overall: 0.9747173476219178

2021-05-01 03:34:56,381 IoU_poly: 0.857080016233358

2021-05-01 03:34:56,381 IoU_bg: 0.9664696729183198

2021-05-01 03:34:56,381 IoU_mean: 0.9117748478055

2021-05-01 03:34:56,381 ==============================
2021-05-01 03:34:56,381 

2021-05-01 03:36:56,900 RESULT FOR DATASET CVC-ColonDB

2021-05-01 03:36:56,900 ==============================
2021-05-01 03:36:56,900 

2021-05-01 03:36:56,900 recall: 0.7984249672551413

2021-05-01 03:36:56,900 specificity: 0.9881837153121045

2021-05-01 03:36:56,900 precision: 0.7899846058336296

2021-05-01 03:36:56,900 F1: 0.7479238407195704

2021-05-01 03:36:56,900 F2: 0.7645093238613754

2021-05-01 03:36:56,900 ACC_overall: 0.9637316123435372

2021-05-01 03:36:56,900 IoU_poly: 0.6691231075388068

2021-05-01 03:36:56,900 IoU_bg: 0.9605222589875523

2021-05-01 03:36:56,900 IoU_mean: 0.8148226857185363

2021-05-01 03:36:56,901 ==============================
2021-05-01 03:36:56,901 

2021-05-01 03:38:18,658 RESULT FOR DATASET ETIS-LaribPolypDB

2021-05-01 03:38:18,658 ==============================
2021-05-01 03:38:18,658 

2021-05-01 03:38:18,658 recall: 0.8342582088123668

2021-05-01 03:38:18,658 specificity: 0.9821341375307161

2021-05-01 03:38:18,658 precision: 0.6860704804819353

2021-05-01 03:38:18,658 F1: 0.7117331972392131

2021-05-01 03:38:18,658 F2: 0.7647642715814054

2021-05-01 03:38:18,659 ACC_overall: 0.98012959683428

2021-05-01 03:38:18,659 IoU_poly: 0.6269979275442155

2021-05-01 03:38:18,659 IoU_bg: 0.9792052397922594

2021-05-01 03:38:18,659 IoU_mean: 0.8031015837070893

2021-05-01 03:38:18,659 ==============================
2021-05-01 03:38:18,659 

