2021-05-12 20:44:30,901 Epoch 0 	 Loss 1.1629448238309923
2021-05-12 20:44:54,973 Epoch 1 	 Loss 0.8553296550289615
2021-05-12 20:45:19,095 Epoch 2 	 Loss 0.6978768156124995
2021-05-12 20:45:43,213 Epoch 3 	 Loss 0.6015199642259996
2021-05-12 20:46:07,373 Epoch 4 	 Loss 0.5318183060530778
2021-05-12 20:46:31,669 Epoch 5 	 Loss 0.49915537303620644
2021-05-12 20:46:55,936 Epoch 6 	 Loss 0.4513442535976787
2021-05-12 20:47:20,190 Epoch 7 	 Loss 0.44553765327065853
2021-05-12 20:47:44,409 Epoch 8 	 Loss 0.422765008695833
2021-05-12 20:48:08,849 Epoch 9 	 Loss 0.398616163285224
2021-05-12 20:48:34,058 Epoch 10 	 Loss 0.38735342746252543
2021-05-12 20:48:58,690 Epoch 11 	 Loss 0.37089719074768024
2021-05-12 20:49:23,469 Epoch 12 	 Loss 0.3648422699380707
2021-05-12 20:49:48,254 Epoch 13 	 Loss 0.36518235750250766
2021-05-12 20:50:12,507 Epoch 14 	 Loss 0.33161038078449584
2021-05-12 20:50:37,132 Epoch 15 	 Loss 0.34348180218712315
2021-05-12 20:51:01,702 Epoch 16 	 Loss 0.327118884403627
2021-05-12 20:51:26,418 Epoch 17 	 Loss 0.32096607639239383
2021-05-12 20:51:51,125 Epoch 18 	 Loss 0.3219093149834937
2021-05-12 20:52:15,512 Epoch 19 	 Loss 0.3099533825457751
2021-05-12 20:52:40,043 Epoch 20 	 Loss 0.31205179763364266
2021-05-12 20:53:04,727 Epoch 21 	 Loss 0.3035420773776023
2021-05-12 20:53:29,199 Epoch 22 	 Loss 0.30318624992947
2021-05-12 20:53:53,798 Epoch 23 	 Loss 0.29775207432416767
2021-05-12 20:54:18,105 Epoch 24 	 Loss 0.2902469821683653
2021-05-12 20:54:42,466 Epoch 25 	 Loss 0.2882136740199812
2021-05-12 20:55:06,818 Epoch 26 	 Loss 0.28457429923199035
2021-05-12 20:55:31,130 Epoch 27 	 Loss 0.28544294703137746
2021-05-12 20:55:55,567 Epoch 28 	 Loss 0.27748668439440677
2021-05-12 20:56:19,910 Epoch 29 	 Loss 0.28365727685965025
2021-05-12 20:56:44,214 Epoch 30 	 Loss 0.27476997722636215
2021-05-12 20:57:08,487 Epoch 31 	 Loss 0.26430565675536355
2021-05-12 20:57:32,771 Epoch 32 	 Loss 0.26557143327299054
2021-05-12 20:57:57,122 Epoch 33 	 Loss 0.2728885975512829
2021-05-12 20:58:21,680 Epoch 34 	 Loss 0.2601640704241428
2021-05-12 20:58:46,170 Epoch 35 	 Loss 0.2565784757281398
2021-05-12 20:59:10,344 Epoch 36 	 Loss 0.2574150337950214
2021-05-12 20:59:34,578 Epoch 37 	 Loss 0.24963985465385102
2021-05-12 20:59:58,804 Epoch 38 	 Loss 0.25368480400724724
2021-05-12 21:00:23,104 Epoch 39 	 Loss 0.24862619759617272
2021-05-12 21:00:47,344 Epoch 40 	 Loss 0.24766679664889535
2021-05-12 21:01:11,593 Epoch 41 	 Loss 0.248911134325541
2021-05-12 21:01:35,774 Epoch 42 	 Loss 0.24843802082014607
2021-05-12 21:01:59,931 Epoch 43 	 Loss 0.23965430472578322
2021-05-12 21:02:24,050 Epoch 44 	 Loss 0.24311463420207685
2021-05-12 21:02:48,215 Epoch 45 	 Loss 0.24322719053252712
2021-05-12 21:03:12,435 Epoch 46 	 Loss 0.24864650411265238
2021-05-12 21:03:36,692 Epoch 47 	 Loss 0.23802590190054296
2021-05-12 21:04:00,904 Epoch 48 	 Loss 0.24246055952140264
2021-05-12 21:04:25,184 Epoch 49 	 Loss 0.23843767387526377
2021-05-12 21:04:49,510 Epoch 50 	 Loss 0.23706632819804516
2021-05-12 21:05:13,794 Epoch 51 	 Loss 0.23751088747611412
2021-05-12 21:05:37,957 Epoch 52 	 Loss 0.23137807272947752
2021-05-12 21:06:02,127 Epoch 53 	 Loss 0.23309907775658828
2021-05-12 21:06:26,406 Epoch 54 	 Loss 0.22685827036480327
2021-05-12 21:06:50,670 Epoch 55 	 Loss 0.22988969431473658
2021-05-12 21:07:14,982 Epoch 56 	 Loss 0.22453768977097102
2021-05-12 21:07:39,226 Epoch 57 	 Loss 0.22680279203168638
2021-05-12 21:08:03,326 Epoch 58 	 Loss 0.223594959129344
2021-05-12 21:08:27,440 Epoch 59 	 Loss 0.22057308567749276
2021-05-12 21:08:51,647 Epoch 60 	 Loss 0.2199536756827281
2021-05-12 21:09:15,834 Epoch 61 	 Loss 0.22062005610256405
2021-05-12 21:09:39,935 Epoch 62 	 Loss 0.21597662584467248
2021-05-12 21:10:04,103 Epoch 63 	 Loss 0.21861254972415967
2021-05-12 21:10:28,205 Epoch 64 	 Loss 0.2194020402627987
2021-05-12 21:10:52,430 Epoch 65 	 Loss 0.2216888359942279
2021-05-12 21:11:16,601 Epoch 66 	 Loss 0.2076623294052187
2021-05-12 21:11:40,865 Epoch 67 	 Loss 0.2124625128376615
2021-05-12 21:12:05,153 Epoch 68 	 Loss 0.21110290403549486
2021-05-12 21:12:29,313 Epoch 69 	 Loss 0.21157095491231143
2021-05-12 21:12:53,434 Epoch 70 	 Loss 0.21167408421144382
2021-05-12 21:13:17,504 Epoch 71 	 Loss 0.20890608577282874
2021-05-12 21:13:41,664 Epoch 72 	 Loss 0.20506485854531384
2021-05-12 21:14:05,938 Epoch 73 	 Loss 0.20679886901116634
2021-05-12 21:14:30,176 Epoch 74 	 Loss 0.21088166518525764
2021-05-12 21:14:54,406 Epoch 75 	 Loss 0.20829777648815742
2021-05-12 21:15:18,531 Epoch 76 	 Loss 0.20344763437470237
2021-05-12 21:15:42,669 Epoch 77 	 Loss 0.20696546874203525
2021-05-12 21:16:06,957 Epoch 78 	 Loss 0.20303386548063257
2021-05-12 21:16:31,075 Epoch 79 	 Loss 0.2026455575948233
2021-05-12 21:16:55,287 Epoch 80 	 Loss 0.20211053189340528
2021-05-12 21:17:19,447 Epoch 81 	 Loss 0.2019258288891761
2021-05-12 21:17:43,618 Epoch 82 	 Loss 0.20505522650021774
2021-05-12 21:18:07,798 Epoch 83 	 Loss 0.20446151216606517
2021-05-12 21:18:31,974 Epoch 84 	 Loss 0.20506151151526106
2021-05-12 21:18:56,138 Epoch 85 	 Loss 0.20367441645690373
2021-05-12 21:19:20,386 Epoch 86 	 Loss 0.20523888134694362
2021-05-12 21:19:44,535 Epoch 87 	 Loss 0.2015128833251995
2021-05-12 21:20:08,802 Epoch 88 	 Loss 0.20256623724004724
2021-05-12 21:20:32,991 Epoch 89 	 Loss 0.2005173426408034
2021-05-12 21:20:57,170 Epoch 90 	 Loss 0.19872822506087168
2021-05-12 21:21:21,412 Epoch 91 	 Loss 0.20068000600888178
2021-05-12 21:21:45,645 Epoch 92 	 Loss 0.19980931151044237
2021-05-12 21:22:09,789 Epoch 93 	 Loss 0.20345888016643104
2021-05-12 21:22:33,945 Epoch 94 	 Loss 0.20346025696822576
2021-05-12 21:22:58,042 Epoch 95 	 Loss 0.19817059937414233
2021-05-12 21:23:22,253 Epoch 96 	 Loss 0.1963544460115852
2021-05-12 21:23:46,386 Epoch 97 	 Loss 0.2002283275782407
2021-05-12 21:24:10,578 Epoch 98 	 Loss 0.19907255519877423
2021-05-12 21:24:34,739 Epoch 99 	 Loss 0.20112548359147794
2021-05-12 21:24:56,032 RESULT FOR DATASET CVC-300

2021-05-12 21:24:56,032 ==============================
2021-05-12 21:24:56,032 

2021-05-12 21:24:56,032 recall: 0.9430937339862188

2021-05-12 21:24:56,032 specificity: 0.9927406132221221

2021-05-12 21:24:56,032 precision: 0.8345934430758158

2021-05-12 21:24:56,032 F1: 0.8640216171741486

2021-05-12 21:24:56,032 F2: 0.8944931810100873

2021-05-12 21:24:56,032 ACC_overall: 0.9908340901136399

2021-05-12 21:24:56,032 IoU_poly: 0.790640339627862

2021-05-12 21:24:56,032 IoU_bg: 0.9905648360649745

2021-05-12 21:24:56,032 IoU_mean: 0.890602586666743

2021-05-12 21:24:56,033 ==============================
2021-05-12 21:24:56,033 

2021-05-12 21:25:11,285 RESULT FOR DATASET CVC-ClinicDB

2021-05-12 21:25:11,285 ==============================
2021-05-12 21:25:11,285 

2021-05-12 21:25:11,285 recall: 0.9230519070237454

2021-05-12 21:25:11,285 specificity: 0.9931400312531379

2021-05-12 21:25:11,285 precision: 0.9045526692343335

2021-05-12 21:25:11,285 F1: 0.8988666176934906

2021-05-12 21:25:11,285 F2: 0.9090461765224445

2021-05-12 21:25:11,285 ACC_overall: 0.9894859117846335

2021-05-12 21:25:11,285 IoU_poly: 0.8488691169956338

2021-05-12 21:25:11,285 IoU_bg: 0.987432450056076

2021-05-12 21:25:11,285 IoU_mean: 0.9181507854692398

2021-05-12 21:25:11,286 ==============================
2021-05-12 21:25:11,286 

2021-05-12 21:25:41,139 RESULT FOR DATASET Kvasir

2021-05-12 21:25:41,140 ==============================
2021-05-12 21:25:41,140 

2021-05-12 21:25:41,140 recall: 0.9044207132048905

2021-05-12 21:25:41,140 specificity: 0.9866616994142532

2021-05-12 21:25:41,140 precision: 0.9243991553597152

2021-05-12 21:25:41,140 F1: 0.9046334903128446

2021-05-12 21:25:41,140 F2: 0.9020280643366277

2021-05-12 21:25:41,140 ACC_overall: 0.9711384332180023

2021-05-12 21:25:41,140 IoU_poly: 0.8494214940723032

2021-05-12 21:25:41,140 IoU_bg: 0.9626127278804779

2021-05-12 21:25:41,140 IoU_mean: 0.9060171142220497

2021-05-12 21:25:41,140 ==============================
2021-05-12 21:25:41,140 

2021-05-12 21:27:35,254 RESULT FOR DATASET CVC-ColonDB

2021-05-12 21:27:35,254 ==============================
2021-05-12 21:27:35,254 

2021-05-12 21:27:35,254 recall: 0.7800324287546956

2021-05-12 21:27:35,254 specificity: 0.9903968960046768

2021-05-12 21:27:35,254 precision: 0.8222941701296038

2021-05-12 21:27:35,254 F1: 0.7498632337426994

2021-05-12 21:27:35,255 F2: 0.7563582152925225

2021-05-12 21:27:35,255 ACC_overall: 0.9600009847628442

2021-05-12 21:27:35,255 IoU_poly: 0.6678130310467503

2021-05-12 21:27:35,255 IoU_bg: 0.9572620976128077

2021-05-12 21:27:35,255 IoU_mean: 0.8125375631608461

2021-05-12 21:27:35,255 ==============================
2021-05-12 21:27:35,255 

2021-05-12 21:28:56,196 RESULT FOR DATASET ETIS-LaribPolypDB

2021-05-12 21:28:56,196 ==============================
2021-05-12 21:28:56,196 

2021-05-12 21:28:56,196 recall: 0.8177455745948352

2021-05-12 21:28:56,196 specificity: 0.9809556259792678

2021-05-12 21:28:56,196 precision: 0.6732680372101061

2021-05-12 21:28:56,196 F1: 0.7066848951415996

2021-05-12 21:28:56,196 F2: 0.75560834892488

2021-05-12 21:28:56,196 ACC_overall: 0.9784500614112738

2021-05-12 21:28:56,197 IoU_poly: 0.6164830078424919

2021-05-12 21:28:56,197 IoU_bg: 0.9773279644396841

2021-05-12 21:28:56,197 IoU_mean: 0.79690548306217

2021-05-12 21:28:56,197 ==============================
2021-05-12 21:28:56,197 

