2021-05-19 09:33:06,646 RESULT FOR DATASET CVC-300

2021-05-19 09:33:06,646 ==============================
2021-05-19 09:33:06,646 

2021-05-19 09:33:06,646 recall: 0.9301775759706895

2021-05-19 09:33:06,646 specificity: 0.9931402365366618

2021-05-19 09:33:06,646 precision: 0.8362648638586203

2021-05-19 09:33:06,646 F1: 0.8651817847043276

2021-05-19 09:33:06,646 F2: 0.8965849628051122

2021-05-19 09:33:06,646 ACC_overall: 0.9908527861038844

2021-05-19 09:33:06,646 IoU_poly: 0.796959541613857

2021-05-19 09:33:06,646 IoU_bg: 0.9905962467193603

2021-05-19 09:33:06,646 IoU_mean: 0.8937778919935226

2021-05-19 09:33:06,646 ==============================
2021-05-19 09:33:06,646 

2021-05-19 09:33:22,050 RESULT FOR DATASET CVC-ClinicDB

2021-05-19 09:33:22,050 ==============================
2021-05-19 09:33:22,050 

2021-05-19 09:33:22,050 recall: 0.9404548878608752

2021-05-19 09:33:22,050 specificity: 0.9932354419462143

2021-05-19 09:33:22,050 precision: 0.8944283559065943

2021-05-19 09:33:22,050 F1: 0.9050004061878538

2021-05-19 09:33:22,050 F2: 0.9159987146943628

2021-05-19 09:33:22,051 ACC_overall: 0.9899947614439072

2021-05-19 09:33:22,051 IoU_poly: 0.8604405769353523

2021-05-19 09:33:22,051 IoU_bg: 0.9882669496920801

2021-05-19 09:33:22,051 IoU_mean: 0.9243537610576998

2021-05-19 09:33:22,051 ==============================
2021-05-19 09:33:22,051 

2021-05-19 09:33:51,558 RESULT FOR DATASET Kvasir

2021-05-19 09:33:51,558 ==============================
2021-05-19 09:33:51,558 

2021-05-19 09:33:51,558 recall: 0.9073360319435596

2021-05-19 09:33:51,558 specificity: 0.9903830242156982

2021-05-19 09:33:51,558 precision: 0.9368253549933434

2021-05-19 09:33:51,558 F1: 0.9098749557137489

2021-05-19 09:33:51,558 F2: 0.9057362355291844

2021-05-19 09:33:51,559 ACC_overall: 0.9737245827913285

2021-05-19 09:33:51,559 IoU_poly: 0.8575300051271916

2021-05-19 09:33:51,559 IoU_bg: 0.9664639440178872

2021-05-19 09:33:51,559 IoU_mean: 0.9119969755411148

2021-05-19 09:33:51,559 ==============================
2021-05-19 09:33:51,559 

2021-05-19 09:35:43,426 RESULT FOR DATASET CVC-ColonDB

2021-05-19 09:35:43,426 ==============================
2021-05-19 09:35:43,426 

2021-05-19 09:35:43,426 recall: 0.804666598253717

2021-05-19 09:35:43,427 specificity: 0.9889508448149028

2021-05-19 09:35:43,427 precision: 0.8178126343026586

2021-05-19 09:35:43,427 F1: 0.7681441335976974

2021-05-19 09:35:43,427 F2: 0.7799086290827817

2021-05-19 09:35:43,427 ACC_overall: 0.965278519297901

2021-05-19 09:35:43,427 IoU_poly: 0.6884567190076124

2021-05-19 09:35:43,427 IoU_bg: 0.9616517920243113

2021-05-19 09:35:43,427 IoU_mean: 0.8250542550494796

2021-05-19 09:35:43,427 ==============================
2021-05-19 09:35:43,427 

2021-05-19 09:37:04,458 RESULT FOR DATASET ETIS-LaribPolypDB

2021-05-19 09:37:04,458 ==============================
2021-05-19 09:37:04,458 

2021-05-19 09:37:04,458 recall: 0.8242806713190995

2021-05-19 09:37:04,458 specificity: 0.9887444568531853

2021-05-19 09:37:04,458 precision: 0.7569296647379722

2021-05-19 09:37:04,458 F1: 0.7421318939729961

2021-05-19 09:37:04,458 F2: 0.7814929503908611

2021-05-19 09:37:04,458 ACC_overall: 0.9858987501689366

2021-05-19 09:37:04,458 IoU_poly: 0.6625836382149085

2021-05-19 09:37:04,458 IoU_bg: 0.9850878013031823

2021-05-19 09:37:04,458 IoU_mean: 0.8238357193007761

2021-05-19 09:37:04,458 ==============================
2021-05-19 09:37:04,458 

