2021-05-19 09:37:33,654 RESULT FOR DATASET CVC-300

2021-05-19 09:37:33,654 ==============================
2021-05-19 09:37:33,655 

2021-05-19 09:37:33,655 recall: 0.9430111158978737

2021-05-19 09:37:33,655 specificity: 0.9906044284502665

2021-05-19 09:37:33,655 precision: 0.807417405792512

2021-05-19 09:37:33,655 F1: 0.8462234206798409

2021-05-19 09:37:33,655 F2: 0.8850215672932488

2021-05-19 09:37:33,655 ACC_overall: 0.9887009878953298

2021-05-19 09:37:33,655 IoU_poly: 0.7790329725209933

2021-05-19 09:37:33,655 IoU_bg: 0.9883785506089529

2021-05-19 09:37:33,655 IoU_mean: 0.883705756564935

2021-05-19 09:37:33,655 ==============================
2021-05-19 09:37:33,655 

2021-05-19 09:37:49,030 RESULT FOR DATASET CVC-ClinicDB

2021-05-19 09:37:49,030 ==============================
2021-05-19 09:37:49,030 

2021-05-19 09:37:49,030 recall: 0.9387653210470753

2021-05-19 09:37:49,030 specificity: 0.9942418134981587

2021-05-19 09:37:49,030 precision: 0.913790014181887

2021-05-19 09:37:49,030 F1: 0.9160155054301985

2021-05-19 09:37:49,030 F2: 0.9224894066010753

2021-05-19 09:37:49,030 ACC_overall: 0.9905965030193329

2021-05-19 09:37:49,030 IoU_poly: 0.8671513148433259

2021-05-19 09:37:49,030 IoU_bg: 0.9888944270149354

2021-05-19 09:37:49,030 IoU_mean: 0.9280228667682217

2021-05-19 09:37:49,030 ==============================
2021-05-19 09:37:49,030 

2021-05-19 09:38:18,427 RESULT FOR DATASET Kvasir

2021-05-19 09:38:18,427 ==============================
2021-05-19 09:38:18,427 

2021-05-19 09:38:18,427 recall: 0.9186272796988487

2021-05-19 09:38:18,427 specificity: 0.9901485008001327

2021-05-19 09:38:18,427 precision: 0.9464933034777642

2021-05-19 09:38:18,428 F1: 0.9237637963891029

2021-05-19 09:38:18,428 F2: 0.9188826429843903

2021-05-19 09:38:18,428 ACC_overall: 0.9774255537986756

2021-05-19 09:38:18,428 IoU_poly: 0.8744231274724007

2021-05-19 09:38:18,428 IoU_bg: 0.9703612464666367

2021-05-19 09:38:18,428 IoU_mean: 0.9223921850323678

2021-05-19 09:38:18,428 ==============================
2021-05-19 09:38:18,428 

2021-05-19 09:40:10,600 RESULT FOR DATASET CVC-ColonDB

2021-05-19 09:40:10,600 ==============================
2021-05-19 09:40:10,600 

2021-05-19 09:40:10,601 recall: 0.7974701666521301

2021-05-19 09:40:10,601 specificity: 0.9873018529854323

2021-05-19 09:40:10,601 precision: 0.8221859215113431

2021-05-19 09:40:10,601 F1: 0.7677154201469947

2021-05-19 09:40:10,601 F2: 0.7723011230728605

2021-05-19 09:40:10,601 ACC_overall: 0.9629494132179963

2021-05-19 09:40:10,601 IoU_poly: 0.6875179428984906

2021-05-19 09:40:10,601 IoU_bg: 0.9595075155559339

2021-05-19 09:40:10,601 IoU_mean: 0.8235127273358797

2021-05-19 09:40:10,601 ==============================
2021-05-19 09:40:10,601 

2021-05-19 09:41:31,598 RESULT FOR DATASET ETIS-LaribPolypDB

2021-05-19 09:41:31,598 ==============================
2021-05-19 09:41:31,598 

2021-05-19 09:41:31,598 recall: 0.8346029894803776

2021-05-19 09:41:31,598 specificity: 0.9868965906148054

2021-05-19 09:41:31,598 precision: 0.7259661228800557

2021-05-19 09:41:31,598 F1: 0.7307780475765848

2021-05-19 09:41:31,598 F2: 0.7766757879641532

2021-05-19 09:41:31,599 ACC_overall: 0.9842090883425304

2021-05-19 09:41:31,599 IoU_poly: 0.6507185223352197

2021-05-19 09:41:31,599 IoU_bg: 0.9834539692620842

2021-05-19 09:41:31,599 IoU_mean: 0.8170862471570774

2021-05-19 09:41:31,599 ==============================
2021-05-19 09:41:31,599 

