2021-05-19 09:42:05,354 RESULT FOR DATASET CVC-300

2021-05-19 09:42:05,354 ==============================
2021-05-19 09:42:05,354 

2021-05-19 09:42:05,354 recall: 0.9412341843048732

2021-05-19 09:42:05,354 specificity: 0.9939280440409978

2021-05-19 09:42:05,354 precision: 0.8431845087558031

2021-05-19 09:42:05,355 F1: 0.8689352783064047

2021-05-19 09:42:05,355 F2: 0.8994463697075844

2021-05-19 09:42:05,355 ACC_overall: 0.9920162002245585

2021-05-19 09:42:05,355 IoU_poly: 0.8004965741187334

2021-05-19 09:42:05,355 IoU_bg: 0.9917851179838181

2021-05-19 09:42:05,355 IoU_mean: 0.896140843629837

2021-05-19 09:42:05,355 ==============================
2021-05-19 09:42:05,355 

2021-05-19 09:42:20,690 RESULT FOR DATASET CVC-ClinicDB

2021-05-19 09:42:20,690 ==============================
2021-05-19 09:42:20,690 

2021-05-19 09:42:20,690 recall: 0.9561659491831257

2021-05-19 09:42:20,690 specificity: 0.993898134077749

2021-05-19 09:42:20,690 precision: 0.9115577324503853

2021-05-19 09:42:20,690 F1: 0.9213321740108151

2021-05-19 09:42:20,690 F2: 0.9321576419376558

2021-05-19 09:42:20,690 ACC_overall: 0.9915491486749342

2021-05-19 09:42:20,690 IoU_poly: 0.8756769921991133

2021-05-19 09:42:20,690 IoU_bg: 0.9900342687483756

2021-05-19 09:42:20,690 IoU_mean: 0.932855628190502

2021-05-19 09:42:20,690 ==============================
2021-05-19 09:42:20,691 

2021-05-19 09:42:50,153 RESULT FOR DATASET Kvasir

2021-05-19 09:42:50,153 ==============================
2021-05-19 09:42:50,153 

2021-05-19 09:42:50,153 recall: 0.9112828269600868

2021-05-19 09:42:50,153 specificity: 0.9875772148370743

2021-05-19 09:42:50,153 precision: 0.9336371630430221

2021-05-19 09:42:50,153 F1: 0.909210420101881

2021-05-19 09:42:50,153 F2: 0.9058868671953678

2021-05-19 09:42:50,153 ACC_overall: 0.9721663039922714

2021-05-19 09:42:50,153 IoU_poly: 0.8578754661604762

2021-05-19 09:42:50,154 IoU_bg: 0.9646736577153205

2021-05-19 09:42:50,154 IoU_mean: 0.9112745615839958

2021-05-19 09:42:50,154 ==============================
2021-05-19 09:42:50,154 

2021-05-19 09:44:42,067 RESULT FOR DATASET CVC-ColonDB

2021-05-19 09:44:42,067 ==============================
2021-05-19 09:44:42,067 

2021-05-19 09:44:42,067 recall: 0.7959857565663337

2021-05-19 09:44:42,067 specificity: 0.9866980935397901

2021-05-19 09:44:42,067 precision: 0.8180705455119287

2021-05-19 09:44:42,067 F1: 0.7543799257571089

2021-05-19 09:44:42,067 F2: 0.7653501189620712

2021-05-19 09:44:42,067 ACC_overall: 0.961736776797395

2021-05-19 09:44:42,067 IoU_poly: 0.6787635555936887

2021-05-19 09:44:42,067 IoU_bg: 0.9586512167202799

2021-05-19 09:44:42,067 IoU_mean: 0.8187073869140524

2021-05-19 09:44:42,067 ==============================
2021-05-19 09:44:42,067 

2021-05-19 09:46:03,028 RESULT FOR DATASET ETIS-LaribPolypDB

2021-05-19 09:46:03,028 ==============================
2021-05-19 09:46:03,028 

2021-05-19 09:46:03,028 recall: 0.8551335237682034

2021-05-19 09:46:03,029 specificity: 0.9837265802281243

2021-05-19 09:46:03,029 precision: 0.7266378458794173

2021-05-19 09:46:03,029 F1: 0.7485466317730869

2021-05-19 09:46:03,029 F2: 0.797099710007856

2021-05-19 09:46:03,029 ACC_overall: 0.9817384080011018

2021-05-19 09:46:03,029 IoU_poly: 0.6678454097687635

2021-05-19 09:46:03,029 IoU_bg: 0.9809541288687258

2021-05-19 09:46:03,029 IoU_mean: 0.8243997677856562

2021-05-19 09:46:03,029 ==============================
2021-05-19 09:46:03,029 

