2021-05-13 04:08:44,981 Epoch 0 	 Loss 1.0473389979247207
2021-05-13 04:10:08,730 Epoch 1 	 Loss 0.7441795284931476
2021-05-13 04:11:32,540 Epoch 2 	 Loss 0.6112454622001439
2021-05-13 04:12:56,477 Epoch 3 	 Loss 0.5394882048879351
2021-05-13 04:14:20,385 Epoch 4 	 Loss 0.4765939332626678
2021-05-13 04:15:44,236 Epoch 5 	 Loss 0.4467278912172213
2021-05-13 04:17:08,111 Epoch 6 	 Loss 0.41340118974119755
2021-05-13 04:18:31,984 Epoch 7 	 Loss 0.38333949675926793
2021-05-13 04:19:55,699 Epoch 8 	 Loss 0.3654367234353181
2021-05-13 04:21:19,566 Epoch 9 	 Loss 0.35834014874238235
2021-05-13 04:22:43,462 Epoch 10 	 Loss 0.32802210600821524
2021-05-13 04:24:07,200 Epoch 11 	 Loss 0.3318558702102074
2021-05-13 04:25:31,245 Epoch 12 	 Loss 0.3205953666142055
2021-05-13 04:26:55,143 Epoch 13 	 Loss 0.32413258247978083
2021-05-13 04:28:19,033 Epoch 14 	 Loss 0.30953580141067505
2021-05-13 04:29:42,913 Epoch 15 	 Loss 0.29561554288471137
2021-05-13 04:31:06,785 Epoch 16 	 Loss 0.3030133013214384
2021-05-13 04:32:30,714 Epoch 17 	 Loss 0.3038178096105764
2021-05-13 04:33:54,471 Epoch 18 	 Loss 0.2786519784521271
2021-05-13 04:35:18,256 Epoch 19 	 Loss 0.2800661271417534
2021-05-13 04:36:42,131 Epoch 20 	 Loss 0.2651317232585215
2021-05-13 04:38:05,990 Epoch 21 	 Loss 0.26700843903389604
2021-05-13 04:39:29,934 Epoch 22 	 Loss 0.27765383235700836
2021-05-13 04:40:53,836 Epoch 23 	 Loss 0.25879752783329935
2021-05-13 04:42:17,683 Epoch 24 	 Loss 0.2661343211983586
2021-05-13 04:43:41,593 Epoch 25 	 Loss 0.24794441084940355
2021-05-13 04:45:05,457 Epoch 26 	 Loss 0.25397276681858105
2021-05-13 04:46:29,341 Epoch 27 	 Loss 0.24637571501207875
2021-05-13 04:47:53,142 Epoch 28 	 Loss 0.23214446302953656
2021-05-13 04:49:16,956 Epoch 29 	 Loss 0.23565371334552765
2021-05-13 04:50:40,825 Epoch 30 	 Loss 0.24447138967749837
2021-05-13 04:52:04,576 Epoch 31 	 Loss 0.23063279819357527
2021-05-13 04:53:28,406 Epoch 32 	 Loss 0.23233410241184654
2021-05-13 04:54:52,090 Epoch 33 	 Loss 0.23195405500930744
2021-05-13 04:56:16,046 Epoch 34 	 Loss 0.22557294139495263
2021-05-13 04:57:39,830 Epoch 35 	 Loss 0.22899745437470112
2021-05-13 04:59:03,665 Epoch 36 	 Loss 0.2324453096140872
2021-05-13 05:00:27,531 Epoch 37 	 Loss 0.22864228634388892
2021-05-13 05:01:51,401 Epoch 38 	 Loss 0.21828888684183687
2021-05-13 05:03:15,128 Epoch 39 	 Loss 0.21410844908965812
2021-05-13 05:04:39,033 Epoch 40 	 Loss 0.21239354797117002
2021-05-13 05:06:02,913 Epoch 41 	 Loss 0.21414595809611645
2021-05-13 05:07:26,739 Epoch 42 	 Loss 0.2116302721775495
2021-05-13 05:08:50,659 Epoch 43 	 Loss 0.2104981107698692
2021-05-13 05:10:14,564 Epoch 44 	 Loss 0.21364588298640408
2021-05-13 05:11:38,369 Epoch 45 	 Loss 0.2087069428884066
2021-05-13 05:13:02,314 Epoch 46 	 Loss 0.20966923842718313
2021-05-13 05:14:26,227 Epoch 47 	 Loss 0.2011384734740624
2021-05-13 05:15:50,065 Epoch 48 	 Loss 0.1970953589284813
2021-05-13 05:17:13,997 Epoch 49 	 Loss 0.19731586958680833
2021-05-13 05:18:37,793 Epoch 50 	 Loss 0.2009079880439318
2021-05-13 05:20:01,794 Epoch 51 	 Loss 0.19316564876954634
2021-05-13 05:21:25,578 Epoch 52 	 Loss 0.19565346296671982
2021-05-13 05:22:49,386 Epoch 53 	 Loss 0.19745249751504962
2021-05-13 05:24:13,164 Epoch 54 	 Loss 0.19286781369329808
2021-05-13 05:25:36,898 Epoch 55 	 Loss 0.19379783282568167
2021-05-13 05:27:00,813 Epoch 56 	 Loss 0.18773352575826122
2021-05-13 05:28:24,699 Epoch 57 	 Loss 0.18691426777577663
2021-05-13 05:29:48,597 Epoch 58 	 Loss 0.18533284552804716
2021-05-13 05:31:12,389 Epoch 59 	 Loss 0.1816109422143999
2021-05-13 05:32:36,173 Epoch 60 	 Loss 0.1842829724262049
2021-05-13 05:34:00,062 Epoch 61 	 Loss 0.18193771239820417
2021-05-13 05:35:23,849 Epoch 62 	 Loss 0.18093179280941302
2021-05-13 05:36:47,757 Epoch 63 	 Loss 0.17874032029738793
2021-05-13 05:38:11,731 Epoch 64 	 Loss 0.1794060188662875
2021-05-13 05:39:35,612 Epoch 65 	 Loss 0.17521068715787197
2021-05-13 05:40:59,407 Epoch 66 	 Loss 0.1751174815408476
2021-05-13 05:42:23,303 Epoch 67 	 Loss 0.17249498049636464
2021-05-13 05:43:47,081 Epoch 68 	 Loss 0.17735545189826044
2021-05-13 05:45:10,854 Epoch 69 	 Loss 0.1748058985877823
2021-05-13 05:46:34,722 Epoch 70 	 Loss 0.17090705118991517
2021-05-13 05:47:58,459 Epoch 71 	 Loss 0.1703916589964877
2021-05-13 05:49:22,366 Epoch 72 	 Loss 0.16934465625128903
2021-05-13 05:50:46,165 Epoch 73 	 Loss 0.17173733390294588
2021-05-13 05:52:10,076 Epoch 74 	 Loss 0.1711616024866209
2021-05-13 05:53:33,876 Epoch 75 	 Loss 0.17000632937792892
2021-05-13 05:54:57,813 Epoch 76 	 Loss 0.16797592695597763
2021-05-13 05:56:21,554 Epoch 77 	 Loss 0.16660791193390942
2021-05-13 05:57:45,348 Epoch 78 	 Loss 0.16275105125956482
2021-05-13 05:59:09,061 Epoch 79 	 Loss 0.16652193092382872
2021-05-13 06:00:32,954 Epoch 80 	 Loss 0.16722538903519346
2021-05-13 06:01:56,753 Epoch 81 	 Loss 0.16621995799161576
2021-05-13 06:03:20,692 Epoch 82 	 Loss 0.16376198689033697
2021-05-13 06:04:44,570 Epoch 83 	 Loss 0.16447417061407488
2021-05-13 06:06:08,523 Epoch 84 	 Loss 0.1636313429245582
2021-05-13 06:07:32,565 Epoch 85 	 Loss 0.1650058862927196
2021-05-13 06:08:56,433 Epoch 86 	 Loss 0.16183358005114964
2021-05-13 06:10:20,359 Epoch 87 	 Loss 0.16276720411829895
2021-05-13 06:11:44,149 Epoch 88 	 Loss 0.16097195462866143
2021-05-13 06:13:07,881 Epoch 89 	 Loss 0.16489890635341078
2021-05-13 06:14:31,720 Epoch 90 	 Loss 0.16230369285567775
2021-05-13 06:15:55,477 Epoch 91 	 Loss 0.15923405561473344
2021-05-13 06:17:19,273 Epoch 92 	 Loss 0.1599882423550218
2021-05-13 06:18:43,239 Epoch 93 	 Loss 0.16038998519326306
2021-05-13 06:20:07,113 Epoch 94 	 Loss 0.16466746372835978
2021-05-13 06:21:30,949 Epoch 95 	 Loss 0.16311216010497168
2021-05-13 06:22:54,764 Epoch 96 	 Loss 0.1604532893378656
2021-05-13 06:24:18,655 Epoch 97 	 Loss 0.15975766407919453
2021-05-13 06:25:42,587 Epoch 98 	 Loss 0.16062561954770768
2021-05-13 06:27:06,391 Epoch 99 	 Loss 0.1647309723136189
2021-05-13 06:27:26,331 RESULT FOR DATASET CVC-300

2021-05-13 06:27:26,331 ==============================
2021-05-13 06:27:26,331 

2021-05-13 06:27:26,332 recall: 0.9586984445651372

2021-05-13 06:27:26,332 specificity: 0.9918773253758748

2021-05-13 06:27:26,332 precision: 0.83283413015306

2021-05-13 06:27:26,332 F1: 0.869941479464372

2021-05-13 06:27:26,332 F2: 0.9045727054278055

2021-05-13 06:27:26,332 ACC_overall: 0.9907396624485652

2021-05-13 06:27:26,332 IoU_poly: 0.8042126217236122

2021-05-13 06:27:26,332 IoU_bg: 0.9904789517323176

2021-05-13 06:27:26,332 IoU_mean: 0.8973457882801692

2021-05-13 06:27:26,332 ==============================
2021-05-13 06:27:26,332 

2021-05-13 06:27:42,153 RESULT FOR DATASET CVC-ClinicDB

2021-05-13 06:27:42,153 ==============================
2021-05-13 06:27:42,153 

2021-05-13 06:27:42,153 recall: 0.9398323995091261

2021-05-13 06:27:42,153 specificity: 0.9932249957515348

2021-05-13 06:27:42,153 precision: 0.9054953209819242

2021-05-13 06:27:42,153 F1: 0.9150402899869087

2021-05-13 06:27:42,153 F2: 0.9249472560120686

2021-05-13 06:27:42,153 ACC_overall: 0.9900154615602186

2021-05-13 06:27:42,153 IoU_poly: 0.8677088698586298

2021-05-13 06:27:42,153 IoU_bg: 0.9883098583067617

2021-05-13 06:27:42,153 IoU_mean: 0.9280093615093539

2021-05-13 06:27:42,154 ==============================
2021-05-13 06:27:42,154 

2021-05-13 06:28:12,322 RESULT FOR DATASET Kvasir

2021-05-13 06:28:12,322 ==============================
2021-05-13 06:28:12,322 

2021-05-13 06:28:12,322 recall: 0.9089467915892601

2021-05-13 06:28:12,322 specificity: 0.9905884426832199

2021-05-13 06:28:12,322 precision: 0.9427195307612419

2021-05-13 06:28:12,322 F1: 0.912856288254261

2021-05-13 06:28:12,322 F2: 0.9081491081416607

2021-05-13 06:28:12,322 ACC_overall: 0.9736627665162086

2021-05-13 06:28:12,322 IoU_poly: 0.8612003044784069

2021-05-13 06:28:12,322 IoU_bg: 0.9667999431490898

2021-05-13 06:28:12,322 IoU_mean: 0.9140001264214516

2021-05-13 06:28:12,322 ==============================
2021-05-13 06:28:12,322 

2021-05-13 06:30:06,735 RESULT FOR DATASET CVC-ColonDB

2021-05-13 06:30:06,736 ==============================
2021-05-13 06:30:06,736 

2021-05-13 06:30:06,736 recall: 0.8192211510091439

2021-05-13 06:30:06,736 specificity: 0.9877325900291142

2021-05-13 06:30:06,736 precision: 0.8204686411653185

2021-05-13 06:30:06,736 F1: 0.7797165125514718

2021-05-13 06:30:06,736 F2: 0.7903235388316238

2021-05-13 06:30:06,736 ACC_overall: 0.9632549107074737

2021-05-13 06:30:06,736 IoU_poly: 0.6986279384136388

2021-05-13 06:30:06,736 IoU_bg: 0.9601362750718468

2021-05-13 06:30:06,736 IoU_mean: 0.8293821096420289

2021-05-13 06:30:06,736 ==============================
2021-05-13 06:30:06,736 

2021-05-13 06:31:29,179 RESULT FOR DATASET ETIS-LaribPolypDB

2021-05-13 06:31:29,180 ==============================
2021-05-13 06:31:29,180 

2021-05-13 06:31:29,180 recall: 0.8772155383814458

2021-05-13 06:31:29,180 specificity: 0.9885608778924359

2021-05-13 06:31:29,180 precision: 0.7435446878506697

2021-05-13 06:31:29,180 F1: 0.77528281618069

2021-05-13 06:31:29,180 F2: 0.8174833070720803

2021-05-13 06:31:29,180 ACC_overall: 0.9861403907440147

2021-05-13 06:31:29,180 IoU_poly: 0.690206469762332

2021-05-13 06:31:29,180 IoU_bg: 0.9854775332674688

2021-05-13 06:31:29,180 IoU_mean: 0.8378420014466558

2021-05-13 06:31:29,180 ==============================
2021-05-13 06:31:29,180 

