2021-05-13 01:45:18,004 Epoch 0 	 Loss 0.9787512657406566
2021-05-13 01:46:41,284 Epoch 1 	 Loss 0.6832813437168415
2021-05-13 01:48:04,697 Epoch 2 	 Loss 0.5497981922312097
2021-05-13 01:49:28,150 Epoch 3 	 Loss 0.4881565469306904
2021-05-13 01:50:51,525 Epoch 4 	 Loss 0.4507204624977741
2021-05-13 01:52:14,933 Epoch 5 	 Loss 0.41967135405802464
2021-05-13 01:53:38,440 Epoch 6 	 Loss 0.3880982579110743
2021-05-13 01:55:01,901 Epoch 7 	 Loss 0.379683385183523
2021-05-13 01:56:25,297 Epoch 8 	 Loss 0.36199134588241577
2021-05-13 01:57:48,684 Epoch 9 	 Loss 0.35870277897997216
2021-05-13 01:59:12,148 Epoch 10 	 Loss 0.3251193047879816
2021-05-13 02:00:35,580 Epoch 11 	 Loss 0.32778911816549827
2021-05-13 02:01:59,005 Epoch 12 	 Loss 0.3117696611763357
2021-05-13 02:03:22,413 Epoch 13 	 Loss 0.30521444255834096
2021-05-13 02:04:45,867 Epoch 14 	 Loss 0.2935398039254513
2021-05-13 02:06:09,256 Epoch 15 	 Loss 0.3059183804543464
2021-05-13 02:07:32,616 Epoch 16 	 Loss 0.2969306523983295
2021-05-13 02:08:56,066 Epoch 17 	 Loss 0.2853305947322112
2021-05-13 02:10:19,520 Epoch 18 	 Loss 0.28128603444649625
2021-05-13 02:11:43,064 Epoch 19 	 Loss 0.2786789731337474
2021-05-13 02:13:06,514 Epoch 20 	 Loss 0.27477519803649775
2021-05-13 02:14:29,922 Epoch 21 	 Loss 0.2646415549647677
2021-05-13 02:15:53,393 Epoch 22 	 Loss 0.27151155455426856
2021-05-13 02:17:16,779 Epoch 23 	 Loss 0.259625616309407
2021-05-13 02:18:40,191 Epoch 24 	 Loss 0.2584970798138734
2021-05-13 02:20:03,561 Epoch 25 	 Loss 0.2597514680781207
2021-05-13 02:21:26,978 Epoch 26 	 Loss 0.24634162197401235
2021-05-13 02:22:50,378 Epoch 27 	 Loss 0.23724723271616213
2021-05-13 02:24:13,746 Epoch 28 	 Loss 0.24591581425169012
2021-05-13 02:25:37,146 Epoch 29 	 Loss 0.24299309591015616
2021-05-13 02:27:00,595 Epoch 30 	 Loss 0.24045220672429263
2021-05-13 02:28:24,027 Epoch 31 	 Loss 0.2370140614745381
2021-05-13 02:29:47,515 Epoch 32 	 Loss 0.24030018671528325
2021-05-13 02:31:10,882 Epoch 33 	 Loss 0.2407494701526977
2021-05-13 02:32:34,356 Epoch 34 	 Loss 0.22997520700260832
2021-05-13 02:33:57,781 Epoch 35 	 Loss 0.22585398253503736
2021-05-13 02:35:21,325 Epoch 36 	 Loss 0.22813428938388824
2021-05-13 02:36:44,665 Epoch 37 	 Loss 0.22113120506752978
2021-05-13 02:38:08,139 Epoch 38 	 Loss 0.21792040159414103
2021-05-13 02:39:31,626 Epoch 39 	 Loss 0.2126087364587155
2021-05-13 02:40:55,068 Epoch 40 	 Loss 0.215190317768317
2021-05-13 02:42:18,459 Epoch 41 	 Loss 0.2163299533364537
2021-05-13 02:43:41,852 Epoch 42 	 Loss 0.21768059475081308
2021-05-13 02:45:05,325 Epoch 43 	 Loss 0.21649663707057198
2021-05-13 02:46:28,776 Epoch 44 	 Loss 0.20354901123177874
2021-05-13 02:47:52,152 Epoch 45 	 Loss 0.20236101206187362
2021-05-13 02:49:15,585 Epoch 46 	 Loss 0.20864396108375802
2021-05-13 02:50:38,997 Epoch 47 	 Loss 0.19783915464694685
2021-05-13 02:52:02,432 Epoch 48 	 Loss 0.20056215550873305
2021-05-13 02:53:25,802 Epoch 49 	 Loss 0.19372504572946947
2021-05-13 02:54:49,257 Epoch 50 	 Loss 0.19778870308137203
2021-05-13 02:56:12,722 Epoch 51 	 Loss 0.19366969397434822
2021-05-13 02:57:36,176 Epoch 52 	 Loss 0.19397689975225008
2021-05-13 02:58:59,630 Epoch 53 	 Loss 0.19358020857140257
2021-05-13 03:00:23,124 Epoch 54 	 Loss 0.18996643184960543
2021-05-13 03:01:46,547 Epoch 55 	 Loss 0.19212277757597493
2021-05-13 03:03:09,768 Epoch 56 	 Loss 0.19224387521927172
2021-05-13 03:04:33,175 Epoch 57 	 Loss 0.19083031995610877
2021-05-13 03:05:56,611 Epoch 58 	 Loss 0.185001892047924
2021-05-13 03:07:20,112 Epoch 59 	 Loss 0.18318653335938087
2021-05-13 03:08:43,447 Epoch 60 	 Loss 0.18351465054265745
2021-05-13 03:10:06,832 Epoch 61 	 Loss 0.18079336527939682
2021-05-13 03:11:30,189 Epoch 62 	 Loss 0.1812732042847099
2021-05-13 03:12:53,614 Epoch 63 	 Loss 0.1813376282270138
2021-05-13 03:14:17,101 Epoch 64 	 Loss 0.1802405297428697
2021-05-13 03:15:40,493 Epoch 65 	 Loss 0.17666774693426196
2021-05-13 03:17:03,987 Epoch 66 	 Loss 0.174599154146163
2021-05-13 03:18:27,360 Epoch 67 	 Loss 0.17314327663772708
2021-05-13 03:19:50,863 Epoch 68 	 Loss 0.17522365542558524
2021-05-13 03:21:14,339 Epoch 69 	 Loss 0.17076801058355268
2021-05-13 03:22:37,725 Epoch 70 	 Loss 0.17207091195242746
2021-05-13 03:24:01,188 Epoch 71 	 Loss 0.16678399993823126
2021-05-13 03:25:24,579 Epoch 72 	 Loss 0.16869438480544877
2021-05-13 03:26:48,080 Epoch 73 	 Loss 0.16914244618389632
2021-05-13 03:28:11,537 Epoch 74 	 Loss 0.16848284276304665
2021-05-13 03:29:34,971 Epoch 75 	 Loss 0.16766814109715786
2021-05-13 03:30:58,361 Epoch 76 	 Loss 0.16462151280471257
2021-05-13 03:32:21,853 Epoch 77 	 Loss 0.16159155555478819
2021-05-13 03:33:45,348 Epoch 78 	 Loss 0.16584742462242041
2021-05-13 03:35:08,723 Epoch 79 	 Loss 0.16681386391212652
2021-05-13 03:36:32,020 Epoch 80 	 Loss 0.16606606543064117
2021-05-13 03:37:55,519 Epoch 81 	 Loss 0.1640558429471739
2021-05-13 03:39:19,019 Epoch 82 	 Loss 0.166696880872433
2021-05-13 03:40:42,416 Epoch 83 	 Loss 0.16217592702462122
2021-05-13 03:42:05,788 Epoch 84 	 Loss 0.16144554791869697
2021-05-13 03:43:29,365 Epoch 85 	 Loss 0.16336189013916058
2021-05-13 03:44:52,697 Epoch 86 	 Loss 0.16237017864381875
2021-05-13 03:46:16,105 Epoch 87 	 Loss 0.1599387452825085
2021-05-13 03:47:39,469 Epoch 88 	 Loss 0.16469063683525548
2021-05-13 03:49:02,751 Epoch 89 	 Loss 0.1613259087060834
2021-05-13 03:50:26,152 Epoch 90 	 Loss 0.16023454201090467
2021-05-13 03:51:49,594 Epoch 91 	 Loss 0.16031805622381168
2021-05-13 03:53:12,986 Epoch 92 	 Loss 0.16079158565172783
2021-05-13 03:54:36,274 Epoch 93 	 Loss 0.16046097710892393
2021-05-13 03:55:59,696 Epoch 94 	 Loss 0.15891908395748872
2021-05-13 03:57:23,069 Epoch 95 	 Loss 0.1582344894880777
2021-05-13 03:58:46,481 Epoch 96 	 Loss 0.1600866247336943
2021-05-13 04:00:10,005 Epoch 97 	 Loss 0.15987316257023548
2021-05-13 04:01:33,453 Epoch 98 	 Loss 0.16098074123754605
2021-05-13 04:02:56,749 Epoch 99 	 Loss 0.15780258309710157
2021-05-13 04:03:16,570 RESULT FOR DATASET CVC-300

2021-05-13 04:03:16,570 ==============================
2021-05-13 04:03:16,570 

2021-05-13 04:03:16,570 recall: 0.956720569729805

2021-05-13 04:03:16,570 specificity: 0.988875741759936

2021-05-13 04:03:16,570 precision: 0.7897817673782508

2021-05-13 04:03:16,571 F1: 0.8398254116376241

2021-05-13 04:03:16,571 F2: 0.8881590858101844

2021-05-13 04:03:16,571 ACC_overall: 0.9877953509489695

2021-05-13 04:03:16,571 IoU_poly: 0.7621606340010961

2021-05-13 04:03:16,571 IoU_bg: 0.9874133090178172

2021-05-13 04:03:16,571 IoU_mean: 0.8747869710127513

2021-05-13 04:03:16,571 ==============================
2021-05-13 04:03:16,571 

2021-05-13 04:03:32,294 RESULT FOR DATASET CVC-ClinicDB

2021-05-13 04:03:32,294 ==============================
2021-05-13 04:03:32,294 

2021-05-13 04:03:32,294 recall: 0.9543556397961032

2021-05-13 04:03:32,294 specificity: 0.9932681100983773

2021-05-13 04:03:32,294 precision: 0.9058509050838409

2021-05-13 04:03:32,294 F1: 0.91860576418619

2021-05-13 04:03:32,294 F2: 0.9313400423815174

2021-05-13 04:03:32,294 ACC_overall: 0.9913898869868247

2021-05-13 04:03:32,294 IoU_poly: 0.8688953271315943

2021-05-13 04:03:32,294 IoU_bg: 0.9901341940126112

2021-05-13 04:03:32,294 IoU_mean: 0.9295147604519322

2021-05-13 04:03:32,294 ==============================
2021-05-13 04:03:32,294 

2021-05-13 04:04:02,397 RESULT FOR DATASET Kvasir

2021-05-13 04:04:02,397 ==============================
2021-05-13 04:04:02,397 

2021-05-13 04:04:02,397 recall: 0.8940091693401336

2021-05-13 04:04:02,397 specificity: 0.9896202409267425

2021-05-13 04:04:02,397 precision: 0.9332297449558973

2021-05-13 04:04:02,398 F1: 0.8999840497970581

2021-05-13 04:04:02,398 F2: 0.8938887384533882

2021-05-13 04:04:02,398 ACC_overall: 0.9721935069561005

2021-05-13 04:04:02,398 IoU_poly: 0.8480367639288307

2021-05-13 04:04:02,398 IoU_bg: 0.9652786964178085

2021-05-13 04:04:02,398 IoU_mean: 0.9066577279567718

2021-05-13 04:04:02,398 ==============================
2021-05-13 04:04:02,398 

2021-05-13 04:05:56,727 RESULT FOR DATASET CVC-ColonDB

2021-05-13 04:05:56,727 ==============================
2021-05-13 04:05:56,727 

2021-05-13 04:05:56,727 recall: 0.8102637799293868

2021-05-13 04:05:56,727 specificity: 0.9897651139058565

2021-05-13 04:05:56,727 precision: 0.8149502322230737

2021-05-13 04:05:56,727 F1: 0.768565726166674

2021-05-13 04:05:56,727 F2: 0.7807536918825654

2021-05-13 04:05:56,727 ACC_overall: 0.9631165008011617

2021-05-13 04:05:56,727 IoU_poly: 0.6883253348361736

2021-05-13 04:05:56,727 IoU_bg: 0.960783362467038

2021-05-13 04:05:56,728 IoU_mean: 0.8245543475998075

2021-05-13 04:05:56,728 ==============================
2021-05-13 04:05:56,728 

2021-05-13 04:07:19,240 RESULT FOR DATASET ETIS-LaribPolypDB

2021-05-13 04:07:19,240 ==============================
2021-05-13 04:07:19,240 

2021-05-13 04:07:19,240 recall: 0.8750549102092473

2021-05-13 04:07:19,240 specificity: 0.9893895849889639

2021-05-13 04:07:19,241 precision: 0.7874955406143959

2021-05-13 04:07:19,241 F1: 0.7944315172572363

2021-05-13 04:07:19,241 F2: 0.8325480365243605

2021-05-13 04:07:19,241 ACC_overall: 0.9877384201604493

2021-05-13 04:07:19,241 IoU_poly: 0.7121854383614883

2021-05-13 04:07:19,241 IoU_bg: 0.9869526442216368

2021-05-13 04:07:19,241 IoU_mean: 0.8495690422702808

2021-05-13 04:07:19,241 ==============================
2021-05-13 04:07:19,241 

