2021-05-13 06:32:55,307 Epoch 0 	 Loss 1.0483861238091856
2021-05-13 06:34:19,335 Epoch 1 	 Loss 0.6925631496277485
2021-05-13 06:35:43,302 Epoch 2 	 Loss 0.5892907407257583
2021-05-13 06:37:07,324 Epoch 3 	 Loss 0.5148777712832441
2021-05-13 06:38:31,480 Epoch 4 	 Loss 0.46763800723212107
2021-05-13 06:39:55,683 Epoch 5 	 Loss 0.43084293898645337
2021-05-13 06:41:19,808 Epoch 6 	 Loss 0.39589918282005815
2021-05-13 06:42:44,040 Epoch 7 	 Loss 0.3885285130568913
2021-05-13 06:44:08,115 Epoch 8 	 Loss 0.3651356733107305
2021-05-13 06:45:32,290 Epoch 9 	 Loss 0.3559351933526469
2021-05-13 06:46:56,437 Epoch 10 	 Loss 0.3711596583272075
2021-05-13 06:48:20,616 Epoch 11 	 Loss 0.3490274191557706
2021-05-13 06:49:44,670 Epoch 12 	 Loss 0.31223098327825355
2021-05-13 06:51:08,795 Epoch 13 	 Loss 0.316921014052171
2021-05-13 06:52:32,918 Epoch 14 	 Loss 0.31695437562334666
2021-05-13 06:53:57,136 Epoch 15 	 Loss 0.30547634192875456
2021-05-13 06:55:21,333 Epoch 16 	 Loss 0.29906120617966075
2021-05-13 06:56:45,535 Epoch 17 	 Loss 0.2936829020688822
2021-05-13 06:58:09,689 Epoch 18 	 Loss 0.28777771451316037
2021-05-13 06:59:33,999 Epoch 19 	 Loss 0.29153573185532955
2021-05-13 07:00:58,283 Epoch 20 	 Loss 0.2829952700124992
2021-05-13 07:02:22,488 Epoch 21 	 Loss 0.2729450059788568
2021-05-13 07:03:46,667 Epoch 22 	 Loss 0.2677256085060455
2021-05-13 07:05:10,819 Epoch 23 	 Loss 0.2701060606555624
2021-05-13 07:06:34,943 Epoch 24 	 Loss 0.2734933574121077
2021-05-13 07:07:59,022 Epoch 25 	 Loss 0.2614095450102628
2021-05-13 07:09:23,170 Epoch 26 	 Loss 0.25587034880459963
2021-05-13 07:10:47,343 Epoch 27 	 Loss 0.24219796716511904
2021-05-13 07:12:11,626 Epoch 28 	 Loss 0.2496966736002283
2021-05-13 07:13:35,868 Epoch 29 	 Loss 0.24230204129612054
2021-05-13 07:14:59,969 Epoch 30 	 Loss 0.24748667714359995
2021-05-13 07:16:24,061 Epoch 31 	 Loss 0.24528677761554718
2021-05-13 07:17:48,077 Epoch 32 	 Loss 0.2437379469910821
2021-05-13 07:19:12,185 Epoch 33 	 Loss 0.23512683907052973
2021-05-13 07:20:36,397 Epoch 34 	 Loss 0.2342650356528523
2021-05-13 07:22:00,548 Epoch 35 	 Loss 0.22947779887325162
2021-05-13 07:23:24,779 Epoch 36 	 Loss 0.22734672731750613
2021-05-13 07:24:48,919 Epoch 37 	 Loss 0.22213143896270585
2021-05-13 07:26:13,023 Epoch 38 	 Loss 0.2236667750300942
2021-05-13 07:27:37,177 Epoch 39 	 Loss 0.21766811658392896
2021-05-13 07:29:01,436 Epoch 40 	 Loss 0.21752949550256626
2021-05-13 07:30:25,592 Epoch 41 	 Loss 0.2227121874853805
2021-05-13 07:31:49,834 Epoch 42 	 Loss 0.21343463888535133
2021-05-13 07:33:14,208 Epoch 43 	 Loss 0.21350960646356856
2021-05-13 07:34:38,419 Epoch 44 	 Loss 0.2113509096287109
2021-05-13 07:36:02,509 Epoch 45 	 Loss 0.20272998675540255
2021-05-13 07:37:26,649 Epoch 46 	 Loss 0.2011385774546927
2021-05-13 07:38:50,804 Epoch 47 	 Loss 0.20779662554735664
2021-05-13 07:40:15,018 Epoch 48 	 Loss 0.20197985296720986
2021-05-13 07:41:39,254 Epoch 49 	 Loss 0.20736002627309863
2021-05-13 07:43:03,508 Epoch 50 	 Loss 0.20284392594636141
2021-05-13 07:44:27,633 Epoch 51 	 Loss 0.19339400415237135
2021-05-13 07:45:51,846 Epoch 52 	 Loss 0.19882130344490428
2021-05-13 07:47:16,096 Epoch 53 	 Loss 0.19649275416856285
2021-05-13 07:48:40,358 Epoch 54 	 Loss 0.19301531996045793
2021-05-13 07:50:04,568 Epoch 55 	 Loss 0.19575795907895643
2021-05-13 07:51:28,674 Epoch 56 	 Loss 0.19107830311570848
2021-05-13 07:52:52,894 Epoch 57 	 Loss 0.18915658812601488
2021-05-13 07:54:16,986 Epoch 58 	 Loss 0.19118824994171058
2021-05-13 07:55:41,308 Epoch 59 	 Loss 0.18320512182109958
2021-05-13 07:57:05,394 Epoch 60 	 Loss 0.18486858380364848
2021-05-13 07:58:29,536 Epoch 61 	 Loss 0.18574091022486214
2021-05-13 07:59:53,783 Epoch 62 	 Loss 0.1833450422509686
2021-05-13 08:01:17,975 Epoch 63 	 Loss 0.18079947164425483
2021-05-13 08:02:42,235 Epoch 64 	 Loss 0.17977526227196494
2021-05-13 08:04:06,384 Epoch 65 	 Loss 0.18018833163020376
2021-05-13 08:05:30,608 Epoch 66 	 Loss 0.17895634570619562
2021-05-13 08:06:54,821 Epoch 67 	 Loss 0.17932817798394424
2021-05-13 08:08:19,053 Epoch 68 	 Loss 0.1749677944641847
2021-05-13 08:09:43,309 Epoch 69 	 Loss 0.17421767721464346
2021-05-13 08:11:07,485 Epoch 70 	 Loss 0.17627681628033354
2021-05-13 08:12:31,634 Epoch 71 	 Loss 0.1736112512074984
2021-05-13 08:13:55,769 Epoch 72 	 Loss 0.17171341148051586
2021-05-13 08:15:20,061 Epoch 73 	 Loss 0.17210877793175833
2021-05-13 08:16:44,207 Epoch 74 	 Loss 0.16868232681856052
2021-05-13 08:18:08,447 Epoch 75 	 Loss 0.17054968319096409
2021-05-13 08:19:32,699 Epoch 76 	 Loss 0.1701174619106146
2021-05-13 08:20:56,948 Epoch 77 	 Loss 0.1707065761253074
2021-05-13 08:22:21,147 Epoch 78 	 Loss 0.16848291292950346
2021-05-13 08:23:45,260 Epoch 79 	 Loss 0.16803412368664375
2021-05-13 08:25:09,484 Epoch 80 	 Loss 0.1658906639441029
2021-05-13 08:26:33,591 Epoch 81 	 Loss 0.16762254231578702
2021-05-13 08:27:57,945 Epoch 82 	 Loss 0.16604782002312796
2021-05-13 08:29:24,468 Epoch 83 	 Loss 0.16690255537792875
2021-05-13 08:30:51,057 Epoch 84 	 Loss 0.16641258407425094
2021-05-13 08:32:15,715 Epoch 85 	 Loss 0.165535453584168
2021-05-13 08:33:40,464 Epoch 86 	 Loss 0.16836884978053335
2021-05-13 08:35:07,108 Epoch 87 	 Loss 0.16267078795603343
2021-05-13 08:36:32,108 Epoch 88 	 Loss 0.16418574357425775
2021-05-13 08:37:57,635 Epoch 89 	 Loss 0.16433668922591996
2021-05-13 08:39:24,557 Epoch 90 	 Loss 0.16963100482474316
2021-05-13 08:40:50,554 Epoch 91 	 Loss 0.1655181790446187
2021-05-13 08:42:15,081 Epoch 92 	 Loss 0.1653673822408194
2021-05-13 08:43:39,559 Epoch 93 	 Loss 0.16409435246016954
2021-05-13 08:45:03,954 Epoch 94 	 Loss 0.16316279294071617
2021-05-13 08:46:28,736 Epoch 95 	 Loss 0.16383487035284985
2021-05-13 08:47:53,107 Epoch 96 	 Loss 0.16449189087846777
2021-05-13 08:49:17,537 Epoch 97 	 Loss 0.16110796047436013
2021-05-13 08:50:42,073 Epoch 98 	 Loss 0.1667131992814305
2021-05-13 08:52:06,461 Epoch 99 	 Loss 0.16279414541773743
2021-05-13 08:52:26,482 RESULT FOR DATASET CVC-300

2021-05-13 08:52:26,482 ==============================
2021-05-13 08:52:26,482 

2021-05-13 08:52:26,482 recall: 0.9622006088495254

2021-05-13 08:52:26,482 specificity: 0.9889501998821895

2021-05-13 08:52:26,483 precision: 0.8092328254133463

2021-05-13 08:52:26,483 F1: 0.8542819909751416

2021-05-13 08:52:26,483 F2: 0.8959737588961919

2021-05-13 08:52:26,483 ACC_overall: 0.987967187166214

2021-05-13 08:52:26,483 IoU_poly: 0.7832583881914615

2021-05-13 08:52:26,483 IoU_bg: 0.9876166095336278

2021-05-13 08:52:26,483 IoU_mean: 0.8854374969998996

2021-05-13 08:52:26,483 ==============================
2021-05-13 08:52:26,483 

2021-05-13 08:52:42,304 RESULT FOR DATASET CVC-ClinicDB

2021-05-13 08:52:42,305 ==============================
2021-05-13 08:52:42,305 

2021-05-13 08:52:42,305 recall: 0.9502066085415501

2021-05-13 08:52:42,305 specificity: 0.9927353128310172

2021-05-13 08:52:42,305 precision: 0.9025160768820394

2021-05-13 08:52:42,305 F1: 0.9153474685285361

2021-05-13 08:52:42,305 F2: 0.9275068806544426

2021-05-13 08:52:42,305 ACC_overall: 0.9903586362638781

2021-05-13 08:52:42,305 IoU_poly: 0.8670753409725523

2021-05-13 08:52:42,305 IoU_bg: 0.9889441709364614

2021-05-13 08:52:42,305 IoU_mean: 0.9280097547077364

2021-05-13 08:52:42,305 ==============================
2021-05-13 08:52:42,305 

2021-05-13 08:53:12,547 RESULT FOR DATASET Kvasir

2021-05-13 08:53:12,547 ==============================
2021-05-13 08:53:12,547 

2021-05-13 08:53:12,547 recall: 0.9208940187096596

2021-05-13 08:53:12,548 specificity: 0.9867592692375183

2021-05-13 08:53:12,548 precision: 0.9314989354461432

2021-05-13 08:53:12,548 F1: 0.9149553134292364

2021-05-13 08:53:12,548 F2: 0.9144387197494507

2021-05-13 08:53:12,548 ACC_overall: 0.9734787732362747

2021-05-13 08:53:12,548 IoU_poly: 0.8652463806420565

2021-05-13 08:53:12,548 IoU_bg: 0.9657882851362228

2021-05-13 08:53:12,548 IoU_mean: 0.9155173295736313

2021-05-13 08:53:12,548 ==============================
2021-05-13 08:53:12,548 

2021-05-13 08:55:07,567 RESULT FOR DATASET CVC-ColonDB

2021-05-13 08:55:07,567 ==============================
2021-05-13 08:55:07,567 

2021-05-13 08:55:07,567 recall: 0.844609506207852

2021-05-13 08:55:07,567 specificity: 0.987528386084657

2021-05-13 08:55:07,568 precision: 0.8257374453960916

2021-05-13 08:55:07,568 F1: 0.7957785723314852

2021-05-13 08:55:07,568 F2: 0.8093713525791444

2021-05-13 08:55:07,568 ACC_overall: 0.967788733777247

2021-05-13 08:55:07,568 IoU_poly: 0.7144890909351537

2021-05-13 08:55:07,568 IoU_bg: 0.964377750377906

2021-05-13 08:55:07,568 IoU_mean: 0.8394334182143212

2021-05-13 08:55:07,568 ==============================
2021-05-13 08:55:07,568 

2021-05-13 08:56:30,214 RESULT FOR DATASET ETIS-LaribPolypDB

2021-05-13 08:56:30,214 ==============================
2021-05-13 08:56:30,214 

2021-05-13 08:56:30,215 recall: 0.8996555361667542

2021-05-13 08:56:30,215 specificity: 0.9872299600012449

2021-05-13 08:56:30,215 precision: 0.7519968973660422

2021-05-13 08:56:30,215 F1: 0.7816891610829159

2021-05-13 08:56:30,215 F2: 0.8318399479949128

2021-05-13 08:56:30,215 ACC_overall: 0.9853572957977956

2021-05-13 08:56:30,215 IoU_poly: 0.6970352994683068

2021-05-13 08:56:30,215 IoU_bg: 0.9845960699782079

2021-05-13 08:56:30,215 IoU_mean: 0.8408156829525013

2021-05-13 08:56:30,215 ==============================
2021-05-13 08:56:30,215 

