2021-05-18 01:06:33,715 Epoch 0 	 Loss 1.0251647738310008
2021-05-18 01:07:59,682 Epoch 1 	 Loss 0.7277928256726527
2021-05-18 01:09:25,837 Epoch 2 	 Loss 0.59249204822949
2021-05-18 01:10:51,818 Epoch 3 	 Loss 0.5373183777044107
2021-05-18 01:12:17,915 Epoch 4 	 Loss 0.4581915929422274
2021-05-18 01:13:44,127 Epoch 5 	 Loss 0.4279596039227077
2021-05-18 01:15:10,246 Epoch 6 	 Loss 0.41165105065146645
2021-05-18 01:16:36,360 Epoch 7 	 Loss 0.37613956777604074
2021-05-18 01:18:02,405 Epoch 8 	 Loss 0.3602887097295824
2021-05-18 01:19:28,462 Epoch 9 	 Loss 0.3518346418718715
2021-05-18 01:20:54,628 Epoch 10 	 Loss 0.32862850827175183
2021-05-18 01:22:20,731 Epoch 11 	 Loss 0.31799696598734173
2021-05-18 01:23:46,845 Epoch 12 	 Loss 0.30748400059375136
2021-05-18 01:25:12,942 Epoch 13 	 Loss 0.30499962987480583
2021-05-18 01:26:39,101 Epoch 14 	 Loss 0.312587728867164
2021-05-18 01:28:05,211 Epoch 15 	 Loss 0.2945562507752534
2021-05-18 01:29:31,176 Epoch 16 	 Loss 0.2825983314068763
2021-05-18 01:30:57,300 Epoch 17 	 Loss 0.29614243795583534
2021-05-18 01:32:23,359 Epoch 18 	 Loss 0.28050411140525733
2021-05-18 01:33:49,408 Epoch 19 	 Loss 0.27852898852510766
2021-05-18 01:35:15,451 Epoch 20 	 Loss 0.2572946774435567
2021-05-18 01:36:41,597 Epoch 21 	 Loss 0.2558608678998528
2021-05-18 01:38:07,692 Epoch 22 	 Loss 0.25927126243874266
2021-05-18 01:39:33,886 Epoch 23 	 Loss 0.24999757880692955
2021-05-18 01:40:59,911 Epoch 24 	 Loss 0.24337276750868495
2021-05-18 01:42:26,063 Epoch 25 	 Loss 0.24665357827485263
2021-05-18 01:43:52,216 Epoch 26 	 Loss 0.24565251024214776
2021-05-18 01:45:18,190 Epoch 27 	 Loss 0.24251438333437994
2021-05-18 01:46:44,237 Epoch 28 	 Loss 0.23213747307494448
2021-05-18 01:48:10,307 Epoch 29 	 Loss 0.226075889645042
2021-05-18 01:49:36,420 Epoch 30 	 Loss 0.23750179351031125
2021-05-18 01:51:02,445 Epoch 31 	 Loss 0.22618807901392926
2021-05-18 01:52:28,491 Epoch 32 	 Loss 0.22302327558889493
2021-05-18 01:53:54,567 Epoch 33 	 Loss 0.21936522751719087
2021-05-18 01:55:20,665 Epoch 34 	 Loss 0.21756853883738045
2021-05-18 01:56:46,688 Epoch 35 	 Loss 0.23078290839771648
2021-05-18 01:58:12,782 Epoch 36 	 Loss 0.2203396704498228
2021-05-18 01:59:38,874 Epoch 37 	 Loss 0.21181521540159706
2021-05-18 02:01:05,031 Epoch 38 	 Loss 0.2165330306186781
2021-05-18 02:02:31,143 Epoch 39 	 Loss 0.21410081674764445
2021-05-18 02:03:57,303 Epoch 40 	 Loss 0.21714557085063432
2021-05-18 02:05:23,274 Epoch 41 	 Loss 0.21055616782261774
2021-05-18 02:06:49,382 Epoch 42 	 Loss 0.21743868258628216
2021-05-18 02:08:15,538 Epoch 43 	 Loss 0.21632834204605647
2021-05-18 02:09:41,556 Epoch 44 	 Loss 0.20761723014024588
2021-05-18 02:11:07,725 Epoch 45 	 Loss 0.19799806505114168
2021-05-18 02:12:33,705 Epoch 46 	 Loss 0.20069025309531244
2021-05-18 02:13:59,850 Epoch 47 	 Loss 0.20394415449310135
2021-05-18 02:15:25,864 Epoch 48 	 Loss 0.19255871825165802
2021-05-18 02:16:51,872 Epoch 49 	 Loss 0.19995675342423574
2021-05-18 02:18:18,055 Epoch 50 	 Loss 0.19337108583895715
2021-05-18 02:19:44,066 Epoch 51 	 Loss 0.19066041904491382
2021-05-18 02:21:10,149 Epoch 52 	 Loss 0.18577746457450992
2021-05-18 02:22:36,124 Epoch 53 	 Loss 0.18646527335538968
2021-05-18 02:24:02,118 Epoch 54 	 Loss 0.18851453704493387
2021-05-18 02:25:28,155 Epoch 55 	 Loss 0.18392178661875672
2021-05-18 02:26:54,217 Epoch 56 	 Loss 0.1785216516518331
2021-05-18 02:28:20,229 Epoch 57 	 Loss 0.18121411970683507
2021-05-18 02:29:46,437 Epoch 58 	 Loss 0.17675189395527263
2021-05-18 02:31:12,424 Epoch 59 	 Loss 0.17668604506896093
2021-05-18 02:32:38,524 Epoch 60 	 Loss 0.17920426041870327
2021-05-18 02:34:04,636 Epoch 61 	 Loss 0.17727119958662724
2021-05-18 02:35:30,657 Epoch 62 	 Loss 0.17536419670987916
2021-05-18 02:36:56,880 Epoch 63 	 Loss 0.17410941340111113
2021-05-18 02:38:22,937 Epoch 64 	 Loss 0.173458626637092
2021-05-18 02:39:49,112 Epoch 65 	 Loss 0.16677639412355946
2021-05-18 02:41:15,187 Epoch 66 	 Loss 0.17140496530375637
2021-05-18 02:42:41,289 Epoch 67 	 Loss 0.16713089831582792
2021-05-18 02:44:07,306 Epoch 68 	 Loss 0.16847826081972855
2021-05-18 02:45:33,369 Epoch 69 	 Loss 0.16724440439061805
2021-05-18 02:46:59,442 Epoch 70 	 Loss 0.16638999293138693
2021-05-18 02:48:25,525 Epoch 71 	 Loss 0.16416679060721134
2021-05-18 02:49:51,779 Epoch 72 	 Loss 0.16610229179099367
2021-05-18 02:51:17,866 Epoch 73 	 Loss 0.166373753121921
2021-05-18 02:52:43,945 Epoch 74 	 Loss 0.1639095105967679
2021-05-18 02:54:10,032 Epoch 75 	 Loss 0.16217800237975277
2021-05-18 02:55:36,108 Epoch 76 	 Loss 0.1638566229369614
2021-05-18 02:57:02,118 Epoch 77 	 Loss 0.1636293284840636
2021-05-18 02:58:28,220 Epoch 78 	 Loss 0.15853887157780783
2021-05-18 02:59:54,257 Epoch 79 	 Loss 0.1599508380660644
2021-05-18 03:01:20,422 Epoch 80 	 Loss 0.15943463032062238
2021-05-18 03:02:46,552 Epoch 81 	 Loss 0.15818363902988014
2021-05-18 03:04:12,603 Epoch 82 	 Loss 0.157693886249275
2021-05-18 03:05:38,624 Epoch 83 	 Loss 0.1588239060653435
2021-05-18 03:07:04,709 Epoch 84 	 Loss 0.1583359774488669
2021-05-18 03:08:30,884 Epoch 85 	 Loss 0.16120137929261386
2021-05-18 03:09:56,946 Epoch 86 	 Loss 0.1589860981637305
2021-05-18 03:11:22,940 Epoch 87 	 Loss 0.15806342710505475
2021-05-18 03:12:49,005 Epoch 88 	 Loss 0.1560588212131144
2021-05-18 03:14:15,097 Epoch 89 	 Loss 0.1590239690555321
2021-05-18 03:15:41,087 Epoch 90 	 Loss 0.1567219601391436
2021-05-18 03:17:07,126 Epoch 91 	 Loss 0.15368765346951538
2021-05-18 03:18:33,158 Epoch 92 	 Loss 0.15559506842068263
2021-05-18 03:19:59,269 Epoch 93 	 Loss 0.15574801917914505
2021-05-18 03:21:25,331 Epoch 94 	 Loss 0.1583402259991719
2021-05-18 03:22:51,379 Epoch 95 	 Loss 0.156519224519258
2021-05-18 03:24:17,354 Epoch 96 	 Loss 0.15533817272919875
2021-05-18 03:25:43,449 Epoch 97 	 Loss 0.15606582443137745
2021-05-18 03:27:09,697 Epoch 98 	 Loss 0.15379561827732965
2021-05-18 03:28:35,805 Epoch 99 	 Loss 0.15942205824367292
2021-05-18 03:28:55,508 RESULT FOR DATASET CVC-300

2021-05-18 03:28:55,508 ==============================
2021-05-18 03:28:55,508 

2021-05-18 03:28:55,508 recall: 0.9624652127424876

2021-05-18 03:28:55,509 specificity: 0.9895795444647472

2021-05-18 03:28:55,509 precision: 0.814402429635326

2021-05-18 03:28:55,509 F1: 0.8594719849526882

2021-05-18 03:28:55,509 F2: 0.9034054388602575

2021-05-18 03:28:55,509 ACC_overall: 0.9887368748585383

2021-05-18 03:28:55,509 IoU_poly: 0.7890052126099666

2021-05-18 03:28:55,509 IoU_bg: 0.9883543918530147

2021-05-18 03:28:55,509 IoU_mean: 0.8886797994375228

2021-05-18 03:28:55,509 ==============================
2021-05-18 03:28:55,509 

2021-05-18 03:29:11,072 RESULT FOR DATASET CVC-ClinicDB

2021-05-18 03:29:11,072 ==============================
2021-05-18 03:29:11,072 

2021-05-18 03:29:11,072 recall: 0.9405819086297866

2021-05-18 03:29:11,072 specificity: 0.9936148072442701

2021-05-18 03:29:11,072 precision: 0.9049469300340617

2021-05-18 03:29:11,072 F1: 0.9157762250298777

2021-05-18 03:29:11,072 F2: 0.9264071057935531

2021-05-18 03:29:11,072 ACC_overall: 0.9905865961505521

2021-05-18 03:29:11,072 IoU_poly: 0.8679022166610183

2021-05-18 03:29:11,072 IoU_bg: 0.9889596143076497

2021-05-18 03:29:11,072 IoU_mean: 0.9284309143981626

2021-05-18 03:29:11,072 ==============================
2021-05-18 03:29:11,073 

2021-05-18 03:29:40,865 RESULT FOR DATASET Kvasir

2021-05-18 03:29:40,865 ==============================
2021-05-18 03:29:40,866 

2021-05-18 03:29:40,866 recall: 0.9082339754700661

2021-05-18 03:29:40,866 specificity: 0.9902983587980271

2021-05-18 03:29:40,866 precision: 0.9390863066911698

2021-05-18 03:29:40,866 F1: 0.9092106369137763

2021-05-18 03:29:40,866 F2: 0.9061522716283799

2021-05-18 03:29:40,866 ACC_overall: 0.9730230820178986

2021-05-18 03:29:40,866 IoU_poly: 0.8563467571139336

2021-05-18 03:29:40,866 IoU_bg: 0.9659607285261154

2021-05-18 03:29:40,866 IoU_mean: 0.9111537382006645

2021-05-18 03:29:40,866 ==============================
2021-05-18 03:29:40,866 

2021-05-18 03:31:34,284 RESULT FOR DATASET CVC-ColonDB

2021-05-18 03:31:34,284 ==============================
2021-05-18 03:31:34,284 

2021-05-18 03:31:34,284 recall: 0.8346557371731801

2021-05-18 03:31:34,284 specificity: 0.983993237191125

2021-05-18 03:31:34,284 precision: 0.7980989401538529

2021-05-18 03:31:34,284 F1: 0.7743985651550007

2021-05-18 03:31:34,285 F2: 0.7918309730774007

2021-05-18 03:31:34,285 ACC_overall: 0.9629142305568645

2021-05-18 03:31:34,285 IoU_poly: 0.6953737860268886

2021-05-18 03:31:34,285 IoU_bg: 0.9593991829376471

2021-05-18 03:31:34,285 IoU_mean: 0.8273864836284989

2021-05-18 03:31:34,285 ==============================
2021-05-18 03:31:34,285 

2021-05-18 03:32:56,245 RESULT FOR DATASET ETIS-LaribPolypDB

2021-05-18 03:32:56,245 ==============================
2021-05-18 03:32:56,245 

2021-05-18 03:32:56,245 recall: 0.8672145451204675

2021-05-18 03:32:56,246 specificity: 0.9862038696907005

2021-05-18 03:32:56,246 precision: 0.7086859455664255

2021-05-18 03:32:56,246 F1: 0.7448960494823449

2021-05-18 03:32:56,246 F2: 0.8007702094748719

2021-05-18 03:32:56,246 ACC_overall: 0.9835637257415422

2021-05-18 03:32:56,246 IoU_poly: 0.6547555617651467

2021-05-18 03:32:56,246 IoU_bg: 0.9827502093144825

2021-05-18 03:32:56,246 IoU_mean: 0.8187528851689124

2021-05-18 03:32:56,246 ==============================
2021-05-18 03:32:56,246 

