2021-05-18 03:34:27,079 Epoch 0 	 Loss 1.028852221074995
2021-05-18 03:35:53,423 Epoch 1 	 Loss 0.6939183945184225
2021-05-18 03:37:19,915 Epoch 2 	 Loss 0.5869815559177608
2021-05-18 03:38:46,404 Epoch 3 	 Loss 0.5072129322932317
2021-05-18 03:40:12,770 Epoch 4 	 Loss 0.45044768642593214
2021-05-18 03:41:39,177 Epoch 5 	 Loss 0.4282123305640378
2021-05-18 03:43:05,652 Epoch 6 	 Loss 0.39222861449797075
2021-05-18 03:44:31,963 Epoch 7 	 Loss 0.3721717302943324
2021-05-18 03:45:58,498 Epoch 8 	 Loss 0.35621648535623657
2021-05-18 03:47:25,004 Epoch 9 	 Loss 0.3355401271319651
2021-05-18 03:48:51,437 Epoch 10 	 Loss 0.33385849948767776
2021-05-18 03:50:17,869 Epoch 11 	 Loss 0.3183617604957832
2021-05-18 03:51:44,290 Epoch 12 	 Loss 0.3078379737479346
2021-05-18 03:53:10,752 Epoch 13 	 Loss 0.29551160417415284
2021-05-18 03:54:37,169 Epoch 14 	 Loss 0.30254609358834694
2021-05-18 03:56:03,634 Epoch 15 	 Loss 0.29156185113466704
2021-05-18 03:57:30,129 Epoch 16 	 Loss 0.3010886720903627
2021-05-18 03:58:56,526 Epoch 17 	 Loss 0.2758959539971509
2021-05-18 04:00:22,871 Epoch 18 	 Loss 0.28339839161752345
2021-05-18 04:01:49,260 Epoch 19 	 Loss 0.28001675124351794
2021-05-18 04:03:15,710 Epoch 20 	 Loss 0.27580468307484635
2021-05-18 04:04:42,230 Epoch 21 	 Loss 0.26289805147674056
2021-05-18 04:06:08,595 Epoch 22 	 Loss 0.2582820545841049
2021-05-18 04:07:35,027 Epoch 23 	 Loss 0.2604909282136749
2021-05-18 04:09:01,415 Epoch 24 	 Loss 0.26775508660536546
2021-05-18 04:10:27,881 Epoch 25 	 Loss 0.2521788838145497
2021-05-18 04:11:54,222 Epoch 26 	 Loss 0.24930420681670473
2021-05-18 04:13:20,492 Epoch 27 	 Loss 0.23663627822975536
2021-05-18 04:14:47,022 Epoch 28 	 Loss 0.24018283679590122
2021-05-18 04:16:13,478 Epoch 29 	 Loss 0.23455500062350387
2021-05-18 04:17:39,935 Epoch 30 	 Loss 0.24020795049248161
2021-05-18 04:19:06,347 Epoch 31 	 Loss 0.22364538858880054
2021-05-18 04:20:32,753 Epoch 32 	 Loss 0.23950013223585193
2021-05-18 04:21:59,171 Epoch 33 	 Loss 0.23138553624624733
2021-05-18 04:23:25,553 Epoch 34 	 Loss 0.2285541404079605
2021-05-18 04:24:52,163 Epoch 35 	 Loss 0.22290787526539393
2021-05-18 04:26:18,492 Epoch 36 	 Loss 0.21533481465591178
2021-05-18 04:27:44,964 Epoch 37 	 Loss 0.21504608959287078
2021-05-18 04:29:11,359 Epoch 38 	 Loss 0.21610541756336504
2021-05-18 04:30:37,731 Epoch 39 	 Loss 0.21454516577196645
2021-05-18 04:32:04,113 Epoch 40 	 Loss 0.20467029282679924
2021-05-18 04:33:30,508 Epoch 41 	 Loss 0.2122366855760197
2021-05-18 04:34:56,945 Epoch 42 	 Loss 0.20273969101381825
2021-05-18 04:36:23,385 Epoch 43 	 Loss 0.20598102582025005
2021-05-18 04:37:49,884 Epoch 44 	 Loss 0.2068789786362386
2021-05-18 04:39:16,355 Epoch 45 	 Loss 0.1951430747797201
2021-05-18 04:40:42,834 Epoch 46 	 Loss 0.1962584993996463
2021-05-18 04:42:09,239 Epoch 47 	 Loss 0.20234253527698937
2021-05-18 04:43:35,617 Epoch 48 	 Loss 0.19097981855764493
2021-05-18 04:45:01,984 Epoch 49 	 Loss 0.19393608219675965
2021-05-18 04:46:28,415 Epoch 50 	 Loss 0.19170580231226408
2021-05-18 04:47:54,822 Epoch 51 	 Loss 0.1899438664153382
2021-05-18 04:49:21,258 Epoch 52 	 Loss 0.19416462507221724
2021-05-18 04:50:47,606 Epoch 53 	 Loss 0.1878136396408081
2021-05-18 04:52:14,105 Epoch 54 	 Loss 0.1831521961715195
2021-05-18 04:53:40,539 Epoch 55 	 Loss 0.18730806567511715
2021-05-18 04:55:06,996 Epoch 56 	 Loss 0.1837794901905479
2021-05-18 04:56:33,430 Epoch 57 	 Loss 0.18261015988313234
2021-05-18 04:58:00,001 Epoch 58 	 Loss 0.18144715339927883
2021-05-18 04:59:26,499 Epoch 59 	 Loss 0.17808464300501478
2021-05-18 05:00:52,844 Epoch 60 	 Loss 0.17570775878298414
2021-05-18 05:02:19,251 Epoch 61 	 Loss 0.17784663494471664
2021-05-18 05:03:45,733 Epoch 62 	 Loss 0.17934860526532917
2021-05-18 05:05:12,062 Epoch 63 	 Loss 0.17552682839252137
2021-05-18 05:06:38,532 Epoch 64 	 Loss 0.17226938412084683
2021-05-18 05:08:05,018 Epoch 65 	 Loss 0.17137904710822052
2021-05-18 05:09:31,480 Epoch 66 	 Loss 0.17054224603778714
2021-05-18 05:10:57,987 Epoch 67 	 Loss 0.1710564430270876
2021-05-18 05:12:24,301 Epoch 68 	 Loss 0.1684762933752039
2021-05-18 05:13:50,765 Epoch 69 	 Loss 0.16735961935022375
2021-05-18 05:15:17,299 Epoch 70 	 Loss 0.16880810801144486
2021-05-18 05:16:43,847 Epoch 71 	 Loss 0.16295870483576597
2021-05-18 05:18:10,242 Epoch 72 	 Loss 0.1650341555967436
2021-05-18 05:19:36,652 Epoch 73 	 Loss 0.16383304913620372
2021-05-18 05:21:03,061 Epoch 74 	 Loss 0.16437639050431305
2021-05-18 05:22:29,527 Epoch 75 	 Loss 0.16327732981561305
2021-05-18 05:23:56,011 Epoch 76 	 Loss 0.16237962393315283
2021-05-18 05:25:22,445 Epoch 77 	 Loss 0.1617222690320277
2021-05-18 05:26:48,891 Epoch 78 	 Loss 0.16046945472340007
2021-05-18 05:28:15,230 Epoch 79 	 Loss 0.162140361227832
2021-05-18 05:29:41,773 Epoch 80 	 Loss 0.15933492624170179
2021-05-18 05:31:08,198 Epoch 81 	 Loss 0.16013193867363773
2021-05-18 05:32:34,619 Epoch 82 	 Loss 0.15855287048187885
2021-05-18 05:34:01,135 Epoch 83 	 Loss 0.15938765072560573
2021-05-18 05:35:27,505 Epoch 84 	 Loss 0.1575146427193841
2021-05-18 05:36:53,969 Epoch 85 	 Loss 0.15907746782669654
2021-05-18 05:38:20,284 Epoch 86 	 Loss 0.1595598387194204
2021-05-18 05:39:46,762 Epoch 87 	 Loss 0.15660257449189385
2021-05-18 05:41:13,168 Epoch 88 	 Loss 0.15580579212733678
2021-05-18 05:42:39,509 Epoch 89 	 Loss 0.1590399355678768
2021-05-18 05:44:05,893 Epoch 90 	 Loss 0.1600222823384044
2021-05-18 05:45:32,275 Epoch 91 	 Loss 0.15741950764760868
2021-05-18 05:46:58,617 Epoch 92 	 Loss 0.1577436652976078
2021-05-18 05:48:24,978 Epoch 93 	 Loss 0.15636354578392847
2021-05-18 05:49:51,507 Epoch 94 	 Loss 0.1558914159189214
2021-05-18 05:51:17,878 Epoch 95 	 Loss 0.15739267352190647
2021-05-18 05:52:44,165 Epoch 96 	 Loss 0.15655483911325643
2021-05-18 05:54:10,604 Epoch 97 	 Loss 0.15465052212987626
2021-05-18 05:55:37,053 Epoch 98 	 Loss 0.1574271383521321
2021-05-18 05:57:03,526 Epoch 99 	 Loss 0.15568510811407488
2021-05-18 05:57:23,253 RESULT FOR DATASET CVC-300

2021-05-18 05:57:23,253 ==============================
2021-05-18 05:57:23,253 

2021-05-18 05:57:23,253 recall: 0.9390626981854439

2021-05-18 05:57:23,253 specificity: 0.9932847102483113

2021-05-18 05:57:23,253 precision: 0.8378060954312484

2021-05-18 05:57:23,253 F1: 0.8634869560599328

2021-05-18 05:57:23,253 F2: 0.8935459479689598

2021-05-18 05:57:23,253 ACC_overall: 0.9912905931472779

2021-05-18 05:57:23,253 IoU_poly: 0.7929678082466125

2021-05-18 05:57:23,253 IoU_bg: 0.9910539776086807

2021-05-18 05:57:23,253 IoU_mean: 0.8920108914375305

2021-05-18 05:57:23,253 ==============================
2021-05-18 05:57:23,253 

2021-05-18 05:57:38,857 RESULT FOR DATASET CVC-ClinicDB

2021-05-18 05:57:38,857 ==============================
2021-05-18 05:57:38,857 

2021-05-18 05:57:38,858 recall: 0.9445512641799606

2021-05-18 05:57:38,858 specificity: 0.9934176879544412

2021-05-18 05:57:38,858 precision: 0.8941884302579227

2021-05-18 05:57:38,858 F1: 0.9053536502328972

2021-05-18 05:57:38,858 F2: 0.9164416103815329

2021-05-18 05:57:38,858 ACC_overall: 0.9907432227365432

2021-05-18 05:57:38,858 IoU_poly: 0.8608668255197229

2021-05-18 05:57:38,858 IoU_bg: 0.9892822484816274

2021-05-18 05:57:38,858 IoU_mean: 0.9250745393576161

2021-05-18 05:57:38,858 ==============================
2021-05-18 05:57:38,858 

2021-05-18 05:58:08,722 RESULT FOR DATASET Kvasir

2021-05-18 05:58:08,722 ==============================
2021-05-18 05:58:08,722 

2021-05-18 05:58:08,722 recall: 0.9131989705562592

2021-05-18 05:58:08,722 specificity: 0.9896149969100952

2021-05-18 05:58:08,723 precision: 0.9411090731620788

2021-05-18 05:58:08,723 F1: 0.9134355494379998

2021-05-18 05:58:08,723 F2: 0.9101922088861465

2021-05-18 05:58:08,723 ACC_overall: 0.975060196518898

2021-05-18 05:58:08,723 IoU_poly: 0.8629449580609798

2021-05-18 05:58:08,723 IoU_bg: 0.9682186740636826

2021-05-18 05:58:08,723 IoU_mean: 0.9155818182229996

2021-05-18 05:58:08,723 ==============================
2021-05-18 05:58:08,723 

2021-05-18 06:00:02,288 RESULT FOR DATASET CVC-ColonDB

2021-05-18 06:00:02,288 ==============================
2021-05-18 06:00:02,288 

2021-05-18 06:00:02,288 recall: 0.8159056106622253

2021-05-18 06:00:02,289 specificity: 0.9843759155587146

2021-05-18 06:00:02,289 precision: 0.8044531444153491

2021-05-18 06:00:02,289 F1: 0.767969099513242

2021-05-18 06:00:02,289 F2: 0.7803359684310874

2021-05-18 06:00:02,289 ACC_overall: 0.9620361644970743

2021-05-18 06:00:02,289 IoU_poly: 0.6893669085822646

2021-05-18 06:00:02,289 IoU_bg: 0.9587310293787404

2021-05-18 06:00:02,289 IoU_mean: 0.8240489686005994

2021-05-18 06:00:02,289 ==============================
2021-05-18 06:00:02,289 

2021-05-18 06:01:24,364 RESULT FOR DATASET ETIS-LaribPolypDB

2021-05-18 06:01:24,364 ==============================
2021-05-18 06:01:24,364 

2021-05-18 06:01:24,364 recall: 0.8381897258360665

2021-05-18 06:01:24,364 specificity: 0.9853533165795463

2021-05-18 06:01:24,364 precision: 0.7380350930572316

2021-05-18 06:01:24,364 F1: 0.7344935783937184

2021-05-18 06:01:24,364 F2: 0.7781099596053982

2021-05-18 06:01:24,364 ACC_overall: 0.9829462128026145

2021-05-18 06:01:24,364 IoU_poly: 0.6530028205821632

2021-05-18 06:01:24,364 IoU_bg: 0.9820856990254655

2021-05-18 06:01:24,365 IoU_mean: 0.8175442591309547

2021-05-18 06:01:24,365 ==============================
2021-05-18 06:01:24,365 

