2021-05-17 22:38:40,449 Epoch 0 	 Loss 0.9680865623138764
2021-05-17 22:40:14,120 Epoch 1 	 Loss 0.6749752101662395
2021-05-17 22:41:49,153 Epoch 2 	 Loss 0.5464659621427347
2021-05-17 22:43:24,169 Epoch 3 	 Loss 0.4847872466831417
2021-05-17 22:44:58,313 Epoch 4 	 Loss 0.4441268463711162
2021-05-17 22:46:24,252 Epoch 5 	 Loss 0.4045789877136985
2021-05-17 22:47:50,107 Epoch 6 	 Loss 0.38373100888598094
2021-05-17 22:49:15,898 Epoch 7 	 Loss 0.37866742548706767
2021-05-17 22:50:41,739 Epoch 8 	 Loss 0.35118664195249366
2021-05-17 22:52:07,449 Epoch 9 	 Loss 0.34358812213599027
2021-05-17 22:53:33,267 Epoch 10 	 Loss 0.3139290601670087
2021-05-17 22:54:59,063 Epoch 11 	 Loss 0.3227444230527668
2021-05-17 22:56:24,805 Epoch 12 	 Loss 0.30117293111570587
2021-05-17 22:57:50,604 Epoch 13 	 Loss 0.3103201666048595
2021-05-17 22:59:16,355 Epoch 14 	 Loss 0.2850673522923019
2021-05-17 23:00:42,050 Epoch 15 	 Loss 0.2918867635857928
2021-05-17 23:02:07,819 Epoch 16 	 Loss 0.28187256052598847
2021-05-17 23:03:33,573 Epoch 17 	 Loss 0.2735550433069795
2021-05-17 23:04:59,293 Epoch 18 	 Loss 0.261631605553103
2021-05-17 23:06:25,126 Epoch 19 	 Loss 0.26644226826809264
2021-05-17 23:07:50,759 Epoch 20 	 Loss 0.26455968290894893
2021-05-17 23:09:16,604 Epoch 21 	 Loss 0.2582923730651101
2021-05-17 23:10:42,365 Epoch 22 	 Loss 0.2544747800617428
2021-05-17 23:12:07,991 Epoch 23 	 Loss 0.25467861812193315
2021-05-17 23:13:33,738 Epoch 24 	 Loss 0.25046644728262346
2021-05-17 23:14:59,396 Epoch 25 	 Loss 0.24415932235481974
2021-05-17 23:16:25,152 Epoch 26 	 Loss 0.24768979388933915
2021-05-17 23:17:50,972 Epoch 27 	 Loss 0.23301817149251372
2021-05-17 23:19:16,708 Epoch 28 	 Loss 0.2374407179080523
2021-05-17 23:20:42,457 Epoch 29 	 Loss 0.22701311160574902
2021-05-17 23:22:08,257 Epoch 30 	 Loss 0.24209162756636904
2021-05-17 23:23:34,144 Epoch 31 	 Loss 0.22150716922440372
2021-05-17 23:25:00,001 Epoch 32 	 Loss 0.22272207874518174
2021-05-17 23:26:25,730 Epoch 33 	 Loss 0.22809076489328028
2021-05-17 23:27:51,516 Epoch 34 	 Loss 0.21869114467075892
2021-05-17 23:29:17,327 Epoch 35 	 Loss 0.2238450833074339
2021-05-17 23:30:43,492 Epoch 36 	 Loss 0.220842597085041
2021-05-17 23:32:09,327 Epoch 37 	 Loss 0.21413215176089778
2021-05-17 23:33:35,138 Epoch 38 	 Loss 0.20775843468996194
2021-05-17 23:35:00,922 Epoch 39 	 Loss 0.2048691355592602
2021-05-17 23:36:26,598 Epoch 40 	 Loss 0.20711248245213057
2021-05-17 23:37:52,267 Epoch 41 	 Loss 0.20205380300899128
2021-05-17 23:39:17,868 Epoch 42 	 Loss 0.20544298255181576
2021-05-17 23:40:43,606 Epoch 43 	 Loss 0.2006720163664975
2021-05-17 23:42:09,275 Epoch 44 	 Loss 0.1983802182661308
2021-05-17 23:43:34,984 Epoch 45 	 Loss 0.19621914215795286
2021-05-17 23:45:00,724 Epoch 46 	 Loss 0.1957581740814251
2021-05-17 23:46:26,482 Epoch 47 	 Loss 0.19008029063979348
2021-05-17 23:47:52,232 Epoch 48 	 Loss 0.19153328043418927
2021-05-17 23:49:17,888 Epoch 49 	 Loss 0.18534300386250674
2021-05-17 23:50:43,603 Epoch 50 	 Loss 0.18838069285010242
2021-05-17 23:52:09,300 Epoch 51 	 Loss 0.18628911739522283
2021-05-17 23:53:34,899 Epoch 52 	 Loss 0.18575351169476143
2021-05-17 23:55:00,674 Epoch 53 	 Loss 0.18518004378119668
2021-05-17 23:56:26,386 Epoch 54 	 Loss 0.1832963526248932
2021-05-17 23:57:52,139 Epoch 55 	 Loss 0.18508520018268418
2021-05-17 23:59:17,721 Epoch 56 	 Loss 0.18666731754502097
2021-05-18 00:00:43,381 Epoch 57 	 Loss 0.18243374208827595
2021-05-18 00:02:09,028 Epoch 58 	 Loss 0.17888466064091568
2021-05-18 00:03:34,841 Epoch 59 	 Loss 0.17589007187020647
2021-05-18 00:05:00,517 Epoch 60 	 Loss 0.17403264392863263
2021-05-18 00:06:26,290 Epoch 61 	 Loss 0.17157425575858945
2021-05-18 00:07:51,930 Epoch 62 	 Loss 0.17199119941873864
2021-05-18 00:09:17,742 Epoch 63 	 Loss 0.17344940584766996
2021-05-18 00:10:43,487 Epoch 64 	 Loss 0.17099112092138646
2021-05-18 00:12:09,196 Epoch 65 	 Loss 0.16860016607321227
2021-05-18 00:13:34,906 Epoch 66 	 Loss 0.16511797536532957
2021-05-18 00:15:00,634 Epoch 67 	 Loss 0.16690804768394638
2021-05-18 00:16:26,330 Epoch 68 	 Loss 0.16707578817239174
2021-05-18 00:17:52,002 Epoch 69 	 Loss 0.16513430908486082
2021-05-18 00:19:17,652 Epoch 70 	 Loss 0.1643929668180235
2021-05-18 00:20:43,464 Epoch 71 	 Loss 0.1598317216222103
2021-05-18 00:22:09,216 Epoch 72 	 Loss 0.16547859681176616
2021-05-18 00:23:35,010 Epoch 73 	 Loss 0.16284843681605307
2021-05-18 00:25:00,768 Epoch 74 	 Loss 0.16349095990369608
2021-05-18 00:26:26,436 Epoch 75 	 Loss 0.1604637153201051
2021-05-18 00:27:52,092 Epoch 76 	 Loss 0.1587113055226567
2021-05-18 00:29:17,888 Epoch 77 	 Loss 0.15613608348828095
2021-05-18 00:30:43,587 Epoch 78 	 Loss 0.15962578102455036
2021-05-18 00:32:09,217 Epoch 79 	 Loss 0.161422440966407
2021-05-18 00:33:34,964 Epoch 80 	 Loss 0.16008892237812608
2021-05-18 00:35:00,648 Epoch 81 	 Loss 0.1568030540595998
2021-05-18 00:36:26,404 Epoch 82 	 Loss 0.16009161449395692
2021-05-18 00:37:52,140 Epoch 83 	 Loss 0.15473944611929275
2021-05-18 00:39:17,869 Epoch 84 	 Loss 0.15538530960515307
2021-05-18 00:40:43,747 Epoch 85 	 Loss 0.15695521055342077
2021-05-18 00:42:09,431 Epoch 86 	 Loss 0.15485808507099255
2021-05-18 00:43:35,225 Epoch 87 	 Loss 0.1550513044163421
2021-05-18 00:45:00,864 Epoch 88 	 Loss 0.15759067433875995
2021-05-18 00:46:26,538 Epoch 89 	 Loss 0.15686956219948256
2021-05-18 00:47:52,247 Epoch 90 	 Loss 0.15398280199739958
2021-05-18 00:49:17,983 Epoch 91 	 Loss 0.1536338177028593
2021-05-18 00:50:43,719 Epoch 92 	 Loss 0.15374124688761576
2021-05-18 00:52:09,393 Epoch 93 	 Loss 0.15484623381724724
2021-05-18 00:53:35,097 Epoch 94 	 Loss 0.15202779036301833
2021-05-18 00:55:00,767 Epoch 95 	 Loss 0.15358748982895862
2021-05-18 00:56:26,484 Epoch 96 	 Loss 0.15387786540028814
2021-05-18 00:57:52,137 Epoch 97 	 Loss 0.15388540268599332
2021-05-18 00:59:17,991 Epoch 98 	 Loss 0.1550388589992628
2021-05-18 01:00:43,590 Epoch 99 	 Loss 0.15319521512304032
2021-05-18 01:01:03,225 RESULT FOR DATASET CVC-300

2021-05-18 01:01:03,225 ==============================
2021-05-18 01:01:03,225 

2021-05-18 01:01:03,225 recall: 0.9536790132522583

2021-05-18 01:01:03,225 specificity: 0.9946757982174556

2021-05-18 01:01:03,225 precision: 0.8515626316269239

2021-05-18 01:01:03,225 F1: 0.8867319588859875

2021-05-18 01:01:03,225 F2: 0.9190823217233022

2021-05-18 01:01:03,225 ACC_overall: 0.9933495352665583

2021-05-18 01:01:03,225 IoU_poly: 0.8180040843784809

2021-05-18 01:01:03,225 IoU_bg: 0.9931131392717362

2021-05-18 01:01:03,225 IoU_mean: 0.9055586169163387

2021-05-18 01:01:03,225 ==============================
2021-05-18 01:01:03,225 

2021-05-18 01:01:18,924 RESULT FOR DATASET CVC-ClinicDB

2021-05-18 01:01:18,925 ==============================
2021-05-18 01:01:18,925 

2021-05-18 01:01:18,925 recall: 0.9501846499981419

2021-05-18 01:01:18,925 specificity: 0.993886310246683

2021-05-18 01:01:18,925 precision: 0.9040418054548002

2021-05-18 01:01:18,925 F1: 0.9160802192505328

2021-05-18 01:01:18,925 F2: 0.9282444804426162

2021-05-18 01:01:18,925 ACC_overall: 0.9907220765467613

2021-05-18 01:01:18,925 IoU_poly: 0.8678414512786173

2021-05-18 01:01:18,925 IoU_bg: 0.9890401892123684

2021-05-18 01:01:18,925 IoU_mean: 0.9284408207862608

2021-05-18 01:01:18,925 ==============================
2021-05-18 01:01:18,925 

2021-05-18 01:01:48,844 RESULT FOR DATASET Kvasir

2021-05-18 01:01:48,844 ==============================
2021-05-18 01:01:48,844 

2021-05-18 01:01:48,844 recall: 0.9099490152299404

2021-05-18 01:01:48,845 specificity: 0.991622399687767

2021-05-18 01:01:48,845 precision: 0.9438090121746063

2021-05-18 01:01:48,845 F1: 0.9156170704960823

2021-05-18 01:01:48,845 F2: 0.9102285215258599

2021-05-18 01:01:48,845 ACC_overall: 0.9758698099851608

2021-05-18 01:01:48,845 IoU_poly: 0.8661736238002777

2021-05-18 01:01:48,845 IoU_bg: 0.9694596061110496

2021-05-18 01:01:48,845 IoU_mean: 0.917816618680954

2021-05-18 01:01:48,845 ==============================
2021-05-18 01:01:48,845 

2021-05-18 01:03:42,213 RESULT FOR DATASET CVC-ColonDB

2021-05-18 01:03:42,213 ==============================
2021-05-18 01:03:42,213 

2021-05-18 01:03:42,213 recall: 0.8101055013058589

2021-05-18 01:03:42,213 specificity: 0.9902187173303805

2021-05-18 01:03:42,213 precision: 0.8325596048737919

2021-05-18 01:03:42,213 F1: 0.7724298323986898

2021-05-18 01:03:42,213 F2: 0.7832216431223754

2021-05-18 01:03:42,213 ACC_overall: 0.9632081590200725

2021-05-18 01:03:42,213 IoU_poly: 0.6951699475586864

2021-05-18 01:03:42,214 IoU_bg: 0.9606277396804408

2021-05-18 01:03:42,214 IoU_mean: 0.8278988429590275

2021-05-18 01:03:42,214 ==============================
2021-05-18 01:03:42,214 

2021-05-18 01:05:04,208 RESULT FOR DATASET ETIS-LaribPolypDB

2021-05-18 01:05:04,209 ==============================
2021-05-18 01:05:04,209 

2021-05-18 01:05:04,209 recall: 0.8331602969803257

2021-05-18 01:05:04,209 specificity: 0.9887792282566732

2021-05-18 01:05:04,209 precision: 0.746814159653976

2021-05-18 01:05:04,209 F1: 0.753435777803644

2021-05-18 01:05:04,209 F2: 0.793983476107834

2021-05-18 01:05:04,209 ACC_overall: 0.9860541601570285

2021-05-18 01:05:04,209 IoU_poly: 0.6739331439820401

2021-05-18 01:05:04,209 IoU_bg: 0.9853139288571416

2021-05-18 01:05:04,209 IoU_mean: 0.82962353588367

2021-05-18 01:05:04,209 ==============================
2021-05-18 01:05:04,209 

