2021-05-20 04:15:40,137 Epoch 0 	 Loss 0.6624640766735915
2021-05-20 04:16:56,040 Epoch 1 	 Loss 0.43872706772206904
2021-05-20 04:18:11,942 Epoch 2 	 Loss 0.3807330922438548
2021-05-20 04:19:27,950 Epoch 3 	 Loss 0.35814327001571655
2021-05-20 04:20:43,962 Epoch 4 	 Loss 0.3364184335037902
2021-05-20 04:21:59,998 Epoch 5 	 Loss 0.3415910809577166
2021-05-20 04:23:16,034 Epoch 6 	 Loss 0.30548565810198314
2021-05-20 04:24:32,144 Epoch 7 	 Loss 0.3019075580350645
2021-05-20 04:25:48,139 Epoch 8 	 Loss 0.28726394916628745
2021-05-20 04:27:04,174 Epoch 9 	 Loss 0.2854084524807039
2021-05-20 04:28:20,158 Epoch 10 	 Loss 0.28142800272166074
2021-05-20 04:29:36,178 Epoch 11 	 Loss 0.27799610269593666
2021-05-20 04:30:52,181 Epoch 12 	 Loss 0.2667961836188704
2021-05-20 04:32:08,190 Epoch 13 	 Loss 0.26169049870836864
2021-05-20 04:33:24,133 Epoch 14 	 Loss 0.2583752981909029
2021-05-20 04:34:40,218 Epoch 15 	 Loss 0.2607968893352446
2021-05-20 04:35:56,311 Epoch 16 	 Loss 0.2504909110593272
2021-05-20 04:37:12,400 Epoch 17 	 Loss 0.24585938781172365
2021-05-20 04:38:28,386 Epoch 18 	 Loss 0.23701952201324505
2021-05-20 04:39:44,432 Epoch 19 	 Loss 0.24359383949866661
2021-05-20 04:41:00,550 Epoch 20 	 Loss 0.23234781852135292
2021-05-20 04:42:16,609 Epoch 21 	 Loss 0.23449408680528075
2021-05-20 04:43:32,639 Epoch 22 	 Loss 0.22750870343093033
2021-05-20 04:44:48,562 Epoch 23 	 Loss 0.2276814260653087
2021-05-20 04:46:04,534 Epoch 24 	 Loss 0.22593109751795673
2021-05-20 04:47:20,635 Epoch 25 	 Loss 0.23254124771107684
2021-05-20 04:48:36,689 Epoch 26 	 Loss 0.23585761346659817
2021-05-20 04:49:52,812 Epoch 27 	 Loss 0.22540377031315814
2021-05-20 04:51:08,856 Epoch 28 	 Loss 0.22053894466096227
2021-05-20 04:52:24,916 Epoch 29 	 Loss 0.2244002524313036
2021-05-20 04:53:40,935 Epoch 30 	 Loss 0.21853735600854016
2021-05-20 04:54:56,959 Epoch 31 	 Loss 0.20904039370489644
2021-05-20 04:56:12,990 Epoch 32 	 Loss 0.20025086681266407
2021-05-20 04:57:29,097 Epoch 33 	 Loss 0.2151278039583793
2021-05-20 04:58:45,213 Epoch 34 	 Loss 0.20990348877487602
2021-05-20 05:00:01,162 Epoch 35 	 Loss 0.19988515956716224
2021-05-20 05:01:17,198 Epoch 36 	 Loss 0.19764519114415724
2021-05-20 05:02:33,193 Epoch 37 	 Loss 0.19432663393544627
2021-05-20 05:03:49,139 Epoch 38 	 Loss 0.19645899616099977
2021-05-20 05:05:05,094 Epoch 39 	 Loss 0.1902295565539664
2021-05-20 05:06:21,061 Epoch 40 	 Loss 0.1955273641007287
2021-05-20 05:07:37,117 Epoch 41 	 Loss 0.1839352017575568
2021-05-20 05:08:53,189 Epoch 42 	 Loss 0.18377171587813032
2021-05-20 05:10:09,310 Epoch 43 	 Loss 0.19797523548969856
2021-05-20 05:11:25,266 Epoch 44 	 Loss 0.18842904973816085
2021-05-20 05:12:41,287 Epoch 45 	 Loss 0.18207340941324338
2021-05-20 05:13:57,422 Epoch 46 	 Loss 0.1787248563307982
2021-05-20 05:15:13,491 Epoch 47 	 Loss 0.1863077327117815
2021-05-20 05:16:29,519 Epoch 48 	 Loss 0.18262026532665715
2021-05-20 05:17:45,618 Epoch 49 	 Loss 0.17560175028476085
2021-05-20 05:19:01,608 Epoch 50 	 Loss 0.1734375277390847
2021-05-20 05:20:17,638 Epoch 51 	 Loss 0.17782238158550892
2021-05-20 05:21:33,687 Epoch 52 	 Loss 0.17142773296806837
2021-05-20 05:22:49,646 Epoch 53 	 Loss 0.17154353545917259
2021-05-20 05:24:05,753 Epoch 54 	 Loss 0.16933713722360003
2021-05-20 05:25:21,897 Epoch 55 	 Loss 0.16477209460604322
2021-05-20 05:26:38,022 Epoch 56 	 Loss 0.1635582325058979
2021-05-20 05:27:54,016 Epoch 57 	 Loss 0.16387239409672036
2021-05-20 05:29:10,161 Epoch 58 	 Loss 0.16102752187749841
2021-05-20 05:30:26,479 Epoch 59 	 Loss 0.16119162230701237
2021-05-20 05:31:44,356 Epoch 60 	 Loss 0.15946633696228593
2021-05-20 05:33:01,345 Epoch 61 	 Loss 0.16200202220416332
2021-05-20 05:34:17,582 Epoch 62 	 Loss 0.15831699148639217
2021-05-20 05:35:33,768 Epoch 63 	 Loss 0.15763470661509169
2021-05-20 05:36:49,920 Epoch 64 	 Loss 0.1560413807958037
2021-05-20 05:38:05,996 Epoch 65 	 Loss 0.15672914683818817
2021-05-20 05:39:22,173 Epoch 66 	 Loss 0.1537384936933989
2021-05-20 05:40:38,454 Epoch 67 	 Loss 0.1544274415943649
2021-05-20 05:41:54,450 Epoch 68 	 Loss 0.15204922257216422
2021-05-20 05:43:10,584 Epoch 69 	 Loss 0.1527250756274213
2021-05-20 05:44:26,678 Epoch 70 	 Loss 0.15069291912592375
2021-05-20 05:45:42,874 Epoch 71 	 Loss 0.14845795045187185
2021-05-20 05:46:59,029 Epoch 72 	 Loss 0.14955831867652936
2021-05-20 05:48:15,100 Epoch 73 	 Loss 0.14760233871229403
2021-05-20 05:49:31,179 Epoch 74 	 Loss 0.14958260355742423
2021-05-20 05:50:47,366 Epoch 75 	 Loss 0.14753164629359822
2021-05-20 05:52:03,353 Epoch 76 	 Loss 0.14871248127994957
2021-05-20 05:53:19,474 Epoch 77 	 Loss 0.14679098374895996
2021-05-20 05:54:35,581 Epoch 78 	 Loss 0.14774551537338193
2021-05-20 05:55:51,647 Epoch 79 	 Loss 0.144905479154089
2021-05-20 05:57:07,878 Epoch 80 	 Loss 0.14387811908682624
2021-05-20 05:58:23,925 Epoch 81 	 Loss 0.14224575885704585
2021-05-20 05:59:40,045 Epoch 82 	 Loss 0.1421908560198742
2021-05-20 06:00:56,169 Epoch 83 	 Loss 0.14443053624459676
2021-05-20 06:02:12,302 Epoch 84 	 Loss 0.14422217257075257
2021-05-20 06:03:28,423 Epoch 85 	 Loss 0.14416711900260423
2021-05-20 06:04:44,601 Epoch 86 	 Loss 0.14280531776475383
2021-05-20 06:06:00,674 Epoch 87 	 Loss 0.14048585836048966
2021-05-20 06:07:16,860 Epoch 88 	 Loss 0.14353077367439374
2021-05-20 06:08:32,966 Epoch 89 	 Loss 0.1435908670281316
2021-05-20 06:09:49,094 Epoch 90 	 Loss 0.1396488037246924
2021-05-20 06:11:05,217 Epoch 91 	 Loss 0.14144129371577566
2021-05-20 06:12:21,256 Epoch 92 	 Loss 0.14051963200608453
2021-05-20 06:13:37,514 Epoch 93 	 Loss 0.14046078674740844
2021-05-20 06:14:53,522 Epoch 94 	 Loss 0.1412343537578216
2021-05-20 06:16:09,554 Epoch 95 	 Loss 0.13965246081352234
2021-05-20 06:17:25,663 Epoch 96 	 Loss 0.14270879639374032
2021-05-20 06:18:41,720 Epoch 97 	 Loss 0.14350892456023248
2021-05-20 06:19:57,722 Epoch 98 	 Loss 0.1411233079302442
2021-05-20 06:21:13,901 Epoch 99 	 Loss 0.1411451762849158
2021-05-20 06:21:34,409 RESULT FOR DATASET CVC-300

2021-05-20 06:21:34,409 ==============================
2021-05-20 06:21:34,409 

2021-05-20 06:21:34,409 recall: 0.9542131890853246

2021-05-20 06:21:34,409 specificity: 0.9938616295655568

2021-05-20 06:21:34,409 precision: 0.8515292449543873

2021-05-20 06:21:34,409 F1: 0.8833393052220344

2021-05-20 06:21:34,409 F2: 0.9139702558517456

2021-05-20 06:21:34,409 ACC_overall: 0.9925137082735698

2021-05-20 06:21:34,409 IoU_poly: 0.8171095485488574

2021-05-20 06:21:34,409 IoU_bg: 0.9922640810410182

2021-05-20 06:21:34,409 IoU_mean: 0.9046868125597636

2021-05-20 06:21:34,409 ==============================
2021-05-20 06:21:34,409 

2021-05-20 06:21:50,113 RESULT FOR DATASET CVC-ClinicDB

2021-05-20 06:21:50,113 ==============================
2021-05-20 06:21:50,113 

2021-05-20 06:21:50,113 recall: 0.9259187045597261

2021-05-20 06:21:50,113 specificity: 0.9952559009675057

2021-05-20 06:21:50,113 precision: 0.9180025991893583

2021-05-20 06:21:50,113 F1: 0.9107402451073511

2021-05-20 06:21:50,113 F2: 0.9145870217865694

2021-05-20 06:21:50,113 ACC_overall: 0.9924177863905507

2021-05-20 06:21:50,113 IoU_poly: 0.8621934529134794

2021-05-20 06:21:50,113 IoU_bg: 0.991055166529071

2021-05-20 06:21:50,113 IoU_mean: 0.9266243067479902

2021-05-20 06:21:50,113 ==============================
2021-05-20 06:21:50,113 

2021-05-20 06:22:20,018 RESULT FOR DATASET Kvasir

2021-05-20 06:22:20,018 ==============================
2021-05-20 06:22:20,019 

2021-05-20 06:22:20,019 recall: 0.8975634978711605

2021-05-20 06:22:20,019 specificity: 0.9896925616264344

2021-05-20 06:22:20,019 precision: 0.9453838385269046

2021-05-20 06:22:20,019 F1: 0.9084365931153298

2021-05-20 06:22:20,019 F2: 0.8984987489134073

2021-05-20 06:22:20,019 ACC_overall: 0.9701353853940964

2021-05-20 06:22:20,019 IoU_poly: 0.8554463000409305

2021-05-20 06:22:20,019 IoU_bg: 0.9629527044296264

2021-05-20 06:22:20,019 IoU_mean: 0.9091995012760162

2021-05-20 06:22:20,019 ==============================
2021-05-20 06:22:20,019 

2021-05-20 06:24:13,747 RESULT FOR DATASET CVC-ColonDB

2021-05-20 06:24:13,747 ==============================
2021-05-20 06:24:13,747 

2021-05-20 06:24:13,747 recall: 0.7865816000071869

2021-05-20 06:24:13,747 specificity: 0.9865888368142278

2021-05-20 06:24:13,747 precision: 0.8341327819518962

2021-05-20 06:24:13,747 F1: 0.7526425408097279

2021-05-20 06:24:13,747 F2: 0.7597835189423628

2021-05-20 06:24:13,747 ACC_overall: 0.9614978831065328

2021-05-20 06:24:13,747 IoU_poly: 0.6781890412425223

2021-05-20 06:24:13,747 IoU_bg: 0.9585244294059904

2021-05-20 06:24:13,747 IoU_mean: 0.8183567353769352

2021-05-20 06:24:13,747 ==============================
2021-05-20 06:24:13,748 

2021-05-20 06:25:35,641 RESULT FOR DATASET ETIS-LaribPolypDB

2021-05-20 06:25:35,641 ==============================
2021-05-20 06:25:35,641 

2021-05-20 06:25:35,641 recall: 0.8568997362831026

2021-05-20 06:25:35,641 specificity: 0.9858685278770875

2021-05-20 06:25:35,642 precision: 0.7302694850534083

2021-05-20 06:25:35,642 F1: 0.757263066250094

2021-05-20 06:25:35,642 F2: 0.80128366107025

2021-05-20 06:25:35,642 ACC_overall: 0.983740786508638

2021-05-20 06:25:35,642 IoU_poly: 0.6782171120358698

2021-05-20 06:25:35,642 IoU_bg: 0.9830435064374184

2021-05-20 06:25:35,642 IoU_mean: 0.8306303089674638

2021-05-20 06:25:35,642 ==============================
2021-05-20 06:25:35,642 

