2021-05-20 06:26:55,650 Epoch 0 	 Loss 0.6582630751552162
2021-05-20 06:28:11,975 Epoch 1 	 Loss 0.4478027669938056
2021-05-20 06:29:28,579 Epoch 2 	 Loss 0.3876868941626706
2021-05-20 06:30:45,160 Epoch 3 	 Loss 0.35516160431799
2021-05-20 06:32:01,692 Epoch 4 	 Loss 0.34468889170950584
2021-05-20 06:33:18,208 Epoch 5 	 Loss 0.3219987553554577
2021-05-20 06:34:34,840 Epoch 6 	 Loss 0.3119572006411605
2021-05-20 06:35:51,492 Epoch 7 	 Loss 0.313235247364411
2021-05-20 06:37:08,107 Epoch 8 	 Loss 0.3026501844217489
2021-05-20 06:38:24,621 Epoch 9 	 Loss 0.28819246966760237
2021-05-20 06:39:41,193 Epoch 10 	 Loss 0.27854122581717733
2021-05-20 06:40:57,730 Epoch 11 	 Loss 0.2752762666115394
2021-05-20 06:42:14,320 Epoch 12 	 Loss 0.26107769353049143
2021-05-20 06:43:30,893 Epoch 13 	 Loss 0.2620520521323759
2021-05-20 06:44:47,511 Epoch 14 	 Loss 0.25715329440740436
2021-05-20 06:46:04,058 Epoch 15 	 Loss 0.2516087084026127
2021-05-20 06:47:20,719 Epoch 16 	 Loss 0.24299873444405232
2021-05-20 06:48:37,274 Epoch 17 	 Loss 0.2468234018965082
2021-05-20 06:49:53,930 Epoch 18 	 Loss 0.24365997789325294
2021-05-20 06:51:10,617 Epoch 19 	 Loss 0.23543935719427173
2021-05-20 06:52:27,161 Epoch 20 	 Loss 0.23553651931521657
2021-05-20 06:53:43,796 Epoch 21 	 Loss 0.24016925479684556
2021-05-20 06:55:00,607 Epoch 22 	 Loss 0.22890557659851327
2021-05-20 06:56:17,200 Epoch 23 	 Loss 0.23252808081579732
2021-05-20 06:57:33,871 Epoch 24 	 Loss 0.2289275369801364
2021-05-20 06:58:50,512 Epoch 25 	 Loss 0.2201226273408303
2021-05-20 07:00:07,059 Epoch 26 	 Loss 0.21201545736946903
2021-05-20 07:01:23,639 Epoch 27 	 Loss 0.2115442797050371
2021-05-20 07:02:40,271 Epoch 28 	 Loss 0.20558563431540688
2021-05-20 07:03:56,807 Epoch 29 	 Loss 0.2093024247295254
2021-05-20 07:05:13,383 Epoch 30 	 Loss 0.21347311712228334
2021-05-20 07:06:30,045 Epoch 31 	 Loss 0.22063054733878965
2021-05-20 07:07:46,582 Epoch 32 	 Loss 0.20753244548053532
2021-05-20 07:09:03,407 Epoch 33 	 Loss 0.20464016153262213
2021-05-20 07:10:20,157 Epoch 34 	 Loss 0.19690923802145235
2021-05-20 07:11:37,018 Epoch 35 	 Loss 0.19677984861882178
2021-05-20 07:12:53,887 Epoch 36 	 Loss 0.20404047347032106
2021-05-20 07:14:10,506 Epoch 37 	 Loss 0.18915942458661048
2021-05-20 07:15:26,992 Epoch 38 	 Loss 0.18652471932736073
2021-05-20 07:16:43,569 Epoch 39 	 Loss 0.18815305534299914
2021-05-20 07:18:00,200 Epoch 40 	 Loss 0.19719388082132236
2021-05-20 07:19:16,844 Epoch 41 	 Loss 0.19493915402627254
2021-05-20 07:20:33,471 Epoch 42 	 Loss 0.18849333121881381
2021-05-20 07:21:50,156 Epoch 43 	 Loss 0.18819245581443494
2021-05-20 07:23:06,772 Epoch 44 	 Loss 0.18071356808746253
2021-05-20 07:24:23,442 Epoch 45 	 Loss 0.18053044706255525
2021-05-20 07:25:40,056 Epoch 46 	 Loss 0.1785479250190022
2021-05-20 07:26:56,604 Epoch 47 	 Loss 0.1794696867793471
2021-05-20 07:28:13,198 Epoch 48 	 Loss 0.17545968769015846
2021-05-20 07:29:29,784 Epoch 49 	 Loss 0.17721851022688898
2021-05-20 07:30:46,325 Epoch 50 	 Loss 0.17310197438512528
2021-05-20 07:32:02,952 Epoch 51 	 Loss 0.17388722333279286
2021-05-20 07:33:19,654 Epoch 52 	 Loss 0.16994027498659198
2021-05-20 07:34:36,284 Epoch 53 	 Loss 0.1687195361643047
2021-05-20 07:35:52,910 Epoch 54 	 Loss 0.16531692707276607
2021-05-20 07:37:09,643 Epoch 55 	 Loss 0.16610300696485644
2021-05-20 07:38:26,322 Epoch 56 	 Loss 0.16724019669569457
2021-05-20 07:39:42,908 Epoch 57 	 Loss 0.16549198525947528
2021-05-20 07:40:59,388 Epoch 58 	 Loss 0.16843712870236283
2021-05-20 07:42:16,049 Epoch 59 	 Loss 0.16106727514620667
2021-05-20 07:43:32,631 Epoch 60 	 Loss 0.16367903007910803
2021-05-20 07:44:49,301 Epoch 61 	 Loss 0.1586649973805134
2021-05-20 07:46:05,820 Epoch 62 	 Loss 0.15416328887363057
2021-05-20 07:47:22,372 Epoch 63 	 Loss 0.15654687215011198
2021-05-20 07:48:39,051 Epoch 64 	 Loss 0.1537858437705826
2021-05-20 07:49:55,612 Epoch 65 	 Loss 0.15255879307841205
2021-05-20 07:51:12,243 Epoch 66 	 Loss 0.15177709011586157
2021-05-20 07:52:28,994 Epoch 67 	 Loss 0.15301842381665995
2021-05-20 07:53:45,636 Epoch 68 	 Loss 0.1520307793558299
2021-05-20 07:55:02,363 Epoch 69 	 Loss 0.15269570502933566
2021-05-20 07:56:19,019 Epoch 70 	 Loss 0.14908497264752021
2021-05-20 07:57:35,604 Epoch 71 	 Loss 0.14750556222030095
2021-05-20 07:58:52,277 Epoch 72 	 Loss 0.14941198321489188
2021-05-20 08:00:08,831 Epoch 73 	 Loss 0.14610542266905963
2021-05-20 08:01:25,395 Epoch 74 	 Loss 0.1470876930506675
2021-05-20 08:02:42,093 Epoch 75 	 Loss 0.14535436443575137
2021-05-20 08:03:58,618 Epoch 76 	 Loss 0.14345892477821517
2021-05-20 08:05:15,042 Epoch 77 	 Loss 0.14546515768045906
2021-05-20 08:06:31,535 Epoch 78 	 Loss 0.14266925509814377
2021-05-20 08:07:48,260 Epoch 79 	 Loss 0.14459079610449926
2021-05-20 08:09:04,820 Epoch 80 	 Loss 0.14385136798187925
2021-05-20 08:10:21,463 Epoch 81 	 Loss 0.1434240997001365
2021-05-20 08:11:38,039 Epoch 82 	 Loss 0.14118427979749637
2021-05-20 08:12:54,603 Epoch 83 	 Loss 0.1429294725204562
2021-05-20 08:14:11,224 Epoch 84 	 Loss 0.14243286405945874
2021-05-20 08:15:27,741 Epoch 85 	 Loss 0.14287124541434612
2021-05-20 08:16:44,430 Epoch 86 	 Loss 0.13975164007682067
2021-05-20 08:18:01,026 Epoch 87 	 Loss 0.14003620124780214
2021-05-20 08:19:17,758 Epoch 88 	 Loss 0.143236188852525
2021-05-20 08:20:34,279 Epoch 89 	 Loss 0.1407600122166204
2021-05-20 08:21:50,904 Epoch 90 	 Loss 0.14130885080321803
2021-05-20 08:23:07,500 Epoch 91 	 Loss 0.13811147319419043
2021-05-20 08:24:24,071 Epoch 92 	 Loss 0.13752520313629737
2021-05-20 08:25:40,733 Epoch 93 	 Loss 0.1391088597394608
2021-05-20 08:26:57,398 Epoch 94 	 Loss 0.14305912989836472
2021-05-20 08:28:14,023 Epoch 95 	 Loss 0.14028183469078043
2021-05-20 08:29:30,589 Epoch 96 	 Loss 0.1404431177364601
2021-05-20 08:30:47,073 Epoch 97 	 Loss 0.13845383719756052
2021-05-20 08:32:03,626 Epoch 98 	 Loss 0.1405069615978461
2021-05-20 08:33:20,259 Epoch 99 	 Loss 0.1391737802506803
2021-05-20 08:33:40,894 RESULT FOR DATASET CVC-300

2021-05-20 08:33:40,894 ==============================
2021-05-20 08:33:40,894 

2021-05-20 08:33:40,894 recall: 0.9504711329936981

2021-05-20 08:33:40,894 specificity: 0.9921556850274403

2021-05-20 08:33:40,895 precision: 0.8476980759451787

2021-05-20 08:33:40,895 F1: 0.8734466262161732

2021-05-20 08:33:40,895 F2: 0.9001587748527526

2021-05-20 08:33:40,895 ACC_overall: 0.9906911174456279

2021-05-20 08:33:40,895 IoU_poly: 0.8108827278017998

2021-05-20 08:33:40,895 IoU_bg: 0.9904366115729014

2021-05-20 08:33:40,895 IoU_mean: 0.9006596689422925

2021-05-20 08:33:40,895 ==============================
2021-05-20 08:33:40,895 

2021-05-20 08:33:56,619 RESULT FOR DATASET CVC-ClinicDB

2021-05-20 08:33:56,619 ==============================
2021-05-20 08:33:56,619 

2021-05-20 08:33:56,619 recall: 0.9436695788153296

2021-05-20 08:33:56,620 specificity: 0.9939003106086485

2021-05-20 08:33:56,620 precision: 0.9013005467732588

2021-05-20 08:33:56,620 F1: 0.9097845781474344

2021-05-20 08:33:56,620 F2: 0.9192607346208646

2021-05-20 08:33:56,620 ACC_overall: 0.9915096259886219

2021-05-20 08:33:56,620 IoU_poly: 0.8662802230814592

2021-05-20 08:33:56,620 IoU_bg: 0.9903301385141188

2021-05-20 08:33:56,620 IoU_mean: 0.9283051808034221

2021-05-20 08:33:56,620 ==============================
2021-05-20 08:33:56,620 

2021-05-20 08:34:26,564 RESULT FOR DATASET Kvasir

2021-05-20 08:34:26,564 ==============================
2021-05-20 08:34:26,564 

2021-05-20 08:34:26,564 recall: 0.8921943759918213

2021-05-20 08:34:26,564 specificity: 0.9929314643144608

2021-05-20 08:34:26,564 precision: 0.9436908562481403

2021-05-20 08:34:26,564 F1: 0.9045956465601921

2021-05-20 08:34:26,564 F2: 0.8951243202388287

2021-05-20 08:34:26,564 ACC_overall: 0.9703273311257362

2021-05-20 08:34:26,564 IoU_poly: 0.8504957439005375

2021-05-20 08:34:26,564 IoU_bg: 0.963650721013546

2021-05-20 08:34:26,564 IoU_mean: 0.907073233127594

2021-05-20 08:34:26,564 ==============================
2021-05-20 08:34:26,564 

2021-05-20 08:36:20,295 RESULT FOR DATASET CVC-ColonDB

2021-05-20 08:36:20,295 ==============================
2021-05-20 08:36:20,295 

2021-05-20 08:36:20,295 recall: 0.7793441547521118

2021-05-20 08:36:20,295 specificity: 0.9888293398054022

2021-05-20 08:36:20,295 precision: 0.8306778482601084

2021-05-20 08:36:20,296 F1: 0.7420117667722311

2021-05-20 08:36:20,296 F2: 0.7503088225877084

2021-05-20 08:36:20,296 ACC_overall: 0.959205461567954

2021-05-20 08:36:20,296 IoU_poly: 0.6690841362020269

2021-05-20 08:36:20,296 IoU_bg: 0.9571487409503836

2021-05-20 08:36:20,296 IoU_mean: 0.813116440255391

2021-05-20 08:36:20,296 ==============================
2021-05-20 08:36:20,296 

2021-05-20 08:37:42,481 RESULT FOR DATASET ETIS-LaribPolypDB

2021-05-20 08:37:42,481 ==============================
2021-05-20 08:37:42,482 

2021-05-20 08:37:42,482 recall: 0.8212080531326249

2021-05-20 08:37:42,482 specificity: 0.9891533587051897

2021-05-20 08:37:42,482 precision: 0.7589223432852095

2021-05-20 08:37:42,482 F1: 0.7490690771639251

2021-05-20 08:37:42,482 F2: 0.7807396950104387

2021-05-20 08:37:42,482 ACC_overall: 0.9854973734033351

2021-05-20 08:37:42,482 IoU_poly: 0.6723017750477808

2021-05-20 08:37:42,482 IoU_bg: 0.984783665866268

2021-05-20 08:37:42,482 IoU_mean: 0.8285427180175878

2021-05-20 08:37:42,482 ==============================
2021-05-20 08:37:42,482 

