2021-05-20 02:05:17,022 Epoch 0 	 Loss 0.6697125572424668
2021-05-20 02:06:32,392 Epoch 1 	 Loss 0.44611594473922644
2021-05-20 02:07:47,990 Epoch 2 	 Loss 0.39594629619802746
2021-05-20 02:09:03,630 Epoch 3 	 Loss 0.3742632264946843
2021-05-20 02:10:19,075 Epoch 4 	 Loss 0.34638574179057235
2021-05-20 02:11:34,550 Epoch 5 	 Loss 0.32458337912192714
2021-05-20 02:12:50,084 Epoch 6 	 Loss 0.31243888575297135
2021-05-20 02:14:05,725 Epoch 7 	 Loss 0.2997882469342305
2021-05-20 02:15:21,297 Epoch 8 	 Loss 0.29453230591920704
2021-05-20 02:16:36,878 Epoch 9 	 Loss 0.29197784619671957
2021-05-20 02:17:52,443 Epoch 10 	 Loss 0.27545230123367936
2021-05-20 02:19:08,050 Epoch 11 	 Loss 0.28190386377193116
2021-05-20 02:20:23,651 Epoch 12 	 Loss 0.27308102656196764
2021-05-20 02:21:39,197 Epoch 13 	 Loss 0.2737224057808027
2021-05-20 02:22:54,743 Epoch 14 	 Loss 0.25656466349795626
2021-05-20 02:24:10,295 Epoch 15 	 Loss 0.2516474302980926
2021-05-20 02:25:25,858 Epoch 16 	 Loss 0.24677406333305024
2021-05-20 02:26:41,457 Epoch 17 	 Loss 0.24199784571652885
2021-05-20 02:27:56,984 Epoch 18 	 Loss 0.24863488317190946
2021-05-20 02:29:12,573 Epoch 19 	 Loss 0.23390621290757105
2021-05-20 02:30:28,096 Epoch 20 	 Loss 0.23693178364863762
2021-05-20 02:31:43,710 Epoch 21 	 Loss 0.24135065864730668
2021-05-20 02:32:59,322 Epoch 22 	 Loss 0.23349946180542747
2021-05-20 02:34:14,902 Epoch 23 	 Loss 0.2215544668200252
2021-05-20 02:35:30,325 Epoch 24 	 Loss 0.23253168100184138
2021-05-20 02:36:45,958 Epoch 25 	 Loss 0.2219863753397386
2021-05-20 02:38:01,503 Epoch 26 	 Loss 0.22212321368547586
2021-05-20 02:39:17,075 Epoch 27 	 Loss 0.2157392246382577
2021-05-20 02:40:32,721 Epoch 28 	 Loss 0.21441940128148257
2021-05-20 02:41:48,342 Epoch 29 	 Loss 0.21504332223436334
2021-05-20 02:43:04,014 Epoch 30 	 Loss 0.21261328737159352
2021-05-20 02:44:19,728 Epoch 31 	 Loss 0.2096087431514656
2021-05-20 02:45:35,347 Epoch 32 	 Loss 0.20971636310383512
2021-05-20 02:46:50,852 Epoch 33 	 Loss 0.2026404687664011
2021-05-20 02:48:06,434 Epoch 34 	 Loss 0.2040269821882248
2021-05-20 02:49:22,043 Epoch 35 	 Loss 0.19999875914264512
2021-05-20 02:50:37,639 Epoch 36 	 Loss 0.19358097950180808
2021-05-20 02:51:53,217 Epoch 37 	 Loss 0.19640831698428143
2021-05-20 02:53:08,817 Epoch 38 	 Loss 0.20110709146483913
2021-05-20 02:54:24,443 Epoch 39 	 Loss 0.19997025453127348
2021-05-20 02:55:40,016 Epoch 40 	 Loss 0.19125786751181215
2021-05-20 02:56:55,626 Epoch 41 	 Loss 0.19733130997353857
2021-05-20 02:58:11,177 Epoch 42 	 Loss 0.18952183409051582
2021-05-20 02:59:26,789 Epoch 43 	 Loss 0.18743684593137805
2021-05-20 03:00:42,346 Epoch 44 	 Loss 0.18697420221108657
2021-05-20 03:01:58,069 Epoch 45 	 Loss 0.1991707212649859
2021-05-20 03:03:13,663 Epoch 46 	 Loss 0.18629964203624935
2021-05-20 03:04:29,244 Epoch 47 	 Loss 0.18073398300579616
2021-05-20 03:05:44,776 Epoch 48 	 Loss 0.17452167678665328
2021-05-20 03:07:00,361 Epoch 49 	 Loss 0.1759855498324384
2021-05-20 03:08:15,759 Epoch 50 	 Loss 0.17319248272822454
2021-05-20 03:09:31,320 Epoch 51 	 Loss 0.17304834870846716
2021-05-20 03:10:46,874 Epoch 52 	 Loss 0.16963943855448083
2021-05-20 03:12:02,509 Epoch 53 	 Loss 0.16894730761810972
2021-05-20 03:13:18,122 Epoch 54 	 Loss 0.1691634096614607
2021-05-20 03:14:33,715 Epoch 55 	 Loss 0.16468301055195567
2021-05-20 03:15:49,418 Epoch 56 	 Loss 0.16367746349219436
2021-05-20 03:17:04,995 Epoch 57 	 Loss 0.16600094031501603
2021-05-20 03:18:20,603 Epoch 58 	 Loss 0.16670091482964192
2021-05-20 03:19:36,242 Epoch 59 	 Loss 0.16002248211221382
2021-05-20 03:20:51,728 Epoch 60 	 Loss 0.15979347287953555
2021-05-20 03:22:07,216 Epoch 61 	 Loss 0.15843569872143504
2021-05-20 03:23:22,847 Epoch 62 	 Loss 0.16034862677474598
2021-05-20 03:24:38,513 Epoch 63 	 Loss 0.16177282474198185
2021-05-20 03:25:54,153 Epoch 64 	 Loss 0.1588848761313564
2021-05-20 03:27:09,666 Epoch 65 	 Loss 0.15355616996249
2021-05-20 03:28:25,331 Epoch 66 	 Loss 0.15742020882092989
2021-05-20 03:29:40,899 Epoch 67 	 Loss 0.15099554353362912
2021-05-20 03:30:56,617 Epoch 68 	 Loss 0.1496544734953524
2021-05-20 03:32:12,144 Epoch 69 	 Loss 0.15250852499361878
2021-05-20 03:33:27,602 Epoch 70 	 Loss 0.15290792188146612
2021-05-20 03:34:43,369 Epoch 71 	 Loss 0.14818731146854358
2021-05-20 03:35:59,014 Epoch 72 	 Loss 0.14651399515159838
2021-05-20 03:37:14,547 Epoch 73 	 Loss 0.14897857311662738
2021-05-20 03:38:30,152 Epoch 74 	 Loss 0.1495601155764454
2021-05-20 03:39:45,747 Epoch 75 	 Loss 0.14900694148881094
2021-05-20 03:41:01,389 Epoch 76 	 Loss 0.14591573383454437
2021-05-20 03:42:17,046 Epoch 77 	 Loss 0.14523200133999625
2021-05-20 03:43:32,605 Epoch 78 	 Loss 0.1465162979541244
2021-05-20 03:44:48,384 Epoch 79 	 Loss 0.1459681933725273
2021-05-20 03:46:04,141 Epoch 80 	 Loss 0.14409447076556448
2021-05-20 03:47:19,710 Epoch 81 	 Loss 0.1427110643995987
2021-05-20 03:48:35,345 Epoch 82 	 Loss 0.14310305369096799
2021-05-20 03:49:50,962 Epoch 83 	 Loss 0.14274854352186014
2021-05-20 03:51:06,526 Epoch 84 	 Loss 0.14248525195724362
2021-05-20 03:52:22,114 Epoch 85 	 Loss 0.14263524352521686
2021-05-20 03:53:37,883 Epoch 86 	 Loss 0.1437066519980902
2021-05-20 03:54:53,508 Epoch 87 	 Loss 0.13987058564856814
2021-05-20 03:56:09,176 Epoch 88 	 Loss 0.14218954963015987
2021-05-20 03:57:24,908 Epoch 89 	 Loss 0.1392273098885358
2021-05-20 03:58:40,467 Epoch 90 	 Loss 0.140419992853652
2021-05-20 03:59:56,075 Epoch 91 	 Loss 0.1400909987943513
2021-05-20 04:01:11,668 Epoch 92 	 Loss 0.13918876819885695
2021-05-20 04:02:27,187 Epoch 93 	 Loss 0.14262683886093097
2021-05-20 04:03:42,793 Epoch 94 	 Loss 0.13846467877482319
2021-05-20 04:04:58,332 Epoch 95 	 Loss 0.1394321898018921
2021-05-20 04:06:13,831 Epoch 96 	 Loss 0.14002245500847532
2021-05-20 04:07:29,431 Epoch 97 	 Loss 0.141084869320576
2021-05-20 04:08:45,030 Epoch 98 	 Loss 0.14381625110303964
2021-05-20 04:10:00,614 Epoch 99 	 Loss 0.14145331371289033
2021-05-20 04:10:20,890 RESULT FOR DATASET CVC-300

2021-05-20 04:10:20,890 ==============================
2021-05-20 04:10:20,890 

2021-05-20 04:10:20,890 recall: 0.9518278857072194

2021-05-20 04:10:20,890 specificity: 0.9938648164272308

2021-05-20 04:10:20,890 precision: 0.8531542817751566

2021-05-20 04:10:20,890 F1: 0.8838696944216887

2021-05-20 04:10:20,890 F2: 0.9128730739156405

2021-05-20 04:10:20,890 ACC_overall: 0.9925040662288666

2021-05-20 04:10:20,890 IoU_poly: 0.816662049293518

2021-05-20 04:10:20,890 IoU_bg: 0.9922003090381623

2021-05-20 04:10:20,890 IoU_mean: 0.904431180159251

2021-05-20 04:10:20,890 ==============================
2021-05-20 04:10:20,891 

2021-05-20 04:10:36,303 RESULT FOR DATASET CVC-ClinicDB

2021-05-20 04:10:36,303 ==============================
2021-05-20 04:10:36,303 

2021-05-20 04:10:36,303 recall: 0.9304520527178782

2021-05-20 04:10:36,303 specificity: 0.9942028551332412

2021-05-20 04:10:36,304 precision: 0.8947068426435092

2021-05-20 04:10:36,304 F1: 0.8986849923610627

2021-05-20 04:10:36,304 F2: 0.9076321993094508

2021-05-20 04:10:36,304 ACC_overall: 0.9881351167155851

2021-05-20 04:10:36,304 IoU_poly: 0.8494157313468731

2021-05-20 04:10:36,304 IoU_bg: 0.9859885073477223

2021-05-20 04:10:36,304 IoU_mean: 0.9177021167932018

2021-05-20 04:10:36,304 ==============================
2021-05-20 04:10:36,304 

2021-05-20 04:11:06,000 RESULT FOR DATASET Kvasir

2021-05-20 04:11:06,000 ==============================
2021-05-20 04:11:06,001 

2021-05-20 04:11:06,001 recall: 0.8985363009572029

2021-05-20 04:11:06,001 specificity: 0.9929315632581711

2021-05-20 04:11:06,001 precision: 0.9497242709994316

2021-05-20 04:11:06,001 F1: 0.911546397805214

2021-05-20 04:11:06,001 F2: 0.9016836538910866

2021-05-20 04:11:06,001 ACC_overall: 0.9745050257444382

2021-05-20 04:11:06,001 IoU_poly: 0.8589321413636207

2021-05-20 04:11:06,001 IoU_bg: 0.9678009924292564

2021-05-20 04:11:06,001 IoU_mean: 0.913366567492485

2021-05-20 04:11:06,001 ==============================
2021-05-20 04:11:06,001 

2021-05-20 04:12:58,688 RESULT FOR DATASET CVC-ColonDB

2021-05-20 04:12:58,688 ==============================
2021-05-20 04:12:58,688 

2021-05-20 04:12:58,688 recall: 0.7745586765189321

2021-05-20 04:12:58,688 specificity: 0.9890641483821367

2021-05-20 04:12:58,688 precision: 0.8333284567528895

2021-05-20 04:12:58,688 F1: 0.7448447775911231

2021-05-20 04:12:58,688 F2: 0.752424321065935

2021-05-20 04:12:58,688 ACC_overall: 0.9607295683340022

2021-05-20 04:12:58,688 IoU_poly: 0.6765861119416801

2021-05-20 04:12:58,688 IoU_bg: 0.9586204812714928

2021-05-20 04:12:58,689 IoU_mean: 0.8176032956885664

2021-05-20 04:12:58,689 ==============================
2021-05-20 04:12:58,689 

2021-05-20 04:14:20,420 RESULT FOR DATASET ETIS-LaribPolypDB

2021-05-20 04:14:20,420 ==============================
2021-05-20 04:14:20,421 

2021-05-20 04:14:20,421 recall: 0.8512504820743966

2021-05-20 04:14:20,421 specificity: 0.9859092135210427

2021-05-20 04:14:20,421 precision: 0.7566164715742848

2021-05-20 04:14:20,421 F1: 0.7610671110421988

2021-05-20 04:14:20,421 F2: 0.7988013487089324

2021-05-20 04:14:20,421 ACC_overall: 0.9838162557202943

2021-05-20 04:14:20,421 IoU_poly: 0.686412500299212

2021-05-20 04:14:20,421 IoU_bg: 0.9830649805312254

2021-05-20 04:14:20,421 IoU_mean: 0.8347387382266472

2021-05-20 04:14:20,421 ==============================
2021-05-20 04:14:20,421 

