2021-05-24 15:03:24,536 RESULT FOR DATASET CVC-300

2021-05-24 15:03:24,536 ==============================
2021-05-24 15:03:24,536 

2021-05-24 15:03:24,536 recall: 0.9548523445924123

2021-05-24 15:03:24,537 specificity: 0.9930403600136439

2021-05-24 15:03:24,537 precision: 0.8307335865994294

2021-05-24 15:03:24,537 F1: 0.8719455137848854

2021-05-24 15:03:24,537 F2: 0.9110873907804489

2021-05-24 15:03:24,537 ACC_overall: 0.9916856020689011

2021-05-24 15:03:24,537 IoU_poly: 0.7992375219861666

2021-05-24 15:03:24,537 IoU_bg: 0.9914028068383535

2021-05-24 15:03:24,537 IoU_mean: 0.8953201631704967

2021-05-24 15:03:24,537 ==============================
2021-05-24 15:03:24,537 

2021-05-24 15:03:40,372 RESULT FOR DATASET CVC-ClinicDB

2021-05-24 15:03:40,372 ==============================
2021-05-24 15:03:40,372 

2021-05-24 15:03:40,373 recall: 0.9490844376625553

2021-05-24 15:03:40,373 specificity: 0.9936071461246859

2021-05-24 15:03:40,373 precision: 0.8978505600844661

2021-05-24 15:03:40,373 F1: 0.9099300251372399

2021-05-24 15:03:40,373 F2: 0.921956418983398

2021-05-24 15:03:40,373 ACC_overall: 0.9916895954839645

2021-05-24 15:03:40,373 IoU_poly: 0.8627060489548791

2021-05-24 15:03:40,373 IoU_bg: 0.9906120156088183

2021-05-24 15:03:40,373 IoU_mean: 0.9266590351058591

2021-05-24 15:03:40,373 ==============================
2021-05-24 15:03:40,373 

2021-05-24 15:04:10,790 RESULT FOR DATASET Kvasir

2021-05-24 15:04:10,790 ==============================
2021-05-24 15:04:10,790 

2021-05-24 15:04:10,791 recall: 0.905173482298851

2021-05-24 15:04:10,791 specificity: 0.9890421646833419

2021-05-24 15:04:10,791 precision: 0.936590873003006

2021-05-24 15:04:10,791 F1: 0.9079163464903831

2021-05-24 15:04:10,791 F2: 0.902577967941761

2021-05-24 15:04:10,791 ACC_overall: 0.9724492460489274

2021-05-24 15:04:10,791 IoU_poly: 0.852268828600645

2021-05-24 15:04:10,791 IoU_bg: 0.9647073426842689

2021-05-24 15:04:10,791 IoU_mean: 0.908488085269928

2021-05-24 15:04:10,791 ==============================
2021-05-24 15:04:10,791 

2021-05-24 15:06:06,179 RESULT FOR DATASET CVC-ColonDB

2021-05-24 15:06:06,179 ==============================
2021-05-24 15:06:06,179 

2021-05-24 15:06:06,179 recall: 0.8221640287140106

2021-05-24 15:06:06,179 specificity: 0.9831819388427232

2021-05-24 15:06:06,179 precision: 0.7967352200549948

2021-05-24 15:06:06,179 F1: 0.7615343741549575

2021-05-24 15:06:06,179 F2: 0.7775914806313339

2021-05-24 15:06:06,179 ACC_overall: 0.9580641206942107

2021-05-24 15:06:06,179 IoU_poly: 0.6836982624794952

2021-05-24 15:06:06,179 IoU_bg: 0.9553260304425892

2021-05-24 15:06:06,180 IoU_mean: 0.8195121458878643

2021-05-24 15:06:06,180 ==============================
2021-05-24 15:06:06,180 

2021-05-24 15:07:28,835 RESULT FOR DATASET ETIS-LaribPolypDB

2021-05-24 15:07:28,835 ==============================
2021-05-24 15:07:28,835 

2021-05-24 15:07:28,835 recall: 0.9170153863889602

2021-05-24 15:07:28,835 specificity: 0.9853394092345724

2021-05-24 15:07:28,835 precision: 0.7096720295370437

2021-05-24 15:07:28,835 F1: 0.7721604029987118

2021-05-24 15:07:28,835 F2: 0.833050540627965

2021-05-24 15:07:28,835 ACC_overall: 0.9839055069855281

2021-05-24 15:07:28,835 IoU_poly: 0.6864124729216581

2021-05-24 15:07:28,835 IoU_bg: 0.9832016716198045

2021-05-24 15:07:28,835 IoU_mean: 0.8348070722149343

2021-05-24 15:07:28,835 ==============================
2021-05-24 15:07:28,835 

