2021-05-24 15:07:54,450 RESULT FOR DATASET CVC-300

2021-05-24 15:07:54,451 ==============================
2021-05-24 15:07:54,451 

2021-05-24 15:07:54,451 recall: 0.9462843850255013

2021-05-24 15:07:54,451 specificity: 0.9945744872093201

2021-05-24 15:07:54,451 precision: 0.8579797280331453

2021-05-24 15:07:54,451 F1: 0.8865248824159304

2021-05-24 15:07:54,451 F2: 0.912997671465079

2021-05-24 15:07:54,451 ACC_overall: 0.9928861796855927

2021-05-24 15:07:54,451 IoU_poly: 0.8207070781538884

2021-05-24 15:07:54,451 IoU_bg: 0.9925975441932678

2021-05-24 15:07:54,451 IoU_mean: 0.9066523114840189

2021-05-24 15:07:54,451 ==============================
2021-05-24 15:07:54,451 

2021-05-24 15:08:10,440 RESULT FOR DATASET CVC-ClinicDB

2021-05-24 15:08:10,440 ==============================
2021-05-24 15:08:10,440 

2021-05-24 15:08:10,440 recall: 0.9436016409627853

2021-05-24 15:08:10,440 specificity: 0.9941143605016893

2021-05-24 15:08:10,440 precision: 0.9011827624372898

2021-05-24 15:08:10,440 F1: 0.9081855622991439

2021-05-24 15:08:10,440 F2: 0.9182621980867078

2021-05-24 15:08:10,440 ACC_overall: 0.9913292123425391

2021-05-24 15:08:10,440 IoU_poly: 0.858323261862801

2021-05-24 15:08:10,440 IoU_bg: 0.9899432322671337

2021-05-24 15:08:10,440 IoU_mean: 0.9241332488675271

2021-05-24 15:08:10,440 ==============================
2021-05-24 15:08:10,440 

2021-05-24 15:08:40,792 RESULT FOR DATASET Kvasir

2021-05-24 15:08:40,792 ==============================
2021-05-24 15:08:40,792 

2021-05-24 15:08:40,792 recall: 0.9011811810731888

2021-05-24 15:08:40,792 specificity: 0.9903292030096054

2021-05-24 15:08:40,792 precision: 0.9356966607272625

2021-05-24 15:08:40,792 F1: 0.9066932190954685

2021-05-24 15:08:40,792 F2: 0.9007517087459564

2021-05-24 15:08:40,792 ACC_overall: 0.9742746174335479

2021-05-24 15:08:40,792 IoU_poly: 0.8530108873546124

2021-05-24 15:08:40,792 IoU_bg: 0.9664771956205368

2021-05-24 15:08:40,792 IoU_mean: 0.9097440409660339

2021-05-24 15:08:40,792 ==============================
2021-05-24 15:08:40,792 

2021-05-24 15:10:36,008 RESULT FOR DATASET CVC-ColonDB

2021-05-24 15:10:36,008 ==============================
2021-05-24 15:10:36,008 

2021-05-24 15:10:36,008 recall: 0.775720545353409

2021-05-24 15:10:36,008 specificity: 0.9903193453424856

2021-05-24 15:10:36,008 precision: 0.7975082992183544

2021-05-24 15:10:36,008 F1: 0.7409527867950984

2021-05-24 15:10:36,008 F2: 0.7527140939082456

2021-05-24 15:10:36,008 ACC_overall: 0.9609657522879149

2021-05-24 15:10:36,008 IoU_poly: 0.6696410693488108

2021-05-24 15:10:36,008 IoU_bg: 0.9592490441705052

2021-05-24 15:10:36,008 IoU_mean: 0.8144450557859321

2021-05-24 15:10:36,008 ==============================
2021-05-24 15:10:36,009 

2021-05-24 15:11:58,892 RESULT FOR DATASET ETIS-LaribPolypDB

2021-05-24 15:11:58,892 ==============================
2021-05-24 15:11:58,892 

2021-05-24 15:11:58,892 recall: 0.888837137989069

2021-05-24 15:11:58,892 specificity: 0.9870472927482761

2021-05-24 15:11:58,892 precision: 0.7207282222368065

2021-05-24 15:11:58,892 F1: 0.7643125934268009

2021-05-24 15:11:58,893 F2: 0.8167421627819879

2021-05-24 15:11:58,893 ACC_overall: 0.9855625951776699

2021-05-24 15:11:58,893 IoU_poly: 0.6865203255012129

2021-05-24 15:11:58,893 IoU_bg: 0.9848415793813005

2021-05-24 15:11:58,893 IoU_mean: 0.8356809540062534

2021-05-24 15:11:58,893 ==============================
2021-05-24 15:11:58,893 

