2021-05-24 15:12:24,044 RESULT FOR DATASET CVC-300

2021-05-24 15:12:24,044 ==============================
2021-05-24 15:12:24,044 

2021-05-24 15:12:24,044 recall: 0.9608879844347636

2021-05-24 15:12:24,044 specificity: 0.9940339068571726

2021-05-24 15:12:24,044 precision: 0.8467882875353098

2021-05-24 15:12:24,044 F1: 0.8871961995959282

2021-05-24 15:12:24,044 F2: 0.9218091423312823

2021-05-24 15:12:24,044 ACC_overall: 0.9929969231287639

2021-05-24 15:12:24,044 IoU_poly: 0.8192055019239585

2021-05-24 15:12:24,044 IoU_bg: 0.9927501608928044

2021-05-24 15:12:24,044 IoU_mean: 0.9059778332710267

2021-05-24 15:12:24,044 ==============================
2021-05-24 15:12:24,044 

2021-05-24 15:12:40,114 RESULT FOR DATASET CVC-ClinicDB

2021-05-24 15:12:40,114 ==============================
2021-05-24 15:12:40,114 

2021-05-24 15:12:40,115 recall: 0.9464931334218671

2021-05-24 15:12:40,115 specificity: 0.9945533179467724

2021-05-24 15:12:40,115 precision: 0.9092263534905449

2021-05-24 15:12:40,115 F1: 0.9174243473718243

2021-05-24 15:12:40,115 F2: 0.9279510700894941

2021-05-24 15:12:40,115 ACC_overall: 0.9908124958315203

2021-05-24 15:12:40,115 IoU_poly: 0.868283279720814

2021-05-24 15:12:40,115 IoU_bg: 0.9889217432468168

2021-05-24 15:12:40,115 IoU_mean: 0.928602514728423

2021-05-24 15:12:40,115 ==============================
2021-05-24 15:12:40,115 

2021-05-24 15:13:10,813 RESULT FOR DATASET Kvasir

2021-05-24 15:13:10,813 ==============================
2021-05-24 15:13:10,813 

2021-05-24 15:13:10,813 recall: 0.9128279531002045

2021-05-24 15:13:10,813 specificity: 0.9893897223472595

2021-05-24 15:13:10,813 precision: 0.933404707685113

2021-05-24 15:13:10,813 F1: 0.9108342784643173

2021-05-24 15:13:10,813 F2: 0.9077062463760376

2021-05-24 15:13:10,813 ACC_overall: 0.9736344283819198

2021-05-24 15:13:10,813 IoU_poly: 0.8585482169687748

2021-05-24 15:13:10,813 IoU_bg: 0.9661198461055756

2021-05-24 15:13:10,814 IoU_mean: 0.9123340302705765

2021-05-24 15:13:10,814 ==============================
2021-05-24 15:13:10,814 

2021-05-24 15:15:06,771 RESULT FOR DATASET CVC-ColonDB

2021-05-24 15:15:06,772 ==============================
2021-05-24 15:15:06,772 

2021-05-24 15:15:06,772 recall: 0.7801526011272831

2021-05-24 15:15:06,772 specificity: 0.9895745164469669

2021-05-24 15:15:06,772 precision: 0.7980330496427517

2021-05-24 15:15:06,772 F1: 0.7385187441897894

2021-05-24 15:15:06,772 F2: 0.7506168625394103

2021-05-24 15:15:06,772 ACC_overall: 0.9599701798275897

2021-05-24 15:15:06,772 IoU_poly: 0.669904459293907

2021-05-24 15:15:06,772 IoU_bg: 0.9584250505033293

2021-05-24 15:15:06,772 IoU_mean: 0.8141647560031791

2021-05-24 15:15:06,772 ==============================
2021-05-24 15:15:06,772 

2021-05-24 15:16:29,697 RESULT FOR DATASET ETIS-LaribPolypDB

2021-05-24 15:16:29,697 ==============================
2021-05-24 15:16:29,698 

2021-05-24 15:16:29,698 recall: 0.8755939133210334

2021-05-24 15:16:29,698 specificity: 0.9882877776209189

2021-05-24 15:16:29,698 precision: 0.722431198187214

2021-05-24 15:16:29,698 F1: 0.7657913057119746

2021-05-24 15:16:29,698 F2: 0.8146371256341957

2021-05-24 15:16:29,698 ACC_overall: 0.9860916615140681

2021-05-24 15:16:29,698 IoU_poly: 0.6833212934562857

2021-05-24 15:16:29,698 IoU_bg: 0.9853623351272272

2021-05-24 15:16:29,698 IoU_mean: 0.8343418132589788

2021-05-24 15:16:29,698 ==============================
2021-05-24 15:16:29,698 

