2021-04-27 09:41:40,178 Epoch 0 	 Loss 0.7133003420882172
2021-04-27 09:42:17,988 Epoch 1 	 Loss 0.470777350795138
2021-04-27 09:42:55,837 Epoch 2 	 Loss 0.4180570284088889
2021-04-27 09:43:33,655 Epoch 3 	 Loss 0.3795838434617598
2021-04-27 09:44:11,530 Epoch 4 	 Loss 0.3765458724983446
2021-04-27 09:44:49,324 Epoch 5 	 Loss 0.3695273540177188
2021-04-27 09:45:27,157 Epoch 6 	 Loss 0.3408694262360478
2021-04-27 09:46:05,030 Epoch 7 	 Loss 0.3401472439150234
2021-04-27 09:46:42,895 Epoch 8 	 Loss 0.3247939046922621
2021-04-27 09:47:20,851 Epoch 9 	 Loss 0.3234800719297849
2021-04-27 09:47:58,787 Epoch 10 	 Loss 0.3156457951108178
2021-04-27 09:48:36,658 Epoch 11 	 Loss 0.3037663540997348
2021-04-27 09:49:14,584 Epoch 12 	 Loss 0.3093516531881395
2021-04-27 09:49:52,474 Epoch 13 	 Loss 0.2863785917614842
2021-04-27 09:50:30,347 Epoch 14 	 Loss 0.2976116880283251
2021-04-27 09:51:08,282 Epoch 15 	 Loss 0.27927733941392585
2021-04-27 09:51:46,202 Epoch 16 	 Loss 0.27324121207981317
2021-04-27 09:52:24,068 Epoch 17 	 Loss 0.27014835489975225
2021-04-27 09:53:02,138 Epoch 18 	 Loss 0.2671556837938644
2021-04-27 09:53:40,028 Epoch 19 	 Loss 0.2710089807981973
2021-04-27 09:54:17,921 Epoch 20 	 Loss 0.264579571046672
2021-04-27 09:54:55,799 Epoch 21 	 Loss 0.2581250734709121
2021-04-27 09:55:33,823 Epoch 22 	 Loss 0.2553950063474886
2021-04-27 09:56:11,751 Epoch 23 	 Loss 0.25537693123896044
2021-04-27 09:56:49,677 Epoch 24 	 Loss 0.24576722331099457
2021-04-27 09:57:27,611 Epoch 25 	 Loss 0.2489187601175937
2021-04-27 09:58:05,594 Epoch 26 	 Loss 0.24797151606161516
2021-04-27 09:58:43,576 Epoch 27 	 Loss 0.23992617985049447
2021-04-27 09:59:21,435 Epoch 28 	 Loss 0.24528534694032356
2021-04-27 09:59:59,265 Epoch 29 	 Loss 0.23626255137579782
2021-04-27 10:00:37,159 Epoch 30 	 Loss 0.23204670600838714
2021-04-27 10:01:15,111 Epoch 31 	 Loss 0.23238558919875177
2021-04-27 10:01:53,109 Epoch 32 	 Loss 0.23683571078620114
2021-04-27 10:02:31,145 Epoch 33 	 Loss 0.23258363005224164
2021-04-27 10:03:09,165 Epoch 34 	 Loss 0.22963359002228623
2021-04-27 10:03:47,103 Epoch 35 	 Loss 0.22569572090447604
2021-04-27 10:04:25,052 Epoch 36 	 Loss 0.23024253514441814
2021-04-27 10:05:02,968 Epoch 37 	 Loss 0.2210440198471258
2021-04-27 10:05:40,883 Epoch 38 	 Loss 0.21613938631592217
2021-04-27 10:06:18,795 Epoch 39 	 Loss 0.21344848730406918
2021-04-27 10:06:56,754 Epoch 40 	 Loss 0.21697613711540514
2021-04-27 10:07:34,603 Epoch 41 	 Loss 0.21236974181054713
2021-04-27 10:08:12,538 Epoch 42 	 Loss 0.20617792910926944
2021-04-27 10:08:50,462 Epoch 43 	 Loss 0.20587968957293165
2021-04-27 10:09:28,492 Epoch 44 	 Loss 0.20552966113273913
2021-04-27 10:10:06,357 Epoch 45 	 Loss 0.20082096247882633
2021-04-27 10:10:44,205 Epoch 46 	 Loss 0.20564152775229988
2021-04-27 10:11:22,079 Epoch 47 	 Loss 0.2030740154313517
2021-04-27 10:11:59,998 Epoch 48 	 Loss 0.195711279635901
2021-04-27 10:12:37,925 Epoch 49 	 Loss 0.19786491007595272
2021-04-27 10:13:15,864 Epoch 50 	 Loss 0.1979850152364144
2021-04-27 10:13:53,718 Epoch 51 	 Loss 0.19611252353086575
2021-04-27 10:14:31,838 Epoch 52 	 Loss 0.19341338745185307
2021-04-27 10:15:09,777 Epoch 53 	 Loss 0.19284660066222095
2021-04-27 10:15:47,741 Epoch 54 	 Loss 0.18771985517098352
2021-04-27 10:16:25,687 Epoch 55 	 Loss 0.18885731025711522
2021-04-27 10:17:03,769 Epoch 56 	 Loss 0.1866792782649889
2021-04-27 10:17:41,704 Epoch 57 	 Loss 0.18442854170615858
2021-04-27 10:18:19,796 Epoch 58 	 Loss 0.18541526647059473
2021-04-27 10:18:57,858 Epoch 59 	 Loss 0.18956408510496328
2021-04-27 10:19:35,788 Epoch 60 	 Loss 0.183947884283223
2021-04-27 10:20:13,726 Epoch 61 	 Loss 0.18206264389740243
2021-04-27 10:20:51,782 Epoch 62 	 Loss 0.18119439056941442
2021-04-27 10:21:29,670 Epoch 63 	 Loss 0.1805637125130538
2021-04-27 10:22:07,679 Epoch 64 	 Loss 0.18067457715233604
2021-04-27 10:22:45,564 Epoch 65 	 Loss 0.18319718916337568
2021-04-27 10:23:23,556 Epoch 66 	 Loss 0.17816669059978738
2021-04-27 10:24:01,478 Epoch 67 	 Loss 0.178043408708258
2021-04-27 10:24:39,463 Epoch 68 	 Loss 0.17661811804378424
2021-04-27 10:25:17,421 Epoch 69 	 Loss 0.17478550774055523
2021-04-27 10:25:55,414 Epoch 70 	 Loss 0.16987339497267545
2021-04-27 10:26:33,254 Epoch 71 	 Loss 0.17397949050416003
2021-04-27 10:27:11,163 Epoch 72 	 Loss 0.17261795519472478
2021-04-27 10:27:48,996 Epoch 73 	 Loss 0.17151915584946728
2021-04-27 10:28:26,847 Epoch 74 	 Loss 0.17497322405432605
2021-04-27 10:29:04,804 Epoch 75 	 Loss 0.1700371286043754
2021-04-27 10:29:42,952 Epoch 76 	 Loss 0.16803591133473994
2021-04-27 10:30:20,827 Epoch 77 	 Loss 0.16716084400048623
2021-04-27 10:30:58,731 Epoch 78 	 Loss 0.1719099576329137
2021-04-27 10:31:36,610 Epoch 79 	 Loss 0.1680902884556697
2021-04-27 10:32:14,630 Epoch 80 	 Loss 0.16730614121143633
2021-04-27 10:32:52,637 Epoch 81 	 Loss 0.1694322108894914
2021-04-27 10:33:30,761 Epoch 82 	 Loss 0.1665083769258562
2021-04-27 10:34:08,613 Epoch 83 	 Loss 0.17041458860858455
2021-04-27 10:34:46,563 Epoch 84 	 Loss 0.163627639740378
2021-04-27 10:35:24,567 Epoch 85 	 Loss 0.1623471166406359
2021-04-27 10:36:02,526 Epoch 86 	 Loss 0.16490363976457617
2021-04-27 10:36:40,521 Epoch 87 	 Loss 0.1660261535710031
2021-04-27 10:37:18,501 Epoch 88 	 Loss 0.16508829462659227
2021-04-27 10:37:56,450 Epoch 89 	 Loss 0.1622104484301347
2021-04-27 10:38:34,386 Epoch 90 	 Loss 0.16421788914518043
2021-04-27 10:39:12,369 Epoch 91 	 Loss 0.16236012060563643
2021-04-27 10:39:50,227 Epoch 92 	 Loss 0.1641780273927437
2021-04-27 10:40:28,154 Epoch 93 	 Loss 0.1644144471693825
2021-04-27 10:41:06,058 Epoch 94 	 Loss 0.16480701637792064
2021-04-27 10:41:43,994 Epoch 95 	 Loss 0.1629286685160228
2021-04-27 10:42:22,037 Epoch 96 	 Loss 0.16340545180079702
2021-04-27 10:43:00,015 Epoch 97 	 Loss 0.16492546276076808
2021-04-27 10:43:37,919 Epoch 98 	 Loss 0.16497083614160726
2021-04-27 10:44:15,867 Epoch 99 	 Loss 0.16538754056443225
2021-04-27 10:44:35,092 RESULT FOR DATASET CVC-300

2021-04-27 10:44:35,093 ==============================
2021-04-27 10:44:35,093 

2021-04-27 10:44:35,093 recall: 0.9579179346561432

2021-04-27 10:44:35,093 specificity: 0.9926996489365896

2021-04-27 10:44:35,093 precision: 0.8424305437753598

2021-04-27 10:44:35,093 F1: 0.87867088864247

2021-04-27 10:44:35,093 F2: 0.9141093075275422

2021-04-27 10:44:35,093 ACC_overall: 0.9915651569763819

2021-04-27 10:44:35,093 IoU_poly: 0.8097026269882918

2021-04-27 10:44:35,093 IoU_bg: 0.9912555833657583

2021-04-27 10:44:35,093 IoU_mean: 0.9004791051149368

2021-04-27 10:44:35,093 ==============================
2021-04-27 10:44:35,093 

2021-04-27 10:44:50,648 RESULT FOR DATASET CVC-ClinicDB

2021-04-27 10:44:50,648 ==============================
2021-04-27 10:44:50,648 

2021-04-27 10:44:50,648 recall: 0.9246332824207663

2021-04-27 10:44:50,648 specificity: 0.9950014987299519

2021-04-27 10:44:50,648 precision: 0.9090812624330753

2021-04-27 10:44:50,648 F1: 0.9024428894514248

2021-04-27 10:44:50,648 F2: 0.9118210784114537

2021-04-27 10:44:50,648 ACC_overall: 0.9913179884033818

2021-04-27 10:44:50,648 IoU_poly: 0.8564310031332781

2021-04-27 10:44:50,648 IoU_bg: 0.9895893296887798

2021-04-27 10:44:50,648 IoU_mean: 0.9230101651722386

2021-04-27 10:44:50,648 ==============================
2021-04-27 10:44:50,648 

2021-04-27 10:45:20,269 RESULT FOR DATASET Kvasir

2021-04-27 10:45:20,269 ==============================
2021-04-27 10:45:20,269 

2021-04-27 10:45:20,269 recall: 0.9111613872647285

2021-04-27 10:45:20,269 specificity: 0.9892347913980484

2021-04-27 10:45:20,269 precision: 0.9393333694338799

2021-04-27 10:45:20,269 F1: 0.9145023182034493

2021-04-27 10:45:20,269 F2: 0.9101094022393227

2021-04-27 10:45:20,269 ACC_overall: 0.9732746189832687

2021-04-27 10:45:20,269 IoU_poly: 0.8597423401474953

2021-04-27 10:45:20,269 IoU_bg: 0.9659240856766701

2021-04-27 10:45:20,269 IoU_mean: 0.9128332149982452

2021-04-27 10:45:20,270 ==============================
2021-04-27 10:45:20,270 

2021-04-27 10:47:15,729 RESULT FOR DATASET CVC-ColonDB

2021-04-27 10:47:15,730 ==============================
2021-04-27 10:47:15,730 

2021-04-27 10:47:15,730 recall: 0.7395497143621649

2021-04-27 10:47:15,730 specificity: 0.9910580951916544

2021-04-27 10:47:15,730 precision: 0.8584806514130162

2021-04-27 10:47:15,730 F1: 0.7103733428387219

2021-04-27 10:47:15,730 F2: 0.7180009884501452

2021-04-27 10:47:15,730 ACC_overall: 0.9597655990406087

2021-04-27 10:47:15,730 IoU_poly: 0.6488190095661726

2021-04-27 10:47:15,730 IoU_bg: 0.9584223698628577

2021-04-27 10:47:15,730 IoU_mean: 0.8036206906563357

2021-04-27 10:47:15,730 ==============================
2021-04-27 10:47:15,730 

2021-04-27 10:48:37,388 RESULT FOR DATASET ETIS-LaribPolypDB

2021-04-27 10:48:37,389 ==============================
2021-04-27 10:48:37,389 

2021-04-27 10:48:37,389 recall: 0.7990981713177722

2021-04-27 10:48:37,389 specificity: 0.9892375457043551

2021-04-27 10:48:37,389 precision: 0.8024677251725493

2021-04-27 10:48:37,389 F1: 0.7257435055266054

2021-04-27 10:48:37,389 F2: 0.762353339221841

2021-04-27 10:48:37,389 ACC_overall: 0.9857871936900275

2021-04-27 10:48:37,389 IoU_poly: 0.6475559215786006

2021-04-27 10:48:37,389 IoU_bg: 0.9848845479439716

2021-04-27 10:48:37,389 IoU_mean: 0.8162202321144999

2021-04-27 10:48:37,389 ==============================
2021-04-27 10:48:37,389 

