2021-04-27 10:53:22,047 RESULT FOR DATASET CVC-300

2021-04-27 10:53:22,047 ==============================
2021-04-27 10:53:22,047 

2021-04-27 10:53:22,047 recall: 0.9579179346561432

2021-04-27 10:53:22,047 specificity: 0.9926996489365896

2021-04-27 10:53:22,047 precision: 0.8424305437753598

2021-04-27 10:53:22,047 F1: 0.87867088864247

2021-04-27 10:53:22,047 F2: 0.9141093075275422

2021-04-27 10:53:22,047 ACC_overall: 0.9915651569763819

2021-04-27 10:53:22,048 IoU_poly: 0.8097026269882918

2021-04-27 10:53:22,048 IoU_bg: 0.9912555833657583

2021-04-27 10:53:22,048 IoU_mean: 0.9004791051149368

2021-04-27 10:53:22,048 ==============================
2021-04-27 10:53:22,048 

2021-04-27 10:53:37,527 RESULT FOR DATASET CVC-ClinicDB

2021-04-27 10:53:37,527 ==============================
2021-04-27 10:53:37,527 

2021-04-27 10:53:37,527 recall: 0.9246332824207663

2021-04-27 10:53:37,527 specificity: 0.9950014987299519

2021-04-27 10:53:37,527 precision: 0.9090812624330753

2021-04-27 10:53:37,527 F1: 0.9024428894514248

2021-04-27 10:53:37,527 F2: 0.9118210784114537

2021-04-27 10:53:37,527 ACC_overall: 0.9913179884033818

2021-04-27 10:53:37,527 IoU_poly: 0.8564310031332781

2021-04-27 10:53:37,528 IoU_bg: 0.9895893296887798

2021-04-27 10:53:37,528 IoU_mean: 0.9230101651722386

2021-04-27 10:53:37,528 ==============================
2021-04-27 10:53:37,528 

2021-04-27 10:54:07,078 RESULT FOR DATASET Kvasir

2021-04-27 10:54:07,078 ==============================
2021-04-27 10:54:07,078 

2021-04-27 10:54:07,079 recall: 0.9111613872647285

2021-04-27 10:54:07,079 specificity: 0.9892347913980484

2021-04-27 10:54:07,079 precision: 0.9393333694338799

2021-04-27 10:54:07,079 F1: 0.9145023182034493

2021-04-27 10:54:07,079 F2: 0.9101094022393227

2021-04-27 10:54:07,079 ACC_overall: 0.9732746189832687

2021-04-27 10:54:07,079 IoU_poly: 0.8597423401474953

2021-04-27 10:54:07,079 IoU_bg: 0.9659240856766701

2021-04-27 10:54:07,079 IoU_mean: 0.9128332149982452

2021-04-27 10:54:07,079 ==============================
2021-04-27 10:54:07,079 

2021-04-27 10:56:04,061 RESULT FOR DATASET CVC-ColonDB

2021-04-27 10:56:04,061 ==============================
2021-04-27 10:56:04,061 

2021-04-27 10:56:04,061 recall: 0.7395496124068515

2021-04-27 10:56:04,061 specificity: 0.9910580671147297

2021-04-27 10:56:04,061 precision: 0.8584804667366513

2021-04-27 10:56:04,061 F1: 0.7103731194389447

2021-04-27 10:56:04,061 F2: 0.7180007890098666

2021-04-27 10:56:04,061 ACC_overall: 0.9597655532391448

2021-04-27 10:56:04,061 IoU_poly: 0.6488188395556874

2021-04-27 10:56:04,061 IoU_bg: 0.9584223261005

2021-04-27 10:56:04,061 IoU_mean: 0.8036205836816838

2021-04-27 10:56:04,062 ==============================
2021-04-27 10:56:04,062 

2021-04-27 10:57:25,193 RESULT FOR DATASET ETIS-LaribPolypDB

2021-04-27 10:57:25,193 ==============================
2021-04-27 10:57:25,193 

2021-04-27 10:57:25,193 recall: 0.7990980670096438

2021-04-27 10:57:25,193 specificity: 0.9892375411427751

2021-04-27 10:57:25,193 precision: 0.8024676613104299

2021-04-27 10:57:25,194 F1: 0.7257434194647969

2021-04-27 10:57:25,194 F2: 0.7623532409958192

2021-04-27 10:57:25,194 ACC_overall: 0.9857871848709729

2021-04-27 10:57:25,194 IoU_poly: 0.6475558200074203

2021-04-27 10:57:25,194 IoU_bg: 0.9848845385167063

2021-04-27 10:57:25,194 IoU_mean: 0.8162201764632244

2021-04-27 10:57:25,194 ==============================
2021-04-27 10:57:25,194 

