2021-04-27 10:48:59,162 RESULT FOR DATASET CVC-300

2021-04-27 10:48:59,162 ==============================
2021-04-27 10:48:59,162 

2021-04-27 10:48:59,162 recall: 0.9379133400196831

2021-04-27 10:48:59,162 specificity: 0.9943540543317795

2021-04-27 10:48:59,162 precision: 0.8439232689638932

2021-04-27 10:48:59,162 F1: 0.8664065208286047

2021-04-27 10:48:59,162 F2: 0.8964310392116507

2021-04-27 10:48:59,162 ACC_overall: 0.9921997676293055

2021-04-27 10:48:59,162 IoU_poly: 0.7985988876471917

2021-04-27 10:48:59,163 IoU_bg: 0.991983347137769

2021-04-27 10:48:59,163 IoU_mean: 0.8952911163369814

2021-04-27 10:48:59,163 ==============================
2021-04-27 10:48:59,163 

2021-04-27 10:49:14,592 RESULT FOR DATASET CVC-ClinicDB

2021-04-27 10:49:14,592 ==============================
2021-04-27 10:49:14,592 

2021-04-27 10:49:14,592 recall: 0.908284053807297

2021-04-27 10:49:14,592 specificity: 0.9954781868765431

2021-04-27 10:49:14,592 precision: 0.9229031676809574

2021-04-27 10:49:14,592 F1: 0.9044649738164979

2021-04-27 10:49:14,592 F2: 0.9059201528115438

2021-04-27 10:49:14,592 ACC_overall: 0.9888743873565428

2021-04-27 10:49:14,592 IoU_poly: 0.8543006360395661

2021-04-27 10:49:14,592 IoU_bg: 0.9867632004522509

2021-04-27 10:49:14,592 IoU_mean: 0.9205319145994801

2021-04-27 10:49:14,592 ==============================
2021-04-27 10:49:14,592 

2021-04-27 10:49:43,887 RESULT FOR DATASET Kvasir

2021-04-27 10:49:43,887 ==============================
2021-04-27 10:49:43,887 

2021-04-27 10:49:43,887 recall: 0.8972266633249819

2021-04-27 10:49:43,887 specificity: 0.9864727854728699

2021-04-27 10:49:43,887 precision: 0.9229626694321632

2021-04-27 10:49:43,887 F1: 0.8908029194734991

2021-04-27 10:49:43,887 F2: 0.890128881689161

2021-04-27 10:49:43,887 ACC_overall: 0.9683510082960128

2021-04-27 10:49:43,887 IoU_poly: 0.8303473770059645

2021-04-27 10:49:43,887 IoU_bg: 0.960105799138546

2021-04-27 10:49:43,887 IoU_mean: 0.8952265876531601

2021-04-27 10:49:43,888 ==============================
2021-04-27 10:49:43,888 

2021-04-27 10:51:40,035 RESULT FOR DATASET CVC-ColonDB

2021-04-27 10:51:40,035 ==============================
2021-04-27 10:51:40,035 

2021-04-27 10:51:40,035 recall: 0.7138620481966403

2021-04-27 10:51:40,035 specificity: 0.9932722935551092

2021-04-27 10:51:40,035 precision: 0.8525711614057064

2021-04-27 10:51:40,035 F1: 0.6942029121704428

2021-04-27 10:51:40,036 F2: 0.6976231647654769

2021-04-27 10:51:40,036 ACC_overall: 0.9592400091259103

2021-04-27 10:51:40,036 IoU_poly: 0.6282698073228594

2021-04-27 10:51:40,036 IoU_bg: 0.9571885200707536

2021-04-27 10:51:40,036 IoU_mean: 0.7927291650521128

2021-04-27 10:51:40,036 ==============================
2021-04-27 10:51:40,036 

2021-04-27 10:53:00,609 RESULT FOR DATASET ETIS-LaribPolypDB

2021-04-27 10:53:00,609 ==============================
2021-04-27 10:53:00,609 

2021-04-27 10:53:00,609 recall: 0.7668119506502359

2021-04-27 10:53:00,609 specificity: 0.9898323951935282

2021-04-27 10:53:00,609 precision: 0.771690189465781

2021-04-27 10:53:00,609 F1: 0.7019133702441075

2021-04-27 10:53:00,609 F2: 0.7337750554570263

2021-04-27 10:53:00,609 ACC_overall: 0.9854373472685717

2021-04-27 10:53:00,609 IoU_poly: 0.6225899413817824

2021-04-27 10:53:00,609 IoU_bg: 0.9845000064494659

2021-04-27 10:53:00,609 IoU_mean: 0.8035449727761502

2021-04-27 10:53:00,609 ==============================
2021-04-27 10:53:00,610 

