2021-05-19 01:11:43,566 Epoch 0 	 Loss 0.7530486282411513
2021-05-19 01:12:54,334 Epoch 1 	 Loss 0.49965085302080425
2021-05-19 01:14:05,188 Epoch 2 	 Loss 0.4411319238798959
2021-05-19 01:15:16,123 Epoch 3 	 Loss 0.40289294785195656
2021-05-19 01:16:27,042 Epoch 4 	 Loss 0.3792380115815571
2021-05-19 01:17:38,012 Epoch 5 	 Loss 0.3655397666024638
2021-05-19 01:18:48,959 Epoch 6 	 Loss 0.3356960119454415
2021-05-19 01:19:59,798 Epoch 7 	 Loss 0.33323086437943217
2021-05-19 01:21:10,702 Epoch 8 	 Loss 0.31672701992831387
2021-05-19 01:22:21,503 Epoch 9 	 Loss 0.30605335795617367
2021-05-19 01:23:32,199 Epoch 10 	 Loss 0.3116966233803676
2021-05-19 01:24:43,138 Epoch 11 	 Loss 0.2907221277991494
2021-05-19 01:25:54,037 Epoch 12 	 Loss 0.2885001529376585
2021-05-19 01:27:04,825 Epoch 13 	 Loss 0.2745361966746194
2021-05-19 01:28:15,750 Epoch 14 	 Loss 0.2798905425019317
2021-05-19 01:29:26,590 Epoch 15 	 Loss 0.2644809869292018
2021-05-19 01:30:37,500 Epoch 16 	 Loss 0.27232210485489816
2021-05-19 01:31:48,359 Epoch 17 	 Loss 0.2629768199973054
2021-05-19 01:32:59,342 Epoch 18 	 Loss 0.25712205387733794
2021-05-19 01:34:10,230 Epoch 19 	 Loss 0.2534022532649093
2021-05-19 01:35:21,045 Epoch 20 	 Loss 0.2465886306631696
2021-05-19 01:36:31,977 Epoch 21 	 Loss 0.24597283722935143
2021-05-19 01:37:42,893 Epoch 22 	 Loss 0.2519880996628122
2021-05-19 01:38:53,703 Epoch 23 	 Loss 0.2531120837717266
2021-05-19 01:40:04,543 Epoch 24 	 Loss 0.23818723071407485
2021-05-19 01:41:15,467 Epoch 25 	 Loss 0.23230969136232857
2021-05-19 01:42:26,362 Epoch 26 	 Loss 0.24222380774361746
2021-05-19 01:43:37,217 Epoch 27 	 Loss 0.24364307637398058
2021-05-19 01:44:48,068 Epoch 28 	 Loss 0.22593359452682538
2021-05-19 01:45:59,033 Epoch 29 	 Loss 0.2209461136506154
2021-05-19 01:47:09,847 Epoch 30 	 Loss 0.227747645679411
2021-05-19 01:48:20,673 Epoch 31 	 Loss 0.23538964970426246
2021-05-19 01:49:31,530 Epoch 32 	 Loss 0.21715018873686318
2021-05-19 01:50:42,404 Epoch 33 	 Loss 0.21329744585922786
2021-05-19 01:51:53,333 Epoch 34 	 Loss 0.21547197706096774
2021-05-19 01:53:04,235 Epoch 35 	 Loss 0.2147194484432975
2021-05-19 01:54:15,039 Epoch 36 	 Loss 0.20537035707589035
2021-05-19 01:55:25,928 Epoch 37 	 Loss 0.21368493008744585
2021-05-19 01:56:36,852 Epoch 38 	 Loss 0.20976211867489658
2021-05-19 01:57:47,837 Epoch 39 	 Loss 0.20651347362078154
2021-05-19 01:58:58,700 Epoch 40 	 Loss 0.20710304788835757
2021-05-19 02:00:09,605 Epoch 41 	 Loss 0.1984211299773101
2021-05-19 02:01:20,528 Epoch 42 	 Loss 0.1976153341295955
2021-05-19 02:02:31,416 Epoch 43 	 Loss 0.19017607546769655
2021-05-19 02:03:42,327 Epoch 44 	 Loss 0.19304375907221993
2021-05-19 02:04:53,270 Epoch 45 	 Loss 0.19253944826650096
2021-05-19 02:06:04,089 Epoch 46 	 Loss 0.19201646286707658
2021-05-19 02:07:15,103 Epoch 47 	 Loss 0.19318434530562098
2021-05-19 02:08:26,058 Epoch 48 	 Loss 0.185087603363362
2021-05-19 02:09:36,853 Epoch 49 	 Loss 0.1807646019445671
2021-05-19 02:10:47,877 Epoch 50 	 Loss 0.18010316854649847
2021-05-19 02:11:58,799 Epoch 51 	 Loss 0.18137719113748152
2021-05-19 02:13:09,681 Epoch 52 	 Loss 0.1740735745528242
2021-05-19 02:14:20,622 Epoch 53 	 Loss 0.17507362644095997
2021-05-19 02:15:31,419 Epoch 54 	 Loss 0.17630396341229534
2021-05-19 02:16:42,386 Epoch 55 	 Loss 0.17620584008457896
2021-05-19 02:17:53,237 Epoch 56 	 Loss 0.1725766216660594
2021-05-19 02:19:04,157 Epoch 57 	 Loss 0.18231807256137933
2021-05-19 02:20:15,102 Epoch 58 	 Loss 0.17060236845697677
2021-05-19 02:21:25,906 Epoch 59 	 Loss 0.17590581666637253
2021-05-19 02:22:36,760 Epoch 60 	 Loss 0.17133413697337055
2021-05-19 02:23:47,671 Epoch 61 	 Loss 0.16933317613470686
2021-05-19 02:24:58,546 Epoch 62 	 Loss 0.17066499639998425
2021-05-19 02:26:09,412 Epoch 63 	 Loss 0.16613029082725336
2021-05-19 02:27:20,336 Epoch 64 	 Loss 0.16570816934108734
2021-05-19 02:28:31,270 Epoch 65 	 Loss 0.1645404448384767
2021-05-19 02:29:42,180 Epoch 66 	 Loss 0.16183511274201529
2021-05-19 02:30:53,177 Epoch 67 	 Loss 0.15879394711701425
2021-05-19 02:32:04,030 Epoch 68 	 Loss 0.1601881831065639
2021-05-19 02:33:14,802 Epoch 69 	 Loss 0.15696963847993495
2021-05-19 02:34:25,738 Epoch 70 	 Loss 0.15812273831157894
2021-05-19 02:35:36,707 Epoch 71 	 Loss 0.15678813283915047
2021-05-19 02:36:47,694 Epoch 72 	 Loss 0.15484959067224147
2021-05-19 02:37:58,626 Epoch 73 	 Loss 0.1577137183029573
2021-05-19 02:39:09,581 Epoch 74 	 Loss 0.15546150644729426
2021-05-19 02:40:20,470 Epoch 75 	 Loss 0.1563402663220416
2021-05-19 02:41:31,386 Epoch 76 	 Loss 0.15533279832247848
2021-05-19 02:42:42,270 Epoch 77 	 Loss 0.15273253578733612
2021-05-19 02:43:53,063 Epoch 78 	 Loss 0.15310412440653687
2021-05-19 02:45:03,960 Epoch 79 	 Loss 0.15174137154123285
2021-05-19 02:46:14,806 Epoch 80 	 Loss 0.150534973858477
2021-05-19 02:47:25,663 Epoch 81 	 Loss 0.15318246873525473
2021-05-19 02:48:36,457 Epoch 82 	 Loss 0.15038079907605936
2021-05-19 02:49:47,266 Epoch 83 	 Loss 0.15015099926309272
2021-05-19 02:50:58,208 Epoch 84 	 Loss 0.1477051066992047
2021-05-19 02:52:09,053 Epoch 85 	 Loss 0.150130913070925
2021-05-19 02:53:19,921 Epoch 86 	 Loss 0.15063430115089313
2021-05-19 02:54:30,880 Epoch 87 	 Loss 0.1479497085233311
2021-05-19 02:55:41,730 Epoch 88 	 Loss 0.15010597859765148
2021-05-19 02:56:52,625 Epoch 89 	 Loss 0.15052335922207152
2021-05-19 02:58:03,511 Epoch 90 	 Loss 0.1508488532278564
2021-05-19 02:59:14,313 Epoch 91 	 Loss 0.14734329315987263
2021-05-19 03:00:25,106 Epoch 92 	 Loss 0.14950120481815968
2021-05-19 03:01:35,992 Epoch 93 	 Loss 0.15002404063285052
2021-05-19 03:02:46,877 Epoch 94 	 Loss 0.1490350508919129
2021-05-19 03:03:57,669 Epoch 95 	 Loss 0.1487714233142989
2021-05-19 03:05:08,610 Epoch 96 	 Loss 0.14787926909687754
2021-05-19 03:06:19,438 Epoch 97 	 Loss 0.1482163144500701
2021-05-19 03:07:30,344 Epoch 98 	 Loss 0.1502523082461986
2021-05-19 03:08:41,272 Epoch 99 	 Loss 0.14858986404570904
2021-05-19 03:09:01,161 RESULT FOR DATASET CVC-300

2021-05-19 03:09:01,161 ==============================
2021-05-19 03:09:01,161 

2021-05-19 03:09:01,161 recall: 0.9412341843048732

2021-05-19 03:09:01,162 specificity: 0.9939280440409978

2021-05-19 03:09:01,162 precision: 0.8431845087558031

2021-05-19 03:09:01,162 F1: 0.8689352783064047

2021-05-19 03:09:01,162 F2: 0.8994463697075844

2021-05-19 03:09:01,162 ACC_overall: 0.9920162002245585

2021-05-19 03:09:01,162 IoU_poly: 0.8004965741187334

2021-05-19 03:09:01,162 IoU_bg: 0.9917851179838181

2021-05-19 03:09:01,162 IoU_mean: 0.896140843629837

2021-05-19 03:09:01,162 ==============================
2021-05-19 03:09:01,162 

2021-05-19 03:09:16,755 RESULT FOR DATASET CVC-ClinicDB

2021-05-19 03:09:16,755 ==============================
2021-05-19 03:09:16,755 

2021-05-19 03:09:16,756 recall: 0.9561659491831257

2021-05-19 03:09:16,756 specificity: 0.993898134077749

2021-05-19 03:09:16,756 precision: 0.9115577324503853

2021-05-19 03:09:16,756 F1: 0.9213321740108151

2021-05-19 03:09:16,756 F2: 0.9321576419376558

2021-05-19 03:09:16,756 ACC_overall: 0.9915491486749342

2021-05-19 03:09:16,756 IoU_poly: 0.8756769921991133

2021-05-19 03:09:16,756 IoU_bg: 0.9900342687483756

2021-05-19 03:09:16,756 IoU_mean: 0.932855628190502

2021-05-19 03:09:16,756 ==============================
2021-05-19 03:09:16,756 

2021-05-19 03:09:46,180 RESULT FOR DATASET Kvasir

2021-05-19 03:09:46,181 ==============================
2021-05-19 03:09:46,181 

2021-05-19 03:09:46,181 recall: 0.9112828269600868

2021-05-19 03:09:46,181 specificity: 0.9875772148370743

2021-05-19 03:09:46,181 precision: 0.9336371630430221

2021-05-19 03:09:46,181 F1: 0.909210420101881

2021-05-19 03:09:46,181 F2: 0.9058868671953678

2021-05-19 03:09:46,181 ACC_overall: 0.9721663039922714

2021-05-19 03:09:46,181 IoU_poly: 0.8578754661604762

2021-05-19 03:09:46,181 IoU_bg: 0.9646736577153205

2021-05-19 03:09:46,181 IoU_mean: 0.9112745615839958

2021-05-19 03:09:46,181 ==============================
2021-05-19 03:09:46,181 

2021-05-19 03:11:37,795 RESULT FOR DATASET CVC-ColonDB

2021-05-19 03:11:37,795 ==============================
2021-05-19 03:11:37,795 

2021-05-19 03:11:37,795 recall: 0.7959855576750454

2021-05-19 03:11:37,795 specificity: 0.9866980935397901

2021-05-19 03:11:37,795 precision: 0.818070537982921

2021-05-19 03:11:37,795 F1: 0.7543798198804372

2021-05-19 03:11:37,795 F2: 0.7653499566178413

2021-05-19 03:11:37,795 ACC_overall: 0.9617367675429896

2021-05-19 03:11:37,795 IoU_poly: 0.6787633636039908

2021-05-19 03:11:37,795 IoU_bg: 0.9586512071521659

2021-05-19 03:11:37,795 IoU_mean: 0.8187072860567193

2021-05-19 03:11:37,795 ==============================
2021-05-19 03:11:37,795 

2021-05-19 03:12:58,784 RESULT FOR DATASET ETIS-LaribPolypDB

2021-05-19 03:12:58,784 ==============================
2021-05-19 03:12:58,784 

2021-05-19 03:12:58,784 recall: 0.8551335237682034

2021-05-19 03:12:58,785 specificity: 0.9837265802281243

2021-05-19 03:12:58,785 precision: 0.7266378458794173

2021-05-19 03:12:58,785 F1: 0.7485466317730869

2021-05-19 03:12:58,785 F2: 0.797099710007856

2021-05-19 03:12:58,785 ACC_overall: 0.9817384080011018

2021-05-19 03:12:58,785 IoU_poly: 0.6678454097687635

2021-05-19 03:12:58,785 IoU_bg: 0.9809541288687258

2021-05-19 03:12:58,785 IoU_mean: 0.8243997677856562

2021-05-19 03:12:58,785 ==============================
2021-05-19 03:12:58,785 

