2021-05-18 23:09:50,202 Epoch 0 	 Loss 0.7395603964616965
2021-05-18 23:11:00,519 Epoch 1 	 Loss 0.48392169586904754
2021-05-18 23:12:11,044 Epoch 2 	 Loss 0.41968504576892646
2021-05-18 23:13:21,557 Epoch 3 	 Loss 0.3857309443282557
2021-05-18 23:14:32,065 Epoch 4 	 Loss 0.36514992979201644
2021-05-18 23:15:42,642 Epoch 5 	 Loss 0.34596252605155275
2021-05-18 23:16:53,184 Epoch 6 	 Loss 0.3293374177518782
2021-05-18 23:18:03,805 Epoch 7 	 Loss 0.3291614342194337
2021-05-18 23:19:14,368 Epoch 8 	 Loss 0.3107099998128283
2021-05-18 23:20:24,787 Epoch 9 	 Loss 0.31226762637987243
2021-05-18 23:21:35,185 Epoch 10 	 Loss 0.30021332449965427
2021-05-18 23:22:45,651 Epoch 11 	 Loss 0.29182493424677586
2021-05-18 23:23:56,259 Epoch 12 	 Loss 0.28189809915128644
2021-05-18 23:25:06,786 Epoch 13 	 Loss 0.27853734643904715
2021-05-18 23:26:17,298 Epoch 14 	 Loss 0.27043385623575567
2021-05-18 23:27:27,924 Epoch 15 	 Loss 0.26060361095837187
2021-05-18 23:28:38,533 Epoch 16 	 Loss 0.26300923166039225
2021-05-18 23:29:49,017 Epoch 17 	 Loss 0.25971947823251995
2021-05-18 23:30:59,667 Epoch 18 	 Loss 0.2507551184722355
2021-05-18 23:32:10,180 Epoch 19 	 Loss 0.24806194793392014
2021-05-18 23:33:20,750 Epoch 20 	 Loss 0.270462487588872
2021-05-18 23:34:31,304 Epoch 21 	 Loss 0.25277586641547445
2021-05-18 23:35:41,793 Epoch 22 	 Loss 0.24190380923695617
2021-05-18 23:36:52,278 Epoch 23 	 Loss 0.24430643431432955
2021-05-18 23:38:02,743 Epoch 24 	 Loss 0.24639792773094807
2021-05-18 23:39:13,216 Epoch 25 	 Loss 0.22878757381177212
2021-05-18 23:40:23,739 Epoch 26 	 Loss 0.22602206828830007
2021-05-18 23:41:34,288 Epoch 27 	 Loss 0.23212363022369342
2021-05-18 23:42:44,747 Epoch 28 	 Loss 0.2201270593719168
2021-05-18 23:43:55,358 Epoch 29 	 Loss 0.22570902862391629
2021-05-18 23:45:05,953 Epoch 30 	 Loss 0.22590026472296035
2021-05-18 23:46:16,579 Epoch 31 	 Loss 0.21142379759432195
2021-05-18 23:47:27,186 Epoch 32 	 Loss 0.2130579445715789
2021-05-18 23:48:37,757 Epoch 33 	 Loss 0.21190216138467685
2021-05-18 23:49:48,380 Epoch 34 	 Loss 0.21461697905273228
2021-05-18 23:50:58,859 Epoch 35 	 Loss 0.20235916890285827
2021-05-18 23:52:09,419 Epoch 36 	 Loss 0.21154195283140456
2021-05-18 23:53:19,874 Epoch 37 	 Loss 0.20702263238010826
2021-05-18 23:54:30,531 Epoch 38 	 Loss 0.21405794184941512
2021-05-18 23:55:41,193 Epoch 39 	 Loss 0.20171311497688293
2021-05-18 23:56:51,768 Epoch 40 	 Loss 0.1949505083836042
2021-05-18 23:58:02,255 Epoch 41 	 Loss 0.19733096806557623
2021-05-18 23:59:12,704 Epoch 42 	 Loss 0.2031983012681479
2021-05-19 00:00:23,274 Epoch 43 	 Loss 0.19928767392923544
2021-05-19 00:01:33,775 Epoch 44 	 Loss 0.19274695021110577
2021-05-19 00:02:44,247 Epoch 45 	 Loss 0.1923731796361588
2021-05-19 00:03:54,682 Epoch 46 	 Loss 0.1865629214834381
2021-05-19 00:05:05,135 Epoch 47 	 Loss 0.19224787331544435
2021-05-19 00:06:15,597 Epoch 48 	 Loss 0.1893419841161141
2021-05-19 00:07:26,234 Epoch 49 	 Loss 0.18557560132755027
2021-05-19 00:08:36,854 Epoch 50 	 Loss 0.17909390127265845
2021-05-19 00:09:47,333 Epoch 51 	 Loss 0.18481679866602133
2021-05-19 00:10:57,766 Epoch 52 	 Loss 0.17647312270416007
2021-05-19 00:12:08,348 Epoch 53 	 Loss 0.17666355888922136
2021-05-19 00:13:18,955 Epoch 54 	 Loss 0.17440941364883067
2021-05-19 00:14:29,520 Epoch 55 	 Loss 0.17092983293664324
2021-05-19 00:15:40,121 Epoch 56 	 Loss 0.16845953268009228
2021-05-19 00:16:50,729 Epoch 57 	 Loss 0.17055619729089214
2021-05-19 00:18:01,315 Epoch 58 	 Loss 0.16826964652800297
2021-05-19 00:19:11,895 Epoch 59 	 Loss 0.1640656985096879
2021-05-19 00:20:22,549 Epoch 60 	 Loss 0.16863244092398946
2021-05-19 00:21:33,162 Epoch 61 	 Loss 0.16627254738257483
2021-05-19 00:22:43,729 Epoch 62 	 Loss 0.16469810690198625
2021-05-19 00:23:54,315 Epoch 63 	 Loss 0.1632793231324835
2021-05-19 00:25:04,876 Epoch 64 	 Loss 0.16451376742059057
2021-05-19 00:26:15,348 Epoch 65 	 Loss 0.16281630066069927
2021-05-19 00:27:25,880 Epoch 66 	 Loss 0.1660335435644611
2021-05-19 00:28:36,286 Epoch 67 	 Loss 0.15976101274673754
2021-05-19 00:29:46,746 Epoch 68 	 Loss 0.15881856506342415
2021-05-19 00:30:57,329 Epoch 69 	 Loss 0.1582294307894759
2021-05-19 00:32:07,872 Epoch 70 	 Loss 0.16042406447641142
2021-05-19 00:33:18,378 Epoch 71 	 Loss 0.15407772763417318
2021-05-19 00:34:28,916 Epoch 72 	 Loss 0.15435795510535713
2021-05-19 00:35:39,506 Epoch 73 	 Loss 0.1538105751131917
2021-05-19 00:36:50,116 Epoch 74 	 Loss 0.1534078971861483
2021-05-19 00:38:00,651 Epoch 75 	 Loss 0.1540430737556992
2021-05-19 00:39:11,191 Epoch 76 	 Loss 0.15322092183671154
2021-05-19 00:40:21,718 Epoch 77 	 Loss 0.1528807201392048
2021-05-19 00:41:32,298 Epoch 78 	 Loss 0.15351311485845964
2021-05-19 00:42:42,841 Epoch 79 	 Loss 0.15414143877697514
2021-05-19 00:43:53,423 Epoch 80 	 Loss 0.15161551158506792
2021-05-19 00:45:04,017 Epoch 81 	 Loss 0.15202617055767184
2021-05-19 00:46:14,552 Epoch 82 	 Loss 0.15232290376673688
2021-05-19 00:47:25,187 Epoch 83 	 Loss 0.15003745609914865
2021-05-19 00:48:35,655 Epoch 84 	 Loss 0.15340450479761586
2021-05-19 00:49:46,292 Epoch 85 	 Loss 0.15250111887088189
2021-05-19 00:50:56,876 Epoch 86 	 Loss 0.14876706701713605
2021-05-19 00:52:07,327 Epoch 87 	 Loss 0.14732684530727155
2021-05-19 00:53:17,969 Epoch 88 	 Loss 0.14885447657370304
2021-05-19 00:54:28,483 Epoch 89 	 Loss 0.14693297576773298
2021-05-19 00:55:39,018 Epoch 90 	 Loss 0.14680670914086666
2021-05-19 00:56:49,613 Epoch 91 	 Loss 0.1493417747564368
2021-05-19 00:58:00,191 Epoch 92 	 Loss 0.15053599188615988
2021-05-19 00:59:10,777 Epoch 93 	 Loss 0.14835204978238095
2021-05-19 01:00:21,366 Epoch 94 	 Loss 0.1450978140090848
2021-05-19 01:01:31,940 Epoch 95 	 Loss 0.1465367309667252
2021-05-19 01:02:42,460 Epoch 96 	 Loss 0.14836728065223484
2021-05-19 01:03:53,026 Epoch 97 	 Loss 0.14713238982053903
2021-05-19 01:05:03,596 Epoch 98 	 Loss 0.14759983810094687
2021-05-19 01:06:14,193 Epoch 99 	 Loss 0.14683884341310668
2021-05-19 01:06:33,976 RESULT FOR DATASET CVC-300

2021-05-19 01:06:33,977 ==============================
2021-05-19 01:06:33,977 

2021-05-19 01:06:33,977 recall: 0.9430111158978737

2021-05-19 01:06:33,977 specificity: 0.9906044284502665

2021-05-19 01:06:33,977 precision: 0.807417405792512

2021-05-19 01:06:33,977 F1: 0.8462234206798409

2021-05-19 01:06:33,977 F2: 0.8850215672932488

2021-05-19 01:06:33,977 ACC_overall: 0.9887009878953298

2021-05-19 01:06:33,977 IoU_poly: 0.7790329725209933

2021-05-19 01:06:33,977 IoU_bg: 0.9883785506089529

2021-05-19 01:06:33,977 IoU_mean: 0.883705756564935

2021-05-19 01:06:33,977 ==============================
2021-05-19 01:06:33,977 

2021-05-19 01:06:49,205 RESULT FOR DATASET CVC-ClinicDB

2021-05-19 01:06:49,205 ==============================
2021-05-19 01:06:49,205 

2021-05-19 01:06:49,205 recall: 0.9387653210470753

2021-05-19 01:06:49,205 specificity: 0.9942418134981587

2021-05-19 01:06:49,205 precision: 0.913790014181887

2021-05-19 01:06:49,205 F1: 0.9160155054301985

2021-05-19 01:06:49,206 F2: 0.9224894066010753

2021-05-19 01:06:49,206 ACC_overall: 0.9905965030193329

2021-05-19 01:06:49,206 IoU_poly: 0.8671513148433259

2021-05-19 01:06:49,206 IoU_bg: 0.9888944270149354

2021-05-19 01:06:49,206 IoU_mean: 0.9280228667682217

2021-05-19 01:06:49,206 ==============================
2021-05-19 01:06:49,206 

2021-05-19 01:07:18,401 RESULT FOR DATASET Kvasir

2021-05-19 01:07:18,401 ==============================
2021-05-19 01:07:18,401 

2021-05-19 01:07:18,402 recall: 0.9186272796988487

2021-05-19 01:07:18,402 specificity: 0.9901484245061875

2021-05-19 01:07:18,402 precision: 0.9464931502938271

2021-05-19 01:07:18,402 F1: 0.923763699233532

2021-05-19 01:07:18,402 F2: 0.9188825982809067

2021-05-19 01:07:18,402 ACC_overall: 0.9774254947900772

2021-05-19 01:07:18,402 IoU_poly: 0.8744229766726493

2021-05-19 01:07:18,402 IoU_bg: 0.9703611701726913

2021-05-19 01:07:18,402 IoU_mean: 0.9223920711874962

2021-05-19 01:07:18,402 ==============================
2021-05-19 01:07:18,402 

2021-05-19 01:09:09,369 RESULT FOR DATASET CVC-ColonDB

2021-05-19 01:09:09,369 ==============================
2021-05-19 01:09:09,369 

2021-05-19 01:09:09,369 recall: 0.7974701666521301

2021-05-19 01:09:09,369 specificity: 0.9873018159678107

2021-05-19 01:09:09,369 precision: 0.8221859091590646

2021-05-19 01:09:09,370 F1: 0.7677153985010974

2021-05-19 01:09:09,370 F2: 0.7723010854278216

2021-05-19 01:09:09,370 ACC_overall: 0.9629493765140834

2021-05-19 01:09:09,370 IoU_poly: 0.6875179306638529

2021-05-19 01:09:09,370 IoU_bg: 0.9595074785383124

2021-05-19 01:09:09,370 IoU_mean: 0.8235127027097501

2021-05-19 01:09:09,370 ==============================
2021-05-19 01:09:09,370 

2021-05-19 01:10:30,051 RESULT FOR DATASET ETIS-LaribPolypDB

2021-05-19 01:10:30,051 ==============================
2021-05-19 01:10:30,051 

2021-05-19 01:10:30,051 recall: 0.8346029894803776

2021-05-19 01:10:30,051 specificity: 0.9868965860532255

2021-05-19 01:10:30,051 precision: 0.725966083650468

2021-05-19 01:10:30,051 F1: 0.7307780183824731

2021-05-19 01:10:30,051 F2: 0.7766757718465707

2021-05-19 01:10:30,051 ACC_overall: 0.9842090840850558

2021-05-19 01:10:30,051 IoU_poly: 0.6507184831056321

2021-05-19 01:10:30,051 IoU_bg: 0.9834539647005043

2021-05-19 01:10:30,051 IoU_mean: 0.8170862252614937

2021-05-19 01:10:30,051 ==============================
2021-05-19 01:10:30,051 

