2021-05-18 21:05:55,259 Epoch 0 	 Loss 0.7342785013901009
2021-05-18 21:07:08,483 Epoch 1 	 Loss 0.46801887436227485
2021-05-18 21:08:21,270 Epoch 2 	 Loss 0.4084165400856144
2021-05-18 21:09:33,431 Epoch 3 	 Loss 0.38437651015899993
2021-05-18 21:10:49,563 Epoch 4 	 Loss 0.3552815945266367
2021-05-18 21:12:08,092 Epoch 5 	 Loss 0.3414197860510795
2021-05-18 21:13:26,943 Epoch 6 	 Loss 0.3352338414598297
2021-05-18 21:14:43,887 Epoch 7 	 Loss 0.31908164771048575
2021-05-18 21:16:01,463 Epoch 8 	 Loss 0.3140946356477318
2021-05-18 21:17:20,208 Epoch 9 	 Loss 0.2994505959552723
2021-05-18 21:18:35,744 Epoch 10 	 Loss 0.2920393693250614
2021-05-18 21:19:48,262 Epoch 11 	 Loss 0.28938346560839767
2021-05-18 21:20:59,838 Epoch 12 	 Loss 0.2912891733122396
2021-05-18 21:22:12,444 Epoch 13 	 Loss 0.2748560957856231
2021-05-18 21:23:27,648 Epoch 14 	 Loss 0.2662327037407802
2021-05-18 21:24:41,679 Epoch 15 	 Loss 0.2733134168844957
2021-05-18 21:25:56,868 Epoch 16 	 Loss 0.2658265815986382
2021-05-18 21:27:11,554 Epoch 17 	 Loss 0.2649839258455968
2021-05-18 21:28:26,429 Epoch 18 	 Loss 0.25712280466661347
2021-05-18 21:29:41,102 Epoch 19 	 Loss 0.24354822655300518
2021-05-18 21:30:55,636 Epoch 20 	 Loss 0.24522989562579564
2021-05-18 21:32:10,215 Epoch 21 	 Loss 0.24562238533418257
2021-05-18 21:33:26,793 Epoch 22 	 Loss 0.24183379654045944
2021-05-18 21:34:41,094 Epoch 23 	 Loss 0.23547495197463822
2021-05-18 21:35:56,582 Epoch 24 	 Loss 0.23047198093199467
2021-05-18 21:37:13,973 Epoch 25 	 Loss 0.2308228259885704
2021-05-18 21:38:32,493 Epoch 26 	 Loss 0.24466805029046404
2021-05-18 21:39:44,755 Epoch 27 	 Loss 0.2376297707413579
2021-05-18 21:40:59,294 Epoch 28 	 Loss 0.22257014781564147
2021-05-18 21:42:09,591 Epoch 29 	 Loss 0.22569849006422274
2021-05-18 21:43:20,020 Epoch 30 	 Loss 0.21500006842089223
2021-05-18 21:44:30,383 Epoch 31 	 Loss 0.21593938096539006
2021-05-18 21:45:40,665 Epoch 32 	 Loss 0.21510632499888704
2021-05-18 21:46:50,990 Epoch 33 	 Loss 0.21692209977370042
2021-05-18 21:48:01,428 Epoch 34 	 Loss 0.21864360505407984
2021-05-18 21:49:11,646 Epoch 35 	 Loss 0.21038226488527362
2021-05-18 21:50:21,990 Epoch 36 	 Loss 0.2046560866164637
2021-05-18 21:51:32,207 Epoch 37 	 Loss 0.21013459792503944
2021-05-18 21:52:42,406 Epoch 38 	 Loss 0.19852841309793703
2021-05-18 21:53:52,689 Epoch 39 	 Loss 0.1951343006157613
2021-05-18 21:55:02,848 Epoch 40 	 Loss 0.1972648832169208
2021-05-18 21:56:13,144 Epoch 41 	 Loss 0.19504456615055
2021-05-18 21:57:23,489 Epoch 42 	 Loss 0.1915914909197734
2021-05-18 21:58:33,807 Epoch 43 	 Loss 0.19170554244256283
2021-05-18 21:59:44,117 Epoch 44 	 Loss 0.1882434315406359
2021-05-18 22:00:54,552 Epoch 45 	 Loss 0.18518267637425725
2021-05-18 22:02:04,850 Epoch 46 	 Loss 0.1865565509914042
2021-05-18 22:03:15,177 Epoch 47 	 Loss 0.18828752440410657
2021-05-18 22:04:25,489 Epoch 48 	 Loss 0.18264092210229937
2021-05-18 22:05:35,701 Epoch 49 	 Loss 0.18258299834125644
2021-05-18 22:06:46,010 Epoch 50 	 Loss 0.17797713980569943
2021-05-18 22:07:56,293 Epoch 51 	 Loss 0.17707577626128773
2021-05-18 22:09:06,556 Epoch 52 	 Loss 0.17801159440161107
2021-05-18 22:10:16,729 Epoch 53 	 Loss 0.1791429727614581
2021-05-18 22:11:26,993 Epoch 54 	 Loss 0.18199267901562072
2021-05-18 22:12:37,337 Epoch 55 	 Loss 0.17689399011842497
2021-05-18 22:13:47,726 Epoch 56 	 Loss 0.1736005390738393
2021-05-18 22:14:58,010 Epoch 57 	 Loss 0.17276991240598344
2021-05-18 22:16:08,285 Epoch 58 	 Loss 0.16747749465834963
2021-05-18 22:17:18,510 Epoch 59 	 Loss 0.16318668572457282
2021-05-18 22:18:28,844 Epoch 60 	 Loss 0.16571520711039447
2021-05-18 22:19:39,173 Epoch 61 	 Loss 0.1634312881218208
2021-05-18 22:20:49,489 Epoch 62 	 Loss 0.167848187652263
2021-05-18 22:21:59,696 Epoch 63 	 Loss 0.1645222496200394
2021-05-18 22:23:10,041 Epoch 64 	 Loss 0.16088629751415043
2021-05-18 22:24:20,341 Epoch 65 	 Loss 0.1596674946965752
2021-05-18 22:25:30,561 Epoch 66 	 Loss 0.15740136900445917
2021-05-18 22:26:40,833 Epoch 67 	 Loss 0.15763259736391214
2021-05-18 22:27:51,136 Epoch 68 	 Loss 0.16097894130827306
2021-05-18 22:29:01,490 Epoch 69 	 Loss 0.15746871013562758
2021-05-18 22:30:11,720 Epoch 70 	 Loss 0.15611424731029258
2021-05-18 22:31:22,013 Epoch 71 	 Loss 0.159549131498232
2021-05-18 22:32:32,209 Epoch 72 	 Loss 0.1541426990713392
2021-05-18 22:33:42,329 Epoch 73 	 Loss 0.15335498913958834
2021-05-18 22:34:52,636 Epoch 74 	 Loss 0.1558744007578263
2021-05-18 22:36:02,718 Epoch 75 	 Loss 0.15340033157186195
2021-05-18 22:37:12,970 Epoch 76 	 Loss 0.1507883134124043
2021-05-18 22:38:23,332 Epoch 77 	 Loss 0.14968131908348628
2021-05-18 22:39:33,512 Epoch 78 	 Loss 0.15181743124356636
2021-05-18 22:40:43,802 Epoch 79 	 Loss 0.14836432547359676
2021-05-18 22:41:53,998 Epoch 80 	 Loss 0.15076111592761762
2021-05-18 22:43:04,204 Epoch 81 	 Loss 0.14861823536537505
2021-05-18 22:44:14,397 Epoch 82 	 Loss 0.14910365894928082
2021-05-18 22:45:24,671 Epoch 83 	 Loss 0.1486944168969825
2021-05-18 22:46:34,832 Epoch 84 	 Loss 0.14828424777958418
2021-05-18 22:47:45,055 Epoch 85 	 Loss 0.14716497522134048
2021-05-18 22:48:55,320 Epoch 86 	 Loss 0.14931903018073722
2021-05-18 22:50:05,554 Epoch 87 	 Loss 0.14609404301250373
2021-05-18 22:51:15,822 Epoch 88 	 Loss 0.14985669052207862
2021-05-18 22:52:26,119 Epoch 89 	 Loss 0.145204130928595
2021-05-18 22:53:36,349 Epoch 90 	 Loss 0.1497613258741714
2021-05-18 22:54:46,623 Epoch 91 	 Loss 0.14555794229874244
2021-05-18 22:55:56,751 Epoch 92 	 Loss 0.14767123275733257
2021-05-18 22:57:06,985 Epoch 93 	 Loss 0.1459054282078376
2021-05-18 22:58:17,269 Epoch 94 	 Loss 0.14677583811047312
2021-05-18 22:59:27,622 Epoch 95 	 Loss 0.14569930953311397
2021-05-18 23:00:37,791 Epoch 96 	 Loss 0.14498689402263243
2021-05-18 23:01:48,065 Epoch 97 	 Loss 0.1451951054098842
2021-05-18 23:02:58,249 Epoch 98 	 Loss 0.14627505568685112
2021-05-18 23:04:08,495 Epoch 99 	 Loss 0.14569027165135184
2021-05-18 23:04:28,303 RESULT FOR DATASET CVC-300

2021-05-18 23:04:28,303 ==============================
2021-05-18 23:04:28,303 

2021-05-18 23:04:28,303 recall: 0.9301775759706895

2021-05-18 23:04:28,303 specificity: 0.9931402365366618

2021-05-18 23:04:28,303 precision: 0.8362648638586203

2021-05-18 23:04:28,303 F1: 0.8651817847043276

2021-05-18 23:04:28,303 F2: 0.8965849628051122

2021-05-18 23:04:28,303 ACC_overall: 0.9908527861038844

2021-05-18 23:04:28,303 IoU_poly: 0.796959541613857

2021-05-18 23:04:28,303 IoU_bg: 0.9905962467193603

2021-05-18 23:04:28,303 IoU_mean: 0.8937778919935226

2021-05-18 23:04:28,303 ==============================
2021-05-18 23:04:28,303 

2021-05-18 23:04:43,554 RESULT FOR DATASET CVC-ClinicDB

2021-05-18 23:04:43,554 ==============================
2021-05-18 23:04:43,554 

2021-05-18 23:04:43,554 recall: 0.9404548878608752

2021-05-18 23:04:43,554 specificity: 0.9932354419462143

2021-05-18 23:04:43,554 precision: 0.8944283559065943

2021-05-18 23:04:43,554 F1: 0.9050004061878538

2021-05-18 23:04:43,554 F2: 0.9159987146943628

2021-05-18 23:04:43,554 ACC_overall: 0.9899947614439072

2021-05-18 23:04:43,554 IoU_poly: 0.8604405769353523

2021-05-18 23:04:43,554 IoU_bg: 0.9882669496920801

2021-05-18 23:04:43,555 IoU_mean: 0.9243537610576998

2021-05-18 23:04:43,555 ==============================
2021-05-18 23:04:43,555 

2021-05-18 23:05:14,699 RESULT FOR DATASET Kvasir

2021-05-18 23:05:14,699 ==============================
2021-05-18 23:05:14,699 

2021-05-18 23:05:14,699 recall: 0.9073360319435596

2021-05-18 23:05:14,699 specificity: 0.9903830242156982

2021-05-18 23:05:14,699 precision: 0.9368253549933434

2021-05-18 23:05:14,699 F1: 0.9098749557137489

2021-05-18 23:05:14,699 F2: 0.9057362355291844

2021-05-18 23:05:14,700 ACC_overall: 0.9737245827913285

2021-05-18 23:05:14,700 IoU_poly: 0.8575300051271916

2021-05-18 23:05:14,700 IoU_bg: 0.9664639440178872

2021-05-18 23:05:14,700 IoU_mean: 0.9119969755411148

2021-05-18 23:05:14,700 ==============================
2021-05-18 23:05:14,700 

2021-05-18 23:07:12,356 RESULT FOR DATASET CVC-ColonDB

2021-05-18 23:07:12,356 ==============================
2021-05-18 23:07:12,356 

2021-05-18 23:07:12,356 recall: 0.8046665755882666

2021-05-18 23:07:12,356 specificity: 0.9889508448149028

2021-05-18 23:07:12,356 precision: 0.8178126303813004

2021-05-18 23:07:12,356 F1: 0.7681441050502096

2021-05-18 23:07:12,356 F2: 0.7799086039860892

2021-05-18 23:07:12,356 ACC_overall: 0.9652785102003499

2021-05-18 23:07:12,356 IoU_poly: 0.6884566965774435

2021-05-18 23:07:12,356 IoU_bg: 0.9616517852795752

2021-05-18 23:07:12,356 IoU_mean: 0.8250542404620271

2021-05-18 23:07:12,356 ==============================
2021-05-18 23:07:12,356 

2021-05-18 23:08:35,676 RESULT FOR DATASET ETIS-LaribPolypDB

2021-05-18 23:08:35,676 ==============================
2021-05-18 23:08:35,677 

2021-05-18 23:08:35,677 recall: 0.8242806713190995

2021-05-18 23:08:35,677 specificity: 0.9887444440807615

2021-05-18 23:08:35,677 precision: 0.7569296647227521

2021-05-18 23:08:35,677 F1: 0.742131893948718

2021-05-18 23:08:35,677 F2: 0.7814929503562632

2021-05-18 23:08:35,677 ACC_overall: 0.9858987373965127

2021-05-18 23:08:35,677 IoU_poly: 0.6625836382027881

2021-05-18 23:08:35,677 IoU_bg: 0.9850877882266531

2021-05-18 23:08:35,677 IoU_mean: 0.8238357127625116

2021-05-18 23:08:35,677 ==============================
2021-05-18 23:08:35,677 

