2021-05-19 05:20:11,325 Epoch 0 	 Loss 0.7126331489819747
2021-05-19 05:21:24,375 Epoch 1 	 Loss 0.4557504801304786
2021-05-19 05:22:37,526 Epoch 2 	 Loss 0.3962297686836222
2021-05-19 05:23:50,731 Epoch 3 	 Loss 0.37817360297009184
2021-05-19 05:25:04,029 Epoch 4 	 Loss 0.359884629374022
2021-05-19 05:26:17,457 Epoch 5 	 Loss 0.33716040505812717
2021-05-19 05:27:30,755 Epoch 6 	 Loss 0.3213213418538754
2021-05-19 05:28:44,165 Epoch 7 	 Loss 0.3137761693406891
2021-05-19 05:29:57,434 Epoch 8 	 Loss 0.2937778548879938
2021-05-19 05:31:10,717 Epoch 9 	 Loss 0.301492520904803
2021-05-19 05:32:23,921 Epoch 10 	 Loss 0.29360624803946567
2021-05-19 05:33:37,167 Epoch 11 	 Loss 0.2775473727302237
2021-05-19 05:34:50,434 Epoch 12 	 Loss 0.2624362615438608
2021-05-19 05:36:03,788 Epoch 13 	 Loss 0.2604114922520879
2021-05-19 05:37:17,091 Epoch 14 	 Loss 0.2600457843515899
2021-05-19 05:38:30,387 Epoch 15 	 Loss 0.25253311127096745
2021-05-19 05:39:43,863 Epoch 16 	 Loss 0.2429500271330823
2021-05-19 05:40:57,106 Epoch 17 	 Loss 0.25275951673041336
2021-05-19 05:42:10,513 Epoch 18 	 Loss 0.24493933067871973
2021-05-19 05:43:23,792 Epoch 19 	 Loss 0.23767170899516935
2021-05-19 05:44:37,103 Epoch 20 	 Loss 0.2446622751898818
2021-05-19 05:45:50,513 Epoch 21 	 Loss 0.24389440361615067
2021-05-19 05:47:03,773 Epoch 22 	 Loss 0.23899827078803554
2021-05-19 05:48:17,007 Epoch 23 	 Loss 0.22793256499610104
2021-05-19 05:49:30,316 Epoch 24 	 Loss 0.22225637897685335
2021-05-19 05:50:43,621 Epoch 25 	 Loss 0.22654537660079999
2021-05-19 05:51:56,877 Epoch 26 	 Loss 0.22160087984341842
2021-05-19 05:53:10,148 Epoch 27 	 Loss 0.23427226173353718
2021-05-19 05:54:23,482 Epoch 28 	 Loss 0.21793557998243268
2021-05-19 05:55:36,955 Epoch 29 	 Loss 0.20979209342500665
2021-05-19 05:56:50,382 Epoch 30 	 Loss 0.20647303252429752
2021-05-19 05:58:03,751 Epoch 31 	 Loss 0.20463939960841293
2021-05-19 05:59:17,065 Epoch 32 	 Loss 0.20657594698471027
2021-05-19 06:00:30,288 Epoch 33 	 Loss 0.20283820488295712
2021-05-19 06:01:43,631 Epoch 34 	 Loss 0.2025255765561219
2021-05-19 06:02:56,939 Epoch 35 	 Loss 0.19727687521295234
2021-05-19 06:04:10,239 Epoch 36 	 Loss 0.19703471202116746
2021-05-19 06:05:23,500 Epoch 37 	 Loss 0.1962862042607842
2021-05-19 06:06:36,715 Epoch 38 	 Loss 0.19921814167237545
2021-05-19 06:07:49,933 Epoch 39 	 Loss 0.19672906759021047
2021-05-19 06:09:03,429 Epoch 40 	 Loss 0.19277536869049072
2021-05-19 06:10:16,656 Epoch 41 	 Loss 0.1918206118292861
2021-05-19 06:11:29,790 Epoch 42 	 Loss 0.1883236335201578
2021-05-19 06:12:43,055 Epoch 43 	 Loss 0.18298260212599576
2021-05-19 06:13:56,350 Epoch 44 	 Loss 0.18080143106507732
2021-05-19 06:15:09,581 Epoch 45 	 Loss 0.17997803129665144
2021-05-19 06:16:22,960 Epoch 46 	 Loss 0.1807957737000434
2021-05-19 06:17:36,305 Epoch 47 	 Loss 0.18188054515765265
2021-05-19 06:18:49,565 Epoch 48 	 Loss 0.17833256082875387
2021-05-19 06:20:02,835 Epoch 49 	 Loss 0.17936837181940182
2021-05-19 06:21:16,237 Epoch 50 	 Loss 0.17499181579102527
2021-05-19 06:22:29,546 Epoch 51 	 Loss 0.1748877968434449
2021-05-19 06:23:42,887 Epoch 52 	 Loss 0.17383890869198265
2021-05-19 06:24:56,195 Epoch 53 	 Loss 0.1711151659652427
2021-05-19 06:26:09,560 Epoch 54 	 Loss 0.17036195197603204
2021-05-19 06:27:22,934 Epoch 55 	 Loss 0.16556090329374587
2021-05-19 06:28:36,171 Epoch 56 	 Loss 0.1625617138304553
2021-05-19 06:29:49,579 Epoch 57 	 Loss 0.16651001834607387
2021-05-19 06:31:03,012 Epoch 58 	 Loss 0.16253961688214605
2021-05-19 06:32:16,278 Epoch 59 	 Loss 0.16396052807897002
2021-05-19 06:33:29,672 Epoch 60 	 Loss 0.16515438291397724
2021-05-19 06:34:42,963 Epoch 61 	 Loss 0.16284113753955443
2021-05-19 06:35:56,345 Epoch 62 	 Loss 0.16007270590289607
2021-05-19 06:37:09,603 Epoch 63 	 Loss 0.15957214110172713
2021-05-19 06:38:22,996 Epoch 64 	 Loss 0.15643452877526756
2021-05-19 06:39:36,230 Epoch 65 	 Loss 0.15762515447951936
2021-05-19 06:40:49,531 Epoch 66 	 Loss 0.15841290936037733
2021-05-19 06:42:02,692 Epoch 67 	 Loss 0.1558218417423112
2021-05-19 06:43:15,943 Epoch 68 	 Loss 0.15307954944424576
2021-05-19 06:44:29,243 Epoch 69 	 Loss 0.15332105346433408
2021-05-19 06:45:42,622 Epoch 70 	 Loss 0.1526808479985038
2021-05-19 06:46:55,806 Epoch 71 	 Loss 0.15009544216669524
2021-05-19 06:48:09,174 Epoch 72 	 Loss 0.15016056818294002
2021-05-19 06:49:22,496 Epoch 73 	 Loss 0.14982499730783505
2021-05-19 06:50:35,837 Epoch 74 	 Loss 0.14957613088599928
2021-05-19 06:51:49,175 Epoch 75 	 Loss 0.1500255811017948
2021-05-19 06:53:02,554 Epoch 76 	 Loss 0.14874974564536586
2021-05-19 06:54:15,933 Epoch 77 	 Loss 0.14757894241547848
2021-05-19 06:55:29,268 Epoch 78 	 Loss 0.14762705106001633
2021-05-19 06:56:42,549 Epoch 79 	 Loss 0.15122221688647847
2021-05-19 06:57:56,055 Epoch 80 	 Loss 0.1462475924373983
2021-05-19 06:59:09,445 Epoch 81 	 Loss 0.1478087734226342
2021-05-19 07:00:22,699 Epoch 82 	 Loss 0.14577969155468784
2021-05-19 07:01:36,011 Epoch 83 	 Loss 0.14623663099585
2021-05-19 07:02:49,340 Epoch 84 	 Loss 0.14949363805763013
2021-05-19 07:04:02,647 Epoch 85 	 Loss 0.14667023218922562
2021-05-19 07:05:15,912 Epoch 86 	 Loss 0.14576267565672213
2021-05-19 07:06:29,181 Epoch 87 	 Loss 0.14164084253402856
2021-05-19 07:07:42,547 Epoch 88 	 Loss 0.1451787748834589
2021-05-19 07:08:55,836 Epoch 89 	 Loss 0.1423481618473818
2021-05-19 07:10:09,134 Epoch 90 	 Loss 0.1446036139687339
2021-05-19 07:11:22,474 Epoch 91 	 Loss 0.14300728941356744
2021-05-19 07:12:35,855 Epoch 92 	 Loss 0.146239439700986
2021-05-19 07:13:49,230 Epoch 93 	 Loss 0.14293176320555445
2021-05-19 07:15:02,568 Epoch 94 	 Loss 0.14266960159107878
2021-05-19 07:16:15,785 Epoch 95 	 Loss 0.1418410510152251
2021-05-19 07:17:29,188 Epoch 96 	 Loss 0.14296892129785413
2021-05-19 07:18:42,568 Epoch 97 	 Loss 0.14384781806678562
2021-05-19 07:19:55,972 Epoch 98 	 Loss 0.14356202943311944
2021-05-19 07:21:09,302 Epoch 99 	 Loss 0.14233395981264638
2021-05-19 07:21:29,427 RESULT FOR DATASET CVC-300

2021-05-19 07:21:29,427 ==============================
2021-05-19 07:21:29,427 

2021-05-19 07:21:29,427 recall: 0.9586888968944549

2021-05-19 07:21:29,427 specificity: 0.9915737440188725

2021-05-19 07:21:29,427 precision: 0.8350843788435062

2021-05-19 07:21:29,427 F1: 0.8709517863889535

2021-05-19 07:21:29,427 F2: 0.907014116148154

2021-05-19 07:21:29,428 ACC_overall: 0.9905045280853907

2021-05-19 07:21:29,428 IoU_poly: 0.8050606151421865

2021-05-19 07:21:29,428 IoU_bg: 0.9901924093564352

2021-05-19 07:21:29,428 IoU_mean: 0.8976265132427216

2021-05-19 07:21:29,428 ==============================
2021-05-19 07:21:29,428 

2021-05-19 07:21:44,923 RESULT FOR DATASET CVC-ClinicDB

2021-05-19 07:21:44,923 ==============================
2021-05-19 07:21:44,923 

2021-05-19 07:21:44,923 recall: 0.9380355439817293

2021-05-19 07:21:44,923 specificity: 0.9945332513701531

2021-05-19 07:21:44,923 precision: 0.9018933266521462

2021-05-19 07:21:44,923 F1: 0.9065742511959416

2021-05-19 07:21:44,923 F2: 0.9158113598917431

2021-05-19 07:21:44,923 ACC_overall: 0.9902580034348273

2021-05-19 07:21:44,923 IoU_poly: 0.8609746121125476

2021-05-19 07:21:44,923 IoU_bg: 0.988360196352005

2021-05-19 07:21:44,923 IoU_mean: 0.9246674016598733

2021-05-19 07:21:44,923 ==============================
2021-05-19 07:21:44,923 

2021-05-19 07:22:14,548 RESULT FOR DATASET Kvasir

2021-05-19 07:22:14,548 ==============================
2021-05-19 07:22:14,548 

2021-05-19 07:22:14,548 recall: 0.907118508219719

2021-05-19 07:22:14,549 specificity: 0.9896359854936599

2021-05-19 07:22:14,549 precision: 0.9349422390758991

2021-05-19 07:22:14,549 F1: 0.9074521884322166

2021-05-19 07:22:14,549 F2: 0.9044232392311096

2021-05-19 07:22:14,549 ACC_overall: 0.9731954652070999

2021-05-19 07:22:14,549 IoU_poly: 0.8536408707499504

2021-05-19 07:22:14,549 IoU_bg: 0.9658857169747352

2021-05-19 07:22:14,549 IoU_mean: 0.9097632944583893

2021-05-19 07:22:14,549 ==============================
2021-05-19 07:22:14,549 

2021-05-19 07:24:07,141 RESULT FOR DATASET CVC-ColonDB

2021-05-19 07:24:07,141 ==============================
2021-05-19 07:24:07,141 

2021-05-19 07:24:07,142 recall: 0.7743632701542658

2021-05-19 07:24:07,142 specificity: 0.9891479608259703

2021-05-19 07:24:07,142 precision: 0.8111304408616936

2021-05-19 07:24:07,142 F1: 0.7404325275729685

2021-05-19 07:24:07,142 F2: 0.747159270927597

2021-05-19 07:24:07,142 ACC_overall: 0.9610331049090938

2021-05-19 07:24:07,142 IoU_poly: 0.6689023758433139

2021-05-19 07:24:07,142 IoU_bg: 0.9589634537696838

2021-05-19 07:24:07,142 IoU_mean: 0.813932915110337

2021-05-19 07:24:07,142 ==============================
2021-05-19 07:24:07,142 

2021-05-19 07:25:28,542 RESULT FOR DATASET ETIS-LaribPolypDB

2021-05-19 07:25:28,542 ==============================
2021-05-19 07:25:28,542 

2021-05-19 07:25:28,542 recall: 0.8016317513563489

2021-05-19 07:25:28,542 specificity: 0.9881132400157501

2021-05-19 07:25:28,542 precision: 0.7848597310818911

2021-05-19 07:25:28,542 F1: 0.7146163489217227

2021-05-19 07:25:28,542 F2: 0.7512741365780946

2021-05-19 07:25:28,542 ACC_overall: 0.9850657074427118

2021-05-19 07:25:28,543 IoU_poly: 0.6421026943425371

2021-05-19 07:25:28,543 IoU_bg: 0.9842795568461321

2021-05-19 07:25:28,543 IoU_mean: 0.813191123458804

2021-05-19 07:25:28,543 ==============================
2021-05-19 07:25:28,543 

