2021-05-19 03:14:14,677 Epoch 0 	 Loss 0.704363852084338
2021-05-19 03:15:27,312 Epoch 1 	 Loss 0.44173613976646253
2021-05-19 03:16:40,222 Epoch 2 	 Loss 0.39485029073861927
2021-05-19 03:17:53,209 Epoch 3 	 Loss 0.3693904860334082
2021-05-19 03:19:06,169 Epoch 4 	 Loss 0.3475347066318596
2021-05-19 03:20:19,205 Epoch 5 	 Loss 0.3298398035240697
2021-05-19 03:21:32,158 Epoch 6 	 Loss 0.31297489067355355
2021-05-19 03:22:45,046 Epoch 7 	 Loss 0.3019967419760568
2021-05-19 03:23:57,983 Epoch 8 	 Loss 0.29593646166088816
2021-05-19 03:25:10,856 Epoch 9 	 Loss 0.27986765464583596
2021-05-19 03:26:23,736 Epoch 10 	 Loss 0.27863781301529855
2021-05-19 03:27:36,737 Epoch 11 	 Loss 0.27213298291950433
2021-05-19 03:28:49,602 Epoch 12 	 Loss 0.2689028393763762
2021-05-19 03:30:02,573 Epoch 13 	 Loss 0.26041161391761275
2021-05-19 03:31:15,578 Epoch 14 	 Loss 0.2435523332147808
2021-05-19 03:32:28,547 Epoch 15 	 Loss 0.250643877865194
2021-05-19 03:33:41,653 Epoch 16 	 Loss 0.24630174253668105
2021-05-19 03:34:54,539 Epoch 17 	 Loss 0.2537348964712122
2021-05-19 03:36:07,501 Epoch 18 	 Loss 0.2462189780486809
2021-05-19 03:37:20,551 Epoch 19 	 Loss 0.23735973337194421
2021-05-19 03:38:33,466 Epoch 20 	 Loss 0.2371764648091662
2021-05-19 03:39:46,451 Epoch 21 	 Loss 0.23369436850259592
2021-05-19 03:40:59,360 Epoch 22 	 Loss 0.22511651719009484
2021-05-19 03:42:12,338 Epoch 23 	 Loss 0.21982145129324315
2021-05-19 03:43:25,366 Epoch 24 	 Loss 0.216181782412005
2021-05-19 03:44:38,415 Epoch 25 	 Loss 0.22212287947371767
2021-05-19 03:45:51,318 Epoch 26 	 Loss 0.22035499539349104
2021-05-19 03:47:04,276 Epoch 27 	 Loss 0.21747811826375815
2021-05-19 03:48:17,235 Epoch 28 	 Loss 0.20761380582065372
2021-05-19 03:49:30,266 Epoch 29 	 Loss 0.2125776218516486
2021-05-19 03:50:43,240 Epoch 30 	 Loss 0.2073879430254737
2021-05-19 03:51:56,130 Epoch 31 	 Loss 0.20871263251199826
2021-05-19 03:53:08,999 Epoch 32 	 Loss 0.2052962670286933
2021-05-19 03:54:21,927 Epoch 33 	 Loss 0.19970886081784636
2021-05-19 03:55:34,830 Epoch 34 	 Loss 0.19925377329627236
2021-05-19 03:56:47,759 Epoch 35 	 Loss 0.2058005113523085
2021-05-19 03:58:00,681 Epoch 36 	 Loss 0.19504114330469907
2021-05-19 03:59:13,676 Epoch 37 	 Loss 0.19438910091316308
2021-05-19 04:00:26,660 Epoch 38 	 Loss 0.18684232365954054
2021-05-19 04:01:39,559 Epoch 39 	 Loss 0.18517632995332992
2021-05-19 04:02:52,520 Epoch 40 	 Loss 0.19006416643713855
2021-05-19 04:04:05,488 Epoch 41 	 Loss 0.18794220276586301
2021-05-19 04:05:18,423 Epoch 42 	 Loss 0.18038272317294235
2021-05-19 04:06:31,390 Epoch 43 	 Loss 0.1857083041916837
2021-05-19 04:07:44,287 Epoch 44 	 Loss 0.1799566013799919
2021-05-19 04:08:57,188 Epoch 45 	 Loss 0.17768391835820543
2021-05-19 04:10:10,107 Epoch 46 	 Loss 0.17588578295576704
2021-05-19 04:11:23,005 Epoch 47 	 Loss 0.18449150991963817
2021-05-19 04:12:35,942 Epoch 48 	 Loss 0.18595601618289948
2021-05-19 04:13:48,903 Epoch 49 	 Loss 0.1759072273642152
2021-05-19 04:15:01,939 Epoch 50 	 Loss 0.16898886810292255
2021-05-19 04:16:14,913 Epoch 51 	 Loss 0.171131988966858
2021-05-19 04:17:27,838 Epoch 52 	 Loss 0.1697781225154688
2021-05-19 04:18:40,790 Epoch 53 	 Loss 0.1687915326802285
2021-05-19 04:19:53,718 Epoch 54 	 Loss 0.1713130472453086
2021-05-19 04:21:06,618 Epoch 55 	 Loss 0.16496568967352856
2021-05-19 04:22:19,585 Epoch 56 	 Loss 0.1623979558001508
2021-05-19 04:23:32,406 Epoch 57 	 Loss 0.1640531797330458
2021-05-19 04:24:45,307 Epoch 58 	 Loss 0.16115604897776803
2021-05-19 04:25:58,277 Epoch 59 	 Loss 0.15441156301524614
2021-05-19 04:27:11,141 Epoch 60 	 Loss 0.160297033059728
2021-05-19 04:28:24,159 Epoch 61 	 Loss 0.15749018074391963
2021-05-19 04:29:37,121 Epoch 62 	 Loss 0.15961582303702176
2021-05-19 04:30:50,003 Epoch 63 	 Loss 0.15666834404180338
2021-05-19 04:32:03,010 Epoch 64 	 Loss 0.1549508178627098
2021-05-19 04:33:15,982 Epoch 65 	 Loss 0.15253192006231664
2021-05-19 04:34:28,963 Epoch 66 	 Loss 0.15221474024948184
2021-05-19 04:35:41,857 Epoch 67 	 Loss 0.15215280995919153
2021-05-19 04:36:54,939 Epoch 68 	 Loss 0.15448149408285433
2021-05-19 04:38:07,946 Epoch 69 	 Loss 0.15086559869430877
2021-05-19 04:39:20,950 Epoch 70 	 Loss 0.14909511493457542
2021-05-19 04:40:33,922 Epoch 71 	 Loss 0.150447720518479
2021-05-19 04:41:46,789 Epoch 72 	 Loss 0.14697252271267083
2021-05-19 04:42:59,668 Epoch 73 	 Loss 0.1462232381269172
2021-05-19 04:44:12,787 Epoch 74 	 Loss 0.14812291773793462
2021-05-19 04:45:25,675 Epoch 75 	 Loss 0.14740962264957008
2021-05-19 04:46:38,575 Epoch 76 	 Loss 0.14421694905875804
2021-05-19 04:47:51,537 Epoch 77 	 Loss 0.1445564329624176
2021-05-19 04:49:04,470 Epoch 78 	 Loss 0.14662462718539185
2021-05-19 04:50:17,382 Epoch 79 	 Loss 0.1446531023625489
2021-05-19 04:51:30,262 Epoch 80 	 Loss 0.14407339372805186
2021-05-19 04:52:43,183 Epoch 81 	 Loss 0.1448115615563078
2021-05-19 04:53:56,142 Epoch 82 	 Loss 0.14467798148865227
2021-05-19 04:55:09,050 Epoch 83 	 Loss 0.1431394330747835
2021-05-19 04:56:21,998 Epoch 84 	 Loss 0.14214923846852648
2021-05-19 04:57:35,126 Epoch 85 	 Loss 0.14188434453783455
2021-05-19 04:58:48,076 Epoch 86 	 Loss 0.14381893052832112
2021-05-19 05:00:00,985 Epoch 87 	 Loss 0.14223001438837785
2021-05-19 05:01:13,953 Epoch 88 	 Loss 0.14296108590705053
2021-05-19 05:02:27,008 Epoch 89 	 Loss 0.14024860960441632
2021-05-19 05:03:39,923 Epoch 90 	 Loss 0.14497931465342806
2021-05-19 05:04:52,871 Epoch 91 	 Loss 0.14010814143406167
2021-05-19 05:06:05,826 Epoch 92 	 Loss 0.14231489246690665
2021-05-19 05:07:18,819 Epoch 93 	 Loss 0.1422237217590049
2021-05-19 05:08:31,788 Epoch 94 	 Loss 0.14220304844471124
2021-05-19 05:09:44,827 Epoch 95 	 Loss 0.13973106648568268
2021-05-19 05:10:57,715 Epoch 96 	 Loss 0.13891892495391134
2021-05-19 05:12:10,700 Epoch 97 	 Loss 0.14106428434888085
2021-05-19 05:13:23,705 Epoch 98 	 Loss 0.14056251492801602
2021-05-19 05:14:36,673 Epoch 99 	 Loss 0.14071420571961246
2021-05-19 05:14:56,549 RESULT FOR DATASET CVC-300

2021-05-19 05:14:56,549 ==============================
2021-05-19 05:14:56,549 

2021-05-19 05:14:56,549 recall: 0.9567567855119705

2021-05-19 05:14:56,549 specificity: 0.9936845968166987

2021-05-19 05:14:56,549 precision: 0.8506172629694144

2021-05-19 05:14:56,549 F1: 0.8825892314314843

2021-05-19 05:14:56,549 F2: 0.9134466722607613

2021-05-19 05:14:56,549 ACC_overall: 0.9924360036849975

2021-05-19 05:14:56,549 IoU_poly: 0.818136099477609

2021-05-19 05:14:56,549 IoU_bg: 0.9921939392884572

2021-05-19 05:14:56,549 IoU_mean: 0.9051650236050288

2021-05-19 05:14:56,549 ==============================
2021-05-19 05:14:56,549 

2021-05-19 05:15:11,930 RESULT FOR DATASET CVC-ClinicDB

2021-05-19 05:15:11,931 ==============================
2021-05-19 05:15:11,931 

2021-05-19 05:15:11,931 recall: 0.9359289004895536

2021-05-19 05:15:11,931 specificity: 0.9941794843442978

2021-05-19 05:15:11,931 precision: 0.8959660835323795

2021-05-19 05:15:11,931 F1: 0.9012057397142804

2021-05-19 05:15:11,931 F2: 0.9095661522343664

2021-05-19 05:15:11,931 ACC_overall: 0.990029614779257

2021-05-19 05:15:11,931 IoU_poly: 0.8551881777821109

2021-05-19 05:15:11,931 IoU_bg: 0.9882971336764674

2021-05-19 05:15:11,931 IoU_mean: 0.9217426550965155

2021-05-19 05:15:11,931 ==============================
2021-05-19 05:15:11,931 

2021-05-19 05:15:41,415 RESULT FOR DATASET Kvasir

2021-05-19 05:15:41,415 ==============================
2021-05-19 05:15:41,416 

2021-05-19 05:15:41,416 recall: 0.9047847765684128

2021-05-19 05:15:41,416 specificity: 0.9911888664960862

2021-05-19 05:15:41,416 precision: 0.9420207247138024

2021-05-19 05:15:41,416 F1: 0.9112568259239197

2021-05-19 05:15:41,416 F2: 0.9052523848414421

2021-05-19 05:15:41,416 ACC_overall: 0.9722705596685409

2021-05-19 05:15:41,416 IoU_poly: 0.8558916372060775

2021-05-19 05:15:41,416 IoU_bg: 0.9649109148979187

2021-05-19 05:15:41,416 IoU_mean: 0.9104012709856033

2021-05-19 05:15:41,416 ==============================
2021-05-19 05:15:41,416 

2021-05-19 05:17:33,721 RESULT FOR DATASET CVC-ColonDB

2021-05-19 05:17:33,721 ==============================
2021-05-19 05:17:33,721 

2021-05-19 05:17:33,721 recall: 0.7997033883669964

2021-05-19 05:17:33,721 specificity: 0.990028380249676

2021-05-19 05:17:33,721 precision: 0.8209743763514301

2021-05-19 05:17:33,721 F1: 0.7558333354172551

2021-05-19 05:17:33,721 F2: 0.7674914890516639

2021-05-19 05:17:33,721 ACC_overall: 0.9623369221624575

2021-05-19 05:17:33,721 IoU_poly: 0.6814860000054954

2021-05-19 05:17:33,721 IoU_bg: 0.9595897145177189

2021-05-19 05:17:33,721 IoU_mean: 0.8205378577113152

2021-05-19 05:17:33,721 ==============================
2021-05-19 05:17:33,721 

2021-05-19 05:18:55,178 RESULT FOR DATASET ETIS-LaribPolypDB

2021-05-19 05:18:55,178 ==============================
2021-05-19 05:18:55,178 

2021-05-19 05:18:55,178 recall: 0.8463844079832764

2021-05-19 05:18:55,178 specificity: 0.9882558867031214

2021-05-19 05:18:55,178 precision: 0.7559812678881088

2021-05-19 05:18:55,178 F1: 0.7523436135195471

2021-05-19 05:18:55,178 F2: 0.7947002501432507

2021-05-19 05:18:55,178 ACC_overall: 0.9859011690227353

2021-05-19 05:18:55,178 IoU_poly: 0.67255656320284

2021-05-19 05:18:55,178 IoU_bg: 0.9851610897755136

2021-05-19 05:18:55,179 IoU_mean: 0.8288588286662588

2021-05-19 05:18:55,179 ==============================
2021-05-19 05:18:55,179 

