2021-05-19 07:26:46,046 Epoch 0 	 Loss 0.7196467617055872
2021-05-19 07:27:59,487 Epoch 1 	 Loss 0.46449185138220317
2021-05-19 07:29:12,984 Epoch 2 	 Loss 0.40780919053397335
2021-05-19 07:30:26,586 Epoch 3 	 Loss 0.37245127853456433
2021-05-19 07:31:40,314 Epoch 4 	 Loss 0.36214009680590786
2021-05-19 07:32:54,002 Epoch 5 	 Loss 0.34005992851414524
2021-05-19 07:34:07,524 Epoch 6 	 Loss 0.3261641943520242
2021-05-19 07:35:21,176 Epoch 7 	 Loss 0.3214332643118534
2021-05-19 07:36:34,827 Epoch 8 	 Loss 0.3034270580980804
2021-05-19 07:37:48,510 Epoch 9 	 Loss 0.28630470967554783
2021-05-19 07:39:02,175 Epoch 10 	 Loss 0.2951323444044197
2021-05-19 07:40:15,723 Epoch 11 	 Loss 0.2861394287793191
2021-05-19 07:41:29,416 Epoch 12 	 Loss 0.27636898988550834
2021-05-19 07:42:42,991 Epoch 13 	 Loss 0.2678549985636722
2021-05-19 07:43:56,665 Epoch 14 	 Loss 0.2669876840088394
2021-05-19 07:45:10,299 Epoch 15 	 Loss 0.25319180351037246
2021-05-19 07:46:23,891 Epoch 16 	 Loss 0.2608279489226394
2021-05-19 07:47:37,509 Epoch 17 	 Loss 0.2555819843169097
2021-05-19 07:48:51,144 Epoch 18 	 Loss 0.24543977684372073
2021-05-19 07:50:04,766 Epoch 19 	 Loss 0.23796250237213387
2021-05-19 07:51:18,367 Epoch 20 	 Loss 0.2332348902146895
2021-05-19 07:52:32,067 Epoch 21 	 Loss 0.23578445809883075
2021-05-19 07:53:45,787 Epoch 22 	 Loss 0.22629968592753777
2021-05-19 07:54:59,480 Epoch 23 	 Loss 0.2445380497764755
2021-05-19 07:56:13,088 Epoch 24 	 Loss 0.2318020950961899
2021-05-19 07:57:26,658 Epoch 25 	 Loss 0.23105123868355384
2021-05-19 07:58:40,222 Epoch 26 	 Loss 0.22491419380837743
2021-05-19 07:59:53,955 Epoch 27 	 Loss 0.22952184948947404
2021-05-19 08:01:07,510 Epoch 28 	 Loss 0.2197650153558333
2021-05-19 08:02:21,137 Epoch 29 	 Loss 0.22461744258691976
2021-05-19 08:03:34,735 Epoch 30 	 Loss 0.21515175536438658
2021-05-19 08:04:48,322 Epoch 31 	 Loss 0.2145365289934389
2021-05-19 08:06:01,925 Epoch 32 	 Loss 0.20712345773047144
2021-05-19 08:07:15,467 Epoch 33 	 Loss 0.20923041953490332
2021-05-19 08:08:29,081 Epoch 34 	 Loss 0.20471365045715165
2021-05-19 08:09:42,733 Epoch 35 	 Loss 0.2049405928496476
2021-05-19 08:10:56,462 Epoch 36 	 Loss 0.20100645540834783
2021-05-19 08:12:10,025 Epoch 37 	 Loss 0.20489207221256509
2021-05-19 08:13:23,671 Epoch 38 	 Loss 0.19520711161933102
2021-05-19 08:14:37,341 Epoch 39 	 Loss 0.18965126050042583
2021-05-19 08:15:50,951 Epoch 40 	 Loss 0.1973531621170568
2021-05-19 08:17:04,634 Epoch 41 	 Loss 0.18773119364465987
2021-05-19 08:18:18,210 Epoch 42 	 Loss 0.18800633064993136
2021-05-19 08:19:31,741 Epoch 43 	 Loss 0.18889686383388854
2021-05-19 08:20:45,327 Epoch 44 	 Loss 0.1847415682706204
2021-05-19 08:21:58,887 Epoch 45 	 Loss 0.18849896369399605
2021-05-19 08:23:12,557 Epoch 46 	 Loss 0.18826578819489742
2021-05-19 08:24:26,298 Epoch 47 	 Loss 0.1860982379415533
2021-05-19 08:25:39,867 Epoch 48 	 Loss 0.1785222121647426
2021-05-19 08:26:53,459 Epoch 49 	 Loss 0.17612320594080202
2021-05-19 08:28:07,267 Epoch 50 	 Loss 0.17295223294378637
2021-05-19 08:29:21,117 Epoch 51 	 Loss 0.1720553824862281
2021-05-19 08:30:34,703 Epoch 52 	 Loss 0.1698991651390935
2021-05-19 08:31:48,371 Epoch 53 	 Loss 0.16900943383410738
2021-05-19 08:33:01,963 Epoch 54 	 Loss 0.16764700969496926
2021-05-19 08:34:15,673 Epoch 55 	 Loss 0.1728482364298223
2021-05-19 08:35:29,311 Epoch 56 	 Loss 0.17015286559586998
2021-05-19 08:36:43,029 Epoch 57 	 Loss 0.17239062127831217
2021-05-19 08:37:56,734 Epoch 58 	 Loss 0.16462601541162847
2021-05-19 08:39:10,385 Epoch 59 	 Loss 0.1672722910131727
2021-05-19 08:40:23,987 Epoch 60 	 Loss 0.1611064002736584
2021-05-19 08:41:37,747 Epoch 61 	 Loss 0.1626595545273561
2021-05-19 08:42:51,399 Epoch 62 	 Loss 0.16257532645057846
2021-05-19 08:44:04,998 Epoch 63 	 Loss 0.15939966155277505
2021-05-19 08:45:18,666 Epoch 64 	 Loss 0.15906117610878998
2021-05-19 08:46:32,413 Epoch 65 	 Loss 0.15777745138812851
2021-05-19 08:47:46,007 Epoch 66 	 Loss 0.15737481996580793
2021-05-19 08:48:59,775 Epoch 67 	 Loss 0.15585375462587064
2021-05-19 08:50:13,470 Epoch 68 	 Loss 0.15539168738401854
2021-05-19 08:51:27,050 Epoch 69 	 Loss 0.1550413876116931
2021-05-19 08:52:40,711 Epoch 70 	 Loss 0.15454181799521813
2021-05-19 08:53:54,338 Epoch 71 	 Loss 0.15239681221626616
2021-05-19 08:55:07,986 Epoch 72 	 Loss 0.1504924944960154
2021-05-19 08:56:21,790 Epoch 73 	 Loss 0.15203043802098914
2021-05-19 08:57:35,458 Epoch 74 	 Loss 0.14992677363065574
2021-05-19 08:58:49,090 Epoch 75 	 Loss 0.15076643916276786
2021-05-19 09:00:02,770 Epoch 76 	 Loss 0.1513205940251822
2021-05-19 09:01:16,383 Epoch 77 	 Loss 0.14889134622209674
2021-05-19 09:02:30,074 Epoch 78 	 Loss 0.1482325512301791
2021-05-19 09:03:43,815 Epoch 79 	 Loss 0.14740280119272378
2021-05-19 09:04:57,401 Epoch 80 	 Loss 0.14649699890351559
2021-05-19 09:06:11,046 Epoch 81 	 Loss 0.14768245005673106
2021-05-19 09:07:24,713 Epoch 82 	 Loss 0.14665994621240175
2021-05-19 09:08:38,405 Epoch 83 	 Loss 0.1448143177798816
2021-05-19 09:09:52,127 Epoch 84 	 Loss 0.14338831709963934
2021-05-19 09:11:05,825 Epoch 85 	 Loss 0.14425856824759598
2021-05-19 09:12:19,548 Epoch 86 	 Loss 0.1458190557557148
2021-05-19 09:13:33,215 Epoch 87 	 Loss 0.14428006284512007
2021-05-19 09:14:46,867 Epoch 88 	 Loss 0.14384969561309605
2021-05-19 09:16:00,545 Epoch 89 	 Loss 0.14380919589446142
2021-05-19 09:17:14,285 Epoch 90 	 Loss 0.14463847138724484
2021-05-19 09:18:27,903 Epoch 91 	 Loss 0.14261445968033193
2021-05-19 09:19:41,454 Epoch 92 	 Loss 0.14596905354615097
2021-05-19 09:20:55,103 Epoch 93 	 Loss 0.14506340247916652
2021-05-19 09:22:08,689 Epoch 94 	 Loss 0.1441244709786478
2021-05-19 09:23:22,316 Epoch 95 	 Loss 0.14294822972554427
2021-05-19 09:24:36,033 Epoch 96 	 Loss 0.143567212499105
2021-05-19 09:25:49,665 Epoch 97 	 Loss 0.14295841917231844
2021-05-19 09:27:03,364 Epoch 98 	 Loss 0.14359086326190404
2021-05-19 09:28:17,138 Epoch 99 	 Loss 0.14429534807964994
2021-05-19 09:28:37,342 RESULT FOR DATASET CVC-300

2021-05-19 09:28:37,342 ==============================
2021-05-19 09:28:37,342 

2021-05-19 09:28:37,342 recall: 0.9518257021903992

2021-05-19 09:28:37,342 specificity: 0.9926413963238399

2021-05-19 09:28:37,342 precision: 0.8460827277352413

2021-05-19 09:28:37,342 F1: 0.8751759248475234

2021-05-19 09:28:37,342 F2: 0.904486545920372

2021-05-19 09:28:37,342 ACC_overall: 0.9912855426470438

2021-05-19 09:28:37,342 IoU_poly: 0.8123071293036143

2021-05-19 09:28:37,342 IoU_bg: 0.9910382479429245

2021-05-19 09:28:37,342 IoU_mean: 0.9016726930936177

2021-05-19 09:28:37,342 ==============================
2021-05-19 09:28:37,342 

2021-05-19 09:28:52,871 RESULT FOR DATASET CVC-ClinicDB

2021-05-19 09:28:52,872 ==============================
2021-05-19 09:28:52,872 

2021-05-19 09:28:52,872 recall: 0.9408990664805676

2021-05-19 09:28:52,872 specificity: 0.9935442190016469

2021-05-19 09:28:52,872 precision: 0.8952942637486323

2021-05-19 09:28:52,872 F1: 0.9068658584296974

2021-05-19 09:28:52,872 F2: 0.918030186131927

2021-05-19 09:28:52,872 ACC_overall: 0.9911321872665037

2021-05-19 09:28:52,872 IoU_poly: 0.8640520899761243

2021-05-19 09:28:52,872 IoU_bg: 0.9896864496892498

2021-05-19 09:28:52,872 IoU_mean: 0.9268692765505083

2021-05-19 09:28:52,872 ==============================
2021-05-19 09:28:52,872 

2021-05-19 09:29:22,595 RESULT FOR DATASET Kvasir

2021-05-19 09:29:22,596 ==============================
2021-05-19 09:29:22,596 

2021-05-19 09:29:22,596 recall: 0.9030606088042259

2021-05-19 09:29:22,596 specificity: 0.9896883034706115

2021-05-19 09:29:22,596 precision: 0.9339804945886135

2021-05-19 09:29:22,596 F1: 0.9022806404531002

2021-05-19 09:29:22,596 F2: 0.8970744776725769

2021-05-19 09:29:22,596 ACC_overall: 0.9719982850551605

2021-05-19 09:29:22,596 IoU_poly: 0.8489116744697094

2021-05-19 09:29:22,596 IoU_bg: 0.9650563949346542

2021-05-19 09:29:22,596 IoU_mean: 0.9069840347766877

2021-05-19 09:29:22,596 ==============================
2021-05-19 09:29:22,596 

2021-05-19 09:31:15,761 RESULT FOR DATASET CVC-ColonDB

2021-05-19 09:31:15,761 ==============================
2021-05-19 09:31:15,761 

2021-05-19 09:31:15,761 recall: 0.7965469680412645

2021-05-19 09:31:15,762 specificity: 0.9878257687154569

2021-05-19 09:31:15,762 precision: 0.8314917985001988

2021-05-19 09:31:15,762 F1: 0.7513762747281554

2021-05-19 09:31:15,762 F2: 0.7632941196350573

2021-05-19 09:31:15,762 ACC_overall: 0.9609368979146606

2021-05-19 09:31:15,762 IoU_poly: 0.6779961742021214

2021-05-19 09:31:15,762 IoU_bg: 0.9584428280591964

2021-05-19 09:31:15,762 IoU_mean: 0.8182195021917945

2021-05-19 09:31:15,762 ==============================
2021-05-19 09:31:15,762 

2021-05-19 09:32:37,598 RESULT FOR DATASET ETIS-LaribPolypDB

2021-05-19 09:32:37,598 ==============================
2021-05-19 09:32:37,598 

2021-05-19 09:32:37,598 recall: 0.8462600137846698

2021-05-19 09:32:37,599 specificity: 0.9900728704369798

2021-05-19 09:32:37,599 precision: 0.7717995741879989

2021-05-19 09:32:37,599 F1: 0.7673725131282889

2021-05-19 09:32:37,599 F2: 0.8062221359194117

2021-05-19 09:32:37,599 ACC_overall: 0.9880474340550753

2021-05-19 09:32:37,599 IoU_poly: 0.6887985864449946

2021-05-19 09:32:37,599 IoU_bg: 0.9874001790066155

2021-05-19 09:32:37,599 IoU_mean: 0.8380993835780085

2021-05-19 09:32:37,599 ==============================
2021-05-19 09:32:37,599 

