2021-05-17 11:43:54,556 Epoch 0 	 Loss 0.8960401121076647
2021-05-17 11:45:25,143 Epoch 1 	 Loss 0.6388615215872671
2021-05-17 11:46:56,349 Epoch 2 	 Loss 0.5295988432653658
2021-05-17 11:48:29,745 Epoch 3 	 Loss 0.4574310923670674
2021-05-17 11:50:04,548 Epoch 4 	 Loss 0.43132447279416597
2021-05-17 11:51:37,569 Epoch 5 	 Loss 0.3925775618671061
2021-05-17 11:53:10,713 Epoch 6 	 Loss 0.353619967679401
2021-05-17 11:54:46,603 Epoch 7 	 Loss 0.34423669943442714
2021-05-17 11:56:19,003 Epoch 8 	 Loss 0.3414632717331687
2021-05-17 11:57:51,009 Epoch 9 	 Loss 0.3252231871688759
2021-05-17 11:59:26,616 Epoch 10 	 Loss 0.304039179787531
2021-05-17 12:01:02,013 Epoch 11 	 Loss 0.2989096618615664
2021-05-17 12:02:37,231 Epoch 12 	 Loss 0.2930242951427187
2021-05-17 12:04:10,075 Epoch 13 	 Loss 0.29770412893740683
2021-05-17 12:05:46,014 Epoch 14 	 Loss 0.2843372789058056
2021-05-17 12:07:18,402 Epoch 15 	 Loss 0.26240389835048505
2021-05-17 12:08:50,160 Epoch 16 	 Loss 0.262463078885288
2021-05-17 12:10:21,047 Epoch 17 	 Loss 0.25676322016087205
2021-05-17 12:11:51,665 Epoch 18 	 Loss 0.2493570021220616
2021-05-17 12:13:22,195 Epoch 19 	 Loss 0.2453892496260968
2021-05-17 12:14:52,925 Epoch 20 	 Loss 0.25291272883231825
2021-05-17 12:16:23,531 Epoch 21 	 Loss 0.2428736274059002
2021-05-17 12:17:54,082 Epoch 22 	 Loss 0.22893334941549615
2021-05-17 12:19:24,772 Epoch 23 	 Loss 0.23349744523619556
2021-05-17 12:20:55,274 Epoch 24 	 Loss 0.24671833855765207
2021-05-17 12:22:25,972 Epoch 25 	 Loss 0.2238491062934582
2021-05-17 12:23:56,611 Epoch 26 	 Loss 0.22554339795977205
2021-05-17 12:25:27,227 Epoch 27 	 Loss 0.21986905133331214
2021-05-17 12:26:57,873 Epoch 28 	 Loss 0.22558146240292015
2021-05-17 12:28:28,380 Epoch 29 	 Loss 0.2155979246228606
2021-05-17 12:29:59,017 Epoch 30 	 Loss 0.22120206434648115
2021-05-17 12:31:29,630 Epoch 31 	 Loss 0.21900850321565354
2021-05-17 12:33:00,276 Epoch 32 	 Loss 0.20946151673138796
2021-05-17 12:34:31,011 Epoch 33 	 Loss 0.2197519221476146
2021-05-17 12:36:01,705 Epoch 34 	 Loss 0.21705694906004183
2021-05-17 12:37:32,251 Epoch 35 	 Loss 0.19970422115299727
2021-05-17 12:39:02,856 Epoch 36 	 Loss 0.20550148369191767
2021-05-17 12:40:33,554 Epoch 37 	 Loss 0.19709997255723555
2021-05-17 12:42:04,188 Epoch 38 	 Loss 0.19960195153624147
2021-05-17 12:43:34,854 Epoch 39 	 Loss 0.20312206267000554
2021-05-17 12:45:05,650 Epoch 40 	 Loss 0.19379679744060224
2021-05-17 12:46:36,412 Epoch 41 	 Loss 0.197383260006433
2021-05-17 12:48:07,060 Epoch 42 	 Loss 0.18994086604196947
2021-05-17 12:49:37,711 Epoch 43 	 Loss 0.18967009982564947
2021-05-17 12:51:08,434 Epoch 44 	 Loss 0.19126481521915603
2021-05-17 12:52:39,008 Epoch 45 	 Loss 0.18413292870416745
2021-05-17 12:54:09,741 Epoch 46 	 Loss 0.17990406185061067
2021-05-17 12:55:40,461 Epoch 47 	 Loss 0.18110892324002234
2021-05-17 12:57:11,186 Epoch 48 	 Loss 0.17766543960833286
2021-05-17 12:58:41,847 Epoch 49 	 Loss 0.17755809450870033
2021-05-17 13:00:12,604 Epoch 50 	 Loss 0.17210356039660318
2021-05-17 13:01:43,284 Epoch 51 	 Loss 0.17423927161719774
2021-05-17 13:03:14,029 Epoch 52 	 Loss 0.17830022563646128
2021-05-17 13:04:44,794 Epoch 53 	 Loss 0.17349515380440178
2021-05-17 13:06:15,501 Epoch 54 	 Loss 0.17453324639207715
2021-05-17 13:07:46,321 Epoch 55 	 Loss 0.16633336770010518
2021-05-17 13:09:16,984 Epoch 56 	 Loss 0.16888941120315384
2021-05-17 13:10:47,677 Epoch 57 	 Loss 0.16598220120419513
2021-05-17 13:12:18,300 Epoch 58 	 Loss 0.1620685854455927
2021-05-17 13:13:49,130 Epoch 59 	 Loss 0.16503037970799667
2021-05-17 13:15:19,764 Epoch 60 	 Loss 0.1605472987988493
2021-05-17 13:16:50,463 Epoch 61 	 Loss 0.15890588750551035
2021-05-17 13:18:21,161 Epoch 62 	 Loss 0.16292500643284766
2021-05-17 13:19:51,815 Epoch 63 	 Loss 0.1598355308338836
2021-05-17 13:21:22,406 Epoch 64 	 Loss 0.16078430741697877
2021-05-17 13:22:52,918 Epoch 65 	 Loss 0.15637555178050155
2021-05-17 13:24:23,673 Epoch 66 	 Loss 0.15680361645562307
2021-05-17 13:25:54,502 Epoch 67 	 Loss 0.15497291693975637
2021-05-17 13:27:25,180 Epoch 68 	 Loss 0.15413837609710274
2021-05-17 13:28:56,042 Epoch 69 	 Loss 0.153827629000931
2021-05-17 13:30:26,712 Epoch 70 	 Loss 0.1533828091981647
2021-05-17 13:31:57,336 Epoch 71 	 Loss 0.15031270674624286
2021-05-17 13:33:27,928 Epoch 72 	 Loss 0.1554754225762336
2021-05-17 13:34:58,487 Epoch 73 	 Loss 0.1502950511627145
2021-05-17 13:36:29,173 Epoch 74 	 Loss 0.15221387033279127
2021-05-17 13:37:59,798 Epoch 75 	 Loss 0.14872025976796727
2021-05-17 13:39:30,492 Epoch 76 	 Loss 0.14861940772651316
2021-05-17 13:41:01,134 Epoch 77 	 Loss 0.14967198719035138
2021-05-17 13:42:31,805 Epoch 78 	 Loss 0.14735996551238573
2021-05-17 13:44:02,441 Epoch 79 	 Loss 0.14644926982921558
2021-05-17 13:45:33,065 Epoch 80 	 Loss 0.14556678458229527
2021-05-17 13:47:03,752 Epoch 81 	 Loss 0.14639308295407139
2021-05-17 13:48:34,386 Epoch 82 	 Loss 0.14741785726049444
2021-05-17 13:50:05,020 Epoch 83 	 Loss 0.14339352382735893
2021-05-17 13:51:35,652 Epoch 84 	 Loss 0.14507694927218195
2021-05-17 13:53:06,348 Epoch 85 	 Loss 0.14402903837489558
2021-05-17 13:54:36,968 Epoch 86 	 Loss 0.14765702900323238
2021-05-17 13:56:07,575 Epoch 87 	 Loss 0.1430879017481437
2021-05-17 13:57:38,277 Epoch 88 	 Loss 0.14422792138961646
2021-05-17 13:59:08,868 Epoch 89 	 Loss 0.144846213387919
2021-05-17 14:00:39,402 Epoch 90 	 Loss 0.14434943143483048
2021-05-17 14:02:09,994 Epoch 91 	 Loss 0.1434301406472594
2021-05-17 14:03:40,575 Epoch 92 	 Loss 0.14481498481153132
2021-05-17 14:05:11,123 Epoch 93 	 Loss 0.1440007745564639
2021-05-17 14:06:41,702 Epoch 94 	 Loss 0.14278873129860387
2021-05-17 14:08:12,262 Epoch 95 	 Loss 0.1424585970548483
2021-05-17 14:09:42,973 Epoch 96 	 Loss 0.1404759712762885
2021-05-17 14:11:13,576 Epoch 97 	 Loss 0.14119307909693038
2021-05-17 14:12:44,284 Epoch 98 	 Loss 0.14394412983904828
2021-05-17 14:14:14,919 Epoch 99 	 Loss 0.14147095341276336
2021-05-17 14:14:36,698 RESULT FOR DATASET CVC-300

2021-05-17 14:14:36,698 ==============================
2021-05-17 14:14:36,698 

2021-05-17 14:14:36,698 recall: 0.9548523445924123

2021-05-17 14:14:36,698 specificity: 0.9930403600136439

2021-05-17 14:14:36,698 precision: 0.8307335865994294

2021-05-17 14:14:36,698 F1: 0.8719455137848854

2021-05-17 14:14:36,698 F2: 0.9110873907804489

2021-05-17 14:14:36,698 ACC_overall: 0.9916856020689011

2021-05-17 14:14:36,698 IoU_poly: 0.7992375219861666

2021-05-17 14:14:36,698 IoU_bg: 0.9914028068383535

2021-05-17 14:14:36,698 IoU_mean: 0.8953201631704967

2021-05-17 14:14:36,698 ==============================
2021-05-17 14:14:36,699 

2021-05-17 14:14:56,454 RESULT FOR DATASET CVC-ClinicDB

2021-05-17 14:14:56,455 ==============================
2021-05-17 14:14:56,455 

2021-05-17 14:14:56,455 recall: 0.9490844376625553

2021-05-17 14:14:56,455 specificity: 0.9936071461246859

2021-05-17 14:14:56,455 precision: 0.8978505600844661

2021-05-17 14:14:56,455 F1: 0.9099300251372399

2021-05-17 14:14:56,455 F2: 0.921956418983398

2021-05-17 14:14:56,455 ACC_overall: 0.9916895954839645

2021-05-17 14:14:56,455 IoU_poly: 0.8627060489548791

2021-05-17 14:14:56,455 IoU_bg: 0.9906120156088183

2021-05-17 14:14:56,455 IoU_mean: 0.9266590351058591

2021-05-17 14:14:56,455 ==============================
2021-05-17 14:14:56,455 

2021-05-17 14:15:29,985 RESULT FOR DATASET Kvasir

2021-05-17 14:15:29,985 ==============================
2021-05-17 14:15:29,985 

2021-05-17 14:15:29,985 recall: 0.905173482298851

2021-05-17 14:15:29,985 specificity: 0.9890421646833419

2021-05-17 14:15:29,985 precision: 0.936590873003006

2021-05-17 14:15:29,985 F1: 0.9079163464903831

2021-05-17 14:15:29,985 F2: 0.902577967941761

2021-05-17 14:15:29,985 ACC_overall: 0.9724492460489274

2021-05-17 14:15:29,985 IoU_poly: 0.852268828600645

2021-05-17 14:15:29,985 IoU_bg: 0.9647073426842689

2021-05-17 14:15:29,985 IoU_mean: 0.908488085269928

2021-05-17 14:15:29,985 ==============================
2021-05-17 14:15:29,985 

2021-05-17 14:17:35,622 RESULT FOR DATASET CVC-ColonDB

2021-05-17 14:17:35,622 ==============================
2021-05-17 14:17:35,622 

2021-05-17 14:17:35,622 recall: 0.8221640287140106

2021-05-17 14:17:35,622 specificity: 0.9831819481755558

2021-05-17 14:17:35,622 precision: 0.7967352202902762

2021-05-17 14:17:35,622 F1: 0.7615343745912085

2021-05-17 14:17:35,622 F2: 0.7775914815724598

2021-05-17 14:17:35,622 ACC_overall: 0.9580641298701889

2021-05-17 14:17:35,622 IoU_poly: 0.683698262709875

2021-05-17 14:17:35,622 IoU_bg: 0.9553260396185674

2021-05-17 14:17:35,622 IoU_mean: 0.8195121505934941

2021-05-17 14:17:35,622 ==============================
2021-05-17 14:17:35,622 

2021-05-17 14:19:04,686 RESULT FOR DATASET ETIS-LaribPolypDB

2021-05-17 14:19:04,686 ==============================
2021-05-17 14:19:04,686 

2021-05-17 14:19:04,686 recall: 0.9170153863889602

2021-05-17 14:19:04,686 specificity: 0.9853394092345724

2021-05-17 14:19:04,686 precision: 0.7096720295370437

2021-05-17 14:19:04,687 F1: 0.7721604029987118

2021-05-17 14:19:04,687 F2: 0.833050540627965

2021-05-17 14:19:04,687 ACC_overall: 0.9839055069855281

2021-05-17 14:19:04,687 IoU_poly: 0.6864124729216581

2021-05-17 14:19:04,687 IoU_bg: 0.9832016716198045

2021-05-17 14:19:04,687 IoU_mean: 0.8348070722149343

2021-05-17 14:19:04,687 ==============================
2021-05-17 14:19:04,687 

