2021-05-24 12:14:18,525 Epoch 0 	 Loss 0.9208196984542595
2021-05-24 12:15:49,804 Epoch 1 	 Loss 0.653211058823617
2021-05-24 12:17:21,122 Epoch 2 	 Loss 0.5582445276962532
2021-05-24 12:18:52,393 Epoch 3 	 Loss 0.48249953002720086
2021-05-24 12:20:23,832 Epoch 4 	 Loss 0.43090150955614154
2021-05-24 12:21:55,448 Epoch 5 	 Loss 0.40300219006590793
2021-05-24 12:23:27,122 Epoch 6 	 Loss 0.37356469329896863
2021-05-24 12:24:58,503 Epoch 7 	 Loss 0.35226616427138613
2021-05-24 12:26:30,001 Epoch 8 	 Loss 0.3327587286194602
2021-05-24 12:28:01,562 Epoch 9 	 Loss 0.3176376122039753
2021-05-24 12:29:33,151 Epoch 10 	 Loss 0.3041429958500705
2021-05-24 12:31:04,597 Epoch 11 	 Loss 0.3040312864295729
2021-05-24 12:32:36,115 Epoch 12 	 Loss 0.2845284167554352
2021-05-24 12:34:07,601 Epoch 13 	 Loss 0.27696820847935727
2021-05-24 12:35:39,075 Epoch 14 	 Loss 0.27534385320249494
2021-05-24 12:37:10,588 Epoch 15 	 Loss 0.27557785154043973
2021-05-24 12:38:42,088 Epoch 16 	 Loss 0.2674641217831727
2021-05-24 12:40:13,551 Epoch 17 	 Loss 0.26285257608025936
2021-05-24 12:41:45,042 Epoch 18 	 Loss 0.27192633459856225
2021-05-24 12:43:16,474 Epoch 19 	 Loss 0.2577303919818375
2021-05-24 12:44:47,948 Epoch 20 	 Loss 0.24419003217429905
2021-05-24 12:46:19,458 Epoch 21 	 Loss 0.23824000587830177
2021-05-24 12:47:50,826 Epoch 22 	 Loss 0.2293726561161188
2021-05-24 12:49:22,289 Epoch 23 	 Loss 0.24256055237172724
2021-05-24 12:50:53,813 Epoch 24 	 Loss 0.24151062244897362
2021-05-24 12:52:25,155 Epoch 25 	 Loss 0.23971719990719806
2021-05-24 12:53:56,632 Epoch 26 	 Loss 0.2240921165589448
2021-05-24 12:55:28,153 Epoch 27 	 Loss 0.22565940841213689
2021-05-24 12:56:59,604 Epoch 28 	 Loss 0.2262192149083693
2021-05-24 12:58:31,109 Epoch 29 	 Loss 0.22595185139677026
2021-05-24 13:00:02,590 Epoch 30 	 Loss 0.22941922158985348
2021-05-24 13:01:34,033 Epoch 31 	 Loss 0.21403480034608108
2021-05-24 13:03:05,559 Epoch 32 	 Loss 0.209787938948516
2021-05-24 13:04:36,919 Epoch 33 	 Loss 0.20258632597032483
2021-05-24 13:06:08,382 Epoch 34 	 Loss 0.2056795168708969
2021-05-24 13:07:39,861 Epoch 35 	 Loss 0.19838005468085573
2021-05-24 13:09:11,356 Epoch 36 	 Loss 0.20500272921808474
2021-05-24 13:10:42,860 Epoch 37 	 Loss 0.20671028324535914
2021-05-24 13:12:14,218 Epoch 38 	 Loss 0.21144340441122159
2021-05-24 13:13:45,625 Epoch 39 	 Loss 0.2047062350825949
2021-05-24 13:15:17,047 Epoch 40 	 Loss 0.19792460592893454
2021-05-24 13:16:48,465 Epoch 41 	 Loss 0.18953353330329226
2021-05-24 13:18:19,937 Epoch 42 	 Loss 0.18647623831754204
2021-05-24 13:19:51,344 Epoch 43 	 Loss 0.18280883739282797
2021-05-24 13:21:22,797 Epoch 44 	 Loss 0.18764773060332288
2021-05-24 13:22:54,210 Epoch 45 	 Loss 0.18775610036247378
2021-05-24 13:24:25,749 Epoch 46 	 Loss 0.18710631541498415
2021-05-24 13:25:57,242 Epoch 47 	 Loss 0.1862026999939929
2021-05-24 13:27:28,763 Epoch 48 	 Loss 0.18164618902809018
2021-05-24 13:29:00,261 Epoch 49 	 Loss 0.1801057251600119
2021-05-24 13:30:31,644 Epoch 50 	 Loss 0.18065588307249678
2021-05-24 13:32:03,032 Epoch 51 	 Loss 0.17724111446967492
2021-05-24 13:33:34,540 Epoch 52 	 Loss 0.1758239419905694
2021-05-24 13:35:05,923 Epoch 53 	 Loss 0.17555501090956258
2021-05-24 13:36:37,436 Epoch 54 	 Loss 0.17168866376300435
2021-05-24 13:38:08,870 Epoch 55 	 Loss 0.1733309084570015
2021-05-24 13:39:40,293 Epoch 56 	 Loss 0.16797690732138498
2021-05-24 13:41:11,864 Epoch 57 	 Loss 0.16808699742778316
2021-05-24 13:42:43,372 Epoch 58 	 Loss 0.17361551588708227
2021-05-24 13:44:14,838 Epoch 59 	 Loss 0.16733587950795561
2021-05-24 13:45:46,367 Epoch 60 	 Loss 0.16431361944465847
2021-05-24 13:47:17,822 Epoch 61 	 Loss 0.16173051838036423
2021-05-24 13:48:49,266 Epoch 62 	 Loss 0.16314767481206538
2021-05-24 13:50:20,699 Epoch 63 	 Loss 0.16416428148091494
2021-05-24 13:51:52,110 Epoch 64 	 Loss 0.1551272670973788
2021-05-24 13:53:23,617 Epoch 65 	 Loss 0.16046630681216062
2021-05-24 13:54:55,158 Epoch 66 	 Loss 0.1566615606566052
2021-05-24 13:56:26,621 Epoch 67 	 Loss 0.15827544623023862
2021-05-24 13:57:57,975 Epoch 68 	 Loss 0.1582492287014867
2021-05-24 13:59:29,442 Epoch 69 	 Loss 0.1553545512340881
2021-05-24 14:01:01,014 Epoch 70 	 Loss 0.15563992476397817
2021-05-24 14:02:32,540 Epoch 71 	 Loss 0.15411865547463133
2021-05-24 14:04:04,025 Epoch 72 	 Loss 0.1518729907143247
2021-05-24 14:05:35,422 Epoch 73 	 Loss 0.15196534876640028
2021-05-24 14:07:06,930 Epoch 74 	 Loss 0.15046339891441576
2021-05-24 14:08:38,437 Epoch 75 	 Loss 0.1483987678702061
2021-05-24 14:10:09,844 Epoch 76 	 Loss 0.15241933998825785
2021-05-24 14:11:41,326 Epoch 77 	 Loss 0.15001612672438988
2021-05-24 14:13:12,766 Epoch 78 	 Loss 0.14826910230484638
2021-05-24 14:14:44,177 Epoch 79 	 Loss 0.14700794113533838
2021-05-24 14:16:15,641 Epoch 80 	 Loss 0.14689565941200153
2021-05-24 14:17:47,095 Epoch 81 	 Loss 0.14492941091021339
2021-05-24 14:19:18,566 Epoch 82 	 Loss 0.1470184001130062
2021-05-24 14:20:50,059 Epoch 83 	 Loss 0.14642456632394057
2021-05-24 14:22:21,547 Epoch 84 	 Loss 0.1450086012482643
2021-05-24 14:23:53,117 Epoch 85 	 Loss 0.14584953370657597
2021-05-24 14:25:24,605 Epoch 86 	 Loss 0.14578026926124488
2021-05-24 14:26:56,042 Epoch 87 	 Loss 0.14427252105631672
2021-05-24 14:28:27,602 Epoch 88 	 Loss 0.14555817744234106
2021-05-24 14:29:59,097 Epoch 89 	 Loss 0.14495276119355316
2021-05-24 14:31:30,604 Epoch 90 	 Loss 0.14565069948906426
2021-05-24 14:33:02,036 Epoch 91 	 Loss 0.14560491477067655
2021-05-24 14:34:33,496 Epoch 92 	 Loss 0.1410997599199578
2021-05-24 14:36:04,897 Epoch 93 	 Loss 0.14558905092896995
2021-05-24 14:37:36,445 Epoch 94 	 Loss 0.14315176632378127
2021-05-24 14:39:07,880 Epoch 95 	 Loss 0.14529702836995598
2021-05-24 14:40:39,297 Epoch 96 	 Loss 0.14647663982359918
2021-05-24 14:42:10,738 Epoch 97 	 Loss 0.14425274836165564
2021-05-24 14:43:42,174 Epoch 98 	 Loss 0.1423115727010664
2021-05-24 14:45:13,654 Epoch 99 	 Loss 0.1438462707203823
2021-05-24 14:45:33,870 RESULT FOR DATASET CVC-300

2021-05-24 14:45:33,871 ==============================
2021-05-24 14:45:33,871 

2021-05-24 14:45:33,871 recall: 0.9608879844347636

2021-05-24 14:45:33,871 specificity: 0.9940339068571726

2021-05-24 14:45:33,871 precision: 0.8467882875353098

2021-05-24 14:45:33,871 F1: 0.8871961995959282

2021-05-24 14:45:33,871 F2: 0.9218091423312823

2021-05-24 14:45:33,871 ACC_overall: 0.9929969231287639

2021-05-24 14:45:33,871 IoU_poly: 0.8192055019239585

2021-05-24 14:45:33,871 IoU_bg: 0.9927501608928044

2021-05-24 14:45:33,871 IoU_mean: 0.9059778332710267

2021-05-24 14:45:33,871 ==============================
2021-05-24 14:45:33,871 

2021-05-24 14:45:49,615 RESULT FOR DATASET CVC-ClinicDB

2021-05-24 14:45:49,615 ==============================
2021-05-24 14:45:49,615 

2021-05-24 14:45:49,615 recall: 0.9464931334218671

2021-05-24 14:45:49,615 specificity: 0.9945533179467724

2021-05-24 14:45:49,615 precision: 0.9092263534905449

2021-05-24 14:45:49,615 F1: 0.9174243473718243

2021-05-24 14:45:49,615 F2: 0.9279510700894941

2021-05-24 14:45:49,615 ACC_overall: 0.9908124958315203

2021-05-24 14:45:49,615 IoU_poly: 0.868283279720814

2021-05-24 14:45:49,615 IoU_bg: 0.9889217432468168

2021-05-24 14:45:49,615 IoU_mean: 0.928602514728423

2021-05-24 14:45:49,615 ==============================
2021-05-24 14:45:49,615 

2021-05-24 14:46:19,852 RESULT FOR DATASET Kvasir

2021-05-24 14:46:19,852 ==============================
2021-05-24 14:46:19,852 

2021-05-24 14:46:19,852 recall: 0.9128279531002045

2021-05-24 14:46:19,852 specificity: 0.9893898528814316

2021-05-24 14:46:19,852 precision: 0.9334026107937098

2021-05-24 14:46:19,852 F1: 0.9108334624767304

2021-05-24 14:46:19,852 F2: 0.9077059614658356

2021-05-24 14:46:19,852 ACC_overall: 0.9736344605684281

2021-05-24 14:46:19,852 IoU_poly: 0.8585471732914448

2021-05-24 14:46:19,852 IoU_bg: 0.9661199754476547

2021-05-24 14:46:19,852 IoU_mean: 0.9123335725069046

2021-05-24 14:46:19,852 ==============================
2021-05-24 14:46:19,852 

2021-05-24 14:48:14,657 RESULT FOR DATASET CVC-ColonDB

2021-05-24 14:48:14,657 ==============================
2021-05-24 14:48:14,657 

2021-05-24 14:48:14,657 recall: 0.7801526011272831

2021-05-24 14:48:14,657 specificity: 0.9895745823257848

2021-05-24 14:48:14,657 precision: 0.798033190458725

2021-05-24 14:48:14,657 F1: 0.7385189127297652

2021-05-24 14:48:14,657 F2: 0.7506170118647308

2021-05-24 14:48:14,657 ACC_overall: 0.959970243510447

2021-05-24 14:48:14,657 IoU_poly: 0.6699045786992643

2021-05-24 14:48:14,658 IoU_bg: 0.9584251163821471

2021-05-24 14:48:14,658 IoU_mean: 0.8141648493315045

2021-05-24 14:48:14,658 ==============================
2021-05-24 14:48:14,658 

2021-05-24 14:49:37,137 RESULT FOR DATASET ETIS-LaribPolypDB

2021-05-24 14:49:37,137 ==============================
2021-05-24 14:49:37,137 

2021-05-24 14:49:37,138 recall: 0.8755939133210334

2021-05-24 14:49:37,138 specificity: 0.9882877688018643

2021-05-24 14:49:37,138 precision: 0.7224312015963714

2021-05-24 14:49:37,138 F1: 0.7657913114870804

2021-05-24 14:49:37,138 F2: 0.8146371350576003

2021-05-24 14:49:37,138 ACC_overall: 0.9860916529991188

2021-05-24 14:49:37,138 IoU_poly: 0.6833212967334735

2021-05-24 14:49:37,138 IoU_bg: 0.985362326612278

2021-05-24 14:49:37,138 IoU_mean: 0.8343418105220308

2021-05-24 14:49:37,138 ==============================
2021-05-24 14:49:37,138 

