2021-05-24 09:38:12,090 Epoch 0 	 Loss 0.8981014516327407
2021-05-24 09:39:42,854 Epoch 1 	 Loss 0.6336435138524233
2021-05-24 09:41:13,640 Epoch 2 	 Loss 0.5239475690401517
2021-05-24 09:42:44,515 Epoch 3 	 Loss 0.4699956705937019
2021-05-24 09:44:15,272 Epoch 4 	 Loss 0.4257550635835627
2021-05-24 09:45:46,127 Epoch 5 	 Loss 0.3861968419054052
2021-05-24 09:47:16,973 Epoch 6 	 Loss 0.36467646258872943
2021-05-24 09:48:47,914 Epoch 7 	 Loss 0.34289801792129054
2021-05-24 09:50:18,962 Epoch 8 	 Loss 0.3282860840087409
2021-05-24 09:51:50,091 Epoch 9 	 Loss 0.3188370119084369
2021-05-24 09:53:21,022 Epoch 10 	 Loss 0.3024172276913465
2021-05-24 09:54:52,040 Epoch 11 	 Loss 0.2865341453106849
2021-05-24 09:56:22,951 Epoch 12 	 Loss 0.29613971890329005
2021-05-24 09:57:53,853 Epoch 13 	 Loss 0.280777748305719
2021-05-24 09:59:24,975 Epoch 14 	 Loss 0.2792773828074172
2021-05-24 10:00:56,030 Epoch 15 	 Loss 0.27687794313980985
2021-05-24 10:02:27,052 Epoch 16 	 Loss 0.2642093146895314
2021-05-24 10:03:58,020 Epoch 17 	 Loss 0.25803361210849257
2021-05-24 10:05:29,104 Epoch 18 	 Loss 0.25185382726428274
2021-05-24 10:06:59,977 Epoch 19 	 Loss 0.2511227189839541
2021-05-24 10:08:30,898 Epoch 20 	 Loss 0.24466582052000277
2021-05-24 10:10:01,848 Epoch 21 	 Loss 0.24202089961413498
2021-05-24 10:11:32,846 Epoch 22 	 Loss 0.23828766486801944
2021-05-24 10:13:03,901 Epoch 23 	 Loss 0.2268446746108296
2021-05-24 10:14:34,854 Epoch 24 	 Loss 0.22965505522686047
2021-05-24 10:16:05,744 Epoch 25 	 Loss 0.22381178838211102
2021-05-24 10:17:36,734 Epoch 26 	 Loss 0.23160518853219
2021-05-24 10:19:07,618 Epoch 27 	 Loss 0.22501296721971953
2021-05-24 10:20:38,593 Epoch 28 	 Loss 0.21816201753668732
2021-05-24 10:22:09,580 Epoch 29 	 Loss 0.22560105071618006
2021-05-24 10:23:40,507 Epoch 30 	 Loss 0.22964279009745672
2021-05-24 10:25:11,414 Epoch 31 	 Loss 0.20926289931758418
2021-05-24 10:26:42,390 Epoch 32 	 Loss 0.21597597215856826
2021-05-24 10:28:13,302 Epoch 33 	 Loss 0.2086061786164294
2021-05-24 10:29:44,456 Epoch 34 	 Loss 0.2016704614673342
2021-05-24 10:31:15,506 Epoch 35 	 Loss 0.19700665673711798
2021-05-24 10:32:46,520 Epoch 36 	 Loss 0.19638747091476733
2021-05-24 10:34:17,495 Epoch 37 	 Loss 0.19890681007406213
2021-05-24 10:35:48,435 Epoch 38 	 Loss 0.19904178430090894
2021-05-24 10:37:19,331 Epoch 39 	 Loss 0.19647215405008295
2021-05-24 10:38:50,318 Epoch 40 	 Loss 0.19391199258657602
2021-05-24 10:40:21,330 Epoch 41 	 Loss 0.19159374083136463
2021-05-24 10:41:52,185 Epoch 42 	 Loss 0.18644595309928225
2021-05-24 10:43:23,015 Epoch 43 	 Loss 0.183714387181041
2021-05-24 10:44:54,007 Epoch 44 	 Loss 0.18251065975362127
2021-05-24 10:46:24,994 Epoch 45 	 Loss 0.18689514516474126
2021-05-24 10:47:56,067 Epoch 46 	 Loss 0.18006351983154212
2021-05-24 10:49:27,115 Epoch 47 	 Loss 0.18055913081535926
2021-05-24 10:50:58,181 Epoch 48 	 Loss 0.1800259577704
2021-05-24 10:52:29,266 Epoch 49 	 Loss 0.17982917221692893
2021-05-24 10:54:00,340 Epoch 50 	 Loss 0.17724673269869207
2021-05-24 10:55:31,339 Epoch 51 	 Loss 0.17251838645437262
2021-05-24 10:57:02,278 Epoch 52 	 Loss 0.17374848975585058
2021-05-24 10:58:33,283 Epoch 53 	 Loss 0.17141800234605978
2021-05-24 11:00:04,283 Epoch 54 	 Loss 0.17333393339272385
2021-05-24 11:01:35,294 Epoch 55 	 Loss 0.167811747271936
2021-05-24 11:03:06,301 Epoch 56 	 Loss 0.1702613699567187
2021-05-24 11:04:37,324 Epoch 57 	 Loss 0.16271109682518048
2021-05-24 11:06:08,360 Epoch 58 	 Loss 0.16532790865544433
2021-05-24 11:07:39,565 Epoch 59 	 Loss 0.1615155067417648
2021-05-24 11:09:10,575 Epoch 60 	 Loss 0.1646432311652781
2021-05-24 11:10:41,575 Epoch 61 	 Loss 0.1663374281027815
2021-05-24 11:12:12,618 Epoch 62 	 Loss 0.16411591542291118
2021-05-24 11:13:43,514 Epoch 63 	 Loss 0.16428399904743657
2021-05-24 11:15:14,461 Epoch 64 	 Loss 0.15780968145354762
2021-05-24 11:16:45,469 Epoch 65 	 Loss 0.15831013171227423
2021-05-24 11:18:16,503 Epoch 66 	 Loss 0.1548310981674509
2021-05-24 11:19:47,500 Epoch 67 	 Loss 0.15536974861726657
2021-05-24 11:21:18,443 Epoch 68 	 Loss 0.15365634940482759
2021-05-24 11:22:49,381 Epoch 69 	 Loss 0.15311837965970512
2021-05-24 11:24:20,458 Epoch 70 	 Loss 0.15103153262164568
2021-05-24 11:25:51,443 Epoch 71 	 Loss 0.15041138608377058
2021-05-24 11:27:22,397 Epoch 72 	 Loss 0.15185953643950786
2021-05-24 11:28:53,570 Epoch 73 	 Loss 0.14845828138864958
2021-05-24 11:30:24,494 Epoch 74 	 Loss 0.14886769275743883
2021-05-24 11:31:55,592 Epoch 75 	 Loss 0.1477416095497844
2021-05-24 11:33:26,698 Epoch 76 	 Loss 0.14747949173817268
2021-05-24 11:34:57,773 Epoch 77 	 Loss 0.14742865020429696
2021-05-24 11:36:28,834 Epoch 78 	 Loss 0.14838800521997306
2021-05-24 11:37:59,824 Epoch 79 	 Loss 0.14687599544669247
2021-05-24 11:39:30,861 Epoch 80 	 Loss 0.1487363678413433
2021-05-24 11:41:01,862 Epoch 81 	 Loss 0.14447971195965023
2021-05-24 11:42:32,915 Epoch 82 	 Loss 0.14605789476043576
2021-05-24 11:44:03,933 Epoch 83 	 Loss 0.14594734738488774
2021-05-24 11:45:34,882 Epoch 84 	 Loss 0.1440382663692747
2021-05-24 11:47:05,779 Epoch 85 	 Loss 0.14312625095084475
2021-05-24 11:48:36,799 Epoch 86 	 Loss 0.14420439212859332
2021-05-24 11:50:07,997 Epoch 87 	 Loss 0.1443486248071377
2021-05-24 11:51:39,222 Epoch 88 	 Loss 0.14253074733110574
2021-05-24 11:53:10,147 Epoch 89 	 Loss 0.14580546090236077
2021-05-24 11:54:41,097 Epoch 90 	 Loss 0.14144865579002505
2021-05-24 11:56:12,179 Epoch 91 	 Loss 0.1451555466750166
2021-05-24 11:57:43,057 Epoch 92 	 Loss 0.14337039427770362
2021-05-24 11:59:14,010 Epoch 93 	 Loss 0.14044116895932418
2021-05-24 12:00:45,151 Epoch 94 	 Loss 0.14274337281892588
2021-05-24 12:02:16,108 Epoch 95 	 Loss 0.14508613911303844
2021-05-24 12:03:47,277 Epoch 96 	 Loss 0.14365809795620677
2021-05-24 12:05:18,343 Epoch 97 	 Loss 0.14198581260311735
2021-05-24 12:06:49,241 Epoch 98 	 Loss 0.1422709543462638
2021-05-24 12:08:20,165 Epoch 99 	 Loss 0.1441160418338828
2021-05-24 12:08:40,300 RESULT FOR DATASET CVC-300

2021-05-24 12:08:40,301 ==============================
2021-05-24 12:08:40,301 

2021-05-24 12:08:40,301 recall: 0.9462843850255013

2021-05-24 12:08:40,301 specificity: 0.9945744872093201

2021-05-24 12:08:40,301 precision: 0.8579797280331453

2021-05-24 12:08:40,301 F1: 0.8865248824159304

2021-05-24 12:08:40,301 F2: 0.912997671465079

2021-05-24 12:08:40,301 ACC_overall: 0.9928861796855927

2021-05-24 12:08:40,301 IoU_poly: 0.8207070781538884

2021-05-24 12:08:40,301 IoU_bg: 0.9925975441932678

2021-05-24 12:08:40,301 IoU_mean: 0.9066523114840189

2021-05-24 12:08:40,301 ==============================
2021-05-24 12:08:40,301 

2021-05-24 12:08:56,120 RESULT FOR DATASET CVC-ClinicDB

2021-05-24 12:08:56,120 ==============================
2021-05-24 12:08:56,120 

2021-05-24 12:08:56,120 recall: 0.9436016409627853

2021-05-24 12:08:56,120 specificity: 0.9941143605016893

2021-05-24 12:08:56,120 precision: 0.9011827624372898

2021-05-24 12:08:56,120 F1: 0.9081855622991439

2021-05-24 12:08:56,120 F2: 0.9182621980867078

2021-05-24 12:08:56,120 ACC_overall: 0.9913292123425391

2021-05-24 12:08:56,120 IoU_poly: 0.858323261862801

2021-05-24 12:08:56,120 IoU_bg: 0.9899432322671337

2021-05-24 12:08:56,120 IoU_mean: 0.9241332488675271

2021-05-24 12:08:56,121 ==============================
2021-05-24 12:08:56,121 

2021-05-24 12:09:26,192 RESULT FOR DATASET Kvasir

2021-05-24 12:09:26,192 ==============================
2021-05-24 12:09:26,192 

2021-05-24 12:09:26,192 recall: 0.9011811810731888

2021-05-24 12:09:26,192 specificity: 0.9903292030096054

2021-05-24 12:09:26,192 precision: 0.9356966607272625

2021-05-24 12:09:26,192 F1: 0.9066932190954685

2021-05-24 12:09:26,192 F2: 0.9007517087459564

2021-05-24 12:09:26,192 ACC_overall: 0.9742746174335479

2021-05-24 12:09:26,192 IoU_poly: 0.8530108873546124

2021-05-24 12:09:26,192 IoU_bg: 0.9664771956205368

2021-05-24 12:09:26,192 IoU_mean: 0.9097440409660339

2021-05-24 12:09:26,192 ==============================
2021-05-24 12:09:26,192 

2021-05-24 12:11:20,761 RESULT FOR DATASET CVC-ColonDB

2021-05-24 12:11:20,761 ==============================
2021-05-24 12:11:20,761 

2021-05-24 12:11:20,761 recall: 0.775720545353409

2021-05-24 12:11:20,761 specificity: 0.9903193453424856

2021-05-24 12:11:20,761 precision: 0.7975082992183544

2021-05-24 12:11:20,761 F1: 0.7409527867950984

2021-05-24 12:11:20,761 F2: 0.7527140939082456

2021-05-24 12:11:20,761 ACC_overall: 0.9609657522879149

2021-05-24 12:11:20,761 IoU_poly: 0.6696410693488108

2021-05-24 12:11:20,761 IoU_bg: 0.9592490441705052

2021-05-24 12:11:20,761 IoU_mean: 0.8144450557859321

2021-05-24 12:11:20,761 ==============================
2021-05-24 12:11:20,761 

2021-05-24 12:12:43,266 RESULT FOR DATASET ETIS-LaribPolypDB

2021-05-24 12:12:43,267 ==============================
2021-05-24 12:12:43,267 

2021-05-24 12:12:43,267 recall: 0.888837137989069

2021-05-24 12:12:43,267 specificity: 0.9870472927482761

2021-05-24 12:12:43,267 precision: 0.7207282222368065

2021-05-24 12:12:43,267 F1: 0.7643125934268009

2021-05-24 12:12:43,267 F2: 0.8167421627819879

2021-05-24 12:12:43,267 ACC_overall: 0.9855625951776699

2021-05-24 12:12:43,267 IoU_poly: 0.6865203255012129

2021-05-24 12:12:43,267 IoU_bg: 0.9848415793813005

2021-05-24 12:12:43,267 IoU_mean: 0.8356809540062534

2021-05-24 12:12:43,267 ==============================
2021-05-24 12:12:43,267 

