2021-04-22 22:21:08,002 Epoch 0 	 Loss 0.6961721286668883
2021-04-22 22:21:25,263 Epoch 1 	 Loss 0.36892748730523245
2021-04-22 22:21:42,527 Epoch 2 	 Loss 0.27235199707550006
2021-04-22 22:21:59,756 Epoch 3 	 Loss 0.21635242723501646
2021-04-22 22:22:17,030 Epoch 4 	 Loss 0.17698266201621884
2021-04-22 22:22:34,312 Epoch 5 	 Loss 0.15132840878360873
2021-04-22 22:22:51,617 Epoch 6 	 Loss 0.1392079927436598
2021-04-22 22:23:08,918 Epoch 7 	 Loss 0.11970569668235359
2021-04-22 22:23:26,195 Epoch 8 	 Loss 0.11237825068471195
2021-04-22 22:23:43,506 Epoch 9 	 Loss 0.10359224357775279
2021-04-22 22:24:00,844 Epoch 10 	 Loss 0.09981154355701509
2021-04-22 22:24:18,149 Epoch 11 	 Loss 0.08725378375787002
2021-04-22 22:24:35,462 Epoch 12 	 Loss 0.0806483540397424
2021-04-22 22:24:52,736 Epoch 13 	 Loss 0.07619405349532327
2021-04-22 22:25:10,060 Epoch 14 	 Loss 0.07291269245056006
2021-04-22 22:25:27,332 Epoch 15 	 Loss 0.07150418041171608
2021-04-22 22:25:44,585 Epoch 16 	 Loss 0.06944334326864599
2021-04-22 22:26:01,858 Epoch 17 	 Loss 0.06593541469384026
2021-04-22 22:26:19,133 Epoch 18 	 Loss 0.0628128635113711
2021-04-22 22:26:36,400 Epoch 19 	 Loss 0.06150371859689335
2021-04-22 22:26:53,661 Epoch 20 	 Loss 0.06079654240018719
2021-04-22 22:27:10,945 Epoch 21 	 Loss 0.059506191861825986
2021-04-22 22:27:28,264 Epoch 22 	 Loss 0.05849611132845774
2021-04-22 22:27:45,544 Epoch 23 	 Loss 0.05783309795699277
2021-04-22 22:28:02,886 Epoch 24 	 Loss 0.05713369468083748
2021-04-22 22:28:20,131 Epoch 25 	 Loss 0.05643403288591039
2021-04-22 22:28:37,407 Epoch 26 	 Loss 0.05514998672591461
2021-04-22 22:28:54,660 Epoch 27 	 Loss 0.05438065823617872
2021-04-22 22:29:11,932 Epoch 28 	 Loss 0.05372106541807835
2021-04-22 22:29:29,233 Epoch 29 	 Loss 0.05452378139227301
2021-04-22 22:29:46,495 Epoch 30 	 Loss 0.08591604957377517
2021-04-22 22:30:03,795 Epoch 31 	 Loss 0.11121243295761254
2021-04-22 22:30:21,113 Epoch 32 	 Loss 0.0755965735067378
2021-04-22 22:30:38,431 Epoch 33 	 Loss 0.06498001323460223
2021-04-22 22:30:55,670 Epoch 34 	 Loss 0.06804962026385161
2021-04-22 22:31:12,940 Epoch 35 	 Loss 0.059791419081963025
2021-04-22 22:31:30,195 Epoch 36 	 Loss 0.0542719644177091
2021-04-22 22:31:47,474 Epoch 37 	 Loss 0.05228679860522459
2021-04-22 22:32:04,720 Epoch 38 	 Loss 0.05089364577453215
2021-04-22 22:32:22,012 Epoch 39 	 Loss 0.050032583730561395
2021-04-22 22:32:39,364 Epoch 40 	 Loss 0.0495134283389364
2021-04-22 22:32:56,647 Epoch 41 	 Loss 0.049007238840663825
2021-04-22 22:33:13,924 Epoch 42 	 Loss 0.048662362476954095
2021-04-22 22:33:31,270 Epoch 43 	 Loss 0.048450123436830854
2021-04-22 22:33:48,512 Epoch 44 	 Loss 0.048327546075477706
2021-04-22 22:34:05,788 Epoch 45 	 Loss 0.04817388153501919
2021-04-22 22:34:23,077 Epoch 46 	 Loss 0.047766884440904135
2021-04-22 22:34:40,409 Epoch 47 	 Loss 0.04749901199733818
2021-04-22 22:34:57,709 Epoch 48 	 Loss 0.047340965655806304
2021-04-22 22:35:14,947 Epoch 49 	 Loss 0.04724658804607915
2021-04-22 22:35:32,242 Epoch 50 	 Loss 0.04720985574217943
2021-04-22 22:35:49,520 Epoch 51 	 Loss 0.04703009853159988
2021-04-22 22:36:06,829 Epoch 52 	 Loss 0.04698195988005334
2021-04-22 22:36:24,134 Epoch 53 	 Loss 0.04704749682447412
2021-04-22 22:36:41,385 Epoch 54 	 Loss 0.04696313373662613
2021-04-22 22:36:58,668 Epoch 55 	 Loss 0.04680446531255167
2021-04-22 22:37:15,969 Epoch 56 	 Loss 0.046698551379389816
2021-04-22 22:37:33,221 Epoch 57 	 Loss 0.046511687706787506
2021-04-22 22:37:50,474 Epoch 58 	 Loss 0.04624713163126956
2021-04-22 22:38:07,784 Epoch 59 	 Loss 0.046054772377669154
2021-04-22 22:38:25,090 Epoch 60 	 Loss 0.046053166081617164
2021-04-22 22:38:42,352 Epoch 61 	 Loss 0.04596821382478043
2021-04-22 22:38:59,645 Epoch 62 	 Loss 0.045836034670963394
2021-04-22 22:39:16,917 Epoch 63 	 Loss 0.04568506650381036
2021-04-22 22:39:34,206 Epoch 64 	 Loss 0.045693423271506696
2021-04-22 22:39:51,473 Epoch 65 	 Loss 0.04565597022627736
2021-04-22 22:40:08,780 Epoch 66 	 Loss 0.04555679051266922
2021-04-22 22:40:26,080 Epoch 67 	 Loss 0.04552693120562113
2021-04-22 22:40:43,371 Epoch 68 	 Loss 0.045343925460026815
2021-04-22 22:41:00,690 Epoch 69 	 Loss 0.04529067644706139
2021-04-22 22:41:17,960 Epoch 70 	 Loss 0.045319178847821204
2021-04-22 22:41:35,243 Epoch 71 	 Loss 0.04519970731420831
2021-04-22 22:41:52,535 Epoch 72 	 Loss 0.045143124412049304
2021-04-22 22:42:09,793 Epoch 73 	 Loss 0.045149387034413575
2021-04-22 22:42:27,114 Epoch 74 	 Loss 0.045079005124804734
2021-04-22 22:42:44,384 Epoch 75 	 Loss 0.04497160656111581
2021-04-22 22:43:01,676 Epoch 76 	 Loss 0.04492972140292545
2021-04-22 22:43:18,963 Epoch 77 	 Loss 0.04487206471654085
2021-04-22 22:43:36,266 Epoch 78 	 Loss 0.0447979120353421
2021-04-22 22:43:53,543 Epoch 79 	 Loss 0.04479223596198218
2021-04-22 22:44:10,842 Epoch 80 	 Loss 0.04469042177219967
2021-04-22 22:44:28,085 Epoch 81 	 Loss 0.04468009469437075
2021-04-22 22:44:45,322 Epoch 82 	 Loss 0.044686218785060634
2021-04-22 22:45:02,614 Epoch 83 	 Loss 0.04466963543014212
2021-04-22 22:45:19,910 Epoch 84 	 Loss 0.04467955133417151
2021-04-22 22:45:37,151 Epoch 85 	 Loss 0.04459159862209153
2021-04-22 22:45:54,419 Epoch 86 	 Loss 0.04456305810874635
2021-04-22 22:46:11,730 Epoch 87 	 Loss 0.04458803642582107
2021-04-22 22:46:29,062 Epoch 88 	 Loss 0.044511885064971314
2021-04-22 22:46:46,349 Epoch 89 	 Loss 0.044534486933396414
2021-04-22 22:47:03,620 Epoch 90 	 Loss 0.04453680426864834
2021-04-22 22:47:20,878 Epoch 91 	 Loss 0.04451784774006068
2021-04-22 22:47:38,154 Epoch 92 	 Loss 0.04455863962789158
2021-04-22 22:47:55,428 Epoch 93 	 Loss 0.04447756502982024
2021-04-22 22:48:12,685 Epoch 94 	 Loss 0.04453856387472415
2021-04-22 22:48:29,985 Epoch 95 	 Loss 0.04448737912289389
2021-04-22 22:48:47,268 Epoch 96 	 Loss 0.04445411363145807
2021-04-22 22:49:04,539 Epoch 97 	 Loss 0.04447311146573706
2021-04-22 22:49:21,802 Epoch 98 	 Loss 0.044467293381035986
2021-04-22 22:49:39,086 Epoch 99 	 Loss 0.04446350512923775
2021-04-22 22:49:41,246 RESULT FOR DATASET CVC-300

2021-04-22 22:49:41,246 ==============================
2021-04-22 22:49:41,246 

2021-04-22 22:49:41,246 recall: 0.8856638597621592

2021-04-22 22:49:41,247 specificity: 0.9967838952938716

2021-04-22 22:49:41,247 precision: 0.89638042896986

2021-04-22 22:49:41,247 F1: 0.8596236853237011

2021-04-22 22:49:41,247 F2: 0.8720339339673956

2021-04-22 22:49:41,247 ACC_overall: 0.9930045366287231

2021-04-22 22:49:41,247 IoU_poly: 0.7924247392439914

2021-04-22 22:49:41,247 IoU_bg: 0.9927576104799907

2021-04-22 22:49:41,247 IoU_mean: 0.8925911754369735

2021-04-22 22:49:41,247 ==============================
2021-04-22 22:49:41,248 

2021-04-22 22:49:42,261 RESULT FOR DATASET CVC-ClinicDB

2021-04-22 22:49:42,262 ==============================
2021-04-22 22:49:42,262 

2021-04-22 22:49:42,262 recall: 0.8439708363214102

2021-04-22 22:49:42,263 specificity: 0.9960750081846791

2021-04-22 22:49:42,263 precision: 0.9050502347226645

2021-04-22 22:49:42,263 F1: 0.8499335960011869

2021-04-22 22:49:42,263 F2: 0.8454134188528594

2021-04-22 22:49:42,263 ACC_overall: 0.9849534198161094

2021-04-22 22:49:42,263 IoU_poly: 0.7961659972619776

2021-04-22 22:49:42,263 IoU_bg: 0.9830295097443366

2021-04-22 22:49:42,263 IoU_mean: 0.8895977576894145

2021-04-22 22:49:42,263 ==============================
2021-04-22 22:49:42,263 

2021-04-22 22:49:44,653 RESULT FOR DATASET Kvasir

2021-04-22 22:49:44,655 ==============================
2021-04-22 22:49:44,655 

2021-04-22 22:49:44,656 recall: 0.867395629992243

2021-04-22 22:49:44,657 specificity: 0.9877071034908295

2021-04-22 22:49:44,658 precision: 0.9061126145068557

2021-04-22 22:49:44,659 F1: 0.8711394155872404

2021-04-22 22:49:44,660 F2: 0.8646358225856966

2021-04-22 22:49:44,661 ACC_overall: 0.965271845459938

2021-04-22 22:49:44,662 IoU_poly: 0.8018141003798519

2021-04-22 22:49:44,663 IoU_bg: 0.9566268730163574

2021-04-22 22:49:44,664 IoU_mean: 0.8792204865813256

2021-04-22 22:49:44,665 ==============================
2021-04-22 22:49:44,666 

2021-04-22 22:49:53,409 RESULT FOR DATASET CVC-ColonDB

2021-04-22 22:49:53,410 ==============================
2021-04-22 22:49:53,411 

2021-04-22 22:49:53,412 recall: 0.6196357047351284

2021-04-22 22:49:53,413 specificity: 0.9952686863510232

2021-04-22 22:49:53,414 precision: 0.8814122590288064

2021-04-22 22:49:53,415 F1: 0.6291495409845562

2021-04-22 22:49:53,416 F2: 0.6185536528690232

2021-04-22 22:49:53,417 ACC_overall: 0.9557457351370862

2021-04-22 22:49:53,418 IoU_poly: 0.5562420771084577

2021-04-22 22:49:53,420 IoU_bg: 0.9540174166622915

2021-04-22 22:49:53,421 IoU_mean: 0.7551297466221608

2021-04-22 22:49:53,422 ==============================
2021-04-22 22:49:53,423 

2021-04-22 22:50:04,430 RESULT FOR DATASET ETIS-LaribPolypDB

2021-04-22 22:50:04,432 ==============================
2021-04-22 22:50:04,433 

2021-04-22 22:50:04,434 recall: 0.5516584740195208

2021-04-22 22:50:04,434 specificity: 0.9930213254933454

2021-04-22 22:50:04,434 precision: 0.7656016636744045

2021-04-22 22:50:04,434 F1: 0.5335866948953945

2021-04-22 22:50:04,434 F2: 0.5392183930360502

2021-04-22 22:50:04,434 ACC_overall: 0.9812994854790824

2021-04-22 22:50:04,435 IoU_poly: 0.4708648655362372

2021-04-22 22:50:04,435 IoU_bg: 0.9803956640618188

2021-04-22 22:50:04,435 IoU_mean: 0.7256302643491297

2021-04-22 22:50:04,435 ==============================
2021-04-22 22:50:04,435 

