2021-04-22 22:50:24,788 Epoch 0 	 Loss 0.7035366977964129
2021-04-22 22:50:42,396 Epoch 1 	 Loss 0.3854115909927494
2021-04-22 22:50:59,939 Epoch 2 	 Loss 0.26713810762861273
2021-04-22 22:51:17,518 Epoch 3 	 Loss 0.2151138274879246
2021-04-22 22:51:35,141 Epoch 4 	 Loss 0.1897604729120548
2021-04-22 22:51:52,770 Epoch 5 	 Loss 0.17631414188788488
2021-04-22 22:52:10,378 Epoch 6 	 Loss 0.14454650723344678
2021-04-22 22:52:28,007 Epoch 7 	 Loss 0.12308939071474495
2021-04-22 22:52:45,649 Epoch 8 	 Loss 0.11323520639440515
2021-04-22 22:53:03,262 Epoch 9 	 Loss 0.10186717749296964
2021-04-22 22:53:20,856 Epoch 10 	 Loss 0.09575143923143764
2021-04-22 22:53:38,461 Epoch 11 	 Loss 0.08909974108030508
2021-04-22 22:53:56,007 Epoch 12 	 Loss 0.08168705732940318
2021-04-22 22:54:13,587 Epoch 13 	 Loss 0.07627528848556372
2021-04-22 22:54:31,172 Epoch 14 	 Loss 0.07213218526525812
2021-04-22 22:54:48,771 Epoch 15 	 Loss 0.07094903744675302
2021-04-22 22:55:06,365 Epoch 16 	 Loss 0.06922310148621653
2021-04-22 22:55:23,961 Epoch 17 	 Loss 0.06939480150793935
2021-04-22 22:55:41,543 Epoch 18 	 Loss 0.06677571418029922
2021-04-22 22:55:59,220 Epoch 19 	 Loss 0.06296880899386091
2021-04-22 22:56:16,825 Epoch 20 	 Loss 0.059774528247314496
2021-04-22 22:56:34,424 Epoch 21 	 Loss 0.05852103835115066
2021-04-22 22:56:52,000 Epoch 22 	 Loss 0.05720769532106735
2021-04-22 22:57:09,564 Epoch 23 	 Loss 0.05605099915148138
2021-04-22 22:57:27,159 Epoch 24 	 Loss 0.055653317289038017
2021-04-22 22:57:44,733 Epoch 25 	 Loss 0.05857571705684557
2021-04-22 22:58:02,337 Epoch 26 	 Loss 0.05626758077478671
2021-04-22 22:58:19,919 Epoch 27 	 Loss 0.054557071364187935
2021-04-22 22:58:37,495 Epoch 28 	 Loss 0.053635038558270905
2021-04-22 22:58:55,038 Epoch 29 	 Loss 0.05291127086013228
2021-04-22 22:59:12,598 Epoch 30 	 Loss 0.05200580720390592
2021-04-22 22:59:30,205 Epoch 31 	 Loss 0.051721643779304
2021-04-22 22:59:47,782 Epoch 32 	 Loss 0.051333813672209835
2021-04-22 23:00:05,353 Epoch 33 	 Loss 0.051023201628045724
2021-04-22 23:00:22,938 Epoch 34 	 Loss 0.05069494677277712
2021-04-22 23:00:40,490 Epoch 35 	 Loss 0.05040445469401695
2021-04-22 23:00:58,091 Epoch 36 	 Loss 0.04984591475554875
2021-04-22 23:01:15,650 Epoch 37 	 Loss 0.049142509289495234
2021-04-22 23:01:33,215 Epoch 38 	 Loss 0.04883297455016073
2021-04-22 23:01:50,793 Epoch 39 	 Loss 0.048639910438886054
2021-04-22 23:02:08,384 Epoch 40 	 Loss 0.048375803526941236
2021-04-22 23:02:25,944 Epoch 41 	 Loss 0.04828132021721903
2021-04-22 23:02:43,543 Epoch 42 	 Loss 0.04830347820297702
2021-04-22 23:03:01,178 Epoch 43 	 Loss 0.048122739480746975
2021-04-22 23:03:18,792 Epoch 44 	 Loss 0.047582475120549673
2021-04-22 23:03:36,387 Epoch 45 	 Loss 0.047404463802065165
2021-04-22 23:03:53,942 Epoch 46 	 Loss 0.04728950515061944
2021-04-22 23:04:11,545 Epoch 47 	 Loss 0.04735923132726124
2021-04-22 23:04:29,196 Epoch 48 	 Loss 0.047273166272993924
2021-04-22 23:04:46,757 Epoch 49 	 Loss 0.0469597520327175
2021-04-22 23:05:04,329 Epoch 50 	 Loss 0.04673666011664893
2021-04-22 23:05:21,897 Epoch 51 	 Loss 0.04649805715614623
2021-04-22 23:05:39,478 Epoch 52 	 Loss 0.04627747919697028
2021-04-22 23:05:57,059 Epoch 53 	 Loss 0.04613645522149055
2021-04-22 23:06:14,628 Epoch 54 	 Loss 0.04624709814459413
2021-04-22 23:06:32,222 Epoch 55 	 Loss 0.04607483159218516
2021-04-22 23:06:49,820 Epoch 56 	 Loss 0.045849939296533776
2021-04-22 23:07:07,411 Epoch 57 	 Loss 0.04576409489407644
2021-04-22 23:07:25,020 Epoch 58 	 Loss 0.045703355509501234
2021-04-22 23:07:42,588 Epoch 59 	 Loss 0.045579053789049716
2021-04-22 23:08:00,155 Epoch 60 	 Loss 0.04549099754664924
2021-04-22 23:08:17,767 Epoch 61 	 Loss 0.04536932530802685
2021-04-22 23:08:35,359 Epoch 62 	 Loss 0.04518893987431631
2021-04-22 23:08:52,904 Epoch 63 	 Loss 0.0451183639221139
2021-04-22 23:09:10,529 Epoch 64 	 Loss 0.045025238009927034
2021-04-22 23:09:28,095 Epoch 65 	 Loss 0.04496861056803347
2021-04-22 23:09:45,686 Epoch 66 	 Loss 0.04501805270274917
2021-04-22 23:10:03,213 Epoch 67 	 Loss 0.04503084023247708
2021-04-22 23:10:20,809 Epoch 68 	 Loss 0.04484158688849145
2021-04-22 23:10:38,356 Epoch 69 	 Loss 0.0446888305410579
2021-04-22 23:10:55,961 Epoch 70 	 Loss 0.044590184813017374
2021-04-22 23:11:13,598 Epoch 71 	 Loss 0.04453554205023325
2021-04-22 23:11:31,173 Epoch 72 	 Loss 0.0444966142812928
2021-04-22 23:11:48,754 Epoch 73 	 Loss 0.04449153089752564
2021-04-22 23:12:06,368 Epoch 74 	 Loss 0.0445746928862818
2021-04-22 23:12:23,958 Epoch 75 	 Loss 0.04447026133209794
2021-04-22 23:12:41,567 Epoch 76 	 Loss 0.04438946776828923
2021-04-22 23:12:59,184 Epoch 77 	 Loss 0.044380176484912305
2021-04-22 23:13:16,769 Epoch 78 	 Loss 0.04433708850826536
2021-04-22 23:13:34,376 Epoch 79 	 Loss 0.04432069862281883
2021-04-22 23:13:52,010 Epoch 80 	 Loss 0.04430705153352612
2021-04-22 23:14:09,578 Epoch 81 	 Loss 0.04421659906978136
2021-04-22 23:14:27,186 Epoch 82 	 Loss 0.04420570267753287
2021-04-22 23:14:44,810 Epoch 83 	 Loss 0.04424011707305908
2021-04-22 23:15:02,390 Epoch 84 	 Loss 0.044145754405430386
2021-04-22 23:15:19,981 Epoch 85 	 Loss 0.04411145344704062
2021-04-22 23:15:37,592 Epoch 86 	 Loss 0.044130761544783036
2021-04-22 23:15:55,218 Epoch 87 	 Loss 0.0441335287804787
2021-04-22 23:16:12,810 Epoch 88 	 Loss 0.04408468138221856
2021-04-22 23:16:30,414 Epoch 89 	 Loss 0.04407458257052924
2021-04-22 23:16:48,001 Epoch 90 	 Loss 0.0440775293979671
2021-04-22 23:17:05,637 Epoch 91 	 Loss 0.04406481248500583
2021-04-22 23:17:23,220 Epoch 92 	 Loss 0.04402699006291536
2021-04-22 23:17:40,806 Epoch 93 	 Loss 0.044030639373666636
2021-04-22 23:17:58,427 Epoch 94 	 Loss 0.04401133962712445
2021-04-22 23:18:16,015 Epoch 95 	 Loss 0.044080623804212925
2021-04-22 23:18:33,618 Epoch 96 	 Loss 0.04405345579425057
2021-04-22 23:18:51,218 Epoch 97 	 Loss 0.044070702291779465
2021-04-22 23:19:08,791 Epoch 98 	 Loss 0.04401371660795841
2021-04-22 23:19:26,384 Epoch 99 	 Loss 0.04404624719377402
2021-04-22 23:19:28,692 RESULT FOR DATASET CVC-300

2021-04-22 23:19:28,692 ==============================
2021-04-22 23:19:28,692 

2021-04-22 23:19:28,693 recall: 0.9049435635795817

2021-04-22 23:19:28,694 specificity: 0.9956087638934453

2021-04-22 23:19:28,694 precision: 0.8617267132426302

2021-04-22 23:19:28,696 F1: 0.8657334193820134

2021-04-22 23:19:28,696 F2: 0.8849618771928363

2021-04-22 23:19:28,697 ACC_overall: 0.9918738077084224

2021-04-22 23:19:28,697 IoU_poly: 0.7947142110012161

2021-04-22 23:19:28,697 IoU_bg: 0.9915017396211624

2021-04-22 23:19:28,698 IoU_mean: 0.8931079765160879

2021-04-22 23:19:28,698 ==============================
2021-04-22 23:19:28,698 

2021-04-22 23:19:29,779 RESULT FOR DATASET CVC-ClinicDB

2021-04-22 23:19:29,779 ==============================
2021-04-22 23:19:29,779 

2021-04-22 23:19:29,779 recall: 0.8324937154351163

2021-04-22 23:19:29,779 specificity: 0.994621015364124

2021-04-22 23:19:29,779 precision: 0.9070147153350615

2021-04-22 23:19:29,779 F1: 0.8333293633599345

2021-04-22 23:19:29,779 F2: 0.8305420204659083

2021-04-22 23:19:29,779 ACC_overall: 0.9819694738234243

2021-04-22 23:19:29,779 IoU_poly: 0.7767100787060636

2021-04-22 23:19:29,780 IoU_bg: 0.9801788339691777

2021-04-22 23:19:29,780 IoU_mean: 0.8784444601305069

2021-04-22 23:19:29,780 ==============================
2021-04-22 23:19:29,780 

2021-04-22 23:19:32,238 RESULT FOR DATASET Kvasir

2021-04-22 23:19:32,239 ==============================
2021-04-22 23:19:32,240 

2021-04-22 23:19:32,241 recall: 0.8664938496344257

2021-04-22 23:19:32,242 specificity: 0.9885699486732483

2021-04-22 23:19:32,243 precision: 0.9008102319366299

2021-04-22 23:19:32,244 F1: 0.8667333541532571

2021-04-22 23:19:32,245 F2: 0.8608221893287555

2021-04-22 23:19:32,245 ACC_overall: 0.9648164260387421

2021-04-22 23:19:32,245 IoU_poly: 0.7978196678104723

2021-04-22 23:19:32,245 IoU_bg: 0.9556616902351379

2021-04-22 23:19:32,245 IoU_mean: 0.876740678846836

2021-04-22 23:19:32,245 ==============================
2021-04-22 23:19:32,246 

2021-04-22 23:19:41,251 RESULT FOR DATASET CVC-ColonDB

2021-04-22 23:19:41,252 ==============================
2021-04-22 23:19:41,252 

2021-04-22 23:19:41,252 recall: 0.6354878031752976

2021-04-22 23:19:41,252 specificity: 0.9947143978194186

2021-04-22 23:19:41,252 precision: 0.8750748074476992

2021-04-22 23:19:41,252 F1: 0.64071189013976

2021-04-22 23:19:41,252 F2: 0.6337224647230438

2021-04-22 23:19:41,253 ACC_overall: 0.9552601649572975

2021-04-22 23:19:41,253 IoU_poly: 0.5677646491886423

2021-04-22 23:19:41,253 IoU_bg: 0.9535495047506534

2021-04-22 23:19:41,253 IoU_mean: 0.7606570771258129

2021-04-22 23:19:41,255 ==============================
2021-04-22 23:19:41,255 

2021-04-22 23:19:52,397 RESULT FOR DATASET ETIS-LaribPolypDB

2021-04-22 23:19:52,397 ==============================
2021-04-22 23:19:52,397 

2021-04-22 23:19:52,397 recall: 0.5647390744015216

2021-04-22 23:19:52,397 specificity: 0.9898406680749388

2021-04-22 23:19:52,397 precision: 0.7403981424379439

2021-04-22 23:19:52,397 F1: 0.5219730282227346

2021-04-22 23:19:52,398 F2: 0.5400527569785833

2021-04-22 23:19:52,398 ACC_overall: 0.9792208215411828

2021-04-22 23:19:52,398 IoU_poly: 0.46263941105600714

2021-04-22 23:19:52,398 IoU_bg: 0.9782196858099529

2021-04-22 23:19:52,398 IoU_mean: 0.7204295491077461

2021-04-22 23:19:52,398 ==============================
2021-04-22 23:19:52,398 

