2021-04-22 21:52:14,219 Epoch 0 	 Loss 0.6777568331786564
2021-04-22 21:52:31,887 Epoch 1 	 Loss 0.3814327856014063
2021-04-22 21:52:49,608 Epoch 2 	 Loss 0.27096991945099047
2021-04-22 21:53:06,663 Epoch 3 	 Loss 0.2144839611354765
2021-04-22 21:53:23,833 Epoch 4 	 Loss 0.18380463385319973
2021-04-22 21:53:41,268 Epoch 5 	 Loss 0.1564470405107016
2021-04-22 21:53:58,867 Epoch 6 	 Loss 0.1347756232697885
2021-04-22 21:54:16,345 Epoch 7 	 Loss 0.11846769650231351
2021-04-22 21:54:33,830 Epoch 8 	 Loss 0.10694488006961214
2021-04-22 21:54:51,454 Epoch 9 	 Loss 0.09795702396185843
2021-04-22 21:55:08,953 Epoch 10 	 Loss 0.09122322819062642
2021-04-22 21:55:26,550 Epoch 11 	 Loss 0.09301580922616708
2021-04-22 21:55:43,739 Epoch 12 	 Loss 0.09176178612224348
2021-04-22 21:56:01,009 Epoch 13 	 Loss 0.09209580825907844
2021-04-22 21:56:18,594 Epoch 14 	 Loss 0.08370588515158538
2021-04-22 21:56:35,668 Epoch 15 	 Loss 0.07503769399373086
2021-04-22 21:56:52,727 Epoch 16 	 Loss 0.06867808668495534
2021-04-22 21:57:09,878 Epoch 17 	 Loss 0.06533445037164531
2021-04-22 21:57:26,842 Epoch 18 	 Loss 0.06300433274808821
2021-04-22 21:57:43,824 Epoch 19 	 Loss 0.06101764431530303
2021-04-22 21:58:00,773 Epoch 20 	 Loss 0.05951989630421439
2021-04-22 21:58:17,708 Epoch 21 	 Loss 0.059745240465297805
2021-04-22 21:58:34,668 Epoch 22 	 Loss 0.059130198639500274
2021-04-22 21:58:51,620 Epoch 23 	 Loss 0.05749142960041434
2021-04-22 21:59:08,575 Epoch 24 	 Loss 0.05619688041426323
2021-04-22 21:59:25,512 Epoch 25 	 Loss 0.054959887659156714
2021-04-22 21:59:42,501 Epoch 26 	 Loss 0.05476165194432814
2021-04-22 21:59:59,448 Epoch 27 	 Loss 0.05409616690415602
2021-04-22 22:00:16,426 Epoch 28 	 Loss 0.05288803184425438
2021-04-22 22:00:33,413 Epoch 29 	 Loss 0.05249352781818463
2021-04-22 22:00:50,324 Epoch 30 	 Loss 0.05224311646524366
2021-04-22 22:01:07,299 Epoch 31 	 Loss 0.051841495251590076
2021-04-22 22:01:24,286 Epoch 32 	 Loss 0.05160282237025408
2021-04-22 22:01:41,239 Epoch 33 	 Loss 0.05118748844488637
2021-04-22 22:01:58,189 Epoch 34 	 Loss 0.050717796925660016
2021-04-22 22:02:15,180 Epoch 35 	 Loss 0.050068729321707736
2021-04-22 22:02:32,162 Epoch 36 	 Loss 0.0496728285573996
2021-04-22 22:02:49,097 Epoch 37 	 Loss 0.04929928428360394
2021-04-22 22:03:06,053 Epoch 38 	 Loss 0.04936771148017475
2021-04-22 22:03:23,014 Epoch 39 	 Loss 0.049048454142533816
2021-04-22 22:03:40,003 Epoch 40 	 Loss 0.048795552985681286
2021-04-22 22:03:57,000 Epoch 41 	 Loss 0.04840026546146844
2021-04-22 22:04:13,930 Epoch 42 	 Loss 0.04809140712841527
2021-04-22 22:04:30,869 Epoch 43 	 Loss 0.04824973331702934
2021-04-22 22:04:47,845 Epoch 44 	 Loss 0.0480184311067665
2021-04-22 22:05:04,850 Epoch 45 	 Loss 0.04769936944920938
2021-04-22 22:05:21,851 Epoch 46 	 Loss 0.04738890928226513
2021-04-22 22:05:38,859 Epoch 47 	 Loss 0.047385210723994854
2021-04-22 22:05:55,834 Epoch 48 	 Loss 0.04724149798953926
2021-04-22 22:06:12,802 Epoch 49 	 Loss 0.04705098566118177
2021-04-22 22:06:29,814 Epoch 50 	 Loss 0.04690571092478522
2021-04-22 22:06:46,775 Epoch 51 	 Loss 0.04674950340291956
2021-04-22 22:07:03,738 Epoch 52 	 Loss 0.0466929238985528
2021-04-22 22:07:20,741 Epoch 53 	 Loss 0.04632715946370429
2021-04-22 22:07:37,683 Epoch 54 	 Loss 0.04615298887858024
2021-04-22 22:07:54,671 Epoch 55 	 Loss 0.04609844358740272
2021-04-22 22:08:11,632 Epoch 56 	 Loss 0.045911619132691685
2021-04-22 22:08:28,607 Epoch 57 	 Loss 0.04587227130656714
2021-04-22 22:08:45,561 Epoch 58 	 Loss 0.045744243354260264
2021-04-22 22:09:02,510 Epoch 59 	 Loss 0.04555731553297777
2021-04-22 22:09:19,508 Epoch 60 	 Loss 0.04548848887066265
2021-04-22 22:09:36,478 Epoch 61 	 Loss 0.0455544120990313
2021-04-22 22:09:53,452 Epoch 62 	 Loss 0.04543683641068228
2021-04-22 22:10:10,401 Epoch 63 	 Loss 0.04529054454722247
2021-04-22 22:10:27,366 Epoch 64 	 Loss 0.04514338170270343
2021-04-22 22:10:44,306 Epoch 65 	 Loss 0.04510017349333553
2021-04-22 22:11:01,270 Epoch 66 	 Loss 0.044987433190856664
2021-04-22 22:11:18,231 Epoch 67 	 Loss 0.04493811263979136
2021-04-22 22:11:35,169 Epoch 68 	 Loss 0.044852043983045514
2021-04-22 22:11:52,103 Epoch 69 	 Loss 0.04471434415369244
2021-04-22 22:12:09,033 Epoch 70 	 Loss 0.044734466616268995
2021-04-22 22:12:25,996 Epoch 71 	 Loss 0.04466872289776802
2021-04-22 22:12:42,993 Epoch 72 	 Loss 0.04456545428915338
2021-04-22 22:12:59,975 Epoch 73 	 Loss 0.0445645028254488
2021-04-22 22:13:16,948 Epoch 74 	 Loss 0.04457989019843248
2021-04-22 22:13:33,913 Epoch 75 	 Loss 0.044493424818738476
2021-04-22 22:13:50,867 Epoch 76 	 Loss 0.044413282648547665
2021-04-22 22:14:07,852 Epoch 77 	 Loss 0.044435196197949924
2021-04-22 22:14:24,831 Epoch 78 	 Loss 0.044369761555731954
2021-04-22 22:14:41,805 Epoch 79 	 Loss 0.04429643863177562
2021-04-22 22:14:58,764 Epoch 80 	 Loss 0.044334671941104825
2021-04-22 22:15:15,752 Epoch 81 	 Loss 0.0442754610308579
2021-04-22 22:15:32,673 Epoch 82 	 Loss 0.04424973536323715
2021-04-22 22:15:49,623 Epoch 83 	 Loss 0.04421959584067156
2021-04-22 22:16:06,553 Epoch 84 	 Loss 0.04422469793276473
2021-04-22 22:16:23,500 Epoch 85 	 Loss 0.044187671944990264
2021-04-22 22:16:40,452 Epoch 86 	 Loss 0.04416546106829748
2021-04-22 22:16:57,460 Epoch 87 	 Loss 0.04416324664930721
2021-04-22 22:17:14,419 Epoch 88 	 Loss 0.044116232626058245
2021-04-22 22:17:31,361 Epoch 89 	 Loss 0.04410628016505923
2021-04-22 22:17:48,345 Epoch 90 	 Loss 0.04409945674322464
2021-04-22 22:18:05,320 Epoch 91 	 Loss 0.044096385671214745
2021-04-22 22:18:22,308 Epoch 92 	 Loss 0.04407967414174761
2021-04-22 22:18:39,271 Epoch 93 	 Loss 0.04408018565276167
2021-04-22 22:18:56,210 Epoch 94 	 Loss 0.04406110520710002
2021-04-22 22:19:13,168 Epoch 95 	 Loss 0.044073319738055325
2021-04-22 22:19:30,166 Epoch 96 	 Loss 0.04406403570057272
2021-04-22 22:19:47,152 Epoch 97 	 Loss 0.044076572612419235
2021-04-22 22:20:04,130 Epoch 98 	 Loss 0.044038946279785135
2021-04-22 22:20:21,110 Epoch 99 	 Loss 0.04404865512317353
2021-04-22 22:20:23,256 RESULT FOR DATASET CVC-300

2021-04-22 22:20:23,256 ==============================
2021-04-22 22:20:23,256 

2021-04-22 22:20:23,257 recall: 0.9009041550258795

2021-04-22 22:20:23,257 specificity: 0.9951551179091136

2021-04-22 22:20:23,257 precision: 0.878276580075423

2021-04-22 22:20:23,257 F1: 0.8659875612919374

2021-04-22 22:20:23,257 F2: 0.883017400308745

2021-04-22 22:20:23,257 ACC_overall: 0.991900231440862

2021-04-22 22:20:23,257 IoU_poly: 0.7945650489379962

2021-04-22 22:20:23,257 IoU_bg: 0.9915169437726339

2021-04-22 22:20:23,257 IoU_mean: 0.8930409982800483

2021-04-22 22:20:23,257 ==============================
2021-04-22 22:20:23,257 

2021-04-22 22:20:24,196 RESULT FOR DATASET CVC-ClinicDB

2021-04-22 22:20:24,197 ==============================
2021-04-22 22:20:24,197 

2021-04-22 22:20:24,197 recall: 0.8346091536814422

2021-04-22 22:20:24,197 specificity: 0.9948963446001853

2021-04-22 22:20:24,197 precision: 0.9135014221810119

2021-04-22 22:20:24,197 F1: 0.8353883680979526

2021-04-22 22:20:24,197 F2: 0.8335768827424955

2021-04-22 22:20:24,198 ACC_overall: 0.9812485777562664

2021-04-22 22:20:24,198 IoU_poly: 0.7815247102295079

2021-04-22 22:20:24,198 IoU_bg: 0.9795921319915403

2021-04-22 22:20:24,198 IoU_mean: 0.8805584196121462

2021-04-22 22:20:24,198 ==============================
2021-04-22 22:20:24,198 

2021-04-22 22:20:26,495 RESULT FOR DATASET Kvasir

2021-04-22 22:20:26,496 ==============================
2021-04-22 22:20:26,497 

2021-04-22 22:20:26,498 recall: 0.8652154917636653

2021-04-22 22:20:26,499 specificity: 0.9869780898094177

2021-04-22 22:20:26,500 precision: 0.9054786477824383

2021-04-22 22:20:26,501 F1: 0.8647267864769674

2021-04-22 22:20:26,501 F2: 0.859358299812593

2021-04-22 22:20:26,502 ACC_overall: 0.9639018529653549

2021-04-22 22:20:26,503 IoU_poly: 0.7949139140469197

2021-04-22 22:20:26,504 IoU_bg: 0.9548907387256622

2021-04-22 22:20:26,510 IoU_mean: 0.8749023321270942

2021-04-22 22:20:26,511 ==============================
2021-04-22 22:20:26,512 

2021-04-22 22:20:34,881 RESULT FOR DATASET CVC-ColonDB

2021-04-22 22:20:34,881 ==============================
2021-04-22 22:20:34,881 

2021-04-22 22:20:34,881 recall: 0.6228138535794618

2021-04-22 22:20:34,881 specificity: 0.9952152035738292

2021-04-22 22:20:34,881 precision: 0.8794641640898542

2021-04-22 22:20:34,882 F1: 0.6314722310089708

2021-04-22 22:20:34,882 F2: 0.6225427948082046

2021-04-22 22:20:34,882 ACC_overall: 0.9544719314104633

2021-04-22 22:20:34,882 IoU_poly: 0.5580376763789254

2021-04-22 22:20:34,882 IoU_bg: 0.9529211461544037

2021-04-22 22:20:34,882 IoU_mean: 0.7554794127219602

2021-04-22 22:20:34,882 ==============================
2021-04-22 22:20:34,882 

2021-04-22 22:20:48,501 RESULT FOR DATASET ETIS-LaribPolypDB

2021-04-22 22:20:48,502 ==============================
2021-04-22 22:20:48,503 

2021-04-22 22:20:48,504 recall: 0.575833634080245

2021-04-22 22:20:48,505 specificity: 0.991212614945003

2021-04-22 22:20:48,506 precision: 0.7438904787351133

2021-04-22 22:20:48,507 F1: 0.5485277927834097

2021-04-22 22:20:48,508 F2: 0.5579660513633788

2021-04-22 22:20:48,509 ACC_overall: 0.979707058291046

2021-04-22 22:20:48,510 IoU_poly: 0.48158129451947074

2021-04-22 22:20:48,511 IoU_bg: 0.9786840120748598

2021-04-22 22:20:48,517 IoU_mean: 0.7301326544613255

2021-04-22 22:20:48,518 ==============================
2021-04-22 22:20:48,519 

