2021-04-27 14:22:04,011 Epoch 0 	 Loss 0.7254927289354932
2021-04-27 14:22:44,158 Epoch 1 	 Loss 0.4802370631432795
2021-04-27 14:23:24,246 Epoch 2 	 Loss 0.43131090258504007
2021-04-27 14:24:04,347 Epoch 3 	 Loss 0.3986137699294876
2021-04-27 14:24:44,578 Epoch 4 	 Loss 0.39114015148236203
2021-04-27 14:25:24,711 Epoch 5 	 Loss 0.36330126013074604
2021-04-27 14:26:04,928 Epoch 6 	 Loss 0.3445750384867846
2021-04-27 14:26:45,126 Epoch 7 	 Loss 0.3513389853658257
2021-04-27 14:27:25,339 Epoch 8 	 Loss 0.33267932704516817
2021-04-27 14:28:05,515 Epoch 9 	 Loss 0.3137236386537552
2021-04-27 14:28:45,843 Epoch 10 	 Loss 0.3132984520314814
2021-04-27 14:29:26,019 Epoch 11 	 Loss 0.3019359039736318
2021-04-27 14:30:06,340 Epoch 12 	 Loss 0.30459090723441196
2021-04-27 14:30:46,495 Epoch 13 	 Loss 0.29485869833401274
2021-04-27 14:31:26,727 Epoch 14 	 Loss 0.28552031975526077
2021-04-27 14:32:06,956 Epoch 15 	 Loss 0.28994533517858484
2021-04-27 14:32:47,194 Epoch 16 	 Loss 0.2757281040424829
2021-04-27 14:33:27,432 Epoch 17 	 Loss 0.28620000380081134
2021-04-27 14:34:07,615 Epoch 18 	 Loss 0.27896839216515257
2021-04-27 14:34:47,705 Epoch 19 	 Loss 0.2700201349926519
2021-04-27 14:35:27,953 Epoch 20 	 Loss 0.25606550865775934
2021-04-27 14:36:08,183 Epoch 21 	 Loss 0.25998226217516174
2021-04-27 14:36:48,534 Epoch 22 	 Loss 0.2600137602824431
2021-04-27 14:37:28,713 Epoch 23 	 Loss 0.2618971530880247
2021-04-27 14:38:09,022 Epoch 24 	 Loss 0.25205830689314956
2021-04-27 14:38:49,238 Epoch 25 	 Loss 0.24720686690492943
2021-04-27 14:39:29,475 Epoch 26 	 Loss 0.2525391801372989
2021-04-27 14:40:09,696 Epoch 27 	 Loss 0.24766030612882678
2021-04-27 14:40:49,882 Epoch 28 	 Loss 0.24107158118551905
2021-04-27 14:41:30,222 Epoch 29 	 Loss 0.2401806897186971
2021-04-27 14:42:10,381 Epoch 30 	 Loss 0.2463558594604115
2021-04-27 14:42:50,672 Epoch 31 	 Loss 0.2450538763960639
2021-04-27 14:43:30,828 Epoch 32 	 Loss 0.22808423720218324
2021-04-27 14:44:11,109 Epoch 33 	 Loss 0.23758688143321446
2021-04-27 14:44:51,294 Epoch 34 	 Loss 0.24177494235746153
2021-04-27 14:45:31,479 Epoch 35 	 Loss 0.2354417900135229
2021-04-27 14:46:11,844 Epoch 36 	 Loss 0.22725247796420212
2021-04-27 14:46:52,159 Epoch 37 	 Loss 0.21680923887006529
2021-04-27 14:47:32,392 Epoch 38 	 Loss 0.2176490150965177
2021-04-27 14:48:12,622 Epoch 39 	 Loss 0.2292879819869995
2021-04-27 14:48:52,795 Epoch 40 	 Loss 0.2175488427772627
2021-04-27 14:49:33,019 Epoch 41 	 Loss 0.22076433307521945
2021-04-27 14:50:13,232 Epoch 42 	 Loss 0.2163704582950571
2021-04-27 14:50:53,424 Epoch 43 	 Loss 0.21325061412958
2021-04-27 14:51:33,712 Epoch 44 	 Loss 0.21208306573904478
2021-04-27 14:52:13,826 Epoch 45 	 Loss 0.21224030410195446
2021-04-27 14:52:54,019 Epoch 46 	 Loss 0.20983695263391014
2021-04-27 14:53:34,248 Epoch 47 	 Loss 0.2040054018680866
2021-04-27 14:54:14,528 Epoch 48 	 Loss 0.2036855338693975
2021-04-27 14:54:54,740 Epoch 49 	 Loss 0.20101058466748878
2021-04-27 14:55:34,956 Epoch 50 	 Loss 0.19760842048204863
2021-04-27 14:56:15,196 Epoch 51 	 Loss 0.20056497215569674
2021-04-27 14:56:55,556 Epoch 52 	 Loss 0.2039939916723377
2021-04-27 14:57:35,782 Epoch 53 	 Loss 0.19930979527614928
2021-04-27 14:58:15,967 Epoch 54 	 Loss 0.19283123903877133
2021-04-27 14:58:56,277 Epoch 55 	 Loss 0.19714667050393073
2021-04-27 14:59:36,436 Epoch 56 	 Loss 0.193184562764325
2021-04-27 15:00:16,586 Epoch 57 	 Loss 0.19652967760851095
2021-04-27 15:00:56,875 Epoch 58 	 Loss 0.18824514550167126
2021-04-27 15:01:37,215 Epoch 59 	 Loss 0.18886915094904846
2021-04-27 15:02:17,630 Epoch 60 	 Loss 0.18630602742944444
2021-04-27 15:02:58,007 Epoch 61 	 Loss 0.18640068009659483
2021-04-27 15:03:38,334 Epoch 62 	 Loss 0.1872455250103395
2021-04-27 15:04:18,554 Epoch 63 	 Loss 0.18433152974306882
2021-04-27 15:04:58,818 Epoch 64 	 Loss 0.18403187148518615
2021-04-27 15:05:39,001 Epoch 65 	 Loss 0.183367140181772
2021-04-27 15:06:19,251 Epoch 66 	 Loss 0.18141531682276463
2021-04-27 15:06:59,500 Epoch 67 	 Loss 0.17782534871782577
2021-04-27 15:07:39,849 Epoch 68 	 Loss 0.17818119270460947
2021-04-27 15:08:20,078 Epoch 69 	 Loss 0.1746762237706027
2021-04-27 15:09:00,359 Epoch 70 	 Loss 0.17856771605355398
2021-04-27 15:09:40,677 Epoch 71 	 Loss 0.17860362637828994
2021-04-27 15:10:20,891 Epoch 72 	 Loss 0.1766855647930732
2021-04-27 15:11:01,136 Epoch 73 	 Loss 0.17637123003765776
2021-04-27 15:11:41,514 Epoch 74 	 Loss 0.17791053390764927
2021-04-27 15:12:21,750 Epoch 75 	 Loss 0.1749544436787511
2021-04-27 15:13:01,926 Epoch 76 	 Loss 0.17242975303759941
2021-04-27 15:13:42,147 Epoch 77 	 Loss 0.16980296602615944
2021-04-27 15:14:22,573 Epoch 78 	 Loss 0.17264348923505007
2021-04-27 15:15:02,951 Epoch 79 	 Loss 0.1728324795162285
2021-04-27 15:15:43,280 Epoch 80 	 Loss 0.172680839241206
2021-04-27 15:16:23,538 Epoch 81 	 Loss 0.16793709174617305
2021-04-27 15:17:03,811 Epoch 82 	 Loss 0.1664911565053594
2021-04-27 15:17:44,145 Epoch 83 	 Loss 0.17196696227068428
2021-04-27 15:18:24,306 Epoch 84 	 Loss 0.16868396611004086
2021-04-27 15:19:04,489 Epoch 85 	 Loss 0.16869762195990637
2021-04-27 15:19:44,794 Epoch 86 	 Loss 0.16541967696540957
2021-04-27 15:20:25,001 Epoch 87 	 Loss 0.16502700467686077
2021-04-27 15:21:05,170 Epoch 88 	 Loss 0.17287777626252437
2021-04-27 15:21:45,493 Epoch 89 	 Loss 0.16743391113621847
2021-04-27 15:22:25,681 Epoch 90 	 Loss 0.16856397139829593
2021-04-27 15:23:05,957 Epoch 91 	 Loss 0.16642523925383013
2021-04-27 15:23:46,162 Epoch 92 	 Loss 0.16861090735419765
2021-04-27 15:24:26,455 Epoch 93 	 Loss 0.1663743585020631
2021-04-27 15:25:06,618 Epoch 94 	 Loss 0.16371614248542996
2021-04-27 15:25:46,914 Epoch 95 	 Loss 0.16507164069584437
2021-04-27 15:26:27,232 Epoch 96 	 Loss 0.16615711529176314
2021-04-27 15:27:07,601 Epoch 97 	 Loss 0.16568922587148435
2021-04-27 15:27:47,947 Epoch 98 	 Loss 0.16651764233688732
2021-04-27 15:28:28,156 Epoch 99 	 Loss 0.16408536001876162
2021-04-27 15:28:47,551 RESULT FOR DATASET CVC-300

2021-04-27 15:28:47,551 ==============================
2021-04-27 15:28:47,551 

2021-04-27 15:28:47,551 recall: 0.9536468356847763

2021-04-27 15:28:47,551 specificity: 0.9919304430484772

2021-04-27 15:28:47,551 precision: 0.8162859526773294

2021-04-27 15:28:47,552 F1: 0.8622715622186661

2021-04-27 15:28:47,552 F2: 0.9062080244223277

2021-04-27 15:28:47,552 ACC_overall: 0.990649010737737

2021-04-27 15:28:47,552 IoU_poly: 0.7827471164365609

2021-04-27 15:28:47,552 IoU_bg: 0.9903149018685024

2021-04-27 15:28:47,552 IoU_mean: 0.886531001329422

2021-04-27 15:28:47,552 ==============================
2021-04-27 15:28:47,552 

2021-04-27 15:29:03,068 RESULT FOR DATASET CVC-ClinicDB

2021-04-27 15:29:03,068 ==============================
2021-04-27 15:29:03,068 

2021-04-27 15:29:03,068 recall: 0.923869545191748

2021-04-27 15:29:03,068 specificity: 0.9954593960315951

2021-04-27 15:29:03,068 precision: 0.9293415214746229

2021-04-27 15:29:03,068 F1: 0.9063123755547549

2021-04-27 15:29:03,068 F2: 0.9155461119920684

2021-04-27 15:29:03,068 ACC_overall: 0.9925893006786224

2021-04-27 15:29:03,068 IoU_poly: 0.8590464902128235

2021-04-27 15:29:03,068 IoU_bg: 0.9911745267529641

2021-04-27 15:29:03,068 IoU_mean: 0.9251105083573249

2021-04-27 15:29:03,068 ==============================
2021-04-27 15:29:03,068 

2021-04-27 15:29:32,936 RESULT FOR DATASET Kvasir

2021-04-27 15:29:32,936 ==============================
2021-04-27 15:29:32,936 

2021-04-27 15:29:32,937 recall: 0.8994696763636238

2021-04-27 15:29:32,937 specificity: 0.9921665233373642

2021-04-27 15:29:32,937 precision: 0.9427218888700009

2021-04-27 15:29:32,937 F1: 0.9013263710035608

2021-04-27 15:29:32,937 F2: 0.8976996300148585

2021-04-27 15:29:32,937 ACC_overall: 0.9742468732595444

2021-04-27 15:29:32,937 IoU_poly: 0.8513122900308736

2021-04-27 15:29:32,937 IoU_bg: 0.9672298020124436

2021-04-27 15:29:32,937 IoU_mean: 0.909271043241024

2021-04-27 15:29:32,937 ==============================
2021-04-27 15:29:32,937 

2021-04-27 15:31:28,314 RESULT FOR DATASET CVC-ColonDB

2021-04-27 15:31:28,314 ==============================
2021-04-27 15:31:28,314 

2021-04-27 15:31:28,314 recall: 0.7332201530834422

2021-04-27 15:31:28,314 specificity: 0.9923630272087298

2021-04-27 15:31:28,314 precision: 0.8858152381206693

2021-04-27 15:31:28,314 F1: 0.7036822364599868

2021-04-27 15:31:28,314 F2: 0.7107289573277441

2021-04-27 15:31:28,314 ACC_overall: 0.9592168438591455

2021-04-27 15:31:28,315 IoU_poly: 0.6399147618431746

2021-04-27 15:31:28,315 IoU_bg: 0.9578441668497889

2021-04-27 15:31:28,315 IoU_mean: 0.7988794631863895

2021-04-27 15:31:28,315 ==============================
2021-04-27 15:31:28,315 

2021-04-27 15:32:49,969 RESULT FOR DATASET ETIS-LaribPolypDB

2021-04-27 15:32:49,970 ==============================
2021-04-27 15:32:49,970 

2021-04-27 15:32:49,970 recall: 0.7642406042400116

2021-04-27 15:32:49,970 specificity: 0.9918086401053837

2021-04-27 15:32:49,970 precision: 0.8323806763765017

2021-04-27 15:32:49,970 F1: 0.71519418427318

2021-04-27 15:32:49,970 F2: 0.7397789981302538

2021-04-27 15:32:49,970 ACC_overall: 0.9883130238372453

2021-04-27 15:32:49,970 IoU_poly: 0.6482107614734299

2021-04-27 15:32:49,970 IoU_bg: 0.987644375282891

2021-04-27 15:32:49,970 IoU_mean: 0.817927567630398

2021-04-27 15:32:49,970 ==============================
2021-04-27 15:32:49,970 

