2021-04-27 02:22:33,160 Epoch 0 	 Loss 0.7398257923650218
2021-04-27 02:23:13,532 Epoch 1 	 Loss 0.47144385386299303
2021-04-27 02:23:53,915 Epoch 2 	 Loss 0.4187021609191056
2021-04-27 02:24:34,399 Epoch 3 	 Loss 0.39841695244495684
2021-04-27 02:25:14,920 Epoch 4 	 Loss 0.3716655442347893
2021-04-27 02:25:55,514 Epoch 5 	 Loss 0.3540585551943098
2021-04-27 02:26:35,948 Epoch 6 	 Loss 0.3467928849078797
2021-04-27 02:27:16,435 Epoch 7 	 Loss 0.32903595366975763
2021-04-27 02:27:56,955 Epoch 8 	 Loss 0.3207967314091358
2021-04-27 02:28:37,469 Epoch 9 	 Loss 0.3152319829870056
2021-04-27 02:29:18,019 Epoch 10 	 Loss 0.29066605685831426
2021-04-27 02:29:58,532 Epoch 11 	 Loss 0.3236823556842385
2021-04-27 02:30:38,984 Epoch 12 	 Loss 0.2890410249704843
2021-04-27 02:31:19,522 Epoch 13 	 Loss 0.2898383594148762
2021-04-27 02:31:59,959 Epoch 14 	 Loss 0.2872020541639118
2021-04-27 02:32:40,574 Epoch 15 	 Loss 0.2786831282652341
2021-04-27 02:33:21,088 Epoch 16 	 Loss 0.2809855045525582
2021-04-27 02:34:01,612 Epoch 17 	 Loss 0.27088397905066774
2021-04-27 02:34:42,150 Epoch 18 	 Loss 0.26887027215171644
2021-04-27 02:35:22,667 Epoch 19 	 Loss 0.2545151715422725
2021-04-27 02:36:03,212 Epoch 20 	 Loss 0.2614970054927763
2021-04-27 02:36:43,859 Epoch 21 	 Loss 0.2622978390900643
2021-04-27 02:37:24,358 Epoch 22 	 Loss 0.2641641101339361
2021-04-27 02:38:04,859 Epoch 23 	 Loss 0.25296647879448564
2021-04-27 02:38:45,248 Epoch 24 	 Loss 0.24712301119343266
2021-04-27 02:39:25,816 Epoch 25 	 Loss 0.2428478370983522
2021-04-27 02:40:06,301 Epoch 26 	 Loss 0.24818721135239025
2021-04-27 02:40:46,780 Epoch 27 	 Loss 0.24795235906328475
2021-04-27 02:41:27,245 Epoch 28 	 Loss 0.23322469700168777
2021-04-27 02:42:07,783 Epoch 29 	 Loss 0.250862275997361
2021-04-27 02:42:48,239 Epoch 30 	 Loss 0.23614707736523596
2021-04-27 02:43:28,803 Epoch 31 	 Loss 0.23952741560700175
2021-04-27 02:44:09,327 Epoch 32 	 Loss 0.23284424939653375
2021-04-27 02:44:49,918 Epoch 33 	 Loss 0.23017012647220067
2021-04-27 02:45:30,431 Epoch 34 	 Loss 0.2325628678222279
2021-04-27 02:46:10,948 Epoch 35 	 Loss 0.23045479350692624
2021-04-27 02:46:51,504 Epoch 36 	 Loss 0.21391707904391236
2021-04-27 02:47:31,983 Epoch 37 	 Loss 0.21454115310213068
2021-04-27 02:48:12,396 Epoch 38 	 Loss 0.21715498036080663
2021-04-27 02:48:52,961 Epoch 39 	 Loss 0.21963507166275612
2021-04-27 02:49:33,570 Epoch 40 	 Loss 0.22022338408035236
2021-04-27 02:50:13,986 Epoch 41 	 Loss 0.21400969925817553
2021-04-27 02:50:54,575 Epoch 42 	 Loss 0.2100385023014886
2021-04-27 02:51:35,022 Epoch 43 	 Loss 0.20122075604868458
2021-04-27 02:52:15,587 Epoch 44 	 Loss 0.20085444293179355
2021-04-27 02:52:56,114 Epoch 45 	 Loss 0.2039878119479169
2021-04-27 02:53:36,596 Epoch 46 	 Loss 0.2067126711973777
2021-04-27 02:54:17,105 Epoch 47 	 Loss 0.20103183667083363
2021-04-27 02:54:57,626 Epoch 48 	 Loss 0.19884471840910858
2021-04-27 02:55:38,070 Epoch 49 	 Loss 0.19644439367802588
2021-04-27 02:56:18,459 Epoch 50 	 Loss 0.19414331297298054
2021-04-27 02:56:58,958 Epoch 51 	 Loss 0.1895073896253502
2021-04-27 02:57:39,483 Epoch 52 	 Loss 0.1889120461521568
2021-04-27 02:58:20,044 Epoch 53 	 Loss 0.18995944451499772
2021-04-27 02:59:00,568 Epoch 54 	 Loss 0.18905550847341726
2021-04-27 02:59:41,164 Epoch 55 	 Loss 0.18662026966666126
2021-04-27 03:00:21,648 Epoch 56 	 Loss 0.19297559641219758
2021-04-27 03:01:02,274 Epoch 57 	 Loss 0.19188338141519945
2021-04-27 03:01:42,810 Epoch 58 	 Loss 0.1825630715587637
2021-04-27 03:02:23,251 Epoch 59 	 Loss 0.18422002026012965
2021-04-27 03:03:03,717 Epoch 60 	 Loss 0.1813960414338898
2021-04-27 03:03:44,162 Epoch 61 	 Loss 0.1774634381571969
2021-04-27 03:04:24,672 Epoch 62 	 Loss 0.18011263864380972
2021-04-27 03:05:05,183 Epoch 63 	 Loss 0.17690757162623352
2021-04-27 03:05:45,557 Epoch 64 	 Loss 0.17941366725570554
2021-04-27 03:06:26,031 Epoch 65 	 Loss 0.17500774906231806
2021-04-27 03:07:06,564 Epoch 66 	 Loss 0.1724109307422743
2021-04-27 03:07:47,187 Epoch 67 	 Loss 0.17682667928082602
2021-04-27 03:08:27,678 Epoch 68 	 Loss 0.17547669662879065
2021-04-27 03:09:08,223 Epoch 69 	 Loss 0.16960624286106654
2021-04-27 03:09:48,804 Epoch 70 	 Loss 0.17134891696028656
2021-04-27 03:10:29,310 Epoch 71 	 Loss 0.16942441930155178
2021-04-27 03:11:09,831 Epoch 72 	 Loss 0.16631202023107927
2021-04-27 03:11:50,411 Epoch 73 	 Loss 0.16641287833124727
2021-04-27 03:12:30,964 Epoch 74 	 Loss 0.16376508895184969
2021-04-27 03:13:11,516 Epoch 75 	 Loss 0.1668623435300785
2021-04-27 03:13:52,050 Epoch 76 	 Loss 0.16731827304913446
2021-04-27 03:14:32,664 Epoch 77 	 Loss 0.1677724186863218
2021-04-27 03:15:13,268 Epoch 78 	 Loss 0.16954525109830793
2021-04-27 03:15:53,886 Epoch 79 	 Loss 0.1643671012677989
2021-04-27 03:16:34,347 Epoch 80 	 Loss 0.16467954513135846
2021-04-27 03:17:14,784 Epoch 81 	 Loss 0.16199926557121697
2021-04-27 03:17:55,416 Epoch 82 	 Loss 0.1651504533467712
2021-04-27 03:18:35,900 Epoch 83 	 Loss 0.16537493565580347
2021-04-27 03:19:16,395 Epoch 84 	 Loss 0.16291292781358238
2021-04-27 03:19:56,864 Epoch 85 	 Loss 0.15935661209808602
2021-04-27 03:20:37,527 Epoch 86 	 Loss 0.15953786753036164
2021-04-27 03:21:17,994 Epoch 87 	 Loss 0.15959934300773745
2021-04-27 03:21:58,708 Epoch 88 	 Loss 0.16037271638492961
2021-04-27 03:22:39,300 Epoch 89 	 Loss 0.15923748632053752
2021-04-27 03:23:19,770 Epoch 90 	 Loss 0.1631374249419013
2021-04-27 03:24:00,315 Epoch 91 	 Loss 0.15890613345654456
2021-04-27 03:24:40,705 Epoch 92 	 Loss 0.1613115627359558
2021-04-27 03:25:21,240 Epoch 93 	 Loss 0.1579133275446001
2021-04-27 03:26:01,935 Epoch 94 	 Loss 0.16095575100772982
2021-04-27 03:26:42,453 Epoch 95 	 Loss 0.1605214971107441
2021-04-27 03:27:22,901 Epoch 96 	 Loss 0.15841826919343446
2021-04-27 03:28:03,527 Epoch 97 	 Loss 0.15810489458042187
2021-04-27 03:28:43,997 Epoch 98 	 Loss 0.1594207932005872
2021-04-27 03:29:24,511 Epoch 99 	 Loss 0.15978343015188698
2021-04-27 03:29:44,148 RESULT FOR DATASET CVC-300

2021-04-27 03:29:44,149 ==============================
2021-04-27 03:29:44,149 

2021-04-27 03:29:44,149 recall: 0.9600154091914495

2021-04-27 03:29:44,149 specificity: 0.9903360038995743

2021-04-27 03:29:44,149 precision: 0.8050634467353424

2021-04-27 03:29:44,149 F1: 0.8547891331215699

2021-04-27 03:29:44,149 F2: 0.9000870525836945

2021-04-27 03:29:44,149 ACC_overall: 0.9892758399248123

2021-04-27 03:29:44,149 IoU_poly: 0.7795207064598799

2021-04-27 03:29:44,149 IoU_bg: 0.9889462858438491

2021-04-27 03:29:44,149 IoU_mean: 0.8842334945996603

2021-04-27 03:29:44,149 ==============================
2021-04-27 03:29:44,149 

2021-04-27 03:29:59,621 RESULT FOR DATASET CVC-ClinicDB

2021-04-27 03:29:59,621 ==============================
2021-04-27 03:29:59,621 

2021-04-27 03:29:59,621 recall: 0.9403569969018141

2021-04-27 03:29:59,621 specificity: 0.9936316244063839

2021-04-27 03:29:59,622 precision: 0.8965103181770011

2021-04-27 03:29:59,622 F1: 0.9110990721758665

2021-04-27 03:29:59,622 F2: 0.9252086172571345

2021-04-27 03:29:59,622 ACC_overall: 0.9912487066561176

2021-04-27 03:29:59,622 IoU_poly: 0.8603515264553754

2021-04-27 03:29:59,622 IoU_bg: 0.9900061988061474

2021-04-27 03:29:59,622 IoU_mean: 0.9251788657519125

2021-04-27 03:29:59,622 ==============================
2021-04-27 03:29:59,622 

2021-04-27 03:30:29,361 RESULT FOR DATASET Kvasir

2021-04-27 03:30:29,361 ==============================
2021-04-27 03:30:29,361 

2021-04-27 03:30:29,361 recall: 0.8933825635910034

2021-04-27 03:30:29,361 specificity: 0.9910611081123352

2021-04-27 03:30:29,361 precision: 0.9441278579831124

2021-04-27 03:30:29,361 F1: 0.9055908718705177

2021-04-27 03:30:29,361 F2: 0.8957895982265472

2021-04-27 03:30:29,361 ACC_overall: 0.9707626712322235

2021-04-27 03:30:29,361 IoU_poly: 0.8501149266958237

2021-04-27 03:30:29,361 IoU_bg: 0.963220186829567

2021-04-27 03:30:29,361 IoU_mean: 0.9066675573587417

2021-04-27 03:30:29,361 ==============================
2021-04-27 03:30:29,362 

2021-04-27 03:32:24,924 RESULT FOR DATASET CVC-ColonDB

2021-04-27 03:32:24,925 ==============================
2021-04-27 03:32:24,925 

2021-04-27 03:32:24,925 recall: 0.7884904336990733

2021-04-27 03:32:24,925 specificity: 0.9903817840312656

2021-04-27 03:32:24,925 precision: 0.8262827438248534

2021-04-27 03:32:24,925 F1: 0.7423187721358868

2021-04-27 03:32:24,925 F2: 0.7580635555515325

2021-04-27 03:32:24,925 ACC_overall: 0.9641833772784785

2021-04-27 03:32:24,925 IoU_poly: 0.6736104940206192

2021-04-27 03:32:24,925 IoU_bg: 0.9622628754691074

2021-04-27 03:32:24,925 IoU_mean: 0.8179366832501009

2021-04-27 03:32:24,925 ==============================
2021-04-27 03:32:24,925 

2021-04-27 03:33:46,500 RESULT FOR DATASET ETIS-LaribPolypDB

2021-04-27 03:33:46,500 ==============================
2021-04-27 03:33:46,500 

2021-04-27 03:33:46,500 recall: 0.8336487316551864

2021-04-27 03:33:46,500 specificity: 0.988713372118619

2021-04-27 03:33:46,500 precision: 0.7662983658547045

2021-04-27 03:33:46,500 F1: 0.7486730099177962

2021-04-27 03:33:46,500 F2: 0.7871290403219825

2021-04-27 03:33:46,500 ACC_overall: 0.9862887202476969

2021-04-27 03:33:46,500 IoU_poly: 0.6736997696267485

2021-04-27 03:33:46,500 IoU_bg: 0.9856044619667287

2021-04-27 03:33:46,500 IoU_mean: 0.8296521173752084

2021-04-27 03:33:46,500 ==============================
2021-04-27 03:33:46,500 

