2021-05-29 12:55:46,036 Epoch 0 	 Loss 0.7656714634580927
2021-05-29 12:56:10,412 Epoch 1 	 Loss 0.468304863015374
2021-05-29 12:56:34,793 Epoch 2 	 Loss 0.43187710642814636
2021-05-29 12:56:59,234 Epoch 3 	 Loss 0.40545122210796064
2021-05-29 12:57:23,621 Epoch 4 	 Loss 0.37419025681831025
2021-05-29 12:57:48,018 Epoch 5 	 Loss 0.3703641079284333
2021-05-29 12:58:12,496 Epoch 6 	 Loss 0.3381514526330508
2021-05-29 12:58:36,884 Epoch 7 	 Loss 0.3343674812343094
2021-05-29 12:59:01,330 Epoch 8 	 Loss 0.33928800578955765
2021-05-29 12:59:25,796 Epoch 9 	 Loss 0.32588636547654537
2021-05-29 12:59:50,406 Epoch 10 	 Loss 0.3009775107378488
2021-05-29 13:00:14,787 Epoch 11 	 Loss 0.30084532040816087
2021-05-29 13:00:39,192 Epoch 12 	 Loss 0.30208503626860106
2021-05-29 13:01:03,617 Epoch 13 	 Loss 0.2819979924422044
2021-05-29 13:01:28,077 Epoch 14 	 Loss 0.29228456236503936
2021-05-29 13:01:52,571 Epoch 15 	 Loss 0.2849478875542735
2021-05-29 13:02:17,034 Epoch 16 	 Loss 0.28817821875378324
2021-05-29 13:02:41,549 Epoch 17 	 Loss 0.2806090044451284
2021-05-29 13:03:06,135 Epoch 18 	 Loss 0.2717361697456339
2021-05-29 13:03:30,704 Epoch 19 	 Loss 0.27226446126843545
2021-05-29 13:03:55,338 Epoch 20 	 Loss 0.2667795778303356
2021-05-29 13:04:19,877 Epoch 21 	 Loss 0.2590386381188592
2021-05-29 13:04:44,559 Epoch 22 	 Loss 0.25816230132029605
2021-05-29 13:05:09,134 Epoch 23 	 Loss 0.25213423387689904
2021-05-29 13:05:33,752 Epoch 24 	 Loss 0.25108676297324045
2021-05-29 13:05:58,263 Epoch 25 	 Loss 0.25259913897121344
2021-05-29 13:06:22,817 Epoch 26 	 Loss 0.23808292029323158
2021-05-29 13:06:47,462 Epoch 27 	 Loss 0.24439091964082404
2021-05-29 13:07:11,950 Epoch 28 	 Loss 0.23395521349304324
2021-05-29 13:07:36,548 Epoch 29 	 Loss 0.23955610934849625
2021-05-29 13:08:01,129 Epoch 30 	 Loss 0.22648327805838742
2021-05-29 13:08:25,653 Epoch 31 	 Loss 0.23081213366854322
2021-05-29 13:08:50,232 Epoch 32 	 Loss 0.23673181334039667
2021-05-29 13:09:14,790 Epoch 33 	 Loss 0.22676855604072194
2021-05-29 13:09:39,377 Epoch 34 	 Loss 0.23554183608228033
2021-05-29 13:10:04,000 Epoch 35 	 Loss 0.2258104472369938
2021-05-29 13:10:28,535 Epoch 36 	 Loss 0.22443178296089172
2021-05-29 13:10:53,142 Epoch 37 	 Loss 0.21872601486169374
2021-05-29 13:11:17,761 Epoch 38 	 Loss 0.21691635234670326
2021-05-29 13:11:42,321 Epoch 39 	 Loss 0.22098782314704016
2021-05-29 13:12:06,942 Epoch 40 	 Loss 0.21644063064685234
2021-05-29 13:12:31,566 Epoch 41 	 Loss 0.21325469131653124
2021-05-29 13:12:56,126 Epoch 42 	 Loss 0.21434688093243065
2021-05-29 13:13:20,644 Epoch 43 	 Loss 0.2075786415364716
2021-05-29 13:13:45,225 Epoch 44 	 Loss 0.21371167308681613
2021-05-29 13:14:09,670 Epoch 45 	 Loss 0.20347609493758653
2021-05-29 13:14:34,233 Epoch 46 	 Loss 0.2031221255496308
2021-05-29 13:14:58,821 Epoch 47 	 Loss 0.19389275158499622
2021-05-29 13:15:23,376 Epoch 48 	 Loss 0.196486723783252
2021-05-29 13:15:47,984 Epoch 49 	 Loss 0.19839054755457156
2021-05-29 13:16:12,684 Epoch 50 	 Loss 0.19355034697186815
2021-05-29 13:16:37,263 Epoch 51 	 Loss 0.1936796913435171
2021-05-29 13:17:01,912 Epoch 52 	 Loss 0.19301380274387506
2021-05-29 13:17:26,638 Epoch 53 	 Loss 0.194467788705459
2021-05-29 13:17:51,177 Epoch 54 	 Loss 0.19324796098274188
2021-05-29 13:18:15,714 Epoch 55 	 Loss 0.18774696103819125
2021-05-29 13:18:40,414 Epoch 56 	 Loss 0.19146470856535566
2021-05-29 13:19:05,054 Epoch 57 	 Loss 0.1914232428912278
2021-05-29 13:19:29,524 Epoch 58 	 Loss 0.1877440169944868
2021-05-29 13:19:54,251 Epoch 59 	 Loss 0.18252861074038915
2021-05-29 13:20:18,845 Epoch 60 	 Loss 0.1830190027153099
2021-05-29 13:20:43,429 Epoch 61 	 Loss 0.18180902646138117
2021-05-29 13:21:08,038 Epoch 62 	 Loss 0.1824186622768968
2021-05-29 13:21:32,569 Epoch 63 	 Loss 0.1823721686889837
2021-05-29 13:21:57,081 Epoch 64 	 Loss 0.18240645757088295
2021-05-29 13:22:21,598 Epoch 65 	 Loss 0.17619441269518255
2021-05-29 13:22:46,181 Epoch 66 	 Loss 0.1738003053507962
2021-05-29 13:23:10,819 Epoch 67 	 Loss 0.17820862164864174
2021-05-29 13:23:35,405 Epoch 68 	 Loss 0.17449691384048252
2021-05-29 13:24:00,077 Epoch 69 	 Loss 0.17514684255961532
2021-05-29 13:24:24,762 Epoch 70 	 Loss 0.17971752190982904
2021-05-29 13:24:49,418 Epoch 71 	 Loss 0.17073946044995233
2021-05-29 13:25:14,043 Epoch 72 	 Loss 0.17385515849013905
2021-05-29 13:25:38,633 Epoch 73 	 Loss 0.1732030225979103
2021-05-29 13:26:03,254 Epoch 74 	 Loss 0.17050520813727116
2021-05-29 13:26:27,846 Epoch 75 	 Loss 0.17177752356280337
2021-05-29 13:26:52,453 Epoch 76 	 Loss 0.1679251804784104
2021-05-29 13:27:17,060 Epoch 77 	 Loss 0.16798649892047213
2021-05-29 13:27:41,624 Epoch 78 	 Loss 0.16770151011891418
2021-05-29 13:28:06,193 Epoch 79 	 Loss 0.16990031252850543
2021-05-29 13:28:30,815 Epoch 80 	 Loss 0.1661004852298852
2021-05-29 13:28:55,345 Epoch 81 	 Loss 0.16414589819672343
2021-05-29 13:29:19,975 Epoch 82 	 Loss 0.1707856447159589
2021-05-29 13:29:44,542 Epoch 83 	 Loss 0.17077499890065456
2021-05-29 13:30:09,165 Epoch 84 	 Loss 0.1682474270954237
2021-05-29 13:30:33,712 Epoch 85 	 Loss 0.16719958186149597
2021-05-29 13:30:58,421 Epoch 86 	 Loss 0.16631954597247825
2021-05-29 13:31:23,037 Epoch 87 	 Loss 0.1648342986028273
2021-05-29 13:31:47,689 Epoch 88 	 Loss 0.1675151051073284
2021-05-29 13:32:12,249 Epoch 89 	 Loss 0.16474097394026244
2021-05-29 13:32:36,813 Epoch 90 	 Loss 0.16184192904076733
2021-05-29 13:33:01,393 Epoch 91 	 Loss 0.16248050463068617
2021-05-29 13:33:25,928 Epoch 92 	 Loss 0.16363645533283988
2021-05-29 13:33:50,542 Epoch 93 	 Loss 0.16398135007737757
2021-05-29 13:34:15,103 Epoch 94 	 Loss 0.16141671106055544
2021-05-29 13:34:39,627 Epoch 95 	 Loss 0.1645286724298865
2021-05-29 13:35:04,179 Epoch 96 	 Loss 0.16643947543023707
2021-05-29 13:35:28,873 Epoch 97 	 Loss 0.16356652696709056
2021-05-29 13:35:53,557 Epoch 98 	 Loss 0.16558709888012854
2021-05-29 13:36:18,222 Epoch 99 	 Loss 0.16110463702416683
2021-05-29 13:36:37,454 RESULT FOR DATASET CVC-300

2021-05-29 13:36:37,455 ==============================
2021-05-29 13:36:37,455 

2021-05-29 13:36:37,455 recall: 0.9538972278436025

2021-05-29 13:36:37,455 specificity: 0.9930493364731471

2021-05-29 13:36:37,455 precision: 0.8431971992055575

2021-05-29 13:36:37,455 F1: 0.8752380679051082

2021-05-29 13:36:37,455 F2: 0.9073163002729416

2021-05-29 13:36:37,455 ACC_overall: 0.9913786888122559

2021-05-29 13:36:37,455 IoU_poly: 0.8071507931997378

2021-05-29 13:36:37,455 IoU_bg: 0.9910733222961425

2021-05-29 13:36:37,455 IoU_mean: 0.8991120596726735

2021-05-29 13:36:37,455 ==============================
2021-05-29 13:36:37,455 

2021-05-29 13:36:53,405 RESULT FOR DATASET CVC-ClinicDB

2021-05-29 13:36:53,405 ==============================
2021-05-29 13:36:53,405 

2021-05-29 13:36:53,405 recall: 0.9231136293157995

2021-05-29 13:36:53,405 specificity: 0.9951454247197797

2021-05-29 13:36:53,405 precision: 0.9346324974490751

2021-05-29 13:36:53,405 F1: 0.9111544423522578

2021-05-29 13:36:53,405 F2: 0.9178747611604782

2021-05-29 13:36:53,406 ACC_overall: 0.9912252320397285

2021-05-29 13:36:53,406 IoU_poly: 0.8641688118035334

2021-05-29 13:36:53,406 IoU_bg: 0.9893896896992961

2021-05-29 13:36:53,406 IoU_mean: 0.9267792509448144

2021-05-29 13:36:53,406 ==============================
2021-05-29 13:36:53,406 

2021-05-29 13:37:23,284 RESULT FOR DATASET Kvasir

2021-05-29 13:37:23,284 ==============================
2021-05-29 13:37:23,284 

2021-05-29 13:37:23,285 recall: 0.9044513769820333

2021-05-29 13:37:23,285 specificity: 0.9876057094335556

2021-05-29 13:37:23,285 precision: 0.9246915167570114

2021-05-29 13:37:23,285 F1: 0.901052704975009

2021-05-29 13:37:23,285 F2: 0.9000077743828296

2021-05-29 13:37:23,285 ACC_overall: 0.9709605062007904

2021-05-29 13:37:23,285 IoU_poly: 0.8474555857479572

2021-05-29 13:37:23,285 IoU_bg: 0.9634153360128402

2021-05-29 13:37:23,285 IoU_mean: 0.9054354631900787

2021-05-29 13:37:23,285 ==============================
2021-05-29 13:37:23,285 

2021-05-29 13:39:18,889 RESULT FOR DATASET CVC-ColonDB

2021-05-29 13:39:18,889 ==============================
2021-05-29 13:39:18,889 

2021-05-29 13:39:18,889 recall: 0.7295439681711251

2021-05-29 13:39:18,889 specificity: 0.9948072367592862

2021-05-29 13:39:18,889 precision: 0.8772425775765441

2021-05-29 13:39:18,889 F1: 0.708680641715979

2021-05-29 13:39:18,889 F2: 0.715406047025493

2021-05-29 13:39:18,889 ACC_overall: 0.9629718845612124

2021-05-29 13:39:18,889 IoU_poly: 0.6475538821772393

2021-05-29 13:39:18,890 IoU_bg: 0.961792003637866

2021-05-29 13:39:18,890 IoU_mean: 0.8046729440751829

2021-05-29 13:39:18,890 ==============================
2021-05-29 13:39:18,890 

2021-05-29 13:40:42,956 RESULT FOR DATASET ETIS-LaribPolypDB

2021-05-29 13:40:42,956 ==============================
2021-05-29 13:40:42,956 

2021-05-29 13:40:42,957 recall: 0.7683033314509681

2021-05-29 13:40:42,957 specificity: 0.9902228579229239

2021-05-29 13:40:42,957 precision: 0.8134570772745899

2021-05-29 13:40:42,957 F1: 0.7121687234339472

2021-05-29 13:40:42,957 F2: 0.7376356020134673

2021-05-29 13:40:42,957 ACC_overall: 0.9866445256131036

2021-05-29 13:40:42,957 IoU_poly: 0.6405834890220385

2021-05-29 13:40:42,957 IoU_bg: 0.9858660688813852

2021-05-29 13:40:42,957 IoU_mean: 0.8132247786436763

2021-05-29 13:40:42,957 ==============================
2021-05-29 13:40:42,957 

