2021-05-29 20:03:07,070 RESULT FOR DATASET CVC-300

2021-05-29 20:03:07,070 ==============================
2021-05-29 20:03:07,070 

2021-05-29 20:03:07,070 recall: 0.9480827460686366

2021-05-29 20:03:07,070 specificity: 0.9922506918509801

2021-05-29 20:03:07,070 precision: 0.8399106968194247

2021-05-29 20:03:07,070 F1: 0.8702606206138929

2021-05-29 20:03:07,070 F2: 0.9004159614443779

2021-05-29 20:03:07,070 ACC_overall: 0.9906860023736954

2021-05-29 20:03:07,070 IoU_poly: 0.8012960810214281

2021-05-29 20:03:07,070 IoU_bg: 0.9904025872548421

2021-05-29 20:03:07,071 IoU_mean: 0.8958493351936341

2021-05-29 20:03:07,071 ==============================
2021-05-29 20:03:07,071 

2021-05-29 20:03:22,498 RESULT FOR DATASET CVC-ClinicDB

2021-05-29 20:03:22,498 ==============================
2021-05-29 20:03:22,498 

2021-05-29 20:03:22,498 recall: 0.9315795710971279

2021-05-29 20:03:22,498 specificity: 0.9956180424459519

2021-05-29 20:03:22,498 precision: 0.913100303766588

2021-05-29 20:03:22,498 F1: 0.9182579616261195

2021-05-29 20:03:22,498 F2: 0.9245937265297999

2021-05-29 20:03:22,498 ACC_overall: 0.9909646068849871

2021-05-29 20:03:22,498 IoU_poly: 0.8694003006403951

2021-05-29 20:03:22,498 IoU_bg: 0.9891162706959632

2021-05-29 20:03:22,498 IoU_mean: 0.9292582831075115

2021-05-29 20:03:22,498 ==============================
2021-05-29 20:03:22,498 

2021-05-29 20:03:52,060 RESULT FOR DATASET Kvasir

2021-05-29 20:03:52,060 ==============================
2021-05-29 20:03:52,060 

2021-05-29 20:03:52,060 recall: 0.9010133519768715

2021-05-29 20:03:52,061 specificity: 0.9905202239751816

2021-05-29 20:03:52,061 precision: 0.9309626016020774

2021-05-29 20:03:52,061 F1: 0.9013816338777542

2021-05-29 20:03:52,061 F2: 0.8978195345401764

2021-05-29 20:03:52,061 ACC_overall: 0.9709227842092514

2021-05-29 20:03:52,061 IoU_poly: 0.8449967139959336

2021-05-29 20:03:52,061 IoU_bg: 0.9637969699501991

2021-05-29 20:03:52,061 IoU_mean: 0.9043968388438225

2021-05-29 20:03:52,061 ==============================
2021-05-29 20:03:52,061 

2021-05-29 20:05:43,986 RESULT FOR DATASET CVC-ColonDB

2021-05-29 20:05:43,986 ==============================
2021-05-29 20:05:43,986 

2021-05-29 20:05:43,986 recall: 0.7358698760247248

2021-05-29 20:05:43,986 specificity: 0.9904272880993391

2021-05-29 20:05:43,986 precision: 0.8416683465615374

2021-05-29 20:05:43,986 F1: 0.7084175063537665

2021-05-29 20:05:43,986 F2: 0.7141627521847042

2021-05-29 20:05:43,986 ACC_overall: 0.9577756285667419

2021-05-29 20:05:43,986 IoU_poly: 0.640477958783475

2021-05-29 20:05:43,986 IoU_bg: 0.9561007109911819

2021-05-29 20:05:43,987 IoU_mean: 0.7982893356367161

2021-05-29 20:05:43,987 ==============================
2021-05-29 20:05:43,987 

2021-05-29 20:07:05,179 RESULT FOR DATASET ETIS-LaribPolypDB

2021-05-29 20:07:05,179 ==============================
2021-05-29 20:07:05,179 

2021-05-29 20:07:05,179 recall: 0.7737973050634444

2021-05-29 20:07:05,179 specificity: 0.9902601007904325

2021-05-29 20:07:05,179 precision: 0.8308965409064234

2021-05-29 20:07:05,179 F1: 0.7063392901092106

2021-05-29 20:07:05,179 F2: 0.7374508565967332

2021-05-29 20:07:05,179 ACC_overall: 0.9864252145801272

2021-05-29 20:07:05,179 IoU_poly: 0.6371643193912525

2021-05-29 20:07:05,179 IoU_bg: 0.9857057740493697

2021-05-29 20:07:05,179 IoU_mean: 0.8114350460925881

2021-05-29 20:07:05,179 ==============================
2021-05-29 20:07:05,179 

