2021-05-29 00:19:55,257 RESULT FOR DATASET CVC-300

2021-05-29 00:19:55,257 ==============================
2021-05-29 00:19:55,257 

2021-05-29 00:19:55,257 recall: 0.955063670873642

2021-05-29 00:19:55,257 specificity: 0.9944361060857773

2021-05-29 00:19:55,257 precision: 0.8604869810243447

2021-05-29 00:19:55,257 F1: 0.8954694285988808

2021-05-29 00:19:55,257 F2: 0.9259258558352789

2021-05-29 00:19:55,257 ACC_overall: 0.9930436124404272

2021-05-29 00:19:55,257 IoU_poly: 0.8261933376391729

2021-05-29 00:19:55,257 IoU_bg: 0.9927501459916432

2021-05-29 00:19:55,257 IoU_mean: 0.9094717423121135

2021-05-29 00:19:55,258 ==============================
2021-05-29 00:19:55,258 

2021-05-29 00:20:11,520 RESULT FOR DATASET CVC-ClinicDB

2021-05-29 00:20:11,521 ==============================
2021-05-29 00:20:11,521 

2021-05-29 00:20:11,521 recall: 0.9278650231877221

2021-05-29 00:20:11,521 specificity: 0.9949811302846477

2021-05-29 00:20:11,521 precision: 0.912770620637363

2021-05-29 00:20:11,521 F1: 0.9055793609548991

2021-05-29 00:20:11,521 F2: 0.9144075309816417

2021-05-29 00:20:11,521 ACC_overall: 0.9911406405510441

2021-05-29 00:20:11,521 IoU_poly: 0.8600536660298765

2021-05-29 00:20:11,521 IoU_bg: 0.9894734169206312

2021-05-29 00:20:11,521 IoU_mean: 0.924763542509848

2021-05-29 00:20:11,521 ==============================
2021-05-29 00:20:11,521 

2021-05-29 00:20:42,268 RESULT FOR DATASET Kvasir

2021-05-29 00:20:42,268 ==============================
2021-05-29 00:20:42,268 

2021-05-29 00:20:42,268 recall: 0.8936799373753456

2021-05-29 00:20:42,268 specificity: 0.9920352721214294

2021-05-29 00:20:42,268 precision: 0.9440574577163352

2021-05-29 00:20:42,268 F1: 0.9070038272384773

2021-05-29 00:20:42,268 F2: 0.897394209918275

2021-05-29 00:20:42,268 ACC_overall: 0.9727327132225037

2021-05-29 00:20:42,268 IoU_poly: 0.8549615065024408

2021-05-29 00:20:42,268 IoU_bg: 0.9658021020889282

2021-05-29 00:20:42,268 IoU_mean: 0.910381801724434

2021-05-29 00:20:42,268 ==============================
2021-05-29 00:20:42,269 

2021-05-29 00:22:39,347 RESULT FOR DATASET CVC-ColonDB

2021-05-29 00:22:39,347 ==============================
2021-05-29 00:22:39,347 

2021-05-29 00:22:39,347 recall: 0.7578271843559665

2021-05-29 00:22:39,348 specificity: 0.9922696121429142

2021-05-29 00:22:39,348 precision: 0.8809090086465834

2021-05-29 00:22:39,348 F1: 0.7296016818151225

2021-05-29 00:22:39,348 F2: 0.7377864789386972

2021-05-29 00:22:39,348 ACC_overall: 0.9622152133207572

2021-05-29 00:22:39,348 IoU_poly: 0.6639299421367493

2021-05-29 00:22:39,348 IoU_bg: 0.9606545978470853

2021-05-29 00:22:39,348 IoU_mean: 0.812292271029008

2021-05-29 00:22:39,348 ==============================
2021-05-29 00:22:39,348 

2021-05-29 00:24:03,015 RESULT FOR DATASET ETIS-LaribPolypDB

2021-05-29 00:24:03,015 ==============================
2021-05-29 00:24:03,015 

2021-05-29 00:24:03,015 recall: 0.7717212779987871

2021-05-29 00:24:03,015 specificity: 0.9894054960839602

2021-05-29 00:24:03,015 precision: 0.8134865097593144

2021-05-29 00:24:03,015 F1: 0.7087648439144789

2021-05-29 00:24:03,015 F2: 0.738692979961867

2021-05-29 00:24:03,015 ACC_overall: 0.9848415723868779

2021-05-29 00:24:03,016 IoU_poly: 0.6403459508213097

2021-05-29 00:24:03,016 IoU_bg: 0.9841712594640498

2021-05-29 00:24:03,016 IoU_mean: 0.8122586045338183

2021-05-29 00:24:03,016 ==============================
2021-05-29 00:24:03,016 

