2021-05-28 13:00:42,265 Epoch 0 	 Loss 0.6909747428291446
2021-05-28 13:04:01,575 Epoch 1 	 Loss 0.43938699397411973
2021-05-28 13:07:20,940 Epoch 2 	 Loss 0.3939957651463184
2021-05-28 13:10:47,629 Epoch 3 	 Loss 0.36345877408326327
2021-05-28 13:14:13,740 Epoch 4 	 Loss 0.3529441541695333
2021-05-28 13:17:39,047 Epoch 5 	 Loss 0.3374399645970418
2021-05-28 13:21:04,460 Epoch 6 	 Loss 0.318927641917061
2021-05-28 13:24:28,697 Epoch 7 	 Loss 0.30446074215265423
2021-05-28 13:27:52,683 Epoch 8 	 Loss 0.3023328538779374
2021-05-28 13:31:14,049 Epoch 9 	 Loss 0.2875794090412475
2021-05-28 13:34:34,031 Epoch 10 	 Loss 0.2854484632447526
2021-05-28 13:38:00,426 Epoch 11 	 Loss 0.2875046379618592
2021-05-28 13:41:24,142 Epoch 12 	 Loss 0.2809773156276116
2021-05-28 13:44:46,037 Epoch 13 	 Loss 0.2800709714928826
2021-05-28 13:48:07,590 Epoch 14 	 Loss 0.2697988606088764
2021-05-28 13:51:31,017 Epoch 15 	 Loss 0.25540154926724484
2021-05-28 13:54:54,977 Epoch 16 	 Loss 0.2723139647271607
2021-05-28 13:58:19,274 Epoch 17 	 Loss 0.26101525651884605
2021-05-28 14:01:43,532 Epoch 18 	 Loss 0.25794342667846887
2021-05-28 14:05:13,082 Epoch 19 	 Loss 0.24543437378092126
2021-05-28 14:08:54,638 Epoch 20 	 Loss 0.23814434353466873
2021-05-28 14:12:38,660 Epoch 21 	 Loss 0.2414214239343182
2021-05-28 14:16:23,172 Epoch 22 	 Loss 0.23067609818427118
2021-05-28 14:20:02,602 Epoch 23 	 Loss 0.22734066745737097
2021-05-28 14:23:29,095 Epoch 24 	 Loss 0.2337951722380879
2021-05-28 14:26:55,858 Epoch 25 	 Loss 0.23363012484796755
2021-05-28 14:30:20,830 Epoch 26 	 Loss 0.22335361288144037
2021-05-28 14:33:41,868 Epoch 27 	 Loss 0.22400990406890492
2021-05-28 14:37:06,763 Epoch 28 	 Loss 0.23455741755909973
2021-05-28 14:40:28,427 Epoch 29 	 Loss 0.22224170378931277
2021-05-28 14:43:52,787 Epoch 30 	 Loss 0.21603182760568765
2021-05-28 14:47:17,444 Epoch 31 	 Loss 0.21668484332142296
2021-05-28 14:50:41,710 Epoch 32 	 Loss 0.21566514261476286
2021-05-28 14:54:04,566 Epoch 33 	 Loss 0.21851422695013192
2021-05-28 14:57:32,527 Epoch 34 	 Loss 0.21699258455863366
2021-05-28 15:00:56,951 Epoch 35 	 Loss 0.2039525038920916
2021-05-28 15:04:31,171 Epoch 36 	 Loss 0.20357749799450675
2021-05-28 15:08:04,761 Epoch 37 	 Loss 0.1991380423634917
2021-05-28 15:11:36,838 Epoch 38 	 Loss 0.19778745351256904
2021-05-28 15:15:02,628 Epoch 39 	 Loss 0.19858223592842017
2021-05-28 15:18:28,810 Epoch 40 	 Loss 0.19626770111230704
2021-05-28 15:21:50,070 Epoch 41 	 Loss 0.19444339697832588
2021-05-28 15:25:11,174 Epoch 42 	 Loss 0.19059139293628735
2021-05-28 15:28:30,849 Epoch 43 	 Loss 0.19095126138283655
2021-05-28 15:31:50,242 Epoch 44 	 Loss 0.1867632996904981
2021-05-28 15:35:14,110 Epoch 45 	 Loss 0.18552872440317175
2021-05-28 15:38:36,883 Epoch 46 	 Loss 0.18368279933929443
2021-05-28 15:41:58,389 Epoch 47 	 Loss 0.17839327667440688
2021-05-28 15:45:19,041 Epoch 48 	 Loss 0.18085651656428536
2021-05-28 15:48:39,229 Epoch 49 	 Loss 0.17824715850772438
2021-05-28 15:51:59,623 Epoch 50 	 Loss 0.18221316576659025
2021-05-28 15:55:20,204 Epoch 51 	 Loss 0.17664179320518786
2021-05-28 15:58:56,386 Epoch 52 	 Loss 0.17842529190110637
2021-05-28 16:02:39,716 Epoch 53 	 Loss 0.17651712018382418
2021-05-28 16:06:22,550 Epoch 54 	 Loss 0.17003719459523212
2021-05-28 16:10:03,410 Epoch 55 	 Loss 0.16883799237209363
2021-05-28 16:13:46,659 Epoch 56 	 Loss 0.17102666100957892
2021-05-28 16:17:32,083 Epoch 57 	 Loss 0.17003079626586412
2021-05-28 16:20:58,723 Epoch 58 	 Loss 0.16731756303336595
2021-05-28 16:24:23,506 Epoch 59 	 Loss 0.16729575510208422
2021-05-28 16:27:49,200 Epoch 60 	 Loss 0.16261662248071734
2021-05-28 16:31:14,125 Epoch 61 	 Loss 0.1651847922539973
2021-05-28 16:34:39,882 Epoch 62 	 Loss 0.1676774752009046
2021-05-28 16:38:05,068 Epoch 63 	 Loss 0.15937417491779224
2021-05-28 16:41:30,062 Epoch 64 	 Loss 0.15869067232687395
2021-05-28 16:44:54,104 Epoch 65 	 Loss 0.16175619209860706
2021-05-28 16:48:16,518 Epoch 66 	 Loss 0.15604252376399197
2021-05-28 16:51:35,773 Epoch 67 	 Loss 0.15795932480922112
2021-05-28 16:54:55,146 Epoch 68 	 Loss 0.15728014085319017
2021-05-28 16:58:14,845 Epoch 69 	 Loss 0.15265463292598724
2021-05-28 17:01:38,821 Epoch 70 	 Loss 0.15435382420872593
2021-05-28 17:05:01,148 Epoch 71 	 Loss 0.15695430453007037
2021-05-28 17:08:26,965 Epoch 72 	 Loss 0.1525537370816692
2021-05-28 17:11:50,805 Epoch 73 	 Loss 0.15130648295302968
2021-05-28 17:15:11,741 Epoch 74 	 Loss 0.1506456332383575
2021-05-28 17:18:35,296 Epoch 75 	 Loss 0.1521132311650685
2021-05-28 17:22:00,812 Epoch 76 	 Loss 0.15152154486257952
2021-05-28 17:25:25,440 Epoch 77 	 Loss 0.14880704126515232
2021-05-28 17:28:50,774 Epoch 78 	 Loss 0.14900382788299205
2021-05-28 17:32:18,708 Epoch 79 	 Loss 0.14786711122308457
2021-05-28 17:35:37,321 Epoch 80 	 Loss 0.14703378457944472
2021-05-28 17:38:56,375 Epoch 81 	 Loss 0.14756482864146706
2021-05-28 17:42:15,021 Epoch 82 	 Loss 0.14785781977595863
2021-05-28 17:45:33,582 Epoch 83 	 Loss 0.1452885499367347
2021-05-28 17:48:52,473 Epoch 84 	 Loss 0.14650221791241194
2021-05-28 17:52:11,573 Epoch 85 	 Loss 0.14660382107063963
2021-05-28 17:55:30,221 Epoch 86 	 Loss 0.1450295076592938
2021-05-28 17:58:48,834 Epoch 87 	 Loss 0.1438028656028129
2021-05-28 18:02:07,406 Epoch 88 	 Loss 0.14601572995984946
2021-05-28 18:05:26,227 Epoch 89 	 Loss 0.14556987608199592
2021-05-28 18:08:44,999 Epoch 90 	 Loss 0.14404901886706825
2021-05-28 18:12:03,699 Epoch 91 	 Loss 0.14596977960932386
2021-05-28 18:15:22,668 Epoch 92 	 Loss 0.14451247674750758
2021-05-28 18:18:41,519 Epoch 93 	 Loss 0.1447171132479395
2021-05-28 18:22:00,414 Epoch 94 	 Loss 0.14247287236727202
2021-05-28 18:25:19,252 Epoch 95 	 Loss 0.14592449440733418
2021-05-28 18:28:38,048 Epoch 96 	 Loss 0.14448080727687249
2021-05-28 18:31:56,502 Epoch 97 	 Loss 0.14272418650952015
2021-05-28 18:35:15,282 Epoch 98 	 Loss 0.14344055295645536
2021-05-28 18:38:33,957 Epoch 99 	 Loss 0.14653826242947315
2021-05-28 18:39:00,554 RESULT FOR DATASET CVC-300

2021-05-28 18:39:00,554 ==============================
2021-05-28 18:39:00,554 

2021-05-28 18:39:00,554 recall: 0.955063670873642

2021-05-28 18:39:00,554 specificity: 0.9944361060857773

2021-05-28 18:39:00,554 precision: 0.8604869810243447

2021-05-28 18:39:00,554 F1: 0.8954694285988808

2021-05-28 18:39:00,554 F2: 0.9259258558352789

2021-05-28 18:39:00,554 ACC_overall: 0.9930436124404272

2021-05-28 18:39:00,554 IoU_poly: 0.8261933376391729

2021-05-28 18:39:00,554 IoU_bg: 0.9927501459916432

2021-05-28 18:39:00,554 IoU_mean: 0.9094717423121135

2021-05-28 18:39:00,554 ==============================
2021-05-28 18:39:00,554 

2021-05-28 18:39:18,413 RESULT FOR DATASET CVC-ClinicDB

2021-05-28 18:39:18,413 ==============================
2021-05-28 18:39:18,413 

2021-05-28 18:39:18,413 recall: 0.9278650231877221

2021-05-28 18:39:18,413 specificity: 0.9949811302846477

2021-05-28 18:39:18,413 precision: 0.912770620637363

2021-05-28 18:39:18,413 F1: 0.9055793609548991

2021-05-28 18:39:18,414 F2: 0.9144075309816417

2021-05-28 18:39:18,414 ACC_overall: 0.9911406405510441

2021-05-28 18:39:18,414 IoU_poly: 0.8600536660298765

2021-05-28 18:39:18,414 IoU_bg: 0.9894734169206312

2021-05-28 18:39:18,414 IoU_mean: 0.924763542509848

2021-05-28 18:39:18,414 ==============================
2021-05-28 18:39:18,414 

2021-05-28 18:39:52,515 RESULT FOR DATASET Kvasir

2021-05-28 18:39:52,515 ==============================
2021-05-28 18:39:52,516 

2021-05-28 18:39:52,516 recall: 0.8936799373753456

2021-05-28 18:39:52,516 specificity: 0.9920350915193558

2021-05-28 18:39:52,516 precision: 0.9440569582294119

2021-05-28 18:39:52,516 F1: 0.9070035763029227

2021-05-28 18:39:52,516 F2: 0.8973941091864254

2021-05-28 18:39:52,516 ACC_overall: 0.9727325797080993

2021-05-28 18:39:52,516 IoU_poly: 0.8549610201285396

2021-05-28 18:39:52,516 IoU_bg: 0.965801922082901

2021-05-28 18:39:52,516 IoU_mean: 0.9103814691305161

2021-05-28 18:39:52,516 ==============================
2021-05-28 18:39:52,516 

2021-05-28 18:42:01,006 RESULT FOR DATASET CVC-ColonDB

2021-05-28 18:42:01,016 ==============================
2021-05-28 18:42:01,016 

2021-05-28 18:42:01,017 recall: 0.7578271843559665

2021-05-28 18:42:01,017 specificity: 0.9922696121429142

2021-05-28 18:42:01,017 precision: 0.8809090086465834

2021-05-28 18:42:01,017 F1: 0.7296016818151225

2021-05-28 18:42:01,017 F2: 0.7377864789386972

2021-05-28 18:42:01,017 ACC_overall: 0.9622152133207572

2021-05-28 18:42:01,017 IoU_poly: 0.6639299421367493

2021-05-28 18:42:01,017 IoU_bg: 0.9606545978470853

2021-05-28 18:42:01,017 IoU_mean: 0.812292271029008

2021-05-28 18:42:01,017 ==============================
2021-05-28 18:42:01,017 

2021-05-28 18:43:30,838 RESULT FOR DATASET ETIS-LaribPolypDB

2021-05-28 18:43:30,839 ==============================
2021-05-28 18:43:30,839 

2021-05-28 18:43:30,839 recall: 0.7717212779987871

2021-05-28 18:43:30,839 specificity: 0.9894054960839602

2021-05-28 18:43:30,839 precision: 0.8134865097593144

2021-05-28 18:43:30,839 F1: 0.7087648439144789

2021-05-28 18:43:30,839 F2: 0.738692979961867

2021-05-28 18:43:30,839 ACC_overall: 0.9848415723868779

2021-05-28 18:43:30,839 IoU_poly: 0.6403459508213097

2021-05-28 18:43:30,839 IoU_bg: 0.9841712594640498

2021-05-28 18:43:30,839 IoU_mean: 0.8122586045338183

2021-05-28 18:43:30,839 ==============================
2021-05-28 18:43:30,839 

