2021-04-27 15:37:34,387 RESULT FOR DATASET CVC-300

2021-04-27 15:37:34,387 ==============================
2021-04-27 15:37:34,387 

2021-04-27 15:37:34,387 recall: 0.9536468356847763

2021-04-27 15:37:34,387 specificity: 0.9919304430484772

2021-04-27 15:37:34,387 precision: 0.8162859526773294

2021-04-27 15:37:34,387 F1: 0.8622715622186661

2021-04-27 15:37:34,388 F2: 0.9062080244223277

2021-04-27 15:37:34,388 ACC_overall: 0.990649010737737

2021-04-27 15:37:34,388 IoU_poly: 0.7827471164365609

2021-04-27 15:37:34,388 IoU_bg: 0.9903149018685024

2021-04-27 15:37:34,388 IoU_mean: 0.886531001329422

2021-04-27 15:37:34,388 ==============================
2021-04-27 15:37:34,388 

2021-04-27 15:37:49,871 RESULT FOR DATASET CVC-ClinicDB

2021-04-27 15:37:49,871 ==============================
2021-04-27 15:37:49,871 

2021-04-27 15:37:49,871 recall: 0.923869545191748

2021-04-27 15:37:49,871 specificity: 0.9954593960315951

2021-04-27 15:37:49,871 precision: 0.9293415214746229

2021-04-27 15:37:49,871 F1: 0.9063123755547549

2021-04-27 15:37:49,871 F2: 0.9155461119920684

2021-04-27 15:37:49,871 ACC_overall: 0.9925893006786224

2021-04-27 15:37:49,871 IoU_poly: 0.8590464902128235

2021-04-27 15:37:49,871 IoU_bg: 0.9911745267529641

2021-04-27 15:37:49,872 IoU_mean: 0.9251105083573249

2021-04-27 15:37:49,872 ==============================
2021-04-27 15:37:49,872 

2021-04-27 15:38:19,296 RESULT FOR DATASET Kvasir

2021-04-27 15:38:19,297 ==============================
2021-04-27 15:38:19,297 

2021-04-27 15:38:19,297 recall: 0.8994696763636238

2021-04-27 15:38:19,297 specificity: 0.9921664369106292

2021-04-27 15:38:19,297 precision: 0.9427204470336438

2021-04-27 15:38:19,297 F1: 0.9013256646885202

2021-04-27 15:38:19,297 F2: 0.8976993480848887

2021-04-27 15:38:19,297 ACC_overall: 0.9742467838525772

2021-04-27 15:38:19,297 IoU_poly: 0.8513110305847295

2021-04-27 15:38:19,297 IoU_bg: 0.9672297114133834

2021-04-27 15:38:19,297 IoU_mean: 0.9092703691124916

2021-04-27 15:38:19,297 ==============================
2021-04-27 15:38:19,297 

2021-04-27 15:40:15,414 RESULT FOR DATASET CVC-ColonDB

2021-04-27 15:40:15,415 ==============================
2021-04-27 15:40:15,415 

2021-04-27 15:40:15,415 recall: 0.7332201530834422

2021-04-27 15:40:15,415 specificity: 0.992363008699919

2021-04-27 15:40:15,415 precision: 0.8858152309053702

2021-04-27 15:40:15,415 F1: 0.7036822239900677

2021-04-27 15:40:15,415 F2: 0.7107289361524097

2021-04-27 15:40:15,415 ACC_overall: 0.9592168253503348

2021-04-27 15:40:15,415 IoU_poly: 0.639914754667089

2021-04-27 15:40:15,415 IoU_bg: 0.9578441480272695

2021-04-27 15:40:15,415 IoU_mean: 0.7988794501674803

2021-04-27 15:40:15,415 ==============================
2021-04-27 15:40:15,415 

2021-04-27 15:41:36,657 RESULT FOR DATASET ETIS-LaribPolypDB

2021-04-27 15:41:36,657 ==============================
2021-04-27 15:41:36,657 

2021-04-27 15:41:36,658 recall: 0.7642406042400116

2021-04-27 15:41:36,658 specificity: 0.9918086446669637

2021-04-27 15:41:36,658 precision: 0.8323807146937734

2021-04-27 15:41:36,658 F1: 0.7151942104262384

2021-04-27 15:41:36,658 F2: 0.7397790118149937

2021-04-27 15:41:36,658 ACC_overall: 0.9883130283988252

2021-04-27 15:41:36,658 IoU_poly: 0.6482107988783856

2021-04-27 15:41:36,658 IoU_bg: 0.987644379844471

2021-04-27 15:41:36,658 IoU_mean: 0.8179275886136659

2021-04-27 15:41:36,658 ==============================
2021-04-27 15:41:36,658 

