2021-05-06 14:44:12,300 RESULT FOR DATASET CVC-300

2021-05-06 14:44:12,300 ==============================
2021-05-06 14:44:12,300 

2021-05-06 14:44:12,300 recall: 0.9578678558270136

2021-05-06 14:44:12,300 specificity: 0.9923687636852264

2021-05-06 14:44:12,300 precision: 0.8392233407745758

2021-05-06 14:44:12,300 F1: 0.8764756448566914

2021-05-06 14:44:12,300 F2: 0.911871122320493

2021-05-06 14:44:12,300 ACC_overall: 0.991240472594897

2021-05-06 14:44:12,300 IoU_poly: 0.8065027660379808

2021-05-06 14:44:12,300 IoU_bg: 0.9909363826115926

2021-05-06 14:44:12,300 IoU_mean: 0.8987195750077566

2021-05-06 14:44:12,300 ==============================
2021-05-06 14:44:12,300 

2021-05-06 14:44:27,863 RESULT FOR DATASET CVC-ClinicDB

2021-05-06 14:44:27,863 ==============================
2021-05-06 14:44:27,864 

2021-05-06 14:44:27,864 recall: 0.9359346200381556

2021-05-06 14:44:27,864 specificity: 0.9954069487510189

2021-05-06 14:44:27,864 precision: 0.93107006915154

2021-05-06 14:44:27,864 F1: 0.9225148897535438

2021-05-06 14:44:27,864 F2: 0.9297562182595532

2021-05-06 14:44:27,864 ACC_overall: 0.9919338831978459

2021-05-06 14:44:27,864 IoU_poly: 0.8732371315840752

2021-05-06 14:44:27,864 IoU_bg: 0.9902528697444547

2021-05-06 14:44:27,864 IoU_mean: 0.9317449994625584

2021-05-06 14:44:27,864 ==============================
2021-05-06 14:44:27,864 

2021-05-06 14:44:57,326 RESULT FOR DATASET Kvasir

2021-05-06 14:44:57,326 ==============================
2021-05-06 14:44:57,326 

2021-05-06 14:44:57,326 recall: 0.8965223708748817

2021-05-06 14:44:57,327 specificity: 0.9901340854167938

2021-05-06 14:44:57,327 precision: 0.9333765031397343

2021-05-06 14:44:57,327 F1: 0.902558623701334

2021-05-06 14:44:57,327 F2: 0.8962257951498032

2021-05-06 14:44:57,327 ACC_overall: 0.9717817407846451

2021-05-06 14:44:57,327 IoU_poly: 0.8440184922516346

2021-05-06 14:44:57,327 IoU_bg: 0.9640393161773682

2021-05-06 14:44:57,327 IoU_mean: 0.9040289026498795

2021-05-06 14:44:57,327 ==============================
2021-05-06 14:44:57,327 

2021-05-06 14:46:53,833 RESULT FOR DATASET CVC-ColonDB

2021-05-06 14:46:53,833 ==============================
2021-05-06 14:46:53,833 

2021-05-06 14:46:53,833 recall: 0.7575771661329818

2021-05-06 14:46:53,833 specificity: 0.9929273550447665

2021-05-06 14:46:53,833 precision: 0.853823803019278

2021-05-06 14:46:53,833 F1: 0.7293790880600275

2021-05-06 14:46:53,833 F2: 0.738365587180934

2021-05-06 14:46:53,833 ACC_overall: 0.961929890434993

2021-05-06 14:46:53,833 IoU_poly: 0.6538453808238369

2021-05-06 14:46:53,833 IoU_bg: 0.9599385584655561

2021-05-06 14:46:53,833 IoU_mean: 0.8068919727676793

2021-05-06 14:46:53,833 ==============================
2021-05-06 14:46:53,833 

2021-05-06 14:48:14,702 RESULT FOR DATASET ETIS-LaribPolypDB

2021-05-06 14:48:14,702 ==============================
2021-05-06 14:48:14,702 

2021-05-06 14:48:14,702 recall: 0.79706593957775

2021-05-06 14:48:14,702 specificity: 0.989233885188492

2021-05-06 14:48:14,702 precision: 0.77944418691947

2021-05-06 14:48:14,702 F1: 0.7278806705296528

2021-05-06 14:48:14,702 F2: 0.7610973459566371

2021-05-06 14:48:14,702 ACC_overall: 0.9856966673111429

2021-05-06 14:48:14,702 IoU_poly: 0.6556847667889505

2021-05-06 14:48:14,702 IoU_bg: 0.9848452499326394

2021-05-06 14:48:14,702 IoU_mean: 0.8202650084787485

2021-05-06 14:48:14,702 ==============================
2021-05-06 14:48:14,703 

