2021-04-25 03:33:02,610 RESULT FOR DATASET CVC-300

2021-04-25 03:33:02,610 ==============================
2021-04-25 03:33:02,610 

2021-04-25 03:33:02,611 recall: 0.9058741057834898

2021-04-25 03:33:02,611 specificity: 0.9946378211180369

2021-04-25 03:33:02,611 precision: 0.8645300830403964

2021-04-25 03:33:02,611 F1: 0.8635426797826464

2021-04-25 03:33:02,611 F2: 0.8852333732453795

2021-04-25 03:33:02,611 ACC_overall: 0.9925693978865942

2021-04-25 03:33:02,611 IoU_poly: 0.7962996114122992

2021-04-25 03:33:02,611 IoU_bg: 0.9922967046499253

2021-04-25 03:33:02,611 IoU_mean: 0.8942981620629629

2021-04-25 03:33:02,611 ==============================
2021-04-25 03:33:02,611 

2021-04-25 03:33:17,884 RESULT FOR DATASET CVC-ClinicDB

2021-04-25 03:33:17,884 ==============================
2021-04-25 03:33:17,884 

2021-04-25 03:33:17,884 recall: 0.8867938368235745

2021-04-25 03:33:17,884 specificity: 0.9968363950329442

2021-04-25 03:33:17,884 precision: 0.9418479425291861

2021-04-25 03:33:17,884 F1: 0.8889306953642517

2021-04-25 03:33:17,884 F2: 0.8866964597930952

2021-04-25 03:33:17,884 ACC_overall: 0.9869291445901317

2021-04-25 03:33:17,884 IoU_poly: 0.842394850059082

2021-04-25 03:33:17,884 IoU_bg: 0.9857908862252389

2021-04-25 03:33:17,884 IoU_mean: 0.9140928661630999

2021-04-25 03:33:17,885 ==============================
2021-04-25 03:33:17,885 

2021-04-25 03:33:47,161 RESULT FOR DATASET Kvasir

2021-04-25 03:33:47,161 ==============================
2021-04-25 03:33:47,162 

2021-04-25 03:33:47,162 recall: 0.8760794638813241

2021-04-25 03:33:47,162 specificity: 0.9888546448946

2021-04-25 03:33:47,162 precision: 0.9253269367059693

2021-04-25 03:33:47,162 F1: 0.8788489609901444

2021-04-25 03:33:47,162 F2: 0.8733138438567403

2021-04-25 03:33:47,162 ACC_overall: 0.9676455581188201

2021-04-25 03:33:47,162 IoU_poly: 0.8201163734514557

2021-04-25 03:33:47,162 IoU_bg: 0.9592280489206314

2021-04-25 03:33:47,162 IoU_mean: 0.8896722105145455

2021-04-25 03:33:47,162 ==============================
2021-04-25 03:33:47,162 

2021-04-25 03:35:38,588 RESULT FOR DATASET CVC-ColonDB

2021-04-25 03:35:38,588 ==============================
2021-04-25 03:35:38,588 

2021-04-25 03:35:38,589 recall: 0.7081599906032124

2021-04-25 03:35:38,589 specificity: 0.995374028149404

2021-04-25 03:35:38,589 precision: 0.8835340003699744

2021-04-25 03:35:38,589 F1: 0.7076602889434358

2021-04-25 03:35:38,589 F2: 0.7040816542392936

2021-04-25 03:35:38,589 ACC_overall: 0.9592279794184785

2021-04-25 03:35:38,589 IoU_poly: 0.6340105709185045

2021-04-25 03:35:38,589 IoU_bg: 0.9578519129439405

2021-04-25 03:35:38,589 IoU_mean: 0.7959312434259214

2021-04-25 03:35:38,589 ==============================
2021-04-25 03:35:38,589 

2021-04-25 03:36:59,604 RESULT FOR DATASET ETIS-LaribPolypDB

2021-04-25 03:36:59,604 ==============================
2021-04-25 03:36:59,605 

2021-04-25 03:36:59,605 recall: 0.6523718739409068

2021-04-25 03:36:59,605 specificity: 0.9937961387390993

2021-04-25 03:36:59,605 precision: 0.784286347919468

2021-04-25 03:36:59,605 F1: 0.6289011378372676

2021-04-25 03:36:59,605 F2: 0.6390846768783878

2021-04-25 03:36:59,605 ACC_overall: 0.9852501470215467

2021-04-25 03:36:59,605 IoU_poly: 0.5592708763400581

2021-04-25 03:36:59,605 IoU_bg: 0.9842745090017513

2021-04-25 03:36:59,605 IoU_mean: 0.7717726917899385

2021-04-25 03:36:59,605 ==============================
2021-04-25 03:36:59,605 

