2021-04-25 03:28:15,856 RESULT FOR DATASET CVC-300

2021-04-25 03:28:15,856 ==============================
2021-04-25 03:28:15,856 

2021-04-25 03:28:15,857 recall: 0.9528321772813797

2021-04-25 03:28:15,857 specificity: 0.9930964698394139

2021-04-25 03:28:15,857 precision: 0.8570600047707557

2021-04-25 03:28:15,857 F1: 0.8916416322191556

2021-04-25 03:28:15,857 F2: 0.9227153360843658

2021-04-25 03:28:15,857 ACC_overall: 0.9918284555276234

2021-04-25 03:28:15,857 IoU_poly: 0.8205110654234886

2021-04-25 03:28:15,857 IoU_bg: 0.9914825598398844

2021-04-25 03:28:15,857 IoU_mean: 0.9059968123833338

2021-04-25 03:28:15,857 ==============================
2021-04-25 03:28:15,857 

2021-04-25 03:28:33,233 RESULT FOR DATASET CVC-ClinicDB

2021-04-25 03:28:33,233 ==============================
2021-04-25 03:28:33,233 

2021-04-25 03:28:33,233 recall: 0.8752027990281461

2021-04-25 03:28:33,234 specificity: 0.9966060144286002

2021-04-25 03:28:33,234 precision: 0.925499290498274

2021-04-25 03:28:33,234 F1: 0.87539619848042

2021-04-25 03:28:33,234 F2: 0.8742695781552503

2021-04-25 03:28:33,234 ACC_overall: 0.9863031852629877

2021-04-25 03:28:33,234 IoU_poly: 0.8270470129265901

2021-04-25 03:28:33,234 IoU_bg: 0.9854034598796598

2021-04-25 03:28:33,234 IoU_mean: 0.906225236673509

2021-04-25 03:28:33,234 ==============================
2021-04-25 03:28:33,234 

2021-04-25 03:29:05,885 RESULT FOR DATASET Kvasir

2021-04-25 03:29:05,885 ==============================
2021-04-25 03:29:05,885 

2021-04-25 03:29:05,885 recall: 0.8922975465655327

2021-04-25 03:29:05,885 specificity: 0.9874210995435715

2021-04-25 03:29:05,885 precision: 0.9238144305348396

2021-04-25 03:29:05,885 F1: 0.8947817960381508

2021-04-25 03:29:05,885 F2: 0.8897691865265369

2021-04-25 03:29:05,885 ACC_overall: 0.9685849893093109

2021-04-25 03:29:05,886 IoU_poly: 0.8327092353999614

2021-04-25 03:29:05,886 IoU_bg: 0.9599168860912323

2021-04-25 03:29:05,886 IoU_mean: 0.8963130569458008

2021-04-25 03:29:05,886 ==============================
2021-04-25 03:29:05,886 

2021-04-25 03:31:10,240 RESULT FOR DATASET CVC-ColonDB

2021-04-25 03:31:10,240 ==============================
2021-04-25 03:31:10,240 

2021-04-25 03:31:10,240 recall: 0.6940152624401902

2021-04-25 03:31:10,241 specificity: 0.9956022215516944

2021-04-25 03:31:10,241 precision: 0.8979760249243363

2021-04-25 03:31:10,241 F1: 0.6993128665503479

2021-04-25 03:31:10,241 F2: 0.6931324758746218

2021-04-25 03:31:10,241 ACC_overall: 0.9631958918351876

2021-04-25 03:31:10,241 IoU_poly: 0.62662612837277

2021-04-25 03:31:10,241 IoU_bg: 0.9614930305826036

2021-04-25 03:31:10,241 IoU_mean: 0.7940595812311299

2021-04-25 03:31:10,241 ==============================
2021-04-25 03:31:10,241 

2021-04-25 03:32:37,709 RESULT FOR DATASET ETIS-LaribPolypDB

2021-04-25 03:32:37,709 ==============================
2021-04-25 03:32:37,709 

2021-04-25 03:32:37,710 recall: 0.6391207446454199

2021-04-25 03:32:37,710 specificity: 0.9915001495760314

2021-04-25 03:32:37,710 precision: 0.7702839261657657

2021-04-25 03:32:37,710 F1: 0.6075676766082622

2021-04-25 03:32:37,710 F2: 0.6222950903781835

2021-04-25 03:32:37,710 ACC_overall: 0.9825333189599368

2021-04-25 03:32:37,710 IoU_poly: 0.540859215766594

2021-04-25 03:32:37,710 IoU_bg: 0.9815926822472592

2021-04-25 03:32:37,710 IoU_mean: 0.761225948376315

2021-04-25 03:32:37,710 ==============================
2021-04-25 03:32:37,710 

