2021-05-19 09:55:21,884 RESULT FOR DATASET CVC-300

2021-05-19 09:55:21,884 ==============================
2021-05-19 09:55:21,884 

2021-05-19 09:55:21,884 recall: 0.9518257021903992

2021-05-19 09:55:21,885 specificity: 0.9926413963238399

2021-05-19 09:55:21,885 precision: 0.8460827277352413

2021-05-19 09:55:21,885 F1: 0.8751759248475234

2021-05-19 09:55:21,885 F2: 0.904486545920372

2021-05-19 09:55:21,885 ACC_overall: 0.9912855426470438

2021-05-19 09:55:21,885 IoU_poly: 0.8123071293036143

2021-05-19 09:55:21,885 IoU_bg: 0.9910382479429245

2021-05-19 09:55:21,885 IoU_mean: 0.9016726930936177

2021-05-19 09:55:21,885 ==============================
2021-05-19 09:55:21,885 

2021-05-19 09:55:37,405 RESULT FOR DATASET CVC-ClinicDB

2021-05-19 09:55:37,405 ==============================
2021-05-19 09:55:37,405 

2021-05-19 09:55:37,406 recall: 0.9408990664805676

2021-05-19 09:55:37,406 specificity: 0.9935442190016469

2021-05-19 09:55:37,406 precision: 0.8952942637486323

2021-05-19 09:55:37,406 F1: 0.9068658584296974

2021-05-19 09:55:37,406 F2: 0.918030186131927

2021-05-19 09:55:37,406 ACC_overall: 0.9911321872665037

2021-05-19 09:55:37,406 IoU_poly: 0.8640520899761243

2021-05-19 09:55:37,406 IoU_bg: 0.9896864496892498

2021-05-19 09:55:37,406 IoU_mean: 0.9268692765505083

2021-05-19 09:55:37,406 ==============================
2021-05-19 09:55:37,406 

2021-05-19 09:56:07,325 RESULT FOR DATASET Kvasir

2021-05-19 09:56:07,325 ==============================
2021-05-19 09:56:07,325 

2021-05-19 09:56:07,325 recall: 0.9030606088042259

2021-05-19 09:56:07,325 specificity: 0.9896883034706115

2021-05-19 09:56:07,325 precision: 0.9339804945886135

2021-05-19 09:56:07,325 F1: 0.9022806404531002

2021-05-19 09:56:07,325 F2: 0.8970744776725769

2021-05-19 09:56:07,325 ACC_overall: 0.9719982850551605

2021-05-19 09:56:07,325 IoU_poly: 0.8489116744697094

2021-05-19 09:56:07,325 IoU_bg: 0.9650563949346542

2021-05-19 09:56:07,325 IoU_mean: 0.9069840347766877

2021-05-19 09:56:07,325 ==============================
2021-05-19 09:56:07,325 

2021-05-19 09:58:00,494 RESULT FOR DATASET CVC-ColonDB

2021-05-19 09:58:00,495 ==============================
2021-05-19 09:58:00,495 

2021-05-19 09:58:00,495 recall: 0.7965469680412645

2021-05-19 09:58:00,495 specificity: 0.9878257872242676

2021-05-19 09:58:00,495 precision: 0.8314918112348095

2021-05-19 09:58:00,495 F1: 0.751376294325143

2021-05-19 09:58:00,495 F2: 0.763294145849337

2021-05-19 09:58:00,495 ACC_overall: 0.960936916266617

2021-05-19 09:58:00,495 IoU_poly: 0.6779961844319646

2021-05-19 09:58:00,495 IoU_bg: 0.9584428464111528

2021-05-19 09:58:00,495 IoU_mean: 0.8182195164655385

2021-05-19 09:58:00,495 ==============================
2021-05-19 09:58:00,495 

2021-05-19 09:59:22,026 RESULT FOR DATASET ETIS-LaribPolypDB

2021-05-19 09:59:22,026 ==============================
2021-05-19 09:59:22,026 

2021-05-19 09:59:22,026 recall: 0.8462600137846698

2021-05-19 09:59:22,026 specificity: 0.9900728515824493

2021-05-19 09:59:22,026 precision: 0.7717993766715868

2021-05-19 09:59:22,026 F1: 0.7673723610756237

2021-05-19 09:59:22,026 F2: 0.8062220419508647

2021-05-19 09:59:22,026 ACC_overall: 0.9880474170251768

2021-05-19 09:59:22,026 IoU_poly: 0.6887983910573198

2021-05-19 09:59:22,026 IoU_bg: 0.9874001598479797

2021-05-19 09:59:22,026 IoU_mean: 0.8380992762288269

2021-05-19 09:59:22,026 ==============================
2021-05-19 09:59:22,026 

