2021-05-19 09:51:00,150 RESULT FOR DATASET CVC-300

2021-05-19 09:51:00,150 ==============================
2021-05-19 09:51:00,150 

2021-05-19 09:51:00,150 recall: 0.9586888968944549

2021-05-19 09:51:00,150 specificity: 0.9915737440188725

2021-05-19 09:51:00,150 precision: 0.8350843788435062

2021-05-19 09:51:00,150 F1: 0.8709517863889535

2021-05-19 09:51:00,150 F2: 0.907014116148154

2021-05-19 09:51:00,150 ACC_overall: 0.9905045280853907

2021-05-19 09:51:00,150 IoU_poly: 0.8050606151421865

2021-05-19 09:51:00,151 IoU_bg: 0.9901924093564352

2021-05-19 09:51:00,151 IoU_mean: 0.8976265132427216

2021-05-19 09:51:00,151 ==============================
2021-05-19 09:51:00,151 

2021-05-19 09:51:15,766 RESULT FOR DATASET CVC-ClinicDB

2021-05-19 09:51:15,766 ==============================
2021-05-19 09:51:15,766 

2021-05-19 09:51:15,766 recall: 0.9380355439817293

2021-05-19 09:51:15,766 specificity: 0.9945332513701531

2021-05-19 09:51:15,766 precision: 0.9018933266521462

2021-05-19 09:51:15,766 F1: 0.9065742511959416

2021-05-19 09:51:15,766 F2: 0.9158113598917431

2021-05-19 09:51:15,766 ACC_overall: 0.9902580034348273

2021-05-19 09:51:15,766 IoU_poly: 0.8609746121125476

2021-05-19 09:51:15,766 IoU_bg: 0.988360196352005

2021-05-19 09:51:15,766 IoU_mean: 0.9246674016598733

2021-05-19 09:51:15,766 ==============================
2021-05-19 09:51:15,766 

2021-05-19 09:51:45,546 RESULT FOR DATASET Kvasir

2021-05-19 09:51:45,546 ==============================
2021-05-19 09:51:45,547 

2021-05-19 09:51:45,547 recall: 0.907118508219719

2021-05-19 09:51:45,547 specificity: 0.9896359461545944

2021-05-19 09:51:45,547 precision: 0.9349420590698719

2021-05-19 09:51:45,547 F1: 0.9074520972371102

2021-05-19 09:51:45,547 F2: 0.9044232016801834

2021-05-19 09:51:45,547 ACC_overall: 0.9731954330205917

2021-05-19 09:51:45,547 IoU_poly: 0.853640698492527

2021-05-19 09:51:45,547 IoU_bg: 0.9658856776356697

2021-05-19 09:51:45,547 IoU_mean: 0.909763188958168

2021-05-19 09:51:45,547 ==============================
2021-05-19 09:51:45,547 

2021-05-19 09:53:38,781 RESULT FOR DATASET CVC-ColonDB

2021-05-19 09:53:38,781 ==============================
2021-05-19 09:53:38,781 

2021-05-19 09:53:38,781 recall: 0.7743632332150714

2021-05-19 09:53:38,782 specificity: 0.9891479608259703

2021-05-19 09:53:38,782 precision: 0.811130440077422

2021-05-19 09:53:38,782 F1: 0.7404324717328277

2021-05-19 09:53:38,782 F2: 0.7471592280279382

2021-05-19 09:53:38,782 ACC_overall: 0.9610330956546884

2021-05-19 09:53:38,782 IoU_poly: 0.6689023389825467

2021-05-19 09:53:38,782 IoU_bg: 0.9589634463975304

2021-05-19 09:53:38,782 IoU_mean: 0.8139328929938768

2021-05-19 09:53:38,782 ==============================
2021-05-19 09:53:38,782 

2021-05-19 09:55:00,292 RESULT FOR DATASET ETIS-LaribPolypDB

2021-05-19 09:55:00,292 ==============================
2021-05-19 09:55:00,293 

2021-05-19 09:55:00,293 recall: 0.8016317513563489

2021-05-19 09:55:00,293 specificity: 0.9881132400157501

2021-05-19 09:55:00,293 precision: 0.7848597310818911

2021-05-19 09:55:00,293 F1: 0.7146163489217227

2021-05-19 09:55:00,293 F2: 0.7512741365780946

2021-05-19 09:55:00,293 ACC_overall: 0.9850657074427118

2021-05-19 09:55:00,293 IoU_poly: 0.6421026943425371

2021-05-19 09:55:00,293 IoU_bg: 0.9842795568461321

2021-05-19 09:55:00,293 IoU_mean: 0.813191123458804

2021-05-19 09:55:00,293 ==============================
2021-05-19 09:55:00,293 

