2021-05-19 09:46:33,985 RESULT FOR DATASET CVC-300

2021-05-19 09:46:33,985 ==============================
2021-05-19 09:46:33,985 

2021-05-19 09:46:33,985 recall: 0.9567567855119705

2021-05-19 09:46:33,985 specificity: 0.9936845968166987

2021-05-19 09:46:33,985 precision: 0.8506172629694144

2021-05-19 09:46:33,985 F1: 0.8825892314314843

2021-05-19 09:46:33,985 F2: 0.9134466722607613

2021-05-19 09:46:33,985 ACC_overall: 0.9924360036849975

2021-05-19 09:46:33,985 IoU_poly: 0.818136099477609

2021-05-19 09:46:33,985 IoU_bg: 0.9921939392884572

2021-05-19 09:46:33,985 IoU_mean: 0.9051650236050288

2021-05-19 09:46:33,985 ==============================
2021-05-19 09:46:33,985 

2021-05-19 09:46:49,631 RESULT FOR DATASET CVC-ClinicDB

2021-05-19 09:46:49,631 ==============================
2021-05-19 09:46:49,632 

2021-05-19 09:46:49,632 recall: 0.9359289004895536

2021-05-19 09:46:49,632 specificity: 0.9941794843442978

2021-05-19 09:46:49,632 precision: 0.8959660835323795

2021-05-19 09:46:49,632 F1: 0.9012057397142804

2021-05-19 09:46:49,632 F2: 0.9095661522343664

2021-05-19 09:46:49,632 ACC_overall: 0.990029614779257

2021-05-19 09:46:49,632 IoU_poly: 0.8551881777821109

2021-05-19 09:46:49,632 IoU_bg: 0.9882971336764674

2021-05-19 09:46:49,632 IoU_mean: 0.9217426550965155

2021-05-19 09:46:49,632 ==============================
2021-05-19 09:46:49,632 

2021-05-19 09:47:19,339 RESULT FOR DATASET Kvasir

2021-05-19 09:47:19,339 ==============================
2021-05-19 09:47:19,339 

2021-05-19 09:47:19,339 recall: 0.9047847765684128

2021-05-19 09:47:19,339 specificity: 0.9911888664960862

2021-05-19 09:47:19,340 precision: 0.9420207247138024

2021-05-19 09:47:19,340 F1: 0.9112568259239197

2021-05-19 09:47:19,340 F2: 0.9052523848414421

2021-05-19 09:47:19,340 ACC_overall: 0.9722705596685409

2021-05-19 09:47:19,340 IoU_poly: 0.8558916372060775

2021-05-19 09:47:19,340 IoU_bg: 0.9649109148979187

2021-05-19 09:47:19,340 IoU_mean: 0.9104012709856033

2021-05-19 09:47:19,340 ==============================
2021-05-19 09:47:19,340 

2021-05-19 09:49:12,171 RESULT FOR DATASET CVC-ColonDB

2021-05-19 09:49:12,171 ==============================
2021-05-19 09:49:12,171 

2021-05-19 09:49:12,171 recall: 0.7997033883669964

2021-05-19 09:49:12,171 specificity: 0.990028380249676

2021-05-19 09:49:12,171 precision: 0.8209743763514301

2021-05-19 09:49:12,171 F1: 0.7558333354172551

2021-05-19 09:49:12,171 F2: 0.7674914890516639

2021-05-19 09:49:12,171 ACC_overall: 0.9623369221624575

2021-05-19 09:49:12,171 IoU_poly: 0.6814860000054954

2021-05-19 09:49:12,171 IoU_bg: 0.9595897145177189

2021-05-19 09:49:12,172 IoU_mean: 0.8205378577113152

2021-05-19 09:49:12,172 ==============================
2021-05-19 09:49:12,172 

2021-05-19 09:50:33,663 RESULT FOR DATASET ETIS-LaribPolypDB

2021-05-19 09:50:33,663 ==============================
2021-05-19 09:50:33,663 

2021-05-19 09:50:33,663 recall: 0.8463844079832764

2021-05-19 09:50:33,663 specificity: 0.9882558867031214

2021-05-19 09:50:33,663 precision: 0.7559812678881088

2021-05-19 09:50:33,663 F1: 0.7523436135195471

2021-05-19 09:50:33,663 F2: 0.7947002501432507

2021-05-19 09:50:33,663 ACC_overall: 0.9859011690227353

2021-05-19 09:50:33,663 IoU_poly: 0.67255656320284

2021-05-19 09:50:33,663 IoU_bg: 0.9851610897755136

2021-05-19 09:50:33,663 IoU_mean: 0.8288588286662588

2021-05-19 09:50:33,663 ==============================
2021-05-19 09:50:33,663 

