2021-04-24 17:32:19,593 Epoch 0 	 Loss 0.7780456821342091
2021-04-24 17:32:37,266 Epoch 1 	 Loss 0.5158058041399651
2021-04-24 17:32:55,285 Epoch 2 	 Loss 0.4479678201151418
2021-04-24 17:33:13,292 Epoch 3 	 Loss 0.4220609209694705
2021-04-24 17:33:30,930 Epoch 4 	 Loss 0.39862631801720505
2021-04-24 17:33:48,583 Epoch 5 	 Loss 0.3685838105259361
2021-04-24 17:34:06,083 Epoch 6 	 Loss 0.35892955991593034
2021-04-24 17:34:23,674 Epoch 7 	 Loss 0.358635948909508
2021-04-24 17:34:41,365 Epoch 8 	 Loss 0.3405355447596246
2021-04-24 17:34:59,421 Epoch 9 	 Loss 0.3358406599733856
2021-04-24 17:35:17,266 Epoch 10 	 Loss 0.3279508270405151
2021-04-24 17:35:55,315 Epoch 0 	 Loss 0.7780456821342091
2021-04-24 17:36:12,747 Epoch 1 	 Loss 0.5158058041399651
2021-04-24 17:36:30,130 Epoch 2 	 Loss 0.4479678201151418
2021-04-24 17:36:47,547 Epoch 3 	 Loss 0.4220609209694705
2021-04-24 17:37:04,912 Epoch 4 	 Loss 0.39862631801720505
2021-04-24 17:37:22,286 Epoch 5 	 Loss 0.3685838105259361
2021-04-24 17:37:39,656 Epoch 6 	 Loss 0.35892955991593034
2021-04-24 17:37:57,062 Epoch 7 	 Loss 0.358635948909508
2021-04-24 17:38:14,446 Epoch 8 	 Loss 0.3405355447596246
2021-04-24 17:38:31,837 Epoch 9 	 Loss 0.3358406599733856
2021-04-24 17:38:49,214 Epoch 10 	 Loss 0.3279508270405151
2021-04-24 17:39:06,600 Epoch 11 	 Loss 0.3333324385540826
2021-04-24 17:39:23,978 Epoch 12 	 Loss 0.31631034023159155
2021-04-24 17:39:41,345 Epoch 13 	 Loss 0.3078717843189344
2021-04-24 17:39:58,757 Epoch 14 	 Loss 0.30492971133399793
2021-04-24 17:40:16,153 Epoch 15 	 Loss 0.31153613263434105
2021-04-24 17:40:33,533 Epoch 16 	 Loss 0.29284873048027793
2021-04-24 17:40:50,964 Epoch 17 	 Loss 0.2948016922225009
2021-04-24 17:41:08,308 Epoch 18 	 Loss 0.28214025251812985
2021-04-24 17:41:25,687 Epoch 19 	 Loss 0.2832194997386618
2021-04-24 17:41:43,108 Epoch 20 	 Loss 0.27077535744551773
2021-04-24 17:42:00,509 Epoch 21 	 Loss 0.27575386340146535
2021-04-24 17:42:17,876 Epoch 22 	 Loss 0.2738003262451717
2021-04-24 17:42:35,252 Epoch 23 	 Loss 0.26862149497309884
2021-04-24 17:42:52,624 Epoch 24 	 Loss 0.2664710813826257
2021-04-24 17:43:10,005 Epoch 25 	 Loss 0.267934908414935
2021-04-24 17:43:27,411 Epoch 26 	 Loss 0.26205845471921857
2021-04-24 17:43:44,823 Epoch 27 	 Loss 0.25547782274392933
2021-04-24 17:44:02,204 Epoch 28 	 Loss 0.25613142320742976
2021-04-24 17:44:19,601 Epoch 29 	 Loss 0.25232508336449716
2021-04-24 17:44:36,999 Epoch 30 	 Loss 0.2448748109432367
2021-04-24 17:44:54,387 Epoch 31 	 Loss 0.2466619910447152
2021-04-24 17:45:11,761 Epoch 32 	 Loss 0.24476535487305986
2021-04-24 17:45:29,184 Epoch 33 	 Loss 0.23857074501095238
2021-04-24 17:45:46,554 Epoch 34 	 Loss 0.24438243220140646
2021-04-24 17:46:03,922 Epoch 35 	 Loss 0.23147360636637762
2021-04-24 17:46:21,337 Epoch 36 	 Loss 0.23323687518035974
2021-04-24 17:46:38,769 Epoch 37 	 Loss 0.23062288319016552
2021-04-24 17:46:56,153 Epoch 38 	 Loss 0.23126891124379503
2021-04-24 17:47:13,553 Epoch 39 	 Loss 0.23164561554625795
2021-04-24 17:47:30,937 Epoch 40 	 Loss 0.22721270005126576
2021-04-24 17:47:48,305 Epoch 41 	 Loss 0.22250853266034806
2021-04-24 17:48:05,699 Epoch 42 	 Loss 0.22752032912039494
2021-04-24 17:48:23,068 Epoch 43 	 Loss 0.2231809595128992
2021-04-24 17:48:40,400 Epoch 44 	 Loss 0.21584753724899922
2021-04-24 17:48:57,806 Epoch 45 	 Loss 0.2203335062815593
2021-04-24 17:49:15,161 Epoch 46 	 Loss 0.21733723957460005
2021-04-24 17:49:32,571 Epoch 47 	 Loss 0.20895135419054345
2021-04-24 17:49:49,994 Epoch 48 	 Loss 0.21183656270687395
2021-04-24 17:50:07,382 Epoch 49 	 Loss 0.21508910351402158
2021-04-24 17:50:24,731 Epoch 50 	 Loss 0.20427342954572741
2021-04-24 17:50:42,082 Epoch 51 	 Loss 0.2097559698990413
2021-04-24 17:50:59,464 Epoch 52 	 Loss 0.20315583557872982
2021-04-24 17:51:16,831 Epoch 53 	 Loss 0.2025399707503371
2021-04-24 17:51:34,232 Epoch 54 	 Loss 0.20516985032584642
2021-04-24 17:51:51,643 Epoch 55 	 Loss 0.20396421112857022
2021-04-24 17:52:09,003 Epoch 56 	 Loss 0.19699590710493234
2021-04-24 17:52:26,370 Epoch 57 	 Loss 0.19773549414598024
2021-04-24 17:52:43,762 Epoch 58 	 Loss 0.1941918650498757
2021-04-24 17:53:01,185 Epoch 59 	 Loss 0.19889703687730725
2021-04-24 17:53:18,604 Epoch 60 	 Loss 0.20057061134458898
2021-04-24 17:53:35,996 Epoch 61 	 Loss 0.2001595669067823
2021-04-24 17:53:53,394 Epoch 62 	 Loss 0.19611434392876678
2021-04-24 17:54:10,791 Epoch 63 	 Loss 0.19430238466996413
2021-04-24 17:54:28,154 Epoch 64 	 Loss 0.18682945429623782
2021-04-24 17:54:45,516 Epoch 65 	 Loss 0.18824378048980628
2021-04-24 17:55:02,866 Epoch 66 	 Loss 0.18932035090504112
2021-04-24 17:55:20,267 Epoch 67 	 Loss 0.18602461310533377
2021-04-24 17:55:37,673 Epoch 68 	 Loss 0.18931841146159958
2021-04-24 17:55:55,031 Epoch 69 	 Loss 0.1891134703879828
2021-04-24 17:56:12,429 Epoch 70 	 Loss 0.18819924599521762
2021-04-24 17:56:29,807 Epoch 71 	 Loss 0.18990310175078257
2021-04-24 17:56:47,196 Epoch 72 	 Loss 0.18649830038730913
2021-04-24 17:57:04,613 Epoch 73 	 Loss 0.1836817382456182
2021-04-24 17:57:22,011 Epoch 74 	 Loss 0.17800754619823708
2021-04-24 17:57:39,420 Epoch 75 	 Loss 0.18250166731221334
2021-04-24 17:57:56,820 Epoch 76 	 Loss 0.18387697555206634
2021-04-24 17:58:14,198 Epoch 77 	 Loss 0.18016941092171512
2021-04-24 17:58:31,576 Epoch 78 	 Loss 0.18039725295134953
2021-04-24 17:58:48,959 Epoch 79 	 Loss 0.17929157811206775
2021-04-24 17:59:06,375 Epoch 80 	 Loss 0.18121151020238688
2021-04-24 17:59:23,830 Epoch 81 	 Loss 0.17827612292635572
2021-04-24 17:59:41,216 Epoch 82 	 Loss 0.1791816050862218
2021-04-24 17:59:58,592 Epoch 83 	 Loss 0.18083537476403372
2021-04-24 18:00:15,996 Epoch 84 	 Loss 0.1782025608060124
2021-04-24 18:00:33,357 Epoch 85 	 Loss 0.17620617970005498
2021-04-24 18:00:50,728 Epoch 86 	 Loss 0.18044140181698642
2021-04-24 18:01:08,186 Epoch 87 	 Loss 0.17704943821325406
2021-04-24 18:01:25,567 Epoch 88 	 Loss 0.17739761497948195
2021-04-24 18:01:42,953 Epoch 89 	 Loss 0.17493008764890525
2021-04-24 18:02:00,345 Epoch 90 	 Loss 0.1750135565852071
2021-04-24 18:02:17,756 Epoch 91 	 Loss 0.1766732341640598
2021-04-24 18:02:35,110 Epoch 92 	 Loss 0.17708219702427203
2021-04-24 18:02:52,519 Epoch 93 	 Loss 0.1717250820372131
2021-04-24 18:03:09,910 Epoch 94 	 Loss 0.17420171757975778
2021-04-24 18:03:27,343 Epoch 95 	 Loss 0.1738761972922545
2021-04-24 18:03:44,736 Epoch 96 	 Loss 0.17267370027500195
2021-04-24 18:04:02,126 Epoch 97 	 Loss 0.174073467870335
2021-04-24 18:04:19,510 Epoch 98 	 Loss 0.17716159843481505
2021-04-24 18:04:36,931 Epoch 99 	 Loss 0.17547492863057734
2021-04-24 18:04:57,049 RESULT FOR DATASET CVC-300

2021-04-24 18:04:57,049 ==============================
2021-04-24 18:04:57,050 

2021-04-24 18:04:57,050 recall: 0.9616569260756175

2021-04-24 18:04:57,050 specificity: 0.9887959976991018

2021-04-24 18:04:57,050 precision: 0.8001803164059917

2021-04-24 18:04:57,050 F1: 0.8464280653744936

2021-04-24 18:04:57,050 F2: 0.8912080431977908

2021-04-24 18:04:57,050 ACC_overall: 0.9877632449070612

2021-04-24 18:04:57,050 IoU_poly: 0.7741352929423253

2021-04-24 18:04:57,050 IoU_bg: 0.9874481976032257

2021-04-24 18:04:57,050 IoU_mean: 0.8807917406161626

2021-04-24 18:04:57,050 ==============================
2021-04-24 18:04:57,050 

2021-04-24 18:05:13,642 RESULT FOR DATASET CVC-ClinicDB

2021-04-24 18:05:13,642 ==============================
2021-04-24 18:05:13,642 

2021-04-24 18:05:13,642 recall: 0.9415415381231615

2021-04-24 18:05:13,642 specificity: 0.9953746199607849

2021-04-24 18:05:13,642 precision: 0.9234940755751825

2021-04-24 18:05:13,642 F1: 0.9291082913837125

2021-04-24 18:05:13,643 F2: 0.9359593384208218

2021-04-24 18:05:13,643 ACC_overall: 0.9920830755464493

2021-04-24 18:05:13,643 IoU_poly: 0.8789893549776846

2021-04-24 18:05:13,643 IoU_bg: 0.990362145246998

2021-04-24 18:05:13,643 IoU_mean: 0.9346757502325119

2021-04-24 18:05:13,643 ==============================
2021-04-24 18:05:13,643 

2021-04-24 18:05:43,005 RESULT FOR DATASET Kvasir

2021-04-24 18:05:43,005 ==============================
2021-04-24 18:05:43,005 

2021-04-24 18:05:43,006 recall: 0.8827410844713449

2021-04-24 18:05:43,006 specificity: 0.9895983093976974

2021-04-24 18:05:43,006 precision: 0.9307249045372009

2021-04-24 18:05:43,006 F1: 0.894490952976048

2021-04-24 18:05:43,006 F2: 0.8853439497202635

2021-04-24 18:05:43,006 ACC_overall: 0.9725603771209717

2021-04-24 18:05:43,006 IoU_poly: 0.8330313950404524

2021-04-24 18:05:43,006 IoU_bg: 0.9645835417509079

2021-04-24 18:05:43,006 IoU_mean: 0.8988074639439583

2021-04-24 18:05:43,006 ==============================
2021-04-24 18:05:43,006 

2021-04-24 18:07:33,588 RESULT FOR DATASET CVC-ColonDB

2021-04-24 18:07:33,588 ==============================
2021-04-24 18:07:33,589 

2021-04-24 18:07:33,589 recall: 0.783254973277643

2021-04-24 18:07:33,589 specificity: 0.9903728166693135

2021-04-24 18:07:33,589 precision: 0.852931365903676

2021-04-24 18:07:33,589 F1: 0.7402113183833152

2021-04-24 18:07:33,589 F2: 0.7535498635058729

2021-04-24 18:07:33,589 ACC_overall: 0.9635134799700035

2021-04-24 18:07:33,589 IoU_poly: 0.6655040417786722

2021-04-24 18:07:33,589 IoU_bg: 0.9614763750057471

2021-04-24 18:07:33,589 IoU_mean: 0.8134902087481398

2021-04-24 18:07:33,589 ==============================
2021-04-24 18:07:33,589 

2021-04-24 18:08:53,822 RESULT FOR DATASET ETIS-LaribPolypDB

2021-04-24 18:08:53,822 ==============================
2021-04-24 18:08:53,822 

2021-04-24 18:08:53,822 recall: 0.7961347656395334

2021-04-24 18:08:53,823 specificity: 0.9837471344033066

2021-04-24 18:08:53,823 precision: 0.7373162901187906

2021-04-24 18:08:53,823 F1: 0.6875348627268021

2021-04-24 18:08:53,823 F2: 0.7318751549201546

2021-04-24 18:08:53,823 ACC_overall: 0.9800824124594124

2021-04-24 18:08:53,823 IoU_poly: 0.6093212400884734

2021-04-24 18:08:53,823 IoU_bg: 0.979002098952021

2021-04-24 18:08:53,823 IoU_mean: 0.7941616679332695

2021-04-24 18:08:53,823 ==============================
2021-04-24 18:08:53,823 

