2021-04-24 18:09:31,774 Epoch 0 	 Loss 0.7787192496624622
2021-04-24 18:10:07,518 Epoch 1 	 Loss 0.5162517791920966
2021-04-24 18:10:43,365 Epoch 2 	 Loss 0.45468279948601353
2021-04-24 18:11:19,377 Epoch 3 	 Loss 0.4175039849111012
2021-04-24 18:11:55,472 Epoch 4 	 Loss 0.40671384170815184
2021-04-24 18:12:31,398 Epoch 5 	 Loss 0.3773741381508963
2021-04-24 18:13:07,400 Epoch 6 	 Loss 0.3610881291902982
2021-04-24 18:13:43,355 Epoch 7 	 Loss 0.3474986140544598
2021-04-24 18:14:19,367 Epoch 8 	 Loss 0.34053305430071695
2021-04-24 18:14:55,470 Epoch 9 	 Loss 0.3414392554825479
2021-04-24 18:15:31,589 Epoch 10 	 Loss 0.3221308145221773
2021-04-24 18:16:07,573 Epoch 11 	 Loss 0.3165779757303196
2021-04-24 18:16:43,622 Epoch 12 	 Loss 0.31343822721596604
2021-04-24 18:17:19,691 Epoch 13 	 Loss 0.30017847968981815
2021-04-24 18:17:55,697 Epoch 14 	 Loss 0.2912818105011196
2021-04-24 18:18:31,687 Epoch 15 	 Loss 0.29328389891556333
2021-04-24 18:19:07,694 Epoch 16 	 Loss 0.2925810204757439
2021-04-24 18:19:43,775 Epoch 17 	 Loss 0.2943582806613419
2021-04-24 18:20:19,858 Epoch 18 	 Loss 0.2833582618079343
2021-04-24 18:20:55,892 Epoch 19 	 Loss 0.27616183639882685
2021-04-24 18:21:32,050 Epoch 20 	 Loss 0.2696141982144052
2021-04-24 18:22:08,099 Epoch 21 	 Loss 0.2693587109282777
2021-04-24 18:22:44,105 Epoch 22 	 Loss 0.2657115320255468
2021-04-24 18:23:20,188 Epoch 23 	 Loss 0.261713051206463
2021-04-24 18:23:56,273 Epoch 24 	 Loss 0.2699479891376181
2021-04-24 18:24:32,286 Epoch 25 	 Loss 0.26549275808936945
2021-04-24 18:25:08,335 Epoch 26 	 Loss 0.2541343461681198
2021-04-24 18:25:44,380 Epoch 27 	 Loss 0.25357857199160605
2021-04-24 18:26:20,486 Epoch 28 	 Loss 0.25356527049462874
2021-04-24 18:26:56,527 Epoch 29 	 Loss 0.25049256754445504
2021-04-24 18:27:32,552 Epoch 30 	 Loss 0.24225384684709403
2021-04-24 18:28:08,670 Epoch 31 	 Loss 0.24385174568537826
2021-04-24 18:28:44,752 Epoch 32 	 Loss 0.23323849400321206
2021-04-24 18:29:20,868 Epoch 33 	 Loss 0.24275388363953476
2021-04-24 18:29:56,964 Epoch 34 	 Loss 0.2377077580153287
2021-04-24 18:30:33,053 Epoch 35 	 Loss 0.22811674662343748
2021-04-24 18:31:09,117 Epoch 36 	 Loss 0.23209315014409496
2021-04-24 18:31:45,232 Epoch 37 	 Loss 0.23377684904978827
2021-04-24 18:32:21,188 Epoch 38 	 Loss 0.22761803308686057
2021-04-24 18:32:57,298 Epoch 39 	 Loss 0.22592806161104978
2021-04-24 18:33:33,343 Epoch 40 	 Loss 0.22096018755173946
2021-04-24 18:34:09,358 Epoch 41 	 Loss 0.21296502813533114
2021-04-24 18:34:45,458 Epoch 42 	 Loss 0.2094502471960508
2021-04-24 18:35:21,567 Epoch 43 	 Loss 0.21595126996328542
2021-04-24 18:35:57,677 Epoch 44 	 Loss 0.214284279189267
2021-04-24 18:36:33,710 Epoch 45 	 Loss 0.2086797297655881
2021-04-24 18:37:09,787 Epoch 46 	 Loss 0.2143727650681695
2021-04-24 18:37:45,825 Epoch 47 	 Loss 0.21121633707822024
2021-04-24 18:38:21,967 Epoch 48 	 Loss 0.20843566495638627
2021-04-24 18:38:58,072 Epoch 49 	 Loss 0.20977640659599514
2021-04-24 18:39:34,179 Epoch 50 	 Loss 0.1987957523746805
2021-04-24 18:40:10,193 Epoch 51 	 Loss 0.20450781564136128
2021-04-24 18:40:46,274 Epoch 52 	 Loss 0.1996245135317792
2021-04-24 18:41:22,445 Epoch 53 	 Loss 0.20186932925339585
2021-04-24 18:41:58,593 Epoch 54 	 Loss 0.198874376141108
2021-04-24 18:42:34,578 Epoch 55 	 Loss 0.2050216514003146
2021-04-24 18:43:10,597 Epoch 56 	 Loss 0.20337145472620868
2021-04-24 18:43:46,659 Epoch 57 	 Loss 0.1936904060971606
2021-04-24 18:44:22,653 Epoch 58 	 Loss 0.19983726772633228
2021-04-24 18:44:58,771 Epoch 59 	 Loss 0.1920209287942111
2021-04-24 18:45:34,871 Epoch 60 	 Loss 0.18946928751992656
2021-04-24 18:46:10,964 Epoch 61 	 Loss 0.19319705353988395
2021-04-24 18:46:47,020 Epoch 62 	 Loss 0.18292537200581896
2021-04-24 18:47:23,086 Epoch 63 	 Loss 0.1873359251153338
2021-04-24 18:47:59,162 Epoch 64 	 Loss 0.18525299413518592
2021-04-24 18:48:35,218 Epoch 65 	 Loss 0.18459158660946312
2021-04-24 18:49:11,336 Epoch 66 	 Loss 0.1846867308511839
2021-04-24 18:49:47,512 Epoch 67 	 Loss 0.1884725775037493
2021-04-24 18:50:23,693 Epoch 68 	 Loss 0.17998344082753737
2021-04-24 18:50:59,850 Epoch 69 	 Loss 0.1821360375199999
2021-04-24 18:51:35,858 Epoch 70 	 Loss 0.17843033979227255
2021-04-24 18:52:12,703 Epoch 71 	 Loss 0.18013521128303403
2021-04-24 18:52:49,981 Epoch 72 	 Loss 0.18055304852160778
2021-04-24 18:53:26,202 Epoch 73 	 Loss 0.17789365072826763
2021-04-24 18:54:02,321 Epoch 74 	 Loss 0.17756201179472955
2021-04-24 18:54:38,385 Epoch 75 	 Loss 0.17622769763181498
2021-04-24 18:55:14,514 Epoch 76 	 Loss 0.1741037578373165
2021-04-24 18:55:50,650 Epoch 77 	 Loss 0.17622524827391237
2021-04-24 18:56:26,761 Epoch 78 	 Loss 0.17611172435047862
2021-04-24 18:57:02,902 Epoch 79 	 Loss 0.17377649476894966
2021-04-24 18:57:38,994 Epoch 80 	 Loss 0.17630248606859983
2021-04-24 18:58:15,042 Epoch 81 	 Loss 0.1734015907232578
2021-04-24 18:58:51,051 Epoch 82 	 Loss 0.17408244622932686
2021-04-24 18:59:27,117 Epoch 83 	 Loss 0.17479705106426072
2021-04-24 19:00:03,239 Epoch 84 	 Loss 0.16930580335658985
2021-04-24 19:00:39,383 Epoch 85 	 Loss 0.16993946541141677
2021-04-24 19:01:15,521 Epoch 86 	 Loss 0.17004765504664118
2021-04-24 19:01:51,664 Epoch 87 	 Loss 0.1701313350554351
2021-04-24 19:02:27,723 Epoch 88 	 Loss 0.1708232377256666
2021-04-24 19:03:03,887 Epoch 89 	 Loss 0.1718141680562889
2021-04-24 19:03:39,942 Epoch 90 	 Loss 0.16988835442852188
2021-04-24 19:04:16,040 Epoch 91 	 Loss 0.1709410207612174
2021-04-24 19:04:52,158 Epoch 92 	 Loss 0.1718214037981662
2021-04-24 19:05:28,278 Epoch 93 	 Loss 0.17112008244781704
2021-04-24 19:06:04,229 Epoch 94 	 Loss 0.16860206932811947
2021-04-24 19:06:40,366 Epoch 95 	 Loss 0.17322135184492385
2021-04-24 19:07:16,491 Epoch 96 	 Loss 0.1717073476904041
2021-04-24 19:07:52,639 Epoch 97 	 Loss 0.17070308032926623
2021-04-24 19:08:28,700 Epoch 98 	 Loss 0.16704986743874603
2021-04-24 19:09:04,852 Epoch 99 	 Loss 0.17134023007455762
2021-04-24 19:09:23,837 RESULT FOR DATASET CVC-300

2021-04-24 19:09:23,837 ==============================
2021-04-24 19:09:23,837 

2021-04-24 19:09:23,837 recall: 0.9436731285105149

2021-04-24 19:09:23,837 specificity: 0.9943149407704671

2021-04-24 19:09:23,837 precision: 0.8566073526938757

2021-04-24 19:09:23,837 F1: 0.8780720883359512

2021-04-24 19:09:23,838 F2: 0.9104191216950616

2021-04-24 19:09:23,838 ACC_overall: 0.9930705547332763

2021-04-24 19:09:23,838 IoU_poly: 0.809237536912163

2021-04-24 19:09:23,838 IoU_bg: 0.992835279305776

2021-04-24 19:09:23,838 IoU_mean: 0.9010364105304082

2021-04-24 19:09:23,838 ==============================
2021-04-24 19:09:23,838 

2021-04-24 19:09:39,286 RESULT FOR DATASET CVC-ClinicDB

2021-04-24 19:09:39,286 ==============================
2021-04-24 19:09:39,286 

2021-04-24 19:09:39,287 recall: 0.928914959031728

2021-04-24 19:09:39,287 specificity: 0.9954937225387942

2021-04-24 19:09:39,287 precision: 0.9276187333368486

2021-04-24 19:09:39,287 F1: 0.9113891194461875

2021-04-24 19:09:39,287 F2: 0.9204351912748309

2021-04-24 19:09:39,287 ACC_overall: 0.9871858262246654

2021-04-24 19:09:39,287 IoU_poly: 0.8637574496528795

2021-04-24 19:09:39,287 IoU_bg: 0.9860766145490831

2021-04-24 19:09:39,287 IoU_mean: 0.9249170340837971

2021-04-24 19:09:39,287 ==============================
2021-04-24 19:09:39,287 

2021-04-24 19:10:08,541 RESULT FOR DATASET Kvasir

2021-04-24 19:10:08,541 ==============================
2021-04-24 19:10:08,541 

2021-04-24 19:10:08,541 recall: 0.893232029778519

2021-04-24 19:10:08,541 specificity: 0.9900225055217743

2021-04-24 19:10:08,541 precision: 0.930986435698178

2021-04-24 19:10:08,541 F1: 0.9010396684000807

2021-04-24 19:10:08,541 F2: 0.8946334702786407

2021-04-24 19:10:08,541 ACC_overall: 0.9709129279851914

2021-04-24 19:10:08,542 IoU_poly: 0.8436033750017669

2021-04-24 19:10:08,542 IoU_bg: 0.9631152918934822

2021-04-24 19:10:08,542 IoU_mean: 0.9033593341708184

2021-04-24 19:10:08,542 ==============================
2021-04-24 19:10:08,542 

2021-04-24 19:12:00,303 RESULT FOR DATASET CVC-ColonDB

2021-04-24 19:12:00,303 ==============================
2021-04-24 19:12:00,303 

2021-04-24 19:12:00,304 recall: 0.7526377533216934

2021-04-24 19:12:00,304 specificity: 0.9931085754381983

2021-04-24 19:12:00,304 precision: 0.8670393428075936

2021-04-24 19:12:00,304 F1: 0.7285603500908301

2021-04-24 19:12:00,304 F2: 0.7345145932314764

2021-04-24 19:12:00,304 ACC_overall: 0.9601726880983302

2021-04-24 19:12:00,304 IoU_poly: 0.6566559799692628

2021-04-24 19:12:00,304 IoU_bg: 0.958576612174511

2021-04-24 19:12:00,304 IoU_mean: 0.8076162979006767

2021-04-24 19:12:00,304 ==============================
2021-04-24 19:12:00,304 

2021-04-24 19:13:21,195 RESULT FOR DATASET ETIS-LaribPolypDB

2021-04-24 19:13:21,196 ==============================
2021-04-24 19:13:21,196 

2021-04-24 19:13:21,196 recall: 0.7932539499694328

2021-04-24 19:13:21,196 specificity: 0.9888790979677317

2021-04-24 19:13:21,196 precision: 0.769336114891066

2021-04-24 19:13:21,196 F1: 0.7142221848467132

2021-04-24 19:13:21,196 F2: 0.7496582322584373

2021-04-24 19:13:21,196 ACC_overall: 0.9853086939879826

2021-04-24 19:13:21,196 IoU_poly: 0.6345294223748281

2021-04-24 19:13:21,196 IoU_bg: 0.9844867714813778

2021-04-24 19:13:21,196 IoU_mean: 0.8095080939178564

2021-04-24 19:13:21,197 ==============================
2021-04-24 19:13:21,197 

