2021-05-16 16:04:34,651 RESULT FOR DATASET CVC-300

2021-05-16 16:04:34,651 ==============================
2021-05-16 16:04:34,651 

2021-05-16 16:04:34,651 recall: 0.9629920572042465

2021-05-16 16:04:34,651 specificity: 0.9898873825867971

2021-05-16 16:04:34,651 precision: 0.8200192497422297

2021-05-16 16:04:34,651 F1: 0.8636118010928233

2021-05-16 16:04:34,651 F2: 0.9037218347191811

2021-05-16 16:04:34,651 ACC_overall: 0.9889565567175548

2021-05-16 16:04:34,651 IoU_poly: 0.793144801321129

2021-05-16 16:04:34,651 IoU_bg: 0.9885867327451706

2021-05-16 16:04:34,651 IoU_mean: 0.890865762035052

2021-05-16 16:04:34,651 ==============================
2021-05-16 16:04:34,651 

2021-05-16 16:04:50,243 RESULT FOR DATASET CVC-ClinicDB

2021-05-16 16:04:50,243 ==============================
2021-05-16 16:04:50,243 

2021-05-16 16:04:50,243 recall: 0.9516988069780411

2021-05-16 16:04:50,243 specificity: 0.994154010088213

2021-05-16 16:04:50,243 precision: 0.915933319397511

2021-05-16 16:04:50,243 F1: 0.9246654503287808

2021-05-16 16:04:50,243 F2: 0.9339767108040471

2021-05-16 16:04:50,243 ACC_overall: 0.9911827954553789

2021-05-16 16:04:50,243 IoU_poly: 0.8748486964933334

2021-05-16 16:04:50,243 IoU_bg: 0.9895898142168599

2021-05-16 16:04:50,243 IoU_mean: 0.9322192524710009

2021-05-16 16:04:50,243 ==============================
2021-05-16 16:04:50,243 

2021-05-16 16:05:20,322 RESULT FOR DATASET Kvasir

2021-05-16 16:05:20,322 ==============================
2021-05-16 16:05:20,322 

2021-05-16 16:05:20,322 recall: 0.9084843024425209

2021-05-16 16:05:20,322 specificity: 0.9897382485866547

2021-05-16 16:05:20,322 precision: 0.9396437303721905

2021-05-16 16:05:20,322 F1: 0.9141829409822821

2021-05-16 16:05:20,322 F2: 0.908825877867639

2021-05-16 16:05:20,322 ACC_overall: 0.9737479388713837

2021-05-16 16:05:20,322 IoU_poly: 0.8640986197441817

2021-05-16 16:05:20,322 IoU_bg: 0.9659619179368019

2021-05-16 16:05:20,322 IoU_mean: 0.9150302708148956

2021-05-16 16:05:20,322 ==============================
2021-05-16 16:05:20,322 

2021-05-16 16:07:13,371 RESULT FOR DATASET CVC-ColonDB

2021-05-16 16:07:13,371 ==============================
2021-05-16 16:07:13,371 

2021-05-16 16:07:13,371 recall: 0.8237635202449598

2021-05-16 16:07:13,371 specificity: 0.9829936720822987

2021-05-16 16:07:13,371 precision: 0.7965909329501684

2021-05-16 16:07:13,371 F1: 0.7613306551692068

2021-05-16 16:07:13,371 F2: 0.7777585913063807

2021-05-16 16:07:13,371 ACC_overall: 0.9605511935133683

2021-05-16 16:07:13,371 IoU_poly: 0.6828302501947555

2021-05-16 16:07:13,371 IoU_bg: 0.9568494851651944

2021-05-16 16:07:13,371 IoU_mean: 0.819839866145661

2021-05-16 16:07:13,371 ==============================
2021-05-16 16:07:13,371 

2021-05-16 16:08:35,198 RESULT FOR DATASET ETIS-LaribPolypDB

2021-05-16 16:08:35,199 ==============================
2021-05-16 16:08:35,199 

2021-05-16 16:08:35,199 recall: 0.855063619517045

2021-05-16 16:08:35,199 specificity: 0.9843141324057871

2021-05-16 16:08:35,199 precision: 0.6959886364765532

2021-05-16 16:08:35,199 F1: 0.732406880481704

2021-05-16 16:08:35,199 F2: 0.7855976281583267

2021-05-16 16:08:35,199 ACC_overall: 0.9820635470808768

2021-05-16 16:08:35,199 IoU_poly: 0.6467569385730949

2021-05-16 16:08:35,199 IoU_bg: 0.9812676155445527

2021-05-16 16:08:35,199 IoU_mean: 0.8140122770350806

2021-05-16 16:08:35,199 ==============================
2021-05-16 16:08:35,199 

