2021-05-16 16:08:58,780 RESULT FOR DATASET CVC-300

2021-05-16 16:08:58,780 ==============================
2021-05-16 16:08:58,780 

2021-05-16 16:08:58,781 recall: 0.9408780726293723

2021-05-16 16:08:58,781 specificity: 0.9935740907986959

2021-05-16 16:08:58,781 precision: 0.8534520383924246

2021-05-16 16:08:58,781 F1: 0.8742596517006557

2021-05-16 16:08:58,781 F2: 0.897632846236229

2021-05-16 16:08:58,781 ACC_overall: 0.9916241596142451

2021-05-16 16:08:58,781 IoU_poly: 0.812372067819039

2021-05-16 16:08:58,781 IoU_bg: 0.9914089232683182

2021-05-16 16:08:58,781 IoU_mean: 0.9018904998898506

2021-05-16 16:08:58,781 ==============================
2021-05-16 16:08:58,781 

2021-05-16 16:09:14,556 RESULT FOR DATASET CVC-ClinicDB

2021-05-16 16:09:14,556 ==============================
2021-05-16 16:09:14,556 

2021-05-16 16:09:14,556 recall: 0.951632849631771

2021-05-16 16:09:14,556 specificity: 0.9942481162086609

2021-05-16 16:09:14,557 precision: 0.9109046155166242

2021-05-16 16:09:14,557 F1: 0.919256704468881

2021-05-16 16:09:14,557 F2: 0.9296978952423218

2021-05-16 16:09:14,557 ACC_overall: 0.9916146291840461

2021-05-16 16:09:14,557 IoU_poly: 0.8716284126764343

2021-05-16 16:09:14,557 IoU_bg: 0.9901535222607274

2021-05-16 16:09:14,557 IoU_mean: 0.9308909668076423

2021-05-16 16:09:14,557 ==============================
2021-05-16 16:09:14,557 

2021-05-16 16:09:44,798 RESULT FOR DATASET Kvasir

2021-05-16 16:09:44,798 ==============================
2021-05-16 16:09:44,798 

2021-05-16 16:09:44,798 recall: 0.9119185043871403

2021-05-16 16:09:44,798 specificity: 0.9883225899934769

2021-05-16 16:09:44,798 precision: 0.935882354080677

2021-05-16 16:09:44,798 F1: 0.9117291563749313

2021-05-16 16:09:44,799 F2: 0.9089771053194999

2021-05-16 16:09:44,799 ACC_overall: 0.9752430385351181

2021-05-16 16:09:44,799 IoU_poly: 0.8603536503016949

2021-05-16 16:09:44,799 IoU_bg: 0.9685977736115455

2021-05-16 16:09:44,799 IoU_mean: 0.9144757100939751

2021-05-16 16:09:44,799 ==============================
2021-05-16 16:09:44,799 

2021-05-16 16:11:39,506 RESULT FOR DATASET CVC-ColonDB

2021-05-16 16:11:39,506 ==============================
2021-05-16 16:11:39,506 

2021-05-16 16:11:39,506 recall: 0.8387410482781122

2021-05-16 16:11:39,506 specificity: 0.9649583364787855

2021-05-16 16:11:39,506 precision: 0.7680487228120766

2021-05-16 16:11:39,506 F1: 0.7515187938784661

2021-05-16 16:11:39,506 F2: 0.7689310133024121

2021-05-16 16:11:39,506 ACC_overall: 0.9478075593709946

2021-05-16 16:11:39,506 IoU_poly: 0.6759824170920997

2021-05-16 16:11:39,506 IoU_bg: 0.94293100441757

2021-05-16 16:11:39,506 IoU_mean: 0.8094567125565127

2021-05-16 16:11:39,506 ==============================
2021-05-16 16:11:39,507 

2021-05-16 16:13:01,558 RESULT FOR DATASET ETIS-LaribPolypDB

2021-05-16 16:13:01,558 ==============================
2021-05-16 16:13:01,558 

2021-05-16 16:13:01,559 recall: 0.8974511712293286

2021-05-16 16:13:01,559 specificity: 0.9775511318323563

2021-05-16 16:13:01,559 precision: 0.6907223622681196

2021-05-16 16:13:01,559 F1: 0.7415366329985271

2021-05-16 16:13:01,559 F2: 0.7990760990296807

2021-05-16 16:13:01,559 ACC_overall: 0.976195215266578

2021-05-16 16:13:01,559 IoU_poly: 0.6595733887439907

2021-05-16 16:13:01,559 IoU_bg: 0.9752366509364576

2021-05-16 16:13:01,559 IoU_mean: 0.8174050222246014

2021-05-16 16:13:01,559 ==============================
2021-05-16 16:13:01,559 

