2021-05-16 16:00:09,304 RESULT FOR DATASET CVC-300

2021-05-16 16:00:09,304 ==============================
2021-05-16 16:00:09,304 

2021-05-16 16:00:09,304 recall: 0.9584353675444921

2021-05-16 16:00:09,304 specificity: 0.990058974424998

2021-05-16 16:00:09,305 precision: 0.8236632664377491

2021-05-16 16:00:09,305 F1: 0.8614486329257488

2021-05-16 16:00:09,305 F2: 0.8990038538972537

2021-05-16 16:00:09,305 ACC_overall: 0.9889828711748123

2021-05-16 16:00:09,305 IoU_poly: 0.7931480996931592

2021-05-16 16:00:09,305 IoU_bg: 0.9886570443709691

2021-05-16 16:00:09,305 IoU_mean: 0.890902570883433

2021-05-16 16:00:09,305 ==============================
2021-05-16 16:00:09,305 

2021-05-16 16:00:24,741 RESULT FOR DATASET CVC-ClinicDB

2021-05-16 16:00:24,741 ==============================
2021-05-16 16:00:24,741 

2021-05-16 16:00:24,741 recall: 0.9464069628907789

2021-05-16 16:00:24,741 specificity: 0.9947059308328936

2021-05-16 16:00:24,741 precision: 0.9173492318199526

2021-05-16 16:00:24,741 F1: 0.9272080943469079

2021-05-16 16:00:24,742 F2: 0.9365602462522445

2021-05-16 16:00:24,742 ACC_overall: 0.9921740812640036

2021-05-16 16:00:24,742 IoU_poly: 0.8769480114982974

2021-05-16 16:00:24,742 IoU_bg: 0.9905992006101916

2021-05-16 16:00:24,742 IoU_mean: 0.9337736050928792

2021-05-16 16:00:24,742 ==============================
2021-05-16 16:00:24,742 

2021-05-16 16:00:54,591 RESULT FOR DATASET Kvasir

2021-05-16 16:00:54,591 ==============================
2021-05-16 16:00:54,591 

2021-05-16 16:00:54,591 recall: 0.9069061890244484

2021-05-16 16:00:54,591 specificity: 0.9893843919038773

2021-05-16 16:00:54,591 precision: 0.9354876394569874

2021-05-16 16:00:54,591 F1: 0.9119008123874665

2021-05-16 16:00:54,591 F2: 0.9073554992675781

2021-05-16 16:00:54,592 ACC_overall: 0.9738668119907379

2021-05-16 16:00:54,592 IoU_poly: 0.8583384056389332

2021-05-16 16:00:54,592 IoU_bg: 0.9662508276104927

2021-05-16 16:00:54,592 IoU_mean: 0.9122946161031723

2021-05-16 16:00:54,592 ==============================
2021-05-16 16:00:54,592 

2021-05-16 16:02:47,249 RESULT FOR DATASET CVC-ColonDB

2021-05-16 16:02:47,249 ==============================
2021-05-16 16:02:47,249 

2021-05-16 16:02:47,249 recall: 0.8299439805373224

2021-05-16 16:02:47,250 specificity: 0.9854093769663259

2021-05-16 16:02:47,250 precision: 0.7809768886801689

2021-05-16 16:02:47,250 F1: 0.7629875933739066

2021-05-16 16:02:47,250 F2: 0.7835152636933703

2021-05-16 16:02:47,250 ACC_overall: 0.9617051904923037

2021-05-16 16:02:47,250 IoU_poly: 0.6874503914815034

2021-05-16 16:02:47,250 IoU_bg: 0.9591796387183039

2021-05-16 16:02:47,250 IoU_mean: 0.8233150126118409

2021-05-16 16:02:47,250 ==============================
2021-05-16 16:02:47,250 

2021-05-16 16:04:09,490 RESULT FOR DATASET ETIS-LaribPolypDB

2021-05-16 16:04:09,490 ==============================
2021-05-16 16:04:09,490 

2021-05-16 16:04:09,490 recall: 0.8429499305631016

2021-05-16 16:04:09,491 specificity: 0.9836955183014577

2021-05-16 16:04:09,491 precision: 0.6775577560676878

2021-05-16 16:04:09,491 F1: 0.7267948087302074

2021-05-16 16:04:09,491 F2: 0.7786637750539981

2021-05-16 16:04:09,491 ACC_overall: 0.981849412528836

2021-05-16 16:04:09,491 IoU_poly: 0.6455319107026646

2021-05-16 16:04:09,491 IoU_bg: 0.9808873552448896

2021-05-16 16:04:09,491 IoU_mean: 0.8132096338941126

2021-05-16 16:04:09,491 ==============================
2021-05-16 16:04:09,491 

