2021-05-12 23:00:55,941 Epoch 0 	 Loss 1.0718393731903244
2021-05-12 23:01:25,469 Epoch 1 	 Loss 0.7616917608858464
2021-05-12 23:01:55,087 Epoch 2 	 Loss 0.6187387600049867
2021-05-12 23:02:24,704 Epoch 3 	 Loss 0.5310707868455531
2021-05-12 23:02:54,423 Epoch 4 	 Loss 0.4726477140908713
2021-05-12 23:03:24,187 Epoch 5 	 Loss 0.43641018867492676
2021-05-12 23:03:53,874 Epoch 6 	 Loss 0.39304760786203236
2021-05-12 23:04:23,691 Epoch 7 	 Loss 0.40328151282373365
2021-05-12 23:04:53,415 Epoch 8 	 Loss 0.36777381680823945
2021-05-12 23:05:23,105 Epoch 9 	 Loss 0.3518063170569284
2021-05-12 23:05:52,840 Epoch 10 	 Loss 0.3348629106204588
2021-05-12 23:06:22,504 Epoch 11 	 Loss 0.33736928560576596
2021-05-12 23:06:52,239 Epoch 12 	 Loss 0.3328888562026915
2021-05-12 23:07:21,915 Epoch 13 	 Loss 0.32188901419822985
2021-05-12 23:07:51,698 Epoch 14 	 Loss 0.29085485031316566
2021-05-12 23:08:21,328 Epoch 15 	 Loss 0.2948713559698273
2021-05-12 23:08:51,043 Epoch 16 	 Loss 0.29011918702623346
2021-05-12 23:09:20,755 Epoch 17 	 Loss 0.2912423407638466
2021-05-12 23:09:50,395 Epoch 18 	 Loss 0.28680466983344527
2021-05-12 23:10:20,073 Epoch 19 	 Loss 0.2761677518323228
2021-05-12 23:10:49,798 Epoch 20 	 Loss 0.27358192254553787
2021-05-12 23:11:19,539 Epoch 21 	 Loss 0.2702533664939168
2021-05-12 23:11:49,293 Epoch 22 	 Loss 0.2683990579712522
2021-05-12 23:12:18,983 Epoch 23 	 Loss 0.2663708663248754
2021-05-12 23:12:48,775 Epoch 24 	 Loss 0.2608518467827158
2021-05-12 23:13:18,523 Epoch 25 	 Loss 0.25108666505132404
2021-05-12 23:13:48,187 Epoch 26 	 Loss 0.24515056413608594
2021-05-12 23:14:17,847 Epoch 27 	 Loss 0.25676916752542767
2021-05-12 23:14:47,574 Epoch 28 	 Loss 0.2490295810358865
2021-05-12 23:15:17,279 Epoch 29 	 Loss 0.252782390831591
2021-05-12 23:15:47,086 Epoch 30 	 Loss 0.24056337151553606
2021-05-12 23:16:16,719 Epoch 31 	 Loss 0.23690690542315387
2021-05-12 23:16:46,503 Epoch 32 	 Loss 0.23563902260182978
2021-05-12 23:17:16,181 Epoch 33 	 Loss 0.2378218337729737
2021-05-12 23:17:46,007 Epoch 34 	 Loss 0.2240479791557396
2021-05-12 23:18:15,725 Epoch 35 	 Loss 0.22999451399504484
2021-05-12 23:18:45,450 Epoch 36 	 Loss 0.22934937820984766
2021-05-12 23:19:15,138 Epoch 37 	 Loss 0.23080416531353207
2021-05-12 23:19:44,903 Epoch 38 	 Loss 0.22547658459170833
2021-05-12 23:20:14,643 Epoch 39 	 Loss 0.21700750160348284
2021-05-12 23:20:44,433 Epoch 40 	 Loss 0.2216363026873096
2021-05-12 23:21:14,140 Epoch 41 	 Loss 0.2145469526013175
2021-05-12 23:21:43,979 Epoch 42 	 Loss 0.22158162639691278
2021-05-12 23:22:13,580 Epoch 43 	 Loss 0.2131837228169808
2021-05-12 23:22:43,289 Epoch 44 	 Loss 0.2122440076136327
2021-05-12 23:23:13,005 Epoch 45 	 Loss 0.2116286392722811
2021-05-12 23:23:42,700 Epoch 46 	 Loss 0.21238396374078897
2021-05-12 23:24:12,530 Epoch 47 	 Loss 0.21199508617212484
2021-05-12 23:24:42,211 Epoch 48 	 Loss 0.21212534262583807
2021-05-12 23:25:12,027 Epoch 49 	 Loss 0.2078135372190685
2021-05-12 23:25:41,887 Epoch 50 	 Loss 0.2027110552394783
2021-05-12 23:26:11,694 Epoch 51 	 Loss 0.20273616435108605
2021-05-12 23:26:41,384 Epoch 52 	 Loss 0.2002242916560435
2021-05-12 23:27:11,139 Epoch 53 	 Loss 0.19966582020560464
2021-05-12 23:27:40,872 Epoch 54 	 Loss 0.19977924604337294
2021-05-12 23:28:10,673 Epoch 55 	 Loss 0.19764552584716252
2021-05-12 23:28:40,415 Epoch 56 	 Loss 0.19332243354765924
2021-05-12 23:29:10,192 Epoch 57 	 Loss 0.19476837509281034
2021-05-12 23:29:39,775 Epoch 58 	 Loss 0.1910218257497955
2021-05-12 23:30:09,518 Epoch 59 	 Loss 0.18768389719528156
2021-05-12 23:30:39,199 Epoch 60 	 Loss 0.18961849153696836
2021-05-12 23:31:08,988 Epoch 61 	 Loss 0.18747389840555714
2021-05-12 23:31:38,688 Epoch 62 	 Loss 0.18597226221482832
2021-05-12 23:32:08,508 Epoch 63 	 Loss 0.1915776423373065
2021-05-12 23:32:38,301 Epoch 64 	 Loss 0.18815014634158586
2021-05-12 23:33:08,071 Epoch 65 	 Loss 0.18953679371011126
2021-05-12 23:33:37,748 Epoch 66 	 Loss 0.18117117685276074
2021-05-12 23:34:07,553 Epoch 67 	 Loss 0.18382524527036226
2021-05-12 23:34:37,382 Epoch 68 	 Loss 0.1828689429458681
2021-05-12 23:35:07,052 Epoch 69 	 Loss 0.179379892545742
2021-05-12 23:35:36,715 Epoch 70 	 Loss 0.1813220195062868
2021-05-12 23:36:06,445 Epoch 71 	 Loss 0.17740301083732438
2021-05-12 23:36:36,151 Epoch 72 	 Loss 0.17822543981966082
2021-05-12 23:37:05,823 Epoch 73 	 Loss 0.17858758421389612
2021-05-12 23:37:35,543 Epoch 74 	 Loss 0.18033662029020078
2021-05-12 23:38:05,254 Epoch 75 	 Loss 0.17561387246126656
2021-05-12 23:38:34,988 Epoch 76 	 Loss 0.1727866245495094
2021-05-12 23:39:04,694 Epoch 77 	 Loss 0.17492467295992506
2021-05-12 23:39:34,537 Epoch 78 	 Loss 0.17454910851441896
2021-05-12 23:40:04,304 Epoch 79 	 Loss 0.17213737964630127
2021-05-12 23:40:34,080 Epoch 80 	 Loss 0.17249180818652057
2021-05-12 23:41:03,789 Epoch 81 	 Loss 0.17452343086619954
2021-05-12 23:41:33,536 Epoch 82 	 Loss 0.1744077369406983
2021-05-12 23:42:03,180 Epoch 83 	 Loss 0.17214866146281527
2021-05-12 23:42:32,890 Epoch 84 	 Loss 0.17422841096317376
2021-05-12 23:43:02,544 Epoch 85 	 Loss 0.1744375202681992
2021-05-12 23:43:32,327 Epoch 86 	 Loss 0.17449493395103202
2021-05-12 23:44:02,028 Epoch 87 	 Loss 0.17136252303044874
2021-05-12 23:44:31,804 Epoch 88 	 Loss 0.17139503769167178
2021-05-12 23:45:01,519 Epoch 89 	 Loss 0.17162015182631357
2021-05-12 23:45:31,318 Epoch 90 	 Loss 0.17006161096659336
2021-05-12 23:46:01,131 Epoch 91 	 Loss 0.16986051938690983
2021-05-12 23:46:30,796 Epoch 92 	 Loss 0.17067239245215615
2021-05-12 23:47:00,554 Epoch 93 	 Loss 0.17347333367381776
2021-05-12 23:47:30,226 Epoch 94 	 Loss 0.1719232583111459
2021-05-12 23:47:59,884 Epoch 95 	 Loss 0.17028305818746378
2021-05-12 23:48:29,666 Epoch 96 	 Loss 0.17030447246609154
2021-05-12 23:48:59,319 Epoch 97 	 Loss 0.17047555237026005
2021-05-12 23:49:29,101 Epoch 98 	 Loss 0.16865260489694364
2021-05-12 23:49:58,795 Epoch 99 	 Loss 0.16876536100120335
2021-05-12 23:50:17,802 RESULT FOR DATASET CVC-300

2021-05-12 23:50:17,802 ==============================
2021-05-12 23:50:17,802 

2021-05-12 23:50:17,802 recall: 0.9616524239381155

2021-05-12 23:50:17,802 specificity: 0.9899378081162771

2021-05-12 23:50:17,803 precision: 0.8195751852045456

2021-05-12 23:50:17,803 F1: 0.861042969673872

2021-05-12 23:50:17,803 F2: 0.9016241629918417

2021-05-12 23:50:17,803 ACC_overall: 0.9889855394760768

2021-05-12 23:50:17,803 IoU_poly: 0.7908949330449104

2021-05-12 23:50:17,803 IoU_bg: 0.9886310388644536

2021-05-12 23:50:17,803 IoU_mean: 0.8897629847129186

2021-05-12 23:50:17,803 ==============================
2021-05-12 23:50:17,803 

2021-05-12 23:50:33,131 RESULT FOR DATASET CVC-ClinicDB

2021-05-12 23:50:33,131 ==============================
2021-05-12 23:50:33,131 

2021-05-12 23:50:33,131 recall: 0.929439872022598

2021-05-12 23:50:33,131 specificity: 0.9944694407524601

2021-05-12 23:50:33,131 precision: 0.8967947026267798

2021-05-12 23:50:33,131 F1: 0.9026277203060266

2021-05-12 23:50:33,131 F2: 0.9144194828413967

2021-05-12 23:50:33,131 ACC_overall: 0.991771851816485

2021-05-12 23:50:33,131 IoU_poly: 0.8509565163779282

2021-05-12 23:50:33,131 IoU_bg: 0.9903969774323125

2021-05-12 23:50:33,131 IoU_mean: 0.9206767500408234

2021-05-12 23:50:33,131 ==============================
2021-05-12 23:50:33,131 

2021-05-12 23:51:03,148 RESULT FOR DATASET Kvasir

2021-05-12 23:51:03,149 ==============================
2021-05-12 23:51:03,149 

2021-05-12 23:51:03,149 recall: 0.9119558563828468

2021-05-12 23:51:03,149 specificity: 0.9892533773183823

2021-05-12 23:51:03,149 precision: 0.9378900533914566

2021-05-12 23:51:03,149 F1: 0.9154778549075127

2021-05-12 23:51:03,149 F2: 0.9114473289251328

2021-05-12 23:51:03,149 ACC_overall: 0.9754586428403854

2021-05-12 23:51:03,149 IoU_poly: 0.8626420995593072

2021-05-12 23:51:03,149 IoU_bg: 0.9679553198814392

2021-05-12 23:51:03,149 IoU_mean: 0.9152987086772919

2021-05-12 23:51:03,149 ==============================
2021-05-12 23:51:03,149 

2021-05-12 23:52:58,599 RESULT FOR DATASET CVC-ColonDB

2021-05-12 23:52:58,599 ==============================
2021-05-12 23:52:58,599 

2021-05-12 23:52:58,599 recall: 0.8067075973486908

2021-05-12 23:52:58,599 specificity: 0.9861611193732212

2021-05-12 23:52:58,599 precision: 0.7962248165257686

2021-05-12 23:52:58,599 F1: 0.7584549049778999

2021-05-12 23:52:58,599 F2: 0.7723120526939211

2021-05-12 23:52:58,600 ACC_overall: 0.9595634251832962

2021-05-12 23:52:58,600 IoU_poly: 0.6790759458214768

2021-05-12 23:52:58,600 IoU_bg: 0.9569730484171918

2021-05-12 23:52:58,600 IoU_mean: 0.8180244975968411

2021-05-12 23:52:58,600 ==============================
2021-05-12 23:52:58,600 

2021-05-12 23:54:20,154 RESULT FOR DATASET ETIS-LaribPolypDB

2021-05-12 23:54:20,154 ==============================
2021-05-12 23:54:20,154 

2021-05-12 23:54:20,154 recall: 0.8176152618185759

2021-05-12 23:54:20,154 specificity: 0.9835742785006153

2021-05-12 23:54:20,154 precision: 0.6991942203244249

2021-05-12 23:54:20,154 F1: 0.7219663855020678

2021-05-12 23:54:20,154 F2: 0.7668480665086147

2021-05-12 23:54:20,154 ACC_overall: 0.981413261014588

2021-05-12 23:54:20,154 IoU_poly: 0.6386810543063659

2021-05-12 23:54:20,154 IoU_bg: 0.9804359856916933

2021-05-12 23:54:20,154 IoU_mean: 0.8095585220322317

2021-05-12 23:54:20,154 ==============================
2021-05-12 23:54:20,154 

