2021-05-12 23:54:53,332 Epoch 0 	 Loss 1.0880253583520323
2021-05-12 23:55:23,291 Epoch 1 	 Loss 0.7404065433439317
2021-05-12 23:55:53,243 Epoch 2 	 Loss 0.606445679625312
2021-05-12 23:56:23,286 Epoch 3 	 Loss 0.5281287696990338
2021-05-12 23:56:53,298 Epoch 4 	 Loss 0.4767609615247328
2021-05-12 23:57:23,347 Epoch 5 	 Loss 0.44020212580869483
2021-05-12 23:57:53,430 Epoch 6 	 Loss 0.41360384160345726
2021-05-12 23:58:23,553 Epoch 7 	 Loss 0.38972238393930286
2021-05-12 23:58:53,792 Epoch 8 	 Loss 0.3648767692374659
2021-05-12 23:59:24,008 Epoch 9 	 Loss 0.35556716594722243
2021-05-12 23:59:54,135 Epoch 10 	 Loss 0.344377169078523
2021-05-13 00:00:24,301 Epoch 11 	 Loss 0.3510172868167961
2021-05-13 00:00:54,350 Epoch 12 	 Loss 0.3271950010087464
2021-05-13 00:01:24,559 Epoch 13 	 Loss 0.31590827660901205
2021-05-13 00:01:54,759 Epoch 14 	 Loss 0.31103472526256853
2021-05-13 00:02:24,968 Epoch 15 	 Loss 0.3022073466371704
2021-05-13 00:02:55,147 Epoch 16 	 Loss 0.3042679072081388
2021-05-13 00:03:25,363 Epoch 17 	 Loss 0.2958922279732568
2021-05-13 00:03:55,529 Epoch 18 	 Loss 0.28969268795553144
2021-05-13 00:04:25,834 Epoch 19 	 Loss 0.2900476917460725
2021-05-13 00:04:56,021 Epoch 20 	 Loss 0.270119886640664
2021-05-13 00:05:26,179 Epoch 21 	 Loss 0.27083778594221386
2021-05-13 00:05:56,356 Epoch 22 	 Loss 0.264581044787889
2021-05-13 00:06:26,451 Epoch 23 	 Loss 0.26467810374694867
2021-05-13 00:06:56,604 Epoch 24 	 Loss 0.2858640743153436
2021-05-13 00:07:26,675 Epoch 25 	 Loss 0.26078094394652396
2021-05-13 00:07:56,877 Epoch 26 	 Loss 0.249224847980908
2021-05-13 00:08:27,078 Epoch 27 	 Loss 0.260219544008538
2021-05-13 00:08:57,197 Epoch 28 	 Loss 0.26269117292467054
2021-05-13 00:09:27,360 Epoch 29 	 Loss 0.2565699584863998
2021-05-13 00:09:57,445 Epoch 30 	 Loss 0.2416994142663348
2021-05-13 00:10:27,579 Epoch 31 	 Loss 0.24426648102618836
2021-05-13 00:10:57,727 Epoch 32 	 Loss 0.24832801062327164
2021-05-13 00:11:27,821 Epoch 33 	 Loss 0.2414661121892405
2021-05-13 00:11:57,933 Epoch 34 	 Loss 0.23213262757757208
2021-05-13 00:12:28,157 Epoch 35 	 Loss 0.23871606162616185
2021-05-13 00:12:58,289 Epoch 36 	 Loss 0.23190379060886718
2021-05-13 00:13:28,432 Epoch 37 	 Loss 0.22691271069285635
2021-05-13 00:13:58,580 Epoch 38 	 Loss 0.2347422522175443
2021-05-13 00:14:28,750 Epoch 39 	 Loss 0.22646770781868106
2021-05-13 00:14:59,032 Epoch 40 	 Loss 0.23572040504806643
2021-05-13 00:15:29,306 Epoch 41 	 Loss 0.21954366466501257
2021-05-13 00:15:59,436 Epoch 42 	 Loss 0.22476380162841672
2021-05-13 00:16:29,674 Epoch 43 	 Loss 0.216504638339137
2021-05-13 00:16:59,731 Epoch 44 	 Loss 0.22459667806441969
2021-05-13 00:17:29,924 Epoch 45 	 Loss 0.21594141325452826
2021-05-13 00:18:00,003 Epoch 46 	 Loss 0.2126113133771079
2021-05-13 00:18:30,188 Epoch 47 	 Loss 0.2091691629899727
2021-05-13 00:19:00,396 Epoch 48 	 Loss 0.20783441702088157
2021-05-13 00:19:30,608 Epoch 49 	 Loss 0.2120163498016504
2021-05-13 00:20:00,785 Epoch 50 	 Loss 0.20717190009552044
2021-05-13 00:20:30,936 Epoch 51 	 Loss 0.20312413655139588
2021-05-13 00:21:01,066 Epoch 52 	 Loss 0.20023941338717283
2021-05-13 00:21:31,234 Epoch 53 	 Loss 0.20005866393938168
2021-05-13 00:22:01,394 Epoch 54 	 Loss 0.19567945583181068
2021-05-13 00:22:31,694 Epoch 55 	 Loss 0.1955468345146913
2021-05-13 00:23:01,825 Epoch 56 	 Loss 0.20648074231959962
2021-05-13 00:23:31,975 Epoch 57 	 Loss 0.19888089695474603
2021-05-13 00:24:02,196 Epoch 58 	 Loss 0.194874155324894
2021-05-13 00:24:32,327 Epoch 59 	 Loss 0.1983465409868366
2021-05-13 00:25:02,396 Epoch 60 	 Loss 0.19085602658790546
2021-05-13 00:25:32,527 Epoch 61 	 Loss 0.192106789121261
2021-05-13 00:26:02,698 Epoch 62 	 Loss 0.1878268594270224
2021-05-13 00:26:32,859 Epoch 63 	 Loss 0.188317229950821
2021-05-13 00:27:03,014 Epoch 64 	 Loss 0.187069785791439
2021-05-13 00:27:33,101 Epoch 65 	 Loss 0.18870158411644317
2021-05-13 00:28:03,300 Epoch 66 	 Loss 0.1898976171409691
2021-05-13 00:28:33,532 Epoch 67 	 Loss 0.18471618455189925
2021-05-13 00:29:03,708 Epoch 68 	 Loss 0.18467536372142834
2021-05-13 00:29:33,932 Epoch 69 	 Loss 0.18304334253400237
2021-05-13 00:30:04,017 Epoch 70 	 Loss 0.1866562130687001
2021-05-13 00:30:34,177 Epoch 71 	 Loss 0.18250666034745647
2021-05-13 00:31:04,420 Epoch 72 	 Loss 0.18425517963184104
2021-05-13 00:31:34,517 Epoch 73 	 Loss 0.18054335097690205
2021-05-13 00:32:04,593 Epoch 74 	 Loss 0.18161963548634077
2021-05-13 00:32:34,761 Epoch 75 	 Loss 0.1806628758108223
2021-05-13 00:33:05,068 Epoch 76 	 Loss 0.17848617771824637
2021-05-13 00:33:35,270 Epoch 77 	 Loss 0.17642998990121778
2021-05-13 00:34:05,480 Epoch 78 	 Loss 0.17813563019364745
2021-05-13 00:34:35,694 Epoch 79 	 Loss 0.17718979421552722
2021-05-13 00:35:05,826 Epoch 80 	 Loss 0.1756895790388296
2021-05-13 00:35:36,048 Epoch 81 	 Loss 0.17745402406205188
2021-05-13 00:36:06,215 Epoch 82 	 Loss 0.1765499363888751
2021-05-13 00:36:36,516 Epoch 83 	 Loss 0.17904013984805936
2021-05-13 00:37:06,729 Epoch 84 	 Loss 0.1762341578583141
2021-05-13 00:37:36,837 Epoch 85 	 Loss 0.17679555894254328
2021-05-13 00:38:06,992 Epoch 86 	 Loss 0.176488241815305
2021-05-13 00:38:37,236 Epoch 87 	 Loss 0.1742499739259154
2021-05-13 00:39:07,361 Epoch 88 	 Loss 0.1730338807453166
2021-05-13 00:39:37,580 Epoch 89 	 Loss 0.17699817297877846
2021-05-13 00:40:07,739 Epoch 90 	 Loss 0.17522571080333585
2021-05-13 00:40:37,850 Epoch 91 	 Loss 0.17506257944054657
2021-05-13 00:41:08,055 Epoch 92 	 Loss 0.17414294199629143
2021-05-13 00:41:38,187 Epoch 93 	 Loss 0.1744583928650552
2021-05-13 00:42:08,455 Epoch 94 	 Loss 0.17233072663401508
2021-05-13 00:42:38,588 Epoch 95 	 Loss 0.17475165541355425
2021-05-13 00:43:08,703 Epoch 96 	 Loss 0.17251017198457821
2021-05-13 00:43:38,853 Epoch 97 	 Loss 0.17432382047831357
2021-05-13 00:44:09,049 Epoch 98 	 Loss 0.17596354179984922
2021-05-13 00:44:39,233 Epoch 99 	 Loss 0.1758463803555939
2021-05-13 00:44:58,808 RESULT FOR DATASET CVC-300

2021-05-13 00:44:58,808 ==============================
2021-05-13 00:44:58,808 

2021-05-13 00:44:58,809 recall: 0.9684783776601156

2021-05-13 00:44:58,809 specificity: 0.987353237469991

2021-05-13 00:44:58,809 precision: 0.7946556714673837

2021-05-13 00:44:58,809 F1: 0.8482933732370536

2021-05-13 00:44:58,809 F2: 0.8982322558760643

2021-05-13 00:44:58,809 ACC_overall: 0.986799477537473

2021-05-13 00:44:58,809 IoU_poly: 0.7737151051561038

2021-05-13 00:44:58,809 IoU_bg: 0.9863307336966197

2021-05-13 00:44:58,809 IoU_mean: 0.8800229171911875

2021-05-13 00:44:58,809 ==============================
2021-05-13 00:44:58,809 

2021-05-13 00:45:14,221 RESULT FOR DATASET CVC-ClinicDB

2021-05-13 00:45:14,221 ==============================
2021-05-13 00:45:14,221 

2021-05-13 00:45:14,221 recall: 0.9445843237542337

2021-05-13 00:45:14,221 specificity: 0.9935459561886326

2021-05-13 00:45:14,221 precision: 0.8919779810934297

2021-05-13 00:45:14,221 F1: 0.9080404443365913

2021-05-13 00:45:14,222 F2: 0.9223564470246914

2021-05-13 00:45:14,222 ACC_overall: 0.9916766151305167

2021-05-13 00:45:14,222 IoU_poly: 0.8584854981952137

2021-05-13 00:45:14,222 IoU_bg: 0.9905311830582157

2021-05-13 00:45:14,222 IoU_mean: 0.9245083389743682

2021-05-13 00:45:14,222 ==============================
2021-05-13 00:45:14,222 

2021-05-13 00:45:43,867 RESULT FOR DATASET Kvasir

2021-05-13 00:45:43,868 ==============================
2021-05-13 00:45:43,868 

2021-05-13 00:45:43,868 recall: 0.9127187460660935

2021-05-13 00:45:43,868 specificity: 0.9902041512727737

2021-05-13 00:45:43,868 precision: 0.9428909954428673

2021-05-13 00:45:43,868 F1: 0.9167193971574307

2021-05-13 00:45:43,868 F2: 0.9108260825276375

2021-05-13 00:45:43,868 ACC_overall: 0.9761489856243134

2021-05-13 00:45:43,868 IoU_poly: 0.8669745509326457

2021-05-13 00:45:43,868 IoU_bg: 0.9693901473283768

2021-05-13 00:45:43,868 IoU_mean: 0.9181823480129242

2021-05-13 00:45:43,868 ==============================
2021-05-13 00:45:43,868 

2021-05-13 00:47:34,092 RESULT FOR DATASET CVC-ColonDB

2021-05-13 00:47:34,092 ==============================
2021-05-13 00:47:34,092 

2021-05-13 00:47:34,092 recall: 0.8448215142029504

2021-05-13 00:47:34,092 specificity: 0.9801551007126507

2021-05-13 00:47:34,092 precision: 0.782483201311439

2021-05-13 00:47:34,092 F1: 0.7634268454180098

2021-05-13 00:47:34,092 F2: 0.7840592901907593

2021-05-13 00:47:34,092 ACC_overall: 0.9600047594622562

2021-05-13 00:47:34,092 IoU_poly: 0.6867176809277872

2021-05-13 00:47:34,092 IoU_bg: 0.9566448498713342

2021-05-13 00:47:34,093 IoU_mean: 0.8216812642389222

2021-05-13 00:47:34,093 ==============================
2021-05-13 00:47:34,093 

2021-05-13 00:48:54,231 RESULT FOR DATASET ETIS-LaribPolypDB

2021-05-13 00:48:54,231 ==============================
2021-05-13 00:48:54,231 

2021-05-13 00:48:54,231 recall: 0.8377938796189037

2021-05-13 00:48:54,231 specificity: 0.9823648336590552

2021-05-13 00:48:54,231 precision: 0.6752916289217921

2021-05-13 00:48:54,232 F1: 0.7163171090482119

2021-05-13 00:48:54,232 F2: 0.7683021698458384

2021-05-13 00:48:54,232 ACC_overall: 0.979972671185221

2021-05-13 00:48:54,232 IoU_poly: 0.6319896600934489

2021-05-13 00:48:54,232 IoU_bg: 0.9790826509801709

2021-05-13 00:48:54,232 IoU_mean: 0.8055361573185239

2021-05-13 00:48:54,232 ==============================
2021-05-13 00:48:54,232 

