2021-05-13 00:49:27,121 Epoch 0 	 Loss 1.1596387022144192
2021-05-13 00:49:57,214 Epoch 1 	 Loss 0.807242615537329
2021-05-13 00:50:27,587 Epoch 2 	 Loss 0.6552273542671413
2021-05-13 00:50:57,904 Epoch 3 	 Loss 0.5444608189902462
2021-05-13 00:51:28,240 Epoch 4 	 Loss 0.4883989265986851
2021-05-13 00:51:58,664 Epoch 5 	 Loss 0.44395040843512984
2021-05-13 00:52:29,061 Epoch 6 	 Loss 0.41590183907812767
2021-05-13 00:52:59,446 Epoch 7 	 Loss 0.3905530716036702
2021-05-13 00:53:29,839 Epoch 8 	 Loss 0.3792465072084259
2021-05-13 00:54:00,395 Epoch 9 	 Loss 0.3626063713333109
2021-05-13 00:54:30,930 Epoch 10 	 Loss 0.3453743854066828
2021-05-13 00:55:01,286 Epoch 11 	 Loss 0.3401101454273685
2021-05-13 00:55:31,782 Epoch 12 	 Loss 0.3400255959112566
2021-05-13 00:56:02,201 Epoch 13 	 Loss 0.32289620693568344
2021-05-13 00:56:32,664 Epoch 14 	 Loss 0.3122038063439694
2021-05-13 00:57:03,034 Epoch 15 	 Loss 0.30689758209736795
2021-05-13 00:57:33,407 Epoch 16 	 Loss 0.30420738213009885
2021-05-13 00:58:03,777 Epoch 17 	 Loss 0.2975211484091623
2021-05-13 00:58:34,169 Epoch 18 	 Loss 0.28920386486001065
2021-05-13 00:59:04,493 Epoch 19 	 Loss 0.2806717918796854
2021-05-13 00:59:35,015 Epoch 20 	 Loss 0.2797244015958283
2021-05-13 01:00:05,490 Epoch 21 	 Loss 0.2850922154528754
2021-05-13 01:00:35,837 Epoch 22 	 Loss 0.2801574945122331
2021-05-13 01:01:06,229 Epoch 23 	 Loss 0.27474030000822885
2021-05-13 01:01:36,728 Epoch 24 	 Loss 0.2690525873676761
2021-05-13 01:02:07,204 Epoch 25 	 Loss 0.2608598550924888
2021-05-13 01:02:37,620 Epoch 26 	 Loss 0.25681881524704314
2021-05-13 01:03:08,159 Epoch 27 	 Loss 0.2614586535063419
2021-05-13 01:03:38,506 Epoch 28 	 Loss 0.24845075541800196
2021-05-13 01:04:08,908 Epoch 29 	 Loss 0.25783258791153246
2021-05-13 01:04:39,357 Epoch 30 	 Loss 0.24732734443067195
2021-05-13 01:05:09,706 Epoch 31 	 Loss 0.23997871102867546
2021-05-13 01:05:40,039 Epoch 32 	 Loss 0.24703923097023597
2021-05-13 01:06:10,513 Epoch 33 	 Loss 0.23998275759455923
2021-05-13 01:06:40,984 Epoch 34 	 Loss 0.23894022143149113
2021-05-13 01:07:11,352 Epoch 35 	 Loss 0.23192449110549884
2021-05-13 01:07:41,769 Epoch 36 	 Loss 0.23421454904498634
2021-05-13 01:08:12,119 Epoch 37 	 Loss 0.23100323090841482
2021-05-13 01:08:42,561 Epoch 38 	 Loss 0.2203596226134143
2021-05-13 01:09:13,141 Epoch 39 	 Loss 0.2270342224574351
2021-05-13 01:09:43,583 Epoch 40 	 Loss 0.21996511158707377
2021-05-13 01:10:13,933 Epoch 41 	 Loss 0.2337297145481948
2021-05-13 01:10:44,308 Epoch 42 	 Loss 0.22344817417663532
2021-05-13 01:11:14,700 Epoch 43 	 Loss 0.22242625647193784
2021-05-13 01:11:45,017 Epoch 44 	 Loss 0.22163830763036077
2021-05-13 01:12:15,416 Epoch 45 	 Loss 0.22168988431548023
2021-05-13 01:12:45,777 Epoch 46 	 Loss 0.21811383536883763
2021-05-13 01:13:16,324 Epoch 47 	 Loss 0.21159054813804207
2021-05-13 01:13:46,876 Epoch 48 	 Loss 0.205103887961461
2021-05-13 01:14:17,252 Epoch 49 	 Loss 0.21067305547850473
2021-05-13 01:14:47,723 Epoch 50 	 Loss 0.2040378572521629
2021-05-13 01:15:18,232 Epoch 51 	 Loss 0.2094123363494873
2021-05-13 01:15:48,601 Epoch 52 	 Loss 0.2039888478242434
2021-05-13 01:16:19,030 Epoch 53 	 Loss 0.20272059853260332
2021-05-13 01:16:49,432 Epoch 54 	 Loss 0.1966050656942221
2021-05-13 01:17:19,825 Epoch 55 	 Loss 0.20639658072492578
2021-05-13 01:17:50,347 Epoch 56 	 Loss 0.19693955910074842
2021-05-13 01:18:20,711 Epoch 57 	 Loss 0.20170948547976358
2021-05-13 01:18:51,156 Epoch 58 	 Loss 0.20384892100816246
2021-05-13 01:19:21,600 Epoch 59 	 Loss 0.19611440287841544
2021-05-13 01:19:52,032 Epoch 60 	 Loss 0.1999689499427984
2021-05-13 01:20:22,586 Epoch 61 	 Loss 0.19162031828047155
2021-05-13 01:20:52,960 Epoch 62 	 Loss 0.19598175143147564
2021-05-13 01:21:23,434 Epoch 63 	 Loss 0.19370266172912096
2021-05-13 01:21:53,936 Epoch 64 	 Loss 0.1888155357523279
2021-05-13 01:22:24,347 Epoch 65 	 Loss 0.1861928709588208
2021-05-13 01:22:54,751 Epoch 66 	 Loss 0.18995906101478324
2021-05-13 01:23:25,082 Epoch 67 	 Loss 0.19070667175801245
2021-05-13 01:23:55,433 Epoch 68 	 Loss 0.18995757089866386
2021-05-13 01:24:25,852 Epoch 69 	 Loss 0.1880530222104146
2021-05-13 01:24:56,363 Epoch 70 	 Loss 0.18721752376346798
2021-05-13 01:25:26,801 Epoch 71 	 Loss 0.18719930963201836
2021-05-13 01:25:57,247 Epoch 72 	 Loss 0.18475345284729214
2021-05-13 01:26:27,648 Epoch 73 	 Loss 0.18508026806207803
2021-05-13 01:26:58,056 Epoch 74 	 Loss 0.18741041683888698
2021-05-13 01:27:28,528 Epoch 75 	 Loss 0.1807993879685035
2021-05-13 01:27:59,012 Epoch 76 	 Loss 0.17698693062577928
2021-05-13 01:28:29,465 Epoch 77 	 Loss 0.1869918494434147
2021-05-13 01:29:00,005 Epoch 78 	 Loss 0.18046833345523247
2021-05-13 01:29:30,433 Epoch 79 	 Loss 0.17892699811484788
2021-05-13 01:30:00,928 Epoch 80 	 Loss 0.17813098168635105
2021-05-13 01:30:31,328 Epoch 81 	 Loss 0.17948744143103504
2021-05-13 01:31:01,775 Epoch 82 	 Loss 0.17954331439930005
2021-05-13 01:31:32,165 Epoch 83 	 Loss 0.17934985131352812
2021-05-13 01:32:02,567 Epoch 84 	 Loss 0.17685714691549867
2021-05-13 01:32:33,092 Epoch 85 	 Loss 0.17839957560811723
2021-05-13 01:33:03,525 Epoch 86 	 Loss 0.17909035496004336
2021-05-13 01:33:34,020 Epoch 87 	 Loss 0.17760786692519764
2021-05-13 01:34:04,556 Epoch 88 	 Loss 0.17880012225973738
2021-05-13 01:34:35,045 Epoch 89 	 Loss 0.17677851070414533
2021-05-13 01:35:05,470 Epoch 90 	 Loss 0.1756627515449629
2021-05-13 01:35:35,856 Epoch 91 	 Loss 0.17782327696517275
2021-05-13 01:36:06,253 Epoch 92 	 Loss 0.17495333395161472
2021-05-13 01:36:36,558 Epoch 93 	 Loss 0.17932863779120392
2021-05-13 01:37:06,945 Epoch 94 	 Loss 0.1761776634625026
2021-05-13 01:37:37,293 Epoch 95 	 Loss 0.1745779193364657
2021-05-13 01:38:07,783 Epoch 96 	 Loss 0.1780631552030752
2021-05-13 01:38:38,325 Epoch 97 	 Loss 0.1754393898523771
2021-05-13 01:39:08,679 Epoch 98 	 Loss 0.17605388754016751
2021-05-13 01:39:38,969 Epoch 99 	 Loss 0.17576163859812768
2021-05-13 01:39:57,505 RESULT FOR DATASET CVC-300

2021-05-13 01:39:57,505 ==============================
2021-05-13 01:39:57,505 

2021-05-13 01:39:57,505 recall: 0.9622620612382888

2021-05-13 01:39:57,505 specificity: 0.9867177963256836

2021-05-13 01:39:57,505 precision: 0.809610491245985

2021-05-13 01:39:57,505 F1: 0.8501565461357434

2021-05-13 01:39:57,505 F2: 0.8924248725175857

2021-05-13 01:39:57,506 ACC_overall: 0.9859362920125325

2021-05-13 01:39:57,506 IoU_poly: 0.7830653615295887

2021-05-13 01:39:57,506 IoU_bg: 0.9854779501756032

2021-05-13 01:39:57,506 IoU_mean: 0.8842716604471207

2021-05-13 01:39:57,506 ==============================
2021-05-13 01:39:57,506 

2021-05-13 01:40:12,640 RESULT FOR DATASET CVC-ClinicDB

2021-05-13 01:40:12,640 ==============================
2021-05-13 01:40:12,640 

2021-05-13 01:40:12,640 recall: 0.9496052918895599

2021-05-13 01:40:12,640 specificity: 0.9936018182385352

2021-05-13 01:40:12,640 precision: 0.9033994099065181

2021-05-13 01:40:12,640 F1: 0.9095814017759215

2021-05-13 01:40:12,640 F2: 0.9217754299602201

2021-05-13 01:40:12,640 ACC_overall: 0.9911555157553765

2021-05-13 01:40:12,640 IoU_poly: 0.8608011917000816

2021-05-13 01:40:12,640 IoU_bg: 0.9899178599157641

2021-05-13 01:40:12,640 IoU_mean: 0.9253595274302268

2021-05-13 01:40:12,640 ==============================
2021-05-13 01:40:12,640 

2021-05-13 01:40:41,590 RESULT FOR DATASET Kvasir

2021-05-13 01:40:41,590 ==============================
2021-05-13 01:40:41,590 

2021-05-13 01:40:41,590 recall: 0.919861627817154

2021-05-13 01:40:41,590 specificity: 0.9866247832775116

2021-05-13 01:40:41,590 precision: 0.9270498540997505

2021-05-13 01:40:41,590 F1: 0.9154169625043869

2021-05-13 01:40:41,590 F2: 0.9158485919237137

2021-05-13 01:40:41,590 ACC_overall: 0.9749426919221879

2021-05-13 01:40:41,590 IoU_poly: 0.8621865238249302

2021-05-13 01:40:41,590 IoU_bg: 0.9664844566583634

2021-05-13 01:40:41,591 IoU_mean: 0.9143354922533036

2021-05-13 01:40:41,591 ==============================
2021-05-13 01:40:41,591 

2021-05-13 01:42:32,419 RESULT FOR DATASET CVC-ColonDB

2021-05-13 01:42:32,419 ==============================
2021-05-13 01:42:32,419 

2021-05-13 01:42:32,419 recall: 0.8232281760115472

2021-05-13 01:42:32,419 specificity: 0.9863619826341931

2021-05-13 01:42:32,419 precision: 0.8009058439955257

2021-05-13 01:42:32,419 F1: 0.7679947976983433

2021-05-13 01:42:32,420 F2: 0.7845213790832842

2021-05-13 01:42:32,420 ACC_overall: 0.9617464093785537

2021-05-13 01:42:32,420 IoU_poly: 0.6893632668922524

2021-05-13 01:42:32,420 IoU_bg: 0.9590803823188732

2021-05-13 01:42:32,420 IoU_mean: 0.8242218266584371

2021-05-13 01:42:32,420 ==============================
2021-05-13 01:42:32,420 

2021-05-13 01:43:52,661 RESULT FOR DATASET ETIS-LaribPolypDB

2021-05-13 01:43:52,661 ==============================
2021-05-13 01:43:52,661 

2021-05-13 01:43:52,661 recall: 0.8811166533884104

2021-05-13 01:43:52,661 specificity: 0.985663758248699

2021-05-13 01:43:52,661 precision: 0.7215563213099019

2021-05-13 01:43:52,662 F1: 0.765017050460612

2021-05-13 01:43:52,662 F2: 0.8178727211982045

2021-05-13 01:43:52,662 ACC_overall: 0.9835712569100517

2021-05-13 01:43:52,662 IoU_poly: 0.678711645047062

2021-05-13 01:43:52,662 IoU_bg: 0.9827892132559601

2021-05-13 01:43:52,662 IoU_mean: 0.8307504293565847

2021-05-13 01:43:52,662 ==============================
2021-05-13 01:43:52,662 

