2021-05-01 03:39:08,840 Epoch 0 	 Loss 1.0801291321660136
2021-05-01 03:39:56,259 Epoch 1 	 Loss 0.7542597978979677
2021-05-01 03:40:43,749 Epoch 2 	 Loss 0.6226595342159271
2021-05-01 03:41:31,242 Epoch 3 	 Loss 0.5419868168595073
2021-05-01 03:42:18,805 Epoch 4 	 Loss 0.466592401266098
2021-05-01 03:43:06,496 Epoch 5 	 Loss 0.433954608636898
2021-05-01 03:43:54,348 Epoch 6 	 Loss 0.39734517660114793
2021-05-01 03:44:42,090 Epoch 7 	 Loss 0.37275639749490297
2021-05-01 03:45:29,932 Epoch 8 	 Loss 0.358114582824183
2021-05-01 03:46:17,460 Epoch 9 	 Loss 0.361561282322957
2021-05-01 03:47:05,224 Epoch 10 	 Loss 0.3333163212288867
2021-05-01 03:47:52,777 Epoch 11 	 Loss 0.32302364264870737
2021-05-01 03:48:40,425 Epoch 12 	 Loss 0.30826361575624445
2021-05-01 03:49:28,164 Epoch 13 	 Loss 0.3047338727411333
2021-05-01 03:50:16,000 Epoch 14 	 Loss 0.30159092309710744
2021-05-01 03:51:03,671 Epoch 15 	 Loss 0.2943834885136112
2021-05-01 03:51:51,422 Epoch 16 	 Loss 0.2871182361146906
2021-05-01 03:52:39,089 Epoch 17 	 Loss 0.286345817558058
2021-05-01 03:53:26,877 Epoch 18 	 Loss 0.2730473199715981
2021-05-01 03:54:14,657 Epoch 19 	 Loss 0.2651621398034987
2021-05-01 03:55:02,366 Epoch 20 	 Loss 0.2737252342176961
2021-05-01 03:55:50,078 Epoch 21 	 Loss 0.2637122067121359
2021-05-01 03:56:37,858 Epoch 22 	 Loss 0.25995262114556283
2021-05-01 03:57:25,649 Epoch 23 	 Loss 0.2567980898605598
2021-05-01 03:58:13,392 Epoch 24 	 Loss 0.2642637442101489
2021-05-01 03:59:01,110 Epoch 25 	 Loss 0.25315381308178325
2021-05-01 03:59:48,841 Epoch 26 	 Loss 0.2513105250321902
2021-05-01 04:00:36,617 Epoch 27 	 Loss 0.25398609255041393
2021-05-01 04:01:24,450 Epoch 28 	 Loss 0.24785630847071552
2021-05-01 04:02:12,212 Epoch 29 	 Loss 0.23571267232790097
2021-05-01 04:02:59,990 Epoch 30 	 Loss 0.23409341799688863
2021-05-01 04:03:47,718 Epoch 31 	 Loss 0.24133932164737157
2021-05-01 04:04:35,458 Epoch 32 	 Loss 0.23611438470882373
2021-05-01 04:05:23,254 Epoch 33 	 Loss 0.2335985704110219
2021-05-01 04:06:11,003 Epoch 34 	 Loss 0.2304203179511395
2021-05-01 04:06:58,654 Epoch 35 	 Loss 0.22050167767556159
2021-05-01 04:07:46,373 Epoch 36 	 Loss 0.22406290356929487
2021-05-01 04:08:34,113 Epoch 37 	 Loss 0.2294774944638158
2021-05-01 04:09:21,850 Epoch 38 	 Loss 0.23250932811380742
2021-05-01 04:10:09,493 Epoch 39 	 Loss 0.21676950467811837
2021-05-01 04:10:57,131 Epoch 40 	 Loss 0.2174006985439049
2021-05-01 04:11:45,002 Epoch 41 	 Loss 0.2120276398056156
2021-05-01 04:12:32,863 Epoch 42 	 Loss 0.21028316151964796
2021-05-01 04:13:20,697 Epoch 43 	 Loss 0.21165427762073474
2021-05-01 04:14:08,502 Epoch 44 	 Loss 0.20502754210770785
2021-05-01 04:14:56,182 Epoch 45 	 Loss 0.2061717431623857
2021-05-01 04:15:43,816 Epoch 46 	 Loss 0.2103433831707462
2021-05-01 04:16:31,517 Epoch 47 	 Loss 0.19831461795083768
2021-05-01 04:17:19,129 Epoch 48 	 Loss 0.20387577764935547
2021-05-01 04:18:06,934 Epoch 49 	 Loss 0.19716049174031058
2021-05-01 04:18:54,762 Epoch 50 	 Loss 0.19850049012309903
2021-05-01 04:19:42,481 Epoch 51 	 Loss 0.19664923830346748
2021-05-01 04:20:30,216 Epoch 52 	 Loss 0.1953419206234125
2021-05-01 04:21:17,991 Epoch 53 	 Loss 0.20089313093122546
2021-05-01 04:22:05,671 Epoch 54 	 Loss 0.19824380828784063
2021-05-01 04:22:53,410 Epoch 55 	 Loss 0.1934616608279092
2021-05-01 04:23:41,154 Epoch 56 	 Loss 0.19142985540431934
2021-05-01 04:24:28,962 Epoch 57 	 Loss 0.19075013287774809
2021-05-01 04:25:16,802 Epoch 58 	 Loss 0.19192498316476633
2021-05-01 04:26:04,656 Epoch 59 	 Loss 0.18761854152103047
2021-05-01 04:26:52,292 Epoch 60 	 Loss 0.18771266298634665
2021-05-01 04:27:40,020 Epoch 61 	 Loss 0.18630593311000657
2021-05-01 04:28:27,742 Epoch 62 	 Loss 0.19094775420623822
2021-05-01 04:29:15,623 Epoch 63 	 Loss 0.18413552183371323
2021-05-01 04:30:03,519 Epoch 64 	 Loss 0.17896977279867446
2021-05-01 04:30:51,246 Epoch 65 	 Loss 0.18201389335669005
2021-05-01 04:31:38,965 Epoch 66 	 Loss 0.17638120300822205
2021-05-01 04:32:26,630 Epoch 67 	 Loss 0.18219907843804622
2021-05-01 04:33:14,358 Epoch 68 	 Loss 0.17880492600110862
2021-05-01 04:34:02,168 Epoch 69 	 Loss 0.17953336648233645
2021-05-01 04:34:49,885 Epoch 70 	 Loss 0.1821811061639052
2021-05-01 04:35:37,698 Epoch 71 	 Loss 0.17496387316630438
2021-05-01 04:36:25,361 Epoch 72 	 Loss 0.1788572071345298
2021-05-01 04:37:13,217 Epoch 73 	 Loss 0.17287303458203326
2021-05-01 04:38:01,017 Epoch 74 	 Loss 0.1774197654737221
2021-05-01 04:38:48,782 Epoch 75 	 Loss 0.1741094302672606
2021-05-01 04:39:36,625 Epoch 76 	 Loss 0.1719313037919474
2021-05-01 04:40:24,389 Epoch 77 	 Loss 0.176452833545077
2021-05-01 04:41:12,203 Epoch 78 	 Loss 0.17107992398214864
2021-05-01 04:42:00,004 Epoch 79 	 Loss 0.1711756162918531
2021-05-01 04:42:47,748 Epoch 80 	 Loss 0.1737612634897232
2021-05-01 04:43:35,578 Epoch 81 	 Loss 0.1704397167150791
2021-05-01 04:44:23,369 Epoch 82 	 Loss 0.17070408754951352
2021-05-01 04:45:11,168 Epoch 83 	 Loss 0.17031422699545765
2021-05-01 04:45:58,938 Epoch 84 	 Loss 0.16781406284688594
2021-05-01 04:46:46,788 Epoch 85 	 Loss 0.1700884734208767
2021-05-01 04:47:34,608 Epoch 86 	 Loss 0.1668447454224576
2021-05-01 04:48:22,365 Epoch 87 	 Loss 0.16886391908257872
2021-05-01 04:49:10,105 Epoch 88 	 Loss 0.16807158782586948
2021-05-01 04:49:57,869 Epoch 89 	 Loss 0.16662954416248824
2021-05-01 04:50:45,630 Epoch 90 	 Loss 0.1674957614351105
2021-05-01 04:51:33,510 Epoch 91 	 Loss 0.16574962240654034
2021-05-01 04:52:21,143 Epoch 92 	 Loss 0.1683827926824381
2021-05-01 04:53:08,888 Epoch 93 	 Loss 0.16570792912126897
2021-05-01 04:53:56,655 Epoch 94 	 Loss 0.16610388736148457
2021-05-01 04:54:44,371 Epoch 95 	 Loss 0.16971828600207528
2021-05-01 04:55:32,231 Epoch 96 	 Loss 0.1669088824764713
2021-05-01 04:56:19,958 Epoch 97 	 Loss 0.16562503232405737
2021-05-01 04:57:07,782 Epoch 98 	 Loss 0.16964518614522703
2021-05-01 04:57:55,572 Epoch 99 	 Loss 0.16678130151806297
2021-05-01 04:58:14,455 RESULT FOR DATASET CVC-300

2021-05-01 04:58:14,455 ==============================
2021-05-01 04:58:14,455 

2021-05-01 04:58:14,455 recall: 0.9651396503051122

2021-05-01 04:58:14,455 specificity: 0.9885855873425802

2021-05-01 04:58:14,455 precision: 0.8097734342018763

2021-05-01 04:58:14,455 F1: 0.8556343098481496

2021-05-01 04:58:14,455 F2: 0.8995314980546634

2021-05-01 04:58:14,455 ACC_overall: 0.9878151605526606

2021-05-01 04:58:14,455 IoU_poly: 0.7855285409837961

2021-05-01 04:58:14,455 IoU_bg: 0.9873742610216141

2021-05-01 04:58:14,456 IoU_mean: 0.8864514042933782

2021-05-01 04:58:14,456 ==============================
2021-05-01 04:58:14,456 

2021-05-01 04:58:29,897 RESULT FOR DATASET CVC-ClinicDB

2021-05-01 04:58:29,897 ==============================
2021-05-01 04:58:29,897 

2021-05-01 04:58:29,897 recall: 0.9481177512676485

2021-05-01 04:58:29,897 specificity: 0.9936353189329947

2021-05-01 04:58:29,898 precision: 0.9043229507702973

2021-05-01 04:58:29,898 F1: 0.9160221560948318

2021-05-01 04:58:29,898 F2: 0.927229649477428

2021-05-01 04:58:29,898 ACC_overall: 0.9909644646029319

2021-05-01 04:58:29,898 IoU_poly: 0.8694113963133385

2021-05-01 04:58:29,898 IoU_bg: 0.989518488607099

2021-05-01 04:58:29,898 IoU_mean: 0.9294649405825522

2021-05-01 04:58:29,898 ==============================
2021-05-01 04:58:29,898 

2021-05-01 04:58:59,736 RESULT FOR DATASET Kvasir

2021-05-01 04:58:59,736 ==============================
2021-05-01 04:58:59,736 

2021-05-01 04:58:59,736 recall: 0.9126179380714894

2021-05-01 04:58:59,736 specificity: 0.9902804577350617

2021-05-01 04:58:59,736 precision: 0.9403997603058815

2021-05-01 04:58:59,736 F1: 0.9167593294382095

2021-05-01 04:58:59,736 F2: 0.912634508162737

2021-05-01 04:58:59,736 ACC_overall: 0.9756253081560134

2021-05-01 04:58:59,736 IoU_poly: 0.8655636714398861

2021-05-01 04:58:59,736 IoU_bg: 0.9694350284337997

2021-05-01 04:58:59,736 IoU_mean: 0.9174993535876275

2021-05-01 04:58:59,736 ==============================
2021-05-01 04:58:59,737 

2021-05-01 05:00:55,815 RESULT FOR DATASET CVC-ColonDB

2021-05-01 05:00:55,815 ==============================
2021-05-01 05:00:55,815 

2021-05-01 05:00:55,815 recall: 0.8357273890680206

2021-05-01 05:00:55,815 specificity: 0.9873080317911349

2021-05-01 05:00:55,815 precision: 0.7968117948822749

2021-05-01 05:00:55,815 F1: 0.7786037021165133

2021-05-01 05:00:55,816 F2: 0.7958278405108247

2021-05-01 05:00:55,816 ACC_overall: 0.9651320186100508

2021-05-01 05:00:55,816 IoU_poly: 0.6968101980068312

2021-05-01 05:00:55,816 IoU_bg: 0.9619652934764561

2021-05-01 05:00:55,816 IoU_mean: 0.8293877490256962

2021-05-01 05:00:55,816 ==============================
2021-05-01 05:00:55,816 

2021-05-01 05:02:17,116 RESULT FOR DATASET ETIS-LaribPolypDB

2021-05-01 05:02:17,116 ==============================
2021-05-01 05:02:17,116 

2021-05-01 05:02:17,116 recall: 0.8635958104538466

2021-05-01 05:02:17,116 specificity: 0.985193805122862

2021-05-01 05:02:17,116 precision: 0.7130933013401601

2021-05-01 05:02:17,116 F1: 0.7558445066312687

2021-05-01 05:02:17,116 F2: 0.8034968614556048

2021-05-01 05:02:17,116 ACC_overall: 0.9832999006826051

2021-05-01 05:02:17,116 IoU_poly: 0.6710478904725714

2021-05-01 05:02:17,116 IoU_bg: 0.9823982891987781

2021-05-01 05:02:17,116 IoU_mean: 0.8267230911522495

2021-05-01 05:02:17,116 ==============================
2021-05-01 05:02:17,116 

2021-05-01 05:03:09,657 Epoch 0 	 Loss 1.1137469240597315
2021-05-01 05:03:59,783 Epoch 1 	 Loss 0.7804439749036517
2021-05-01 05:04:49,788 Epoch 2 	 Loss 0.6274602485227061
2021-05-01 05:05:39,751 Epoch 3 	 Loss 0.541890589090494
2021-05-01 05:06:30,059 Epoch 4 	 Loss 0.48780336091806603
2021-05-01 05:07:20,279 Epoch 5 	 Loss 0.4382991211099939
2021-05-01 05:08:10,747 Epoch 6 	 Loss 0.4123538951952379
2021-05-01 05:09:01,016 Epoch 7 	 Loss 0.3928300374811822
2021-05-01 05:09:51,375 Epoch 8 	 Loss 0.36622160640391677
2021-05-01 05:10:41,610 Epoch 9 	 Loss 0.36750600167683195
2021-05-01 05:11:32,019 Epoch 10 	 Loss 0.3359868036849158
2021-05-01 05:12:22,243 Epoch 11 	 Loss 0.32714032324460834
2021-05-01 05:13:12,450 Epoch 12 	 Loss 0.31394456457960734
2021-05-01 05:14:02,723 Epoch 13 	 Loss 0.33258941966098743
2021-05-01 05:14:52,992 Epoch 14 	 Loss 0.3081825075896232
2021-05-01 05:15:43,230 Epoch 15 	 Loss 0.3075743594339916
2021-05-01 05:16:33,579 Epoch 16 	 Loss 0.2912971400297605
2021-05-01 05:17:24,000 Epoch 17 	 Loss 0.29519309676610506
2021-05-01 05:18:14,300 Epoch 18 	 Loss 0.28255973985561955
2021-05-01 05:19:04,460 Epoch 19 	 Loss 0.27986997267702124
2021-05-01 05:19:54,849 Epoch 20 	 Loss 0.2698338670389993
2021-05-01 05:20:45,164 Epoch 21 	 Loss 0.2654375784344726
2021-05-01 05:21:35,595 Epoch 22 	 Loss 0.27644456857508354
2021-05-01 05:22:25,853 Epoch 23 	 Loss 0.2580666836801466
2021-05-01 05:23:16,023 Epoch 24 	 Loss 0.25957977067638227
2021-05-01 05:24:06,330 Epoch 25 	 Loss 0.25156877329061317
2021-05-01 05:24:56,537 Epoch 26 	 Loss 0.2592659559878674
2021-05-01 05:25:46,831 Epoch 27 	 Loss 0.2495020459313969
2021-05-01 05:26:37,180 Epoch 28 	 Loss 0.25216123150600184
2021-05-01 05:27:27,527 Epoch 29 	 Loss 0.24852934184965197
2021-05-01 05:28:17,890 Epoch 30 	 Loss 0.23780789152606502
2021-05-01 05:29:08,210 Epoch 31 	 Loss 0.2361776385006014
2021-05-01 05:29:58,654 Epoch 32 	 Loss 0.24755566640869603
2021-05-01 05:30:49,021 Epoch 33 	 Loss 0.23199863437112872
2021-05-01 05:31:39,410 Epoch 34 	 Loss 0.23254321564684857
2021-05-01 05:32:29,660 Epoch 35 	 Loss 0.23251065005967905
2021-05-01 05:33:19,939 Epoch 36 	 Loss 0.22990151552053598
2021-05-01 05:34:10,277 Epoch 37 	 Loss 0.2218183662210192
2021-05-01 05:35:00,689 Epoch 38 	 Loss 0.23002480347077925
2021-05-01 05:35:51,119 Epoch 39 	 Loss 0.22486333352523846
2021-05-01 05:36:41,298 Epoch 40 	 Loss 0.2321952930191061
2021-05-01 05:37:31,646 Epoch 41 	 Loss 0.21806311902109082
2021-05-01 05:38:21,967 Epoch 42 	 Loss 0.2223219267287097
2021-05-01 05:39:12,328 Epoch 43 	 Loss 0.215533937562953
2021-05-01 05:40:02,659 Epoch 44 	 Loss 0.21412086552316015
2021-05-01 05:40:53,096 Epoch 45 	 Loss 0.20986275047391326
2021-05-01 05:41:43,458 Epoch 46 	 Loss 0.2080585769899599
2021-05-01 05:42:33,798 Epoch 47 	 Loss 0.2084799138726769
2021-05-01 05:43:24,234 Epoch 48 	 Loss 0.20351632004910772
2021-05-01 05:44:14,502 Epoch 49 	 Loss 0.207803990650963
2021-05-01 05:45:04,781 Epoch 50 	 Loss 0.20335716975259258
2021-05-01 05:45:55,015 Epoch 51 	 Loss 0.20431219254221236
2021-05-01 05:46:45,328 Epoch 52 	 Loss 0.19623685800112212
2021-05-01 05:47:35,570 Epoch 53 	 Loss 0.2001229742398629
2021-05-01 05:48:25,896 Epoch 54 	 Loss 0.19817097812563508
2021-05-01 05:49:16,307 Epoch 55 	 Loss 0.19434451844011033
2021-05-01 05:50:06,688 Epoch 56 	 Loss 0.19126451801467728
2021-05-01 05:50:56,962 Epoch 57 	 Loss 0.18698740447615528
2021-05-01 05:51:47,260 Epoch 58 	 Loss 0.1886125616319887
2021-05-01 05:52:37,645 Epoch 59 	 Loss 0.19272689963435077
2021-05-01 05:53:27,982 Epoch 60 	 Loss 0.19127952594023484
2021-05-01 05:54:18,251 Epoch 61 	 Loss 0.18956082420689718
2021-05-01 05:55:08,536 Epoch 62 	 Loss 0.18884047800368006
2021-05-01 05:55:58,849 Epoch 63 	 Loss 0.19027058207071745
2021-05-01 05:56:49,220 Epoch 64 	 Loss 0.18062895896670583
2021-05-01 05:57:39,478 Epoch 65 	 Loss 0.18598761368583847
2021-05-01 05:58:29,725 Epoch 66 	 Loss 0.18320240440604452
2021-05-01 05:59:20,053 Epoch 67 	 Loss 0.1841858792435992
2021-05-01 06:00:10,363 Epoch 68 	 Loss 0.17753305163357283
2021-05-01 06:01:00,667 Epoch 69 	 Loss 0.18099683572302808
2021-05-01 06:01:51,048 Epoch 70 	 Loss 0.17707935417746448
2021-05-01 06:02:41,391 Epoch 71 	 Loss 0.17467261736209577
2021-05-01 06:03:31,876 Epoch 72 	 Loss 0.17764516191168145
2021-05-01 06:04:22,182 Epoch 73 	 Loss 0.177666099189402
2021-05-01 06:05:12,428 Epoch 74 	 Loss 0.17489052981465728
2021-05-01 06:06:02,689 Epoch 75 	 Loss 0.17640188385497083
2021-05-01 06:06:52,872 Epoch 76 	 Loss 0.17748313962103246
2021-05-01 06:07:43,430 Epoch 77 	 Loss 0.17435257153196648
2021-05-01 06:08:33,674 Epoch 78 	 Loss 0.17543328348751908
2021-05-01 06:09:24,183 Epoch 79 	 Loss 0.1751546222757507
2021-05-01 06:10:14,512 Epoch 80 	 Loss 0.17833957207071913
2021-05-01 06:11:04,899 Epoch 81 	 Loss 0.17313052812120416
2021-05-01 06:11:55,282 Epoch 82 	 Loss 0.17216373079425687
2021-05-01 06:12:45,552 Epoch 83 	 Loss 0.17278628444278632
2021-05-01 06:13:35,852 Epoch 84 	 Loss 0.17258346064405128
2021-05-01 06:14:26,343 Epoch 85 	 Loss 0.17207732649294885
2021-05-01 06:15:16,604 Epoch 86 	 Loss 0.1684769149664994
2021-05-01 06:16:06,904 Epoch 87 	 Loss 0.17568363740548984
2021-05-01 06:16:57,344 Epoch 88 	 Loss 0.1688792558161767
2021-05-01 06:17:47,724 Epoch 89 	 Loss 0.17326731062852418
2021-05-01 06:18:38,179 Epoch 90 	 Loss 0.17100804225429073
2021-05-01 06:19:28,603 Epoch 91 	 Loss 0.16855740530805274
2021-05-01 06:20:18,988 Epoch 92 	 Loss 0.16756378310722309
2021-05-01 06:21:09,267 Epoch 93 	 Loss 0.1715887617933881
2021-05-01 06:21:59,618 Epoch 94 	 Loss 0.17143236886668992
2021-05-01 06:22:49,968 Epoch 95 	 Loss 0.16860161508832658
2021-05-01 06:23:40,268 Epoch 96 	 Loss 0.17046775562422617
2021-05-01 06:24:30,574 Epoch 97 	 Loss 0.17078923294832418
2021-05-01 06:25:20,875 Epoch 98 	 Loss 0.17043833238082928
2021-05-01 06:26:11,193 Epoch 99 	 Loss 0.17113670330126207
2021-05-01 06:26:30,179 RESULT FOR DATASET CVC-300

2021-05-01 06:26:30,179 ==============================
2021-05-01 06:26:30,179 

2021-05-01 06:26:30,179 recall: 0.9656715581814448

2021-05-01 06:26:30,179 specificity: 0.9895939509073893

2021-05-01 06:26:30,179 precision: 0.8141954456766446

2021-05-01 06:26:30,179 F1: 0.8602949284017086

2021-05-01 06:26:30,179 F2: 0.9038863162199656

2021-05-01 06:26:30,179 ACC_overall: 0.9887524346510569

2021-05-01 06:26:30,179 IoU_poly: 0.7900516671439012

2021-05-01 06:26:30,179 IoU_bg: 0.9883635073900223

2021-05-01 06:26:30,179 IoU_mean: 0.8892075876394908

2021-05-01 06:26:30,180 ==============================
2021-05-01 06:26:30,180 

2021-05-01 06:26:46,051 RESULT FOR DATASET CVC-ClinicDB

2021-05-01 06:26:46,051 ==============================
2021-05-01 06:26:46,051 

2021-05-01 06:26:46,051 recall: 0.9355342499911785

2021-05-01 06:26:46,051 specificity: 0.994208877125094

2021-05-01 06:26:46,051 precision: 0.9032610676762077

2021-05-01 06:26:46,051 F1: 0.9117606568841203

2021-05-01 06:26:46,052 F2: 0.9202748424103183

2021-05-01 06:26:46,052 ACC_overall: 0.9918259545680015

2021-05-01 06:26:46,052 IoU_poly: 0.863546320312326

2021-05-01 06:26:46,052 IoU_bg: 0.9905860327905224

2021-05-01 06:26:46,052 IoU_mean: 0.9270661809752064

2021-05-01 06:26:46,052 ==============================
2021-05-01 06:26:46,052 

2021-05-01 06:27:16,012 RESULT FOR DATASET Kvasir

2021-05-01 06:27:16,012 ==============================
2021-05-01 06:27:16,012 

2021-05-01 06:27:16,012 recall: 0.9152588494122028

2021-05-01 06:27:16,012 specificity: 0.9878428739309311

2021-05-01 06:27:16,012 precision: 0.9292178694158792

2021-05-01 06:27:16,012 F1: 0.909191497117281

2021-05-01 06:27:16,013 F2: 0.9090005184710026

2021-05-01 06:27:16,013 ACC_overall: 0.9720894885063172

2021-05-01 06:27:16,013 IoU_poly: 0.857842226549983

2021-05-01 06:27:16,013 IoU_bg: 0.9647676450014114

2021-05-01 06:27:16,013 IoU_mean: 0.911304934322834

2021-05-01 06:27:16,013 ==============================
2021-05-01 06:27:16,013 

2021-05-01 06:29:16,778 RESULT FOR DATASET CVC-ColonDB

2021-05-01 06:29:16,778 ==============================
2021-05-01 06:29:16,778 

2021-05-01 06:29:16,778 recall: 0.8242112426788457

2021-05-01 06:29:16,778 specificity: 0.9841170577626479

2021-05-01 06:29:16,778 precision: 0.785573193545047

2021-05-01 06:29:16,778 F1: 0.7597963164891122

2021-05-01 06:29:16,778 F2: 0.7794018581729305

2021-05-01 06:29:16,778 ACC_overall: 0.9618657381126755

2021-05-01 06:29:16,778 IoU_poly: 0.6809048392733698

2021-05-01 06:29:16,778 IoU_bg: 0.9588116764238006

2021-05-01 06:29:16,778 IoU_mean: 0.8198582580607189

2021-05-01 06:29:16,779 ==============================
2021-05-01 06:29:16,779 

2021-05-01 06:30:38,638 RESULT FOR DATASET ETIS-LaribPolypDB

2021-05-01 06:30:38,638 ==============================
2021-05-01 06:30:38,638 

2021-05-01 06:30:38,638 recall: 0.8488357372947836

2021-05-01 06:30:38,639 specificity: 0.9870566938604627

2021-05-01 06:30:38,639 precision: 0.7251274751349057

2021-05-01 06:30:38,639 F1: 0.758441237040058

2021-05-01 06:30:38,639 F2: 0.8002158282309266

2021-05-01 06:30:38,639 ACC_overall: 0.9847771917678871

2021-05-01 06:30:38,639 IoU_poly: 0.6784946024506808

2021-05-01 06:30:38,639 IoU_bg: 0.9839824462423519

2021-05-01 06:30:38,639 IoU_mean: 0.8312385249502805

2021-05-01 06:30:38,639 ==============================
2021-05-01 06:30:38,639 

2021-05-01 06:31:34,846 Epoch 0 	 Loss 1.146348224236415
2021-05-01 06:32:27,471 Epoch 1 	 Loss 0.7711390787428551
2021-05-01 06:33:19,989 Epoch 2 	 Loss 0.6453392037323543
2021-05-01 06:34:12,776 Epoch 3 	 Loss 0.5419760032014532
2021-05-01 06:35:05,638 Epoch 4 	 Loss 0.48161007709555576
2021-05-01 06:35:58,516 Epoch 5 	 Loss 0.44544703652570533
2021-05-01 06:36:51,326 Epoch 6 	 Loss 0.4149637444988712
2021-05-01 06:37:44,175 Epoch 7 	 Loss 0.38383111357688904
2021-05-01 06:38:37,099 Epoch 8 	 Loss 0.3855490173612322
2021-05-01 06:39:30,138 Epoch 9 	 Loss 0.3725140969176869
2021-05-01 06:40:22,978 Epoch 10 	 Loss 0.3506679623336582
2021-05-01 06:41:16,059 Epoch 11 	 Loss 0.33577460983952323
2021-05-01 06:42:08,964 Epoch 12 	 Loss 0.32549981461776484
2021-05-01 06:43:01,690 Epoch 13 	 Loss 0.3236565113395125
2021-05-01 06:43:54,555 Epoch 14 	 Loss 0.3135321883709876
2021-05-01 06:44:47,413 Epoch 15 	 Loss 0.3011356731365015
2021-05-01 06:45:40,294 Epoch 16 	 Loss 0.2986568151922016
2021-05-01 06:46:33,264 Epoch 17 	 Loss 0.2982505591033579
2021-05-01 06:47:26,303 Epoch 18 	 Loss 0.28527732275344514
2021-05-01 06:48:19,182 Epoch 19 	 Loss 0.2830566896514578
2021-05-01 06:49:12,186 Epoch 20 	 Loss 0.28420102301534717
2021-05-01 06:50:05,036 Epoch 21 	 Loss 0.2734271189668676
2021-05-01 06:50:57,902 Epoch 22 	 Loss 0.27372879068275074
2021-05-01 06:51:50,770 Epoch 23 	 Loss 0.26751116458531266
2021-05-01 06:52:43,824 Epoch 24 	 Loss 0.26482688725649656
2021-05-01 06:53:36,776 Epoch 25 	 Loss 0.26914371124335695
2021-05-01 06:54:29,651 Epoch 26 	 Loss 0.24965244449756957
2021-05-01 06:55:22,534 Epoch 27 	 Loss 0.2611321094599399
2021-05-01 06:56:15,414 Epoch 28 	 Loss 0.2583414144240893
2021-05-01 06:57:08,334 Epoch 29 	 Loss 0.2501645441893693
2021-05-01 06:58:01,340 Epoch 30 	 Loss 0.24382890990147224
2021-05-01 06:58:54,255 Epoch 31 	 Loss 0.24170009185979655
2021-05-01 06:59:47,215 Epoch 32 	 Loss 0.24575630108733754
2021-05-01 07:00:40,112 Epoch 33 	 Loss 0.2359626116333427
2021-05-01 07:01:32,998 Epoch 34 	 Loss 0.23037163258253873
2021-05-01 07:02:25,889 Epoch 35 	 Loss 0.23464889791640606
2021-05-01 07:03:18,739 Epoch 36 	 Loss 0.23315868698633635
2021-05-01 07:04:11,677 Epoch 37 	 Loss 0.23240672854276803
2021-05-01 07:05:04,688 Epoch 38 	 Loss 0.22477319541868274
2021-05-01 07:05:57,667 Epoch 39 	 Loss 0.22266815602779388
2021-05-01 07:06:50,612 Epoch 40 	 Loss 0.22551974883446327
2021-05-01 07:07:43,510 Epoch 41 	 Loss 0.22120106056496336
2021-05-01 07:08:36,457 Epoch 42 	 Loss 0.21669748982230386
2021-05-01 07:09:29,316 Epoch 43 	 Loss 0.21853334808742608
2021-05-01 07:10:22,181 Epoch 44 	 Loss 0.21699789215575208
2021-05-01 07:11:15,302 Epoch 45 	 Loss 0.2135228169160885
2021-05-01 07:12:08,240 Epoch 46 	 Loss 0.21013442959104264
2021-05-01 07:13:01,149 Epoch 47 	 Loss 0.2091249861232527
2021-05-01 07:13:53,928 Epoch 48 	 Loss 0.20541999006009365
2021-05-01 07:14:46,857 Epoch 49 	 Loss 0.20222537178587127
2021-05-01 07:15:39,796 Epoch 50 	 Loss 0.20918052324226924
2021-05-01 07:16:32,705 Epoch 51 	 Loss 0.21393456269096542
2021-05-01 07:17:25,686 Epoch 52 	 Loss 0.204892574267073
2021-05-01 07:18:18,605 Epoch 53 	 Loss 0.19785215681070809
2021-05-01 07:19:11,380 Epoch 54 	 Loss 0.20144172618677328
2021-05-01 07:20:04,305 Epoch 55 	 Loss 0.19954444959268466
2021-05-01 07:20:57,223 Epoch 56 	 Loss 0.19419376093607682
2021-05-01 07:21:50,214 Epoch 57 	 Loss 0.20046030656322017
2021-05-01 07:22:43,140 Epoch 58 	 Loss 0.1922552213891522
2021-05-01 07:23:36,026 Epoch 59 	 Loss 0.1902929601761011
2021-05-01 07:24:28,940 Epoch 60 	 Loss 0.18907411101755206
2021-05-01 07:25:21,842 Epoch 61 	 Loss 0.18916978613360896
2021-05-01 07:26:14,836 Epoch 62 	 Loss 0.1891380162029476
2021-05-01 07:27:07,752 Epoch 63 	 Loss 0.18863145925186492
2021-05-01 07:28:00,716 Epoch 64 	 Loss 0.18358103734451336
2021-05-01 07:28:53,585 Epoch 65 	 Loss 0.18247381704194204
2021-05-01 07:29:46,496 Epoch 66 	 Loss 0.18251453929550046
2021-05-01 07:30:39,405 Epoch 67 	 Loss 0.18034157713690957
2021-05-01 07:31:32,293 Epoch 68 	 Loss 0.1846786182332825
2021-05-01 07:32:25,280 Epoch 69 	 Loss 0.18443742181573594
2021-05-01 07:33:18,187 Epoch 70 	 Loss 0.1818668734241318
2021-05-01 07:34:11,159 Epoch 71 	 Loss 0.17962335164730364
2021-05-01 07:35:04,112 Epoch 72 	 Loss 0.17743473508200802
2021-05-01 07:35:57,055 Epoch 73 	 Loss 0.18096709480652443
2021-05-01 07:36:49,950 Epoch 74 	 Loss 0.17800863283676105
2021-05-01 07:37:42,776 Epoch 75 	 Loss 0.17634452633805328
2021-05-01 07:38:35,726 Epoch 76 	 Loss 0.17673283225887423
2021-05-01 07:39:28,639 Epoch 77 	 Loss 0.1771886347086875
2021-05-01 07:40:21,618 Epoch 78 	 Loss 0.1746337700348634
2021-05-01 07:41:14,564 Epoch 79 	 Loss 0.17588119438061348
2021-05-01 07:42:07,464 Epoch 80 	 Loss 0.17873777809378866
2021-05-01 07:43:00,397 Epoch 81 	 Loss 0.1766083402620567
2021-05-01 07:43:53,295 Epoch 82 	 Loss 0.17298589614066448
2021-05-01 07:44:46,236 Epoch 83 	 Loss 0.17530491948127747
2021-05-01 07:45:39,214 Epoch 84 	 Loss 0.17568028922919388
2021-05-01 07:46:32,267 Epoch 85 	 Loss 0.17502473867856538
2021-05-01 07:47:25,092 Epoch 86 	 Loss 0.1721754586631125
2021-05-01 07:48:18,075 Epoch 87 	 Loss 0.17733895991529738
2021-05-01 07:49:11,151 Epoch 88 	 Loss 0.17228325071570638
2021-05-01 07:50:04,062 Epoch 89 	 Loss 0.17305895538775476
2021-05-01 07:50:57,063 Epoch 90 	 Loss 0.173827058666355
2021-05-01 07:51:50,006 Epoch 91 	 Loss 0.17137335879462107
2021-05-01 07:52:42,896 Epoch 92 	 Loss 0.1751862788920874
2021-05-01 07:53:35,934 Epoch 93 	 Loss 0.1719955094568022
2021-05-01 07:54:28,919 Epoch 94 	 Loss 0.1726573836672437
2021-05-01 07:55:21,884 Epoch 95 	 Loss 0.17116169533231756
2021-05-01 07:56:14,740 Epoch 96 	 Loss 0.17104507999105767
2021-05-01 07:57:07,678 Epoch 97 	 Loss 0.17360412059249458
2021-05-01 07:58:00,686 Epoch 98 	 Loss 0.16934974033098954
2021-05-01 07:58:53,738 Epoch 99 	 Loss 0.1741436875455982
2021-05-01 07:59:12,907 RESULT FOR DATASET CVC-300

2021-05-01 07:59:12,907 ==============================
2021-05-01 07:59:12,907 

2021-05-01 07:59:12,907 recall: 0.9647657295068105

2021-05-01 07:59:12,907 specificity: 0.989201870560646

2021-05-01 07:59:12,907 precision: 0.8205083972464006

2021-05-01 07:59:12,907 F1: 0.8623927923540274

2021-05-01 07:59:12,907 F2: 0.9032775724927584

2021-05-01 07:59:12,907 ACC_overall: 0.9883769998947779

2021-05-01 07:59:12,907 IoU_poly: 0.7945869060854117

2021-05-01 07:59:12,907 IoU_bg: 0.987984636425972

2021-05-01 07:59:12,907 IoU_mean: 0.8912857721249262

2021-05-01 07:59:12,907 ==============================
2021-05-01 07:59:12,907 

2021-05-01 07:59:28,723 RESULT FOR DATASET CVC-ClinicDB

2021-05-01 07:59:28,723 ==============================
2021-05-01 07:59:28,723 

2021-05-01 07:59:28,723 recall: 0.9518061876296997

2021-05-01 07:59:28,723 specificity: 0.9927970699725612

2021-05-01 07:59:28,724 precision: 0.8950581489911964

2021-05-01 07:59:28,724 F1: 0.9093178439765207

2021-05-01 07:59:28,724 F2: 0.9227516497335126

2021-05-01 07:59:28,724 ACC_overall: 0.9892704986756847

2021-05-01 07:59:28,724 IoU_poly: 0.8579965734313573

2021-05-01 07:59:28,724 IoU_bg: 0.987544676949901

2021-05-01 07:59:28,724 IoU_mean: 0.9227706222764908

2021-05-01 07:59:28,724 ==============================
2021-05-01 07:59:28,724 

2021-05-01 07:59:59,294 RESULT FOR DATASET Kvasir

2021-05-01 07:59:59,294 ==============================
2021-05-01 07:59:59,294 

2021-05-01 07:59:59,294 recall: 0.9048886127769947

2021-05-01 07:59:59,295 specificity: 0.9842471200227737

2021-05-01 07:59:59,295 precision: 0.9180671220272779

2021-05-01 07:59:59,295 F1: 0.8952870097756386

2021-05-01 07:59:59,295 F2: 0.8953597748279571

2021-05-01 07:59:59,295 ACC_overall: 0.9698523670434952

2021-05-01 07:59:59,295 IoU_poly: 0.8403297685831785

2021-05-01 07:59:59,295 IoU_bg: 0.9627886605262757

2021-05-01 07:59:59,295 IoU_mean: 0.9015592131018638

2021-05-01 07:59:59,295 ==============================
2021-05-01 07:59:59,295 

2021-05-01 08:02:00,583 RESULT FOR DATASET CVC-ColonDB

2021-05-01 08:02:00,583 ==============================
2021-05-01 08:02:00,583 

2021-05-01 08:02:00,583 recall: 0.8659659842388321

2021-05-01 08:02:00,583 specificity: 0.9817646403061716

2021-05-01 08:02:00,583 precision: 0.8014434145996443

2021-05-01 08:02:00,583 F1: 0.7940775097620165

2021-05-01 08:02:00,583 F2: 0.8130796998076796

2021-05-01 08:02:00,584 ACC_overall: 0.9653379672452023

2021-05-01 08:02:00,584 IoU_poly: 0.7152717424112014

2021-05-01 08:02:00,584 IoU_bg: 0.9609822345407386

2021-05-01 08:02:00,584 IoU_mean: 0.838126987767847

2021-05-01 08:02:00,584 ==============================
2021-05-01 08:02:00,584 

2021-05-01 08:03:22,903 RESULT FOR DATASET ETIS-LaribPolypDB

2021-05-01 08:03:22,903 ==============================
2021-05-01 08:03:22,903 

2021-05-01 08:03:22,903 recall: 0.848457346626182

2021-05-01 08:03:22,903 specificity: 0.9836441412263986

2021-05-01 08:03:22,903 precision: 0.692052520842237

2021-05-01 08:03:22,903 F1: 0.733831131953649

2021-05-01 08:03:22,903 F2: 0.7829320490288539

2021-05-01 08:03:22,904 ACC_overall: 0.9812023657925275

2021-05-01 08:03:22,904 IoU_poly: 0.6509600849788498

2021-05-01 08:03:22,904 IoU_bg: 0.9803574322437754

2021-05-01 08:03:22,904 IoU_mean: 0.8156587597058744

2021-05-01 08:03:22,904 ==============================
2021-05-01 08:03:22,904 

