2021-04-27 11:59:59,766 Epoch 0 	 Loss 0.6543150842189789
2021-04-27 12:00:39,599 Epoch 1 	 Loss 0.32470276182169444
2021-04-27 12:01:19,375 Epoch 2 	 Loss 0.23226688081746574
2021-04-27 12:01:59,245 Epoch 3 	 Loss 0.19372514758136247
2021-04-27 12:02:39,170 Epoch 4 	 Loss 0.17163771931286698
2021-04-27 12:03:19,095 Epoch 5 	 Loss 0.16917397597661385
2021-04-27 12:03:59,099 Epoch 6 	 Loss 0.14463585230347875
2021-04-27 12:04:39,056 Epoch 7 	 Loss 0.12086759360281976
2021-04-27 12:05:18,998 Epoch 8 	 Loss 0.11111628468875047
2021-04-27 12:05:58,921 Epoch 9 	 Loss 0.10258449270175053
2021-04-27 12:06:38,909 Epoch 10 	 Loss 0.09300719250689496
2021-04-27 12:07:18,866 Epoch 11 	 Loss 0.0849772374872323
2021-04-27 12:07:58,854 Epoch 12 	 Loss 0.07909672289759248
2021-04-27 12:08:38,781 Epoch 13 	 Loss 0.08613867951290947
2021-04-27 12:09:18,734 Epoch 14 	 Loss 0.11083824596889727
2021-04-27 12:09:58,689 Epoch 15 	 Loss 0.10766978365379376
2021-04-27 12:10:38,632 Epoch 16 	 Loss 0.08075301406475213
2021-04-27 12:11:18,563 Epoch 17 	 Loss 0.06945454083628706
2021-04-27 12:11:58,535 Epoch 18 	 Loss 0.0647307053044602
2021-04-27 12:12:38,449 Epoch 19 	 Loss 0.06272123844086469
2021-04-27 12:13:18,395 Epoch 20 	 Loss 0.06008384217108999
2021-04-27 12:13:58,308 Epoch 21 	 Loss 0.05828049512846129
2021-04-27 12:14:38,312 Epoch 22 	 Loss 0.0566803195646831
2021-04-27 12:15:18,238 Epoch 23 	 Loss 0.0560980241049777
2021-04-27 12:15:58,267 Epoch 24 	 Loss 0.05434425408532331
2021-04-27 12:16:38,221 Epoch 25 	 Loss 0.053001417604449035
2021-04-27 12:17:18,230 Epoch 26 	 Loss 0.052592871198942376
2021-04-27 12:17:58,160 Epoch 27 	 Loss 0.052117842444024245
2021-04-27 12:18:38,135 Epoch 28 	 Loss 0.05105924659541675
2021-04-27 12:19:18,082 Epoch 29 	 Loss 0.05050118517253425
2021-04-27 12:19:58,004 Epoch 30 	 Loss 0.04984647805219168
2021-04-27 12:20:37,970 Epoch 31 	 Loss 0.048899754063113705
2021-04-27 12:21:17,891 Epoch 32 	 Loss 0.04828273402629318
2021-04-27 12:21:57,881 Epoch 33 	 Loss 0.047664109085287364
2021-04-27 12:22:37,855 Epoch 34 	 Loss 0.04719660799581926
2021-04-27 12:23:17,808 Epoch 35 	 Loss 0.04680590675427364
2021-04-27 12:23:57,761 Epoch 36 	 Loss 0.04648728251129716
2021-04-27 12:24:37,742 Epoch 37 	 Loss 0.045959976880432483
2021-04-27 12:25:17,728 Epoch 38 	 Loss 0.04556390377027648
2021-04-27 12:25:57,706 Epoch 39 	 Loss 0.04511717064203797
2021-04-27 12:26:37,622 Epoch 40 	 Loss 0.04455960357745925
2021-04-27 12:27:17,585 Epoch 41 	 Loss 0.044194615190173245
2021-04-27 12:27:57,515 Epoch 42 	 Loss 0.043620983977894205
2021-04-27 12:28:37,392 Epoch 43 	 Loss 0.04317787829991225
2021-04-27 12:29:17,354 Epoch 44 	 Loss 0.04291869184145561
2021-04-27 12:29:57,240 Epoch 45 	 Loss 0.04251648207287212
2021-04-27 12:30:37,182 Epoch 46 	 Loss 0.041932041746574444
2021-04-27 12:31:17,108 Epoch 47 	 Loss 0.04151983997160262
2021-04-27 12:31:57,053 Epoch 48 	 Loss 0.04153334549986399
2021-04-27 12:32:36,970 Epoch 49 	 Loss 0.04140317878061599
2021-04-27 12:33:16,904 Epoch 50 	 Loss 0.04101853093111908
2021-04-27 12:33:56,845 Epoch 51 	 Loss 0.040806309084643375
2021-04-27 12:34:36,848 Epoch 52 	 Loss 0.040588193910790014
2021-04-27 12:35:16,758 Epoch 53 	 Loss 0.04043897433759092
2021-04-27 12:35:56,673 Epoch 54 	 Loss 0.04019520313038931
2021-04-27 12:36:36,580 Epoch 55 	 Loss 0.040027462805692963
2021-04-27 12:37:16,493 Epoch 56 	 Loss 0.039657697409063906
2021-04-27 12:37:56,440 Epoch 57 	 Loss 0.039307339915207455
2021-04-27 12:38:36,365 Epoch 58 	 Loss 0.03929016845566886
2021-04-27 12:39:16,282 Epoch 59 	 Loss 0.039164937868878084
2021-04-27 12:39:56,251 Epoch 60 	 Loss 0.03887323580764152
2021-04-27 12:40:36,161 Epoch 61 	 Loss 0.038802402605722236
2021-04-27 12:41:16,079 Epoch 62 	 Loss 0.03884032503752918
2021-04-27 12:41:56,001 Epoch 63 	 Loss 0.03884276518454918
2021-04-27 12:42:35,997 Epoch 64 	 Loss 0.03864897513291338
2021-04-27 12:43:15,963 Epoch 65 	 Loss 0.03840018976684455
2021-04-27 12:43:55,950 Epoch 66 	 Loss 0.03824635505021273
2021-04-27 12:44:35,916 Epoch 67 	 Loss 0.038129585825807444
2021-04-27 12:45:15,930 Epoch 68 	 Loss 0.03800368141178247
2021-04-27 12:45:55,878 Epoch 69 	 Loss 0.03792004365023676
2021-04-27 12:46:35,858 Epoch 70 	 Loss 0.037866495918114106
2021-04-27 12:47:15,837 Epoch 71 	 Loss 0.03777618988693415
2021-04-27 12:47:55,849 Epoch 72 	 Loss 0.03769955755426334
2021-04-27 12:48:35,816 Epoch 73 	 Loss 0.037637446976297506
2021-04-27 12:49:15,798 Epoch 74 	 Loss 0.03756532335019374
2021-04-27 12:49:55,769 Epoch 75 	 Loss 0.03745477740744968
2021-04-27 12:50:35,741 Epoch 76 	 Loss 0.03743718146950334
2021-04-27 12:51:15,704 Epoch 77 	 Loss 0.03734913939139345
2021-04-27 12:51:55,712 Epoch 78 	 Loss 0.037360421453530974
2021-04-27 12:52:35,687 Epoch 79 	 Loss 0.037294538016175174
2021-04-27 12:53:15,645 Epoch 80 	 Loss 0.03722670355013439
2021-04-27 12:53:55,611 Epoch 81 	 Loss 0.03720688856728784
2021-04-27 12:54:35,523 Epoch 82 	 Loss 0.03717397399001069
2021-04-27 12:55:15,488 Epoch 83 	 Loss 0.037172285082576036
2021-04-27 12:55:55,417 Epoch 84 	 Loss 0.037064892782287286
2021-04-27 12:56:35,436 Epoch 85 	 Loss 0.037051299320799966
2021-04-27 12:57:15,384 Epoch 86 	 Loss 0.03703368766294731
2021-04-27 12:57:55,341 Epoch 87 	 Loss 0.036976285851918735
2021-04-27 12:58:35,311 Epoch 88 	 Loss 0.03702314173454767
2021-04-27 12:59:15,269 Epoch 89 	 Loss 0.0369410066977962
2021-04-27 12:59:55,239 Epoch 90 	 Loss 0.03693155412163053
2021-04-27 13:00:35,251 Epoch 91 	 Loss 0.03695399633475712
2021-04-27 13:01:15,207 Epoch 92 	 Loss 0.03692416048475674
2021-04-27 13:01:55,121 Epoch 93 	 Loss 0.0368937407876109
2021-04-27 13:02:35,060 Epoch 94 	 Loss 0.036947634521421496
2021-04-27 13:03:15,054 Epoch 95 	 Loss 0.0368522387611997
2021-04-27 13:03:55,038 Epoch 96 	 Loss 0.03685728730736198
2021-04-27 13:04:35,007 Epoch 97 	 Loss 0.03687347250652837
2021-04-27 13:05:15,008 Epoch 98 	 Loss 0.03688929172662588
2021-04-27 13:05:54,931 Epoch 99 	 Loss 0.036872608976049735
2021-04-27 13:06:14,312 RESULT FOR DATASET CVC-300

2021-04-27 13:06:14,313 ==============================
2021-04-27 13:06:14,313 

2021-04-27 13:06:14,313 recall: 0.9278495788574219

2021-04-27 13:06:14,313 specificity: 0.9959057480096817

2021-04-27 13:06:14,313 precision: 0.8801234642664592

2021-04-27 13:06:14,313 F1: 0.8918548370401065

2021-04-27 13:06:14,313 F2: 0.910311172157526

2021-04-27 13:06:14,313 ACC_overall: 0.9939001152912775

2021-04-27 13:06:14,313 IoU_poly: 0.8246687290569147

2021-04-27 13:06:14,313 IoU_bg: 0.9936769266923269

2021-04-27 13:06:14,313 IoU_mean: 0.9091728289922079

2021-04-27 13:06:14,313 ==============================
2021-04-27 13:06:14,313 

2021-04-27 13:06:29,875 RESULT FOR DATASET CVC-ClinicDB

2021-04-27 13:06:29,875 ==============================
2021-04-27 13:06:29,875 

2021-04-27 13:06:29,875 recall: 0.878706995669129

2021-04-27 13:06:29,875 specificity: 0.9961640306057469

2021-04-27 13:06:29,876 precision: 0.9248669424484814

2021-04-27 13:06:29,876 F1: 0.8713804435777298

2021-04-27 13:06:29,876 F2: 0.8747709914572507

2021-04-27 13:06:29,876 ACC_overall: 0.9864647878754523

2021-04-27 13:06:29,876 IoU_poly: 0.8252017734161082

2021-04-27 13:06:29,876 IoU_bg: 0.9849149430951765

2021-04-27 13:06:29,876 IoU_mean: 0.9050583599075195

2021-04-27 13:06:29,876 ==============================
2021-04-27 13:06:29,876 

2021-04-27 13:06:59,729 RESULT FOR DATASET Kvasir

2021-04-27 13:06:59,729 ==============================
2021-04-27 13:06:59,729 

2021-04-27 13:06:59,729 recall: 0.8750966004934162

2021-04-27 13:06:59,730 specificity: 0.9881171780824661

2021-04-27 13:06:59,730 precision: 0.914266754463315

2021-04-27 13:06:59,730 F1: 0.8747713721916079

2021-04-27 13:06:59,730 F2: 0.8708311365172267

2021-04-27 13:06:59,730 ACC_overall: 0.9689552891254425

2021-04-27 13:06:59,730 IoU_poly: 0.8127544778492302

2021-04-27 13:06:59,730 IoU_bg: 0.9602401095628739

2021-04-27 13:06:59,730 IoU_mean: 0.8864972931146622

2021-04-27 13:06:59,730 ==============================
2021-04-27 13:06:59,730 

2021-04-27 13:08:54,700 RESULT FOR DATASET CVC-ColonDB

2021-04-27 13:08:54,700 ==============================
2021-04-27 13:08:54,701 

2021-04-27 13:08:54,701 recall: 0.6609729869560792

2021-04-27 13:08:54,701 specificity: 0.9957047741664083

2021-04-27 13:08:54,701 precision: 0.8995157477052999

2021-04-27 13:08:54,701 F1: 0.669351356187496

2021-04-27 13:08:54,701 F2: 0.6597317892188406

2021-04-27 13:08:54,701 ACC_overall: 0.9571297229120606

2021-04-27 13:08:54,701 IoU_poly: 0.5998981242638377

2021-04-27 13:08:54,701 IoU_bg: 0.9557087171234583

2021-04-27 13:08:54,701 IoU_mean: 0.777803423255682

2021-04-27 13:08:54,701 ==============================
2021-04-27 13:08:54,701 

2021-04-27 13:10:16,081 RESULT FOR DATASET ETIS-LaribPolypDB

2021-04-27 13:10:16,081 ==============================
2021-04-27 13:10:16,081 

2021-04-27 13:10:16,081 recall: 0.5894763144605237

2021-04-27 13:10:16,081 specificity: 0.9917872867413929

2021-04-27 13:10:16,081 precision: 0.7810680061291498

2021-04-27 13:10:16,081 F1: 0.5741258178327928

2021-04-27 13:10:16,081 F2: 0.5791550995438822

2021-04-27 13:10:16,081 ACC_overall: 0.9821743873917327

2021-04-27 13:10:16,081 IoU_poly: 0.5114067696471215

2021-04-27 13:10:16,081 IoU_bg: 0.9812007671108052

2021-04-27 13:10:16,081 IoU_mean: 0.7463037719836041

2021-04-27 13:10:16,081 ==============================
2021-04-27 13:10:16,081 

