2021-04-26 11:04:16,592 RESULT FOR DATASET CVC-300

2021-04-26 11:04:16,592 ==============================
2021-04-26 11:04:16,592 

2021-04-26 11:04:16,592 recall: 0.9559470673402151

2021-04-26 11:04:16,592 specificity: 0.991596864660581

2021-04-26 11:04:16,593 precision: 0.836766634012262

2021-04-26 11:04:16,593 F1: 0.870841117699941

2021-04-26 11:04:16,593 F2: 0.9042834455768267

2021-04-26 11:04:16,593 ACC_overall: 0.9903627773125966

2021-04-26 11:04:16,593 IoU_poly: 0.8029475472867489

2021-04-26 11:04:16,593 IoU_bg: 0.9900557766358058

2021-04-26 11:04:16,593 IoU_mean: 0.8965016593535741

2021-04-26 11:04:16,593 ==============================
2021-04-26 11:04:16,593 

2021-04-26 11:04:31,472 RESULT FOR DATASET CVC-ClinicDB

2021-04-26 11:04:31,472 ==============================
2021-04-26 11:04:31,472 

2021-04-26 11:04:31,473 recall: 0.9196528385711586

2021-04-26 11:04:31,473 specificity: 0.9944077345632738

2021-04-26 11:04:31,473 precision: 0.9039254852687009

2021-04-26 11:04:31,473 F1: 0.905633770627901

2021-04-26 11:04:31,473 F2: 0.9107494076128088

2021-04-26 11:04:31,473 ACC_overall: 0.9911047700912722

2021-04-26 11:04:31,473 IoU_poly: 0.8603172891960111

2021-04-26 11:04:31,473 IoU_bg: 0.989643975611656

2021-04-26 11:04:31,473 IoU_mean: 0.9249806356045508

2021-04-26 11:04:31,473 ==============================
2021-04-26 11:04:31,473 

2021-04-26 11:05:00,282 RESULT FOR DATASET Kvasir

2021-04-26 11:05:00,282 ==============================
2021-04-26 11:05:00,282 

2021-04-26 11:05:00,282 recall: 0.9183286137878894

2021-04-26 11:05:00,282 specificity: 0.9898732709884643

2021-04-26 11:05:00,282 precision: 0.93786820307374

2021-04-26 11:05:00,282 F1: 0.9192982086539269

2021-04-26 11:05:00,282 F2: 0.91625708848238

2021-04-26 11:05:00,282 ACC_overall: 0.9774309998750687

2021-04-26 11:05:00,282 IoU_poly: 0.8687793689966202

2021-04-26 11:05:00,282 IoU_bg: 0.9701311612129211

2021-04-26 11:05:00,282 IoU_mean: 0.9194552630186081

2021-04-26 11:05:00,282 ==============================
2021-04-26 11:05:00,282 

2021-04-26 11:06:49,526 RESULT FOR DATASET CVC-ColonDB

2021-04-26 11:06:49,526 ==============================
2021-04-26 11:06:49,526 

2021-04-26 11:06:49,526 recall: 0.7944253314588016

2021-04-26 11:06:49,526 specificity: 0.988268226071408

2021-04-26 11:06:49,526 precision: 0.8122351879047959

2021-04-26 11:06:49,526 F1: 0.7483136910701911

2021-04-26 11:06:49,527 F2: 0.7585200160322265

2021-04-26 11:06:49,527 ACC_overall: 0.9625403989302485

2021-04-26 11:06:49,527 IoU_poly: 0.675734018493241

2021-04-26 11:06:49,527 IoU_bg: 0.9598368442372271

2021-04-26 11:06:49,527 IoU_mean: 0.8177854318367808

2021-04-26 11:06:49,527 ==============================
2021-04-26 11:06:49,527 

2021-04-26 11:08:09,246 RESULT FOR DATASET ETIS-LaribPolypDB

2021-04-26 11:08:09,246 ==============================
2021-04-26 11:08:09,246 

2021-04-26 11:08:09,247 recall: 0.8628479262025969

2021-04-26 11:08:09,247 specificity: 0.984497142081358

2021-04-26 11:08:09,247 precision: 0.7250072777548449

2021-04-26 11:08:09,247 F1: 0.7508539272588148

2021-04-26 11:08:09,247 F2: 0.801895483251057

2021-04-26 11:08:09,247 ACC_overall: 0.9825358241796494

2021-04-26 11:08:09,247 IoU_poly: 0.6626576796785968

2021-04-26 11:08:09,247 IoU_bg: 0.9814034210784095

2021-04-26 11:08:09,247 IoU_mean: 0.8220305499069545

2021-04-26 11:08:09,247 ==============================
2021-04-26 11:08:09,247 

