2021-04-26 11:12:46,645 RESULT FOR DATASET CVC-300

2021-04-26 11:12:46,646 ==============================
2021-04-26 11:12:46,646 

2021-04-26 11:12:46,646 recall: 0.9641663571198781

2021-04-26 11:12:46,646 specificity: 0.9908694426218668

2021-04-26 11:12:46,646 precision: 0.8237028868248065

2021-04-26 11:12:46,646 F1: 0.8678186014294624

2021-04-26 11:12:46,646 F2: 0.9091522951920827

2021-04-26 11:12:46,646 ACC_overall: 0.9899715423583985

2021-04-26 11:12:46,646 IoU_poly: 0.797276700163881

2021-04-26 11:12:46,646 IoU_bg: 0.9896213223536809

2021-04-26 11:12:46,646 IoU_mean: 0.893449009458224

2021-04-26 11:12:46,646 ==============================
2021-04-26 11:12:46,647 

2021-04-26 11:13:01,828 RESULT FOR DATASET CVC-ClinicDB

2021-04-26 11:13:01,828 ==============================
2021-04-26 11:13:01,828 

2021-04-26 11:13:01,828 recall: 0.9237985882547594

2021-04-26 11:13:01,828 specificity: 0.9950483104875011

2021-04-26 11:13:01,829 precision: 0.8992470807457839

2021-04-26 11:13:01,829 F1: 0.9059883880151075

2021-04-26 11:13:01,829 F2: 0.9136605494704488

2021-04-26 11:13:01,829 ACC_overall: 0.9911706860988371

2021-04-26 11:13:01,829 IoU_poly: 0.8572506468880156

2021-04-26 11:13:01,829 IoU_bg: 0.9894776690390802

2021-04-26 11:13:01,829 IoU_mean: 0.9233641576382422

2021-04-26 11:13:01,829 ==============================
2021-04-26 11:13:01,829 

2021-04-26 11:13:30,655 RESULT FOR DATASET Kvasir

2021-04-26 11:13:30,655 ==============================
2021-04-26 11:13:30,655 

2021-04-26 11:13:30,655 recall: 0.9129067146778107

2021-04-26 11:13:30,655 specificity: 0.991148139834404

2021-04-26 11:13:30,655 precision: 0.9414680883288383

2021-04-26 11:13:30,655 F1: 0.9179934361577033

2021-04-26 11:13:30,655 F2: 0.9132965061068535

2021-04-26 11:13:30,655 ACC_overall: 0.9748725891113281

2021-04-26 11:13:30,655 IoU_poly: 0.8663599622249604

2021-04-26 11:13:30,655 IoU_bg: 0.9676918908953667

2021-04-26 11:13:30,656 IoU_mean: 0.9170259284973145

2021-04-26 11:13:30,656 ==============================
2021-04-26 11:13:30,656 

2021-04-26 11:15:20,635 RESULT FOR DATASET CVC-ColonDB

2021-04-26 11:15:20,635 ==============================
2021-04-26 11:15:20,635 

2021-04-26 11:15:20,635 recall: 0.8218547993191637

2021-04-26 11:15:20,635 specificity: 0.9856284431721035

2021-04-26 11:15:20,635 precision: 0.7929341653164508

2021-04-26 11:15:20,635 F1: 0.760701465839386

2021-04-26 11:15:20,635 F2: 0.7777206442478114

2021-04-26 11:15:20,635 ACC_overall: 0.9608567288047389

2021-04-26 11:15:20,635 IoU_poly: 0.6828080069321458

2021-04-26 11:15:20,636 IoU_bg: 0.9581049654828875

2021-04-26 11:15:20,636 IoU_mean: 0.8204564856855493

2021-04-26 11:15:20,636 ==============================
2021-04-26 11:15:20,636 

2021-04-26 11:16:40,580 RESULT FOR DATASET ETIS-LaribPolypDB

2021-04-26 11:16:40,581 ==============================
2021-04-26 11:16:40,581 

2021-04-26 11:16:40,581 recall: 0.8853669742932523

2021-04-26 11:16:40,581 specificity: 0.9780114782708031

2021-04-26 11:16:40,581 precision: 0.7043498431222843

2021-04-26 11:16:40,581 F1: 0.7506589148031114

2021-04-26 11:16:40,581 F2: 0.8001254960843709

2021-04-26 11:16:40,581 ACC_overall: 0.9763014435159917

2021-04-26 11:16:40,581 IoU_poly: 0.6688794924526561

2021-04-26 11:16:40,581 IoU_bg: 0.9753329370703016

2021-04-26 11:16:40,581 IoU_mean: 0.8221062161788648

2021-04-26 11:16:40,581 ==============================
2021-04-26 11:16:40,581 

