2021-04-26 11:08:32,695 RESULT FOR DATASET CVC-300

2021-04-26 11:08:32,695 ==============================
2021-04-26 11:08:32,695 

2021-04-26 11:08:32,695 recall: 0.962359352906545

2021-04-26 11:08:32,696 specificity: 0.990205192565918

2021-04-26 11:08:32,696 precision: 0.8313885380824407

2021-04-26 11:08:32,696 F1: 0.8670708128561576

2021-04-26 11:08:32,696 F2: 0.9007136131326358

2021-04-26 11:08:32,696 ACC_overall: 0.9891734590133031

2021-04-26 11:08:32,696 IoU_poly: 0.8029172838975985

2021-04-26 11:08:32,696 IoU_bg: 0.9888950566450755

2021-04-26 11:08:32,696 IoU_mean: 0.8959061687191328

2021-04-26 11:08:32,696 ==============================
2021-04-26 11:08:32,696 

2021-04-26 11:08:47,729 RESULT FOR DATASET CVC-ClinicDB

2021-04-26 11:08:47,729 ==============================
2021-04-26 11:08:47,729 

2021-04-26 11:08:47,729 recall: 0.9313092694707936

2021-04-26 11:08:47,730 specificity: 0.9947376664607755

2021-04-26 11:08:47,730 precision: 0.9110191146215995

2021-04-26 11:08:47,730 F1: 0.9158088382288453

2021-04-26 11:08:47,730 F2: 0.9230075879998866

2021-04-26 11:08:47,730 ACC_overall: 0.9892388505320395

2021-04-26 11:08:47,730 IoU_poly: 0.8661032091739828

2021-04-26 11:08:47,730 IoU_bg: 0.9872655483984178

2021-04-26 11:08:47,730 IoU_mean: 0.926684376693541

2021-04-26 11:08:47,730 ==============================
2021-04-26 11:08:47,730 

2021-04-26 11:09:16,531 RESULT FOR DATASET Kvasir

2021-04-26 11:09:16,531 ==============================
2021-04-26 11:09:16,531 

2021-04-26 11:09:16,532 recall: 0.8887545371055603

2021-04-26 11:09:16,532 specificity: 0.9925584757328033

2021-04-26 11:09:16,532 precision: 0.9402035556733608

2021-04-26 11:09:16,532 F1: 0.8996300294995307

2021-04-26 11:09:16,532 F2: 0.8901326304674149

2021-04-26 11:09:16,532 ACC_overall: 0.9716836959123611

2021-04-26 11:09:16,532 IoU_poly: 0.8431132264435292

2021-04-26 11:09:16,532 IoU_bg: 0.964809053838253

2021-04-26 11:09:16,532 IoU_mean: 0.9039611408114433

2021-04-26 11:09:16,532 ==============================
2021-04-26 11:09:16,532 

2021-04-26 11:11:05,859 RESULT FOR DATASET CVC-ColonDB

2021-04-26 11:11:05,859 ==============================
2021-04-26 11:11:05,859 

2021-04-26 11:11:05,859 recall: 0.8372036027615937

2021-04-26 11:11:05,859 specificity: 0.9868771832240255

2021-04-26 11:11:05,859 precision: 0.8139733155852044

2021-04-26 11:11:05,860 F1: 0.7823742644096408

2021-04-26 11:11:05,860 F2: 0.7965428071242825

2021-04-26 11:11:05,860 ACC_overall: 0.9636421510263493

2021-04-26 11:11:05,860 IoU_poly: 0.7015123251047714

2021-04-26 11:11:05,860 IoU_bg: 0.9605888646684195

2021-04-26 11:11:05,860 IoU_mean: 0.831050594621583

2021-04-26 11:11:05,860 ==============================
2021-04-26 11:11:05,860 

2021-04-26 11:12:25,826 RESULT FOR DATASET ETIS-LaribPolypDB

2021-04-26 11:12:25,826 ==============================
2021-04-26 11:12:25,826 

2021-04-26 11:12:25,826 recall: 0.8831323697462239

2021-04-26 11:12:25,826 specificity: 0.9844894074663824

2021-04-26 11:12:25,826 precision: 0.7247319767553396

2021-04-26 11:12:25,826 F1: 0.7715923310985294

2021-04-26 11:12:25,826 F2: 0.8177494132650169

2021-04-26 11:12:25,826 ACC_overall: 0.9829660508097434

2021-04-26 11:12:25,826 IoU_poly: 0.6924400560276447

2021-04-26 11:12:25,826 IoU_bg: 0.98212816459792

2021-04-26 11:12:25,827 IoU_mean: 0.8372841112467707

2021-04-26 11:12:25,827 ==============================
2021-04-26 11:12:25,827 

