2021-04-26 04:03:30,222 RESULT FOR DATASET CVC-300

2021-04-26 04:03:30,222 ==============================
2021-04-26 04:03:30,222 

2021-04-26 04:03:30,222 recall: 0.923804565705359

2021-04-26 04:03:30,222 specificity: 0.9950469175974528

2021-04-26 04:03:30,222 precision: 0.8689463511109352

2021-04-26 04:03:30,222 F1: 0.8764964455117782

2021-04-26 04:03:30,222 F2: 0.9009210130510231

2021-04-26 04:03:30,222 ACC_overall: 0.9932695140441259

2021-04-26 04:03:30,222 IoU_poly: 0.8090038801543414

2021-04-26 04:03:30,222 IoU_bg: 0.992960195740064

2021-04-26 04:03:30,222 IoU_mean: 0.9009820342063903

2021-04-26 04:03:30,222 ==============================
2021-04-26 04:03:30,222 

2021-04-26 04:03:45,175 RESULT FOR DATASET CVC-ClinicDB

2021-04-26 04:03:45,175 ==============================
2021-04-26 04:03:45,175 

2021-04-26 04:03:45,175 recall: 0.8795708320864041

2021-04-26 04:03:45,175 specificity: 0.995595246553421

2021-04-26 04:03:45,175 precision: 0.9405577105860556

2021-04-26 04:03:45,175 F1: 0.8759163500940157

2021-04-26 04:03:45,176 F2: 0.8772043480534076

2021-04-26 04:03:45,176 ACC_overall: 0.9866641481076518

2021-04-26 04:03:45,176 IoU_poly: 0.8276379994396496

2021-04-26 04:03:45,176 IoU_bg: 0.9845721567830732

2021-04-26 04:03:45,176 IoU_mean: 0.9061050789971505

2021-04-26 04:03:45,176 ==============================
2021-04-26 04:03:45,176 

2021-04-26 04:04:14,047 RESULT FOR DATASET Kvasir

2021-04-26 04:04:14,047 ==============================
2021-04-26 04:04:14,047 

2021-04-26 04:04:14,047 recall: 0.8842887908214471

2021-04-26 04:04:14,047 specificity: 0.9885697048902512

2021-04-26 04:04:14,047 precision: 0.9153991917078383

2021-04-26 04:04:14,047 F1: 0.8818034165672725

2021-04-26 04:04:14,047 F2: 0.8800825661679846

2021-04-26 04:04:14,047 ACC_overall: 0.9687356585264206

2021-04-26 04:04:14,047 IoU_poly: 0.82169419618338

2021-04-26 04:04:14,047 IoU_bg: 0.9606344878673554

2021-04-26 04:04:14,048 IoU_mean: 0.8911643412709236

2021-04-26 04:04:14,048 ==============================
2021-04-26 04:04:14,048 

2021-04-26 04:06:03,394 RESULT FOR DATASET CVC-ColonDB

2021-04-26 04:06:03,394 ==============================
2021-04-26 04:06:03,394 

2021-04-26 04:06:03,394 recall: 0.6628821719369518

2021-04-26 04:06:03,394 specificity: 0.9964696628482719

2021-04-26 04:06:03,394 precision: 0.8969404248824024

2021-04-26 04:06:03,394 F1: 0.6701719321499455

2021-04-26 04:06:03,395 F2: 0.6627707070091805

2021-04-26 04:06:03,395 ACC_overall: 0.9572554684783283

2021-04-26 04:06:03,395 IoU_poly: 0.6013828958578977

2021-04-26 04:06:03,395 IoU_bg: 0.9559669271111488

2021-04-26 04:06:03,395 IoU_mean: 0.7786749128840471

2021-04-26 04:06:03,395 ==============================
2021-04-26 04:06:03,395 

2021-04-26 04:07:23,538 RESULT FOR DATASET ETIS-LaribPolypDB

2021-04-26 04:07:23,538 ==============================
2021-04-26 04:07:23,538 

2021-04-26 04:07:23,538 recall: 0.616877729285803

2021-04-26 04:07:23,538 specificity: 0.9918417927561974

2021-04-26 04:07:23,538 precision: 0.7856794198340102

2021-04-26 04:07:23,538 F1: 0.5865313711356809

2021-04-26 04:07:23,538 F2: 0.5995011318367762

2021-04-26 04:07:23,538 ACC_overall: 0.9819007807848404

2021-04-26 04:07:23,539 IoU_poly: 0.5185100729256044

2021-04-26 04:07:23,539 IoU_bg: 0.9808593197744719

2021-04-26 04:07:23,539 IoU_mean: 0.7496846958386655

2021-04-26 04:07:23,539 ==============================
2021-04-26 04:07:23,539 

