2021-04-26 04:12:00,909 RESULT FOR DATASET CVC-300

2021-04-26 04:12:00,909 ==============================
2021-04-26 04:12:00,910 

2021-04-26 04:12:00,910 recall: 0.9346539319803318

2021-04-26 04:12:00,910 specificity: 0.99268812139829

2021-04-26 04:12:00,910 precision: 0.8602206776539485

2021-04-26 04:12:00,910 F1: 0.8730817274714354

2021-04-26 04:12:00,910 F2: 0.902163938213683

2021-04-26 04:12:00,910 ACC_overall: 0.99140738149484

2021-04-26 04:12:00,910 IoU_poly: 0.8057038298497597

2021-04-26 04:12:00,910 IoU_bg: 0.9910613834857941

2021-04-26 04:12:00,910 IoU_mean: 0.898382601638635

2021-04-26 04:12:00,910 ==============================
2021-04-26 04:12:00,910 

2021-04-26 04:12:15,940 RESULT FOR DATASET CVC-ClinicDB

2021-04-26 04:12:15,940 ==============================
2021-04-26 04:12:15,940 

2021-04-26 04:12:15,940 recall: 0.9038389907340564

2021-04-26 04:12:15,940 specificity: 0.9961574471765949

2021-04-26 04:12:15,941 precision: 0.9341836927398559

2021-04-26 04:12:15,941 F1: 0.8951762337538023

2021-04-26 04:12:15,941 F2: 0.8957290009392666

2021-04-26 04:12:15,941 ACC_overall: 0.9877743019211677

2021-04-26 04:12:15,941 IoU_poly: 0.8461796204501297

2021-04-26 04:12:15,941 IoU_bg: 0.9856225098333051

2021-04-26 04:12:15,941 IoU_mean: 0.915901061988646

2021-04-26 04:12:15,941 ==============================
2021-04-26 04:12:15,941 

2021-04-26 04:12:44,850 RESULT FOR DATASET Kvasir

2021-04-26 04:12:44,850 ==============================
2021-04-26 04:12:44,850 

2021-04-26 04:12:44,850 recall: 0.8769932454265654

2021-04-26 04:12:44,850 specificity: 0.9858454823493957

2021-04-26 04:12:44,851 precision: 0.9160118068382144

2021-04-26 04:12:44,851 F1: 0.8789626177214086

2021-04-26 04:12:44,851 F2: 0.8741760593093931

2021-04-26 04:12:44,851 ACC_overall: 0.9680704367160797

2021-04-26 04:12:44,851 IoU_poly: 0.8157337915897369

2021-04-26 04:12:44,851 IoU_bg: 0.9590314149856567

2021-04-26 04:12:44,851 IoU_mean: 0.8873826012015342

2021-04-26 04:12:44,851 ==============================
2021-04-26 04:12:44,851 

2021-04-26 04:14:34,860 RESULT FOR DATASET CVC-ColonDB

2021-04-26 04:14:34,861 ==============================
2021-04-26 04:14:34,861 

2021-04-26 04:14:34,861 recall: 0.6974785232850021

2021-04-26 04:14:34,861 specificity: 0.9930245488882065

2021-04-26 04:14:34,861 precision: 0.8760393480838454

2021-04-26 04:14:34,861 F1: 0.6905101721683374

2021-04-26 04:14:34,861 F2: 0.6865578070368177

2021-04-26 04:14:34,861 ACC_overall: 0.9580919418680041

2021-04-26 04:14:34,861 IoU_poly: 0.6144640141152254

2021-04-26 04:14:34,861 IoU_bg: 0.9560357075772787

2021-04-26 04:14:34,861 IoU_mean: 0.7852498598788914

2021-04-26 04:14:34,861 ==============================
2021-04-26 04:14:34,861 

2021-04-26 04:15:54,813 RESULT FOR DATASET ETIS-LaribPolypDB

2021-04-26 04:15:54,813 ==============================
2021-04-26 04:15:54,813 

2021-04-26 04:15:54,813 recall: 0.667032869594318

2021-04-26 04:15:54,813 specificity: 0.9887992228780474

2021-04-26 04:15:54,813 precision: 0.7505260578731191

2021-04-26 04:15:54,813 F1: 0.6207211225193384

2021-04-26 04:15:54,814 F2: 0.6394374570412376

2021-04-26 04:15:54,814 ACC_overall: 0.9819165422600142

2021-04-26 04:15:54,814 IoU_poly: 0.5500148038976272

2021-04-26 04:15:54,814 IoU_bg: 0.9808452691958875

2021-04-26 04:15:54,814 IoU_mean: 0.765430037160309

2021-04-26 04:15:54,814 ==============================
2021-04-26 04:15:54,814 

