2021-04-26 04:07:46,640 RESULT FOR DATASET CVC-300

2021-04-26 04:07:46,640 ==============================
2021-04-26 04:07:46,640 

2021-04-26 04:07:46,640 recall: 0.9387885862340529

2021-04-26 04:07:46,641 specificity: 0.9950015187263489

2021-04-26 04:07:46,641 precision: 0.8666577676932017

2021-04-26 04:07:46,641 F1: 0.887568058570226

2021-04-26 04:07:46,641 F2: 0.9138949566831192

2021-04-26 04:07:46,641 ACC_overall: 0.9929138193527858

2021-04-26 04:07:46,641 IoU_poly: 0.819338177020351

2021-04-26 04:07:46,641 IoU_bg: 0.9925623774528504

2021-04-26 04:07:46,641 IoU_mean: 0.9059502810239792

2021-04-26 04:07:46,641 ==============================
2021-04-26 04:07:46,641 

2021-04-26 04:08:01,655 RESULT FOR DATASET CVC-ClinicDB

2021-04-26 04:08:01,655 ==============================
2021-04-26 04:08:01,655 

2021-04-26 04:08:01,655 recall: 0.8864112472642334

2021-04-26 04:08:01,655 specificity: 0.9960577093785808

2021-04-26 04:08:01,655 precision: 0.9217621102964791

2021-04-26 04:08:01,656 F1: 0.88779950844154

2021-04-26 04:08:01,656 F2: 0.8854510592138995

2021-04-26 04:08:01,656 ACC_overall: 0.9862412050847085

2021-04-26 04:08:01,656 IoU_poly: 0.8327655914979386

2021-04-26 04:08:01,656 IoU_bg: 0.9844207273375604

2021-04-26 04:08:01,656 IoU_mean: 0.9085931585681054

2021-04-26 04:08:01,656 ==============================
2021-04-26 04:08:01,656 

2021-04-26 04:08:30,477 RESULT FOR DATASET Kvasir

2021-04-26 04:08:30,477 ==============================
2021-04-26 04:08:30,477 

2021-04-26 04:08:30,477 recall: 0.8876990803750232

2021-04-26 04:08:30,477 specificity: 0.9873871672153473

2021-04-26 04:08:30,477 precision: 0.9136631977558136

2021-04-26 04:08:30,477 F1: 0.8850143584609031

2021-04-26 04:08:30,477 F2: 0.882106721997261

2021-04-26 04:08:30,477 ACC_overall: 0.9684727507829666

2021-04-26 04:08:30,477 IoU_poly: 0.8209166898299008

2021-04-26 04:08:30,477 IoU_bg: 0.9597239780426026

2021-04-26 04:08:30,477 IoU_mean: 0.8903203389048576

2021-04-26 04:08:30,477 ==============================
2021-04-26 04:08:30,478 

2021-04-26 04:10:20,099 RESULT FOR DATASET CVC-ColonDB

2021-04-26 04:10:20,099 ==============================
2021-04-26 04:10:20,099 

2021-04-26 04:10:20,100 recall: 0.6788587701512645

2021-04-26 04:10:20,100 specificity: 0.9946050290998659

2021-04-26 04:10:20,100 precision: 0.8649292578003951

2021-04-26 04:10:20,100 F1: 0.6765009184130433

2021-04-26 04:10:20,100 F2: 0.6725791293264437

2021-04-26 04:10:20,100 ACC_overall: 0.9589327632596618

2021-04-26 04:10:20,100 IoU_poly: 0.6057702426631546

2021-04-26 04:10:20,100 IoU_bg: 0.9571874709505784

2021-04-26 04:10:20,100 IoU_mean: 0.7814788577587981

2021-04-26 04:10:20,100 ==============================
2021-04-26 04:10:20,100 

2021-04-26 04:11:40,132 RESULT FOR DATASET ETIS-LaribPolypDB

2021-04-26 04:11:40,132 ==============================
2021-04-26 04:11:40,132 

2021-04-26 04:11:40,132 recall: 0.6339652918384728

2021-04-26 04:11:40,132 specificity: 0.9883342738054237

2021-04-26 04:11:40,132 precision: 0.7306852702577785

2021-04-26 04:11:40,132 F1: 0.5902631268542782

2021-04-26 04:11:40,132 F2: 0.6066937313573678

2021-04-26 04:11:40,132 ACC_overall: 0.9804112275644224

2021-04-26 04:11:40,133 IoU_poly: 0.5203409469953566

2021-04-26 04:11:40,133 IoU_bg: 0.9791808733526541

2021-04-26 04:11:40,133 IoU_mean: 0.7497609101083814

2021-04-26 04:11:40,133 ==============================
2021-04-26 04:11:40,133 

