2021-04-27 10:58:01,665 Epoch 0 	 Loss 0.7155999131910094
2021-04-27 10:58:36,016 Epoch 1 	 Loss 0.4052518506299008
2021-04-27 10:59:10,371 Epoch 2 	 Loss 0.29153387526889424
2021-04-27 10:59:44,772 Epoch 3 	 Loss 0.23586106316728905
2021-04-27 11:00:19,229 Epoch 4 	 Loss 0.20479326490517502
2021-04-27 11:00:53,728 Epoch 5 	 Loss 0.18141288171102712
2021-04-27 11:01:28,271 Epoch 6 	 Loss 0.16098927477231392
2021-04-27 11:02:02,748 Epoch 7 	 Loss 0.1436465575799837
2021-04-27 11:02:37,232 Epoch 8 	 Loss 0.14325212498942574
2021-04-27 11:03:11,722 Epoch 9 	 Loss 0.1286807697225403
2021-04-27 11:03:46,277 Epoch 10 	 Loss 0.1116426836003314
2021-04-27 11:04:20,778 Epoch 11 	 Loss 0.10518522503284308
2021-04-27 11:04:55,303 Epoch 12 	 Loss 0.0929056458420806
2021-04-27 11:05:29,747 Epoch 13 	 Loss 0.08586827059696009
2021-04-27 11:06:04,294 Epoch 14 	 Loss 0.08181247066010486
2021-04-27 11:06:38,871 Epoch 15 	 Loss 0.07834758363909773
2021-04-27 11:07:13,405 Epoch 16 	 Loss 0.07336009654042484
2021-04-27 11:07:47,934 Epoch 17 	 Loss 0.06936515466525005
2021-04-27 11:08:22,468 Epoch 18 	 Loss 0.06729495766889917
2021-04-27 11:08:56,965 Epoch 19 	 Loss 0.10150722827721428
2021-04-27 11:09:31,493 Epoch 20 	 Loss 0.08634553423949651
2021-04-27 11:10:05,955 Epoch 21 	 Loss 0.08538176618762068
2021-04-27 11:10:40,551 Epoch 22 	 Loss 0.08022316144062923
2021-04-27 11:11:15,059 Epoch 23 	 Loss 0.07537484209943604
2021-04-27 11:11:49,645 Epoch 24 	 Loss 0.06882933674605338
2021-04-27 11:12:24,099 Epoch 25 	 Loss 0.060727898809281027
2021-04-27 11:12:58,624 Epoch 26 	 Loss 0.05720192464170875
2021-04-27 11:13:33,111 Epoch 27 	 Loss 0.05538724751754121
2021-04-27 11:14:07,644 Epoch 28 	 Loss 0.052984772475211175
2021-04-27 11:14:42,183 Epoch 29 	 Loss 0.05227532626672105
2021-04-27 11:15:16,670 Epoch 30 	 Loss 0.051154619799210474
2021-04-27 11:15:51,209 Epoch 31 	 Loss 0.05013593945365686
2021-04-27 11:16:25,721 Epoch 32 	 Loss 0.04923410639985577
2021-04-27 11:17:00,245 Epoch 33 	 Loss 0.04882799629326705
2021-04-27 11:17:34,794 Epoch 34 	 Loss 0.04874994327406307
2021-04-27 11:18:09,295 Epoch 35 	 Loss 0.04797278164507269
2021-04-27 11:18:43,810 Epoch 36 	 Loss 0.04705380689311814
2021-04-27 11:19:18,377 Epoch 37 	 Loss 0.04635484299653179
2021-04-27 11:19:52,885 Epoch 38 	 Loss 0.04618835240438744
2021-04-27 11:20:27,363 Epoch 39 	 Loss 0.045981182297179984
2021-04-27 11:21:01,853 Epoch 40 	 Loss 0.04562214393537123
2021-04-27 11:21:36,348 Epoch 41 	 Loss 0.04503051805627215
2021-04-27 11:22:10,867 Epoch 42 	 Loss 0.0446577369757406
2021-04-27 11:22:45,324 Epoch 43 	 Loss 0.0446626970564926
2021-04-27 11:23:19,871 Epoch 44 	 Loss 0.04590147778719336
2021-04-27 11:23:54,332 Epoch 45 	 Loss 0.04402423727807108
2021-04-27 11:24:28,873 Epoch 46 	 Loss 0.042723300078740485
2021-04-27 11:25:03,362 Epoch 47 	 Loss 0.04223737837030338
2021-04-27 11:25:37,889 Epoch 48 	 Loss 0.04217756113835743
2021-04-27 11:26:12,403 Epoch 49 	 Loss 0.04199433564157276
2021-04-27 11:26:46,905 Epoch 50 	 Loss 0.04167405331691543
2021-04-27 11:27:21,415 Epoch 51 	 Loss 0.04171111663946739
2021-04-27 11:27:55,990 Epoch 52 	 Loss 0.04156070329494529
2021-04-27 11:28:30,482 Epoch 53 	 Loss 0.04123755249675814
2021-04-27 11:29:04,946 Epoch 54 	 Loss 0.04079832247161603
2021-04-27 11:29:39,429 Epoch 55 	 Loss 0.0403671869291709
2021-04-27 11:30:13,947 Epoch 56 	 Loss 0.04006021592643235
2021-04-27 11:30:48,460 Epoch 57 	 Loss 0.03994648264987128
2021-04-27 11:31:22,989 Epoch 58 	 Loss 0.039880139364318536
2021-04-27 11:31:57,476 Epoch 59 	 Loss 0.03969444101164629
2021-04-27 11:32:32,031 Epoch 60 	 Loss 0.03961762159571543
2021-04-27 11:33:06,545 Epoch 61 	 Loss 0.03941752872132993
2021-04-27 11:33:41,019 Epoch 62 	 Loss 0.03914933708997873
2021-04-27 11:34:15,501 Epoch 63 	 Loss 0.039242054939597516
2021-04-27 11:34:50,032 Epoch 64 	 Loss 0.03905655398637384
2021-04-27 11:35:24,546 Epoch 65 	 Loss 0.03879825758573773
2021-04-27 11:35:59,088 Epoch 66 	 Loss 0.038685767901140256
2021-04-27 11:36:33,631 Epoch 67 	 Loss 0.0385332910323536
2021-04-27 11:37:08,167 Epoch 68 	 Loss 0.03839950828434347
2021-04-27 11:37:42,634 Epoch 69 	 Loss 0.03837566593518624
2021-04-27 11:38:17,166 Epoch 70 	 Loss 0.03825538969793162
2021-04-27 11:38:51,694 Epoch 71 	 Loss 0.03820110972111042
2021-04-27 11:39:26,222 Epoch 72 	 Loss 0.0381455150443119
2021-04-27 11:40:00,764 Epoch 73 	 Loss 0.03809523025711814
2021-04-27 11:40:35,302 Epoch 74 	 Loss 0.037976426778586356
2021-04-27 11:41:09,832 Epoch 75 	 Loss 0.037876582325814846
2021-04-27 11:41:44,357 Epoch 76 	 Loss 0.03782100860889141
2021-04-27 11:42:18,903 Epoch 77 	 Loss 0.037723856435699775
2021-04-27 11:42:53,471 Epoch 78 	 Loss 0.03768357053235337
2021-04-27 11:43:28,006 Epoch 79 	 Loss 0.03763901651069358
2021-04-27 11:44:02,500 Epoch 80 	 Loss 0.03762662848764724
2021-04-27 11:44:37,009 Epoch 81 	 Loss 0.03755383938550949
2021-04-27 11:45:11,469 Epoch 82 	 Loss 0.03753648833422871
2021-04-27 11:45:45,997 Epoch 83 	 Loss 0.03752134318698894
2021-04-27 11:46:20,492 Epoch 84 	 Loss 0.03740989052496114
2021-04-27 11:46:55,021 Epoch 85 	 Loss 0.03739721954360113
2021-04-27 11:47:29,548 Epoch 86 	 Loss 0.03737910177845221
2021-04-27 11:48:04,086 Epoch 87 	 Loss 0.03732003247017389
2021-04-27 11:48:38,613 Epoch 88 	 Loss 0.03741576665869126
2021-04-27 11:49:13,141 Epoch 89 	 Loss 0.03728291981822842
2021-04-27 11:49:47,631 Epoch 90 	 Loss 0.037278823472641325
2021-04-27 11:50:22,176 Epoch 91 	 Loss 0.03729862834398563
2021-04-27 11:50:56,728 Epoch 92 	 Loss 0.0372699794287865
2021-04-27 11:51:31,199 Epoch 93 	 Loss 0.0372153076005506
2021-04-27 11:52:05,728 Epoch 94 	 Loss 0.03729228376523479
2021-04-27 11:52:40,305 Epoch 95 	 Loss 0.03720197716093326
2021-04-27 11:53:14,856 Epoch 96 	 Loss 0.03717932264719691
2021-04-27 11:53:49,380 Epoch 97 	 Loss 0.03720381336061509
2021-04-27 11:54:23,976 Epoch 98 	 Loss 0.03721828635904815
2021-04-27 11:54:58,526 Epoch 99 	 Loss 0.03720194649892849
2021-04-27 11:55:17,488 RESULT FOR DATASET CVC-300

2021-04-27 11:55:17,488 ==============================
2021-04-27 11:55:17,488 

2021-04-27 11:55:17,488 recall: 0.9034945053358873

2021-04-27 11:55:17,488 specificity: 0.996465070048968

2021-04-27 11:55:17,488 precision: 0.8841317027807236

2021-04-27 11:55:17,488 F1: 0.8796975741783778

2021-04-27 11:55:17,488 F2: 0.8901909410953521

2021-04-27 11:55:17,489 ACC_overall: 0.992623457312584

2021-04-27 11:55:17,489 IoU_poly: 0.8067974460621675

2021-04-27 11:55:17,489 IoU_bg: 0.992289783557256

2021-04-27 11:55:17,489 IoU_mean: 0.8995436151822408

2021-04-27 11:55:17,489 ==============================
2021-04-27 11:55:17,489 

2021-04-27 11:55:32,934 RESULT FOR DATASET CVC-ClinicDB

2021-04-27 11:55:32,934 ==============================
2021-04-27 11:55:32,934 

2021-04-27 11:55:32,934 recall: 0.8634981929076715

2021-04-27 11:55:32,935 specificity: 0.9948380945190307

2021-04-27 11:55:32,935 precision: 0.9330133406385299

2021-04-27 11:55:32,935 F1: 0.8639363041729666

2021-04-27 11:55:32,935 F2: 0.8626932335976181

2021-04-27 11:55:32,935 ACC_overall: 0.9852334337849771

2021-04-27 11:55:32,935 IoU_poly: 0.8118643122236996

2021-04-27 11:55:32,935 IoU_bg: 0.9830621894328825

2021-04-27 11:55:32,935 IoU_mean: 0.8974632515061286

2021-04-27 11:55:32,935 ==============================
2021-04-27 11:55:32,935 

2021-04-27 11:56:02,367 RESULT FOR DATASET Kvasir

2021-04-27 11:56:02,368 ==============================
2021-04-27 11:56:02,368 

2021-04-27 11:56:02,368 recall: 0.8741340618859976

2021-04-27 11:56:02,368 specificity: 0.9866978639364242

2021-04-27 11:56:02,368 precision: 0.915090797394514

2021-04-27 11:56:02,368 F1: 0.8684663417004049

2021-04-27 11:56:02,368 F2: 0.8654022932983935

2021-04-27 11:56:02,368 ACC_overall: 0.963154382109642

2021-04-27 11:56:02,368 IoU_poly: 0.8007972246594727

2021-04-27 11:56:02,368 IoU_bg: 0.9544591146707535

2021-04-27 11:56:02,368 IoU_mean: 0.8776281660795212

2021-04-27 11:56:02,368 ==============================
2021-04-27 11:56:02,368 

2021-04-27 11:57:56,559 RESULT FOR DATASET CVC-ColonDB

2021-04-27 11:57:56,559 ==============================
2021-04-27 11:57:56,559 

2021-04-27 11:57:56,560 recall: 0.6369412383892112

2021-04-27 11:57:56,560 specificity: 0.9957150531442542

2021-04-27 11:57:56,560 precision: 0.8942594301054525

2021-04-27 11:57:56,560 F1: 0.647459015586506

2021-04-27 11:57:56,560 F2: 0.637343013292872

2021-04-27 11:57:56,560 ACC_overall: 0.954309781836836

2021-04-27 11:57:56,560 IoU_poly: 0.5751502168033563

2021-04-27 11:57:56,560 IoU_bg: 0.9530222273186634

2021-04-27 11:57:56,560 IoU_mean: 0.7640862225701934

2021-04-27 11:57:56,560 ==============================
2021-04-27 11:57:56,560 

2021-04-27 11:59:17,437 RESULT FOR DATASET ETIS-LaribPolypDB

2021-04-27 11:59:17,437 ==============================
2021-04-27 11:59:17,437 

2021-04-27 11:59:17,437 recall: 0.5576055558509528

2021-04-27 11:59:17,437 specificity: 0.9923613804335497

2021-04-27 11:59:17,437 precision: 0.8153567083266177

2021-04-27 11:59:17,437 F1: 0.5462999602269167

2021-04-27 11:59:17,437 F2: 0.5486638611593374

2021-04-27 11:59:17,437 ACC_overall: 0.9782672411933238

2021-04-27 11:59:17,438 IoU_poly: 0.4773913897848634

2021-04-27 11:59:17,438 IoU_bg: 0.9771436355551895

2021-04-27 11:59:17,438 IoU_mean: 0.7272675113410366

2021-04-27 11:59:17,438 ==============================
2021-04-27 11:59:17,438 

