2021-04-28 05:20:10,696 Epoch 0 	 Loss 0.950997151516296
2021-04-28 05:22:21,040 Epoch 1 	 Loss 0.6869667578529526
2021-04-28 05:24:31,252 Epoch 2 	 Loss 0.5765501797854246
2021-04-28 05:26:41,522 Epoch 3 	 Loss 0.5086379313206935
2021-04-28 05:28:51,686 Epoch 4 	 Loss 0.4652476654602931
2021-04-28 05:31:01,880 Epoch 5 	 Loss 0.4268223155330826
2021-04-28 05:33:12,048 Epoch 6 	 Loss 0.40467190267620506
2021-04-28 05:35:22,254 Epoch 7 	 Loss 0.37485296352879033
2021-04-28 05:37:32,398 Epoch 8 	 Loss 0.3483403711528568
2021-04-28 05:39:42,602 Epoch 9 	 Loss 0.3462042336935525
2021-04-28 05:41:52,994 Epoch 10 	 Loss 0.32682856426134216
2021-04-28 05:44:03,333 Epoch 11 	 Loss 0.3188487507484771
2021-04-28 05:46:13,667 Epoch 12 	 Loss 0.320922851726249
2021-04-28 05:48:23,903 Epoch 13 	 Loss 0.3121727500315551
2021-04-28 05:50:34,267 Epoch 14 	 Loss 0.30398231974014867
2021-04-28 05:52:44,407 Epoch 15 	 Loss 0.29478875965207485
2021-04-28 05:54:54,590 Epoch 16 	 Loss 0.29252022963303786
2021-04-28 05:57:04,789 Epoch 17 	 Loss 0.2847551145068892
2021-04-28 05:59:14,994 Epoch 18 	 Loss 0.2679282734682272
2021-04-28 06:01:25,198 Epoch 19 	 Loss 0.27795291618331447
2021-04-28 06:03:35,586 Epoch 20 	 Loss 0.2641879264469985
2021-04-28 06:05:45,915 Epoch 21 	 Loss 0.2516565902547522
2021-04-28 06:07:56,339 Epoch 22 	 Loss 0.25303058309869453
2021-04-28 06:10:06,764 Epoch 23 	 Loss 0.2542955186013337
2021-04-28 06:12:16,958 Epoch 24 	 Loss 0.2506580167746806
2021-04-28 06:14:27,206 Epoch 25 	 Loss 0.25137584402665986
2021-04-28 06:16:37,680 Epoch 26 	 Loss 0.24525574619298454
2021-04-28 06:18:48,346 Epoch 27 	 Loss 0.2387313777273828
2021-04-28 06:20:58,832 Epoch 28 	 Loss 0.24259178127561296
2021-04-28 06:23:09,469 Epoch 29 	 Loss 0.23875754121895676
2021-04-28 06:25:20,184 Epoch 30 	 Loss 0.24161083832546904
2021-04-28 06:27:30,636 Epoch 31 	 Loss 0.23253974040130992
2021-04-28 06:29:40,938 Epoch 32 	 Loss 0.23037853558639904
2021-04-28 06:31:51,220 Epoch 33 	 Loss 0.22366159188223408
2021-04-28 06:34:01,467 Epoch 34 	 Loss 0.23066277982114436
2021-04-28 06:36:12,194 Epoch 35 	 Loss 0.22833381707851702
2021-04-28 06:38:22,453 Epoch 36 	 Loss 0.21909990055220468
2021-04-28 06:40:32,847 Epoch 37 	 Loss 0.2109544974762005
2021-04-28 06:42:43,199 Epoch 38 	 Loss 0.2223896791974267
2021-04-28 06:44:53,743 Epoch 39 	 Loss 0.21621955472689408
2021-04-28 06:47:05,764 Epoch 40 	 Loss 0.21087586748731005
2021-04-28 06:49:16,004 Epoch 41 	 Loss 0.20622177176423126
2021-04-28 06:51:26,049 Epoch 42 	 Loss 0.2053170158312871
2021-04-28 06:53:36,231 Epoch 43 	 Loss 0.20323219780738538
2021-04-28 06:55:46,346 Epoch 44 	 Loss 0.20541506694568382
2021-04-28 06:57:56,492 Epoch 45 	 Loss 0.2061081261752726
2021-04-28 07:00:06,766 Epoch 46 	 Loss 0.19551634526514744
2021-04-28 07:02:16,919 Epoch 47 	 Loss 0.19628713451899016
2021-04-28 07:04:27,102 Epoch 48 	 Loss 0.1915293478376263
2021-04-28 07:06:37,300 Epoch 49 	 Loss 0.18988145183730912
2021-04-28 07:08:47,420 Epoch 50 	 Loss 0.19446903925675613
2021-04-28 07:10:57,511 Epoch 51 	 Loss 0.1868836991079561
2021-04-28 07:13:07,745 Epoch 52 	 Loss 0.1840682627408059
2021-04-28 07:15:18,000 Epoch 53 	 Loss 0.185645702284771
2021-04-28 07:17:28,257 Epoch 54 	 Loss 0.19102953046887786
2021-04-28 07:19:38,412 Epoch 55 	 Loss 0.1814770356311903
2021-04-28 07:21:48,616 Epoch 56 	 Loss 0.18055474070402291
2021-04-28 07:23:58,646 Epoch 57 	 Loss 0.1815674059338622
2021-04-28 07:26:08,794 Epoch 58 	 Loss 0.17679071262642576
2021-04-28 07:28:18,864 Epoch 59 	 Loss 0.17744361666532663
2021-04-28 07:30:29,025 Epoch 60 	 Loss 0.18796646807874953
2021-04-28 07:32:39,199 Epoch 61 	 Loss 0.17797152698040009
2021-04-28 07:34:49,381 Epoch 62 	 Loss 0.1697527098131704
2021-04-28 07:36:59,553 Epoch 63 	 Loss 0.17317947434200034
2021-04-28 07:39:09,557 Epoch 64 	 Loss 0.16985816066409207
2021-04-28 07:41:19,717 Epoch 65 	 Loss 0.1700268648155443
2021-04-28 07:43:29,905 Epoch 66 	 Loss 0.16554905883558504
2021-04-28 07:45:40,153 Epoch 67 	 Loss 0.1648887507208101
2021-04-28 07:47:50,307 Epoch 68 	 Loss 0.1650820269689455
2021-04-28 07:50:00,481 Epoch 69 	 Loss 0.16860967972776392
2021-04-28 07:52:10,640 Epoch 70 	 Loss 0.16695598357326383
2021-04-28 07:54:20,836 Epoch 71 	 Loss 0.1656174437030331
2021-04-28 07:56:30,996 Epoch 72 	 Loss 0.1682597646018961
2021-04-28 07:58:41,282 Epoch 73 	 Loss 0.16355116411552326
2021-04-28 08:00:51,388 Epoch 74 	 Loss 0.1637029040318269
2021-04-28 08:03:01,409 Epoch 75 	 Loss 0.15793640182895974
2021-04-28 08:05:11,497 Epoch 76 	 Loss 0.16017854672211868
2021-04-28 08:07:21,554 Epoch 77 	 Loss 0.15770134084172302
2021-04-28 08:09:31,681 Epoch 78 	 Loss 0.15743641882807344
2021-04-28 08:11:41,901 Epoch 79 	 Loss 0.1615811519242905
2021-04-28 08:13:52,035 Epoch 80 	 Loss 0.1547241046369731
2021-04-28 08:16:02,096 Epoch 81 	 Loss 0.15541453192849736
2021-04-28 08:18:12,181 Epoch 82 	 Loss 0.1583130466086524
2021-04-28 08:20:22,345 Epoch 83 	 Loss 0.15606982703064823
2021-04-28 08:22:32,612 Epoch 84 	 Loss 0.16229649371170735
2021-04-28 08:24:42,779 Epoch 85 	 Loss 0.15462749664272582
2021-04-28 08:26:52,973 Epoch 86 	 Loss 0.1557625452731992
2021-04-28 08:29:03,092 Epoch 87 	 Loss 0.15876207001261658
2021-04-28 08:31:13,212 Epoch 88 	 Loss 0.1539477173771177
2021-04-28 08:33:23,233 Epoch 89 	 Loss 0.15705219983727067
2021-04-28 08:35:33,252 Epoch 90 	 Loss 0.15319251547475438
2021-04-28 08:37:43,492 Epoch 91 	 Loss 0.1556848011665292
2021-04-28 08:39:53,602 Epoch 92 	 Loss 0.15316797489975834
2021-04-28 08:42:03,596 Epoch 93 	 Loss 0.15249284856267029
2021-04-28 08:44:13,901 Epoch 94 	 Loss 0.15611052889745314
2021-04-28 08:46:24,118 Epoch 95 	 Loss 0.15330342809250067
2021-04-28 08:48:34,314 Epoch 96 	 Loss 0.15346039626952057
2021-04-28 08:50:44,756 Epoch 97 	 Loss 0.1521517818609437
2021-04-28 08:52:54,926 Epoch 98 	 Loss 0.15480112055173287
2021-04-28 08:55:05,115 Epoch 99 	 Loss 0.153480697955404
2021-04-28 08:55:26,460 RESULT FOR DATASET CVC-300

2021-04-28 08:55:26,460 ==============================
2021-04-28 08:55:26,460 

2021-04-28 08:55:26,460 recall: 0.9575243800878525

2021-04-28 08:55:26,460 specificity: 0.9907456626494725

2021-04-28 08:55:26,460 precision: 0.8336229252318541

2021-04-28 08:55:26,461 F1: 0.8651865231494109

2021-04-28 08:55:26,461 F2: 0.8978834927082062

2021-04-28 08:55:26,461 ACC_overall: 0.9894855399926503

2021-04-28 08:55:26,461 IoU_poly: 0.8026937529444694

2021-04-28 08:55:26,461 IoU_bg: 0.9892118642727534

2021-04-28 08:55:26,461 IoU_mean: 0.8959528068701427

2021-04-28 08:55:26,461 ==============================
2021-04-28 08:55:26,461 

2021-04-28 08:55:42,708 RESULT FOR DATASET CVC-ClinicDB

2021-04-28 08:55:42,708 ==============================
2021-04-28 08:55:42,708 

2021-04-28 08:55:42,709 recall: 0.9560380481904552

2021-04-28 08:55:42,709 specificity: 0.9946625444196886

2021-04-28 08:55:42,709 precision: 0.9066160857196777

2021-04-28 08:55:42,709 F1: 0.9210864622746745

2021-04-28 08:55:42,709 F2: 0.9360245610437086

2021-04-28 08:55:42,709 ACC_overall: 0.9911931426294388

2021-04-28 08:55:42,709 IoU_poly: 0.8708210063557471

2021-04-28 08:55:42,709 IoU_bg: 0.989373505115509

2021-04-28 08:55:42,709 IoU_mean: 0.9300972550146042

2021-04-28 08:55:42,709 ==============================
2021-04-28 08:55:42,709 

2021-04-28 08:56:13,961 RESULT FOR DATASET Kvasir

2021-04-28 08:56:13,961 ==============================
2021-04-28 08:56:13,961 

2021-04-28 08:56:13,961 recall: 0.904487821161747

2021-04-28 08:56:13,961 specificity: 0.9913619780540466

2021-04-28 08:56:13,961 precision: 0.9447973653674125

2021-04-28 08:56:13,961 F1: 0.9136791524291038

2021-04-28 08:56:13,961 F2: 0.9065030010044575

2021-04-28 08:56:13,961 ACC_overall: 0.9736507505178451

2021-04-28 08:56:13,961 IoU_poly: 0.8593029427528381

2021-04-28 08:56:13,962 IoU_bg: 0.9659807527065277

2021-04-28 08:56:13,962 IoU_mean: 0.9126418495178222

2021-04-28 08:56:13,962 ==============================
2021-04-28 08:56:13,962 

2021-04-28 08:58:12,149 RESULT FOR DATASET CVC-ColonDB

2021-04-28 08:58:12,149 ==============================
2021-04-28 08:58:12,149 

2021-04-28 08:58:12,149 recall: 0.7832533071599779

2021-04-28 08:58:12,149 specificity: 0.9883105309386002

2021-04-28 08:58:12,150 precision: 0.7971012317537985

2021-04-28 08:58:12,150 F1: 0.7482320673913149

2021-04-28 08:58:12,150 F2: 0.7562729969933212

2021-04-28 08:58:12,150 ACC_overall: 0.9587462784428346

2021-04-28 08:58:12,150 IoU_poly: 0.6741992656644757

2021-04-28 08:58:12,150 IoU_bg: 0.9566333561351424

2021-04-28 08:58:12,150 IoU_mean: 0.8154163109236642

2021-04-28 08:58:12,150 ==============================
2021-04-28 08:58:12,150 

2021-04-28 08:59:36,222 RESULT FOR DATASET ETIS-LaribPolypDB

2021-04-28 08:59:36,222 ==============================
2021-04-28 08:59:36,222 

2021-04-28 08:59:36,222 recall: 0.8466453260394441

2021-04-28 08:59:36,222 specificity: 0.9883054455324095

2021-04-28 08:59:36,222 precision: 0.7476262385301554

2021-04-28 08:59:36,222 F1: 0.7777004089763597

2021-04-28 08:59:36,222 F2: 0.811591613084843

2021-04-28 08:59:36,222 ACC_overall: 0.9858497572796685

2021-04-28 08:59:36,222 IoU_poly: 0.7019578210598685

2021-04-28 08:59:36,222 IoU_bg: 0.9850800250257764

2021-04-28 08:59:36,222 IoU_mean: 0.8435189225235764

2021-04-28 08:59:36,222 ==============================
2021-04-28 08:59:36,222 

