2021-04-28 12:44:19,522 Epoch 0 	 Loss 0.961634996173146
2021-04-28 12:46:30,753 Epoch 1 	 Loss 0.6872830472804687
2021-04-28 12:48:41,955 Epoch 2 	 Loss 0.5773461290768215
2021-04-28 12:50:53,241 Epoch 3 	 Loss 0.5196827142448216
2021-04-28 12:53:04,497 Epoch 4 	 Loss 0.46386571736126153
2021-04-28 12:55:15,849 Epoch 5 	 Loss 0.42734397112668215
2021-04-28 12:57:27,037 Epoch 6 	 Loss 0.3900854515505361
2021-04-28 12:59:38,188 Epoch 7 	 Loss 0.37550298673111004
2021-04-28 13:01:49,359 Epoch 8 	 Loss 0.3595167804550339
2021-04-28 13:04:00,554 Epoch 9 	 Loss 0.34073870948382784
2021-04-28 13:06:11,858 Epoch 10 	 Loss 0.3314869895086184
2021-04-28 13:08:23,123 Epoch 11 	 Loss 0.32004657813480925
2021-04-28 13:10:34,360 Epoch 12 	 Loss 0.3161708611053425
2021-04-28 13:12:45,455 Epoch 13 	 Loss 0.31469065229316334
2021-04-28 13:14:56,772 Epoch 14 	 Loss 0.2952219424666939
2021-04-28 13:17:07,975 Epoch 15 	 Loss 0.2905103752573768
2021-04-28 13:19:19,305 Epoch 16 	 Loss 0.28622480309926546
2021-04-28 13:21:30,430 Epoch 17 	 Loss 0.2731069951922029
2021-04-28 13:23:41,651 Epoch 18 	 Loss 0.2816466682559841
2021-04-28 13:25:52,822 Epoch 19 	 Loss 0.2694841161534026
2021-04-28 13:28:04,075 Epoch 20 	 Loss 0.2635709448502614
2021-04-28 13:30:15,250 Epoch 21 	 Loss 0.25119002883905894
2021-04-28 13:32:26,546 Epoch 22 	 Loss 0.26356209339676323
2021-04-28 13:34:37,774 Epoch 23 	 Loss 0.25204119921385587
2021-04-28 13:36:48,983 Epoch 24 	 Loss 0.253600537613198
2021-04-28 13:39:00,399 Epoch 25 	 Loss 0.2535026743189319
2021-04-28 13:41:11,616 Epoch 26 	 Loss 0.24718240869569255
2021-04-28 13:43:23,002 Epoch 27 	 Loss 0.23146417982630677
2021-04-28 13:45:34,615 Epoch 28 	 Loss 0.23519660303225884
2021-04-28 13:47:45,861 Epoch 29 	 Loss 0.23217715912467832
2021-04-28 13:49:57,075 Epoch 30 	 Loss 0.2371405792105329
2021-04-28 13:52:08,383 Epoch 31 	 Loss 0.24631236067840032
2021-04-28 13:54:19,572 Epoch 32 	 Loss 0.23435835049047574
2021-04-28 13:56:30,935 Epoch 33 	 Loss 0.2166749589390807
2021-04-28 13:58:42,040 Epoch 34 	 Loss 0.2187434095930267
2021-04-28 14:00:53,284 Epoch 35 	 Loss 0.20880573169215694
2021-04-28 14:03:04,618 Epoch 36 	 Loss 0.20731870666310026
2021-04-28 14:05:16,013 Epoch 37 	 Loss 0.20171044652278608
2021-04-28 14:07:27,231 Epoch 38 	 Loss 0.21305007757721367
2021-04-28 14:09:38,340 Epoch 39 	 Loss 0.20704819900648935
2021-04-28 14:11:49,770 Epoch 40 	 Loss 0.20791143244439428
2021-04-28 14:14:01,060 Epoch 41 	 Loss 0.20694465378483573
2021-04-28 14:16:12,221 Epoch 42 	 Loss 0.2023256866486518
2021-04-28 14:18:23,447 Epoch 43 	 Loss 0.19889629591297317
2021-04-28 14:20:34,793 Epoch 44 	 Loss 0.19665409509952253
2021-04-28 14:22:46,094 Epoch 45 	 Loss 0.19382488924068408
2021-04-28 14:24:57,380 Epoch 46 	 Loss 0.19762692084679237
2021-04-28 14:27:08,517 Epoch 47 	 Loss 0.1947225401034722
2021-04-28 14:29:19,837 Epoch 48 	 Loss 0.19955327730257433
2021-04-28 14:31:31,003 Epoch 49 	 Loss 0.20112165546679234
2021-04-28 14:33:42,286 Epoch 50 	 Loss 0.18971395852801565
2021-04-28 14:35:53,558 Epoch 51 	 Loss 0.1887848796425285
2021-04-28 14:38:04,823 Epoch 52 	 Loss 0.1871848972616615
2021-04-28 14:40:15,919 Epoch 53 	 Loss 0.1874620536198983
2021-04-28 14:42:27,114 Epoch 54 	 Loss 0.1855275326377743
2021-04-28 14:44:38,395 Epoch 55 	 Loss 0.18263637168066843
2021-04-28 14:46:49,706 Epoch 56 	 Loss 0.17712077973308143
2021-04-28 14:49:00,881 Epoch 57 	 Loss 0.1783929734112142
2021-04-28 14:51:12,197 Epoch 58 	 Loss 0.17911177218615354
2021-04-28 14:53:23,405 Epoch 59 	 Loss 0.17454160144040873
2021-04-28 14:55:34,717 Epoch 60 	 Loss 0.17213726731447074
2021-04-28 14:57:45,951 Epoch 61 	 Loss 0.1708587075655277
2021-04-28 14:59:57,270 Epoch 62 	 Loss 0.1726942486487902
2021-04-28 15:02:08,467 Epoch 63 	 Loss 0.17145893780084756
2021-04-28 15:04:19,877 Epoch 64 	 Loss 0.16941442234175547
2021-04-28 15:06:31,064 Epoch 65 	 Loss 0.16867425251793075
2021-04-28 15:08:42,337 Epoch 66 	 Loss 0.16580521651021726
2021-04-28 15:10:53,612 Epoch 67 	 Loss 0.16600789031484625
2021-04-28 15:13:04,820 Epoch 68 	 Loss 0.16604874897134173
2021-04-28 15:15:16,136 Epoch 69 	 Loss 0.16444732952903915
2021-04-28 15:17:27,518 Epoch 70 	 Loss 0.16283721059233278
2021-04-28 15:19:38,853 Epoch 71 	 Loss 0.16412757320718452
2021-04-28 15:21:50,268 Epoch 72 	 Loss 0.1592998546394673
2021-04-28 15:24:01,595 Epoch 73 	 Loss 0.15681073446195204
2021-04-28 15:26:12,816 Epoch 74 	 Loss 0.15712778990740303
2021-04-28 15:28:24,177 Epoch 75 	 Loss 0.16268048394512344
2021-04-28 15:30:35,347 Epoch 76 	 Loss 0.15876204266652957
2021-04-28 15:32:46,669 Epoch 77 	 Loss 0.16109502552957325
2021-04-28 15:34:57,967 Epoch 78 	 Loss 0.1562272921859563
2021-04-28 15:37:09,240 Epoch 79 	 Loss 0.1586220892412322
2021-04-28 15:39:20,445 Epoch 80 	 Loss 0.15331147832202388
2021-04-28 15:41:31,755 Epoch 81 	 Loss 0.15305200530277505
2021-04-28 15:43:42,982 Epoch 82 	 Loss 0.15341335125676878
2021-04-28 15:45:54,208 Epoch 83 	 Loss 0.15147241638911949
2021-04-28 15:48:05,412 Epoch 84 	 Loss 0.15548575538527834
2021-04-28 15:50:16,804 Epoch 85 	 Loss 0.1535838674549218
2021-04-28 15:52:28,050 Epoch 86 	 Loss 0.15252889709158257
2021-04-28 15:54:39,359 Epoch 87 	 Loss 0.1537215130014734
2021-04-28 15:56:50,594 Epoch 88 	 Loss 0.15301295173364682
2021-04-28 15:59:01,919 Epoch 89 	 Loss 0.15286355850460764
2021-04-28 16:01:13,086 Epoch 90 	 Loss 0.15216164945901095
2021-04-28 16:03:24,419 Epoch 91 	 Loss 0.1506801426083177
2021-04-28 16:05:35,635 Epoch 92 	 Loss 0.15041732771711036
2021-04-28 16:07:46,825 Epoch 93 	 Loss 0.15072338225749823
2021-04-28 16:09:58,165 Epoch 94 	 Loss 0.1501674499813017
2021-04-28 16:12:09,413 Epoch 95 	 Loss 0.14895053740058625
2021-04-28 16:14:20,755 Epoch 96 	 Loss 0.15019815185895333
2021-04-28 16:16:32,143 Epoch 97 	 Loss 0.15085638551921635
2021-04-28 16:18:43,423 Epoch 98 	 Loss 0.15310568133225808
2021-04-28 16:20:54,646 Epoch 99 	 Loss 0.15098103471509702
2021-04-28 16:21:16,025 RESULT FOR DATASET CVC-300

2021-04-28 16:21:16,025 ==============================
2021-04-28 16:21:16,025 

2021-04-28 16:21:16,025 recall: 0.9501294881105423

2021-04-28 16:21:16,025 specificity: 0.9888958474000294

2021-04-28 16:21:16,025 precision: 0.8237813655287027

2021-04-28 16:21:16,025 F1: 0.8555143795907497

2021-04-28 16:21:16,025 F2: 0.8872584824760755

2021-04-28 16:21:16,025 ACC_overall: 0.9874166081349055

2021-04-28 16:21:16,025 IoU_poly: 0.7912121086070935

2021-04-28 16:21:16,025 IoU_bg: 0.9871220529079437

2021-04-28 16:21:16,025 IoU_mean: 0.8891670813163122

2021-04-28 16:21:16,026 ==============================
2021-04-28 16:21:16,026 

2021-04-28 16:21:32,316 RESULT FOR DATASET CVC-ClinicDB

2021-04-28 16:21:32,316 ==============================
2021-04-28 16:21:32,316 

2021-04-28 16:21:32,316 recall: 0.9537527753460792

2021-04-28 16:21:32,316 specificity: 0.9925758271448074

2021-04-28 16:21:32,317 precision: 0.9010953307752648

2021-04-28 16:21:32,317 F1: 0.9132349792747728

2021-04-28 16:21:32,317 F2: 0.926056569622409

2021-04-28 16:21:32,317 ACC_overall: 0.9901719506709806

2021-04-28 16:21:32,317 IoU_poly: 0.8636450963996111

2021-04-28 16:21:32,317 IoU_bg: 0.9884494514234604

2021-04-28 16:21:32,317 IoU_mean: 0.9260472698557761

2021-04-28 16:21:32,317 ==============================
2021-04-28 16:21:32,317 

2021-04-28 16:22:03,627 RESULT FOR DATASET Kvasir

2021-04-28 16:22:03,627 ==============================
2021-04-28 16:22:03,627 

2021-04-28 16:22:03,628 recall: 0.9102099849283696

2021-04-28 16:22:03,628 specificity: 0.990432180762291

2021-04-28 16:22:03,628 precision: 0.9382334900647402

2021-04-28 16:22:03,628 F1: 0.9117912776768208

2021-04-28 16:22:03,628 F2: 0.9066920937597751

2021-04-28 16:22:03,628 ACC_overall: 0.9724225425720214

2021-04-28 16:22:03,628 IoU_poly: 0.8603954005241394

2021-04-28 16:22:03,628 IoU_bg: 0.9652101451158523

2021-04-28 16:22:03,628 IoU_mean: 0.9128027752041816

2021-04-28 16:22:03,628 ==============================
2021-04-28 16:22:03,628 

2021-04-28 16:24:02,229 RESULT FOR DATASET CVC-ColonDB

2021-04-28 16:24:02,229 ==============================
2021-04-28 16:24:02,229 

2021-04-28 16:24:02,229 recall: 0.8090055175980452

2021-04-28 16:24:02,229 specificity: 0.9869181019695181

2021-04-28 16:24:02,229 precision: 0.8078869317795149

2021-04-28 16:24:02,229 F1: 0.7685824775729758

2021-04-28 16:24:02,229 F2: 0.7791145574405116

2021-04-28 16:24:02,229 ACC_overall: 0.9622036431965075

2021-04-28 16:24:02,229 IoU_poly: 0.6898893982323347

2021-04-28 16:24:02,229 IoU_bg: 0.9591139045200849

2021-04-28 16:24:02,229 IoU_mean: 0.8245016534077494

2021-04-28 16:24:02,230 ==============================
2021-04-28 16:24:02,230 

2021-04-28 16:25:26,645 RESULT FOR DATASET ETIS-LaribPolypDB

2021-04-28 16:25:26,646 ==============================
2021-04-28 16:25:26,646 

2021-04-28 16:25:26,646 recall: 0.8824517036602851

2021-04-28 16:25:26,646 specificity: 0.9893770652766131

2021-04-28 16:25:26,646 precision: 0.7352213276903503

2021-04-28 16:25:26,646 F1: 0.7829217112177261

2021-04-28 16:25:26,646 F2: 0.8306205271641263

2021-04-28 16:25:26,646 ACC_overall: 0.9871313958143701

2021-04-28 16:25:26,646 IoU_poly: 0.6968318967250553

2021-04-28 16:25:26,646 IoU_bg: 0.9863648831236119

2021-04-28 16:25:26,646 IoU_mean: 0.841598391532898

2021-04-28 16:25:26,646 ==============================
2021-04-28 16:25:26,646 

