2021-05-14 21:01:00,163 Epoch 0 	 Loss 0.9348273480331505
2021-05-14 21:02:26,037 Epoch 1 	 Loss 0.6695236639007107
2021-05-14 21:03:53,128 Epoch 2 	 Loss 0.5642117520610055
2021-05-14 21:05:23,348 Epoch 3 	 Loss 0.5040312838423383
2021-05-14 21:06:53,001 Epoch 4 	 Loss 0.458605483010575
2021-05-14 21:08:21,596 Epoch 5 	 Loss 0.4171187396232898
2021-05-14 21:09:52,882 Epoch 6 	 Loss 0.39773495020447197
2021-05-14 21:11:24,346 Epoch 7 	 Loss 0.3604200711617103
2021-05-14 21:12:55,983 Epoch 8 	 Loss 0.3549738997941489
2021-05-14 21:14:26,301 Epoch 9 	 Loss 0.3404978313943842
2021-05-14 21:16:02,935 Epoch 10 	 Loss 0.3240770289858619
2021-05-14 21:17:38,489 Epoch 11 	 Loss 0.3135678615871367
2021-05-14 21:19:14,188 Epoch 12 	 Loss 0.31888656531061443
2021-05-14 21:20:51,808 Epoch 13 	 Loss 0.3035634058517414
2021-05-14 21:22:30,123 Epoch 14 	 Loss 0.300691082909867
2021-05-14 21:24:05,990 Epoch 15 	 Loss 0.2899992788558478
2021-05-14 21:25:43,308 Epoch 16 	 Loss 0.28452111125647367
2021-05-14 21:27:20,879 Epoch 17 	 Loss 0.27777845748178254
2021-05-14 21:28:58,418 Epoch 18 	 Loss 0.27794890629721214
2021-05-14 21:30:37,600 Epoch 19 	 Loss 0.27094614030895653
2021-05-14 21:32:15,007 Epoch 20 	 Loss 0.26093995309138035
2021-05-14 21:33:53,065 Epoch 21 	 Loss 0.2694972398189398
2021-05-14 21:35:29,889 Epoch 22 	 Loss 0.2686152341929111
2021-05-14 21:37:02,768 Epoch 23 	 Loss 0.26485910356699766
2021-05-14 21:38:32,185 Epoch 24 	 Loss 0.2492141482921747
2021-05-14 21:40:01,668 Epoch 25 	 Loss 0.2477208436517925
2021-05-14 21:41:32,729 Epoch 26 	 Loss 0.26122926797840623
2021-05-14 21:43:05,444 Epoch 27 	 Loss 0.2540761417412496
2021-05-14 21:44:36,537 Epoch 28 	 Loss 0.23465740697069482
2021-05-14 21:46:10,740 Epoch 29 	 Loss 0.241641708782741
2021-05-14 21:47:42,923 Epoch 30 	 Loss 0.23798336514404841
2021-05-14 21:49:15,509 Epoch 31 	 Loss 0.22900724623884475
2021-05-14 21:50:47,138 Epoch 32 	 Loss 0.22207441893252697
2021-05-14 21:52:18,890 Epoch 33 	 Loss 0.2192406210598055
2021-05-14 21:53:50,391 Epoch 34 	 Loss 0.23274708743933792
2021-05-14 21:55:22,720 Epoch 35 	 Loss 0.22169621337901105
2021-05-14 21:56:53,762 Epoch 36 	 Loss 0.21257025953177566
2021-05-14 21:58:31,541 Epoch 37 	 Loss 0.2119193013225283
2021-05-14 22:00:02,542 Epoch 38 	 Loss 0.21303503755684738
2021-05-14 22:01:34,238 Epoch 39 	 Loss 0.21273283611287128
2021-05-14 22:03:06,614 Epoch 40 	 Loss 0.2058706462055772
2021-05-14 22:04:37,412 Epoch 41 	 Loss 0.20937895054345604
2021-05-14 22:06:09,926 Epoch 42 	 Loss 0.20339970274285957
2021-05-14 22:07:42,270 Epoch 43 	 Loss 0.19910919355167137
2021-05-14 22:09:13,580 Epoch 44 	 Loss 0.19707105202334269
2021-05-14 22:10:44,836 Epoch 45 	 Loss 0.1987123911852365
2021-05-14 22:12:21,431 Epoch 46 	 Loss 0.19342361488840082
2021-05-14 22:13:59,761 Epoch 47 	 Loss 0.19272043465912997
2021-05-14 22:15:38,458 Epoch 48 	 Loss 0.19476102587285932
2021-05-14 22:17:16,195 Epoch 49 	 Loss 0.19140684686519288
2021-05-14 22:18:54,607 Epoch 50 	 Loss 0.1880317841257368
2021-05-14 22:20:33,368 Epoch 51 	 Loss 0.18778446529592788
2021-05-14 22:22:11,310 Epoch 52 	 Loss 0.18651479466275855
2021-05-14 22:23:48,285 Epoch 53 	 Loss 0.19038840506103014
2021-05-14 22:25:26,246 Epoch 54 	 Loss 0.18629856735140413
2021-05-14 22:27:02,586 Epoch 55 	 Loss 0.17811155171839746
2021-05-14 22:28:39,271 Epoch 56 	 Loss 0.18097075263222495
2021-05-14 22:30:16,143 Epoch 57 	 Loss 0.18074617215565272
2021-05-14 22:31:53,303 Epoch 58 	 Loss 0.17695323451534734
2021-05-14 22:33:29,665 Epoch 59 	 Loss 0.17651681274503142
2021-05-14 22:35:08,278 Epoch 60 	 Loss 0.17393481256542626
2021-05-14 22:36:47,507 Epoch 61 	 Loss 0.1773418671154714
2021-05-14 22:38:25,140 Epoch 62 	 Loss 0.1723667840053747
2021-05-14 22:40:03,132 Epoch 63 	 Loss 0.17565508366941096
2021-05-14 22:41:39,670 Epoch 64 	 Loss 0.17046002110282144
2021-05-14 22:43:15,807 Epoch 65 	 Loss 0.1686366699881606
2021-05-14 22:44:52,840 Epoch 66 	 Loss 0.16789848120002956
2021-05-14 22:46:28,153 Epoch 67 	 Loss 0.16967844291702733
2021-05-14 22:48:03,275 Epoch 68 	 Loss 0.16494550646006406
2021-05-14 22:49:36,194 Epoch 69 	 Loss 0.16226175034439172
2021-05-14 22:51:09,886 Epoch 70 	 Loss 0.16151892778637644
2021-05-14 22:52:45,337 Epoch 71 	 Loss 0.1645464104610485
2021-05-14 22:54:19,433 Epoch 72 	 Loss 0.1663465760238878
2021-05-14 22:55:49,488 Epoch 73 	 Loss 0.16069949311869486
2021-05-14 22:57:20,168 Epoch 74 	 Loss 0.16195475310087204
2021-05-14 22:58:51,821 Epoch 75 	 Loss 0.1589779943882764
2021-05-14 23:00:23,303 Epoch 76 	 Loss 0.1606776713506206
2021-05-14 23:01:57,645 Epoch 77 	 Loss 0.15805418732074591
2021-05-14 23:03:33,913 Epoch 78 	 Loss 0.1583580651453563
2021-05-14 23:05:08,002 Epoch 79 	 Loss 0.1570086705160665
2021-05-14 23:06:41,784 Epoch 80 	 Loss 0.15977140581542318
2021-05-14 23:08:15,397 Epoch 81 	 Loss 0.15371826790518814
2021-05-14 23:09:49,300 Epoch 82 	 Loss 0.15624281567531628
2021-05-14 23:11:22,976 Epoch 83 	 Loss 0.1556916453026153
2021-05-14 23:12:56,675 Epoch 84 	 Loss 0.15505615097808315
2021-05-14 23:14:30,371 Epoch 85 	 Loss 0.15285805195242494
2021-05-14 23:16:04,208 Epoch 86 	 Loss 0.153689328622032
2021-05-14 23:17:37,987 Epoch 87 	 Loss 0.15602504347379392
2021-05-14 23:19:11,927 Epoch 88 	 Loss 0.1527565856065069
2021-05-14 23:20:45,596 Epoch 89 	 Loss 0.15614286007789466
2021-05-14 23:22:19,267 Epoch 90 	 Loss 0.15265974402427673
2021-05-14 23:23:53,139 Epoch 91 	 Loss 0.1547509239433886
2021-05-14 23:25:26,997 Epoch 92 	 Loss 0.15452587383461522
2021-05-14 23:27:00,673 Epoch 93 	 Loss 0.15162196436098643
2021-05-14 23:28:34,397 Epoch 94 	 Loss 0.15196932631207036
2021-05-14 23:30:08,392 Epoch 95 	 Loss 0.1554382365647253
2021-05-14 23:31:42,195 Epoch 96 	 Loss 0.15466769612752473
2021-05-14 23:33:15,933 Epoch 97 	 Loss 0.15168481369267453
2021-05-14 23:34:49,839 Epoch 98 	 Loss 0.1536516344154274
2021-05-14 23:36:23,679 Epoch 99 	 Loss 0.15628799599605603
2021-05-14 23:36:49,290 RESULT FOR DATASET CVC-300

2021-05-14 23:36:49,291 ==============================
2021-05-14 23:36:49,291 

2021-05-14 23:36:49,291 recall: 0.9549959242343903

2021-05-14 23:36:49,291 specificity: 0.9925259262323379

2021-05-14 23:36:49,291 precision: 0.8282267006735007

2021-05-14 23:36:49,291 F1: 0.867192949851354

2021-05-14 23:36:49,291 F2: 0.9054501697421073

2021-05-14 23:36:49,291 ACC_overall: 0.9912557472785314

2021-05-14 23:36:49,291 IoU_poly: 0.7956068481008212

2021-05-14 23:36:49,291 IoU_bg: 0.9909700830777486

2021-05-14 23:36:49,291 IoU_mean: 0.8932884683211645

2021-05-14 23:36:49,291 ==============================
2021-05-14 23:36:49,291 

2021-05-14 23:37:08,500 RESULT FOR DATASET CVC-ClinicDB

2021-05-14 23:37:08,500 ==============================
2021-05-14 23:37:08,500 

2021-05-14 23:37:08,500 recall: 0.952082343639866

2021-05-14 23:37:08,500 specificity: 0.9942705910052022

2021-05-14 23:37:08,500 precision: 0.9024238974576996

2021-05-14 23:37:08,500 F1: 0.9147931157100585

2021-05-14 23:37:08,500 F2: 0.9287383912071105

2021-05-14 23:37:08,500 ACC_overall: 0.990280314799278

2021-05-14 23:37:08,500 IoU_poly: 0.863395283539449

2021-05-14 23:37:08,501 IoU_bg: 0.9883874895111207

2021-05-14 23:37:08,501 IoU_mean: 0.9258913868857969

2021-05-14 23:37:08,501 ==============================
2021-05-14 23:37:08,501 

2021-05-14 23:37:45,290 RESULT FOR DATASET Kvasir

2021-05-14 23:37:45,290 ==============================
2021-05-14 23:37:45,290 

2021-05-14 23:37:45,291 recall: 0.8977805168926716

2021-05-14 23:37:45,291 specificity: 0.9911187702417373

2021-05-14 23:37:45,291 precision: 0.9386956599354744

2021-05-14 23:37:45,291 F1: 0.9062662607431412

2021-05-14 23:37:45,291 F2: 0.8994187495112419

2021-05-14 23:37:45,291 ACC_overall: 0.9709561800956726

2021-05-14 23:37:45,291 IoU_poly: 0.8497120596468448

2021-05-14 23:37:45,291 IoU_bg: 0.9635394164919853

2021-05-14 23:37:45,291 IoU_mean: 0.9066257345676422

2021-05-14 23:37:45,291 ==============================
2021-05-14 23:37:45,291 

2021-05-14 23:40:03,089 RESULT FOR DATASET CVC-ColonDB

2021-05-14 23:40:03,100 ==============================
2021-05-14 23:40:03,100 

2021-05-14 23:40:03,100 recall: 0.8033759762441318

2021-05-14 23:40:03,111 specificity: 0.9887363825973712

2021-05-14 23:40:03,111 precision: 0.7977057432255319

2021-05-14 23:40:03,111 F1: 0.7590640963299033

2021-05-14 23:40:03,111 F2: 0.7725969489162373

2021-05-14 23:40:03,111 ACC_overall: 0.9617594878140249

2021-05-14 23:40:03,111 IoU_poly: 0.6825962597897471

2021-05-14 23:40:03,111 IoU_bg: 0.9593442124755759

2021-05-14 23:40:03,111 IoU_mean: 0.820970237019815

2021-05-14 23:40:03,111 ==============================
2021-05-14 23:40:03,111 

2021-05-14 23:41:37,448 RESULT FOR DATASET ETIS-LaribPolypDB

2021-05-14 23:41:37,448 ==============================
2021-05-14 23:41:37,448 

2021-05-14 23:41:37,448 recall: 0.8780006999410146

2021-05-14 23:41:37,448 specificity: 0.9898847192525864

2021-05-14 23:41:37,448 precision: 0.7530947262202601

2021-05-14 23:41:37,448 F1: 0.7912774983673518

2021-05-14 23:41:37,448 F2: 0.8334567482500888

2021-05-14 23:41:37,448 ACC_overall: 0.987942705957257

2021-05-14 23:41:37,448 IoU_poly: 0.7105893616427628

2021-05-14 23:41:37,448 IoU_bg: 0.9872028848954609

2021-05-14 23:41:37,448 IoU_mean: 0.8488961239250339

2021-05-14 23:41:37,448 ==============================
2021-05-14 23:41:37,449 

