2021-05-15 02:42:10,741 RESULT FOR DATASET CVC-300

2021-05-15 02:42:10,741 ==============================
2021-05-15 02:42:10,741 

2021-05-15 02:42:10,741 recall: 0.9626307835181555

2021-05-15 02:42:10,741 specificity: 0.9907381564378739

2021-05-15 02:42:10,741 precision: 0.8173025158544381

2021-05-15 02:42:10,741 F1: 0.8618648874262969

2021-05-15 02:42:10,741 F2: 0.9021116162339846

2021-05-15 02:42:10,741 ACC_overall: 0.9897796134154002

2021-05-15 02:42:10,741 IoU_poly: 0.7924118457982937

2021-05-15 02:42:10,741 IoU_bg: 0.9894572108983993

2021-05-15 02:42:10,741 IoU_mean: 0.8909345308939616

2021-05-15 02:42:10,741 ==============================
2021-05-15 02:42:10,741 

2021-05-15 02:42:28,124 RESULT FOR DATASET CVC-ClinicDB

2021-05-15 02:42:28,125 ==============================
2021-05-15 02:42:28,125 

2021-05-15 02:42:28,125 recall: 0.9605720783433607

2021-05-15 02:42:28,125 specificity: 0.9928959992624098

2021-05-15 02:42:28,125 precision: 0.8995287849177276

2021-05-15 02:42:28,125 F1: 0.9173572687131744

2021-05-15 02:42:28,125 F2: 0.934291687944243

2021-05-15 02:42:28,125 ACC_overall: 0.9907790951190456

2021-05-15 02:42:28,125 IoU_poly: 0.867129749588428

2021-05-15 02:42:28,125 IoU_bg: 0.9893114114961317

2021-05-15 02:42:28,125 IoU_mean: 0.9282205830658635

2021-05-15 02:42:28,125 ==============================
2021-05-15 02:42:28,125 

2021-05-15 02:43:00,053 RESULT FOR DATASET Kvasir

2021-05-15 02:43:00,053 ==============================
2021-05-15 02:43:00,053 

2021-05-15 02:43:00,053 recall: 0.9141549777984619

2021-05-15 02:43:00,053 specificity: 0.9890633827447891

2021-05-15 02:43:00,053 precision: 0.9334277863800525

2021-05-15 02:43:00,053 F1: 0.9155267129838467

2021-05-15 02:43:00,053 F2: 0.9125220131874084

2021-05-15 02:43:00,053 ACC_overall: 0.9764538866281509

2021-05-15 02:43:00,053 IoU_poly: 0.8645087722688913

2021-05-15 02:43:00,053 IoU_bg: 0.9688552242517471

2021-05-15 02:43:00,053 IoU_mean: 0.9166819977760315

2021-05-15 02:43:00,053 ==============================
2021-05-15 02:43:00,053 

2021-05-15 02:45:01,401 RESULT FOR DATASET CVC-ColonDB

2021-05-15 02:45:01,402 ==============================
2021-05-15 02:45:01,402 

2021-05-15 02:45:01,402 recall: 0.8389801341155266

2021-05-15 02:45:01,402 specificity: 0.9839746290131619

2021-05-15 02:45:01,402 precision: 0.7908358981002015

2021-05-15 02:45:01,402 F1: 0.7750374684358337

2021-05-15 02:45:01,402 F2: 0.7932969354903865

2021-05-15 02:45:01,402 ACC_overall: 0.9621833252279381

2021-05-15 02:45:01,402 IoU_poly: 0.6943841437903087

2021-05-15 02:45:01,402 IoU_bg: 0.9589495463590872

2021-05-15 02:45:01,402 IoU_mean: 0.8266668448322698

2021-05-15 02:45:01,402 ==============================
2021-05-15 02:45:01,402 

2021-05-15 02:46:27,670 RESULT FOR DATASET ETIS-LaribPolypDB

2021-05-15 02:46:27,670 ==============================
2021-05-15 02:46:27,670 

2021-05-15 02:46:27,670 recall: 0.8878365375690844

2021-05-15 02:46:27,670 specificity: 0.9799645932353273

2021-05-15 02:46:27,670 precision: 0.6647690084702557

2021-05-15 02:46:27,670 F1: 0.7266160788801235

2021-05-15 02:46:27,670 F2: 0.7912757427113264

2021-05-15 02:46:27,670 ACC_overall: 0.9783030611519911

2021-05-15 02:46:27,670 IoU_poly: 0.6381489351441076

2021-05-15 02:46:27,670 IoU_bg: 0.9773728780600489

2021-05-15 02:46:27,670 IoU_mean: 0.8077609037258187

2021-05-15 02:46:27,670 ==============================
2021-05-15 02:46:27,670 

