2021-04-28 16:47:11,404 RESULT FOR DATASET CVC-300

2021-04-28 16:47:11,404 ==============================
2021-04-28 16:47:11,404 

2021-04-28 16:47:11,405 recall: 0.9590302934249242

2021-04-28 16:47:11,405 specificity: 0.9902990510066351

2021-04-28 16:47:11,405 precision: 0.8311034254729748

2021-04-28 16:47:11,405 F1: 0.865209823846817

2021-04-28 16:47:11,405 F2: 0.8988829185565312

2021-04-28 16:47:11,405 ACC_overall: 0.9891470362742741

2021-04-28 16:47:11,405 IoU_poly: 0.8014089389393727

2021-04-28 16:47:11,405 IoU_bg: 0.9888379116853078

2021-04-28 16:47:11,405 IoU_mean: 0.8951234236359596

2021-04-28 16:47:11,405 ==============================
2021-04-28 16:47:11,405 

2021-04-28 16:47:26,588 RESULT FOR DATASET CVC-ClinicDB

2021-04-28 16:47:26,589 ==============================
2021-04-28 16:47:26,589 

2021-04-28 16:47:26,589 recall: 0.9397391110636114

2021-04-28 16:47:26,589 specificity: 0.9935239543837886

2021-04-28 16:47:26,589 precision: 0.8917329433944917

2021-04-28 16:47:26,589 F1: 0.899118777659286

2021-04-28 16:47:26,589 F2: 0.9140246353157225

2021-04-28 16:47:26,589 ACC_overall: 0.9903500291608995

2021-04-28 16:47:26,589 IoU_poly: 0.8517496138078822

2021-04-28 16:47:26,589 IoU_bg: 0.9886275808657369

2021-04-28 16:47:26,589 IoU_mean: 0.9201885956910348

2021-04-28 16:47:26,589 ==============================
2021-04-28 16:47:26,589 

2021-04-28 16:47:55,719 RESULT FOR DATASET Kvasir

2021-04-28 16:47:55,719 ==============================
2021-04-28 16:47:55,719 

2021-04-28 16:47:55,719 recall: 0.9093032845854759

2021-04-28 16:47:55,719 specificity: 0.9899493199586868

2021-04-28 16:47:55,719 precision: 0.9356158398091793

2021-04-28 16:47:55,719 F1: 0.908707238137722

2021-04-28 16:47:55,719 F2: 0.9054250720143319

2021-04-28 16:47:55,719 ACC_overall: 0.9740156257152557

2021-04-28 16:47:55,719 IoU_poly: 0.8556384754180908

2021-04-28 16:47:55,719 IoU_bg: 0.9669737684726715

2021-04-28 16:47:55,719 IoU_mean: 0.9113061213493348

2021-04-28 16:47:55,720 ==============================
2021-04-28 16:47:55,720 

2021-04-28 16:49:46,614 RESULT FOR DATASET CVC-ColonDB

2021-04-28 16:49:46,614 ==============================
2021-04-28 16:49:46,614 

2021-04-28 16:49:46,614 recall: 0.8097598858632624

2021-04-28 16:49:46,614 specificity: 0.9846547856142647

2021-04-28 16:49:46,614 precision: 0.7844066050455359

2021-04-28 16:49:46,614 F1: 0.7520858567998499

2021-04-28 16:49:46,614 F2: 0.7681169809346245

2021-04-28 16:49:46,614 ACC_overall: 0.9598422770437441

2021-04-28 16:49:46,614 IoU_poly: 0.6760865618547374

2021-04-28 16:49:46,614 IoU_bg: 0.9573077722599632

2021-04-28 16:49:46,615 IoU_mean: 0.8166971658405505

2021-04-28 16:49:46,615 ==============================
2021-04-28 16:49:46,615 

2021-04-28 16:51:07,177 RESULT FOR DATASET ETIS-LaribPolypDB

2021-04-28 16:51:07,177 ==============================
2021-04-28 16:51:07,178 

2021-04-28 16:51:07,178 recall: 0.8598819823124656

2021-04-28 16:51:07,178 specificity: 0.9874603553694121

2021-04-28 16:51:07,178 precision: 0.7234721336148842

2021-04-28 16:51:07,178 F1: 0.7692609170151868

2021-04-28 16:51:07,178 F2: 0.8152433624038204

2021-04-28 16:51:07,178 ACC_overall: 0.9857667508173962

2021-04-28 16:51:07,178 IoU_poly: 0.6880423363453195

2021-04-28 16:51:07,178 IoU_bg: 0.9850939077382185

2021-04-28 16:51:07,178 IoU_mean: 0.8365681197266189

2021-04-28 16:51:07,178 ==============================
2021-04-28 16:51:07,178 

