2021-05-15 02:37:30,670 RESULT FOR DATASET CVC-300

2021-05-15 02:37:30,670 ==============================
2021-05-15 02:37:30,671 

2021-05-15 02:37:30,671 recall: 0.9625848978757858

2021-05-15 02:37:30,671 specificity: 0.9914667507012686

2021-05-15 02:37:30,671 precision: 0.8320030028621356

2021-05-15 02:37:30,671 F1: 0.870536400626103

2021-05-15 02:37:30,671 F2: 0.9061929985880852

2021-05-15 02:37:30,671 ACC_overall: 0.9904805451631546

2021-05-15 02:37:30,671 IoU_poly: 0.8046516408522923

2021-05-15 02:37:30,671 IoU_bg: 0.9902111540238062

2021-05-15 02:37:30,671 IoU_mean: 0.8974313959479332

2021-05-15 02:37:30,671 ==============================
2021-05-15 02:37:30,671 

2021-05-15 02:37:47,318 RESULT FOR DATASET CVC-ClinicDB

2021-05-15 02:37:47,318 ==============================
2021-05-15 02:37:47,318 

2021-05-15 02:37:47,318 recall: 0.9616761159512305

2021-05-15 02:37:47,318 specificity: 0.9953812793377907

2021-05-15 02:37:47,318 precision: 0.912241690822186

2021-05-15 02:37:47,318 F1: 0.9290054551055354

2021-05-15 02:37:47,318 F2: 0.9442883739548344

2021-05-15 02:37:47,318 ACC_overall: 0.9931442285737684

2021-05-15 02:37:47,318 IoU_poly: 0.8805234362521479

2021-05-15 02:37:47,318 IoU_bg: 0.9918753783549031

2021-05-15 02:37:47,318 IoU_mean: 0.9361994083850614

2021-05-15 02:37:47,318 ==============================
2021-05-15 02:37:47,318 

2021-05-15 02:38:18,919 RESULT FOR DATASET Kvasir

2021-05-15 02:38:18,920 ==============================
2021-05-15 02:38:18,920 

2021-05-15 02:38:18,920 recall: 0.9157170486450196

2021-05-15 02:38:18,920 specificity: 0.9906204283237457

2021-05-15 02:38:18,920 precision: 0.9299742482602597

2021-05-15 02:38:18,920 F1: 0.9128926685452461

2021-05-15 02:38:18,920 F2: 0.9115110912919044

2021-05-15 02:38:18,920 ACC_overall: 0.9759754246473312

2021-05-15 02:38:18,920 IoU_poly: 0.8597343920171261

2021-05-15 02:38:18,920 IoU_bg: 0.9687377548217774

2021-05-15 02:38:18,921 IoU_mean: 0.9142360734939575

2021-05-15 02:38:18,921 ==============================
2021-05-15 02:38:18,921 

2021-05-15 02:40:18,900 RESULT FOR DATASET CVC-ColonDB

2021-05-15 02:40:18,900 ==============================
2021-05-15 02:40:18,900 

2021-05-15 02:40:18,900 recall: 0.8108704534274598

2021-05-15 02:40:18,900 specificity: 0.9871135372864572

2021-05-15 02:40:18,900 precision: 0.8027354508984947

2021-05-15 02:40:18,900 F1: 0.769555983974801

2021-05-15 02:40:18,900 F2: 0.7788460590000557

2021-05-15 02:40:18,900 ACC_overall: 0.9627885597316842

2021-05-15 02:40:18,900 IoU_poly: 0.6909311438477505

2021-05-15 02:40:18,900 IoU_bg: 0.9597886380396391

2021-05-15 02:40:18,900 IoU_mean: 0.8253598903354845

2021-05-15 02:40:18,900 ==============================
2021-05-15 02:40:18,900 

2021-05-15 02:41:45,447 RESULT FOR DATASET ETIS-LaribPolypDB

2021-05-15 02:41:45,447 ==============================
2021-05-15 02:41:45,447 

2021-05-15 02:41:45,447 recall: 0.8484090826783284

2021-05-15 02:41:45,447 specificity: 0.9849464415895696

2021-05-15 02:41:45,447 precision: 0.7054868137894484

2021-05-15 02:41:45,448 F1: 0.7482260339346961

2021-05-15 02:41:45,448 F2: 0.7936290535552017

2021-05-15 02:41:45,448 ACC_overall: 0.9825982877186367

2021-05-15 02:41:45,448 IoU_poly: 0.6663559478699069

2021-05-15 02:41:45,448 IoU_bg: 0.9817734485378071

2021-05-15 02:41:45,448 IoU_mean: 0.8240646992106827

2021-05-15 02:41:45,448 ==============================
2021-05-15 02:41:45,448 

