2021-05-18 13:49:13,665 RESULT FOR DATASET CVC-300

2021-05-18 13:49:13,665 ==============================
2021-05-18 13:49:13,665 

2021-05-18 13:49:13,665 recall: 0.9536790132522583

2021-05-18 13:49:13,665 specificity: 0.9946757982174556

2021-05-18 13:49:13,665 precision: 0.8515626316269239

2021-05-18 13:49:13,665 F1: 0.8867319588859875

2021-05-18 13:49:13,665 F2: 0.9190823217233022

2021-05-18 13:49:13,665 ACC_overall: 0.9933495352665583

2021-05-18 13:49:13,665 IoU_poly: 0.8180040843784809

2021-05-18 13:49:13,665 IoU_bg: 0.9931131392717362

2021-05-18 13:49:13,665 IoU_mean: 0.9055586169163387

2021-05-18 13:49:13,665 ==============================
2021-05-18 13:49:13,665 

2021-05-18 13:49:30,242 RESULT FOR DATASET CVC-ClinicDB

2021-05-18 13:49:30,242 ==============================
2021-05-18 13:49:30,242 

2021-05-18 13:49:30,242 recall: 0.9501846499981419

2021-05-18 13:49:30,242 specificity: 0.993886310246683

2021-05-18 13:49:30,242 precision: 0.9040418054548002

2021-05-18 13:49:30,243 F1: 0.9160802192505328

2021-05-18 13:49:30,243 F2: 0.9282444804426162

2021-05-18 13:49:30,243 ACC_overall: 0.9907220765467613

2021-05-18 13:49:30,243 IoU_poly: 0.8678414512786173

2021-05-18 13:49:30,243 IoU_bg: 0.9890401892123684

2021-05-18 13:49:30,243 IoU_mean: 0.9284408207862608

2021-05-18 13:49:30,243 ==============================
2021-05-18 13:49:30,243 

2021-05-18 13:50:02,419 RESULT FOR DATASET Kvasir

2021-05-18 13:50:02,419 ==============================
2021-05-18 13:50:02,419 

2021-05-18 13:50:02,419 recall: 0.9099487541615963

2021-05-18 13:50:02,419 specificity: 0.991622399687767

2021-05-18 13:50:02,419 precision: 0.9438090109825135

2021-05-18 13:50:02,419 F1: 0.9156169304251671

2021-05-18 13:50:02,419 F2: 0.9102283069491386

2021-05-18 13:50:02,420 ACC_overall: 0.9758697491884232

2021-05-18 13:50:02,420 IoU_poly: 0.8661733639240264

2021-05-18 13:50:02,420 IoU_bg: 0.9694595292210579

2021-05-18 13:50:02,420 IoU_mean: 0.9178164499998093

2021-05-18 13:50:02,420 ==============================
2021-05-18 13:50:02,420 

2021-05-18 13:52:03,945 RESULT FOR DATASET CVC-ColonDB

2021-05-18 13:52:03,945 ==============================
2021-05-18 13:52:03,945 

2021-05-18 13:52:03,945 recall: 0.8101050423500941

2021-05-18 13:52:03,945 specificity: 0.9902187457210139

2021-05-18 13:52:03,945 precision: 0.8325600184986558

2021-05-18 13:52:03,945 F1: 0.7724298005572612

2021-05-18 13:52:03,945 F2: 0.7832213673724662

2021-05-18 13:52:03,945 ACC_overall: 0.9632081497656672

2021-05-18 13:52:03,945 IoU_poly: 0.6951697539220181

2021-05-18 13:52:03,945 IoU_bg: 0.9606277293280552

2021-05-18 13:52:03,945 IoU_mean: 0.8278987406900055

2021-05-18 13:52:03,945 ==============================
2021-05-18 13:52:03,945 

2021-05-18 13:53:30,560 RESULT FOR DATASET ETIS-LaribPolypDB

2021-05-18 13:53:30,560 ==============================
2021-05-18 13:53:30,560 

2021-05-18 13:53:30,560 recall: 0.8331602969803257

2021-05-18 13:53:30,560 specificity: 0.9887791753423457

2021-05-18 13:53:30,560 precision: 0.7468109939174856

2021-05-18 13:53:30,560 F1: 0.7534342636632034

2021-05-18 13:53:30,560 F2: 0.7939828855352823

2021-05-18 13:53:30,560 ACC_overall: 0.986054108155017

2021-05-18 13:53:30,560 IoU_poly: 0.6739305064765088

2021-05-18 13:53:30,560 IoU_bg: 0.985313875942814

2021-05-18 13:53:30,560 IoU_mean: 0.8296221908257932

2021-05-18 13:53:30,560 ==============================
2021-05-18 13:53:30,561 

