2021-05-18 13:54:00,334 RESULT FOR DATASET CVC-300

2021-05-18 13:54:00,334 ==============================
2021-05-18 13:54:00,334 

2021-05-18 13:54:00,334 recall: 0.9624652127424876

2021-05-18 13:54:00,334 specificity: 0.9895795444647472

2021-05-18 13:54:00,334 precision: 0.814402429635326

2021-05-18 13:54:00,334 F1: 0.8594719849526882

2021-05-18 13:54:00,334 F2: 0.9034054388602575

2021-05-18 13:54:00,334 ACC_overall: 0.9887368748585383

2021-05-18 13:54:00,334 IoU_poly: 0.7890052126099666

2021-05-18 13:54:00,334 IoU_bg: 0.9883543918530147

2021-05-18 13:54:00,334 IoU_mean: 0.8886797994375228

2021-05-18 13:54:00,335 ==============================
2021-05-18 13:54:00,335 

2021-05-18 13:54:16,716 RESULT FOR DATASET CVC-ClinicDB

2021-05-18 13:54:16,716 ==============================
2021-05-18 13:54:16,716 

2021-05-18 13:54:16,716 recall: 0.9405819086297866

2021-05-18 13:54:16,717 specificity: 0.9936148072442701

2021-05-18 13:54:16,717 precision: 0.9049469300340617

2021-05-18 13:54:16,717 F1: 0.9157762250298777

2021-05-18 13:54:16,717 F2: 0.9264071057935531

2021-05-18 13:54:16,717 ACC_overall: 0.9905865961505521

2021-05-18 13:54:16,717 IoU_poly: 0.8679022166610183

2021-05-18 13:54:16,717 IoU_bg: 0.9889596143076497

2021-05-18 13:54:16,717 IoU_mean: 0.9284309143981626

2021-05-18 13:54:16,717 ==============================
2021-05-18 13:54:16,717 

2021-05-18 13:54:48,175 RESULT FOR DATASET Kvasir

2021-05-18 13:54:48,175 ==============================
2021-05-18 13:54:48,175 

2021-05-18 13:54:48,175 recall: 0.9082339754700661

2021-05-18 13:54:48,175 specificity: 0.9902983587980271

2021-05-18 13:54:48,175 precision: 0.9390863066911698

2021-05-18 13:54:48,175 F1: 0.9092106369137763

2021-05-18 13:54:48,175 F2: 0.9061522716283799

2021-05-18 13:54:48,175 ACC_overall: 0.9730230820178986

2021-05-18 13:54:48,175 IoU_poly: 0.8563467571139336

2021-05-18 13:54:48,175 IoU_bg: 0.9659607285261154

2021-05-18 13:54:48,175 IoU_mean: 0.9111537382006645

2021-05-18 13:54:48,176 ==============================
2021-05-18 13:54:48,176 

2021-05-18 13:56:47,042 RESULT FOR DATASET CVC-ColonDB

2021-05-18 13:56:47,042 ==============================
2021-05-18 13:56:47,042 

2021-05-18 13:56:47,042 recall: 0.8346557371731801

2021-05-18 13:56:47,042 specificity: 0.9839932558567901

2021-05-18 13:56:47,043 precision: 0.7980989500160688

2021-05-18 13:56:47,043 F1: 0.7743985811541423

2021-05-18 13:56:47,043 F2: 0.791830996683977

2021-05-18 13:56:47,043 ACC_overall: 0.9629142490656752

2021-05-18 13:56:47,043 IoU_poly: 0.6953737955361823

2021-05-18 13:56:47,043 IoU_bg: 0.9593992016033123

2021-05-18 13:56:47,043 IoU_mean: 0.8273864976669613

2021-05-18 13:56:47,043 ==============================
2021-05-18 13:56:47,043 

2021-05-18 13:58:12,273 RESULT FOR DATASET ETIS-LaribPolypDB

2021-05-18 13:58:12,273 ==============================
2021-05-18 13:58:12,273 

2021-05-18 13:58:12,273 recall: 0.8672144800419267

2021-05-18 13:58:12,273 specificity: 0.9862038696907005

2021-05-18 13:58:12,273 precision: 0.7086859434376882

2021-05-18 13:58:12,273 F1: 0.7448960129897052

2021-05-18 13:58:12,273 F2: 0.8007701553441231

2021-05-18 13:58:12,273 ACC_overall: 0.9835637126650129

2021-05-18 13:58:12,273 IoU_poly: 0.6547554985112379

2021-05-18 13:58:12,274 IoU_bg: 0.982750194109216

2021-05-18 13:58:12,274 IoU_mean: 0.8187528456352196

2021-05-18 13:58:12,274 ==============================
2021-05-18 13:58:12,274 

