2021-05-18 13:58:42,706 RESULT FOR DATASET CVC-300

2021-05-18 13:58:42,706 ==============================
2021-05-18 13:58:42,707 

2021-05-18 13:58:42,707 recall: 0.9390626981854439

2021-05-18 13:58:42,707 specificity: 0.9932847102483113

2021-05-18 13:58:42,707 precision: 0.8378060954312484

2021-05-18 13:58:42,707 F1: 0.8634869560599328

2021-05-18 13:58:42,707 F2: 0.8935459479689598

2021-05-18 13:58:42,707 ACC_overall: 0.9912905931472779

2021-05-18 13:58:42,707 IoU_poly: 0.7929678082466125

2021-05-18 13:58:42,707 IoU_bg: 0.9910539776086807

2021-05-18 13:58:42,707 IoU_mean: 0.8920108914375305

2021-05-18 13:58:42,707 ==============================
2021-05-18 13:58:42,707 

2021-05-18 13:58:59,550 RESULT FOR DATASET CVC-ClinicDB

2021-05-18 13:58:59,551 ==============================
2021-05-18 13:58:59,551 

2021-05-18 13:58:59,551 recall: 0.9445512641799606

2021-05-18 13:58:59,551 specificity: 0.9934176879544412

2021-05-18 13:58:59,551 precision: 0.8941884302579227

2021-05-18 13:58:59,551 F1: 0.9053536502328972

2021-05-18 13:58:59,551 F2: 0.9164416103815329

2021-05-18 13:58:59,551 ACC_overall: 0.9907432227365432

2021-05-18 13:58:59,551 IoU_poly: 0.8608668255197229

2021-05-18 13:58:59,551 IoU_bg: 0.9892822484816274

2021-05-18 13:58:59,551 IoU_mean: 0.9250745393576161

2021-05-18 13:58:59,551 ==============================
2021-05-18 13:58:59,551 

2021-05-18 13:59:30,871 RESULT FOR DATASET Kvasir

2021-05-18 13:59:30,871 ==============================
2021-05-18 13:59:30,871 

2021-05-18 13:59:30,871 recall: 0.9131989705562592

2021-05-18 13:59:30,871 specificity: 0.9896149969100952

2021-05-18 13:59:30,871 precision: 0.9411090731620788

2021-05-18 13:59:30,871 F1: 0.9134355494379998

2021-05-18 13:59:30,871 F2: 0.9101922088861465

2021-05-18 13:59:30,871 ACC_overall: 0.975060196518898

2021-05-18 13:59:30,872 IoU_poly: 0.8629449580609798

2021-05-18 13:59:30,872 IoU_bg: 0.9682186740636826

2021-05-18 13:59:30,872 IoU_mean: 0.9155818182229996

2021-05-18 13:59:30,872 ==============================
2021-05-18 13:59:30,872 

2021-05-18 14:01:28,894 RESULT FOR DATASET CVC-ColonDB

2021-05-18 14:01:28,894 ==============================
2021-05-18 14:01:28,894 

2021-05-18 14:01:28,894 recall: 0.8159056106622253

2021-05-18 14:01:28,894 specificity: 0.9843759155587146

2021-05-18 14:01:28,894 precision: 0.8044531444153491

2021-05-18 14:01:28,894 F1: 0.767969099513242

2021-05-18 14:01:28,894 F2: 0.7803359684310874

2021-05-18 14:01:28,894 ACC_overall: 0.9620361644970743

2021-05-18 14:01:28,894 IoU_poly: 0.6893669085822646

2021-05-18 14:01:28,894 IoU_bg: 0.9587310293787404

2021-05-18 14:01:28,895 IoU_mean: 0.8240489686005994

2021-05-18 14:01:28,895 ==============================
2021-05-18 14:01:28,895 

2021-05-18 14:02:54,192 RESULT FOR DATASET ETIS-LaribPolypDB

2021-05-18 14:02:54,192 ==============================
2021-05-18 14:02:54,192 

2021-05-18 14:02:54,192 recall: 0.8381897933474499

2021-05-18 14:02:54,192 specificity: 0.9853533035030171

2021-05-18 14:02:54,192 precision: 0.738035106532899

2021-05-18 14:02:54,192 F1: 0.7344936254160052

2021-05-18 14:02:54,192 F2: 0.7781100058294085

2021-05-18 14:02:54,192 ACC_overall: 0.9829462039835599

2021-05-18 14:02:54,192 IoU_poly: 0.6530028755872148

2021-05-18 14:02:54,192 IoU_bg: 0.9820856902064109

2021-05-18 14:02:54,192 IoU_mean: 0.8175442823950125

2021-05-18 14:02:54,192 ==============================
2021-05-18 14:02:54,192 

