2021-05-29 17:53:58,640 Epoch 0 	 Loss 0.6986722474569803
2021-05-29 17:55:10,957 Epoch 1 	 Loss 0.47029459672969776
2021-05-29 17:56:23,441 Epoch 2 	 Loss 0.4093868788127061
2021-05-29 17:57:36,002 Epoch 3 	 Loss 0.39356161522996297
2021-05-29 17:58:48,463 Epoch 4 	 Loss 0.37573561727345645
2021-05-29 18:00:01,140 Epoch 5 	 Loss 0.3528918131039693
2021-05-29 18:01:14,152 Epoch 6 	 Loss 0.3453227820304724
2021-05-29 18:02:27,003 Epoch 7 	 Loss 0.3286073150543066
2021-05-29 18:03:39,790 Epoch 8 	 Loss 0.3255441264136807
2021-05-29 18:04:52,775 Epoch 9 	 Loss 0.3102674535015127
2021-05-29 18:06:05,831 Epoch 10 	 Loss 0.31637799199465866
2021-05-29 18:07:18,836 Epoch 11 	 Loss 0.2994197896876178
2021-05-29 18:08:31,807 Epoch 12 	 Loss 0.2980152984241863
2021-05-29 18:09:44,891 Epoch 13 	 Loss 0.2757572176364752
2021-05-29 18:10:57,600 Epoch 14 	 Loss 0.27405306156520004
2021-05-29 18:12:10,427 Epoch 15 	 Loss 0.27044635454376975
2021-05-29 18:13:23,467 Epoch 16 	 Loss 0.2836883919579642
2021-05-29 18:14:36,361 Epoch 17 	 Loss 0.2736323565899671
2021-05-29 18:15:49,374 Epoch 18 	 Loss 0.26336132350203756
2021-05-29 18:17:02,364 Epoch 19 	 Loss 0.2525751993551359
2021-05-29 18:18:15,317 Epoch 20 	 Loss 0.25767842197156215
2021-05-29 18:19:28,086 Epoch 21 	 Loss 0.2554670008984241
2021-05-29 18:20:40,881 Epoch 22 	 Loss 0.23935626463575677
2021-05-29 18:21:53,624 Epoch 23 	 Loss 0.24562052973024137
2021-05-29 18:23:06,534 Epoch 24 	 Loss 0.2413514508650853
2021-05-29 18:24:19,395 Epoch 25 	 Loss 0.24371374308407961
2021-05-29 18:25:32,338 Epoch 26 	 Loss 0.2338720106489056
2021-05-29 18:26:45,230 Epoch 27 	 Loss 0.23393214043680127
2021-05-29 18:27:58,181 Epoch 28 	 Loss 0.22600615532188625
2021-05-29 18:29:11,163 Epoch 29 	 Loss 0.2304862203833821
2021-05-29 18:30:24,028 Epoch 30 	 Loss 0.23049595542661436
2021-05-29 18:31:36,926 Epoch 31 	 Loss 0.2226941120493543
2021-05-29 18:32:49,809 Epoch 32 	 Loss 0.22497949315296425
2021-05-29 18:34:02,689 Epoch 33 	 Loss 0.21253964878045595
2021-05-29 18:35:15,492 Epoch 34 	 Loss 0.2176815546475924
2021-05-29 18:36:28,420 Epoch 35 	 Loss 0.21777171797149783
2021-05-29 18:37:41,254 Epoch 36 	 Loss 0.21640334450281584
2021-05-29 18:38:54,019 Epoch 37 	 Loss 0.20868742384098388
2021-05-29 18:40:06,940 Epoch 38 	 Loss 0.20149539361943256
2021-05-29 18:41:19,897 Epoch 39 	 Loss 0.20210433825031743
2021-05-29 18:42:32,910 Epoch 40 	 Loss 0.20846870950945132
2021-05-29 18:43:45,807 Epoch 41 	 Loss 0.19779982016636774
2021-05-29 18:44:58,742 Epoch 42 	 Loss 0.19554434896825434
2021-05-29 18:46:11,529 Epoch 43 	 Loss 0.19955742817658645
2021-05-29 18:47:24,386 Epoch 44 	 Loss 0.1931714715210946
2021-05-29 18:48:37,283 Epoch 45 	 Loss 0.19056699253045595
2021-05-29 18:49:50,175 Epoch 46 	 Loss 0.1879533738880367
2021-05-29 18:51:03,061 Epoch 47 	 Loss 0.19197629588645893
2021-05-29 18:52:16,003 Epoch 48 	 Loss 0.18524432624434375
2021-05-29 18:53:28,842 Epoch 49 	 Loss 0.19166070075480493
2021-05-29 18:54:41,692 Epoch 50 	 Loss 0.1846761506992382
2021-05-29 18:55:54,497 Epoch 51 	 Loss 0.1778697628568817
2021-05-29 18:57:07,319 Epoch 52 	 Loss 0.17789018154144287
2021-05-29 18:58:20,172 Epoch 53 	 Loss 0.17947338554230366
2021-05-29 18:59:33,091 Epoch 54 	 Loss 0.18203452556997865
2021-05-29 19:00:46,036 Epoch 55 	 Loss 0.1695523779470842
2021-05-29 19:01:58,931 Epoch 56 	 Loss 0.1706001170716443
2021-05-29 19:03:11,741 Epoch 57 	 Loss 0.17088061914994165
2021-05-29 19:04:24,471 Epoch 58 	 Loss 0.16937049142606966
2021-05-29 19:05:37,274 Epoch 59 	 Loss 0.16978154044884902
2021-05-29 19:06:50,040 Epoch 60 	 Loss 0.16839581777106274
2021-05-29 19:08:02,857 Epoch 61 	 Loss 0.17067563746656692
2021-05-29 19:09:15,628 Epoch 62 	 Loss 0.16633784165094187
2021-05-29 19:10:28,326 Epoch 63 	 Loss 0.1632738729099651
2021-05-29 19:11:41,046 Epoch 64 	 Loss 0.1650138340153537
2021-05-29 19:12:54,071 Epoch 65 	 Loss 0.15941944824797766
2021-05-29 19:14:06,887 Epoch 66 	 Loss 0.1616697052677909
2021-05-29 19:15:19,669 Epoch 67 	 Loss 0.16077718695441445
2021-05-29 19:16:32,506 Epoch 68 	 Loss 0.16029473058470003
2021-05-29 19:17:45,397 Epoch 69 	 Loss 0.15780302227198423
2021-05-29 19:18:58,142 Epoch 70 	 Loss 0.15678449212522297
2021-05-29 19:20:11,053 Epoch 71 	 Loss 0.15926702336950616
2021-05-29 19:21:23,842 Epoch 72 	 Loss 0.15426065641772616
2021-05-29 19:22:36,724 Epoch 73 	 Loss 0.15408152964088942
2021-05-29 19:23:49,628 Epoch 74 	 Loss 0.15532390478548114
2021-05-29 19:25:02,406 Epoch 75 	 Loss 0.15365546737070923
2021-05-29 19:26:15,144 Epoch 76 	 Loss 0.15115590213419317
2021-05-29 19:27:27,828 Epoch 77 	 Loss 0.15225475363351487
2021-05-29 19:28:40,551 Epoch 78 	 Loss 0.1505129811364216
2021-05-29 19:29:53,311 Epoch 79 	 Loss 0.15186751470133497
2021-05-29 19:31:06,116 Epoch 80 	 Loss 0.150153344476616
2021-05-29 19:32:18,851 Epoch 81 	 Loss 0.1491215007154496
2021-05-29 19:33:31,678 Epoch 82 	 Loss 0.1478427889255377
2021-05-29 19:34:44,497 Epoch 83 	 Loss 0.15137534858761253
2021-05-29 19:35:57,198 Epoch 84 	 Loss 0.14985159252371108
2021-05-29 19:37:09,915 Epoch 85 	 Loss 0.1472078624007466
2021-05-29 19:38:22,679 Epoch 86 	 Loss 0.14924365453995192
2021-05-29 19:39:35,406 Epoch 87 	 Loss 0.1503572499195298
2021-05-29 19:40:48,141 Epoch 88 	 Loss 0.14833065392551842
2021-05-29 19:42:00,902 Epoch 89 	 Loss 0.1514068222144148
2021-05-29 19:43:13,659 Epoch 90 	 Loss 0.1480890495272783
2021-05-29 19:44:26,328 Epoch 91 	 Loss 0.14917491040714495
2021-05-29 19:45:39,058 Epoch 92 	 Loss 0.1481083334311024
2021-05-29 19:46:51,884 Epoch 93 	 Loss 0.14626373506181842
2021-05-29 19:48:04,911 Epoch 94 	 Loss 0.14658765306512078
2021-05-29 19:49:17,660 Epoch 95 	 Loss 0.14833110579095043
2021-05-29 19:50:30,511 Epoch 96 	 Loss 0.1464072156410951
2021-05-29 19:51:43,253 Epoch 97 	 Loss 0.14633765071630478
2021-05-29 19:52:56,093 Epoch 98 	 Loss 0.14709098923664826
2021-05-29 19:54:08,967 Epoch 99 	 Loss 0.1481257928432999
2021-05-29 19:54:29,479 RESULT FOR DATASET CVC-300

2021-05-29 19:54:29,480 ==============================
2021-05-29 19:54:29,480 

2021-05-29 19:54:29,480 recall: 0.9462430576483408

2021-05-29 19:54:29,480 specificity: 0.9933510810136795

2021-05-29 19:54:29,480 precision: 0.8520509672661623

2021-05-29 19:54:29,480 F1: 0.8811654100815455

2021-05-29 19:54:29,480 F2: 0.9117843280235927

2021-05-29 19:54:29,480 ACC_overall: 0.9917793263991673

2021-05-29 19:54:29,480 IoU_poly: 0.8100988107422987

2021-05-29 19:54:29,480 IoU_bg: 0.991462845603625

2021-05-29 19:54:29,480 IoU_mean: 0.9007808268070221

2021-05-29 19:54:29,480 ==============================
2021-05-29 19:54:29,480 

2021-05-29 19:54:44,836 RESULT FOR DATASET CVC-ClinicDB

2021-05-29 19:54:44,836 ==============================
2021-05-29 19:54:44,836 

2021-05-29 19:54:44,836 recall: 0.9322830308829585

2021-05-29 19:54:44,837 specificity: 0.9958336497506788

2021-05-29 19:54:44,837 precision: 0.9299010338802491

2021-05-29 19:54:44,837 F1: 0.916232586151079

2021-05-29 19:54:44,837 F2: 0.9218623189841427

2021-05-29 19:54:44,837 ACC_overall: 0.991894212461287

2021-05-29 19:54:44,837 IoU_poly: 0.8688805571967556

2021-05-29 19:54:44,837 IoU_bg: 0.9901774371823957

2021-05-29 19:54:44,837 IoU_mean: 0.9295289929836027

2021-05-29 19:54:44,837 ==============================
2021-05-29 19:54:44,837 

2021-05-29 19:55:14,277 RESULT FOR DATASET Kvasir

2021-05-29 19:55:14,277 ==============================
2021-05-29 19:55:14,277 

2021-05-29 19:55:14,277 recall: 0.8964613792300224

2021-05-29 19:55:14,277 specificity: 0.9877202332019805

2021-05-29 19:55:14,277 precision: 0.9235529312491417

2021-05-29 19:55:14,277 F1: 0.8934484502673149

2021-05-29 19:55:14,277 F2: 0.8904569247364997

2021-05-29 19:55:14,277 ACC_overall: 0.9676949924230576

2021-05-29 19:55:14,277 IoU_poly: 0.8340159794688224

2021-05-29 19:55:14,277 IoU_bg: 0.9599248814582825

2021-05-29 19:55:14,277 IoU_mean: 0.8969704276323318

2021-05-29 19:55:14,277 ==============================
2021-05-29 19:55:14,277 

2021-05-29 19:57:06,184 RESULT FOR DATASET CVC-ColonDB

2021-05-29 19:57:06,184 ==============================
2021-05-29 19:57:06,185 

2021-05-29 19:57:06,185 recall: 0.7354843689556015

2021-05-29 19:57:06,185 specificity: 0.9910773109448584

2021-05-29 19:57:06,185 precision: 0.8375122302070132

2021-05-29 19:57:06,185 F1: 0.7100866179940113

2021-05-29 19:57:06,185 F2: 0.7159793089380939

2021-05-29 19:57:06,185 ACC_overall: 0.958998851556527

2021-05-29 19:57:06,185 IoU_poly: 0.643139295840706

2021-05-29 19:57:06,185 IoU_bg: 0.9571418142632434

2021-05-29 19:57:06,185 IoU_mean: 0.8001405550068931

2021-05-29 19:57:06,185 ==============================
2021-05-29 19:57:06,185 

2021-05-29 19:58:27,499 RESULT FOR DATASET ETIS-LaribPolypDB

2021-05-29 19:58:27,499 ==============================
2021-05-29 19:58:27,499 

2021-05-29 19:58:27,499 recall: 0.7272926518252582

2021-05-29 19:58:27,499 specificity: 0.989997212071808

2021-05-29 19:58:27,499 precision: 0.8152950538749012

2021-05-29 19:58:27,499 F1: 0.6646849569037283

2021-05-29 19:58:27,499 F2: 0.694094495454887

2021-05-29 19:58:27,499 ACC_overall: 0.9844815372204294

2021-05-29 19:58:27,499 IoU_poly: 0.598532992307754

2021-05-29 19:58:27,499 IoU_bg: 0.9837704200525673

2021-05-29 19:58:27,500 IoU_mean: 0.7911517063573915

2021-05-29 19:58:27,500 ==============================
2021-05-29 19:58:27,500 

