2021-05-01 13:25:43,684 RESULT FOR DATASET CVC-300

2021-05-01 13:25:43,684 ==============================
2021-05-01 13:25:43,684 

2021-05-01 13:25:43,684 recall: 0.9661435683568319

2021-05-01 13:25:43,684 specificity: 0.9888237277666728

2021-05-01 13:25:43,684 precision: 0.804063202937444

2021-05-01 13:25:43,684 F1: 0.8526471890509129

2021-05-01 13:25:43,684 F2: 0.8987684910496075

2021-05-01 13:25:43,684 ACC_overall: 0.9879930903514226

2021-05-01 13:25:43,684 IoU_poly: 0.7798736189802488

2021-05-01 13:25:43,684 IoU_bg: 0.9876043975353241

2021-05-01 13:25:43,685 IoU_mean: 0.8837390075127284

2021-05-01 13:25:43,685 ==============================
2021-05-01 13:25:43,685 

2021-05-01 13:25:59,398 RESULT FOR DATASET CVC-ClinicDB

2021-05-01 13:25:59,398 ==============================
2021-05-01 13:25:59,398 

2021-05-01 13:25:59,398 recall: 0.9408548445470871

2021-05-01 13:25:59,398 specificity: 0.9946405262716355

2021-05-01 13:25:59,398 precision: 0.9039343178512589

2021-05-01 13:25:59,398 F1: 0.9125394446234549

2021-05-01 13:25:59,398 F2: 0.9235303118344276

2021-05-01 13:25:59,398 ACC_overall: 0.991097032062469

2021-05-01 13:25:59,399 IoU_poly: 0.8633907936633595

2021-05-01 13:25:59,399 IoU_bg: 0.9894260379575914

2021-05-01 13:25:59,399 IoU_mean: 0.9264084139177876

2021-05-01 13:25:59,399 ==============================
2021-05-01 13:25:59,399 

2021-05-01 13:26:29,886 RESULT FOR DATASET Kvasir

2021-05-01 13:26:29,886 ==============================
2021-05-01 13:26:29,886 

2021-05-01 13:26:29,886 recall: 0.9137852324545384

2021-05-01 13:26:29,886 specificity: 0.9875113916397095

2021-05-01 13:26:29,886 precision: 0.9316827854514123

2021-05-01 13:26:29,886 F1: 0.9115498742461204

2021-05-01 13:26:29,886 F2: 0.9100903467833996

2021-05-01 13:26:29,886 ACC_overall: 0.9737382727861404

2021-05-01 13:26:29,886 IoU_poly: 0.8590384936332702

2021-05-01 13:26:29,886 IoU_bg: 0.9658017563819885

2021-05-01 13:26:29,886 IoU_mean: 0.9124201226234436

2021-05-01 13:26:29,886 ==============================
2021-05-01 13:26:29,886 

2021-05-01 13:28:30,059 RESULT FOR DATASET CVC-ColonDB

2021-05-01 13:28:30,059 ==============================
2021-05-01 13:28:30,060 

2021-05-01 13:28:30,060 recall: 0.8347178515855208

2021-05-01 13:28:30,060 specificity: 0.9865533126027961

2021-05-01 13:28:30,060 precision: 0.8131799811188294

2021-05-01 13:28:30,060 F1: 0.7749636320566089

2021-05-01 13:28:30,060 F2: 0.7906072848090819

2021-05-01 13:28:30,060 ACC_overall: 0.9621628392683832

2021-05-01 13:28:30,060 IoU_poly: 0.6957306818683217

2021-05-01 13:28:30,060 IoU_bg: 0.9594400616852861

2021-05-01 13:28:30,060 IoU_mean: 0.8275853719366224

2021-05-01 13:28:30,060 ==============================
2021-05-01 13:28:30,060 

2021-05-01 13:29:51,989 RESULT FOR DATASET ETIS-LaribPolypDB

2021-05-01 13:29:51,989 ==============================
2021-05-01 13:29:51,989 

2021-05-01 13:29:51,990 recall: 0.8546633725226438

2021-05-01 13:29:51,990 specificity: 0.9849934121783899

2021-05-01 13:29:51,990 precision: 0.7029789900735959

2021-05-01 13:29:51,990 F1: 0.7466725571440682

2021-05-01 13:29:51,990 F2: 0.7957845178983434

2021-05-01 13:29:51,990 ACC_overall: 0.9828156168971743

2021-05-01 13:29:51,990 IoU_poly: 0.6613377140678801

2021-05-01 13:29:51,990 IoU_bg: 0.9819585933369033

2021-05-01 13:29:51,990 IoU_mean: 0.8216481534193973

2021-05-01 13:29:51,990 ==============================
2021-05-01 13:29:51,990 

