2021-05-05 05:37:53,233 RESULT FOR DATASET CVC-300

2021-05-05 05:37:53,233 ==============================
2021-05-05 05:37:53,233 

2021-05-05 05:37:53,233 recall: 0.9661435683568319

2021-05-05 05:37:53,233 specificity: 0.9888237277666728

2021-05-05 05:37:53,233 precision: 0.804063202937444

2021-05-05 05:37:53,234 F1: 0.8526471890509129

2021-05-05 05:37:53,234 F2: 0.8987684910496075

2021-05-05 05:37:53,234 ACC_overall: 0.9879930903514226

2021-05-05 05:37:53,234 IoU_poly: 0.7798736189802488

2021-05-05 05:37:53,234 IoU_bg: 0.9876043975353241

2021-05-05 05:37:53,234 IoU_mean: 0.8837390075127284

2021-05-05 05:37:53,234 ==============================
2021-05-05 05:37:53,234 

2021-05-05 05:38:09,067 RESULT FOR DATASET CVC-ClinicDB

2021-05-05 05:38:09,067 ==============================
2021-05-05 05:38:09,068 

2021-05-05 05:38:09,068 recall: 0.9408548445470871

2021-05-05 05:38:09,068 specificity: 0.9946405262716355

2021-05-05 05:38:09,068 precision: 0.9039343178512589

2021-05-05 05:38:09,068 F1: 0.9125394446234549

2021-05-05 05:38:09,068 F2: 0.9235303118344276

2021-05-05 05:38:09,068 ACC_overall: 0.991097032062469

2021-05-05 05:38:09,068 IoU_poly: 0.8633907936633595

2021-05-05 05:38:09,068 IoU_bg: 0.9894260379575914

2021-05-05 05:38:09,068 IoU_mean: 0.9264084139177876

2021-05-05 05:38:09,068 ==============================
2021-05-05 05:38:09,068 

2021-05-05 05:38:39,484 RESULT FOR DATASET Kvasir

2021-05-05 05:38:39,485 ==============================
2021-05-05 05:38:39,485 

2021-05-05 05:38:39,485 recall: 0.9137852324545384

2021-05-05 05:38:39,485 specificity: 0.9875113916397095

2021-05-05 05:38:39,485 precision: 0.9316827854514123

2021-05-05 05:38:39,485 F1: 0.9115498742461204

2021-05-05 05:38:39,486 F2: 0.9100903467833996

2021-05-05 05:38:39,486 ACC_overall: 0.9737382727861404

2021-05-05 05:38:39,486 IoU_poly: 0.8590384936332702

2021-05-05 05:38:39,486 IoU_bg: 0.9658017563819885

2021-05-05 05:38:39,486 IoU_mean: 0.9124201226234436

2021-05-05 05:38:39,486 ==============================
2021-05-05 05:38:39,486 

2021-05-05 05:40:39,985 RESULT FOR DATASET CVC-ColonDB

2021-05-05 05:40:39,986 ==============================
2021-05-05 05:40:39,986 

2021-05-05 05:40:39,986 recall: 0.8347178515855208

2021-05-05 05:40:39,986 specificity: 0.9865533126027961

2021-05-05 05:40:39,986 precision: 0.8131799811188294

2021-05-05 05:40:39,986 F1: 0.7749636320566089

2021-05-05 05:40:39,986 F2: 0.7906072848090819

2021-05-05 05:40:39,986 ACC_overall: 0.9621628392683832

2021-05-05 05:40:39,986 IoU_poly: 0.6957306818683217

2021-05-05 05:40:39,986 IoU_bg: 0.9594400616852861

2021-05-05 05:40:39,986 IoU_mean: 0.8275853719366224

2021-05-05 05:40:39,986 ==============================
2021-05-05 05:40:39,986 

2021-05-05 05:42:02,488 RESULT FOR DATASET ETIS-LaribPolypDB

2021-05-05 05:42:02,488 ==============================
2021-05-05 05:42:02,488 

2021-05-05 05:42:02,488 recall: 0.8546633725226438

2021-05-05 05:42:02,488 specificity: 0.9849934121783899

2021-05-05 05:42:02,488 precision: 0.7029789900735959

2021-05-05 05:42:02,488 F1: 0.7466725571440682

2021-05-05 05:42:02,488 F2: 0.7957845178983434

2021-05-05 05:42:02,488 ACC_overall: 0.9828156168971743

2021-05-05 05:42:02,488 IoU_poly: 0.6613377140678801

2021-05-05 05:42:02,489 IoU_bg: 0.9819585933369033

2021-05-05 05:42:02,489 IoU_mean: 0.8216481534193973

2021-05-05 05:42:02,489 ==============================
2021-05-05 05:42:02,489 

