2021-05-10 20:22:56,200 RESULT FOR DATASET CVC-300

2021-05-10 20:22:56,200 ==============================
2021-05-10 20:22:56,200 

2021-05-10 20:22:56,200 recall: 0.9649782409270604

2021-05-10 20:22:56,200 specificity: 0.9868308871984481

2021-05-10 20:22:56,200 precision: 0.7951694458723069

2021-05-10 20:22:56,200 F1: 0.8433467260251443

2021-05-10 20:22:56,201 F2: 0.8897199143966039

2021-05-10 20:22:56,201 ACC_overall: 0.9859900126854578

2021-05-10 20:22:56,201 IoU_poly: 0.7716372851282358

2021-05-10 20:22:56,201 IoU_bg: 0.9855850170056025

2021-05-10 20:22:56,201 IoU_mean: 0.8786111538608868

2021-05-10 20:22:56,201 ==============================
2021-05-10 20:22:56,201 

2021-05-10 20:23:12,690 RESULT FOR DATASET CVC-ClinicDB

2021-05-10 20:23:12,690 ==============================
2021-05-10 20:23:12,690 

2021-05-10 20:23:12,690 recall: 0.9266636954177351

2021-05-10 20:23:12,690 specificity: 0.9937172541695256

2021-05-10 20:23:12,690 precision: 0.884254212630631

2021-05-10 20:23:12,691 F1: 0.8972443070510523

2021-05-10 20:23:12,691 F2: 0.909216128022132

2021-05-10 20:23:12,691 ACC_overall: 0.9903843152907587

2021-05-10 20:23:12,691 IoU_poly: 0.850383645776263

2021-05-10 20:23:12,691 IoU_bg: 0.9887183962329742

2021-05-10 20:23:12,691 IoU_mean: 0.919551020668399

2021-05-10 20:23:12,691 ==============================
2021-05-10 20:23:12,691 

2021-05-10 20:23:44,574 RESULT FOR DATASET Kvasir

2021-05-10 20:23:44,574 ==============================
2021-05-10 20:23:44,574 

2021-05-10 20:23:44,574 recall: 0.9190792554616928

2021-05-10 20:23:44,574 specificity: 0.9875280368328094

2021-05-10 20:23:44,574 precision: 0.9375741848349571

2021-05-10 20:23:44,574 F1: 0.9183299666643143

2021-05-10 20:23:44,574 F2: 0.9161345246434212

2021-05-10 20:23:44,574 ACC_overall: 0.976307419538498

2021-05-10 20:23:44,574 IoU_poly: 0.8667739272117615

2021-05-10 20:23:44,574 IoU_bg: 0.9683849215507507

2021-05-10 20:23:44,574 IoU_mean: 0.917579425573349

2021-05-10 20:23:44,574 ==============================
2021-05-10 20:23:44,574 

2021-05-10 20:25:49,098 RESULT FOR DATASET CVC-ColonDB

2021-05-10 20:25:49,098 ==============================
2021-05-10 20:25:49,098 

2021-05-10 20:25:49,098 recall: 0.8302354797281336

2021-05-10 20:25:49,098 specificity: 0.9863890796899796

2021-05-10 20:25:49,098 precision: 0.7924082672104449

2021-05-10 20:25:49,098 F1: 0.7622640938063437

2021-05-10 20:25:49,098 F2: 0.7841220691308631

2021-05-10 20:25:49,098 ACC_overall: 0.9627296919885434

2021-05-10 20:25:49,099 IoU_poly: 0.6868277633829357

2021-05-10 20:25:49,099 IoU_bg: 0.9604841291904449

2021-05-10 20:25:49,099 IoU_mean: 0.8236559440822978

2021-05-10 20:25:49,099 ==============================
2021-05-10 20:25:49,099 

2021-05-10 20:27:14,125 RESULT FOR DATASET ETIS-LaribPolypDB

2021-05-10 20:27:14,125 ==============================
2021-05-10 20:27:14,126 

2021-05-10 20:27:14,126 recall: 0.8537645004657582

2021-05-10 20:27:14,126 specificity: 0.9846697096921959

2021-05-10 20:27:14,126 precision: 0.729227362849287

2021-05-10 20:27:14,126 F1: 0.7536758393113202

2021-05-10 20:27:14,126 F2: 0.8003963528526398

2021-05-10 20:27:14,126 ACC_overall: 0.9829455790471058

2021-05-10 20:27:14,126 IoU_poly: 0.6716328520853091

2021-05-10 20:27:14,126 IoU_bg: 0.9819844036686177

2021-05-10 20:27:14,126 IoU_mean: 0.8268086270106082

2021-05-10 20:27:14,126 ==============================
2021-05-10 20:27:14,126 

