2021-05-09 17:30:32,184 RESULT FOR DATASET CVC-300

2021-05-09 17:30:32,184 ==============================
2021-05-09 17:30:32,184 

2021-05-09 17:30:32,184 recall: 0.9586686690648397

2021-05-09 17:30:32,184 specificity: 0.991515259941419

2021-05-09 17:30:32,184 precision: 0.8301100867489973

2021-05-09 17:30:32,184 F1: 0.8691481538116932

2021-05-09 17:30:32,184 F2: 0.9054745549956957

2021-05-09 17:30:32,185 ACC_overall: 0.9904232273499171

2021-05-09 17:30:32,185 IoU_poly: 0.8003929149359464

2021-05-09 17:30:32,185 IoU_bg: 0.9901014844576518

2021-05-09 17:30:32,185 IoU_mean: 0.8952471991380055

2021-05-09 17:30:32,185 ==============================
2021-05-09 17:30:32,185 

2021-05-09 17:30:47,637 RESULT FOR DATASET CVC-ClinicDB

2021-05-09 17:30:47,637 ==============================
2021-05-09 17:30:47,637 

2021-05-09 17:30:47,638 recall: 0.9397880860394047

2021-05-09 17:30:47,638 specificity: 0.994651602160546

2021-05-09 17:30:47,638 precision: 0.9075991928937935

2021-05-09 17:30:47,638 F1: 0.9183817284722482

2021-05-09 17:30:47,638 F2: 0.928975393695216

2021-05-09 17:30:47,638 ACC_overall: 0.9906007330263814

2021-05-09 17:30:47,638 IoU_poly: 0.8685069012966368

2021-05-09 17:30:47,638 IoU_bg: 0.9887920310420375

2021-05-09 17:30:47,638 IoU_mean: 0.9286494629998361

2021-05-09 17:30:47,638 ==============================
2021-05-09 17:30:47,638 

2021-05-09 17:31:18,822 RESULT FOR DATASET Kvasir

2021-05-09 17:31:18,823 ==============================
2021-05-09 17:31:18,823 

2021-05-09 17:31:18,823 recall: 0.9133148574829102

2021-05-09 17:31:18,823 specificity: 0.9893284446001053

2021-05-09 17:31:18,823 precision: 0.9368029698729515

2021-05-09 17:31:18,823 F1: 0.9155782195925712

2021-05-09 17:31:18,823 F2: 0.9117075237631798

2021-05-09 17:31:18,823 ACC_overall: 0.9759041678905487

2021-05-09 17:31:18,823 IoU_poly: 0.8639756917953492

2021-05-09 17:31:18,823 IoU_bg: 0.967794696688652

2021-05-09 17:31:18,823 IoU_mean: 0.9158851903676987

2021-05-09 17:31:18,823 ==============================
2021-05-09 17:31:18,823 

2021-05-09 17:33:17,006 RESULT FOR DATASET CVC-ColonDB

2021-05-09 17:33:17,006 ==============================
2021-05-09 17:33:17,006 

2021-05-09 17:33:17,006 recall: 0.805433488855021

2021-05-09 17:33:17,006 specificity: 0.9894698006542105

2021-05-09 17:33:17,006 precision: 0.822233340115628

2021-05-09 17:33:17,007 F1: 0.762176083227065

2021-05-09 17:33:17,007 F2: 0.7758735531365011

2021-05-09 17:33:17,007 ACC_overall: 0.9644397249347285

2021-05-09 17:33:17,007 IoU_poly: 0.6887814830121634

2021-05-09 17:33:17,007 IoU_bg: 0.9621059684376968

2021-05-09 17:33:17,007 IoU_mean: 0.8254437261113995

2021-05-09 17:33:17,007 ==============================
2021-05-09 17:33:17,007 

2021-05-09 17:34:41,394 RESULT FOR DATASET ETIS-LaribPolypDB

2021-05-09 17:34:41,394 ==============================
2021-05-09 17:34:41,395 

2021-05-09 17:34:41,395 recall: 0.8544602065323526

2021-05-09 17:34:41,395 specificity: 0.9832689622227027

2021-05-09 17:34:41,395 precision: 0.6915226447316442

2021-05-09 17:34:41,395 F1: 0.7396640067051141

2021-05-09 17:34:41,395 F2: 0.7910215030180032

2021-05-09 17:34:41,395 ACC_overall: 0.9815148051295962

2021-05-09 17:34:41,395 IoU_poly: 0.6534568735737756

2021-05-09 17:34:41,395 IoU_bg: 0.9805127309293163

2021-05-09 17:34:41,395 IoU_mean: 0.8169847995955117

2021-05-09 17:34:41,395 ==============================
2021-05-09 17:34:41,395 

