2021-05-10 18:06:33,994 RESULT FOR DATASET CVC-300

2021-05-10 18:06:33,994 ==============================
2021-05-10 18:06:33,995 

2021-05-10 18:06:33,995 recall: 0.962521759668986

2021-05-10 18:06:33,995 specificity: 0.9919013251860936

2021-05-10 18:06:33,995 precision: 0.8342045123378435

2021-05-10 18:06:33,995 F1: 0.8723894918958346

2021-05-10 18:06:33,995 F2: 0.9085971742868424

2021-05-10 18:06:33,995 ACC_overall: 0.9909162590901057

2021-05-10 18:06:33,997 IoU_poly: 0.8066761460155248

2021-05-10 18:06:33,998 IoU_bg: 0.9906525353590647

2021-05-10 18:06:33,998 IoU_mean: 0.8986643443504969

2021-05-10 18:06:33,998 ==============================
2021-05-10 18:06:33,999 

2021-05-10 18:06:51,125 RESULT FOR DATASET CVC-ClinicDB

2021-05-10 18:06:51,125 ==============================
2021-05-10 18:06:51,125 

2021-05-10 18:06:51,125 recall: 0.9263916569348846

2021-05-10 18:06:51,125 specificity: 0.9933263515272448

2021-05-10 18:06:51,126 precision: 0.8968041554107913

2021-05-10 18:06:51,126 F1: 0.8953232011300579

2021-05-10 18:06:51,126 F2: 0.9073046048945417

2021-05-10 18:06:51,126 ACC_overall: 0.9906548482756461

2021-05-10 18:06:51,126 IoU_poly: 0.8506130234849069

2021-05-10 18:06:51,126 IoU_bg: 0.9890928403023751

2021-05-10 18:06:51,126 IoU_mean: 0.9198529330953475

2021-05-10 18:06:51,126 ==============================
2021-05-10 18:06:51,126 

2021-05-10 18:07:23,961 RESULT FOR DATASET Kvasir

2021-05-10 18:07:23,962 ==============================
2021-05-10 18:07:23,962 

2021-05-10 18:07:23,962 recall: 0.897689137160778

2021-05-10 18:07:23,962 specificity: 0.9896773374080658

2021-05-10 18:07:23,962 precision: 0.9404891228675842

2021-05-10 18:07:23,962 F1: 0.9079486510157585

2021-05-10 18:07:23,962 F2: 0.899795244038105

2021-05-10 18:07:23,962 ACC_overall: 0.9725291067361832

2021-05-10 18:07:23,962 IoU_poly: 0.8517635369300842

2021-05-10 18:07:23,962 IoU_bg: 0.9650625804066658

2021-05-10 18:07:23,962 IoU_mean: 0.9084130555391312

2021-05-10 18:07:23,962 ==============================
2021-05-10 18:07:23,962 

2021-05-10 18:09:31,310 RESULT FOR DATASET CVC-ColonDB

2021-05-10 18:09:31,310 ==============================
2021-05-10 18:09:31,310 

2021-05-10 18:09:31,310 recall: 0.8010567819850908

2021-05-10 18:09:31,310 specificity: 0.9905345359130909

2021-05-10 18:09:31,311 precision: 0.8378325742283204

2021-05-10 18:09:31,311 F1: 0.7722953605106101

2021-05-10 18:09:31,311 F2: 0.7783207878744035

2021-05-10 18:09:31,311 ACC_overall: 0.9647128890219487

2021-05-10 18:09:31,311 IoU_poly: 0.697500375337629

2021-05-10 18:09:31,311 IoU_bg: 0.9630621137587647

2021-05-10 18:09:31,311 IoU_mean: 0.8302812442183495

2021-05-10 18:09:31,311 ==============================
2021-05-10 18:09:31,311 

2021-05-10 18:10:59,265 RESULT FOR DATASET ETIS-LaribPolypDB

2021-05-10 18:10:59,265 ==============================
2021-05-10 18:10:59,265 

2021-05-10 18:10:59,266 recall: 0.8459482329170599

2021-05-10 18:10:59,266 specificity: 0.9862496722109464

2021-05-10 18:10:59,266 precision: 0.7341291263213727

2021-05-10 18:10:59,266 F1: 0.7491357328634534

2021-05-10 18:10:59,266 F2: 0.7963807262907981

2021-05-10 18:10:59,266 ACC_overall: 0.9843357184103557

2021-05-10 18:10:59,266 IoU_poly: 0.6700549910155601

2021-05-10 18:10:59,266 IoU_bg: 0.9835693574681574

2021-05-10 18:10:59,266 IoU_mean: 0.8268121762239203

2021-05-10 18:10:59,266 ==============================
2021-05-10 18:10:59,266 

