2021-05-05 05:33:20,695 RESULT FOR DATASET CVC-300

2021-05-05 05:33:20,695 ==============================
2021-05-05 05:33:20,695 

2021-05-05 05:33:20,695 recall: 0.9445078729341427

2021-05-05 05:33:20,695 specificity: 0.9900686671336492

2021-05-05 05:33:20,695 precision: 0.8139724187552929

2021-05-05 05:33:20,695 F1: 0.8501097838083903

2021-05-05 05:33:20,695 F2: 0.8864158009489377

2021-05-05 05:33:20,695 ACC_overall: 0.9883195708195368

2021-05-05 05:33:20,696 IoU_poly: 0.7823659336194396

2021-05-05 05:33:20,696 IoU_bg: 0.9879842340946198

2021-05-05 05:33:20,696 IoU_mean: 0.8851750880479813

2021-05-05 05:33:20,696 ==============================
2021-05-05 05:33:20,696 

2021-05-05 05:33:36,425 RESULT FOR DATASET CVC-ClinicDB

2021-05-05 05:33:36,425 ==============================
2021-05-05 05:33:36,425 

2021-05-05 05:33:36,425 recall: 0.9439537458144308

2021-05-05 05:33:36,425 specificity: 0.9925206995779469

2021-05-05 05:33:36,425 precision: 0.9050443561726781

2021-05-05 05:33:36,425 F1: 0.9164619026503773

2021-05-05 05:33:36,425 F2: 0.926574912994364

2021-05-05 05:33:36,425 ACC_overall: 0.9910591138947394

2021-05-05 05:33:36,426 IoU_poly: 0.8716669239264804

2021-05-05 05:33:36,426 IoU_bg: 0.9899490302608859

2021-05-05 05:33:36,426 IoU_mean: 0.930807979356858

2021-05-05 05:33:36,426 ==============================
2021-05-05 05:33:36,426 

2021-05-05 05:34:06,594 RESULT FOR DATASET Kvasir

2021-05-05 05:34:06,594 ==============================
2021-05-05 05:34:06,594 

2021-05-05 05:34:06,594 recall: 0.9152447390556335

2021-05-05 05:34:06,594 specificity: 0.982563954591751

2021-05-05 05:34:06,595 precision: 0.9185617324709893

2021-05-05 05:34:06,595 F1: 0.902412910759449

2021-05-05 05:34:06,595 F2: 0.9060968808829785

2021-05-05 05:34:06,595 ACC_overall: 0.9692512792348862

2021-05-05 05:34:06,595 IoU_poly: 0.8462711468338966

2021-05-05 05:34:06,595 IoU_bg: 0.9611887064576149

2021-05-05 05:34:06,595 IoU_mean: 0.903729926943779

2021-05-05 05:34:06,595 ==============================
2021-05-05 05:34:06,595 

2021-05-05 05:36:07,267 RESULT FOR DATASET CVC-ColonDB

2021-05-05 05:36:07,267 ==============================
2021-05-05 05:36:07,267 

2021-05-05 05:36:07,267 recall: 0.8418438793664265

2021-05-05 05:36:07,267 specificity: 0.9843724884484943

2021-05-05 05:36:07,267 precision: 0.7967243318986699

2021-05-05 05:36:07,267 F1: 0.7711404521808283

2021-05-05 05:36:07,267 F2: 0.789939168706482

2021-05-05 05:36:07,267 ACC_overall: 0.9624140347305097

2021-05-05 05:36:07,267 IoU_poly: 0.6922852781461571

2021-05-05 05:36:07,267 IoU_bg: 0.9591906401671861

2021-05-05 05:36:07,267 IoU_mean: 0.8257379596954898

2021-05-05 05:36:07,267 ==============================
2021-05-05 05:36:07,267 

2021-05-05 05:37:29,554 RESULT FOR DATASET ETIS-LaribPolypDB

2021-05-05 05:37:29,555 ==============================
2021-05-05 05:37:29,555 

2021-05-05 05:37:29,555 recall: 0.8301315433952405

2021-05-05 05:37:29,555 specificity: 0.985090361870065

2021-05-05 05:37:29,555 precision: 0.69084304294902

2021-05-05 05:37:29,555 F1: 0.7249599696916699

2021-05-05 05:37:29,555 F2: 0.7744138917890695

2021-05-05 05:37:29,555 ACC_overall: 0.9832714747409431

2021-05-05 05:37:29,555 IoU_poly: 0.6435613715720954

2021-05-05 05:37:29,555 IoU_bg: 0.9824486463045587

2021-05-05 05:37:29,555 IoU_mean: 0.8130050074993348

2021-05-05 05:37:29,555 ==============================
2021-05-05 05:37:29,555 

