2021-05-05 05:28:48,897 RESULT FOR DATASET CVC-300

2021-05-05 05:28:48,897 ==============================
2021-05-05 05:28:48,897 

2021-05-05 05:28:48,897 recall: 0.9551967253287633

2021-05-05 05:28:48,897 specificity: 0.9936738709608713

2021-05-05 05:28:48,897 precision: 0.8508711042503516

2021-05-05 05:28:48,897 F1: 0.8811064218481381

2021-05-05 05:28:48,897 F2: 0.9106347451607386

2021-05-05 05:28:48,897 ACC_overall: 0.9922576636075974

2021-05-05 05:28:48,897 IoU_poly: 0.8168260176976522

2021-05-05 05:28:48,897 IoU_bg: 0.9920302530129751

2021-05-05 05:28:48,897 IoU_mean: 0.9044281373421351

2021-05-05 05:28:48,898 ==============================
2021-05-05 05:28:48,898 

2021-05-05 05:29:04,859 RESULT FOR DATASET CVC-ClinicDB

2021-05-05 05:29:04,859 ==============================
2021-05-05 05:29:04,859 

2021-05-05 05:29:04,859 recall: 0.9446229098304626

2021-05-05 05:29:04,859 specificity: 0.9940479493910267

2021-05-05 05:29:04,859 precision: 0.9048032538304406

2021-05-05 05:29:04,860 F1: 0.9133008574285815

2021-05-05 05:29:04,860 F2: 0.9236813877378741

2021-05-05 05:29:04,860 ACC_overall: 0.9907426401492088

2021-05-05 05:29:04,860 IoU_poly: 0.8650922235702315

2021-05-05 05:29:04,860 IoU_bg: 0.9890340210929993

2021-05-05 05:29:04,860 IoU_mean: 0.9270631228723833

2021-05-05 05:29:04,860 ==============================
2021-05-05 05:29:04,860 

2021-05-05 05:29:35,197 RESULT FOR DATASET Kvasir

2021-05-05 05:29:35,197 ==============================
2021-05-05 05:29:35,197 

2021-05-05 05:29:35,198 recall: 0.9097676128149033

2021-05-05 05:29:35,198 specificity: 0.9907329702377319

2021-05-05 05:29:35,198 precision: 0.9408237645030022

2021-05-05 05:29:35,198 F1: 0.9158884117007255

2021-05-05 05:29:35,198 F2: 0.9098283937573433

2021-05-05 05:29:35,198 ACC_overall: 0.9741739642620086

2021-05-05 05:29:35,198 IoU_poly: 0.8627648590505124

2021-05-05 05:29:35,198 IoU_bg: 0.9666235199570656

2021-05-05 05:29:35,198 IoU_mean: 0.914694190621376

2021-05-05 05:29:35,198 ==============================
2021-05-05 05:29:35,198 

2021-05-05 05:31:35,080 RESULT FOR DATASET CVC-ColonDB

2021-05-05 05:31:35,080 ==============================
2021-05-05 05:31:35,080 

2021-05-05 05:31:35,080 recall: 0.8313855437122153

2021-05-05 05:31:35,080 specificity: 0.9892144041626076

2021-05-05 05:31:35,080 precision: 0.8137673603981583

2021-05-05 05:31:35,080 F1: 0.7786661086747939

2021-05-05 05:31:35,080 F2: 0.7933124375254035

2021-05-05 05:31:35,080 ACC_overall: 0.965526020056323

2021-05-05 05:31:35,080 IoU_poly: 0.7039763903940482

2021-05-05 05:31:35,081 IoU_bg: 0.9633093298265808

2021-05-05 05:31:35,081 IoU_mean: 0.8336428605804318

2021-05-05 05:31:35,081 ==============================
2021-05-05 05:31:35,081 

2021-05-05 05:32:57,237 RESULT FOR DATASET ETIS-LaribPolypDB

2021-05-05 05:32:57,238 ==============================
2021-05-05 05:32:57,238 

2021-05-05 05:32:57,238 recall: 0.8501070870780885

2021-05-05 05:32:57,238 specificity: 0.9863150007262522

2021-05-05 05:32:57,238 precision: 0.7272481846942597

2021-05-05 05:32:57,238 F1: 0.7547679539844856

2021-05-05 05:32:57,238 F2: 0.7986563835182987

2021-05-05 05:32:57,238 ACC_overall: 0.9840238833305787

2021-05-05 05:32:57,238 IoU_poly: 0.6735441006999838

2021-05-05 05:32:57,238 IoU_bg: 0.9831618596704639

2021-05-05 05:32:57,238 IoU_mean: 0.8283529787951586

2021-05-05 05:32:57,238 ==============================
2021-05-05 05:32:57,238 

