2021-05-01 08:03:55,256 RESULT FOR DATASET CVC-300

2021-05-01 08:03:55,256 ==============================
2021-05-01 08:03:55,256 

2021-05-01 08:03:55,257 recall: 0.9537736495335897

2021-05-01 08:03:55,257 specificity: 0.992645921309789

2021-05-01 08:03:55,257 precision: 0.8284737929701805

2021-05-01 08:03:55,257 F1: 0.8655523858964443

2021-05-01 08:03:55,257 F2: 0.9034054130315781

2021-05-01 08:03:55,257 ACC_overall: 0.9912116716305415

2021-05-01 08:03:55,257 IoU_poly: 0.7936140264074008

2021-05-01 08:03:55,257 IoU_bg: 0.9909469425678253

2021-05-01 08:03:55,257 IoU_mean: 0.8922804842392603

2021-05-01 08:03:55,257 ==============================
2021-05-01 08:03:55,257 

2021-05-01 08:04:10,993 RESULT FOR DATASET CVC-ClinicDB

2021-05-01 08:04:10,993 ==============================
2021-05-01 08:04:10,993 

2021-05-01 08:04:10,994 recall: 0.936205465947428

2021-05-01 08:04:10,994 specificity: 0.9925098996008596

2021-05-01 08:04:10,994 precision: 0.9093349461233423

2021-05-01 08:04:10,994 F1: 0.9062427234865965

2021-05-01 08:04:10,994 F2: 0.9114220844161126

2021-05-01 08:04:10,994 ACC_overall: 0.9880254412851026

2021-05-01 08:04:10,994 IoU_poly: 0.8558508648627228

2021-05-01 08:04:10,994 IoU_bg: 0.9860609414116028

2021-05-01 08:04:10,994 IoU_mean: 0.9209559016650722

2021-05-01 08:04:10,994 ==============================
2021-05-01 08:04:10,994 

2021-05-01 08:04:41,104 RESULT FOR DATASET Kvasir

2021-05-01 08:04:41,105 ==============================
2021-05-01 08:04:41,105 

2021-05-01 08:04:41,105 recall: 0.9099986992307094

2021-05-01 08:04:41,105 specificity: 0.986742668747902

2021-05-01 08:04:41,105 precision: 0.9266028013801042

2021-05-01 08:04:41,105 F1: 0.9097915314488273

2021-05-01 08:04:41,105 F2: 0.907913633856042

2021-05-01 08:04:41,105 ACC_overall: 0.9747173851728439

2021-05-01 08:04:41,105 IoU_poly: 0.8570800770300957

2021-05-01 08:04:41,105 IoU_bg: 0.9664697200059891

2021-05-01 08:04:41,105 IoU_mean: 0.9117749020457268

2021-05-01 08:04:41,105 ==============================
2021-05-01 08:04:41,105 

2021-05-01 08:06:41,073 RESULT FOR DATASET CVC-ColonDB

2021-05-01 08:06:41,074 ==============================
2021-05-01 08:06:41,074 

2021-05-01 08:06:41,074 recall: 0.7984251257172266

2021-05-01 08:06:41,074 specificity: 0.9881837247233641

2021-05-01 08:06:41,074 precision: 0.7899846158919134

2021-05-01 08:06:41,074 F1: 0.7479239087943489

2021-05-01 08:06:41,074 F2: 0.7645094555797977

2021-05-01 08:06:41,074 ACC_overall: 0.9637316214410883

2021-05-01 08:06:41,074 IoU_poly: 0.6691232632167277

2021-05-01 08:06:41,074 IoU_bg: 0.9605222730260147

2021-05-01 08:06:41,074 IoU_mean: 0.8148227707335823

2021-05-01 08:06:41,074 ==============================
2021-05-01 08:06:41,074 

2021-05-01 08:08:02,819 RESULT FOR DATASET ETIS-LaribPolypDB

2021-05-01 08:08:02,819 ==============================
2021-05-01 08:08:02,819 

2021-05-01 08:08:02,819 recall: 0.8342582529076397

2021-05-01 08:08:02,819 specificity: 0.9821341417881907

2021-05-01 08:08:02,819 precision: 0.6860704914416063

2021-05-01 08:08:02,819 F1: 0.7117332184648149

2021-05-01 08:08:02,819 F2: 0.7647643047383896

2021-05-01 08:08:02,819 ACC_overall: 0.9801296053492293

2021-05-01 08:08:02,819 IoU_poly: 0.6269979545834559

2021-05-01 08:08:02,819 IoU_bg: 0.9792052483072087

2021-05-01 08:08:02,819 IoU_mean: 0.8031016018013565

2021-05-01 08:08:02,819 ==============================
2021-05-01 08:08:02,820 

