2021-05-13 21:14:47,766 RESULT FOR DATASET CVC-300

2021-05-13 21:14:47,766 ==============================
2021-05-13 21:14:47,766 

2021-05-13 21:14:47,767 recall: 0.9493180294831594

2021-05-13 21:14:47,767 specificity: 0.9926271498203277

2021-05-13 21:14:47,767 precision: 0.8330393891781569

2021-05-13 21:14:47,767 F1: 0.8658278964459896

2021-05-13 21:14:47,767 F2: 0.8988955765962601

2021-05-13 21:14:47,767 ACC_overall: 0.9908832162618637

2021-05-13 21:14:47,767 IoU_poly: 0.7931126518795888

2021-05-13 21:14:47,767 IoU_bg: 0.9906222581863403

2021-05-13 21:14:47,767 IoU_mean: 0.8918674533565839

2021-05-13 21:14:47,767 ==============================
2021-05-13 21:14:47,767 

2021-05-13 21:15:04,038 RESULT FOR DATASET CVC-ClinicDB

2021-05-13 21:15:04,038 ==============================
2021-05-13 21:15:04,038 

2021-05-13 21:15:04,038 recall: 0.9402427606044277

2021-05-13 21:15:04,038 specificity: 0.9932883958662709

2021-05-13 21:15:04,038 precision: 0.9061323417530905

2021-05-13 21:15:04,039 F1: 0.9104056495331949

2021-05-13 21:15:04,039 F2: 0.9206848661265066

2021-05-13 21:15:04,039 ACC_overall: 0.9913467168807983

2021-05-13 21:15:04,039 IoU_poly: 0.8609147928054294

2021-05-13 21:15:04,039 IoU_bg: 0.9899214313876245

2021-05-13 21:15:04,039 IoU_mean: 0.9254181125471669

2021-05-13 21:15:04,039 ==============================
2021-05-13 21:15:04,039 

2021-05-13 21:15:36,209 RESULT FOR DATASET Kvasir

2021-05-13 21:15:36,209 ==============================
2021-05-13 21:15:36,209 

2021-05-13 21:15:36,209 recall: 0.9046882749442011

2021-05-13 21:15:36,209 specificity: 0.9875551348924637

2021-05-13 21:15:36,209 precision: 0.9288711304217577

2021-05-13 21:15:36,209 F1: 0.9080175829213113

2021-05-13 21:15:36,209 F2: 0.902861049734056

2021-05-13 21:15:36,209 ACC_overall: 0.9747238343954087

2021-05-13 21:15:36,209 IoU_poly: 0.8549303774256259

2021-05-13 21:15:36,209 IoU_bg: 0.9665745544433594

2021-05-13 21:15:36,209 IoU_mean: 0.9107524639368058

2021-05-13 21:15:36,209 ==============================
2021-05-13 21:15:36,209 

2021-05-13 21:17:30,972 RESULT FOR DATASET CVC-ColonDB

2021-05-13 21:17:30,972 ==============================
2021-05-13 21:17:30,972 

2021-05-13 21:17:30,972 recall: 0.7953685630013919

2021-05-13 21:17:30,972 specificity: 0.987629310708297

2021-05-13 21:17:30,972 precision: 0.8105689891005424

2021-05-13 21:17:30,972 F1: 0.7534817104809726

2021-05-13 21:17:30,972 F2: 0.7654664144082289

2021-05-13 21:17:30,972 ACC_overall: 0.9621355362628635

2021-05-13 21:17:30,972 IoU_poly: 0.6730156808534837

2021-05-13 21:17:30,972 IoU_bg: 0.9590829163789749

2021-05-13 21:17:30,972 IoU_mean: 0.8160492998204734

2021-05-13 21:17:30,972 ==============================
2021-05-13 21:17:30,972 

2021-05-13 21:18:53,192 RESULT FOR DATASET ETIS-LaribPolypDB

2021-05-13 21:18:53,192 ==============================
2021-05-13 21:18:53,192 

2021-05-13 21:18:53,192 recall: 0.8210685575227402

2021-05-13 21:18:53,192 specificity: 0.9817930846189966

2021-05-13 21:18:53,193 precision: 0.6937353869942162

2021-05-13 21:18:53,193 F1: 0.7167752412582633

2021-05-13 21:18:53,193 F2: 0.7642716830941472

2021-05-13 21:18:53,193 ACC_overall: 0.9792623729730139

2021-05-13 21:18:53,193 IoU_poly: 0.6327591628581392

2021-05-13 21:18:53,193 IoU_bg: 0.978183026216468

2021-05-13 21:18:53,193 IoU_mean: 0.8054710935269084

2021-05-13 21:18:53,193 ==============================
2021-05-13 21:18:53,193 

