2021-05-13 21:10:24,298 RESULT FOR DATASET CVC-300

2021-05-13 21:10:24,298 ==============================
2021-05-13 21:10:24,298 

2021-05-13 21:10:24,298 recall: 0.9430937339862188

2021-05-13 21:10:24,298 specificity: 0.9927406132221221

2021-05-13 21:10:24,298 precision: 0.8345934430758158

2021-05-13 21:10:24,298 F1: 0.8640216171741486

2021-05-13 21:10:24,298 F2: 0.8944931810100873

2021-05-13 21:10:24,298 ACC_overall: 0.9908340901136399

2021-05-13 21:10:24,298 IoU_poly: 0.790640339627862

2021-05-13 21:10:24,298 IoU_bg: 0.9905648360649745

2021-05-13 21:10:24,298 IoU_mean: 0.890602586666743

2021-05-13 21:10:24,298 ==============================
2021-05-13 21:10:24,298 

2021-05-13 21:10:40,751 RESULT FOR DATASET CVC-ClinicDB

2021-05-13 21:10:40,751 ==============================
2021-05-13 21:10:40,751 

2021-05-13 21:10:40,751 recall: 0.9230519070237454

2021-05-13 21:10:40,751 specificity: 0.9931400312531379

2021-05-13 21:10:40,751 precision: 0.9045526692343335

2021-05-13 21:10:40,751 F1: 0.8988666176934906

2021-05-13 21:10:40,751 F2: 0.9090461765224445

2021-05-13 21:10:40,751 ACC_overall: 0.9894859117846335

2021-05-13 21:10:40,751 IoU_poly: 0.8488691169956338

2021-05-13 21:10:40,751 IoU_bg: 0.987432450056076

2021-05-13 21:10:40,751 IoU_mean: 0.9181507854692398

2021-05-13 21:10:40,751 ==============================
2021-05-13 21:10:40,751 

2021-05-13 21:11:11,151 RESULT FOR DATASET Kvasir

2021-05-13 21:11:11,151 ==============================
2021-05-13 21:11:11,151 

2021-05-13 21:11:11,151 recall: 0.9044205051846802

2021-05-13 21:11:11,151 specificity: 0.9866616994142532

2021-05-13 21:11:11,151 precision: 0.9243991076759994

2021-05-13 21:11:11,151 F1: 0.9046333275921643

2021-05-13 21:11:11,151 F2: 0.9020278694294394

2021-05-13 21:11:11,151 ACC_overall: 0.9711383724212647

2021-05-13 21:11:11,152 IoU_poly: 0.8494213057216257

2021-05-13 21:11:11,152 IoU_bg: 0.9626126688718796

2021-05-13 21:11:11,152 IoU_mean: 0.9060169908404351

2021-05-13 21:11:11,152 ==============================
2021-05-13 21:11:11,152 

2021-05-13 21:13:03,176 RESULT FOR DATASET CVC-ColonDB

2021-05-13 21:13:03,176 ==============================
2021-05-13 21:13:03,176 

2021-05-13 21:13:03,176 recall: 0.7800327681874621

2021-05-13 21:13:03,176 specificity: 0.9903968867502715

2021-05-13 21:13:03,176 precision: 0.8222941847028108

2021-05-13 21:13:03,176 F1: 0.7498634127116499

2021-05-13 21:13:03,176 F2: 0.7563584910958142

2021-05-13 21:13:03,176 ACC_overall: 0.9600009847628442

2021-05-13 21:13:03,176 IoU_poly: 0.6678133567538823

2021-05-13 21:13:03,176 IoU_bg: 0.9572620979265163

2021-05-13 21:13:03,176 IoU_mean: 0.8125377262893476

2021-05-13 21:13:03,176 ==============================
2021-05-13 21:13:03,177 

2021-05-13 21:14:25,396 RESULT FOR DATASET ETIS-LaribPolypDB

2021-05-13 21:14:25,396 ==============================
2021-05-13 21:14:25,396 

2021-05-13 21:14:25,396 recall: 0.8177455745948352

2021-05-13 21:14:25,396 specificity: 0.9809556259792678

2021-05-13 21:14:25,396 precision: 0.6732680372101061

2021-05-13 21:14:25,396 F1: 0.7066848951415996

2021-05-13 21:14:25,396 F2: 0.75560834892488

2021-05-13 21:14:25,396 ACC_overall: 0.9784500614112738

2021-05-13 21:14:25,396 IoU_poly: 0.6164830078424919

2021-05-13 21:14:25,396 IoU_bg: 0.9773279644396841

2021-05-13 21:14:25,396 IoU_mean: 0.79690548306217

2021-05-13 21:14:25,396 ==============================
2021-05-13 21:14:25,396 

