2021-05-13 21:19:15,676 RESULT FOR DATASET CVC-300

2021-05-13 21:19:15,677 ==============================
2021-05-13 21:19:15,677 

2021-05-13 21:19:15,677 recall: 0.9512320548295975

2021-05-13 21:19:15,677 specificity: 0.9909965266784032

2021-05-13 21:19:15,677 precision: 0.8261549085378647

2021-05-13 21:19:15,677 F1: 0.8605198030670483

2021-05-13 21:19:15,677 F2: 0.8951798009375731

2021-05-13 21:19:15,677 ACC_overall: 0.9895137051741282

2021-05-13 21:19:15,677 IoU_poly: 0.7905235101779302

2021-05-13 21:19:15,677 IoU_bg: 0.9892213205496471

2021-05-13 21:19:15,677 IoU_mean: 0.889872419834137

2021-05-13 21:19:15,677 ==============================
2021-05-13 21:19:15,677 

2021-05-13 21:19:31,108 RESULT FOR DATASET CVC-ClinicDB

2021-05-13 21:19:31,108 ==============================
2021-05-13 21:19:31,108 

2021-05-13 21:19:31,108 recall: 0.9233801309620181

2021-05-13 21:19:31,108 specificity: 0.9912965845677161

2021-05-13 21:19:31,108 precision: 0.8868286042068634

2021-05-13 21:19:31,108 F1: 0.8938521886875312

2021-05-13 21:19:31,108 F2: 0.9042163745109593

2021-05-13 21:19:31,108 ACC_overall: 0.985608539273662

2021-05-13 21:19:31,109 IoU_poly: 0.8364673086907715

2021-05-13 21:19:31,109 IoU_bg: 0.9831331660670619

2021-05-13 21:19:31,109 IoU_mean: 0.9098002353022175

2021-05-13 21:19:31,109 ==============================
2021-05-13 21:19:31,109 

2021-05-13 21:20:01,934 RESULT FOR DATASET Kvasir

2021-05-13 21:20:01,934 ==============================
2021-05-13 21:20:01,934 

2021-05-13 21:20:01,934 recall: 0.9021039873361587

2021-05-13 21:20:01,934 specificity: 0.9872858363389969

2021-05-13 21:20:01,934 precision: 0.9242634956538677

2021-05-13 21:20:01,934 F1: 0.8969245798885822

2021-05-13 21:20:01,934 F2: 0.896260302066803

2021-05-13 21:20:01,934 ACC_overall: 0.9708640438318252

2021-05-13 21:20:01,934 IoU_poly: 0.8379340197145939

2021-05-13 21:20:01,934 IoU_bg: 0.9631658440828323

2021-05-13 21:20:01,934 IoU_mean: 0.9005499285459518

2021-05-13 21:20:01,934 ==============================
2021-05-13 21:20:01,934 

2021-05-13 21:21:58,301 RESULT FOR DATASET CVC-ColonDB

2021-05-13 21:21:58,302 ==============================
2021-05-13 21:21:58,302 

2021-05-13 21:21:58,302 recall: 0.8073447788887184

2021-05-13 21:21:58,302 specificity: 0.9829477227832142

2021-05-13 21:21:58,302 precision: 0.8030115490904216

2021-05-13 21:21:58,302 F1: 0.7538483042768253

2021-05-13 21:21:58,302 F2: 0.7664269300792225

2021-05-13 21:21:58,302 ACC_overall: 0.9615216752416209

2021-05-13 21:21:58,302 IoU_poly: 0.6743975106049555

2021-05-13 21:21:58,302 IoU_bg: 0.9576696845261674

2021-05-13 21:21:58,302 IoU_mean: 0.8160335976826517

2021-05-13 21:21:58,302 ==============================
2021-05-13 21:21:58,302 

2021-05-13 21:23:21,545 RESULT FOR DATASET ETIS-LaribPolypDB

2021-05-13 21:23:21,545 ==============================
2021-05-13 21:23:21,546 

2021-05-13 21:23:21,546 recall: 0.8219139095077684

2021-05-13 21:23:21,546 specificity: 0.9830207265153224

2021-05-13 21:23:21,546 precision: 0.6874439861054336

2021-05-13 21:23:21,546 F1: 0.7088079025305313

2021-05-13 21:23:21,546 F2: 0.7568181196598205

2021-05-13 21:23:21,546 ACC_overall: 0.979894546525819

2021-05-13 21:23:21,546 IoU_poly: 0.623651691750494

2021-05-13 21:23:21,546 IoU_bg: 0.9789730760515952

2021-05-13 21:23:21,546 IoU_mean: 0.8013123822759609

2021-05-13 21:23:21,546 ==============================
2021-05-13 21:23:21,546 

