2021-04-23 00:29:52,947 Epoch 0 	 Loss 0.6390156929309552
2021-04-23 00:30:13,989 Epoch 1 	 Loss 0.32199251389765476
2021-04-23 00:30:35,059 Epoch 2 	 Loss 0.2233014825608704
2021-04-23 00:30:56,192 Epoch 3 	 Loss 0.182886887382675
2021-04-23 00:31:17,370 Epoch 4 	 Loss 0.15825956413051584
2021-04-23 00:31:38,492 Epoch 5 	 Loss 0.14295405493332788
2021-04-23 00:31:59,629 Epoch 6 	 Loss 0.1228202699304937
2021-04-23 00:32:20,800 Epoch 7 	 Loss 0.11297889938066294
2021-04-23 00:32:41,931 Epoch 8 	 Loss 0.12288477533793711
2021-04-23 00:33:03,003 Epoch 9 	 Loss 0.10683907920515144
2021-04-23 00:33:24,096 Epoch 10 	 Loss 0.09326986993079657
2021-04-23 00:33:45,247 Epoch 11 	 Loss 0.08381615177943157
2021-04-23 00:34:06,357 Epoch 12 	 Loss 0.08028481704193158
2021-04-23 00:34:27,506 Epoch 13 	 Loss 0.09679494716308928
2021-04-23 00:34:48,646 Epoch 14 	 Loss 0.10609149302427585
2021-04-23 00:35:09,712 Epoch 15 	 Loss 0.1015410215317548
2021-04-23 00:35:30,775 Epoch 16 	 Loss 0.08209694226037015
2021-04-23 00:35:51,845 Epoch 17 	 Loss 0.07198083707755738
2021-04-23 00:36:12,892 Epoch 18 	 Loss 0.06562247516198473
2021-04-23 00:36:34,193 Epoch 19 	 Loss 0.06160710653760931
2021-04-23 00:36:55,298 Epoch 20 	 Loss 0.05937897070096089
2021-04-23 00:37:16,461 Epoch 21 	 Loss 0.058536599339037154
2021-04-23 00:37:37,594 Epoch 22 	 Loss 0.05783086274187643
2021-04-23 00:37:58,655 Epoch 23 	 Loss 0.05659659440209577
2021-04-23 00:38:19,805 Epoch 24 	 Loss 0.05465531140402123
2021-04-23 00:38:40,845 Epoch 25 	 Loss 0.0543872822526392
2021-04-23 00:39:01,977 Epoch 26 	 Loss 0.05340532823414593
2021-04-23 00:39:23,027 Epoch 27 	 Loss 0.05244079297715491
2021-04-23 00:39:44,125 Epoch 28 	 Loss 0.05198248524914731
2021-04-23 00:40:05,214 Epoch 29 	 Loss 0.05198600724503234
2021-04-23 00:40:26,254 Epoch 30 	 Loss 0.05157669670470468
2021-04-23 00:40:47,303 Epoch 31 	 Loss 0.05061902265463557
2021-04-23 00:41:08,392 Epoch 32 	 Loss 0.05036895840868845
2021-04-23 00:41:29,469 Epoch 33 	 Loss 0.05063735353913936
2021-04-23 00:41:50,580 Epoch 34 	 Loss 0.050196620993889295
2021-04-23 00:42:11,624 Epoch 35 	 Loss 0.04953714361885092
2021-04-23 00:42:32,719 Epoch 36 	 Loss 0.049205147057444186
2021-04-23 00:42:53,755 Epoch 37 	 Loss 0.04899695016198106
2021-04-23 00:43:14,818 Epoch 38 	 Loss 0.04910597880626773
2021-04-23 00:43:35,908 Epoch 39 	 Loss 0.048763675635660086
2021-04-23 00:43:56,995 Epoch 40 	 Loss 0.048485282562918716
2021-04-23 00:44:18,064 Epoch 41 	 Loss 0.04813725005958106
2021-04-23 00:44:39,146 Epoch 42 	 Loss 0.047836607711000755
2021-04-23 00:45:00,269 Epoch 43 	 Loss 0.04756183136295486
2021-04-23 00:45:21,383 Epoch 44 	 Loss 0.047309933455435785
2021-04-23 00:45:42,447 Epoch 45 	 Loss 0.047204560467175076
2021-04-23 00:46:03,524 Epoch 46 	 Loss 0.047240408444470104
2021-04-23 00:46:24,630 Epoch 47 	 Loss 0.047151099235474406
2021-04-23 00:46:45,740 Epoch 48 	 Loss 0.046818226657725955
2021-04-23 00:47:06,798 Epoch 49 	 Loss 0.046655931847763586
2021-04-23 00:47:27,881 Epoch 50 	 Loss 0.04640919207544117
2021-04-23 00:47:48,960 Epoch 51 	 Loss 0.046144806749218115
2021-04-23 00:48:10,029 Epoch 52 	 Loss 0.045986322256234974
2021-04-23 00:48:31,115 Epoch 53 	 Loss 0.045962478597085556
2021-04-23 00:48:52,187 Epoch 54 	 Loss 0.04605827582897721
2021-04-23 00:49:13,255 Epoch 55 	 Loss 0.045865333219478416
2021-04-23 00:49:34,336 Epoch 56 	 Loss 0.04565413300316412
2021-04-23 00:49:55,414 Epoch 57 	 Loss 0.04552348166867927
2021-04-23 00:50:16,509 Epoch 58 	 Loss 0.04543178819201805
2021-04-23 00:50:37,552 Epoch 59 	 Loss 0.045259952012981684
2021-04-23 00:50:58,612 Epoch 60 	 Loss 0.04517828894185496
2021-04-23 00:51:19,662 Epoch 61 	 Loss 0.045126931475741525
2021-04-23 00:51:40,752 Epoch 62 	 Loss 0.04502978511564024
2021-04-23 00:52:01,814 Epoch 63 	 Loss 0.04492573755291792
2021-04-23 00:52:22,888 Epoch 64 	 Loss 0.04487354431178544
2021-04-23 00:52:43,963 Epoch 65 	 Loss 0.044840559854612244
2021-04-23 00:53:05,035 Epoch 66 	 Loss 0.044743554768981515
2021-04-23 00:53:26,047 Epoch 67 	 Loss 0.044791203074075366
2021-04-23 00:53:47,152 Epoch 68 	 Loss 0.04467091950905192
2021-04-23 00:54:08,206 Epoch 69 	 Loss 0.04454534807866746
2021-04-23 00:54:29,307 Epoch 70 	 Loss 0.04451785236597061
2021-04-23 00:54:50,392 Epoch 71 	 Loss 0.04443764842146045
2021-04-23 00:55:11,444 Epoch 72 	 Loss 0.0443551992731435
2021-04-23 00:55:32,495 Epoch 73 	 Loss 0.044359922204371335
2021-04-23 00:55:53,585 Epoch 74 	 Loss 0.044427156407427004
2021-04-23 00:56:14,652 Epoch 75 	 Loss 0.04431227222084999
2021-04-23 00:56:35,734 Epoch 76 	 Loss 0.04424460088977447
2021-04-23 00:56:56,849 Epoch 77 	 Loss 0.04422982687969784
2021-04-23 00:57:17,937 Epoch 78 	 Loss 0.044183943256899554
2021-04-23 00:57:39,019 Epoch 79 	 Loss 0.044205536595085165
2021-04-23 00:58:00,123 Epoch 80 	 Loss 0.04420125852901857
2021-04-23 00:58:21,167 Epoch 81 	 Loss 0.044098937003822114
2021-04-23 00:58:42,252 Epoch 82 	 Loss 0.04407753570230453
2021-04-23 00:59:03,370 Epoch 83 	 Loss 0.04411070429525533
2021-04-23 00:59:24,448 Epoch 84 	 Loss 0.044035364802067094
2021-04-23 00:59:45,514 Epoch 85 	 Loss 0.04399074855577815
2021-04-23 01:00:06,610 Epoch 86 	 Loss 0.04400357722744837
2021-04-23 01:00:27,711 Epoch 87 	 Loss 0.0440097370154255
2021-04-23 01:00:48,779 Epoch 88 	 Loss 0.04394892664564835
2021-04-23 01:01:09,842 Epoch 89 	 Loss 0.04394706870828356
2021-04-23 01:01:30,914 Epoch 90 	 Loss 0.04395192599558568
2021-04-23 01:01:52,050 Epoch 91 	 Loss 0.04394373035692906
2021-04-23 01:02:13,103 Epoch 92 	 Loss 0.04389942621628007
2021-04-23 01:02:34,198 Epoch 93 	 Loss 0.04393158566493254
2021-04-23 01:02:55,307 Epoch 94 	 Loss 0.04389396637350648
2021-04-23 01:03:16,361 Epoch 95 	 Loss 0.043938943317958286
2021-04-23 01:03:37,454 Epoch 96 	 Loss 0.04392958325999124
2021-04-23 01:03:58,536 Epoch 97 	 Loss 0.04396534432749172
2021-04-23 01:04:19,600 Epoch 98 	 Loss 0.043892170783582624
2021-04-23 01:04:40,706 Epoch 99 	 Loss 0.043925094162369824
2021-04-23 01:04:43,418 RESULT FOR DATASET CVC-300

2021-04-23 01:04:43,419 ==============================
2021-04-23 01:04:43,420 

2021-04-23 01:04:43,422 recall: 0.9271319927026828

2021-04-23 01:04:43,423 specificity: 0.9923697084188461

2021-04-23 01:04:43,424 precision: 0.8588525578379631

2021-04-23 01:04:43,425 F1: 0.8701259838009718

2021-04-23 01:04:43,425 F2: 0.8981351360969712

2021-04-23 01:04:43,426 ACC_overall: 0.9909065634012222

2021-04-23 01:04:43,427 IoU_poly: 0.7980557269106309

2021-04-23 01:04:43,428 IoU_bg: 0.9905275623003642

2021-04-23 01:04:43,429 IoU_mean: 0.8942916437983512

2021-04-23 01:04:43,430 ==============================
2021-04-23 01:04:43,431 

2021-04-23 01:04:44,602 RESULT FOR DATASET CVC-ClinicDB

2021-04-23 01:04:44,603 ==============================
2021-04-23 01:04:44,604 

2021-04-23 01:04:44,605 recall: 0.8688883663036846

2021-04-23 01:04:44,606 specificity: 0.9962421521063773

2021-04-23 01:04:44,606 precision: 0.9260206888204501

2021-04-23 01:04:44,607 F1: 0.866657688249571

2021-04-23 01:04:44,608 F2: 0.8667888535593163

2021-04-23 01:04:44,609 ACC_overall: 0.985068928810858

2021-04-23 01:04:44,611 IoU_poly: 0.8173411537239689

2021-04-23 01:04:44,612 IoU_bg: 0.9837198151696113

2021-04-23 01:04:44,612 IoU_mean: 0.9005304882603307

2021-04-23 01:04:44,613 ==============================
2021-04-23 01:04:44,614 

2021-04-23 01:04:47,282 RESULT FOR DATASET Kvasir

2021-04-23 01:04:47,284 ==============================
2021-04-23 01:04:47,285 

2021-04-23 01:04:47,286 recall: 0.8913644582778215

2021-04-23 01:04:47,287 specificity: 0.9882270282506943

2021-04-23 01:04:47,288 precision: 0.9322941958904266

2021-04-23 01:04:47,289 F1: 0.8957826007902622

2021-04-23 01:04:47,290 F2: 0.8885323970019817

2021-04-23 01:04:47,291 ACC_overall: 0.9687439340353012

2021-04-23 01:04:47,292 IoU_poly: 0.8351286675781011

2021-04-23 01:04:47,292 IoU_bg: 0.9599509418010712

2021-04-23 01:04:47,292 IoU_mean: 0.8975398096442223

2021-04-23 01:04:47,292 ==============================
2021-04-23 01:04:47,292 

2021-04-23 01:04:57,084 RESULT FOR DATASET CVC-ColonDB

2021-04-23 01:04:57,084 ==============================
2021-04-23 01:04:57,084 

2021-04-23 01:04:57,085 recall: 0.6956615488078031

2021-04-23 01:04:57,085 specificity: 0.9947137978516127

2021-04-23 01:04:57,085 precision: 0.8663310483445744

2021-04-23 01:04:57,085 F1: 0.685933615085878

2021-04-23 01:04:57,086 F2: 0.6874435640644474

2021-04-23 01:04:57,086 ACC_overall: 0.9601236789634353

2021-04-23 01:04:57,086 IoU_poly: 0.6151395768225711

2021-04-23 01:04:57,086 IoU_bg: 0.9583718180656433

2021-04-23 01:04:57,086 IoU_mean: 0.7867556974291802

2021-04-23 01:04:57,086 ==============================
2021-04-23 01:04:57,087 

2021-04-23 01:05:08,628 RESULT FOR DATASET ETIS-LaribPolypDB

2021-04-23 01:05:08,629 ==============================
2021-04-23 01:05:08,630 

2021-04-23 01:05:08,631 recall: 0.6176063903880536

2021-04-23 01:05:08,632 specificity: 0.9910765919758349

2021-04-23 01:05:08,633 precision: 0.7807087762136354

2021-04-23 01:05:08,634 F1: 0.5904685662573164

2021-04-23 01:05:08,635 F2: 0.602276197749178

2021-04-23 01:05:08,636 ACC_overall: 0.9818560408086193

2021-04-23 01:05:08,636 IoU_poly: 0.5221789311995424

2021-04-23 01:05:08,636 IoU_bg: 0.9808544708149773

2021-04-23 01:05:08,636 IoU_mean: 0.7515167010073759

2021-04-23 01:05:08,636 ==============================
2021-04-23 01:05:08,636 

