2021-04-22 23:20:15,104 Epoch 0 	 Loss 0.6299216691609267
2021-04-22 23:20:35,498 Epoch 1 	 Loss 0.3160137825614803
2021-04-22 23:20:55,956 Epoch 2 	 Loss 0.22732642898847769
2021-04-22 23:21:16,429 Epoch 3 	 Loss 0.1814591114992624
2021-04-22 23:21:36,799 Epoch 4 	 Loss 0.15773751283739948
2021-04-22 23:21:57,249 Epoch 5 	 Loss 0.13845521391748072
2021-04-22 23:22:17,707 Epoch 6 	 Loss 0.11700997329675235
2021-04-22 23:22:38,134 Epoch 7 	 Loss 0.10235151804082997
2021-04-22 23:22:58,569 Epoch 8 	 Loss 0.0949835051874538
2021-04-22 23:23:18,997 Epoch 9 	 Loss 0.08994020890076082
2021-04-22 23:23:39,467 Epoch 10 	 Loss 0.08419149328064132
2021-04-22 23:24:00,000 Epoch 11 	 Loss 0.08734205365180969
2021-04-22 23:24:20,403 Epoch 12 	 Loss 0.08154680874648985
2021-04-22 23:24:40,874 Epoch 13 	 Loss 0.07456328535636703
2021-04-22 23:25:01,322 Epoch 14 	 Loss 0.07045322713943628
2021-04-22 23:25:21,803 Epoch 15 	 Loss 0.06689248680249675
2021-04-22 23:25:42,302 Epoch 16 	 Loss 0.06416880957536646
2021-04-22 23:26:02,805 Epoch 17 	 Loss 0.06196578256376497
2021-04-22 23:26:23,234 Epoch 18 	 Loss 0.06050261773250915
2021-04-22 23:26:43,715 Epoch 19 	 Loss 0.05945275605216131
2021-04-22 23:27:04,124 Epoch 20 	 Loss 0.05816013693482011
2021-04-22 23:27:24,508 Epoch 21 	 Loss 0.10553633159661031
2021-04-22 23:27:44,931 Epoch 22 	 Loss 0.13238447577088744
2021-04-22 23:28:05,353 Epoch 23 	 Loss 0.0869027914090471
2021-04-22 23:28:25,745 Epoch 24 	 Loss 0.0715226194524503
2021-04-22 23:28:46,154 Epoch 25 	 Loss 0.06345462520698925
2021-04-22 23:29:06,563 Epoch 26 	 Loss 0.05801182473590086
2021-04-22 23:29:26,993 Epoch 27 	 Loss 0.05469142891220994
2021-04-22 23:29:47,394 Epoch 28 	 Loss 0.05305046588182449
2021-04-22 23:30:07,841 Epoch 29 	 Loss 0.052543389436962844
2021-04-22 23:30:28,200 Epoch 30 	 Loss 0.05191882327198982
2021-04-22 23:30:48,651 Epoch 31 	 Loss 0.051358287437604025
2021-04-22 23:31:09,082 Epoch 32 	 Loss 0.05076244305614587
2021-04-22 23:31:29,484 Epoch 33 	 Loss 0.050660929591446136
2021-04-22 23:31:49,869 Epoch 34 	 Loss 0.050342913143909894
2021-04-22 23:32:10,320 Epoch 35 	 Loss 0.04948311753489159
2021-04-22 23:32:30,755 Epoch 36 	 Loss 0.049287841747422796
2021-04-22 23:32:51,155 Epoch 37 	 Loss 0.04912696267058561
2021-04-22 23:33:11,575 Epoch 38 	 Loss 0.04893017605274588
2021-04-22 23:33:32,023 Epoch 39 	 Loss 0.048630579036998224
2021-04-22 23:33:52,444 Epoch 40 	 Loss 0.04850158418764125
2021-04-22 23:34:12,924 Epoch 41 	 Loss 0.04844173678493762
2021-04-22 23:34:33,323 Epoch 42 	 Loss 0.04818701973328224
2021-04-22 23:34:53,725 Epoch 43 	 Loss 0.048058949902162446
2021-04-22 23:35:14,163 Epoch 44 	 Loss 0.04778437398292206
2021-04-22 23:35:34,642 Epoch 45 	 Loss 0.047568365726824643
2021-04-22 23:35:55,100 Epoch 46 	 Loss 0.047335946338844824
2021-04-22 23:36:15,557 Epoch 47 	 Loss 0.04725309354918344
2021-04-22 23:36:35,967 Epoch 48 	 Loss 0.04708370013715147
2021-04-22 23:36:56,408 Epoch 49 	 Loss 0.04699196416761849
2021-04-22 23:37:16,840 Epoch 50 	 Loss 0.04681343057162159
2021-04-22 23:37:37,277 Epoch 51 	 Loss 0.04653719792162979
2021-04-22 23:37:57,701 Epoch 52 	 Loss 0.04642972554806825
2021-04-22 23:38:18,161 Epoch 53 	 Loss 0.046271100312798887
2021-04-22 23:38:38,567 Epoch 54 	 Loss 0.04621247505093669
2021-04-22 23:38:59,061 Epoch 55 	 Loss 0.046216626457133134
2021-04-22 23:39:19,478 Epoch 56 	 Loss 0.04596795596100472
2021-04-22 23:39:39,913 Epoch 57 	 Loss 0.045963397106299035
2021-04-22 23:40:00,326 Epoch 58 	 Loss 0.045707927914438666
2021-04-22 23:40:20,740 Epoch 59 	 Loss 0.045575949926297744
2021-04-22 23:40:41,209 Epoch 60 	 Loss 0.04545090384371988
2021-04-22 23:41:01,657 Epoch 61 	 Loss 0.04544644941995432
2021-04-22 23:41:22,063 Epoch 62 	 Loss 0.04536869671646055
2021-04-22 23:41:42,466 Epoch 63 	 Loss 0.04534298599093825
2021-04-22 23:42:02,865 Epoch 64 	 Loss 0.04518857348587487
2021-04-22 23:42:23,259 Epoch 65 	 Loss 0.04508369235874533
2021-04-22 23:42:43,652 Epoch 66 	 Loss 0.04497691624603429
2021-04-22 23:43:04,060 Epoch 67 	 Loss 0.044910172143807776
2021-04-22 23:43:24,440 Epoch 68 	 Loss 0.0448692126588507
2021-04-22 23:43:44,841 Epoch 69 	 Loss 0.0447544480909358
2021-04-22 23:44:05,232 Epoch 70 	 Loss 0.04473244922829198
2021-04-22 23:44:25,642 Epoch 71 	 Loss 0.04469300966177668
2021-04-22 23:44:46,098 Epoch 72 	 Loss 0.04459432930081755
2021-04-22 23:45:06,593 Epoch 73 	 Loss 0.04454271384811664
2021-04-22 23:45:27,024 Epoch 74 	 Loss 0.04461432281103763
2021-04-22 23:45:47,438 Epoch 75 	 Loss 0.04452953720977018
2021-04-22 23:46:07,842 Epoch 76 	 Loss 0.04444472127399602
2021-04-22 23:46:28,231 Epoch 77 	 Loss 0.044454267842101526
2021-04-22 23:46:48,655 Epoch 78 	 Loss 0.04437894243132937
2021-04-22 23:47:09,070 Epoch 79 	 Loss 0.044318959690057315
2021-04-22 23:47:29,496 Epoch 80 	 Loss 0.04435525519343523
2021-04-22 23:47:49,935 Epoch 81 	 Loss 0.04427988532480303
2021-04-22 23:48:10,328 Epoch 82 	 Loss 0.04425585036585619
2021-04-22 23:48:30,713 Epoch 83 	 Loss 0.04422182794455644
2021-04-22 23:48:51,112 Epoch 84 	 Loss 0.04422676833448829
2021-04-22 23:49:11,487 Epoch 85 	 Loss 0.044178347379624186
2021-04-22 23:49:31,881 Epoch 86 	 Loss 0.044164326041936874
2021-04-22 23:49:52,315 Epoch 87 	 Loss 0.04417876117340811
2021-04-22 23:50:12,733 Epoch 88 	 Loss 0.04412779932493692
2021-04-22 23:50:33,139 Epoch 89 	 Loss 0.04411872251184432
2021-04-22 23:50:53,584 Epoch 90 	 Loss 0.04410401801322843
2021-04-22 23:51:14,045 Epoch 91 	 Loss 0.04410384263802361
2021-04-22 23:51:34,471 Epoch 92 	 Loss 0.04409317569909515
2021-04-22 23:51:54,874 Epoch 93 	 Loss 0.0440831411588978
2021-04-22 23:52:15,298 Epoch 94 	 Loss 0.04405824852349994
2021-04-22 23:52:35,709 Epoch 95 	 Loss 0.04407440297878706
2021-04-22 23:52:56,169 Epoch 96 	 Loss 0.04406264084544811
2021-04-22 23:53:16,622 Epoch 97 	 Loss 0.044090099714614535
2021-04-22 23:53:37,061 Epoch 98 	 Loss 0.04403862385795666
2021-04-22 23:53:57,509 Epoch 99 	 Loss 0.0440571414572852
2021-04-22 23:54:00,037 RESULT FOR DATASET CVC-300

2021-04-22 23:54:00,038 ==============================
2021-04-22 23:54:00,038 

2021-04-22 23:54:00,039 recall: 0.9217397427807251

2021-04-22 23:54:00,040 specificity: 0.9937445640563964

2021-04-22 23:54:00,040 precision: 0.8632537215948105

2021-04-22 23:54:00,041 F1: 0.8694299575154825

2021-04-22 23:54:00,042 F2: 0.8956262335472275

2021-04-22 23:54:00,043 ACC_overall: 0.9919422735770543

2021-04-22 23:54:00,044 IoU_poly: 0.7961823509385189

2021-04-22 23:54:00,044 IoU_bg: 0.9916029731432597

2021-04-22 23:54:00,046 IoU_mean: 0.8938926642139753

2021-04-22 23:54:00,046 ==============================
2021-04-22 23:54:00,047 

2021-04-22 23:54:01,132 RESULT FOR DATASET CVC-ClinicDB

2021-04-22 23:54:01,133 ==============================
2021-04-22 23:54:01,134 

2021-04-22 23:54:01,135 recall: 0.882607357213161

2021-04-22 23:54:01,136 specificity: 0.9962398957821631

2021-04-22 23:54:01,137 precision: 0.9257311571329352

2021-04-22 23:54:01,137 F1: 0.8811167072234375

2021-04-22 23:54:01,138 F2: 0.8809822320359789

2021-04-22 23:54:01,139 ACC_overall: 0.9871896207332611

2021-04-22 23:54:01,140 IoU_poly: 0.8322151094860953

2021-04-22 23:54:01,140 IoU_bg: 0.9857933790453018

2021-04-22 23:54:01,141 IoU_mean: 0.9090042465156124

2021-04-22 23:54:01,142 ==============================
2021-04-22 23:54:01,143 

2021-04-22 23:54:03,707 RESULT FOR DATASET Kvasir

2021-04-22 23:54:03,708 ==============================
2021-04-22 23:54:03,709 

2021-04-22 23:54:03,710 recall: 0.888585534952581

2021-04-22 23:54:03,711 specificity: 0.9889602851867676

2021-04-22 23:54:03,712 precision: 0.9230035501718521

2021-04-22 23:54:03,713 F1: 0.8912273757904768

2021-04-22 23:54:03,714 F2: 0.8869332637637853

2021-04-22 23:54:03,715 ACC_overall: 0.9693058347702026

2021-04-22 23:54:03,716 IoU_poly: 0.8283879089355469

2021-04-22 23:54:03,717 IoU_bg: 0.9607288682460785

2021-04-22 23:54:03,718 IoU_mean: 0.8945583879947663

2021-04-22 23:54:03,719 ==============================
2021-04-22 23:54:03,720 

2021-04-22 23:54:12,916 RESULT FOR DATASET CVC-ColonDB

2021-04-22 23:54:12,917 ==============================
2021-04-22 23:54:12,918 

2021-04-22 23:54:12,919 recall: 0.6751711568516587

2021-04-22 23:54:12,920 specificity: 0.9947533574543501

2021-04-22 23:54:12,921 precision: 0.8840785164060914

2021-04-22 23:54:12,922 F1: 0.670881624517568

2021-04-22 23:54:12,923 F2: 0.6683606879428429

2021-04-22 23:54:12,924 ACC_overall: 0.9601543179468105

2021-04-22 23:54:12,925 IoU_poly: 0.6005900850924155

2021-04-22 23:54:12,926 IoU_bg: 0.9585821181535721

2021-04-22 23:54:12,927 IoU_mean: 0.7795861002645994

2021-04-22 23:54:12,928 ==============================
2021-04-22 23:54:12,929 

2021-04-22 23:54:24,292 RESULT FOR DATASET ETIS-LaribPolypDB

2021-04-22 23:54:24,293 ==============================
2021-04-22 23:54:24,295 

2021-04-22 23:54:24,296 recall: 0.6145922724464925

2021-04-22 23:54:24,296 specificity: 0.9900005645289713

2021-04-22 23:54:24,297 precision: 0.7486736504497179

2021-04-22 23:54:24,298 F1: 0.5815773314226803

2021-04-22 23:54:24,299 F2: 0.596197170933604

2021-04-22 23:54:24,300 ACC_overall: 0.9807524678050256

2021-04-22 23:54:24,301 IoU_poly: 0.5182628871328382

2021-04-22 23:54:24,302 IoU_bg: 0.9797962371792112

2021-04-22 23:54:24,309 IoU_mean: 0.749029560356724

2021-04-22 23:54:24,310 ==============================
2021-04-22 23:54:24,311 

