2021-04-22 23:54:47,607 Epoch 0 	 Loss 0.6493381127551362
2021-04-22 23:55:08,343 Epoch 1 	 Loss 0.3143793655620826
2021-04-22 23:55:29,074 Epoch 2 	 Loss 0.23200806680616443
2021-04-22 23:55:49,792 Epoch 3 	 Loss 0.1866694987638966
2021-04-22 23:56:10,536 Epoch 4 	 Loss 0.15618632283512052
2021-04-22 23:56:31,288 Epoch 5 	 Loss 0.13597022316285542
2021-04-22 23:56:52,065 Epoch 6 	 Loss 0.1273449591391689
2021-04-22 23:57:12,814 Epoch 7 	 Loss 0.11783821053884841
2021-04-22 23:57:33,593 Epoch 8 	 Loss 0.10248975996132735
2021-04-22 23:57:54,371 Epoch 9 	 Loss 0.09318055179747907
2021-04-22 23:58:15,197 Epoch 10 	 Loss 0.08612807864671225
2021-04-22 23:58:35,966 Epoch 11 	 Loss 0.08155246955025328
2021-04-22 23:58:56,758 Epoch 12 	 Loss 0.07656991465406103
2021-04-22 23:59:17,526 Epoch 13 	 Loss 0.07198444598323696
2021-04-22 23:59:38,318 Epoch 14 	 Loss 0.06885979783076507
2021-04-22 23:59:59,075 Epoch 15 	 Loss 0.06613688240503217
2021-04-23 00:00:19,793 Epoch 16 	 Loss 0.06411183744177713
2021-04-23 00:00:40,584 Epoch 17 	 Loss 0.06286762953623311
2021-04-23 00:01:01,346 Epoch 18 	 Loss 0.06131671074327532
2021-04-23 00:01:22,080 Epoch 19 	 Loss 0.06017145236114879
2021-04-23 00:01:42,811 Epoch 20 	 Loss 0.059447536511080604
2021-04-23 00:02:03,591 Epoch 21 	 Loss 0.05816231274997795
2021-04-23 00:02:24,374 Epoch 22 	 Loss 0.05666050462277381
2021-04-23 00:02:45,128 Epoch 23 	 Loss 0.05512459940471492
2021-04-23 00:03:05,854 Epoch 24 	 Loss 0.05417263892653224
2021-04-23 00:03:26,594 Epoch 25 	 Loss 0.053624848824935956
2021-04-23 00:03:47,318 Epoch 26 	 Loss 0.05290187747923882
2021-04-23 00:04:08,104 Epoch 27 	 Loss 0.05289544275665021
2021-04-23 00:04:28,855 Epoch 28 	 Loss 0.05253158055327751
2021-04-23 00:04:49,626 Epoch 29 	 Loss 0.05401855932323487
2021-04-23 00:05:10,398 Epoch 30 	 Loss 0.1629949318920518
2021-04-23 00:05:31,143 Epoch 31 	 Loss 0.1244412103852073
2021-04-23 00:05:51,905 Epoch 32 	 Loss 0.08244778780819295
2021-04-23 00:06:12,679 Epoch 33 	 Loss 0.0655880284669635
2021-04-23 00:06:33,420 Epoch 34 	 Loss 0.057298213038798215
2021-04-23 00:06:54,162 Epoch 35 	 Loss 0.05350587934583098
2021-04-23 00:07:14,957 Epoch 36 	 Loss 0.05172951417146148
2021-04-23 00:07:35,730 Epoch 37 	 Loss 0.050520794895979076
2021-04-23 00:07:56,451 Epoch 38 	 Loss 0.0500275975727773
2021-04-23 00:08:17,209 Epoch 39 	 Loss 0.049614623721156804
2021-04-23 00:08:37,962 Epoch 40 	 Loss 0.049181607562107044
2021-04-23 00:08:58,710 Epoch 41 	 Loss 0.048481342720461416
2021-04-23 00:09:19,444 Epoch 42 	 Loss 0.04823301687509149
2021-04-23 00:09:40,234 Epoch 43 	 Loss 0.04816848309812965
2021-04-23 00:10:00,939 Epoch 44 	 Loss 0.04792674127352107
2021-04-23 00:10:21,676 Epoch 45 	 Loss 0.047686024476866144
2021-04-23 00:10:42,397 Epoch 46 	 Loss 0.04753262320390114
2021-04-23 00:11:03,176 Epoch 47 	 Loss 0.0471105925984435
2021-04-23 00:11:23,940 Epoch 48 	 Loss 0.04697925896271245
2021-04-23 00:11:44,662 Epoch 49 	 Loss 0.04699660407809111
2021-04-23 00:12:05,442 Epoch 50 	 Loss 0.04685337505825273
2021-04-23 00:12:26,173 Epoch 51 	 Loss 0.046721319207450845
2021-04-23 00:12:46,943 Epoch 52 	 Loss 0.04671999386378697
2021-04-23 00:13:07,708 Epoch 53 	 Loss 0.04660896825921405
2021-04-23 00:13:28,439 Epoch 54 	 Loss 0.04650274086948279
2021-04-23 00:13:49,210 Epoch 55 	 Loss 0.04629225979794513
2021-04-23 00:14:09,928 Epoch 56 	 Loss 0.04624956035679513
2021-04-23 00:14:30,652 Epoch 57 	 Loss 0.046194314383543454
2021-04-23 00:14:51,399 Epoch 58 	 Loss 0.04607324011541985
2021-04-23 00:15:12,191 Epoch 59 	 Loss 0.04591588197009904
2021-04-23 00:15:32,966 Epoch 60 	 Loss 0.045741491592847384
2021-04-23 00:15:53,703 Epoch 61 	 Loss 0.04562001110433222
2021-04-23 00:16:14,598 Epoch 62 	 Loss 0.04551131859585479
2021-04-23 00:16:35,342 Epoch 63 	 Loss 0.045433106617285654
2021-04-23 00:16:56,098 Epoch 64 	 Loss 0.04543245465054617
2021-04-23 00:17:16,830 Epoch 65 	 Loss 0.045400980982806656
2021-04-23 00:17:37,615 Epoch 66 	 Loss 0.04527416763888611
2021-04-23 00:17:58,419 Epoch 67 	 Loss 0.045247378666977305
2021-04-23 00:18:19,194 Epoch 68 	 Loss 0.04509136355021498
2021-04-23 00:18:39,983 Epoch 69 	 Loss 0.04508994654803486
2021-04-23 00:19:00,712 Epoch 70 	 Loss 0.04507990468006868
2021-04-23 00:19:21,456 Epoch 71 	 Loss 0.045054163865663195
2021-04-23 00:19:42,216 Epoch 72 	 Loss 0.04490779516297382
2021-04-23 00:20:02,950 Epoch 73 	 Loss 0.04481083617269338
2021-04-23 00:20:23,733 Epoch 74 	 Loss 0.044764024625112725
2021-04-23 00:20:44,490 Epoch 75 	 Loss 0.044710146815894726
2021-04-23 00:21:05,263 Epoch 76 	 Loss 0.04468853575187725
2021-04-23 00:21:26,003 Epoch 77 	 Loss 0.044623191499120585
2021-04-23 00:21:46,747 Epoch 78 	 Loss 0.04457189715825594
2021-04-23 00:22:07,499 Epoch 79 	 Loss 0.044567018624517944
2021-04-23 00:22:28,237 Epoch 80 	 Loss 0.04447723405210526
2021-04-23 00:22:48,973 Epoch 81 	 Loss 0.04444372187276463
2021-04-23 00:23:09,668 Epoch 82 	 Loss 0.04445070196147803
2021-04-23 00:23:30,430 Epoch 83 	 Loss 0.04441881093841333
2021-04-23 00:23:51,231 Epoch 84 	 Loss 0.044433038640808276
2021-04-23 00:24:11,964 Epoch 85 	 Loss 0.04438032050217901
2021-04-23 00:24:32,704 Epoch 86 	 Loss 0.044344492174766874
2021-04-23 00:24:53,442 Epoch 87 	 Loss 0.04438085682117022
2021-04-23 00:25:14,202 Epoch 88 	 Loss 0.044318568984885794
2021-04-23 00:25:34,970 Epoch 89 	 Loss 0.044316986473379553
2021-04-23 00:25:55,710 Epoch 90 	 Loss 0.04431630069246659
2021-04-23 00:26:16,431 Epoch 91 	 Loss 0.04429462146791783
2021-04-23 00:26:37,175 Epoch 92 	 Loss 0.044328497702276315
2021-04-23 00:26:57,915 Epoch 93 	 Loss 0.044272494921972466
2021-04-23 00:27:18,653 Epoch 94 	 Loss 0.04434225425779165
2021-04-23 00:27:39,436 Epoch 95 	 Loss 0.044274073176004076
2021-04-23 00:28:00,185 Epoch 96 	 Loss 0.04424835892987775
2021-04-23 00:28:20,937 Epoch 97 	 Loss 0.04427222964855341
2021-04-23 00:28:41,692 Epoch 98 	 Loss 0.04426192615058396
2021-04-23 00:29:02,459 Epoch 99 	 Loss 0.04424610680767468
2021-04-23 00:29:05,058 RESULT FOR DATASET CVC-300

2021-04-23 00:29:05,058 ==============================
2021-04-23 00:29:05,059 

2021-04-23 00:29:05,059 recall: 0.9249667229751746

2021-04-23 00:29:05,066 specificity: 0.9948566416899364

2021-04-23 00:29:05,067 precision: 0.8746064598361651

2021-04-23 00:29:05,067 F1: 0.8872356941302617

2021-04-23 00:29:05,068 F2: 0.9063605646292369

2021-04-23 00:29:05,069 ACC_overall: 0.9929645160833994

2021-04-23 00:29:05,070 IoU_poly: 0.8127087307473023

2021-04-23 00:29:05,071 IoU_bg: 0.9926617205142975

2021-04-23 00:29:05,072 IoU_mean: 0.9026852240165074

2021-04-23 00:29:05,073 ==============================
2021-04-23 00:29:05,073 

2021-04-23 00:29:06,207 RESULT FOR DATASET CVC-ClinicDB

2021-04-23 00:29:06,209 ==============================
2021-04-23 00:29:06,209 

2021-04-23 00:29:06,210 recall: 0.9056382512780763

2021-04-23 00:29:06,211 specificity: 0.9958284410738176

2021-04-23 00:29:06,212 precision: 0.9236706487436388

2021-04-23 00:29:06,213 F1: 0.9016918953970045

2021-04-23 00:29:06,214 F2: 0.9031145212056506

2021-04-23 00:29:06,214 ACC_overall: 0.990243572381235

2021-04-23 00:29:06,215 IoU_poly: 0.8518187221315231

2021-04-23 00:29:06,216 IoU_bg: 0.9883955197949563

2021-04-23 00:29:06,217 IoU_mean: 0.920107122390501

2021-04-23 00:29:06,218 ==============================
2021-04-23 00:29:06,218 

2021-04-23 00:29:08,806 RESULT FOR DATASET Kvasir

2021-04-23 00:29:08,807 ==============================
2021-04-23 00:29:08,808 

2021-04-23 00:29:08,809 recall: 0.8850508961826563

2021-04-23 00:29:08,809 specificity: 0.9859744662046432

2021-04-23 00:29:08,810 precision: 0.9162208154797554

2021-04-23 00:29:08,810 F1: 0.8820210435986519

2021-04-23 00:29:08,810 F2: 0.8795141845941543

2021-04-23 00:29:08,810 ACC_overall: 0.9644400417804718

2021-04-23 00:29:08,810 IoU_poly: 0.816802933216095

2021-04-23 00:29:08,810 IoU_bg: 0.9556754159927369

2021-04-23 00:29:08,810 IoU_mean: 0.8862391769886017

2021-04-23 00:29:08,810 ==============================
2021-04-23 00:29:08,810 

2021-04-23 00:29:18,327 RESULT FOR DATASET CVC-ColonDB

2021-04-23 00:29:18,327 ==============================
2021-04-23 00:29:18,328 

2021-04-23 00:29:18,329 recall: 0.6655393010445012

2021-04-23 00:29:18,330 specificity: 0.9951004014203423

2021-04-23 00:29:18,331 precision: 0.8868071661240193

2021-04-23 00:29:18,332 F1: 0.6640800798872892

2021-04-23 00:29:18,333 F2: 0.662377399675237

2021-04-23 00:29:18,334 ACC_overall: 0.9619117258410704

2021-04-23 00:29:18,335 IoU_poly: 0.5963570684834119

2021-04-23 00:29:18,336 IoU_bg: 0.960363372062382

2021-04-23 00:29:18,337 IoU_mean: 0.7783602206722686

2021-04-23 00:29:18,338 ==============================
2021-04-23 00:29:18,339 

2021-04-23 00:29:29,796 RESULT FOR DATASET ETIS-LaribPolypDB

2021-04-23 00:29:29,798 ==============================
2021-04-23 00:29:29,799 

2021-04-23 00:29:29,800 recall: 0.6218372658583241

2021-04-23 00:29:29,801 specificity: 0.9896241754901652

2021-04-23 00:29:29,802 precision: 0.7697321660549297

2021-04-23 00:29:29,803 F1: 0.5826876801418213

2021-04-23 00:29:29,804 F2: 0.601097019886988

2021-04-23 00:29:29,805 ACC_overall: 0.980951323497052

2021-04-23 00:29:29,806 IoU_poly: 0.5161983374634603

2021-04-23 00:29:29,808 IoU_bg: 0.9799262701856847

2021-04-23 00:29:29,809 IoU_mean: 0.7480623053044689

2021-04-23 00:29:29,810 ==============================
2021-04-23 00:29:29,811 

