2021-05-06 14:53:11,486 RESULT FOR DATASET CVC-300

2021-05-06 14:53:11,486 ==============================
2021-05-06 14:53:11,486 

2021-05-06 14:53:11,486 recall: 0.9549785037835439

2021-05-06 14:53:11,486 specificity: 0.9941011826197307

2021-05-06 14:53:11,486 precision: 0.8419833267728488

2021-05-06 14:53:11,486 F1: 0.8802664270003636

2021-05-06 14:53:11,486 F2: 0.9152250369389852

2021-05-06 14:53:11,486 ACC_overall: 0.9928429742654165

2021-05-06 14:53:11,486 IoU_poly: 0.8087388545274734

2021-05-06 14:53:11,486 IoU_bg: 0.9925973335901896

2021-05-06 14:53:11,486 IoU_mean: 0.9006680915753047

2021-05-06 14:53:11,487 ==============================
2021-05-06 14:53:11,487 

2021-05-06 14:53:28,243 RESULT FOR DATASET CVC-ClinicDB

2021-05-06 14:53:28,243 ==============================
2021-05-06 14:53:28,243 

2021-05-06 14:53:28,243 recall: 0.9342951894767823

2021-05-06 14:53:28,243 specificity: 0.9955384077564362

2021-05-06 14:53:28,244 precision: 0.9114038671175348

2021-05-06 14:53:28,244 F1: 0.918954043564642

2021-05-06 14:53:28,244 F2: 0.9267277275155779

2021-05-06 14:53:28,244 ACC_overall: 0.9923948876319393

2021-05-06 14:53:28,244 IoU_poly: 0.8697789545798104

2021-05-06 14:53:28,244 IoU_bg: 0.9909382174091954

2021-05-06 14:53:28,244 IoU_mean: 0.9303585877341609

2021-05-06 14:53:28,244 ==============================
2021-05-06 14:53:28,244 

2021-05-06 14:53:59,916 RESULT FOR DATASET Kvasir

2021-05-06 14:53:59,917 ==============================
2021-05-06 14:53:59,917 

2021-05-06 14:53:59,917 recall: 0.8979997925460339

2021-05-06 14:53:59,917 specificity: 0.9919775199890136

2021-05-06 14:53:59,917 precision: 0.9449371593445539

2021-05-06 14:53:59,917 F1: 0.9114428226277232

2021-05-06 14:53:59,917 F2: 0.9020277639850974

2021-05-06 14:53:59,917 ACC_overall: 0.975603107213974

2021-05-06 14:53:59,917 IoU_poly: 0.8594682293199003

2021-05-06 14:53:59,917 IoU_bg: 0.9683580923080445

2021-05-06 14:53:59,917 IoU_mean: 0.913913160264492

2021-05-06 14:53:59,917 ==============================
2021-05-06 14:53:59,917 

2021-05-06 14:56:04,568 RESULT FOR DATASET CVC-ColonDB

2021-05-06 14:56:04,568 ==============================
2021-05-06 14:56:04,568 

2021-05-06 14:56:04,568 recall: 0.7522965154579807

2021-05-06 14:56:04,568 specificity: 0.9928174669805326

2021-05-06 14:56:04,568 precision: 0.8789373179103821

2021-05-06 14:56:04,569 F1: 0.7276405174900231

2021-05-06 14:56:04,569 F2: 0.7336369290178134

2021-05-06 14:56:04,569 ACC_overall: 0.9617050684596363

2021-05-06 14:56:04,569 IoU_poly: 0.660928942676646

2021-05-06 14:56:04,569 IoU_bg: 0.9602803868682761

2021-05-06 14:56:04,569 IoU_mean: 0.810604666840089

2021-05-06 14:56:04,569 ==============================
2021-05-06 14:56:04,569 

2021-05-06 14:57:29,972 RESULT FOR DATASET ETIS-LaribPolypDB

2021-05-06 14:57:29,972 ==============================
2021-05-06 14:57:29,972 

2021-05-06 14:57:29,972 recall: 0.793807747062063

2021-05-06 14:57:29,972 specificity: 0.9910287799275651

2021-05-06 14:57:29,972 precision: 0.8434432133805451

2021-05-06 14:57:29,972 F1: 0.7404974473227747

2021-05-06 14:57:29,972 F2: 0.7639481320636327

2021-05-06 14:57:29,972 ACC_overall: 0.9867919126943666

2021-05-06 14:57:29,972 IoU_poly: 0.6763457278620711

2021-05-06 14:57:29,972 IoU_bg: 0.9861411072161733

2021-05-06 14:57:29,972 IoU_mean: 0.8312434181571007

2021-05-06 14:57:29,973 ==============================
2021-05-06 14:57:29,973 

