2021-05-29 00:24:33,469 RESULT FOR DATASET CVC-300

2021-05-29 00:24:33,469 ==============================
2021-05-29 00:24:33,469 

2021-05-29 00:24:33,469 recall: 0.9333242688328027

2021-05-29 00:24:33,469 specificity: 0.9953612138827642

2021-05-29 00:24:33,469 precision: 0.86299190868934

2021-05-29 00:24:33,470 F1: 0.8788645721971988

2021-05-29 00:24:33,470 F2: 0.9022530643890302

2021-05-29 00:24:33,470 ACC_overall: 0.9931401262680689

2021-05-29 00:24:33,470 IoU_poly: 0.8144296076148748

2021-05-29 00:24:33,470 IoU_bg: 0.9929175903399785

2021-05-29 00:24:33,470 IoU_mean: 0.9036735991636912

2021-05-29 00:24:33,470 ==============================
2021-05-29 00:24:33,470 

2021-05-29 00:24:49,641 RESULT FOR DATASET CVC-ClinicDB

2021-05-29 00:24:49,641 ==============================
2021-05-29 00:24:49,641 

2021-05-29 00:24:49,641 recall: 0.9205601947990456

2021-05-29 00:24:49,641 specificity: 0.9962677744127089

2021-05-29 00:24:49,641 precision: 0.9096699911319921

2021-05-29 00:24:49,641 F1: 0.9132097934113605

2021-05-29 00:24:49,641 F2: 0.9172442279861218

2021-05-29 00:24:49,641 ACC_overall: 0.9911722915787851

2021-05-29 00:24:49,641 IoU_poly: 0.8684221479718783

2021-05-29 00:24:49,641 IoU_bg: 0.9893972642960087

2021-05-29 00:24:49,641 IoU_mean: 0.9289097079346257

2021-05-29 00:24:49,641 ==============================
2021-05-29 00:24:49,641 

2021-05-29 00:25:20,289 RESULT FOR DATASET Kvasir

2021-05-29 00:25:20,289 ==============================
2021-05-29 00:25:20,289 

2021-05-29 00:25:20,290 recall: 0.9034489125013352

2021-05-29 00:25:20,290 specificity: 0.9893165773153305

2021-05-29 00:25:20,290 precision: 0.930097514539957

2021-05-29 00:25:20,290 F1: 0.9012061412632465

2021-05-29 00:25:20,290 F2: 0.8976928606629372

2021-05-29 00:25:20,290 ACC_overall: 0.9712073814868927

2021-05-29 00:25:20,290 IoU_poly: 0.8459821538627148

2021-05-29 00:25:20,290 IoU_bg: 0.9642791718244552

2021-05-29 00:25:20,290 IoU_mean: 0.9051306667923927

2021-05-29 00:25:20,290 ==============================
2021-05-29 00:25:20,290 

2021-05-29 00:27:16,752 RESULT FOR DATASET CVC-ColonDB

2021-05-29 00:27:16,752 ==============================
2021-05-29 00:27:16,752 

2021-05-29 00:27:16,752 recall: 0.7248648724280992

2021-05-29 00:27:16,752 specificity: 0.9940642047869531

2021-05-29 00:27:16,752 precision: 0.8632503251404591

2021-05-29 00:27:16,752 F1: 0.7122345420161261

2021-05-29 00:27:16,752 F2: 0.7138402633383963

2021-05-29 00:27:16,753 ACC_overall: 0.9592076587833857

2021-05-29 00:27:16,753 IoU_poly: 0.6460356932225954

2021-05-29 00:27:16,753 IoU_bg: 0.9579341815490472

2021-05-29 00:27:16,753 IoU_mean: 0.8019849379595957

2021-05-29 00:27:16,753 ==============================
2021-05-29 00:27:16,753 

2021-05-29 00:28:40,112 RESULT FOR DATASET ETIS-LaribPolypDB

2021-05-29 00:28:40,112 ==============================
2021-05-29 00:28:40,112 

2021-05-29 00:28:40,112 recall: 0.7770126635865306

2021-05-29 00:28:40,112 specificity: 0.9915639575646849

2021-05-29 00:28:40,112 precision: 0.8364164716540101

2021-05-29 00:28:40,112 F1: 0.722143369071091

2021-05-29 00:28:40,112 F2: 0.7499808043279774

2021-05-29 00:28:40,112 ACC_overall: 0.9877979046836192

2021-05-29 00:28:40,112 IoU_poly: 0.6532836608482043

2021-05-29 00:28:40,113 IoU_bg: 0.9870204943783429

2021-05-29 00:28:40,113 IoU_mean: 0.820152077291693

2021-05-29 00:28:40,113 ==============================
2021-05-29 00:28:40,113 

