2021-04-27 08:38:29,420 RESULT FOR DATASET CVC-300

2021-04-27 08:38:29,420 ==============================
2021-04-27 08:38:29,420 

2021-04-27 08:38:29,420 recall: 0.9251211235920588

2021-04-27 08:38:29,421 specificity: 0.9952057709296545

2021-04-27 08:38:29,421 precision: 0.8710190837581953

2021-04-27 08:38:29,421 F1: 0.8810428532461325

2021-04-27 08:38:29,421 F2: 0.9031205659111341

2021-04-27 08:38:29,421 ACC_overall: 0.9934124857187271

2021-04-27 08:38:29,421 IoU_poly: 0.8101543473700682

2021-04-27 08:38:29,421 IoU_bg: 0.9931586563587189

2021-04-27 08:38:29,421 IoU_mean: 0.9016565014918645

2021-04-27 08:38:29,421 ==============================
2021-04-27 08:38:29,421 

2021-04-27 08:38:44,945 RESULT FOR DATASET CVC-ClinicDB

2021-04-27 08:38:44,945 ==============================
2021-04-27 08:38:44,945 

2021-04-27 08:38:44,945 recall: 0.8773037216385766

2021-04-27 08:38:44,945 specificity: 0.9962908846716727

2021-04-27 08:38:44,945 precision: 0.9133533383869836

2021-04-27 08:38:44,945 F1: 0.8757175814976255

2021-04-27 08:38:44,945 F2: 0.8754944583352264

2021-04-27 08:38:44,945 ACC_overall: 0.9843334353739216

2021-04-27 08:38:44,945 IoU_poly: 0.8235981922724375

2021-04-27 08:38:44,945 IoU_bg: 0.9826908967187328

2021-04-27 08:38:44,946 IoU_mean: 0.9031445436900661

2021-04-27 08:38:44,946 ==============================
2021-04-27 08:38:44,946 

2021-04-27 08:39:14,549 RESULT FOR DATASET Kvasir

2021-04-27 08:39:14,549 ==============================
2021-04-27 08:39:14,549 

2021-04-27 08:39:14,549 recall: 0.8839704028423876

2021-04-27 08:39:14,549 specificity: 0.9866447746753693

2021-04-27 08:39:14,549 precision: 0.916703230785206

2021-04-27 08:39:14,549 F1: 0.8859456150024198

2021-04-27 08:39:14,549 F2: 0.8811604909901507

2021-04-27 08:39:14,549 ACC_overall: 0.9688602513074875

2021-04-27 08:39:14,549 IoU_poly: 0.8239542120229453

2021-04-27 08:39:14,549 IoU_bg: 0.9599256819486618

2021-04-27 08:39:14,549 IoU_mean: 0.8919399464130402

2021-04-27 08:39:14,549 ==============================
2021-04-27 08:39:14,550 

2021-04-27 08:41:10,783 RESULT FOR DATASET CVC-ColonDB

2021-04-27 08:41:10,784 ==============================
2021-04-27 08:41:10,784 

2021-04-27 08:41:10,784 recall: 0.6676404287688325

2021-04-27 08:41:10,784 specificity: 0.9957153492852261

2021-04-27 08:41:10,784 precision: 0.8896638330912346

2021-04-27 08:41:10,784 F1: 0.6682114586878972

2021-04-27 08:41:10,784 F2: 0.6637383061385436

2021-04-27 08:41:10,784 ACC_overall: 0.956811089186292

2021-04-27 08:41:10,784 IoU_poly: 0.5984610572879809

2021-04-27 08:41:10,784 IoU_bg: 0.955537077157121

2021-04-27 08:41:10,784 IoU_mean: 0.7769990677896299

2021-04-27 08:41:10,784 ==============================
2021-04-27 08:41:10,784 

2021-04-27 08:42:32,360 RESULT FOR DATASET ETIS-LaribPolypDB

2021-04-27 08:42:32,361 ==============================
2021-04-27 08:42:32,361 

2021-04-27 08:42:32,361 recall: 0.6296465491692028

2021-04-27 08:42:32,361 specificity: 0.9928339993467137

2021-04-27 08:42:32,361 precision: 0.7840027427591664

2021-04-27 08:42:32,361 F1: 0.6119232024777227

2021-04-27 08:42:32,361 F2: 0.6189041741918675

2021-04-27 08:42:32,361 ACC_overall: 0.9835467080072481

2021-04-27 08:42:32,361 IoU_poly: 0.5421462336631818

2021-04-27 08:42:32,361 IoU_bg: 0.9825203528209608

2021-04-27 08:42:32,361 IoU_mean: 0.7623332898531642

2021-04-27 08:42:32,361 ==============================
2021-04-27 08:42:32,361 

