2021-05-20 08:51:51,128 RESULT FOR DATASET CVC-300

2021-05-20 08:51:51,128 ==============================
2021-05-20 08:51:51,128 

2021-05-20 08:51:51,128 recall: 0.9542131890853246

2021-05-20 08:51:51,128 specificity: 0.9938616295655568

2021-05-20 08:51:51,128 precision: 0.8515292449543873

2021-05-20 08:51:51,128 F1: 0.8833393052220344

2021-05-20 08:51:51,128 F2: 0.9139702558517456

2021-05-20 08:51:51,128 ACC_overall: 0.9925137082735698

2021-05-20 08:51:51,129 IoU_poly: 0.8171095485488574

2021-05-20 08:51:51,129 IoU_bg: 0.9922640810410182

2021-05-20 08:51:51,129 IoU_mean: 0.9046868125597636

2021-05-20 08:51:51,129 ==============================
2021-05-20 08:51:51,129 

2021-05-20 08:52:06,776 RESULT FOR DATASET CVC-ClinicDB

2021-05-20 08:52:06,777 ==============================
2021-05-20 08:52:06,777 

2021-05-20 08:52:06,777 recall: 0.9259187045597261

2021-05-20 08:52:06,777 specificity: 0.9952559009675057

2021-05-20 08:52:06,777 precision: 0.9180025991893583

2021-05-20 08:52:06,777 F1: 0.9107402451073511

2021-05-20 08:52:06,777 F2: 0.9145870217865694

2021-05-20 08:52:06,777 ACC_overall: 0.9924177863905507

2021-05-20 08:52:06,777 IoU_poly: 0.8621934529134794

2021-05-20 08:52:06,777 IoU_bg: 0.991055166529071

2021-05-20 08:52:06,777 IoU_mean: 0.9266243067479902

2021-05-20 08:52:06,777 ==============================
2021-05-20 08:52:06,777 

2021-05-20 08:52:36,607 RESULT FOR DATASET Kvasir

2021-05-20 08:52:36,607 ==============================
2021-05-20 08:52:36,607 

2021-05-20 08:52:36,607 recall: 0.8975634978711605

2021-05-20 08:52:36,607 specificity: 0.9896925616264344

2021-05-20 08:52:36,607 precision: 0.9453838385269046

2021-05-20 08:52:36,607 F1: 0.9084365931153298

2021-05-20 08:52:36,607 F2: 0.8984987489134073

2021-05-20 08:52:36,607 ACC_overall: 0.9701353853940964

2021-05-20 08:52:36,607 IoU_poly: 0.8554463000409305

2021-05-20 08:52:36,607 IoU_bg: 0.9629527044296264

2021-05-20 08:52:36,607 IoU_mean: 0.9091995012760162

2021-05-20 08:52:36,607 ==============================
2021-05-20 08:52:36,607 

2021-05-20 08:54:30,036 RESULT FOR DATASET CVC-ColonDB

2021-05-20 08:54:30,037 ==============================
2021-05-20 08:54:30,037 

2021-05-20 08:54:30,037 recall: 0.7865816000071869

2021-05-20 08:54:30,037 specificity: 0.9865888366573735

2021-05-20 08:54:30,037 precision: 0.834132750762623

2021-05-20 08:54:30,037 F1: 0.7526424961440793

2021-05-20 08:54:30,037 F2: 0.7597834666030299

2021-05-20 08:54:30,037 ACC_overall: 0.9614978831065328

2021-05-20 08:54:30,037 IoU_poly: 0.6781890105572242

2021-05-20 08:54:30,037 IoU_bg: 0.9585244290922817

2021-05-20 08:54:30,037 IoU_mean: 0.8183567199267839

2021-05-20 08:54:30,037 ==============================
2021-05-20 08:54:30,037 

2021-05-20 08:55:51,864 RESULT FOR DATASET ETIS-LaribPolypDB

2021-05-20 08:55:51,864 ==============================
2021-05-20 08:55:51,864 

2021-05-20 08:55:51,864 recall: 0.8568997362831026

2021-05-20 08:55:51,864 specificity: 0.9858685148005583

2021-05-20 08:55:51,864 precision: 0.7302694830957303

2021-05-20 08:55:51,864 F1: 0.75726306260083

2021-05-20 08:55:51,864 F2: 0.8012836536956958

2021-05-20 08:55:51,864 ACC_overall: 0.9837407734321089

2021-05-20 08:55:51,864 IoU_poly: 0.6782171100781917

2021-05-20 08:55:51,864 IoU_bg: 0.9830434933608893

2021-05-20 08:55:51,864 IoU_mean: 0.8306303015168832

2021-05-20 08:55:51,864 ==============================
2021-05-20 08:55:51,864 

