2021-05-20 08:47:16,741 RESULT FOR DATASET CVC-300

2021-05-20 08:47:16,741 ==============================
2021-05-20 08:47:16,741 

2021-05-20 08:47:16,741 recall: 0.9518278857072194

2021-05-20 08:47:16,741 specificity: 0.9938648164272308

2021-05-20 08:47:16,741 precision: 0.8531542817751566

2021-05-20 08:47:16,741 F1: 0.8838696944216887

2021-05-20 08:47:16,741 F2: 0.9128730739156405

2021-05-20 08:47:16,741 ACC_overall: 0.9925040662288666

2021-05-20 08:47:16,741 IoU_poly: 0.816662049293518

2021-05-20 08:47:16,741 IoU_bg: 0.9922003090381623

2021-05-20 08:47:16,741 IoU_mean: 0.904431180159251

2021-05-20 08:47:16,741 ==============================
2021-05-20 08:47:16,741 

2021-05-20 08:47:32,793 RESULT FOR DATASET CVC-ClinicDB

2021-05-20 08:47:32,793 ==============================
2021-05-20 08:47:32,793 

2021-05-20 08:47:32,793 recall: 0.9304520527178782

2021-05-20 08:47:32,793 specificity: 0.9942028551332412

2021-05-20 08:47:32,793 precision: 0.8947068426435092

2021-05-20 08:47:32,793 F1: 0.8986849923610627

2021-05-20 08:47:32,793 F2: 0.9076321993094508

2021-05-20 08:47:32,793 ACC_overall: 0.9881351167155851

2021-05-20 08:47:32,793 IoU_poly: 0.8494157313468731

2021-05-20 08:47:32,793 IoU_bg: 0.9859885073477223

2021-05-20 08:47:32,793 IoU_mean: 0.9177021167932018

2021-05-20 08:47:32,793 ==============================
2021-05-20 08:47:32,793 

2021-05-20 08:48:02,707 RESULT FOR DATASET Kvasir

2021-05-20 08:48:02,707 ==============================
2021-05-20 08:48:02,707 

2021-05-20 08:48:02,707 recall: 0.8985363009572029

2021-05-20 08:48:02,707 specificity: 0.9929315632581711

2021-05-20 08:48:02,708 precision: 0.9497242709994316

2021-05-20 08:48:02,708 F1: 0.911546397805214

2021-05-20 08:48:02,708 F2: 0.9016836538910866

2021-05-20 08:48:02,708 ACC_overall: 0.9745050257444382

2021-05-20 08:48:02,708 IoU_poly: 0.8589321413636207

2021-05-20 08:48:02,708 IoU_bg: 0.9678009924292564

2021-05-20 08:48:02,708 IoU_mean: 0.913366567492485

2021-05-20 08:48:02,708 ==============================
2021-05-20 08:48:02,708 

2021-05-20 08:49:56,503 RESULT FOR DATASET CVC-ColonDB

2021-05-20 08:49:56,503 ==============================
2021-05-20 08:49:56,503 

2021-05-20 08:49:56,503 recall: 0.7745586765189321

2021-05-20 08:49:56,503 specificity: 0.9890641383434596

2021-05-20 08:49:56,503 precision: 0.8333283703261546

2021-05-20 08:49:56,503 F1: 0.7448447316328048

2021-05-20 08:49:56,503 F2: 0.7524243020865613

2021-05-20 08:49:56,504 ACC_overall: 0.9607295592364512

2021-05-20 08:49:56,504 IoU_poly: 0.6765860270834884

2021-05-20 08:49:56,504 IoU_bg: 0.9586204712328158

2021-05-20 08:49:56,504 IoU_mean: 0.8176032481617049

2021-05-20 08:49:56,504 ==============================
2021-05-20 08:49:56,504 

2021-05-20 08:51:18,354 RESULT FOR DATASET ETIS-LaribPolypDB

2021-05-20 08:51:18,354 ==============================
2021-05-20 08:51:18,354 

2021-05-20 08:51:18,354 recall: 0.8512504820743966

2021-05-20 08:51:18,354 specificity: 0.985909213825148

2021-05-20 08:51:18,354 precision: 0.7566161443569492

2021-05-20 08:51:18,354 F1: 0.7610669310118431

2021-05-20 08:51:18,355 F2: 0.7988012735949157

2021-05-20 08:51:18,355 ACC_overall: 0.9838162557202943

2021-05-20 08:51:18,355 IoU_poly: 0.6864121788598776

2021-05-20 08:51:18,355 IoU_bg: 0.9830649805312254

2021-05-20 08:51:18,355 IoU_mean: 0.8347385779631381

2021-05-20 08:51:18,355 ==============================
2021-05-20 08:51:18,355 

