2021-05-20 08:56:24,793 RESULT FOR DATASET CVC-300

2021-05-20 08:56:24,794 ==============================
2021-05-20 08:56:24,794 

2021-05-20 08:56:24,794 recall: 0.9504711329936981

2021-05-20 08:56:24,794 specificity: 0.9921556850274403

2021-05-20 08:56:24,794 precision: 0.8476980759451787

2021-05-20 08:56:24,794 F1: 0.8734466262161732

2021-05-20 08:56:24,794 F2: 0.9001587748527526

2021-05-20 08:56:24,794 ACC_overall: 0.9906911174456279

2021-05-20 08:56:24,794 IoU_poly: 0.8108827278017998

2021-05-20 08:56:24,794 IoU_bg: 0.9904366115729014

2021-05-20 08:56:24,794 IoU_mean: 0.9006596689422925

2021-05-20 08:56:24,794 ==============================
2021-05-20 08:56:24,794 

2021-05-20 08:56:40,545 RESULT FOR DATASET CVC-ClinicDB

2021-05-20 08:56:40,545 ==============================
2021-05-20 08:56:40,545 

2021-05-20 08:56:40,545 recall: 0.9436695788153296

2021-05-20 08:56:40,546 specificity: 0.9939003106086485

2021-05-20 08:56:40,546 precision: 0.9013005467732588

2021-05-20 08:56:40,546 F1: 0.9097845781474344

2021-05-20 08:56:40,546 F2: 0.9192607346208646

2021-05-20 08:56:40,546 ACC_overall: 0.9915096259886219

2021-05-20 08:56:40,546 IoU_poly: 0.8662802230814592

2021-05-20 08:56:40,546 IoU_bg: 0.9903301385141188

2021-05-20 08:56:40,546 IoU_mean: 0.9283051808034221

2021-05-20 08:56:40,546 ==============================
2021-05-20 08:56:40,546 

2021-05-20 08:57:10,431 RESULT FOR DATASET Kvasir

2021-05-20 08:57:10,431 ==============================
2021-05-20 08:57:10,431 

2021-05-20 08:57:10,431 recall: 0.8921944880485535

2021-05-20 08:57:10,431 specificity: 0.9929314643144608

2021-05-20 08:57:10,431 precision: 0.9436908765137195

2021-05-20 08:57:10,431 F1: 0.9045957311987877

2021-05-20 08:57:10,431 F2: 0.8951244257390499

2021-05-20 08:57:10,432 ACC_overall: 0.9703273603320122

2021-05-20 08:57:10,432 IoU_poly: 0.850495847016573

2021-05-20 08:57:10,432 IoU_bg: 0.9636507502198219

2021-05-20 08:57:10,432 IoU_mean: 0.9070732998847961

2021-05-20 08:57:10,432 ==============================
2021-05-20 08:57:10,432 

2021-05-20 08:59:04,190 RESULT FOR DATASET CVC-ColonDB

2021-05-20 08:59:04,190 ==============================
2021-05-20 08:59:04,191 

2021-05-20 08:59:04,191 recall: 0.7793441547521118

2021-05-20 08:59:04,191 specificity: 0.9888293398054022

2021-05-20 08:59:04,191 precision: 0.8306778482601084

2021-05-20 08:59:04,191 F1: 0.7420117667722311

2021-05-20 08:59:04,191 F2: 0.7503088225877084

2021-05-20 08:59:04,191 ACC_overall: 0.959205461567954

2021-05-20 08:59:04,191 IoU_poly: 0.6690841362020269

2021-05-20 08:59:04,191 IoU_bg: 0.9571487409503836

2021-05-20 08:59:04,191 IoU_mean: 0.813116440255391

2021-05-20 08:59:04,191 ==============================
2021-05-20 08:59:04,191 

2021-05-20 09:00:26,358 RESULT FOR DATASET ETIS-LaribPolypDB

2021-05-20 09:00:26,358 ==============================
2021-05-20 09:00:26,358 

2021-05-20 09:00:26,359 recall: 0.8212080531326249

2021-05-20 09:00:26,359 specificity: 0.9891533584010844

2021-05-20 09:00:26,359 precision: 0.7589223432757062

2021-05-20 09:00:26,359 F1: 0.7490690772779647

2021-05-20 09:00:26,359 F2: 0.7807396956566626

2021-05-20 09:00:26,359 ACC_overall: 0.9854973734033351

2021-05-20 09:00:26,359 IoU_poly: 0.6723017751333104

2021-05-20 09:00:26,359 IoU_bg: 0.9847836661703733

2021-05-20 09:00:26,359 IoU_mean: 0.8285427181696405

2021-05-20 09:00:26,359 ==============================
2021-05-20 09:00:26,359 

