2021-04-27 13:19:37,873 Epoch 0 	 Loss 0.7880492750759963
2021-04-27 13:20:12,513 Epoch 1 	 Loss 0.5468197458392972
2021-04-27 13:20:47,096 Epoch 2 	 Loss 0.4861806061241653
2021-04-27 13:21:21,627 Epoch 3 	 Loss 0.4545253315469721
2021-04-27 13:21:56,390 Epoch 4 	 Loss 0.4459361397958064
2021-04-27 13:22:31,074 Epoch 5 	 Loss 0.4182652035257319
2021-04-27 13:23:05,873 Epoch 6 	 Loss 0.3998277131672744
2021-04-27 13:23:40,648 Epoch 7 	 Loss 0.39034840628341005
2021-04-27 13:24:15,391 Epoch 8 	 Loss 0.3846529939999947
2021-04-27 13:24:50,113 Epoch 9 	 Loss 0.3696104047390131
2021-04-27 13:25:24,951 Epoch 10 	 Loss 0.356592086317775
2021-04-27 13:25:59,731 Epoch 11 	 Loss 0.34391853802806727
2021-04-27 13:26:34,533 Epoch 12 	 Loss 0.34450506476255566
2021-04-27 13:27:09,207 Epoch 13 	 Loss 0.33329474401997994
2021-04-27 13:27:43,982 Epoch 14 	 Loss 0.34218854563576834
2021-04-27 13:28:18,874 Epoch 15 	 Loss 0.33112078806856177
2021-04-27 13:28:53,632 Epoch 16 	 Loss 0.32808416066588936
2021-04-27 13:29:28,436 Epoch 17 	 Loss 0.3184325044954216
2021-04-27 13:30:03,183 Epoch 18 	 Loss 0.3125265735191303
2021-04-27 13:30:37,915 Epoch 19 	 Loss 0.30629730502982716
2021-04-27 13:31:12,731 Epoch 20 	 Loss 0.3027568112362872
2021-04-27 13:31:47,399 Epoch 21 	 Loss 0.2949402723666076
2021-04-27 13:32:22,287 Epoch 22 	 Loss 0.3031648030647865
2021-04-27 13:32:57,047 Epoch 23 	 Loss 0.29399208118627357
2021-04-27 13:33:32,022 Epoch 24 	 Loss 0.2910627437816871
2021-04-27 13:34:06,775 Epoch 25 	 Loss 0.2877017326734878
2021-04-27 13:34:41,617 Epoch 26 	 Loss 0.29003196758228345
2021-04-27 13:35:16,347 Epoch 27 	 Loss 0.2839051797822282
2021-04-27 13:35:51,261 Epoch 28 	 Loss 0.2732228931489882
2021-04-27 13:36:26,043 Epoch 29 	 Loss 0.27658855767695456
2021-04-27 13:37:00,707 Epoch 30 	 Loss 0.26446322802003924
2021-04-27 13:37:35,614 Epoch 31 	 Loss 0.27642834645051223
2021-04-27 13:38:10,334 Epoch 32 	 Loss 0.26188995009595223
2021-04-27 13:38:45,105 Epoch 33 	 Loss 0.27437121527535574
2021-04-27 13:39:19,922 Epoch 34 	 Loss 0.27112288494686504
2021-04-27 13:39:54,730 Epoch 35 	 Loss 0.26588959746308377
2021-04-27 13:40:29,578 Epoch 36 	 Loss 0.26530084521560876
2021-04-27 13:41:04,357 Epoch 37 	 Loss 0.25328193392072407
2021-04-27 13:41:39,191 Epoch 38 	 Loss 0.24985425305235517
2021-04-27 13:42:13,897 Epoch 39 	 Loss 0.25779214861628774
2021-04-27 13:42:48,679 Epoch 40 	 Loss 0.25233979277558377
2021-04-27 13:43:23,489 Epoch 41 	 Loss 0.25353502948860546
2021-04-27 13:43:58,285 Epoch 42 	 Loss 0.24173508699123675
2021-04-27 13:44:32,916 Epoch 43 	 Loss 0.2405414764697735
2021-04-27 13:45:07,747 Epoch 44 	 Loss 0.2421721445990133
2021-04-27 13:45:42,419 Epoch 45 	 Loss 0.23867329349229624
2021-04-27 13:46:17,234 Epoch 46 	 Loss 0.24031859767305983
2021-04-27 13:46:51,919 Epoch 47 	 Loss 0.24006148927159363
2021-04-27 13:47:26,736 Epoch 48 	 Loss 0.23205133109957307
2021-04-27 13:48:01,543 Epoch 49 	 Loss 0.24019733251451136
2021-04-27 13:48:36,298 Epoch 50 	 Loss 0.2306041984440206
2021-04-27 13:49:11,039 Epoch 51 	 Loss 0.23075952585581894
2021-04-27 13:49:45,849 Epoch 52 	 Loss 0.2323065093912921
2021-04-27 13:50:20,571 Epoch 53 	 Loss 0.22945802011987665
2021-04-27 13:50:55,329 Epoch 54 	 Loss 0.22369015937323097
2021-04-27 13:51:30,084 Epoch 55 	 Loss 0.22495897261651007
2021-04-27 13:52:04,850 Epoch 56 	 Loss 0.22352698641818958
2021-04-27 13:52:39,550 Epoch 57 	 Loss 0.22348747017619375
2021-04-27 13:53:14,290 Epoch 58 	 Loss 0.21744222644266192
2021-04-27 13:53:49,043 Epoch 59 	 Loss 0.22173154337720558
2021-04-27 13:54:23,926 Epoch 60 	 Loss 0.2172433955001307
2021-04-27 13:54:58,661 Epoch 61 	 Loss 0.21672050261890496
2021-04-27 13:55:33,425 Epoch 62 	 Loss 0.2152984653200422
2021-04-27 13:56:08,142 Epoch 63 	 Loss 0.2118000396332898
2021-04-27 13:56:42,925 Epoch 64 	 Loss 0.20903789096481198
2021-04-27 13:57:17,745 Epoch 65 	 Loss 0.21231196706111616
2021-04-27 13:57:52,593 Epoch 66 	 Loss 0.20882549292438632
2021-04-27 13:58:27,325 Epoch 67 	 Loss 0.20438592299655245
2021-04-27 13:59:02,094 Epoch 68 	 Loss 0.2064791536265677
2021-04-27 13:59:36,814 Epoch 69 	 Loss 0.20583597054848304
2021-04-27 14:00:11,622 Epoch 70 	 Loss 0.20259552129677363
2021-04-27 14:00:46,362 Epoch 71 	 Loss 0.2087939448736526
2021-04-27 14:01:21,142 Epoch 72 	 Loss 0.19951442096914565
2021-04-27 14:01:55,927 Epoch 73 	 Loss 0.20176293610871493
2021-04-27 14:02:30,707 Epoch 74 	 Loss 0.2033675478382425
2021-04-27 14:03:05,564 Epoch 75 	 Loss 0.20229354664519594
2021-04-27 14:03:40,382 Epoch 76 	 Loss 0.20138260018039536
2021-04-27 14:04:15,135 Epoch 77 	 Loss 0.19518718680182656
2021-04-27 14:04:49,983 Epoch 78 	 Loss 0.19881030049297835
2021-04-27 14:05:24,811 Epoch 79 	 Loss 0.19552002012074648
2021-04-27 14:05:59,573 Epoch 80 	 Loss 0.196333633183123
2021-04-27 14:06:34,425 Epoch 81 	 Loss 0.19223443345054164
2021-04-27 14:07:09,123 Epoch 82 	 Loss 0.19186304951762104
2021-04-27 14:07:43,927 Epoch 83 	 Loss 0.1979360478919941
2021-04-27 14:08:18,707 Epoch 84 	 Loss 0.1950995065681227
2021-04-27 14:08:53,463 Epoch 85 	 Loss 0.19600341591861223
2021-04-27 14:09:28,225 Epoch 86 	 Loss 0.1879579632819354
2021-04-27 14:10:03,053 Epoch 87 	 Loss 0.188934774516703
2021-04-27 14:10:37,828 Epoch 88 	 Loss 0.19599914108658886
2021-04-27 14:11:12,849 Epoch 89 	 Loss 0.1970433512559304
2021-04-27 14:11:47,564 Epoch 90 	 Loss 0.1930071994826034
2021-04-27 14:12:22,366 Epoch 91 	 Loss 0.19021495341599642
2021-04-27 14:12:57,145 Epoch 92 	 Loss 0.19360102401984916
2021-04-27 14:13:32,010 Epoch 93 	 Loss 0.18967893883422182
2021-04-27 14:14:06,957 Epoch 94 	 Loss 0.1881984906209694
2021-04-27 14:14:41,880 Epoch 95 	 Loss 0.19058088810889276
2021-04-27 14:15:16,667 Epoch 96 	 Loss 0.19504342514735
2021-04-27 14:15:51,562 Epoch 97 	 Loss 0.19306542290436043
2021-04-27 14:16:26,506 Epoch 98 	 Loss 0.1917178390117792
2021-04-27 14:17:01,419 Epoch 99 	 Loss 0.18728649075869674
2021-04-27 14:17:20,442 RESULT FOR DATASET CVC-300

2021-04-27 14:17:20,442 ==============================
2021-04-27 14:17:20,442 

2021-04-27 14:17:20,442 recall: 0.9342478894615245

2021-04-27 14:17:20,442 specificity: 0.994092411796252

2021-04-27 14:17:20,442 precision: 0.8492227964103222

2021-04-27 14:17:20,442 F1: 0.8648777250915979

2021-04-27 14:17:20,442 F2: 0.895507645995167

2021-04-27 14:17:20,442 ACC_overall: 0.9921140571435293

2021-04-27 14:17:20,442 IoU_poly: 0.797659928815968

2021-04-27 14:17:20,442 IoU_bg: 0.9918804784615834

2021-04-27 14:17:20,442 IoU_mean: 0.8947702045241992

2021-04-27 14:17:20,442 ==============================
2021-04-27 14:17:20,442 

2021-04-27 14:17:35,967 RESULT FOR DATASET CVC-ClinicDB

2021-04-27 14:17:35,967 ==============================
2021-04-27 14:17:35,967 

2021-04-27 14:17:35,967 recall: 0.9241832004439446

2021-04-27 14:17:35,968 specificity: 0.9949473507942692

2021-04-27 14:17:35,968 precision: 0.9203055138068814

2021-04-27 14:17:35,968 F1: 0.9044077389220136

2021-04-27 14:17:35,968 F2: 0.912018621993822

2021-04-27 14:17:35,968 ACC_overall: 0.9890053647179757

2021-04-27 14:17:35,968 IoU_poly: 0.8514366772386336

2021-04-27 14:17:35,968 IoU_bg: 0.987098059346599

2021-04-27 14:17:35,968 IoU_mean: 0.919267374661661

2021-04-27 14:17:35,968 ==============================
2021-04-27 14:17:35,968 

2021-04-27 14:18:05,672 RESULT FOR DATASET Kvasir

2021-04-27 14:18:05,672 ==============================
2021-04-27 14:18:05,672 

2021-04-27 14:18:05,672 recall: 0.9074907387414715

2021-04-27 14:18:05,672 specificity: 0.9854964816570282

2021-04-27 14:18:05,673 precision: 0.9111293739080429

2021-04-27 14:18:05,673 F1: 0.8878984647983452

2021-04-27 14:18:05,673 F2: 0.8933989254214976

2021-04-27 14:18:05,673 ACC_overall: 0.9698349475860596

2021-04-27 14:18:05,673 IoU_poly: 0.8289368851104518

2021-04-27 14:18:05,673 IoU_bg: 0.9618993863463402

2021-04-27 14:18:05,673 IoU_mean: 0.8954181379079819

2021-04-27 14:18:05,673 ==============================
2021-04-27 14:18:05,673 

2021-04-27 14:20:00,384 RESULT FOR DATASET CVC-ColonDB

2021-04-27 14:20:00,384 ==============================
2021-04-27 14:20:00,384 

2021-04-27 14:20:00,384 recall: 0.7091336297355155

2021-04-27 14:20:00,384 specificity: 0.9938711553812027

2021-04-27 14:20:00,384 precision: 0.8815040200185889

2021-04-27 14:20:00,384 F1: 0.6868208118068986

2021-04-27 14:20:00,384 F2: 0.6921062086790244

2021-04-27 14:20:00,384 ACC_overall: 0.9597335744060969

2021-04-27 14:20:00,384 IoU_poly: 0.6181018478088318

2021-04-27 14:20:00,385 IoU_bg: 0.9576145411321991

2021-04-27 14:20:00,385 IoU_mean: 0.7878581955244667

2021-04-27 14:20:00,385 ==============================
2021-04-27 14:20:00,385 

2021-04-27 14:21:21,485 RESULT FOR DATASET ETIS-LaribPolypDB

2021-04-27 14:21:21,485 ==============================
2021-04-27 14:21:21,485 

2021-04-27 14:21:21,485 recall: 0.742274666715535

2021-04-27 14:21:21,485 specificity: 0.990715212967931

2021-04-27 14:21:21,485 precision: 0.8121503173452297

2021-04-27 14:21:21,485 F1: 0.6837924680167788

2021-04-27 14:21:21,485 F2: 0.7117874557977246

2021-04-27 14:21:21,485 ACC_overall: 0.9854968281424775

2021-04-27 14:21:21,486 IoU_poly: 0.6113955995169609

2021-04-27 14:21:21,486 IoU_bg: 0.984633174173686

2021-04-27 14:21:21,486 IoU_mean: 0.7980143833829432

2021-04-27 14:21:21,486 ==============================
2021-04-27 14:21:21,486 

