2021-05-29 13:41:55,875 Epoch 0 	 Loss 0.705506777042871
2021-05-29 13:43:04,723 Epoch 1 	 Loss 0.47128093308144875
2021-05-29 13:44:13,623 Epoch 2 	 Loss 0.4200611062102265
2021-05-29 13:45:22,585 Epoch 3 	 Loss 0.40723336627195167
2021-05-29 13:46:31,511 Epoch 4 	 Loss 0.38270052612482847
2021-05-29 13:47:40,519 Epoch 5 	 Loss 0.3554508687703164
2021-05-29 13:48:49,581 Epoch 6 	 Loss 0.34692472022968335
2021-05-29 13:49:58,773 Epoch 7 	 Loss 0.33570603191197573
2021-05-29 13:51:08,047 Epoch 8 	 Loss 0.3333389978487413
2021-05-29 13:52:17,271 Epoch 9 	 Loss 0.3110048798741875
2021-05-29 13:53:26,429 Epoch 10 	 Loss 0.31840681129104487
2021-05-29 13:54:35,656 Epoch 11 	 Loss 0.30384483229327985
2021-05-29 13:55:44,774 Epoch 12 	 Loss 0.3041155577360929
2021-05-29 13:56:53,838 Epoch 13 	 Loss 0.287250028697999
2021-05-29 13:58:03,125 Epoch 14 	 Loss 0.28846150915046315
2021-05-29 13:59:12,246 Epoch 15 	 Loss 0.2830112198224434
2021-05-29 14:00:21,373 Epoch 16 	 Loss 0.2963256233341091
2021-05-29 14:01:30,500 Epoch 17 	 Loss 0.2836448666486111
2021-05-29 14:02:39,800 Epoch 18 	 Loss 0.2724967892025853
2021-05-29 14:03:48,949 Epoch 19 	 Loss 0.2676082607154008
2021-05-29 14:04:58,102 Epoch 20 	 Loss 0.2609608017808788
2021-05-29 14:06:07,202 Epoch 21 	 Loss 0.2643090448864214
2021-05-29 14:07:16,377 Epoch 22 	 Loss 0.2497065008341611
2021-05-29 14:08:25,522 Epoch 23 	 Loss 0.2502700812541522
2021-05-29 14:09:34,697 Epoch 24 	 Loss 0.24985630204389384
2021-05-29 14:10:43,794 Epoch 25 	 Loss 0.25199895589561255
2021-05-29 14:11:52,976 Epoch 26 	 Loss 0.24460896063636947
2021-05-29 14:13:02,191 Epoch 27 	 Loss 0.2432160904774299
2021-05-29 14:14:11,296 Epoch 28 	 Loss 0.2396494433447555
2021-05-29 14:15:20,474 Epoch 29 	 Loss 0.23429639899468685
2021-05-29 14:16:29,777 Epoch 30 	 Loss 0.24237262514921334
2021-05-29 14:17:39,037 Epoch 31 	 Loss 0.24085710762621282
2021-05-29 14:18:48,308 Epoch 32 	 Loss 0.22664416769703666
2021-05-29 14:19:57,505 Epoch 33 	 Loss 0.22189138322086124
2021-05-29 14:21:06,747 Epoch 34 	 Loss 0.22669764190584749
2021-05-29 14:22:15,951 Epoch 35 	 Loss 0.22244475585418744
2021-05-29 14:23:25,120 Epoch 36 	 Loss 0.22546196098511034
2021-05-29 14:24:34,352 Epoch 37 	 Loss 0.21327057693685805
2021-05-29 14:25:43,591 Epoch 38 	 Loss 0.21252524525254637
2021-05-29 14:26:52,784 Epoch 39 	 Loss 0.21381438171470557
2021-05-29 14:28:01,909 Epoch 40 	 Loss 0.21923683780235248
2021-05-29 14:29:11,124 Epoch 41 	 Loss 0.20509520746194398
2021-05-29 14:30:20,384 Epoch 42 	 Loss 0.20445463208706824
2021-05-29 14:31:29,655 Epoch 43 	 Loss 0.20467290593372597
2021-05-29 14:32:38,996 Epoch 44 	 Loss 0.20507812008752926
2021-05-29 14:33:48,217 Epoch 45 	 Loss 0.1997277828363272
2021-05-29 14:34:57,379 Epoch 46 	 Loss 0.19692034560900468
2021-05-29 14:36:06,596 Epoch 47 	 Loss 0.204645363675369
2021-05-29 14:37:15,972 Epoch 48 	 Loss 0.19350724348000117
2021-05-29 14:38:25,369 Epoch 49 	 Loss 0.19472636528067536
2021-05-29 14:39:34,637 Epoch 50 	 Loss 0.1957497211930516
2021-05-29 14:40:43,886 Epoch 51 	 Loss 0.18375979806040668
2021-05-29 14:41:53,275 Epoch 52 	 Loss 0.18373207043815445
2021-05-29 14:43:02,654 Epoch 53 	 Loss 0.18733640915744906
2021-05-29 14:44:11,946 Epoch 54 	 Loss 0.192604334799798
2021-05-29 14:45:21,424 Epoch 55 	 Loss 0.1786166285420512
2021-05-29 14:46:31,077 Epoch 56 	 Loss 0.17950949760583731
2021-05-29 14:47:40,524 Epoch 57 	 Loss 0.17923125788405703
2021-05-29 14:48:49,802 Epoch 58 	 Loss 0.1775373068157133
2021-05-29 14:49:59,122 Epoch 59 	 Loss 0.17799958684942224
2021-05-29 14:51:08,807 Epoch 60 	 Loss 0.1733680742455053
2021-05-29 14:52:20,764 Epoch 61 	 Loss 0.17743679258849596
2021-05-29 14:53:32,483 Epoch 62 	 Loss 0.17308717720456177
2021-05-29 14:54:44,081 Epoch 63 	 Loss 0.17305719033702388
2021-05-29 14:55:54,914 Epoch 64 	 Loss 0.17321361781476619
2021-05-29 14:57:06,039 Epoch 65 	 Loss 0.1685557321205244
2021-05-29 14:58:19,103 Epoch 66 	 Loss 0.1688372538639949
2021-05-29 14:59:32,665 Epoch 67 	 Loss 0.1712026045872615
2021-05-29 15:00:45,655 Epoch 68 	 Loss 0.16984489396378233
2021-05-29 15:02:00,004 Epoch 69 	 Loss 0.1652574794633048
2021-05-29 15:03:14,647 Epoch 70 	 Loss 0.16312011978128454
2021-05-29 15:04:28,864 Epoch 71 	 Loss 0.1672284879854747
2021-05-29 15:05:43,827 Epoch 72 	 Loss 0.16173376306727694
2021-05-29 15:06:59,039 Epoch 73 	 Loss 0.16270037060910528
2021-05-29 15:08:14,456 Epoch 74 	 Loss 0.16266249398608784
2021-05-29 15:09:29,745 Epoch 75 	 Loss 0.1622956783234418
2021-05-29 15:10:44,101 Epoch 76 	 Loss 0.1599316351361327
2021-05-29 15:11:54,694 Epoch 77 	 Loss 0.16018315118092757
2021-05-29 15:13:04,067 Epoch 78 	 Loss 0.15977805328893138
2021-05-29 15:14:13,546 Epoch 79 	 Loss 0.15868684354719226
2021-05-29 15:15:23,199 Epoch 80 	 Loss 0.1578776151924343
2021-05-29 15:16:32,660 Epoch 81 	 Loss 0.15684922629005307
2021-05-29 15:17:42,143 Epoch 82 	 Loss 0.15644427085970783
2021-05-29 15:18:51,646 Epoch 83 	 Loss 0.16047553906401435
2021-05-29 15:20:01,189 Epoch 84 	 Loss 0.15573988011577627
2021-05-29 15:21:10,643 Epoch 85 	 Loss 0.15452961066921989
2021-05-29 15:22:20,097 Epoch 86 	 Loss 0.15596288811047
2021-05-29 15:23:29,510 Epoch 87 	 Loss 0.1571527843946939
2021-05-29 15:24:38,907 Epoch 88 	 Loss 0.15523778589872214
2021-05-29 15:25:48,426 Epoch 89 	 Loss 0.1596161750974236
2021-05-29 15:26:57,852 Epoch 90 	 Loss 0.1547603074174661
2021-05-29 15:28:07,327 Epoch 91 	 Loss 0.1556837198498485
2021-05-29 15:29:16,787 Epoch 92 	 Loss 0.15548735955259302
2021-05-29 15:30:26,258 Epoch 93 	 Loss 0.15478973328084736
2021-05-29 15:31:35,820 Epoch 94 	 Loss 0.15213157072827055
2021-05-29 15:32:45,325 Epoch 95 	 Loss 0.156891038948363
2021-05-29 15:33:54,758 Epoch 96 	 Loss 0.1544526171062019
2021-05-29 15:35:04,366 Epoch 97 	 Loss 0.15417247429326342
2021-05-29 15:36:13,967 Epoch 98 	 Loss 0.1526824671488542
2021-05-29 15:37:23,446 Epoch 99 	 Loss 0.1550400917019163
2021-05-29 15:37:44,212 RESULT FOR DATASET CVC-300

2021-05-29 15:37:44,212 ==============================
2021-05-29 15:37:44,212 

2021-05-29 15:37:44,212 recall: 0.9480827460686366

2021-05-29 15:37:44,212 specificity: 0.9922506918509801

2021-05-29 15:37:44,212 precision: 0.8399106968194247

2021-05-29 15:37:44,212 F1: 0.8702606206138929

2021-05-29 15:37:44,213 F2: 0.9004159614443779

2021-05-29 15:37:44,213 ACC_overall: 0.9906860023736954

2021-05-29 15:37:44,213 IoU_poly: 0.8012960810214281

2021-05-29 15:37:44,213 IoU_bg: 0.9904025872548421

2021-05-29 15:37:44,213 IoU_mean: 0.8958493351936341

2021-05-29 15:37:44,213 ==============================
2021-05-29 15:37:44,213 

2021-05-29 15:38:02,198 RESULT FOR DATASET CVC-ClinicDB

2021-05-29 15:38:02,198 ==============================
2021-05-29 15:38:02,198 

2021-05-29 15:38:02,198 recall: 0.9315795710971279

2021-05-29 15:38:02,198 specificity: 0.9956180424459519

2021-05-29 15:38:02,198 precision: 0.913100303766588

2021-05-29 15:38:02,198 F1: 0.9182579616261195

2021-05-29 15:38:02,199 F2: 0.9245937265297999

2021-05-29 15:38:02,199 ACC_overall: 0.9909646068849871

2021-05-29 15:38:02,199 IoU_poly: 0.8694003006403951

2021-05-29 15:38:02,199 IoU_bg: 0.9891162706959632

2021-05-29 15:38:02,199 IoU_mean: 0.9292582831075115

2021-05-29 15:38:02,199 ==============================
2021-05-29 15:38:02,199 

2021-05-29 15:38:34,097 RESULT FOR DATASET Kvasir

2021-05-29 15:38:34,097 ==============================
2021-05-29 15:38:34,098 

2021-05-29 15:38:34,098 recall: 0.9010133519768715

2021-05-29 15:38:34,098 specificity: 0.9905202239751816

2021-05-29 15:38:34,098 precision: 0.9309626016020774

2021-05-29 15:38:34,098 F1: 0.9013816338777542

2021-05-29 15:38:34,098 F2: 0.8978195345401764

2021-05-29 15:38:34,098 ACC_overall: 0.9709227842092514

2021-05-29 15:38:34,098 IoU_poly: 0.8449967139959336

2021-05-29 15:38:34,098 IoU_bg: 0.9637969699501991

2021-05-29 15:38:34,098 IoU_mean: 0.9043968388438225

2021-05-29 15:38:34,098 ==============================
2021-05-29 15:38:34,098 

2021-05-29 15:40:29,865 RESULT FOR DATASET CVC-ColonDB

2021-05-29 15:40:29,865 ==============================
2021-05-29 15:40:29,866 

2021-05-29 15:40:29,866 recall: 0.7358699751566603

2021-05-29 15:40:29,866 specificity: 0.9904272880993391

2021-05-29 15:40:29,866 precision: 0.8416683548748168

2021-05-29 15:40:29,866 F1: 0.7084175874474543

2021-05-29 15:40:29,866 F2: 0.7141628473952815

2021-05-29 15:40:29,866 ACC_overall: 0.9577756652706548

2021-05-29 15:40:29,866 IoU_poly: 0.6404780550920326

2021-05-29 15:40:29,866 IoU_bg: 0.9561007470676773

2021-05-29 15:40:29,866 IoU_mean: 0.7982894018292427

2021-05-29 15:40:29,866 ==============================
2021-05-29 15:40:29,866 

2021-05-29 15:41:51,650 RESULT FOR DATASET ETIS-LaribPolypDB

2021-05-29 15:41:51,650 ==============================
2021-05-29 15:41:51,650 

2021-05-29 15:41:51,650 recall: 0.7737973050634444

2021-05-29 15:41:51,650 specificity: 0.9902600868015873

2021-05-29 15:41:51,650 precision: 0.8308956889101994

2021-05-29 15:41:51,650 F1: 0.706338788620514

2021-05-29 15:41:51,651 F2: 0.7374506238706257

2021-05-29 15:41:51,651 ACC_overall: 0.9864252018077033

2021-05-29 15:41:51,651 IoU_poly: 0.6371634836290264

2021-05-29 15:41:51,651 IoU_bg: 0.9857057609728405

2021-05-29 15:41:51,651 IoU_mean: 0.8114346218656521

2021-05-29 15:41:51,651 ==============================
2021-05-29 15:41:51,651 

