2021-04-27 08:34:07,126 RESULT FOR DATASET CVC-300

2021-04-27 08:34:07,126 ==============================
2021-04-27 08:34:07,126 

2021-04-27 08:34:07,126 recall: 0.8956230541070302

2021-04-27 08:34:07,126 specificity: 0.9965691258509953

2021-04-27 08:34:07,126 precision: 0.8838257039586703

2021-04-27 08:34:07,127 F1: 0.8688453164165063

2021-04-27 08:34:07,127 F2: 0.8828118081185191

2021-04-27 08:34:07,127 ACC_overall: 0.9932313611110052

2021-04-27 08:34:07,127 IoU_poly: 0.8012483151008686

2021-04-27 08:34:07,127 IoU_bg: 0.992924244205157

2021-04-27 08:34:07,127 IoU_mean: 0.8970862781008084

2021-04-27 08:34:07,127 ==============================
2021-04-27 08:34:07,127 

2021-04-27 08:34:22,476 RESULT FOR DATASET CVC-ClinicDB

2021-04-27 08:34:22,476 ==============================
2021-04-27 08:34:22,477 

2021-04-27 08:34:22,477 recall: 0.8519195532689111

2021-04-27 08:34:22,477 specificity: 0.9953666829293774

2021-04-27 08:34:22,477 precision: 0.9254961591814795

2021-04-27 08:34:22,477 F1: 0.8530979369477849

2021-04-27 08:34:22,477 F2: 0.851621376863125

2021-04-27 08:34:22,477 ACC_overall: 0.9835591595019063

2021-04-27 08:34:22,477 IoU_poly: 0.8021752073001417

2021-04-27 08:34:22,477 IoU_bg: 0.9816485210772483

2021-04-27 08:34:22,477 IoU_mean: 0.8919118686068442

2021-04-27 08:34:22,477 ==============================
2021-04-27 08:34:22,477 

2021-04-27 08:34:51,860 RESULT FOR DATASET Kvasir

2021-04-27 08:34:51,860 ==============================
2021-04-27 08:34:51,860 

2021-04-27 08:34:51,860 recall: 0.8712478719255887

2021-04-27 08:34:51,860 specificity: 0.9810177034139633

2021-04-27 08:34:51,860 precision: 0.8989495702832937

2021-04-27 08:34:51,860 F1: 0.8567247275840782

2021-04-27 08:34:51,860 F2: 0.8561598230640811

2021-04-27 08:34:51,860 ACC_overall: 0.9592227560281753

2021-04-27 08:34:51,860 IoU_poly: 0.7878114881715738

2021-04-27 08:34:51,860 IoU_bg: 0.9493576711416245

2021-04-27 08:34:51,860 IoU_mean: 0.8685845795273781

2021-04-27 08:34:51,860 ==============================
2021-04-27 08:34:51,860 

2021-04-27 08:36:47,152 RESULT FOR DATASET CVC-ColonDB

2021-04-27 08:36:47,152 ==============================
2021-04-27 08:36:47,152 

2021-04-27 08:36:47,152 recall: 0.6128712256311701

2021-04-27 08:36:47,152 specificity: 0.9963154452411752

2021-04-27 08:36:47,152 precision: 0.8904927392076627

2021-04-27 08:36:47,152 F1: 0.6242376871750726

2021-04-27 08:36:47,152 F2: 0.6142839271148994

2021-04-27 08:36:47,152 ACC_overall: 0.9527453400586781

2021-04-27 08:36:47,152 IoU_poly: 0.5535291898627628

2021-04-27 08:36:47,152 IoU_bg: 0.9516101403455985

2021-04-27 08:36:47,152 IoU_mean: 0.7525696641912586

2021-04-27 08:36:47,153 ==============================
2021-04-27 08:36:47,153 

2021-04-27 08:38:08,397 RESULT FOR DATASET ETIS-LaribPolypDB

2021-04-27 08:38:08,397 ==============================
2021-04-27 08:38:08,397 

2021-04-27 08:38:08,397 recall: 0.562968192613611

2021-04-27 08:38:08,397 specificity: 0.9925289543307557

2021-04-27 08:38:08,397 precision: 0.7965394453068925

2021-04-27 08:38:08,397 F1: 0.5496647675835893

2021-04-27 08:38:08,397 F2: 0.5528926501367318

2021-04-27 08:38:08,397 ACC_overall: 0.9797934573523852

2021-04-27 08:38:08,397 IoU_poly: 0.4792292494565359

2021-04-27 08:38:08,397 IoU_bg: 0.9786582440137863

2021-04-27 08:38:08,397 IoU_mean: 0.7289437466129964

2021-04-27 08:38:08,397 ==============================
2021-04-27 08:38:08,398 

