2021-04-17 13:10:58,653 RESULT FOR DATASET CVC-300

2021-04-17 13:10:58,655 ==============================
2021-04-17 13:10:58,655 

2021-04-17 13:10:58,655 recall: 0.911502614741524

2021-04-17 13:10:58,656 specificity: 0.9885148207346598

2021-04-17 13:10:58,656 precision: 0.7658101547509432

2021-04-17 13:10:58,656 F1: 0.820025029858031

2021-04-17 13:10:58,657 F2: 0.8675671126227826

2021-04-17 13:10:58,657 ACC_overall: 0.9862974435091019

2021-04-17 13:10:58,657 IoU_poly: 0.7204008659503113

2021-04-17 13:10:58,658 IoU_bg: 0.9856759448846181

2021-04-17 13:10:58,658 IoU_mean: 0.8530384028951327

2021-04-17 13:10:58,658 ==============================
2021-04-17 13:10:58,658 

2021-04-17 13:11:01,424 RESULT FOR DATASET CVC-ClinicDB

2021-04-17 13:11:01,424 ==============================
2021-04-17 13:11:01,424 

2021-04-17 13:11:01,424 recall: 0.8224041941397328

2021-04-17 13:11:01,424 specificity: 0.9935478731509177

2021-04-17 13:11:01,424 precision: 0.8803573619624067

2021-04-17 13:11:01,424 F1: 0.8279474297110762

2021-04-17 13:11:01,424 F2: 0.8228063222068746

2021-04-17 13:11:01,425 ACC_overall: 0.9772201276594593

2021-04-17 13:11:01,425 IoU_poly: 0.7634184865683276

2021-04-17 13:11:01,425 IoU_bg: 0.9755509957190482

2021-04-17 13:11:01,425 IoU_mean: 0.8694847365540843

2021-04-17 13:11:01,425 ==============================
2021-04-17 13:11:01,425 

2021-04-17 13:11:07,099 RESULT FOR DATASET Kvasir

2021-04-17 13:11:07,099 ==============================
2021-04-17 13:11:07,099 

2021-04-17 13:11:07,100 recall: 0.8202713039517403

2021-04-17 13:11:07,100 specificity: 0.9787990057468414

2021-04-17 13:11:07,100 precision: 0.8383956822752953

2021-04-17 13:11:07,100 F1: 0.7910899548232555

2021-04-17 13:11:07,100 F2: 0.7967934788018465

2021-04-17 13:11:07,101 ACC_overall: 0.9423281902074814

2021-04-17 13:11:07,101 IoU_poly: 0.6950511506199837

2021-04-17 13:11:07,101 IoU_bg: 0.9315614527463913

2021-04-17 13:11:07,101 IoU_mean: 0.813306300342083

2021-04-17 13:11:07,101 ==============================
2021-04-17 13:11:07,103 

2021-04-17 13:11:27,286 RESULT FOR DATASET CVC-ColonDB

2021-04-17 13:11:27,286 ==============================
2021-04-17 13:11:27,287 

2021-04-17 13:11:27,287 recall: 0.6651048680190367

2021-04-17 13:11:27,288 specificity: 0.9782384648134834

2021-04-17 13:11:27,288 precision: 0.6967821642739277

2021-04-17 13:11:27,288 F1: 0.6166242186878423

2021-04-17 13:11:27,288 F2: 0.6325119972126255

2021-04-17 13:11:27,288 ACC_overall: 0.9436802184895465

2021-04-17 13:11:27,288 IoU_poly: 0.5245831683434852

2021-04-17 13:11:27,288 IoU_bg: 0.9406434390889971

2021-04-17 13:11:27,288 IoU_mean: 0.7326133014340149

2021-04-17 13:11:27,288 ==============================
2021-04-17 13:11:27,288 

2021-04-17 13:11:47,773 RESULT FOR DATASET ETIS-LaribPolypDB

2021-04-17 13:11:47,773 ==============================
2021-04-17 13:11:47,773 

2021-04-17 13:11:47,773 recall: 0.4344045121141539

2021-04-17 13:11:47,773 specificity: 0.9886550237329639

2021-04-17 13:11:47,774 precision: 0.540243521004738

2021-04-17 13:11:47,774 F1: 0.41372406869559386

2021-04-17 13:11:47,775 F2: 0.4182577011719313

2021-04-17 13:11:47,775 ACC_overall: 0.968900205529466

2021-04-17 13:11:47,776 IoU_poly: 0.3381600389916689

2021-04-17 13:11:47,776 IoU_bg: 0.9674833468636688

2021-04-17 13:11:47,776 IoU_mean: 0.6528216925810795

2021-04-17 13:11:47,777 ==============================
2021-04-17 13:11:47,777 

