2021-04-15 22:09:28,693 RESULT FOR DATASET CVC-300

2021-04-15 22:09:28,693 ==============================
2021-04-15 22:09:28,693 

2021-04-15 22:09:28,693 recall: 0.921703073506554

2021-04-15 22:09:28,693 specificity: 0.9849819372097651

2021-04-15 22:09:28,693 precision: 0.7438833358755801

2021-04-15 22:09:28,693 F1: 0.8052439655381022

2021-04-15 22:09:28,693 F2: 0.8636326097863881

2021-04-15 22:09:28,693 ACC_overall: 0.9835368186235428

2021-04-15 22:09:28,693 IoU_poly: 0.70434879562769

2021-04-15 22:09:28,693 IoU_bg: 0.9828285535176595

2021-04-15 22:09:28,694 IoU_mean: 0.843588674068451

2021-04-15 22:09:28,694 ==============================
2021-04-15 22:09:28,694 

2021-04-15 22:09:32,866 RESULT FOR DATASET CVC-ClinicDB

2021-04-15 22:09:32,866 ==============================
2021-04-15 22:09:32,867 

2021-04-15 22:09:32,867 recall: 0.8477861607839698

2021-04-15 22:09:32,867 specificity: 0.99412775616492

2021-04-15 22:09:32,867 precision: 0.8823678898343426

2021-04-15 22:09:32,867 F1: 0.8449434493321009

2021-04-15 22:09:32,867 F2: 0.8447621875708254

2021-04-15 22:09:32,867 ACC_overall: 0.9804626299488929

2021-04-15 22:09:32,867 IoU_poly: 0.7810776212882634

2021-04-15 22:09:32,867 IoU_bg: 0.9782028457810802

2021-04-15 22:09:32,867 IoU_mean: 0.8796402336128296

2021-04-15 22:09:32,867 ==============================
2021-04-15 22:09:32,867 

2021-04-15 22:09:41,788 RESULT FOR DATASET Kvasir

2021-04-15 22:09:41,789 ==============================
2021-04-15 22:09:41,789 

2021-04-15 22:09:41,789 recall: 0.8181222135573626

2021-04-15 22:09:41,789 specificity: 0.9795820462703705

2021-04-15 22:09:41,789 precision: 0.8508793606236577

2021-04-15 22:09:41,789 F1: 0.8006023986637593

2021-04-15 22:09:41,789 F2: 0.8005839458107948

2021-04-15 22:09:41,789 ACC_overall: 0.943339741230011

2021-04-15 22:09:41,789 IoU_poly: 0.7048798216506839

2021-04-15 22:09:41,789 IoU_bg: 0.9324675795435905

2021-04-15 22:09:41,789 IoU_mean: 0.8186736986041069

2021-04-15 22:09:41,789 ==============================
2021-04-15 22:09:41,789 

2021-04-15 22:10:15,019 RESULT FOR DATASET CVC-ColonDB

2021-04-15 22:10:15,019 ==============================
2021-04-15 22:10:15,019 

2021-04-15 22:10:15,019 recall: 0.6854113068525581

2021-04-15 22:10:15,019 specificity: 0.9772802933266288

2021-04-15 22:10:15,019 precision: 0.6639269776852703

2021-04-15 22:10:15,019 F1: 0.6262211633904754

2021-04-15 22:10:15,020 F2: 0.6452473162565112

2021-04-15 22:10:15,020 ACC_overall: 0.9470817543958363

2021-04-15 22:10:15,020 IoU_poly: 0.530641243414182

2021-04-15 22:10:15,020 IoU_bg: 0.9432730175946888

2021-04-15 22:10:15,020 IoU_mean: 0.7369571299145096

2021-04-15 22:10:15,020 ==============================
2021-04-15 22:10:15,020 

2021-04-15 22:10:40,713 RESULT FOR DATASET ETIS-LaribPolypDB

2021-04-15 22:10:40,713 ==============================
2021-04-15 22:10:40,713 

2021-04-15 22:10:40,713 recall: 0.5302579736447541

2021-04-15 22:10:40,713 specificity: 0.9758535517113549

2021-04-15 22:10:40,713 precision: 0.47550462138672034

2021-04-15 22:10:40,713 F1: 0.4461641330750604

2021-04-15 22:10:40,713 F2: 0.4766332649666895

2021-04-15 22:10:40,713 ACC_overall: 0.9623020975565424

2021-04-15 22:10:40,713 IoU_poly: 0.36804617623226005

2021-04-15 22:10:40,713 IoU_bg: 0.9606697544151422

2021-04-15 22:10:40,713 IoU_mean: 0.6643579644816262

2021-04-15 22:10:40,713 ==============================
2021-04-15 22:10:40,713 

