2021-05-13 10:51:49,804 Epoch 0 	 Loss 0.7706339647481729
2021-05-13 10:52:15,273 Epoch 1 	 Loss 0.5035581595295078
2021-05-13 10:52:41,832 Epoch 2 	 Loss 0.43722339547597444
2021-05-13 10:53:07,867 Epoch 3 	 Loss 0.40350621480208176
2021-05-13 10:53:34,765 Epoch 4 	 Loss 0.38602814094705895
2021-05-13 10:54:01,559 Epoch 5 	 Loss 0.3622088345525029
2021-05-13 10:54:27,746 Epoch 6 	 Loss 0.3471836167704928
2021-05-13 10:54:53,114 Epoch 7 	 Loss 0.3358177783397528
2021-05-13 10:55:18,635 Epoch 8 	 Loss 0.3263034424284002
2021-05-13 10:55:43,951 Epoch 9 	 Loss 0.3119886208039064
2021-05-13 10:56:09,105 Epoch 10 	 Loss 0.3031662655073208
2021-05-13 10:56:34,762 Epoch 11 	 Loss 0.30332721589685796
2021-05-13 10:57:00,450 Epoch 12 	 Loss 0.2840597758908848
2021-05-13 10:57:25,758 Epoch 13 	 Loss 0.30888199937212596
2021-05-13 10:57:50,870 Epoch 14 	 Loss 0.2842304683648623
2021-05-13 10:58:15,939 Epoch 15 	 Loss 0.28388520043629867
2021-05-13 10:58:41,517 Epoch 16 	 Loss 0.27784126849619895
2021-05-13 10:59:07,216 Epoch 17 	 Loss 0.2683775434782217
2021-05-13 10:59:32,615 Epoch 18 	 Loss 0.2605661859551629
2021-05-13 10:59:58,050 Epoch 19 	 Loss 0.2534997910261154
2021-05-13 11:00:22,850 Epoch 20 	 Loss 0.2514456924828854
2021-05-13 11:00:47,581 Epoch 21 	 Loss 0.249054743038429
2021-05-13 11:01:12,330 Epoch 22 	 Loss 0.25409083919865744
2021-05-13 11:01:36,957 Epoch 23 	 Loss 0.25305443903902075
2021-05-13 11:02:01,694 Epoch 24 	 Loss 0.252163643856625
2021-05-13 11:02:26,453 Epoch 25 	 Loss 0.2561358375536216
2021-05-13 11:02:51,245 Epoch 26 	 Loss 0.24259315103619963
2021-05-13 11:03:16,054 Epoch 27 	 Loss 0.242939884191031
2021-05-13 11:03:40,748 Epoch 28 	 Loss 0.23837445004955754
2021-05-13 11:04:05,394 Epoch 29 	 Loss 0.2310494133731821
2021-05-13 11:04:30,082 Epoch 30 	 Loss 0.23192217569429796
2021-05-13 11:04:54,861 Epoch 31 	 Loss 0.23624966776633
2021-05-13 11:05:19,562 Epoch 32 	 Loss 0.22802998371176667
2021-05-13 11:05:44,310 Epoch 33 	 Loss 0.23274918047936408
2021-05-13 11:06:09,027 Epoch 34 	 Loss 0.2318262611771678
2021-05-13 11:06:33,782 Epoch 35 	 Loss 0.2261952641573581
2021-05-13 11:06:58,569 Epoch 36 	 Loss 0.22267724950234968
2021-05-13 11:07:23,248 Epoch 37 	 Loss 0.2154498237829942
2021-05-13 11:07:47,941 Epoch 38 	 Loss 0.21824164737711896
2021-05-13 11:08:12,645 Epoch 39 	 Loss 0.21483907398286756
2021-05-13 11:08:37,337 Epoch 40 	 Loss 0.21215904774246636
2021-05-13 11:09:02,051 Epoch 41 	 Loss 0.20865367975208785
2021-05-13 11:09:26,775 Epoch 42 	 Loss 0.20464812481141353
2021-05-13 11:09:51,574 Epoch 43 	 Loss 0.20633201530346504
2021-05-13 11:10:16,289 Epoch 44 	 Loss 0.20593641796609857
2021-05-13 11:10:41,095 Epoch 45 	 Loss 0.20684429037046956
2021-05-13 11:11:05,867 Epoch 46 	 Loss 0.20469825903137961
2021-05-13 11:11:30,609 Epoch 47 	 Loss 0.2033777274600752
2021-05-13 11:11:55,272 Epoch 48 	 Loss 0.19882941704529983
2021-05-13 11:12:19,932 Epoch 49 	 Loss 0.19525096802921085
2021-05-13 11:12:44,712 Epoch 50 	 Loss 0.19785609169975743
2021-05-13 11:13:09,471 Epoch 51 	 Loss 0.19644310251697078
2021-05-13 11:13:34,349 Epoch 52 	 Loss 0.19380280670228894
2021-05-13 11:13:59,083 Epoch 53 	 Loss 0.19681078080947584
2021-05-13 11:14:23,854 Epoch 54 	 Loss 0.18967522500635503
2021-05-13 11:14:48,460 Epoch 55 	 Loss 0.1927923144219996
2021-05-13 11:15:13,195 Epoch 56 	 Loss 0.18805902443089328
2021-05-13 11:15:37,876 Epoch 57 	 Loss 0.18892443065459913
2021-05-13 11:16:02,606 Epoch 58 	 Loss 0.1911527259009225
2021-05-13 11:16:27,433 Epoch 59 	 Loss 0.18643087263290697
2021-05-13 11:16:52,143 Epoch 60 	 Loss 0.18907589735565605
2021-05-13 11:17:16,831 Epoch 61 	 Loss 0.18241534308417812
2021-05-13 11:17:41,594 Epoch 62 	 Loss 0.19004070431321532
2021-05-13 11:18:06,312 Epoch 63 	 Loss 0.18407678538626368
2021-05-13 11:18:30,986 Epoch 64 	 Loss 0.18175290066462296
2021-05-13 11:18:55,733 Epoch 65 	 Loss 0.17907461196511656
2021-05-13 11:19:20,454 Epoch 66 	 Loss 0.17723865807056427
2021-05-13 11:19:45,143 Epoch 67 	 Loss 0.17309318581125238
2021-05-13 11:20:09,980 Epoch 68 	 Loss 0.17685932625126052
2021-05-13 11:20:34,772 Epoch 69 	 Loss 0.17608775378583552
2021-05-13 11:21:00,004 Epoch 70 	 Loss 0.17532540415669537
2021-05-13 11:21:25,237 Epoch 71 	 Loss 0.17841880727600265
2021-05-13 11:21:50,147 Epoch 72 	 Loss 0.17365981327308402
2021-05-13 11:22:15,110 Epoch 73 	 Loss 0.1715655906514807
2021-05-13 11:22:40,801 Epoch 74 	 Loss 0.17536992849884453
2021-05-13 11:23:05,700 Epoch 75 	 Loss 0.17568282881280878
2021-05-13 11:23:30,707 Epoch 76 	 Loss 0.17446171066590718
2021-05-13 11:23:56,025 Epoch 77 	 Loss 0.1722418636411101
2021-05-13 11:24:21,869 Epoch 78 	 Loss 0.17061747283070952
2021-05-13 11:24:47,203 Epoch 79 	 Loss 0.1693656460924463
2021-05-13 11:25:12,306 Epoch 80 	 Loss 0.17106003838253545
2021-05-13 11:25:37,651 Epoch 81 	 Loss 0.16849272739101243
2021-05-13 11:26:02,907 Epoch 82 	 Loss 0.1688485292124224
2021-05-13 11:26:28,949 Epoch 83 	 Loss 0.16914670087478972
2021-05-13 11:26:54,698 Epoch 84 	 Loss 0.16677074101600017
2021-05-13 11:27:19,808 Epoch 85 	 Loss 0.16754179652575607
2021-05-13 11:27:45,767 Epoch 86 	 Loss 0.16834531658953364
2021-05-13 11:28:11,843 Epoch 87 	 Loss 0.16539978014898823
2021-05-13 11:28:38,085 Epoch 88 	 Loss 0.16784268617630005
2021-05-13 11:29:04,290 Epoch 89 	 Loss 0.16836342559410974
2021-05-13 11:29:30,581 Epoch 90 	 Loss 0.1687698285658281
2021-05-13 11:29:56,681 Epoch 91 	 Loss 0.16709595574782446
2021-05-13 11:30:22,991 Epoch 92 	 Loss 0.1682098674086424
2021-05-13 11:30:49,076 Epoch 93 	 Loss 0.16666870768908615
2021-05-13 11:31:15,138 Epoch 94 	 Loss 0.1668735867018228
2021-05-13 11:31:41,280 Epoch 95 	 Loss 0.16925260391864147
2021-05-13 11:32:07,480 Epoch 96 	 Loss 0.16670626008903588
2021-05-13 11:32:33,615 Epoch 97 	 Loss 0.16782591991372162
2021-05-13 11:32:59,917 Epoch 98 	 Loss 0.1681452106971007
2021-05-13 11:33:26,232 Epoch 99 	 Loss 0.1650216581074746
2021-05-13 11:33:45,827 RESULT FOR DATASET CVC-300

2021-05-13 11:33:45,827 ==============================
2021-05-13 11:33:45,827 

2021-05-13 11:33:45,828 recall: 0.9627334684133529

2021-05-13 11:33:45,828 specificity: 0.9855964491764705

2021-05-13 11:33:45,828 precision: 0.7637330641349157

2021-05-13 11:33:45,828 F1: 0.8255755797028541

2021-05-13 11:33:45,828 F2: 0.8820683439572652

2021-05-13 11:33:45,828 ACC_overall: 0.9848009278376897

2021-05-13 11:33:45,828 IoU_poly: 0.743419311568141

2021-05-13 11:33:45,828 IoU_bg: 0.9843094259500503

2021-05-13 11:33:45,828 IoU_mean: 0.8638643672068914

2021-05-13 11:33:45,828 ==============================
2021-05-13 11:33:45,828 

2021-05-13 11:34:03,140 RESULT FOR DATASET CVC-ClinicDB

2021-05-13 11:34:03,141 ==============================
2021-05-13 11:34:03,141 

2021-05-13 11:34:03,141 recall: 0.9401760399341583

2021-05-13 11:34:03,141 specificity: 0.9939031773997892

2021-05-13 11:34:03,141 precision: 0.897452749852692

2021-05-13 11:34:03,141 F1: 0.9083572724653829

2021-05-13 11:34:03,141 F2: 0.9214189599358267

2021-05-13 11:34:03,141 ACC_overall: 0.989091113690407

2021-05-13 11:34:03,141 IoU_poly: 0.8562766434925217

2021-05-13 11:34:03,141 IoU_bg: 0.9872427755786527

2021-05-13 11:34:03,141 IoU_mean: 0.9217597082737954

2021-05-13 11:34:03,141 ==============================
2021-05-13 11:34:03,141 

2021-05-13 11:34:35,863 RESULT FOR DATASET Kvasir

2021-05-13 11:34:35,863 ==============================
2021-05-13 11:34:35,863 

2021-05-13 11:34:35,863 recall: 0.9156105771660805

2021-05-13 11:34:35,863 specificity: 0.9902910023927689

2021-05-13 11:34:35,863 precision: 0.9328163367509842

2021-05-13 11:34:35,863 F1: 0.9143043449521064

2021-05-13 11:34:35,863 F2: 0.9121186134219169

2021-05-13 11:34:35,863 ACC_overall: 0.9756909823417663

2021-05-13 11:34:35,863 IoU_poly: 0.8624423716962337

2021-05-13 11:34:35,863 IoU_bg: 0.9681938618421555

2021-05-13 11:34:35,863 IoU_mean: 0.9153181117773056

2021-05-13 11:34:35,863 ==============================
2021-05-13 11:34:35,863 

2021-05-13 11:36:34,181 RESULT FOR DATASET CVC-ColonDB

2021-05-13 11:36:34,182 ==============================
2021-05-13 11:36:34,182 

2021-05-13 11:36:34,182 recall: 0.821911905231644

2021-05-13 11:36:34,182 specificity: 0.9867283803851981

2021-05-13 11:36:34,182 precision: 0.7889817386727948

2021-05-13 11:36:34,182 F1: 0.7650658833560124

2021-05-13 11:36:34,182 F2: 0.783079376115163

2021-05-13 11:36:34,182 ACC_overall: 0.9619871577149943

2021-05-13 11:36:34,182 IoU_poly: 0.6860996443813101

2021-05-13 11:36:34,182 IoU_bg: 0.9592839681004223

2021-05-13 11:36:34,182 IoU_mean: 0.8226918058960061

2021-05-13 11:36:34,182 ==============================
2021-05-13 11:36:34,182 

2021-05-13 11:37:59,283 RESULT FOR DATASET ETIS-LaribPolypDB

2021-05-13 11:37:59,283 ==============================
2021-05-13 11:37:59,283 

2021-05-13 11:37:59,283 recall: 0.878311185643446

2021-05-13 11:37:59,283 specificity: 0.9809218188937829

2021-05-13 11:37:59,283 precision: 0.6707218797337006

2021-05-13 11:37:59,283 F1: 0.7334027835412487

2021-05-13 11:37:59,283 F2: 0.7975757193380559

2021-05-13 11:37:59,283 ACC_overall: 0.9799181271572502

2021-05-13 11:37:59,283 IoU_poly: 0.641673347682223

2021-05-13 11:37:59,284 IoU_bg: 0.9788592187117557

2021-05-13 11:37:59,284 IoU_mean: 0.8102662814210873

2021-05-13 11:37:59,284 ==============================
2021-05-13 11:37:59,284 

