2021-05-13 11:38:30,617 Epoch 0 	 Loss 0.7766994856871091
2021-05-13 11:38:56,669 Epoch 1 	 Loss 0.513955566581789
2021-05-13 11:39:23,013 Epoch 2 	 Loss 0.4418894830313358
2021-05-13 11:39:49,455 Epoch 3 	 Loss 0.40141248113506445
2021-05-13 11:40:15,776 Epoch 4 	 Loss 0.37943623894518547
2021-05-13 11:40:42,196 Epoch 5 	 Loss 0.3688475643540477
2021-05-13 11:41:08,466 Epoch 6 	 Loss 0.34755535096257595
2021-05-13 11:41:34,842 Epoch 7 	 Loss 0.33391199580260683
2021-05-13 11:42:01,338 Epoch 8 	 Loss 0.3252947418899326
2021-05-13 11:42:27,927 Epoch 9 	 Loss 0.3332389152639515
2021-05-13 11:42:54,449 Epoch 10 	 Loss 0.30265084318407287
2021-05-13 11:43:21,144 Epoch 11 	 Loss 0.3045887480397801
2021-05-13 11:43:47,543 Epoch 12 	 Loss 0.30025735792222913
2021-05-13 11:44:13,995 Epoch 13 	 Loss 0.28589061754090445
2021-05-13 11:44:40,439 Epoch 14 	 Loss 0.2875626612823088
2021-05-13 11:45:06,923 Epoch 15 	 Loss 0.2759809646305147
2021-05-13 11:45:33,481 Epoch 16 	 Loss 0.2828293986372895
2021-05-13 11:45:59,888 Epoch 17 	 Loss 0.2781388125904314
2021-05-13 11:46:26,267 Epoch 18 	 Loss 0.272262936601272
2021-05-13 11:46:52,751 Epoch 19 	 Loss 0.2775793520958869
2021-05-13 11:47:19,240 Epoch 20 	 Loss 0.25951241153282123
2021-05-13 11:47:45,708 Epoch 21 	 Loss 0.26086666197567193
2021-05-13 11:48:12,272 Epoch 22 	 Loss 0.2628428972029424
2021-05-13 11:48:38,756 Epoch 23 	 Loss 0.2518079637826144
2021-05-13 11:49:05,253 Epoch 24 	 Loss 0.26095064311892124
2021-05-13 11:49:31,775 Epoch 25 	 Loss 0.2471444988316232
2021-05-13 11:49:58,366 Epoch 26 	 Loss 0.24369329443344703
2021-05-13 11:50:24,765 Epoch 27 	 Loss 0.2439444438441769
2021-05-13 11:50:51,211 Epoch 28 	 Loss 0.24414607669625962
2021-05-13 11:51:17,625 Epoch 29 	 Loss 0.24450653676803297
2021-05-13 11:51:44,104 Epoch 30 	 Loss 0.23983048688579392
2021-05-13 11:52:10,850 Epoch 31 	 Loss 0.23814771692831438
2021-05-13 11:52:37,294 Epoch 32 	 Loss 0.2254484888616499
2021-05-13 11:53:03,646 Epoch 33 	 Loss 0.2278359273632804
2021-05-13 11:53:30,176 Epoch 34 	 Loss 0.22721344461807838
2021-05-13 11:53:56,749 Epoch 35 	 Loss 0.2277498363138555
2021-05-13 11:54:23,239 Epoch 36 	 Loss 0.2276224048583062
2021-05-13 11:54:49,738 Epoch 37 	 Loss 0.2203432206924145
2021-05-13 11:55:16,227 Epoch 38 	 Loss 0.21918410734160915
2021-05-13 11:55:42,631 Epoch 39 	 Loss 0.2215787173954995
2021-05-13 11:56:09,048 Epoch 40 	 Loss 0.2185884021468215
2021-05-13 11:56:35,562 Epoch 41 	 Loss 0.21292407892562532
2021-05-13 11:57:02,068 Epoch 42 	 Loss 0.20986545020407374
2021-05-13 11:57:28,552 Epoch 43 	 Loss 0.2070410675727404
2021-05-13 11:57:55,061 Epoch 44 	 Loss 0.20579770895150992
2021-05-13 11:58:21,529 Epoch 45 	 Loss 0.21189897777615013
2021-05-13 11:58:48,104 Epoch 46 	 Loss 0.20652629893559676
2021-05-13 11:59:14,615 Epoch 47 	 Loss 0.2048966205054587
2021-05-13 11:59:41,159 Epoch 48 	 Loss 0.20014329434751155
2021-05-13 12:00:07,724 Epoch 49 	 Loss 0.20240835730846113
2021-05-13 12:00:34,213 Epoch 50 	 Loss 0.20276400184893345
2021-05-13 12:01:00,765 Epoch 51 	 Loss 0.19985931325744796
2021-05-13 12:01:27,128 Epoch 52 	 Loss 0.1993063884777027
2021-05-13 12:01:53,639 Epoch 53 	 Loss 0.1916091196484618
2021-05-13 12:02:20,084 Epoch 54 	 Loss 0.19349594217735333
2021-05-13 12:02:46,439 Epoch 55 	 Loss 0.19269118040472596
2021-05-13 12:03:12,883 Epoch 56 	 Loss 0.19372366319645892
2021-05-13 12:03:39,212 Epoch 57 	 Loss 0.18779004422517923
2021-05-13 12:04:05,510 Epoch 58 	 Loss 0.1844344478059601
2021-05-13 12:04:31,856 Epoch 59 	 Loss 0.18444291788798112
2021-05-13 12:04:58,276 Epoch 60 	 Loss 0.18373701991615715
2021-05-13 12:05:24,745 Epoch 61 	 Loss 0.18814615463162518
2021-05-13 12:05:51,172 Epoch 62 	 Loss 0.18556906364776277
2021-05-13 12:06:17,603 Epoch 63 	 Loss 0.184356825201066
2021-05-13 12:06:44,271 Epoch 64 	 Loss 0.18384415353392505
2021-05-13 12:07:10,898 Epoch 65 	 Loss 0.18551284680654714
2021-05-13 12:07:37,443 Epoch 66 	 Loss 0.18046664815027635
2021-05-13 12:08:04,023 Epoch 67 	 Loss 0.17876393356166043
2021-05-13 12:08:30,521 Epoch 68 	 Loss 0.17787749426705496
2021-05-13 12:08:56,905 Epoch 69 	 Loss 0.18191220111899323
2021-05-13 12:09:23,574 Epoch 70 	 Loss 0.17713794914575723
2021-05-13 12:09:50,307 Epoch 71 	 Loss 0.17834693111561156
2021-05-13 12:10:16,935 Epoch 72 	 Loss 0.1764068276017577
2021-05-13 12:10:43,244 Epoch 73 	 Loss 0.17190121032379485
2021-05-13 12:11:09,060 Epoch 74 	 Loss 0.17534801740567763
2021-05-13 12:11:35,087 Epoch 75 	 Loss 0.17615172054086412
2021-05-13 12:12:00,655 Epoch 76 	 Loss 0.17130534506433612
2021-05-13 12:12:26,176 Epoch 77 	 Loss 0.17226676855768477
2021-05-13 12:12:52,118 Epoch 78 	 Loss 0.17322796141053295
2021-05-13 12:13:18,152 Epoch 79 	 Loss 0.1702341091829342
2021-05-13 12:13:44,207 Epoch 80 	 Loss 0.17251817759249236
2021-05-13 12:14:09,942 Epoch 81 	 Loss 0.1690143862595925
2021-05-13 12:14:35,855 Epoch 82 	 Loss 0.17057149914594796
2021-05-13 12:15:01,763 Epoch 83 	 Loss 0.1693938243520129
2021-05-13 12:15:27,159 Epoch 84 	 Loss 0.17081896485863152
2021-05-13 12:15:52,618 Epoch 85 	 Loss 0.17122974205803085
2021-05-13 12:16:18,093 Epoch 86 	 Loss 0.1732210995076777
2021-05-13 12:16:44,254 Epoch 87 	 Loss 0.1695572018295854
2021-05-13 12:17:10,462 Epoch 88 	 Loss 0.16669347030775888
2021-05-13 12:17:35,900 Epoch 89 	 Loss 0.17133887636137532
2021-05-13 12:18:01,318 Epoch 90 	 Loss 0.17249291758615892
2021-05-13 12:18:27,584 Epoch 91 	 Loss 0.1675316699586072
2021-05-13 12:18:53,207 Epoch 92 	 Loss 0.167684983257409
2021-05-13 12:19:18,926 Epoch 93 	 Loss 0.16973474523523352
2021-05-13 12:19:45,127 Epoch 94 	 Loss 0.16893778774109516
2021-05-13 12:20:10,538 Epoch 95 	 Loss 0.17009137177860345
2021-05-13 12:20:35,979 Epoch 96 	 Loss 0.17029701893801216
2021-05-13 12:21:01,377 Epoch 97 	 Loss 0.17144306462544662
2021-05-13 12:21:27,047 Epoch 98 	 Loss 0.1702794429365095
2021-05-13 12:21:52,629 Epoch 99 	 Loss 0.17232686019205784
2021-05-13 12:22:11,773 RESULT FOR DATASET CVC-300

2021-05-13 12:22:11,773 ==============================
2021-05-13 12:22:11,773 

2021-05-13 12:22:11,774 recall: 0.9492218070650172

2021-05-13 12:22:11,774 specificity: 0.9901712715625763

2021-05-13 12:22:11,774 precision: 0.8202161911254128

2021-05-13 12:22:11,774 F1: 0.8465665539821202

2021-05-13 12:22:11,774 F2: 0.8854543051528405

2021-05-13 12:22:11,774 ACC_overall: 0.9886110911766688

2021-05-13 12:22:11,774 IoU_poly: 0.7808034779801043

2021-05-13 12:22:11,774 IoU_bg: 0.9883281270662944

2021-05-13 12:22:11,774 IoU_mean: 0.8845657989382744

2021-05-13 12:22:11,774 ==============================
2021-05-13 12:22:11,774 

2021-05-13 12:22:28,004 RESULT FOR DATASET CVC-ClinicDB

2021-05-13 12:22:28,004 ==============================
2021-05-13 12:22:28,004 

2021-05-13 12:22:28,004 recall: 0.9261366706679485

2021-05-13 12:22:28,004 specificity: 0.9944061435038044

2021-05-13 12:22:28,004 precision: 0.897569746980744

2021-05-13 12:22:28,004 F1: 0.8917177012809853

2021-05-13 12:22:28,004 F2: 0.9052660742853468

2021-05-13 12:22:28,004 ACC_overall: 0.9884508675144564

2021-05-13 12:22:28,004 IoU_poly: 0.843564337874282

2021-05-13 12:22:28,004 IoU_bg: 0.9866642567419237

2021-05-13 12:22:28,004 IoU_mean: 0.9151142970208199

2021-05-13 12:22:28,004 ==============================
2021-05-13 12:22:28,005 

2021-05-13 12:23:00,551 RESULT FOR DATASET Kvasir

2021-05-13 12:23:00,551 ==============================
2021-05-13 12:23:00,551 

2021-05-13 12:23:00,551 recall: 0.915167828053236

2021-05-13 12:23:00,551 specificity: 0.9893033975362777

2021-05-13 12:23:00,551 precision: 0.9332026052474975

2021-05-13 12:23:00,552 F1: 0.9131944617629051

2021-05-13 12:23:00,552 F2: 0.911155758202076

2021-05-13 12:23:00,552 ACC_overall: 0.9761045289039612

2021-05-13 12:23:00,552 IoU_poly: 0.8600187705457211

2021-05-13 12:23:00,552 IoU_bg: 0.9691116881370544

2021-05-13 12:23:00,552 IoU_mean: 0.9145652282238007

2021-05-13 12:23:00,552 ==============================
2021-05-13 12:23:00,552 

2021-05-13 12:24:54,924 RESULT FOR DATASET CVC-ColonDB

2021-05-13 12:24:54,924 ==============================
2021-05-13 12:24:54,924 

2021-05-13 12:24:54,925 recall: 0.8284376026758381

2021-05-13 12:24:54,925 specificity: 0.9876215882991489

2021-05-13 12:24:54,925 precision: 0.8096330563445678

2021-05-13 12:24:54,925 F1: 0.7697263428770671

2021-05-13 12:24:54,925 F2: 0.7861222286497028

2021-05-13 12:24:54,925 ACC_overall: 0.9616092685021852

2021-05-13 12:24:54,925 IoU_poly: 0.6921120801129244

2021-05-13 12:24:54,925 IoU_bg: 0.9593210569337794

2021-05-13 12:24:54,925 IoU_mean: 0.8257165656278008

2021-05-13 12:24:54,925 ==============================
2021-05-13 12:24:54,925 

2021-05-13 12:26:17,651 RESULT FOR DATASET ETIS-LaribPolypDB

2021-05-13 12:26:17,651 ==============================
2021-05-13 12:26:17,651 

2021-05-13 12:26:17,651 recall: 0.8472611614720336

2021-05-13 12:26:17,651 specificity: 0.9855557020221438

2021-05-13 12:26:17,651 precision: 0.7018970420169715

2021-05-13 12:26:17,651 F1: 0.7386429135550427

2021-05-13 12:26:17,651 F2: 0.788159473443603

2021-05-13 12:26:17,651 ACC_overall: 0.983070759748926

2021-05-13 12:26:17,651 IoU_poly: 0.6524435137775447

2021-05-13 12:26:17,651 IoU_bg: 0.9822600620741747

2021-05-13 12:26:17,652 IoU_mean: 0.8173517879782891

2021-05-13 12:26:17,652 ==============================
2021-05-13 12:26:17,652 

