2021-05-13 12:26:48,422 Epoch 0 	 Loss 0.8136246577723996
2021-05-13 12:27:14,362 Epoch 1 	 Loss 0.5319531589418978
2021-05-13 12:27:40,519 Epoch 2 	 Loss 0.446339005952353
2021-05-13 12:28:06,959 Epoch 3 	 Loss 0.4212924415593619
2021-05-13 12:28:33,552 Epoch 4 	 Loss 0.38901894858905245
2021-05-13 12:28:59,544 Epoch 5 	 Loss 0.36774319672322536
2021-05-13 12:29:25,083 Epoch 6 	 Loss 0.3524944801906963
2021-05-13 12:29:51,196 Epoch 7 	 Loss 0.3480999094771815
2021-05-13 12:30:17,502 Epoch 8 	 Loss 0.33017140823406177
2021-05-13 12:30:43,495 Epoch 9 	 Loss 0.3251645809019005
2021-05-13 12:31:09,549 Epoch 10 	 Loss 0.32187535654712507
2021-05-13 12:31:36,144 Epoch 11 	 Loss 0.3044473646761297
2021-05-13 12:32:02,492 Epoch 12 	 Loss 0.314072521505775
2021-05-13 12:32:28,561 Epoch 13 	 Loss 0.2931845761262454
2021-05-13 12:32:54,692 Epoch 14 	 Loss 0.29606238367793325
2021-05-13 12:33:21,132 Epoch 15 	 Loss 0.2838292046562656
2021-05-13 12:33:46,879 Epoch 16 	 Loss 0.270456212071272
2021-05-13 12:34:12,435 Epoch 17 	 Loss 0.28520776069426274
2021-05-13 12:34:38,059 Epoch 18 	 Loss 0.27226063789247157
2021-05-13 12:35:03,582 Epoch 19 	 Loss 0.2786836331034755
2021-05-13 12:35:29,172 Epoch 20 	 Loss 0.2673234197792116
2021-05-13 12:35:54,714 Epoch 21 	 Loss 0.2748607401991939
2021-05-13 12:36:20,226 Epoch 22 	 Loss 0.25835782895376397
2021-05-13 12:36:45,875 Epoch 23 	 Loss 0.25428558525803324
2021-05-13 12:37:11,413 Epoch 24 	 Loss 0.26110088677851706
2021-05-13 12:37:36,947 Epoch 25 	 Loss 0.2438813926099421
2021-05-13 12:38:02,677 Epoch 26 	 Loss 0.25689057547312516
2021-05-13 12:38:28,269 Epoch 27 	 Loss 0.26216379970639614
2021-05-13 12:38:53,759 Epoch 28 	 Loss 0.2436467646569996
2021-05-13 12:39:19,341 Epoch 29 	 Loss 0.23760747729421972
2021-05-13 12:39:44,898 Epoch 30 	 Loss 0.2339575713152414
2021-05-13 12:40:10,375 Epoch 31 	 Loss 0.24229108959763915
2021-05-13 12:40:35,913 Epoch 32 	 Loss 0.24017740065579887
2021-05-13 12:41:01,586 Epoch 33 	 Loss 0.23391923832369374
2021-05-13 12:41:27,164 Epoch 34 	 Loss 0.22611498898202245
2021-05-13 12:41:52,796 Epoch 35 	 Loss 0.23445020599679633
2021-05-13 12:42:18,537 Epoch 36 	 Loss 0.23698240682318972
2021-05-13 12:42:44,081 Epoch 37 	 Loss 0.22368037160281296
2021-05-13 12:43:09,693 Epoch 38 	 Loss 0.22536649972527892
2021-05-13 12:43:35,296 Epoch 39 	 Loss 0.2219876453771696
2021-05-13 12:44:00,883 Epoch 40 	 Loss 0.22489936895422882
2021-05-13 12:44:26,597 Epoch 41 	 Loss 0.2254580347747593
2021-05-13 12:44:52,183 Epoch 42 	 Loss 0.21447421462981256
2021-05-13 12:45:17,739 Epoch 43 	 Loss 0.21414215387878838
2021-05-13 12:45:43,305 Epoch 44 	 Loss 0.20528586765567025
2021-05-13 12:46:08,923 Epoch 45 	 Loss 0.2148797611941348
2021-05-13 12:46:34,462 Epoch 46 	 Loss 0.21181174195729768
2021-05-13 12:47:00,241 Epoch 47 	 Loss 0.20869173224155718
2021-05-13 12:47:25,885 Epoch 48 	 Loss 0.1987149626999111
2021-05-13 12:47:51,415 Epoch 49 	 Loss 0.20623515939319526
2021-05-13 12:48:16,956 Epoch 50 	 Loss 0.19864575024489517
2021-05-13 12:48:42,598 Epoch 51 	 Loss 0.20114296953101735
2021-05-13 12:49:08,250 Epoch 52 	 Loss 0.2002577177443347
2021-05-13 12:49:33,992 Epoch 53 	 Loss 0.20111543120263697
2021-05-13 12:49:59,595 Epoch 54 	 Loss 0.19684318952508026
2021-05-13 12:50:25,164 Epoch 55 	 Loss 0.1939737148337312
2021-05-13 12:50:50,781 Epoch 56 	 Loss 0.19124510409412804
2021-05-13 12:51:16,371 Epoch 57 	 Loss 0.19570408172004825
2021-05-13 12:51:41,998 Epoch 58 	 Loss 0.19484675143446242
2021-05-13 12:52:07,684 Epoch 59 	 Loss 0.19955949534426679
2021-05-13 12:52:33,216 Epoch 60 	 Loss 0.19511133841760867
2021-05-13 12:52:58,731 Epoch 61 	 Loss 0.1869004732304877
2021-05-13 12:53:24,391 Epoch 62 	 Loss 0.1893287764473276
2021-05-13 12:53:50,025 Epoch 63 	 Loss 0.19108413012473138
2021-05-13 12:54:15,570 Epoch 64 	 Loss 0.18379968142771458
2021-05-13 12:54:41,168 Epoch 65 	 Loss 0.18795199593999884
2021-05-13 12:55:06,707 Epoch 66 	 Loss 0.18296678708149836
2021-05-13 12:55:32,357 Epoch 67 	 Loss 0.18532292200968817
2021-05-13 12:55:57,958 Epoch 68 	 Loss 0.18236028329356685
2021-05-13 12:56:23,567 Epoch 69 	 Loss 0.1813751234785541
2021-05-13 12:56:49,154 Epoch 70 	 Loss 0.17723124908221946
2021-05-13 12:57:14,659 Epoch 71 	 Loss 0.17729985075337545
2021-05-13 12:57:40,117 Epoch 72 	 Loss 0.17961362446402454
2021-05-13 12:58:05,713 Epoch 73 	 Loss 0.17911768974838677
2021-05-13 12:58:31,347 Epoch 74 	 Loss 0.17786614154721356
2021-05-13 12:58:56,885 Epoch 75 	 Loss 0.1817407706281641
2021-05-13 12:59:22,621 Epoch 76 	 Loss 0.17517124149170551
2021-05-13 12:59:48,205 Epoch 77 	 Loss 0.17491155977432543
2021-05-13 13:00:13,758 Epoch 78 	 Loss 0.17572087278732887
2021-05-13 13:00:39,287 Epoch 79 	 Loss 0.17661112088423508
2021-05-13 13:01:04,792 Epoch 80 	 Loss 0.17681502755526657
2021-05-13 13:01:30,479 Epoch 81 	 Loss 0.17393181251955556
2021-05-13 13:01:56,051 Epoch 82 	 Loss 0.17563658887213404
2021-05-13 13:02:21,630 Epoch 83 	 Loss 0.17518006297913227
2021-05-13 13:02:47,163 Epoch 84 	 Loss 0.17738586271202172
2021-05-13 13:03:12,770 Epoch 85 	 Loss 0.17284307456933534
2021-05-13 13:03:38,370 Epoch 86 	 Loss 0.17525165306997822
2021-05-13 13:04:03,983 Epoch 87 	 Loss 0.1740305264900019
2021-05-13 13:04:29,566 Epoch 88 	 Loss 0.17086938613063687
2021-05-13 13:04:55,267 Epoch 89 	 Loss 0.1702817473765258
2021-05-13 13:05:20,748 Epoch 90 	 Loss 0.17260188846797733
2021-05-13 13:05:46,405 Epoch 91 	 Loss 0.17249210358976008
2021-05-13 13:06:11,983 Epoch 92 	 Loss 0.17056900672205202
2021-05-13 13:06:37,543 Epoch 93 	 Loss 0.16885766288736365
2021-05-13 13:07:03,227 Epoch 94 	 Loss 0.17400624332847175
2021-05-13 13:07:29,014 Epoch 95 	 Loss 0.17256785110457912
2021-05-13 13:07:54,663 Epoch 96 	 Loss 0.17279300634022599
2021-05-13 13:08:20,281 Epoch 97 	 Loss 0.17270755669572851
2021-05-13 13:08:45,984 Epoch 98 	 Loss 0.1708300162802686
2021-05-13 13:09:11,614 Epoch 99 	 Loss 0.1724363773406207
2021-05-13 13:09:30,908 RESULT FOR DATASET CVC-300

2021-05-13 13:09:30,908 ==============================
2021-05-13 13:09:30,908 

2021-05-13 13:09:30,908 recall: 0.9647694210211436

2021-05-13 13:09:30,908 specificity: 0.9912481715281805

2021-05-13 13:09:30,908 precision: 0.8333302278071641

2021-05-13 13:09:30,908 F1: 0.8730038128793239

2021-05-13 13:09:30,908 F2: 0.9105548992753029

2021-05-13 13:09:30,908 ACC_overall: 0.9903216650088628

2021-05-13 13:09:30,908 IoU_poly: 0.8070933914432923

2021-05-13 13:09:30,908 IoU_bg: 0.9900099287430445

2021-05-13 13:09:30,908 IoU_mean: 0.8985516577959061

2021-05-13 13:09:30,908 ==============================
2021-05-13 13:09:30,908 

2021-05-13 13:09:47,780 RESULT FOR DATASET CVC-ClinicDB

2021-05-13 13:09:47,780 ==============================
2021-05-13 13:09:47,780 

2021-05-13 13:09:47,780 recall: 0.9307227605773557

2021-05-13 13:09:47,780 specificity: 0.9946602746363609

2021-05-13 13:09:47,780 precision: 0.890375612262306

2021-05-13 13:09:47,780 F1: 0.8989146382119807

2021-05-13 13:09:47,780 F2: 0.9115351742347552

2021-05-13 13:09:47,780 ACC_overall: 0.9871748868496187

2021-05-13 13:09:47,780 IoU_poly: 0.8470775632125761

2021-05-13 13:09:47,780 IoU_bg: 0.9855653384039479

2021-05-13 13:09:47,780 IoU_mean: 0.9163214540289294

2021-05-13 13:09:47,780 ==============================
2021-05-13 13:09:47,780 

2021-05-13 13:10:19,075 RESULT FOR DATASET Kvasir

2021-05-13 13:10:19,075 ==============================
2021-05-13 13:10:19,075 

2021-05-13 13:10:19,075 recall: 0.905880811214447

2021-05-13 13:10:19,075 specificity: 0.992068777680397

2021-05-13 13:10:19,075 precision: 0.9419609954953194

2021-05-13 13:10:19,075 F1: 0.9122540181875229

2021-05-13 13:10:19,076 F2: 0.9060834303498269

2021-05-13 13:10:19,076 ACC_overall: 0.9747101765871048

2021-05-13 13:10:19,076 IoU_poly: 0.8599327254295349

2021-05-13 13:10:19,076 IoU_bg: 0.9678366869688034

2021-05-13 13:10:19,076 IoU_mean: 0.9138847035169602

2021-05-13 13:10:19,076 ==============================
2021-05-13 13:10:19,076 

2021-05-13 13:12:14,098 RESULT FOR DATASET CVC-ColonDB

2021-05-13 13:12:14,098 ==============================
2021-05-13 13:12:14,098 

2021-05-13 13:12:14,098 recall: 0.8326933131714644

2021-05-13 13:12:14,098 specificity: 0.9878442260779833

2021-05-13 13:12:14,098 precision: 0.8185775101382732

2021-05-13 13:12:14,098 F1: 0.7832824334239711

2021-05-13 13:12:14,098 F2: 0.7983080282868598

2021-05-13 13:12:14,098 ACC_overall: 0.9632835029771454

2021-05-13 13:12:14,098 IoU_poly: 0.7039147790583612

2021-05-13 13:12:14,098 IoU_bg: 0.9607196039275119

2021-05-13 13:12:14,098 IoU_mean: 0.8323171901075463

2021-05-13 13:12:14,098 ==============================
2021-05-13 13:12:14,099 

2021-05-13 13:13:36,065 RESULT FOR DATASET ETIS-LaribPolypDB

2021-05-13 13:13:36,065 ==============================
2021-05-13 13:13:36,065 

2021-05-13 13:13:36,065 recall: 0.8849695289594894

2021-05-13 13:13:36,065 specificity: 0.985215426403649

2021-05-13 13:13:36,065 precision: 0.7227827290734128

2021-05-13 13:13:36,066 F1: 0.761500567911122

2021-05-13 13:13:36,066 F2: 0.8151812490670116

2021-05-13 13:13:36,066 ACC_overall: 0.9836813816610648

2021-05-13 13:13:36,066 IoU_poly: 0.6754732376575517

2021-05-13 13:13:36,066 IoU_bg: 0.9828544307728203

2021-05-13 13:13:36,066 IoU_mean: 0.8291638341485238

2021-05-13 13:13:36,066 ==============================
2021-05-13 13:13:36,066 

