2021-05-06 08:43:57,403 Epoch 0 	 Loss 0.7456444718025543
2021-05-06 08:47:32,599 Epoch 1 	 Loss 0.49506540514610625
2021-05-06 08:51:07,756 Epoch 2 	 Loss 0.45013443716279755
2021-05-06 08:54:43,302 Epoch 3 	 Loss 0.4097662533705051
2021-05-06 08:58:18,752 Epoch 4 	 Loss 0.38752775876731665
2021-05-06 09:01:54,202 Epoch 5 	 Loss 0.36386333798969184
2021-05-06 09:05:29,718 Epoch 6 	 Loss 0.3675161177640433
2021-05-06 09:09:05,435 Epoch 7 	 Loss 0.34263647339501224
2021-05-06 09:12:40,527 Epoch 8 	 Loss 0.3384598375676752
2021-05-06 09:16:15,387 Epoch 9 	 Loss 0.32813883007882716
2021-05-06 09:19:50,888 Epoch 10 	 Loss 0.3216883762852176
2021-05-06 09:23:25,927 Epoch 11 	 Loss 0.3248939155549793
2021-05-06 09:27:00,839 Epoch 12 	 Loss 0.30626392593750584
2021-05-06 09:30:35,925 Epoch 13 	 Loss 0.29602315645296495
2021-05-06 09:34:11,100 Epoch 14 	 Loss 0.292592486673659
2021-05-06 09:37:45,960 Epoch 15 	 Loss 0.2971410468056962
2021-05-06 09:41:20,736 Epoch 16 	 Loss 0.2833562252613214
2021-05-06 09:44:55,548 Epoch 17 	 Loss 0.27669324357431013
2021-05-06 09:48:30,371 Epoch 18 	 Loss 0.2766558929131581
2021-05-06 09:52:05,569 Epoch 19 	 Loss 0.27395879812948
2021-05-06 09:55:40,946 Epoch 20 	 Loss 0.2763463861339695
2021-05-06 09:59:16,122 Epoch 21 	 Loss 0.26665854110167575
2021-05-06 10:02:51,048 Epoch 22 	 Loss 0.2620957898242133
2021-05-06 10:06:25,938 Epoch 23 	 Loss 0.253490285886513
2021-05-06 10:10:00,939 Epoch 24 	 Loss 0.2569304760340806
2021-05-06 10:13:35,773 Epoch 25 	 Loss 0.24573241534468893
2021-05-06 10:17:10,869 Epoch 26 	 Loss 0.25335022021125964
2021-05-06 10:20:45,798 Epoch 27 	 Loss 0.24999565459214723
2021-05-06 10:24:20,596 Epoch 28 	 Loss 0.23824139135879474
2021-05-06 10:27:55,600 Epoch 29 	 Loss 0.24664343353156204
2021-05-06 10:31:30,445 Epoch 30 	 Loss 0.24606894497033005
2021-05-06 10:35:05,304 Epoch 31 	 Loss 0.23846516029520348
2021-05-06 10:38:40,551 Epoch 32 	 Loss 0.23635656034553443
2021-05-06 10:42:15,569 Epoch 33 	 Loss 0.2390262484550476
2021-05-06 10:45:50,379 Epoch 34 	 Loss 0.2328445207286667
2021-05-06 10:49:25,235 Epoch 35 	 Loss 0.23130724128786023
2021-05-06 10:53:00,322 Epoch 36 	 Loss 0.22076923342851493
2021-05-06 10:56:35,360 Epoch 37 	 Loss 0.22176973259711003
2021-05-06 11:00:10,285 Epoch 38 	 Loss 0.21892591017288165
2021-05-06 11:03:45,104 Epoch 39 	 Loss 0.21083888231397985
2021-05-06 11:07:20,022 Epoch 40 	 Loss 0.2184977808168956
2021-05-06 11:10:55,140 Epoch 41 	 Loss 0.21048164989922072
2021-05-06 11:14:30,005 Epoch 42 	 Loss 0.21158625398363387
2021-05-06 11:18:04,852 Epoch 43 	 Loss 0.21102223373376405
2021-05-06 11:21:39,886 Epoch 44 	 Loss 0.20084546899402533
2021-05-06 11:25:14,729 Epoch 45 	 Loss 0.2137861865889895
2021-05-06 11:28:50,143 Epoch 46 	 Loss 0.21138380828139547
2021-05-06 11:32:25,192 Epoch 47 	 Loss 0.20053019972292932
2021-05-06 11:36:00,324 Epoch 48 	 Loss 0.19603052113082384
2021-05-06 11:39:35,402 Epoch 49 	 Loss 0.1968497974531991
2021-05-06 11:43:10,328 Epoch 50 	 Loss 0.199897261766287
2021-05-06 11:46:45,256 Epoch 51 	 Loss 0.19785220593541533
2021-05-06 11:50:20,216 Epoch 52 	 Loss 0.18871607246634725
2021-05-06 11:53:55,403 Epoch 53 	 Loss 0.1914645512025435
2021-05-06 11:57:30,530 Epoch 54 	 Loss 0.19215290068270086
2021-05-06 12:01:05,681 Epoch 55 	 Loss 0.19101134548475454
2021-05-06 12:04:40,863 Epoch 56 	 Loss 0.19272705355843345
2021-05-06 12:08:15,851 Epoch 57 	 Loss 0.18488004361535168
2021-05-06 12:11:51,016 Epoch 58 	 Loss 0.1820593217572013
2021-05-06 12:15:26,118 Epoch 59 	 Loss 0.1824186648968812
2021-05-06 12:19:01,202 Epoch 60 	 Loss 0.1828931633096475
2021-05-06 12:22:36,300 Epoch 61 	 Loss 0.17756053330479088
2021-05-06 12:26:11,323 Epoch 62 	 Loss 0.1800078639944831
2021-05-06 12:29:46,400 Epoch 63 	 Loss 0.1746078310432015
2021-05-06 12:33:21,542 Epoch 64 	 Loss 0.1739372838656981
2021-05-06 12:36:56,756 Epoch 65 	 Loss 0.17505780320901138
2021-05-06 12:40:31,893 Epoch 66 	 Loss 0.17610834391562494
2021-05-06 12:44:07,074 Epoch 67 	 Loss 0.17236708743231638
2021-05-06 12:47:42,355 Epoch 68 	 Loss 0.17224406672048045
2021-05-06 12:51:17,650 Epoch 69 	 Loss 0.17152894255551662
2021-05-06 12:54:52,879 Epoch 70 	 Loss 0.16904539180980935
2021-05-06 12:58:28,075 Epoch 71 	 Loss 0.16745905545386638
2021-05-06 13:02:03,326 Epoch 72 	 Loss 0.16626005742576097
2021-05-06 13:05:38,548 Epoch 73 	 Loss 0.1659203256879534
2021-05-06 13:09:13,821 Epoch 74 	 Loss 0.16765509480303462
2021-05-06 13:12:48,981 Epoch 75 	 Loss 0.16378691505927306
2021-05-06 13:16:24,023 Epoch 76 	 Loss 0.16453402448486495
2021-05-06 13:19:59,293 Epoch 77 	 Loss 0.16232179539216743
2021-05-06 13:23:34,555 Epoch 78 	 Loss 0.16174242964812688
2021-05-06 13:27:09,944 Epoch 79 	 Loss 0.15958837616247135
2021-05-06 13:30:45,087 Epoch 80 	 Loss 0.15782469077097191
2021-05-06 13:34:20,182 Epoch 81 	 Loss 0.16086863145068453
2021-05-06 13:37:55,335 Epoch 82 	 Loss 0.15933787658974363
2021-05-06 13:41:30,481 Epoch 83 	 Loss 0.1617008388697446
2021-05-06 13:45:05,859 Epoch 84 	 Loss 0.1613412790082313
2021-05-06 13:48:41,209 Epoch 85 	 Loss 0.15832613031942766
2021-05-06 13:52:16,535 Epoch 86 	 Loss 0.15755075511041577
2021-05-06 13:55:51,786 Epoch 87 	 Loss 0.15825162189347403
2021-05-06 13:59:27,109 Epoch 88 	 Loss 0.156535125040746
2021-05-06 14:03:02,226 Epoch 89 	 Loss 0.15822119683354766
2021-05-06 14:06:37,399 Epoch 90 	 Loss 0.15602295780247386
2021-05-06 14:10:12,564 Epoch 91 	 Loss 0.1570485384090916
2021-05-06 14:13:47,772 Epoch 92 	 Loss 0.15807532789287987
2021-05-06 14:17:23,025 Epoch 93 	 Loss 0.1594326410974775
2021-05-06 14:20:58,163 Epoch 94 	 Loss 0.1583333751493758
2021-05-06 14:24:33,435 Epoch 95 	 Loss 0.15520511714966742
2021-05-06 14:28:08,652 Epoch 96 	 Loss 0.15594589169863815
2021-05-06 14:31:43,824 Epoch 97 	 Loss 0.15263943464218915
2021-05-06 14:35:19,123 Epoch 98 	 Loss 0.1558752424278102
2021-05-06 14:38:54,521 Epoch 99 	 Loss 0.15595905368144697
2021-05-06 14:39:22,262 RESULT FOR DATASET CVC-300

2021-05-06 14:39:22,262 ==============================
2021-05-06 14:39:22,262 

2021-05-06 14:39:22,262 recall: 0.9549785037835439

2021-05-06 14:39:22,262 specificity: 0.9941011826197307

2021-05-06 14:39:22,262 precision: 0.8419833267728488

2021-05-06 14:39:22,262 F1: 0.8802664270003636

2021-05-06 14:39:22,262 F2: 0.9152250369389852

2021-05-06 14:39:22,262 ACC_overall: 0.9928429742654165

2021-05-06 14:39:22,262 IoU_poly: 0.8087388545274734

2021-05-06 14:39:22,262 IoU_bg: 0.9925973335901896

2021-05-06 14:39:22,262 IoU_mean: 0.9006680915753047

2021-05-06 14:39:22,262 ==============================
2021-05-06 14:39:22,262 

2021-05-06 14:39:39,706 RESULT FOR DATASET CVC-ClinicDB

2021-05-06 14:39:39,706 ==============================
2021-05-06 14:39:39,706 

2021-05-06 14:39:39,706 recall: 0.9342951894767823

2021-05-06 14:39:39,706 specificity: 0.9955384077564362

2021-05-06 14:39:39,706 precision: 0.9114038671175348

2021-05-06 14:39:39,706 F1: 0.918954043564642

2021-05-06 14:39:39,706 F2: 0.9267277275155779

2021-05-06 14:39:39,706 ACC_overall: 0.9923948876319393

2021-05-06 14:39:39,706 IoU_poly: 0.8697789545798104

2021-05-06 14:39:39,706 IoU_bg: 0.9909382174091954

2021-05-06 14:39:39,706 IoU_mean: 0.9303585877341609

2021-05-06 14:39:39,706 ==============================
2021-05-06 14:39:39,706 

2021-05-06 14:40:12,809 RESULT FOR DATASET Kvasir

2021-05-06 14:40:12,810 ==============================
2021-05-06 14:40:12,810 

2021-05-06 14:40:12,810 recall: 0.8979997925460339

2021-05-06 14:40:12,810 specificity: 0.9919774842262268

2021-05-06 14:40:12,810 precision: 0.9449361967295409

2021-05-06 14:40:12,810 F1: 0.9114423523470759

2021-05-06 14:40:12,810 F2: 0.9020275786146521

2021-05-06 14:40:12,810 ACC_overall: 0.9756030726432801

2021-05-06 14:40:12,810 IoU_poly: 0.8594673632644116

2021-05-06 14:40:12,810 IoU_bg: 0.968358057141304

2021-05-06 14:40:12,810 IoU_mean: 0.9139127096533776

2021-05-06 14:40:12,810 ==============================
2021-05-06 14:40:12,810 

2021-05-06 14:42:19,696 RESULT FOR DATASET CVC-ColonDB

2021-05-06 14:42:19,696 ==============================
2021-05-06 14:42:19,696 

2021-05-06 14:42:19,696 recall: 0.7522964862046485

2021-05-06 14:42:19,696 specificity: 0.9928174454914896

2021-05-06 14:42:19,696 precision: 0.878937216111923

2021-05-06 14:42:19,696 F1: 0.7276404250243965

2021-05-06 14:42:19,696 F2: 0.733636872863964

2021-05-06 14:42:19,696 ACC_overall: 0.9617050408532745

2021-05-06 14:42:19,696 IoU_poly: 0.6609288271142196

2021-05-06 14:42:19,696 IoU_bg: 0.9602803583207883

2021-05-06 14:42:19,696 IoU_mean: 0.8106045947655252

2021-05-06 14:42:19,696 ==============================
2021-05-06 14:42:19,696 

2021-05-06 14:43:47,387 RESULT FOR DATASET ETIS-LaribPolypDB

2021-05-06 14:43:47,387 ==============================
2021-05-06 14:43:47,387 

2021-05-06 14:43:47,387 recall: 0.793807747062063

2021-05-06 14:43:47,387 specificity: 0.9910287668510359

2021-05-06 14:43:47,387 precision: 0.8434431785070288

2021-05-06 14:43:47,387 F1: 0.7404974456706868

2021-05-06 14:43:47,387 F2: 0.7639481317338388

2021-05-06 14:43:47,387 ACC_overall: 0.9867918996178374

2021-05-06 14:43:47,387 IoU_poly: 0.6763457270355818

2021-05-06 14:43:47,387 IoU_bg: 0.9861410941396441

2021-05-06 14:43:47,388 IoU_mean: 0.8312434111626781

2021-05-06 14:43:47,388 ==============================
2021-05-06 14:43:47,388 

