2021-05-13 19:46:44,923 RESULT FOR DATASET CVC-300

2021-05-13 19:46:44,923 ==============================
2021-05-13 19:46:44,923 

2021-05-13 19:46:44,923 recall: 0.9593522161245346

2021-05-13 19:46:44,923 specificity: 0.9921198576688767

2021-05-13 19:46:44,923 precision: 0.8216104246675968

2021-05-13 19:46:44,923 F1: 0.8640031193693479

2021-05-13 19:46:44,923 F2: 0.9039381648103396

2021-05-13 19:46:44,923 ACC_overall: 0.9909075488646825

2021-05-13 19:46:44,923 IoU_poly: 0.7926403112709522

2021-05-13 19:46:44,923 IoU_bg: 0.990638816356659

2021-05-13 19:46:44,923 IoU_mean: 0.8916395684083303

2021-05-13 19:46:44,923 ==============================
2021-05-13 19:46:44,923 

2021-05-13 19:47:00,181 RESULT FOR DATASET CVC-ClinicDB

2021-05-13 19:47:00,182 ==============================
2021-05-13 19:47:00,182 

2021-05-13 19:47:00,182 recall: 0.9432914450261441

2021-05-13 19:47:00,182 specificity: 0.9945386388609486

2021-05-13 19:47:00,182 precision: 0.899780317795493

2021-05-13 19:47:00,182 F1: 0.9092835552592371

2021-05-13 19:47:00,182 F2: 0.920716897201454

2021-05-13 19:47:00,182 ACC_overall: 0.991586777471727

2021-05-13 19:47:00,182 IoU_poly: 0.8638466453609702

2021-05-13 19:47:00,182 IoU_bg: 0.9899736469791781

2021-05-13 19:47:00,182 IoU_mean: 0.9269101475515673

2021-05-13 19:47:00,182 ==============================
2021-05-13 19:47:00,182 

2021-05-13 19:47:29,580 RESULT FOR DATASET Kvasir

2021-05-13 19:47:29,580 ==============================
2021-05-13 19:47:29,580 

2021-05-13 19:47:29,580 recall: 0.9058071918785572

2021-05-13 19:47:29,580 specificity: 0.9916216200590133

2021-05-13 19:47:29,580 precision: 0.9444186148047448

2021-05-13 19:47:29,580 F1: 0.9116795834898949

2021-05-13 19:47:29,580 F2: 0.9058199045062065

2021-05-13 19:47:29,580 ACC_overall: 0.9729463630914688

2021-05-13 19:47:29,580 IoU_poly: 0.8582394528388977

2021-05-13 19:47:29,580 IoU_bg: 0.9658465164899827

2021-05-13 19:47:29,580 IoU_mean: 0.9120429861545563

2021-05-13 19:47:29,580 ==============================
2021-05-13 19:47:29,580 

2021-05-13 19:49:21,541 RESULT FOR DATASET CVC-ColonDB

2021-05-13 19:49:21,541 ==============================
2021-05-13 19:49:21,542 

2021-05-13 19:49:21,542 recall: 0.8082911171136593

2021-05-13 19:49:21,542 specificity: 0.9860728186996359

2021-05-13 19:49:21,542 precision: 0.804567075105536

2021-05-13 19:49:21,542 F1: 0.7605666664029023

2021-05-13 19:49:21,542 F2: 0.7738192113028018

2021-05-13 19:49:21,542 ACC_overall: 0.9605034034503134

2021-05-13 19:49:21,542 IoU_poly: 0.6784755848557372

2021-05-13 19:49:21,542 IoU_bg: 0.9572173771105315

2021-05-13 19:49:21,542 IoU_mean: 0.8178464814236289

2021-05-13 19:49:21,542 ==============================
2021-05-13 19:49:21,542 

2021-05-13 19:50:42,391 RESULT FOR DATASET ETIS-LaribPolypDB

2021-05-13 19:50:42,391 ==============================
2021-05-13 19:50:42,391 

2021-05-13 19:50:42,391 recall: 0.8643109327764362

2021-05-13 19:50:42,391 specificity: 0.9861129735197339

2021-05-13 19:50:42,391 precision: 0.7189599319046897

2021-05-13 19:50:42,391 F1: 0.7614264766671159

2021-05-13 19:50:42,391 F2: 0.8108540273741135

2021-05-13 19:50:42,391 ACC_overall: 0.9843610582911239

2021-05-13 19:50:42,391 IoU_poly: 0.6794456183920236

2021-05-13 19:50:42,391 IoU_bg: 0.9833913962451779

2021-05-13 19:50:42,391 IoU_mean: 0.8314185054326544

2021-05-13 19:50:42,391 ==============================
2021-05-13 19:50:42,391 

