2021-05-13 19:55:31,093 RESULT FOR DATASET CVC-300

2021-05-13 19:55:31,093 ==============================
2021-05-13 19:55:31,094 

2021-05-13 19:55:31,094 recall: 0.954543623328209

2021-05-13 19:55:31,094 specificity: 0.9914045562346776

2021-05-13 19:55:31,094 precision: 0.8296904366463422

2021-05-13 19:55:31,094 F1: 0.864205414056778

2021-05-13 19:55:31,094 F2: 0.8981716131170591

2021-05-13 19:55:31,094 ACC_overall: 0.9900169561306635

2021-05-13 19:55:31,094 IoU_poly: 0.7981094003965458

2021-05-13 19:55:31,094 IoU_bg: 0.9897460311651229

2021-05-13 19:55:31,094 IoU_mean: 0.8939277191956838

2021-05-13 19:55:31,094 ==============================
2021-05-13 19:55:31,094 

2021-05-13 19:55:46,512 RESULT FOR DATASET CVC-ClinicDB

2021-05-13 19:55:46,512 ==============================
2021-05-13 19:55:46,512 

2021-05-13 19:55:46,512 recall: 0.9520651534680398

2021-05-13 19:55:46,512 specificity: 0.9941972888285114

2021-05-13 19:55:46,512 precision: 0.9165693264935286

2021-05-13 19:55:46,512 F1: 0.9254976672030264

2021-05-13 19:55:46,512 F2: 0.935140214620098

2021-05-13 19:55:46,512 ACC_overall: 0.9912476914544259

2021-05-13 19:55:46,513 IoU_poly: 0.8793788006709468

2021-05-13 19:55:46,513 IoU_bg: 0.9897099473784047

2021-05-13 19:55:46,513 IoU_mean: 0.9345443724624573

2021-05-13 19:55:46,513 ==============================
2021-05-13 19:55:46,513 

2021-05-13 19:56:16,009 RESULT FOR DATASET Kvasir

2021-05-13 19:56:16,009 ==============================
2021-05-13 19:56:16,010 

2021-05-13 19:56:16,010 recall: 0.8980422687530517

2021-05-13 19:56:16,010 specificity: 0.9913270944356918

2021-05-13 19:56:16,010 precision: 0.9367715799808503

2021-05-13 19:56:16,010 F1: 0.9013858960568905

2021-05-13 19:56:16,010 F2: 0.8961775869131088

2021-05-13 19:56:16,010 ACC_overall: 0.9711948299407959

2021-05-13 19:56:16,010 IoU_poly: 0.8502192071080208

2021-05-13 19:56:16,010 IoU_bg: 0.9646724459528923

2021-05-13 19:56:16,010 IoU_mean: 0.9074458253383636

2021-05-13 19:56:16,010 ==============================
2021-05-13 19:56:16,010 

2021-05-13 19:58:08,119 RESULT FOR DATASET CVC-ColonDB

2021-05-13 19:58:08,119 ==============================
2021-05-13 19:58:08,119 

2021-05-13 19:58:08,119 recall: 0.8259940495111981

2021-05-13 19:58:08,119 specificity: 0.9863598142799578

2021-05-13 19:58:08,119 precision: 0.8202520395962174

2021-05-13 19:58:08,119 F1: 0.7740414759904094

2021-05-13 19:58:08,119 F2: 0.7884724664219543

2021-05-13 19:58:08,119 ACC_overall: 0.9637919000889126

2021-05-13 19:58:08,119 IoU_poly: 0.694328351737041

2021-05-13 19:58:08,120 IoU_bg: 0.9603883280565865

2021-05-13 19:58:08,120 IoU_mean: 0.8273583397269249

2021-05-13 19:58:08,120 ==============================
2021-05-13 19:58:08,120 

2021-05-13 19:59:29,057 RESULT FOR DATASET ETIS-LaribPolypDB

2021-05-13 19:59:29,057 ==============================
2021-05-13 19:59:29,057 

2021-05-13 19:59:29,057 recall: 0.8517965343498687

2021-05-13 19:59:29,057 specificity: 0.9891258973856362

2021-05-13 19:59:29,057 precision: 0.7641328247983921

2021-05-13 19:59:29,057 F1: 0.7736935827241704

2021-05-13 19:59:29,057 F2: 0.8096145786221685

2021-05-13 19:59:29,057 ACC_overall: 0.9863469193176347

2021-05-13 19:59:29,057 IoU_poly: 0.6899700267700511

2021-05-13 19:59:29,057 IoU_bg: 0.9856389964721641

2021-05-13 19:59:29,057 IoU_mean: 0.8378045125579348

2021-05-13 19:59:29,058 ==============================
2021-05-13 19:59:29,058 

