2021-05-13 19:51:08,464 RESULT FOR DATASET CVC-300

2021-05-13 19:51:08,464 ==============================
2021-05-13 19:51:08,464 

2021-05-13 19:51:08,464 recall: 0.9412373830874761

2021-05-13 19:51:08,464 specificity: 0.9904015680154165

2021-05-13 19:51:08,464 precision: 0.8246897208193938

2021-05-13 19:51:08,464 F1: 0.852023784071207

2021-05-13 19:51:08,464 F2: 0.8828529973824819

2021-05-13 19:51:08,464 ACC_overall: 0.9884523838758469

2021-05-13 19:51:08,464 IoU_poly: 0.7830926667898893

2021-05-13 19:51:08,464 IoU_bg: 0.9881698260704677

2021-05-13 19:51:08,464 IoU_mean: 0.885631247361501

2021-05-13 19:51:08,464 ==============================
2021-05-13 19:51:08,465 

2021-05-13 19:51:23,838 RESULT FOR DATASET CVC-ClinicDB

2021-05-13 19:51:23,838 ==============================
2021-05-13 19:51:23,838 

2021-05-13 19:51:23,838 recall: 0.9408471341575345

2021-05-13 19:51:23,838 specificity: 0.9941443108743236

2021-05-13 19:51:23,838 precision: 0.9220564523711801

2021-05-13 19:51:23,838 F1: 0.9288752764283169

2021-05-13 19:51:23,838 F2: 0.9345911744260981

2021-05-13 19:51:23,838 ACC_overall: 0.9915002911321579

2021-05-13 19:51:23,838 IoU_poly: 0.8828346674000064

2021-05-13 19:51:23,839 IoU_bg: 0.9900617512964434

2021-05-13 19:51:23,839 IoU_mean: 0.9364482053825932

2021-05-13 19:51:23,839 ==============================
2021-05-13 19:51:23,839 

2021-05-13 19:51:53,319 RESULT FOR DATASET Kvasir

2021-05-13 19:51:53,319 ==============================
2021-05-13 19:51:53,319 

2021-05-13 19:51:53,319 recall: 0.9027523095436482

2021-05-13 19:51:53,319 specificity: 0.9901427209377289

2021-05-13 19:51:53,319 precision: 0.938555720640361

2021-05-13 19:51:53,319 F1: 0.9115482008984327

2021-05-13 19:51:53,319 F2: 0.9048082642285226

2021-05-13 19:51:53,319 ACC_overall: 0.9734328222274781

2021-05-13 19:51:53,319 IoU_poly: 0.8607079102396711

2021-05-13 19:51:53,319 IoU_bg: 0.9659477445483208

2021-05-13 19:51:53,319 IoU_mean: 0.9133278301358223

2021-05-13 19:51:53,319 ==============================
2021-05-13 19:51:53,319 

2021-05-13 19:53:45,042 RESULT FOR DATASET CVC-ColonDB

2021-05-13 19:53:45,042 ==============================
2021-05-13 19:53:45,042 

2021-05-13 19:53:45,042 recall: 0.8224585240781715

2021-05-13 19:53:45,042 specificity: 0.9882416254595706

2021-05-13 19:53:45,042 precision: 0.8299724203362099

2021-05-13 19:53:45,042 F1: 0.7800338919712981

2021-05-13 19:53:45,042 F2: 0.7904982927120392

2021-05-13 19:53:45,042 ACC_overall: 0.9615867217120372

2021-05-13 19:53:45,042 IoU_poly: 0.6997564798425341

2021-05-13 19:53:45,043 IoU_bg: 0.9590035676171905

2021-05-13 19:53:45,043 IoU_mean: 0.8293800220677727

2021-05-13 19:53:45,043 ==============================
2021-05-13 19:53:45,043 

2021-05-13 19:55:06,039 RESULT FOR DATASET ETIS-LaribPolypDB

2021-05-13 19:55:06,039 ==============================
2021-05-13 19:55:06,039 

2021-05-13 19:55:06,040 recall: 0.8397955094064948

2021-05-13 19:55:06,040 specificity: 0.9866072143218956

2021-05-13 19:55:06,040 precision: 0.74507474684564

2021-05-13 19:55:06,040 F1: 0.7298062395687765

2021-05-13 19:55:06,040 F2: 0.7771773846240965

2021-05-13 19:55:06,040 ACC_overall: 0.9841894343191263

2021-05-13 19:55:06,040 IoU_poly: 0.6491228872612793

2021-05-13 19:55:06,040 IoU_bg: 0.9833880796724436

2021-05-13 19:55:06,040 IoU_mean: 0.816255483548252

2021-05-13 19:55:06,040 ==============================
2021-05-13 19:55:06,040 

