2021-04-27 07:27:17,214 Epoch 0 	 Loss 0.6385354854903378
2021-04-27 07:27:54,751 Epoch 1 	 Loss 0.30982348732240905
2021-04-27 07:28:32,369 Epoch 2 	 Loss 0.23469294231016558
2021-04-27 07:29:10,019 Epoch 3 	 Loss 0.18433852526512776
2021-04-27 07:29:47,646 Epoch 4 	 Loss 0.16309233877685045
2021-04-27 07:30:25,325 Epoch 5 	 Loss 0.14590309486611858
2021-04-27 07:31:02,961 Epoch 6 	 Loss 0.13082147258651125
2021-04-27 07:31:40,613 Epoch 7 	 Loss 0.11727564429843819
2021-04-27 07:32:18,253 Epoch 8 	 Loss 0.10901800289258852
2021-04-27 07:32:55,940 Epoch 9 	 Loss 0.09810544042796879
2021-04-27 07:33:33,651 Epoch 10 	 Loss 0.09018752126248328
2021-04-27 07:34:11,264 Epoch 11 	 Loss 0.08316732681059576
2021-04-27 07:34:48,951 Epoch 12 	 Loss 0.07845143015895571
2021-04-27 07:35:26,595 Epoch 13 	 Loss 0.07390305424457068
2021-04-27 07:36:04,228 Epoch 14 	 Loss 0.07142066853223267
2021-04-27 07:36:41,893 Epoch 15 	 Loss 0.06905741502459233
2021-04-27 07:37:19,577 Epoch 16 	 Loss 0.06558899933492744
2021-04-27 07:37:57,215 Epoch 17 	 Loss 0.06189503803194224
2021-04-27 07:38:34,992 Epoch 18 	 Loss 0.06048665027860757
2021-04-27 07:39:12,635 Epoch 19 	 Loss 0.0592295456636738
2021-04-27 07:39:50,338 Epoch 20 	 Loss 0.05789312237239146
2021-04-27 07:40:28,009 Epoch 21 	 Loss 0.056808865250466946
2021-04-27 07:41:05,772 Epoch 22 	 Loss 0.055764450231096246
2021-04-27 07:41:43,395 Epoch 23 	 Loss 0.054194600495335817
2021-04-27 07:42:21,033 Epoch 24 	 Loss 0.053572324565151236
2021-04-27 07:42:58,688 Epoch 25 	 Loss 0.05186848141826116
2021-04-27 07:43:36,332 Epoch 26 	 Loss 0.05056300894408436
2021-04-27 07:44:13,997 Epoch 27 	 Loss 0.0506823422735209
2021-04-27 07:44:51,633 Epoch 28 	 Loss 0.04977450843204509
2021-04-27 07:45:29,290 Epoch 29 	 Loss 0.048317913293511004
2021-04-27 07:46:06,923 Epoch 30 	 Loss 0.04763396898960019
2021-04-27 07:46:44,599 Epoch 31 	 Loss 0.046894971445039076
2021-04-27 07:47:22,294 Epoch 32 	 Loss 0.046430301862758594
2021-04-27 07:47:59,944 Epoch 33 	 Loss 0.04621359791893225
2021-04-27 07:48:37,685 Epoch 34 	 Loss 0.04535311669275001
2021-04-27 07:49:15,365 Epoch 35 	 Loss 0.04473992445311704
2021-04-27 07:49:53,024 Epoch 36 	 Loss 0.04468212170260293
2021-04-27 07:50:30,693 Epoch 37 	 Loss 0.04462164742769776
2021-04-27 07:51:08,308 Epoch 38 	 Loss 0.044124464985433515
2021-04-27 07:51:46,001 Epoch 39 	 Loss 0.04385737059535561
2021-04-27 07:52:23,661 Epoch 40 	 Loss 0.04333931985464725
2021-04-27 07:53:01,305 Epoch 41 	 Loss 0.04284823604009964
2021-04-27 07:53:38,979 Epoch 42 	 Loss 0.04230610510477653
2021-04-27 07:54:16,610 Epoch 43 	 Loss 0.04189428273629356
2021-04-27 07:54:54,253 Epoch 44 	 Loss 0.04135270560016999
2021-04-27 07:55:31,905 Epoch 45 	 Loss 0.04131557984830259
2021-04-27 07:56:09,558 Epoch 46 	 Loss 0.04151884048849672
2021-04-27 07:56:47,210 Epoch 47 	 Loss 0.04118259283867511
2021-04-27 07:57:24,909 Epoch 48 	 Loss 0.04070079126037084
2021-04-27 07:58:02,613 Epoch 49 	 Loss 0.04040925704188399
2021-04-27 07:58:40,238 Epoch 50 	 Loss 0.04015697514290338
2021-04-27 07:59:17,871 Epoch 51 	 Loss 0.03989075832478293
2021-04-27 07:59:55,547 Epoch 52 	 Loss 0.03969598041622193
2021-04-27 08:00:33,189 Epoch 53 	 Loss 0.03978369708408366
2021-04-27 08:01:10,898 Epoch 54 	 Loss 0.040126892154688364
2021-04-27 08:01:48,586 Epoch 55 	 Loss 0.03992771856732421
2021-04-27 08:02:26,306 Epoch 56 	 Loss 0.039448897630631266
2021-04-27 08:03:03,977 Epoch 57 	 Loss 0.03931839035435037
2021-04-27 08:03:41,648 Epoch 58 	 Loss 0.03913337536729299
2021-04-27 08:04:19,346 Epoch 59 	 Loss 0.03884592689164392
2021-04-27 08:04:56,996 Epoch 60 	 Loss 0.03860046530326644
2021-04-27 08:05:34,672 Epoch 61 	 Loss 0.03840544201679282
2021-04-27 08:06:12,345 Epoch 62 	 Loss 0.038267469176879294
2021-04-27 08:06:50,019 Epoch 63 	 Loss 0.0381869005223552
2021-04-27 08:07:27,694 Epoch 64 	 Loss 0.03818892417373238
2021-04-27 08:08:05,333 Epoch 65 	 Loss 0.03809982611910327
2021-04-27 08:08:43,007 Epoch 66 	 Loss 0.03792035444588451
2021-04-27 08:09:20,648 Epoch 67 	 Loss 0.03781286622960489
2021-04-27 08:09:58,316 Epoch 68 	 Loss 0.03768456051801587
2021-04-27 08:10:35,931 Epoch 69 	 Loss 0.037636246368452746
2021-04-27 08:11:13,566 Epoch 70 	 Loss 0.03759971076806823
2021-04-27 08:11:51,211 Epoch 71 	 Loss 0.03753624381599845
2021-04-27 08:12:28,828 Epoch 72 	 Loss 0.037480035735355625
2021-04-27 08:13:06,458 Epoch 73 	 Loss 0.03742415679025126
2021-04-27 08:13:44,086 Epoch 74 	 Loss 0.03736366294733771
2021-04-27 08:14:21,733 Epoch 75 	 Loss 0.03733386226244025
2021-04-27 08:14:59,421 Epoch 76 	 Loss 0.037217157145777904
2021-04-27 08:15:37,076 Epoch 77 	 Loss 0.037151870205179675
2021-04-27 08:16:14,740 Epoch 78 	 Loss 0.037106778554536486
2021-04-27 08:16:52,442 Epoch 79 	 Loss 0.03709177271677898
2021-04-27 08:17:30,118 Epoch 80 	 Loss 0.03706589725973842
2021-04-27 08:18:07,786 Epoch 81 	 Loss 0.036987763143830246
2021-04-27 08:18:45,441 Epoch 82 	 Loss 0.036923940447005595
2021-04-27 08:19:23,097 Epoch 83 	 Loss 0.036974695030149524
2021-04-27 08:20:00,772 Epoch 84 	 Loss 0.0369074026961903
2021-04-27 08:20:38,443 Epoch 85 	 Loss 0.036876739749869145
2021-04-27 08:21:16,107 Epoch 86 	 Loss 0.03688288770697929
2021-04-27 08:21:53,808 Epoch 87 	 Loss 0.03682594529383785
2021-04-27 08:22:31,525 Epoch 88 	 Loss 0.03680540674499103
2021-04-27 08:23:09,198 Epoch 89 	 Loss 0.03679780011157413
2021-04-27 08:23:46,847 Epoch 90 	 Loss 0.03679384610482624
2021-04-27 08:24:24,567 Epoch 91 	 Loss 0.036787450804815186
2021-04-27 08:25:02,299 Epoch 92 	 Loss 0.0367984695994592
2021-04-27 08:25:40,034 Epoch 93 	 Loss 0.03679585076131663
2021-04-27 08:26:17,742 Epoch 94 	 Loss 0.036785451019858265
2021-04-27 08:26:55,421 Epoch 95 	 Loss 0.036759453938230054
2021-04-27 08:27:33,166 Epoch 96 	 Loss 0.03677057831005736
2021-04-27 08:28:10,913 Epoch 97 	 Loss 0.03673346361124909
2021-04-27 08:28:48,590 Epoch 98 	 Loss 0.03676032610646971
2021-04-27 08:29:26,269 Epoch 99 	 Loss 0.036753558891487646
2021-04-27 08:29:45,489 RESULT FOR DATASET CVC-300

2021-04-27 08:29:45,489 ==============================
2021-04-27 08:29:45,489 

2021-04-27 08:29:45,489 recall: 0.9251211235920588

2021-04-27 08:29:45,489 specificity: 0.9952057709296545

2021-04-27 08:29:45,489 precision: 0.8710190837581953

2021-04-27 08:29:45,489 F1: 0.8810428532461325

2021-04-27 08:29:45,489 F2: 0.9031205659111341

2021-04-27 08:29:45,489 ACC_overall: 0.9934124857187271

2021-04-27 08:29:45,489 IoU_poly: 0.8101543473700682

2021-04-27 08:29:45,489 IoU_bg: 0.9931586563587189

2021-04-27 08:29:45,490 IoU_mean: 0.9016565014918645

2021-04-27 08:29:45,490 ==============================
2021-04-27 08:29:45,490 

2021-04-27 08:30:00,987 RESULT FOR DATASET CVC-ClinicDB

2021-04-27 08:30:00,987 ==============================
2021-04-27 08:30:00,987 

2021-04-27 08:30:00,987 recall: 0.8773037216385766

2021-04-27 08:30:00,987 specificity: 0.9962908846716727

2021-04-27 08:30:00,987 precision: 0.9133533383869836

2021-04-27 08:30:00,987 F1: 0.8757175814976255

2021-04-27 08:30:00,988 F2: 0.8754944583352264

2021-04-27 08:30:00,988 ACC_overall: 0.9843334353739216

2021-04-27 08:30:00,988 IoU_poly: 0.8235981922724375

2021-04-27 08:30:00,988 IoU_bg: 0.9826908967187328

2021-04-27 08:30:00,988 IoU_mean: 0.9031445436900661

2021-04-27 08:30:00,988 ==============================
2021-04-27 08:30:00,988 

2021-04-27 08:30:30,635 RESULT FOR DATASET Kvasir

2021-04-27 08:30:30,635 ==============================
2021-04-27 08:30:30,635 

2021-04-27 08:30:30,635 recall: 0.883970315521583

2021-04-27 08:30:30,635 specificity: 0.9866447746753693

2021-04-27 08:30:30,635 precision: 0.916703225420788

2021-04-27 08:30:30,635 F1: 0.8859455196349881

2021-04-27 08:30:30,635 F2: 0.881160399497021

2021-04-27 08:30:30,635 ACC_overall: 0.96886021733284

2021-04-27 08:30:30,636 IoU_poly: 0.8239541252981871

2021-04-27 08:30:30,636 IoU_bg: 0.9599256545305253

2021-04-27 08:30:30,636 IoU_mean: 0.8919398897886276

2021-04-27 08:30:30,636 ==============================
2021-04-27 08:30:30,636 

2021-04-27 08:32:24,899 RESULT FOR DATASET CVC-ColonDB

2021-04-27 08:32:24,899 ==============================
2021-04-27 08:32:24,899 

2021-04-27 08:32:24,899 recall: 0.6676402702283201

2021-04-27 08:32:24,899 specificity: 0.9957153980669222

2021-04-27 08:32:24,899 precision: 0.8896654242215415

2021-04-27 08:32:24,899 F1: 0.6682121657087823

2021-04-27 08:32:24,899 F2: 0.6637385020103861

2021-04-27 08:32:24,899 ACC_overall: 0.9568110984406973

2021-04-27 08:32:24,899 IoU_poly: 0.5984618599900063

2021-04-27 08:32:24,899 IoU_bg: 0.9555370900191759

2021-04-27 08:32:24,900 IoU_mean: 0.776999475767738

2021-04-27 08:32:24,900 ==============================
2021-04-27 08:32:24,900 

2021-04-27 08:33:46,133 RESULT FOR DATASET ETIS-LaribPolypDB

2021-04-27 08:33:46,133 ==============================
2021-04-27 08:33:46,133 

2021-04-27 08:33:46,133 recall: 0.629646564070364

2021-04-27 08:33:46,133 specificity: 0.9928340036041883

2021-04-27 08:33:46,133 precision: 0.7840027446930862

2021-04-27 08:33:46,133 F1: 0.6119232119762625

2021-04-27 08:33:46,133 F2: 0.6189041879716403

2021-04-27 08:33:46,133 ACC_overall: 0.9835467168263027

2021-04-27 08:33:46,133 IoU_poly: 0.542146248295875

2021-04-27 08:33:46,133 IoU_bg: 0.9825203622482261

2021-04-27 08:33:46,133 IoU_mean: 0.7623333020173774

2021-04-27 08:33:46,133 ==============================
2021-04-27 08:33:46,133 

