2021-04-27 13:14:59,403 RESULT FOR DATASET CVC-300

2021-04-27 13:14:59,403 ==============================
2021-04-27 13:14:59,403 

2021-04-27 13:14:59,403 recall: 0.9278509507576624

2021-04-27 13:14:59,404 specificity: 0.9959057480096817

2021-04-27 13:14:59,404 precision: 0.8801237910985946

2021-04-27 13:14:59,404 F1: 0.8918555135528247

2021-04-27 13:14:59,404 F2: 0.9103122033178807

2021-04-27 13:14:59,404 ACC_overall: 0.9939001739025116

2021-04-27 13:14:59,404 IoU_poly: 0.8246696251134078

2021-04-27 13:14:59,404 IoU_bg: 0.9936769862969717

2021-04-27 13:14:59,404 IoU_mean: 0.9091733068227768

2021-04-27 13:14:59,404 ==============================
2021-04-27 13:14:59,404 

2021-04-27 13:15:14,788 RESULT FOR DATASET CVC-ClinicDB

2021-04-27 13:15:14,789 ==============================
2021-04-27 13:15:14,789 

2021-04-27 13:15:14,789 recall: 0.878706995669129

2021-04-27 13:15:14,789 specificity: 0.9961640306057469

2021-04-27 13:15:14,789 precision: 0.9248669424484814

2021-04-27 13:15:14,789 F1: 0.8713804435777298

2021-04-27 13:15:14,789 F2: 0.8747709914572507

2021-04-27 13:15:14,789 ACC_overall: 0.9864647878754523

2021-04-27 13:15:14,789 IoU_poly: 0.8252017734161082

2021-04-27 13:15:14,789 IoU_bg: 0.9849149430951765

2021-04-27 13:15:14,789 IoU_mean: 0.9050583599075195

2021-04-27 13:15:14,789 ==============================
2021-04-27 13:15:14,789 

2021-04-27 13:15:44,247 RESULT FOR DATASET Kvasir

2021-04-27 13:15:44,247 ==============================
2021-04-27 13:15:44,247 

2021-04-27 13:15:44,247 recall: 0.8750966004934162

2021-04-27 13:15:44,247 specificity: 0.9881171780824661

2021-04-27 13:15:44,247 precision: 0.914266754463315

2021-04-27 13:15:44,247 F1: 0.8747713721916079

2021-04-27 13:15:44,247 F2: 0.8708311365172267

2021-04-27 13:15:44,247 ACC_overall: 0.9689552891254425

2021-04-27 13:15:44,247 IoU_poly: 0.8127544778492302

2021-04-27 13:15:44,247 IoU_bg: 0.9602401095628739

2021-04-27 13:15:44,247 IoU_mean: 0.8864972931146622

2021-04-27 13:15:44,247 ==============================
2021-04-27 13:15:44,247 

2021-04-27 13:17:40,064 RESULT FOR DATASET CVC-ColonDB

2021-04-27 13:17:40,065 ==============================
2021-04-27 13:17:40,065 

2021-04-27 13:17:40,065 recall: 0.6609732035719066

2021-04-27 13:17:40,065 specificity: 0.9957047741664083

2021-04-27 13:17:40,065 precision: 0.899515799310374

2021-04-27 13:17:40,065 F1: 0.6693514630052936

2021-04-27 13:17:40,065 F2: 0.6597319520336333

2021-04-27 13:17:40,065 ACC_overall: 0.9571297321664659

2021-04-27 13:17:40,065 IoU_poly: 0.5998982657464419

2021-04-27 13:17:40,065 IoU_bg: 0.955708726534718

2021-04-27 13:17:40,065 IoU_mean: 0.7778034987026139

2021-04-27 13:17:40,065 ==============================
2021-04-27 13:17:40,065 

2021-04-27 13:19:01,162 RESULT FOR DATASET ETIS-LaribPolypDB

2021-04-27 13:19:01,162 ==============================
2021-04-27 13:19:01,162 

2021-04-27 13:19:01,162 recall: 0.5894759896760309

2021-04-27 13:19:01,162 specificity: 0.9917872970809742

2021-04-27 13:19:01,162 precision: 0.7810680325863136

2021-04-27 13:19:01,162 F1: 0.5741256895003433

2021-04-27 13:19:01,162 F2: 0.5791548586924605

2021-04-27 13:19:01,162 ACC_overall: 0.9821744092873165

2021-04-27 13:19:01,162 IoU_poly: 0.5114066306709855

2021-04-27 13:19:01,162 IoU_bg: 0.9812007905269156

2021-04-27 13:19:01,163 IoU_mean: 0.7463037142035912

2021-04-27 13:19:01,163 ==============================
2021-04-27 13:19:01,163 

