2021-04-25 03:42:10,796 RESULT FOR DATASET CVC-300

2021-04-25 03:42:10,797 ==============================
2021-04-25 03:42:10,797 

2021-04-25 03:42:10,797 recall: 0.9622023940086365

2021-04-25 03:42:10,797 specificity: 0.989892257253329

2021-04-25 03:42:10,797 precision: 0.8269968805213769

2021-04-25 03:42:10,797 F1: 0.8660034164786339

2021-04-25 03:42:10,797 F2: 0.9036077479521434

2021-04-25 03:42:10,797 ACC_overall: 0.9889489551385243

2021-04-25 03:42:10,797 IoU_poly: 0.7990176739792029

2021-04-25 03:42:10,797 IoU_bg: 0.9886040538549423

2021-04-25 03:42:10,797 IoU_mean: 0.8938108637928963

2021-04-25 03:42:10,797 ==============================
2021-04-25 03:42:10,797 

2021-04-25 03:42:25,983 RESULT FOR DATASET CVC-ClinicDB

2021-04-25 03:42:25,983 ==============================
2021-04-25 03:42:25,984 

2021-04-25 03:42:25,984 recall: 0.9358102645604841

2021-04-25 03:42:25,984 specificity: 0.9943861326863689

2021-04-25 03:42:25,984 precision: 0.9047459587454796

2021-04-25 03:42:25,984 F1: 0.9110273973595712

2021-04-25 03:42:25,984 F2: 0.9195360291388727

2021-04-25 03:42:25,984 ACC_overall: 0.9898095361648067

2021-04-25 03:42:25,984 IoU_poly: 0.8595163914705476

2021-04-25 03:42:25,984 IoU_bg: 0.9879365274983067

2021-04-25 03:42:25,984 IoU_mean: 0.9237264606260485

2021-04-25 03:42:25,984 ==============================
2021-04-25 03:42:25,984 

2021-04-25 03:42:55,315 RESULT FOR DATASET Kvasir

2021-04-25 03:42:55,315 ==============================
2021-04-25 03:42:55,315 

2021-04-25 03:42:55,315 recall: 0.9014322206377983

2021-04-25 03:42:55,316 specificity: 0.9917080104351044

2021-04-25 03:42:55,316 precision: 0.9403468698263169

2021-04-25 03:42:55,316 F1: 0.9093606036901474

2021-04-25 03:42:55,316 F2: 0.9029743970930576

2021-04-25 03:42:55,316 ACC_overall: 0.9744869524240494

2021-04-25 03:42:55,316 IoU_poly: 0.8601546812057496

2021-04-25 03:42:55,316 IoU_bg: 0.9674670869112014

2021-04-25 03:42:55,316 IoU_mean: 0.9138108831644058

2021-04-25 03:42:55,316 ==============================
2021-04-25 03:42:55,316 

2021-04-25 03:44:46,299 RESULT FOR DATASET CVC-ColonDB

2021-04-25 03:44:46,299 ==============================
2021-04-25 03:44:46,299 

2021-04-25 03:44:46,299 recall: 0.8038624097347553

2021-04-25 03:44:46,299 specificity: 0.9897574112603539

2021-04-25 03:44:46,299 precision: 0.8172277137589079

2021-04-25 03:44:46,299 F1: 0.7661818127766262

2021-04-25 03:44:46,299 F2: 0.7762033276159077

2021-04-25 03:44:46,299 ACC_overall: 0.964024255699233

2021-04-25 03:44:46,299 IoU_poly: 0.6926411179979333

2021-04-25 03:44:46,299 IoU_bg: 0.961858906322404

2021-04-25 03:44:46,299 IoU_mean: 0.8272500122064038

2021-04-25 03:44:46,299 ==============================
2021-04-25 03:44:46,300 

2021-04-25 03:46:07,107 RESULT FOR DATASET ETIS-LaribPolypDB

2021-04-25 03:46:07,107 ==============================
2021-04-25 03:46:07,107 

2021-04-25 03:46:07,107 recall: 0.8116613529964896

2021-04-25 03:46:07,108 specificity: 0.987067027663698

2021-04-25 03:46:07,108 precision: 0.7314031525261503

2021-04-25 03:46:07,108 F1: 0.7224277877342232

2021-04-25 03:46:07,108 F2: 0.7603589996643881

2021-04-25 03:46:07,108 ACC_overall: 0.9837638313064769

2021-04-25 03:46:07,108 IoU_poly: 0.6460023488648705

2021-04-25 03:46:07,108 IoU_bg: 0.9830315782099354

2021-04-25 03:46:07,108 IoU_mean: 0.8145169623348177

2021-04-25 03:46:07,108 ==============================
2021-04-25 03:46:07,108 

