2021-04-25 03:37:27,490 RESULT FOR DATASET CVC-300

2021-04-25 03:37:27,490 ==============================
2021-04-25 03:37:27,490 

2021-04-25 03:37:27,490 recall: 0.9656619916359583

2021-04-25 03:37:27,490 specificity: 0.9883365909258525

2021-04-25 03:37:27,491 precision: 0.810844129572312

2021-04-25 03:37:27,491 F1: 0.8566296213616927

2021-04-25 03:37:27,491 F2: 0.9006136432290077

2021-04-25 03:37:27,491 ACC_overall: 0.9876121938228607

2021-04-25 03:37:27,491 IoU_poly: 0.7853916926930348

2021-04-25 03:37:27,491 IoU_bg: 0.9872079302867254

2021-04-25 03:37:27,491 IoU_mean: 0.8862998073299726

2021-04-25 03:37:27,491 ==============================
2021-04-25 03:37:27,491 

2021-04-25 03:37:44,816 RESULT FOR DATASET CVC-ClinicDB

2021-04-25 03:37:44,816 ==============================
2021-04-25 03:37:44,816 

2021-04-25 03:37:44,817 recall: 0.9212807890388274

2021-04-25 03:37:44,817 specificity: 0.9959120548540547

2021-04-25 03:37:44,817 precision: 0.9254327675988597

2021-04-25 03:37:44,817 F1: 0.9039387162211502

2021-04-25 03:37:44,817 F2: 0.9118619043184745

2021-04-25 03:37:44,817 ACC_overall: 0.9868423640727997

2021-04-25 03:37:44,817 IoU_poly: 0.8543460203274604

2021-04-25 03:37:44,817 IoU_bg: 0.985922303891951

2021-04-25 03:37:44,817 IoU_mean: 0.9201341617491937

2021-04-25 03:37:44,817 ==============================
2021-04-25 03:37:44,817 

2021-04-25 03:38:17,626 RESULT FOR DATASET Kvasir

2021-04-25 03:38:17,626 ==============================
2021-04-25 03:38:17,626 

2021-04-25 03:38:17,626 recall: 0.9037833407521247

2021-04-25 03:38:17,627 specificity: 0.9874625092744828

2021-04-25 03:38:17,627 precision: 0.9234758036583662

2021-04-25 03:38:17,627 F1: 0.8984225653111935

2021-04-25 03:38:17,627 F2: 0.8967641451954842

2021-04-25 03:38:17,627 ACC_overall: 0.9705046963691711

2021-04-25 03:38:17,627 IoU_poly: 0.8414425826072693

2021-04-25 03:38:17,627 IoU_bg: 0.9634932059049607

2021-04-25 03:38:17,627 IoU_mean: 0.9024678963422775

2021-04-25 03:38:17,627 ==============================
2021-04-25 03:38:17,627 

2021-04-25 03:40:22,098 RESULT FOR DATASET CVC-ColonDB

2021-04-25 03:40:22,098 ==============================
2021-04-25 03:40:22,099 

2021-04-25 03:40:22,099 recall: 0.8262104860335464

2021-04-25 03:40:22,099 specificity: 0.9856317568766443

2021-04-25 03:40:22,099 precision: 0.7841230857942144

2021-04-25 03:40:22,099 F1: 0.7555807665955064

2021-04-25 03:40:22,099 F2: 0.7786151608642381

2021-04-25 03:40:22,099 ACC_overall: 0.959371743547289

2021-04-25 03:40:22,099 IoU_poly: 0.6805512076066885

2021-04-25 03:40:22,099 IoU_bg: 0.9575051989210279

2021-04-25 03:40:22,099 IoU_mean: 0.819028202914878

2021-04-25 03:40:22,099 ==============================
2021-04-25 03:40:22,099 

2021-04-25 03:41:49,633 RESULT FOR DATASET ETIS-LaribPolypDB

2021-04-25 03:41:49,633 ==============================
2021-04-25 03:41:49,633 

2021-04-25 03:41:49,633 recall: 0.8512012240384583

2021-04-25 03:41:49,633 specificity: 0.9839024406914808

2021-04-25 03:41:49,634 precision: 0.6689483230437298

2021-04-25 03:41:49,634 F1: 0.7098797212060793

2021-04-25 03:41:49,634 F2: 0.766009355411036

2021-04-25 03:41:49,634 ACC_overall: 0.981598746107549

2021-04-25 03:41:49,634 IoU_poly: 0.6259476393524613

2021-04-25 03:41:49,634 IoU_bg: 0.9807066348742466

2021-04-25 03:41:49,634 IoU_mean: 0.8033271390868693

2021-04-25 03:41:49,634 ==============================
2021-04-25 03:41:49,634 

