2021-05-29 20:07:35,062 RESULT FOR DATASET CVC-300

2021-05-29 20:07:35,063 ==============================
2021-05-29 20:07:35,063 

2021-05-29 20:07:35,063 recall: 0.9504030833641688

2021-05-29 20:07:35,063 specificity: 0.9930710464715957

2021-05-29 20:07:35,063 precision: 0.837552077571551

2021-05-29 20:07:35,063 F1: 0.8714058404167493

2021-05-29 20:07:35,063 F2: 0.9060266797741254

2021-05-29 20:07:35,063 ACC_overall: 0.9913728217283885

2021-05-29 20:07:35,063 IoU_poly: 0.7994636175533135

2021-05-29 20:07:35,063 IoU_bg: 0.9910340756177902

2021-05-29 20:07:35,063 IoU_mean: 0.8952488481998444

2021-05-29 20:07:35,063 ==============================
2021-05-29 20:07:35,063 

2021-05-29 20:07:50,631 RESULT FOR DATASET CVC-ClinicDB

2021-05-29 20:07:50,631 ==============================
2021-05-29 20:07:50,631 

2021-05-29 20:07:50,631 recall: 0.9360234376884276

2021-05-29 20:07:50,631 specificity: 0.9953653283657566

2021-05-29 20:07:50,632 precision: 0.928018924690062

2021-05-29 20:07:50,632 F1: 0.9171441243097727

2021-05-29 20:07:50,632 F2: 0.9242592601691403

2021-05-29 20:07:50,632 ACC_overall: 0.9922751495915074

2021-05-29 20:07:50,632 IoU_poly: 0.8701074397371661

2021-05-29 20:07:50,632 IoU_bg: 0.9907457963112862

2021-05-29 20:07:50,632 IoU_mean: 0.9304266216293458

2021-05-29 20:07:50,632 ==============================
2021-05-29 20:07:50,632 

2021-05-29 20:08:20,415 RESULT FOR DATASET Kvasir

2021-05-29 20:08:20,415 ==============================
2021-05-29 20:08:20,415 

2021-05-29 20:08:20,415 recall: 0.8918407020993618

2021-05-29 20:08:20,415 specificity: 0.9898627203702927

2021-05-29 20:08:20,415 precision: 0.9398976046606186

2021-05-29 20:08:20,415 F1: 0.9032195353416319

2021-05-29 20:08:20,415 F2: 0.8941374250699664

2021-05-29 20:08:20,415 ACC_overall: 0.9707101398706436

2021-05-29 20:08:20,415 IoU_poly: 0.849410712719091

2021-05-29 20:08:20,415 IoU_bg: 0.9632306405901909

2021-05-29 20:08:20,415 IoU_mean: 0.9063206773996353

2021-05-29 20:08:20,415 ==============================
2021-05-29 20:08:20,415 

2021-05-29 20:10:13,426 RESULT FOR DATASET CVC-ColonDB

2021-05-29 20:10:13,426 ==============================
2021-05-29 20:10:13,426 

2021-05-29 20:10:13,427 recall: 0.7277212177348402

2021-05-29 20:10:13,427 specificity: 0.994195145839139

2021-05-29 20:10:13,427 precision: 0.8525146119836886

2021-05-29 20:10:13,427 F1: 0.7105810542353515

2021-05-29 20:10:13,427 F2: 0.7146933552299827

2021-05-29 20:10:13,427 ACC_overall: 0.9639142377596153

2021-05-29 20:10:13,427 IoU_poly: 0.6472513676917863

2021-05-29 20:10:13,427 IoU_bg: 0.9624181988992189

2021-05-29 20:10:13,427 IoU_mean: 0.8048347859006179

2021-05-29 20:10:13,427 ==============================
2021-05-29 20:10:13,427 

2021-05-29 20:11:35,189 RESULT FOR DATASET ETIS-LaribPolypDB

2021-05-29 20:11:35,189 ==============================
2021-05-29 20:11:35,189 

2021-05-29 20:11:35,189 recall: 0.8020943272247455

2021-05-29 20:11:35,189 specificity: 0.9915157060842125

2021-05-29 20:11:35,190 precision: 0.8369686658514842

2021-05-29 20:11:35,190 F1: 0.7482274835577263

2021-05-29 20:11:35,190 F2: 0.7733575646349835

2021-05-29 20:11:35,190 ACC_overall: 0.988266398407975

2021-05-29 20:11:35,190 IoU_poly: 0.6761074029750164

2021-05-29 20:11:35,190 IoU_bg: 0.9875430090695011

2021-05-29 20:11:35,190 IoU_mean: 0.8318252058661714

2021-05-29 20:11:35,190 ==============================
2021-05-29 20:11:35,190 

