2021-05-11 03:51:50,676 Epoch 0 	 Loss 0.7488416855806833
2021-05-11 03:55:05,630 Epoch 1 	 Loss 0.49588857411028264
2021-05-11 03:58:20,574 Epoch 2 	 Loss 0.43485923258812875
2021-05-11 04:01:35,527 Epoch 3 	 Loss 0.4107331328994625
2021-05-11 04:04:50,462 Epoch 4 	 Loss 0.3754064663425907
2021-05-11 04:08:05,315 Epoch 5 	 Loss 0.3585473195864604
2021-05-11 04:11:19,940 Epoch 6 	 Loss 0.34483828796790195
2021-05-11 04:14:34,518 Epoch 7 	 Loss 0.3347565639805008
2021-05-11 04:17:49,210 Epoch 8 	 Loss 0.3245204659281196
2021-05-11 04:21:04,070 Epoch 9 	 Loss 0.317566590322243
2021-05-11 04:24:19,060 Epoch 10 	 Loss 0.31202143741832983
2021-05-11 04:27:33,755 Epoch 11 	 Loss 0.2976946606413349
2021-05-11 04:30:48,469 Epoch 12 	 Loss 0.29284811642143754
2021-05-11 04:34:03,277 Epoch 13 	 Loss 0.2824356487164131
2021-05-11 04:37:18,040 Epoch 14 	 Loss 0.28037554991769265
2021-05-11 04:40:32,834 Epoch 15 	 Loss 0.2813262410543777
2021-05-11 04:43:47,685 Epoch 16 	 Loss 0.28386169115265647
2021-05-11 04:47:02,401 Epoch 17 	 Loss 0.27616363518185666
2021-05-11 04:50:17,312 Epoch 18 	 Loss 0.26211641352255266
2021-05-11 04:53:31,979 Epoch 19 	 Loss 0.2632049670913717
2021-05-11 04:56:46,776 Epoch 20 	 Loss 0.25200603967839547
2021-05-11 05:00:01,545 Epoch 21 	 Loss 0.2612603642455824
2021-05-11 05:03:16,119 Epoch 22 	 Loss 0.25286876205559616
2021-05-11 05:06:30,734 Epoch 23 	 Loss 0.25138448113268547
2021-05-11 05:09:45,474 Epoch 24 	 Loss 0.25613897269243724
2021-05-11 05:13:00,210 Epoch 25 	 Loss 0.243548660160421
2021-05-11 05:16:14,805 Epoch 26 	 Loss 0.2380980120582895
2021-05-11 05:19:29,396 Epoch 27 	 Loss 0.2292924192580548
2021-05-11 05:22:44,125 Epoch 28 	 Loss 0.23102870599909142
2021-05-11 05:25:58,914 Epoch 29 	 Loss 0.22868646714058552
2021-05-11 05:29:14,224 Epoch 30 	 Loss 0.22444851123369658
2021-05-11 05:32:29,466 Epoch 31 	 Loss 0.22367821420942033
2021-05-11 05:35:44,304 Epoch 32 	 Loss 0.22694656629483778
2021-05-11 05:38:59,013 Epoch 33 	 Loss 0.2224802933223955
2021-05-11 05:42:13,713 Epoch 34 	 Loss 0.21474052982015923
2021-05-11 05:45:28,420 Epoch 35 	 Loss 0.2209432303577989
2021-05-11 05:48:43,109 Epoch 36 	 Loss 0.2130219633435155
2021-05-11 05:51:57,732 Epoch 37 	 Loss 0.21032130619981787
2021-05-11 05:55:12,374 Epoch 38 	 Loss 0.2095750589947124
2021-05-11 05:58:27,064 Epoch 39 	 Loss 0.20354349714714093
2021-05-11 06:01:41,840 Epoch 40 	 Loss 0.20600458979606628
2021-05-11 06:04:56,440 Epoch 41 	 Loss 0.2064402964743939
2021-05-11 06:08:11,233 Epoch 42 	 Loss 0.2056597364800317
2021-05-11 06:11:25,785 Epoch 43 	 Loss 0.19927966676570558
2021-05-11 06:14:40,506 Epoch 44 	 Loss 0.20287909825424572
2021-05-11 06:17:55,216 Epoch 45 	 Loss 0.19555388391017914
2021-05-11 06:21:09,868 Epoch 46 	 Loss 0.19739883679610032
2021-05-11 06:24:24,551 Epoch 47 	 Loss 0.19473727145692804
2021-05-11 06:27:39,149 Epoch 48 	 Loss 0.19006325550131745
2021-05-11 06:30:53,804 Epoch 49 	 Loss 0.18914942819993574
2021-05-11 06:34:08,500 Epoch 50 	 Loss 0.18727553742272512
2021-05-11 06:37:24,184 Epoch 51 	 Loss 0.1857194232416677
2021-05-11 06:40:38,868 Epoch 52 	 Loss 0.18500054357471046
2021-05-11 06:43:53,543 Epoch 53 	 Loss 0.18658671372539395
2021-05-11 06:47:08,377 Epoch 54 	 Loss 0.1802705303653256
2021-05-11 06:50:23,144 Epoch 55 	 Loss 0.18088135172377576
2021-05-11 06:53:37,897 Epoch 56 	 Loss 0.18129467030802926
2021-05-11 06:56:52,486 Epoch 57 	 Loss 0.17826644830651336
2021-05-11 07:00:07,274 Epoch 58 	 Loss 0.17991831260068075
2021-05-11 07:03:22,099 Epoch 59 	 Loss 0.17816464455573114
2021-05-11 07:06:36,970 Epoch 60 	 Loss 0.17426650651863643
2021-05-11 07:09:51,720 Epoch 61 	 Loss 0.177726529784255
2021-05-11 07:13:06,435 Epoch 62 	 Loss 0.17866976117039776
2021-05-11 07:16:21,285 Epoch 63 	 Loss 0.17080372850318531
2021-05-11 07:19:35,846 Epoch 64 	 Loss 0.16911339956325488
2021-05-11 07:22:50,417 Epoch 65 	 Loss 0.16751358273265127
2021-05-11 07:26:05,056 Epoch 66 	 Loss 0.16945710270614414
2021-05-11 07:29:19,884 Epoch 67 	 Loss 0.16938208583947068
2021-05-11 07:32:34,636 Epoch 68 	 Loss 0.1696789489015118
2021-05-11 07:35:49,408 Epoch 69 	 Loss 0.16416808864572546
2021-05-11 07:39:04,197 Epoch 70 	 Loss 0.1658238275693013
2021-05-11 07:42:18,890 Epoch 71 	 Loss 0.16487285936926746
2021-05-11 07:45:33,660 Epoch 72 	 Loss 0.16371085044446881
2021-05-11 07:48:48,363 Epoch 73 	 Loss 0.16074464068962976
2021-05-11 07:52:03,112 Epoch 74 	 Loss 0.15909594043598071
2021-05-11 07:55:17,732 Epoch 75 	 Loss 0.16212511111746777
2021-05-11 07:58:32,553 Epoch 76 	 Loss 0.15997237310959742
2021-05-11 08:01:47,400 Epoch 77 	 Loss 0.16034026705956722
2021-05-11 08:05:02,202 Epoch 78 	 Loss 0.15776245869123018
2021-05-11 08:08:17,107 Epoch 79 	 Loss 0.1582986572450334
2021-05-11 08:11:31,757 Epoch 80 	 Loss 0.15796370280312969
2021-05-11 08:14:47,203 Epoch 81 	 Loss 0.15443784571610963
2021-05-11 08:18:03,687 Epoch 82 	 Loss 0.1576229901267932
2021-05-11 08:21:28,708 Epoch 83 	 Loss 0.15684871932307443
2021-05-11 08:24:49,688 Epoch 84 	 Loss 0.15389039522998935
2021-05-11 08:28:07,645 Epoch 85 	 Loss 0.15697435035810367
2021-05-11 08:31:26,794 Epoch 86 	 Loss 0.15385143868215792
2021-05-11 08:34:44,395 Epoch 87 	 Loss 0.1546940395792762
2021-05-11 08:38:01,198 Epoch 88 	 Loss 0.15245561211646258
2021-05-11 08:41:17,386 Epoch 89 	 Loss 0.15370540394560323
2021-05-11 08:44:32,969 Epoch 90 	 Loss 0.1568547405384399
2021-05-11 08:48:00,302 Epoch 91 	 Loss 0.1544073399279144
2021-05-11 08:51:33,208 Epoch 92 	 Loss 0.1550329652625126
2021-05-11 08:54:48,965 Epoch 93 	 Loss 0.15322363180118603
2021-05-11 08:58:04,806 Epoch 94 	 Loss 0.1526092319534375
2021-05-11 09:01:20,484 Epoch 95 	 Loss 0.1502566316298076
2021-05-11 09:04:36,311 Epoch 96 	 Loss 0.1541723681838958
2021-05-11 09:07:58,623 Epoch 97 	 Loss 0.1538523126106996
2021-05-11 09:11:29,613 Epoch 98 	 Loss 0.1521735987165472
2021-05-11 09:15:02,191 Epoch 99 	 Loss 0.15268304002481503
2021-05-11 09:15:31,615 RESULT FOR DATASET CVC-300

2021-05-11 09:15:31,615 ==============================
2021-05-11 09:15:31,615 

2021-05-11 09:15:31,616 recall: 0.9616146018107732

2021-05-11 09:15:31,616 specificity: 0.99103491405646

2021-05-11 09:15:31,616 precision: 0.8173206749061743

2021-05-11 09:15:31,616 F1: 0.8621987906595071

2021-05-11 09:15:31,616 F2: 0.9030800854166349

2021-05-11 09:15:31,616 ACC_overall: 0.9900541832049687

2021-05-11 09:15:31,617 IoU_poly: 0.7931716860582431

2021-05-11 09:15:31,617 IoU_bg: 0.9897550483544667

2021-05-11 09:15:31,617 IoU_mean: 0.8914633691310883

2021-05-11 09:15:31,617 ==============================
2021-05-11 09:15:31,617 

2021-05-11 09:15:54,099 RESULT FOR DATASET CVC-ClinicDB

2021-05-11 09:15:54,110 ==============================
2021-05-11 09:15:54,113 

2021-05-11 09:15:54,114 recall: 0.9533308850180718

2021-05-11 09:15:54,114 specificity: 0.9952363592963065

2021-05-11 09:15:54,114 precision: 0.9158828556537628

2021-05-11 09:15:54,114 F1: 0.9254439665425208

2021-05-11 09:15:54,114 F2: 0.9369135167329542

2021-05-11 09:15:54,114 ACC_overall: 0.9908919776639631

2021-05-11 09:15:54,114 IoU_poly: 0.8754009484283386

2021-05-11 09:15:54,114 IoU_bg: 0.9890072124619638

2021-05-11 09:15:54,114 IoU_mean: 0.9322040792434446

2021-05-11 09:15:54,114 ==============================
2021-05-11 09:15:54,114 

2021-05-11 09:16:35,261 RESULT FOR DATASET Kvasir

2021-05-11 09:16:35,263 ==============================
2021-05-11 09:16:35,263 

2021-05-11 09:16:35,263 recall: 0.8984251250326634

2021-05-11 09:16:35,263 specificity: 0.9922131466865539

2021-05-11 09:16:35,263 precision: 0.9382812872529029

2021-05-11 09:16:35,263 F1: 0.9062240727990866

2021-05-11 09:16:35,263 F2: 0.8989929489046335

2021-05-11 09:16:35,264 ACC_overall: 0.9736007469892501

2021-05-11 09:16:35,264 IoU_poly: 0.8556088953837753

2021-05-11 09:16:35,264 IoU_bg: 0.9668290171027184

2021-05-11 09:16:35,264 IoU_mean: 0.9112189555168152

2021-05-11 09:16:35,264 ==============================
2021-05-11 09:16:35,264 

2021-05-11 09:19:10,335 RESULT FOR DATASET CVC-ColonDB

2021-05-11 09:19:10,336 ==============================
2021-05-11 09:19:10,336 

2021-05-11 09:19:10,336 recall: 0.7937032823000519

2021-05-11 09:19:10,336 specificity: 0.9914027750492096

2021-05-11 09:19:10,336 precision: 0.8291494770477201

2021-05-11 09:19:10,336 F1: 0.7631270331475255

2021-05-11 09:19:10,336 F2: 0.7716622579484417

2021-05-11 09:19:10,336 ACC_overall: 0.9651985814696864

2021-05-11 09:19:10,336 IoU_poly: 0.6869623661417072

2021-05-11 09:19:10,336 IoU_bg: 0.9624565942507041

2021-05-11 09:19:10,336 IoU_mean: 0.8247094810793274

2021-05-11 09:19:10,336 ==============================
2021-05-11 09:19:10,336 

2021-05-11 09:20:53,308 RESULT FOR DATASET ETIS-LaribPolypDB

2021-05-11 09:20:53,308 ==============================
2021-05-11 09:20:53,308 

2021-05-11 09:20:53,308 recall: 0.8647472211577855

2021-05-11 09:20:53,309 specificity: 0.9880419552934413

2021-05-11 09:20:53,309 precision: 0.7426200634493825

2021-05-11 09:20:53,309 F1: 0.77055882889307

2021-05-11 09:20:53,309 F2: 0.8170606405671829

2021-05-11 09:20:53,309 ACC_overall: 0.985785607780729

2021-05-11 09:20:53,309 IoU_poly: 0.6865101658533224

2021-05-11 09:20:53,309 IoU_bg: 0.9849409570499342

2021-05-11 09:20:53,309 IoU_mean: 0.8357255601761292

2021-05-11 09:20:53,309 ==============================
2021-05-11 09:20:53,309 

