2021-05-10 22:22:46,379 Epoch 0 	 Loss 0.7212134219787933
2021-05-10 22:26:00,963 Epoch 1 	 Loss 0.48599735295379554
2021-05-10 22:29:15,468 Epoch 2 	 Loss 0.4267617146392445
2021-05-10 22:32:30,119 Epoch 3 	 Loss 0.38793240798698675
2021-05-10 22:35:44,779 Epoch 4 	 Loss 0.36475074274854347
2021-05-10 22:38:59,189 Epoch 5 	 Loss 0.3504327443929819
2021-05-10 22:42:14,510 Epoch 6 	 Loss 0.33412440432297
2021-05-10 22:45:29,194 Epoch 7 	 Loss 0.32267488097096536
2021-05-10 22:48:44,252 Epoch 8 	 Loss 0.31252675216931564
2021-05-10 22:51:59,265 Epoch 9 	 Loss 0.3042682517360855
2021-05-10 22:55:14,423 Epoch 10 	 Loss 0.30525825442848625
2021-05-10 22:58:29,004 Epoch 11 	 Loss 0.28543068615944833
2021-05-10 23:01:43,886 Epoch 12 	 Loss 0.2881379043990439
2021-05-10 23:04:58,790 Epoch 13 	 Loss 0.2807055687183862
2021-05-10 23:08:14,013 Epoch 14 	 Loss 0.2832753931755548
2021-05-10 23:11:29,425 Epoch 15 	 Loss 0.2829209096156634
2021-05-10 23:14:44,594 Epoch 16 	 Loss 0.2716059895989659
2021-05-10 23:17:59,431 Epoch 17 	 Loss 0.2685414249752904
2021-05-10 23:21:14,221 Epoch 18 	 Loss 0.25603259002769385
2021-05-10 23:24:29,235 Epoch 19 	 Loss 0.2533930459847817
2021-05-10 23:27:43,781 Epoch 20 	 Loss 0.2561027997142666
2021-05-10 23:30:58,550 Epoch 21 	 Loss 0.2559286233160522
2021-05-10 23:34:13,071 Epoch 22 	 Loss 0.25005786710388056
2021-05-10 23:37:27,749 Epoch 23 	 Loss 0.23958666393390068
2021-05-10 23:40:42,561 Epoch 24 	 Loss 0.23550274214901767
2021-05-10 23:43:57,104 Epoch 25 	 Loss 0.24546844635035966
2021-05-10 23:47:12,000 Epoch 26 	 Loss 0.23810039198660587
2021-05-10 23:50:26,662 Epoch 27 	 Loss 0.22950286066139136
2021-05-10 23:53:41,664 Epoch 28 	 Loss 0.22183234089023465
2021-05-10 23:56:56,581 Epoch 29 	 Loss 0.239136462191959
2021-05-11 00:00:10,979 Epoch 30 	 Loss 0.2250086933701903
2021-05-11 00:03:25,363 Epoch 31 	 Loss 0.217983250107084
2021-05-11 00:06:39,719 Epoch 32 	 Loss 0.22175272562346615
2021-05-11 00:09:54,121 Epoch 33 	 Loss 0.22752219913425026
2021-05-11 00:13:08,512 Epoch 34 	 Loss 0.21224001049995422
2021-05-11 00:16:23,098 Epoch 35 	 Loss 0.21845786175230048
2021-05-11 00:19:37,626 Epoch 36 	 Loss 0.20857594268662588
2021-05-11 00:22:52,128 Epoch 37 	 Loss 0.21107933072598425
2021-05-11 00:26:06,610 Epoch 38 	 Loss 0.20349570060824299
2021-05-11 00:29:21,026 Epoch 39 	 Loss 0.20692000824671525
2021-05-11 00:32:35,589 Epoch 40 	 Loss 0.2035022301005793
2021-05-11 00:35:50,031 Epoch 41 	 Loss 0.2124476637486573
2021-05-11 00:39:04,625 Epoch 42 	 Loss 0.19684445350379734
2021-05-11 00:42:19,011 Epoch 43 	 Loss 0.19821042935926836
2021-05-11 00:45:33,322 Epoch 44 	 Loss 0.194069029210688
2021-05-11 00:48:47,794 Epoch 45 	 Loss 0.1920391206557934
2021-05-11 00:52:02,483 Epoch 46 	 Loss 0.1949826560832642
2021-05-11 00:55:16,782 Epoch 47 	 Loss 0.18625357010207333
2021-05-11 00:58:31,199 Epoch 48 	 Loss 0.18459891454204097
2021-05-11 01:01:45,531 Epoch 49 	 Loss 0.19459443301944943
2021-05-11 01:04:59,856 Epoch 50 	 Loss 0.18802694910830195
2021-05-11 01:08:14,159 Epoch 51 	 Loss 0.18022216905604352
2021-05-11 01:11:28,549 Epoch 52 	 Loss 0.18678610157835615
2021-05-11 01:14:42,994 Epoch 53 	 Loss 0.18332653484501682
2021-05-11 01:17:57,360 Epoch 54 	 Loss 0.17976000905036926
2021-05-11 01:21:11,686 Epoch 55 	 Loss 0.17382580205634401
2021-05-11 01:24:26,156 Epoch 56 	 Loss 0.1776725220811236
2021-05-11 01:27:40,458 Epoch 57 	 Loss 0.1789038381078741
2021-05-11 01:30:54,663 Epoch 58 	 Loss 0.17424164630554534
2021-05-11 01:34:09,024 Epoch 59 	 Loss 0.17250085368261234
2021-05-11 01:37:23,396 Epoch 60 	 Loss 0.17134210008841294
2021-05-11 01:40:37,795 Epoch 61 	 Loss 0.1698902884682456
2021-05-11 01:43:52,198 Epoch 62 	 Loss 0.16594866990715593
2021-05-11 01:47:06,589 Epoch 63 	 Loss 0.16533974287929115
2021-05-11 01:50:20,966 Epoch 64 	 Loss 0.17080110442507399
2021-05-11 01:53:35,245 Epoch 65 	 Loss 0.16137223895434494
2021-05-11 01:56:49,620 Epoch 66 	 Loss 0.16317861216081367
2021-05-11 02:00:04,055 Epoch 67 	 Loss 0.16723872909506599
2021-05-11 02:03:18,500 Epoch 68 	 Loss 0.16655352466054016
2021-05-11 02:06:32,853 Epoch 69 	 Loss 0.16209149745466944
2021-05-11 02:09:47,262 Epoch 70 	 Loss 0.16137960192921397
2021-05-11 02:13:01,715 Epoch 71 	 Loss 0.16057795662801344
2021-05-11 02:16:16,084 Epoch 72 	 Loss 0.1589797623864897
2021-05-11 02:19:30,457 Epoch 73 	 Loss 0.15699342793815738
2021-05-11 02:22:44,803 Epoch 74 	 Loss 0.15675982308911754
2021-05-11 02:25:59,217 Epoch 75 	 Loss 0.15901248918457345
2021-05-11 02:29:13,641 Epoch 76 	 Loss 0.15601825976109768
2021-05-11 02:32:28,130 Epoch 77 	 Loss 0.15767622477078175
2021-05-11 02:35:42,367 Epoch 78 	 Loss 0.15484091369332847
2021-05-11 02:38:56,732 Epoch 79 	 Loss 0.1538793337377873
2021-05-11 02:42:11,130 Epoch 80 	 Loss 0.1545897017304714
2021-05-11 02:45:25,515 Epoch 81 	 Loss 0.15147171038520205
2021-05-11 02:48:39,807 Epoch 82 	 Loss 0.15450695468174233
2021-05-11 02:51:54,109 Epoch 83 	 Loss 0.14864744319693074
2021-05-11 02:55:08,343 Epoch 84 	 Loss 0.15416311497216698
2021-05-11 02:58:22,688 Epoch 85 	 Loss 0.15206796217423219
2021-05-11 03:01:37,177 Epoch 86 	 Loss 0.15167118789075495
2021-05-11 03:04:51,523 Epoch 87 	 Loss 0.1507706385064911
2021-05-11 03:08:05,835 Epoch 88 	 Loss 0.15328948772870576
2021-05-11 03:11:20,075 Epoch 89 	 Loss 0.14798828116157553
2021-05-11 03:14:34,445 Epoch 90 	 Loss 0.15168324342140785
2021-05-11 03:17:48,944 Epoch 91 	 Loss 0.14894992948233426
2021-05-11 03:21:03,328 Epoch 92 	 Loss 0.14839264545794373
2021-05-11 03:24:17,665 Epoch 93 	 Loss 0.15003163007261988
2021-05-11 03:27:31,984 Epoch 94 	 Loss 0.1511372880457522
2021-05-11 03:30:46,432 Epoch 95 	 Loss 0.15169327689723655
2021-05-11 03:34:00,818 Epoch 96 	 Loss 0.15059768989845945
2021-05-11 03:37:14,973 Epoch 97 	 Loss 0.15028301094259536
2021-05-11 03:40:29,251 Epoch 98 	 Loss 0.15110245396147717
2021-05-11 03:43:43,722 Epoch 99 	 Loss 0.14970010609089673
2021-05-11 03:44:10,879 RESULT FOR DATASET CVC-300

2021-05-11 03:44:10,879 ==============================
2021-05-11 03:44:10,879 

2021-05-11 03:44:10,879 recall: 0.952549954255422

2021-05-11 03:44:10,879 specificity: 0.9945988009373347

2021-05-11 03:44:10,879 precision: 0.8548863182465235

2021-05-11 03:44:10,879 F1: 0.884917476773262

2021-05-11 03:44:10,879 F2: 0.9148335913817088

2021-05-11 03:44:10,879 ACC_overall: 0.9932292679945628

2021-05-11 03:44:10,879 IoU_poly: 0.8190053068101406

2021-05-11 03:44:10,879 IoU_bg: 0.9930041203896205

2021-05-11 03:44:10,879 IoU_mean: 0.9060047149658204

2021-05-11 03:44:10,879 ==============================
2021-05-11 03:44:10,879 

2021-05-11 03:44:29,288 RESULT FOR DATASET CVC-ClinicDB

2021-05-11 03:44:29,289 ==============================
2021-05-11 03:44:29,289 

2021-05-11 03:44:29,289 recall: 0.9220039283053109

2021-05-11 03:44:29,289 specificity: 0.9950012295476852

2021-05-11 03:44:29,289 precision: 0.9188547042234155

2021-05-11 03:44:29,289 F1: 0.9087928478153527

2021-05-11 03:44:29,289 F2: 0.9151840067652595

2021-05-11 03:44:29,289 ACC_overall: 0.9922653859661471

2021-05-11 03:44:29,289 IoU_poly: 0.863742409755134

2021-05-11 03:44:29,289 IoU_bg: 0.9908033590162953

2021-05-11 03:44:29,289 IoU_mean: 0.9272728860378265

2021-05-11 03:44:29,289 ==============================
2021-05-11 03:44:29,289 

2021-05-11 03:45:03,226 RESULT FOR DATASET Kvasir

2021-05-11 03:45:03,226 ==============================
2021-05-11 03:45:03,226 

2021-05-11 03:45:03,226 recall: 0.9189455437660218

2021-05-11 03:45:03,226 specificity: 0.9908921504020691

2021-05-11 03:45:03,227 precision: 0.9488131925463676

2021-05-11 03:45:03,227 F1: 0.9248289945721626

2021-05-11 03:45:03,227 F2: 0.9197087222337723

2021-05-11 03:45:03,227 ACC_overall: 0.9766517925262451

2021-05-11 03:45:03,227 IoU_poly: 0.8765186884999275

2021-05-11 03:45:03,227 IoU_bg: 0.9694242811203003

2021-05-11 03:45:03,227 IoU_mean: 0.9229714840650558

2021-05-11 03:45:03,227 ==============================
2021-05-11 03:45:03,227 

2021-05-11 03:47:09,172 RESULT FOR DATASET CVC-ColonDB

2021-05-11 03:47:09,173 ==============================
2021-05-11 03:47:09,173 

2021-05-11 03:47:09,173 recall: 0.7869046599405632

2021-05-11 03:47:09,173 specificity: 0.9894738763570785

2021-05-11 03:47:09,173 precision: 0.8262499630409413

2021-05-11 03:47:09,173 F1: 0.7627173851461999

2021-05-11 03:47:09,173 F2: 0.7662679245630921

2021-05-11 03:47:09,173 ACC_overall: 0.9640462360884013

2021-05-11 03:47:09,173 IoU_poly: 0.687153570447476

2021-05-11 03:47:09,173 IoU_bg: 0.9609296498330016

2021-05-11 03:47:09,173 IoU_mean: 0.8240416118581044

2021-05-11 03:47:09,173 ==============================
2021-05-11 03:47:09,173 

2021-05-11 03:48:36,375 RESULT FOR DATASET ETIS-LaribPolypDB

2021-05-11 03:48:36,375 ==============================
2021-05-11 03:48:36,376 

2021-05-11 03:48:36,376 recall: 0.8928872220314253

2021-05-11 03:48:36,376 specificity: 0.9895176410066838

2021-05-11 03:48:36,376 precision: 0.7750786604097459

2021-05-11 03:48:36,376 F1: 0.8083034618880168

2021-05-11 03:48:36,376 F2: 0.8477151876167579

2021-05-11 03:48:36,376 ACC_overall: 0.9876661997060386

2021-05-11 03:48:36,376 IoU_poly: 0.7245288961077899

2021-05-11 03:48:36,376 IoU_bg: 0.9869150948159549

2021-05-11 03:48:36,376 IoU_mean: 0.855721997667332

2021-05-11 03:48:36,376 ==============================
2021-05-11 03:48:36,376 

