2021-05-15 18:38:40,822 Epoch 0 	 Loss 0.7296862481059608
2021-05-15 18:39:06,818 Epoch 1 	 Loss 0.49762292222662285
2021-05-15 18:39:32,829 Epoch 2 	 Loss 0.43284588495453635
2021-05-15 18:39:58,911 Epoch 3 	 Loss 0.40249692149214694
2021-05-15 18:40:25,078 Epoch 4 	 Loss 0.3783471376358808
2021-05-15 18:40:51,175 Epoch 5 	 Loss 0.35650639678095725
2021-05-15 18:41:17,285 Epoch 6 	 Loss 0.3417606663245421
2021-05-15 18:41:43,443 Epoch 7 	 Loss 0.32339956652332136
2021-05-15 18:42:09,635 Epoch 8 	 Loss 0.32782021983639226
2021-05-15 18:42:35,762 Epoch 9 	 Loss 0.31460628633970744
2021-05-15 18:43:02,027 Epoch 10 	 Loss 0.3003721838141536
2021-05-15 18:43:28,144 Epoch 11 	 Loss 0.2950991722908649
2021-05-15 18:43:54,356 Epoch 12 	 Loss 0.2969584938261535
2021-05-15 18:44:20,556 Epoch 13 	 Loss 0.2808291574755868
2021-05-15 18:44:46,752 Epoch 14 	 Loss 0.2760839601466944
2021-05-15 18:45:12,993 Epoch 15 	 Loss 0.2795661687850952
2021-05-15 18:45:39,144 Epoch 16 	 Loss 0.276704497225992
2021-05-15 18:46:05,338 Epoch 17 	 Loss 0.27159488102891943
2021-05-15 18:46:31,541 Epoch 18 	 Loss 0.2611835151910782
2021-05-15 18:46:57,624 Epoch 19 	 Loss 0.2571427396365574
2021-05-15 18:47:23,768 Epoch 20 	 Loss 0.25256752804085447
2021-05-15 18:47:49,951 Epoch 21 	 Loss 0.25865450173943905
2021-05-15 18:48:16,172 Epoch 22 	 Loss 0.25469413497945764
2021-05-15 18:48:42,360 Epoch 23 	 Loss 0.24764516196408115
2021-05-15 18:49:08,456 Epoch 24 	 Loss 0.24903751336611235
2021-05-15 18:49:34,612 Epoch 25 	 Loss 0.2517504346567196
2021-05-15 18:50:00,823 Epoch 26 	 Loss 0.24227908695792102
2021-05-15 18:50:26,913 Epoch 27 	 Loss 0.2377653683607395
2021-05-15 18:50:53,077 Epoch 28 	 Loss 0.22705041428843697
2021-05-15 18:51:19,225 Epoch 29 	 Loss 0.23037620429154282
2021-05-15 18:51:45,466 Epoch 30 	 Loss 0.23014276695775462
2021-05-15 18:52:11,721 Epoch 31 	 Loss 0.22287395416380285
2021-05-15 18:52:37,904 Epoch 32 	 Loss 0.22254023283392518
2021-05-15 18:53:04,137 Epoch 33 	 Loss 0.22017436990371117
2021-05-15 18:53:30,280 Epoch 34 	 Loss 0.22332643070718744
2021-05-15 18:53:56,572 Epoch 35 	 Loss 0.22199546291932956
2021-05-15 18:54:22,740 Epoch 36 	 Loss 0.22603528512703194
2021-05-15 18:54:48,883 Epoch 37 	 Loss 0.21715854648705368
2021-05-15 18:55:15,194 Epoch 38 	 Loss 0.2103965395427012
2021-05-15 18:55:41,385 Epoch 39 	 Loss 0.21507846997989402
2021-05-15 18:56:07,661 Epoch 40 	 Loss 0.21983249911240169
2021-05-15 18:56:33,836 Epoch 41 	 Loss 0.21011864958883641
2021-05-15 18:57:00,013 Epoch 42 	 Loss 0.20318973997792045
2021-05-15 18:57:26,213 Epoch 43 	 Loss 0.20521944581152318
2021-05-15 18:57:52,385 Epoch 44 	 Loss 0.19856413478379722
2021-05-15 18:58:18,573 Epoch 45 	 Loss 0.19814876491551872
2021-05-15 18:58:44,755 Epoch 46 	 Loss 0.20101526641583706
2021-05-15 18:59:10,917 Epoch 47 	 Loss 0.1982914068541684
2021-05-15 18:59:37,142 Epoch 48 	 Loss 0.19682990456675434
2021-05-15 19:00:03,332 Epoch 49 	 Loss 0.19143205226122678
2021-05-15 19:00:29,585 Epoch 50 	 Loss 0.19091334775253965
2021-05-15 19:00:55,721 Epoch 51 	 Loss 0.19135111963355933
2021-05-15 19:01:21,878 Epoch 52 	 Loss 0.18754336942028213
2021-05-15 19:01:48,103 Epoch 53 	 Loss 0.19214275659440638
2021-05-15 19:02:14,301 Epoch 54 	 Loss 0.18631369530499636
2021-05-15 19:02:40,449 Epoch 55 	 Loss 0.18673857620784215
2021-05-15 19:03:06,649 Epoch 56 	 Loss 0.18448501481459692
2021-05-15 19:03:32,838 Epoch 57 	 Loss 0.1849734589948759
2021-05-15 19:03:58,994 Epoch 58 	 Loss 0.18327765461507733
2021-05-15 19:04:25,180 Epoch 59 	 Loss 0.1816664580460433
2021-05-15 19:04:51,385 Epoch 60 	 Loss 0.1852621933916113
2021-05-15 19:05:17,642 Epoch 61 	 Loss 0.18362964149359817
2021-05-15 19:05:43,874 Epoch 62 	 Loss 0.17944589732112465
2021-05-15 19:06:10,078 Epoch 63 	 Loss 0.17587197514680716
2021-05-15 19:06:36,233 Epoch 64 	 Loss 0.17350637871812988
2021-05-15 19:07:02,389 Epoch 65 	 Loss 0.17552271026831406
2021-05-15 19:07:28,528 Epoch 66 	 Loss 0.1772397653414653
2021-05-15 19:07:54,735 Epoch 67 	 Loss 0.17279609309120492
2021-05-15 19:08:20,871 Epoch 68 	 Loss 0.17423973224320255
2021-05-15 19:08:46,982 Epoch 69 	 Loss 0.17023189554175178
2021-05-15 19:09:13,069 Epoch 70 	 Loss 0.16999872061577473
2021-05-15 19:09:39,196 Epoch 71 	 Loss 0.1727871562425907
2021-05-15 19:10:05,342 Epoch 72 	 Loss 0.17319611754718717
2021-05-15 19:10:31,515 Epoch 73 	 Loss 0.1716675606075224
2021-05-15 19:10:57,664 Epoch 74 	 Loss 0.16788744369705955
2021-05-15 19:11:23,885 Epoch 75 	 Loss 0.1686013524348919
2021-05-15 19:11:50,093 Epoch 76 	 Loss 0.16711640407095898
2021-05-15 19:12:16,357 Epoch 77 	 Loss 0.16525009552856068
2021-05-15 19:12:42,664 Epoch 78 	 Loss 0.1664884893612547
2021-05-15 19:13:08,753 Epoch 79 	 Loss 0.1657842870924499
2021-05-15 19:13:34,929 Epoch 80 	 Loss 0.16646827249736576
2021-05-15 19:14:01,157 Epoch 81 	 Loss 0.1664420830515715
2021-05-15 19:14:27,451 Epoch 82 	 Loss 0.16703595630415194
2021-05-15 19:14:53,564 Epoch 83 	 Loss 0.1636809713237888
2021-05-15 19:15:19,693 Epoch 84 	 Loss 0.16715581715106964
2021-05-15 19:15:45,940 Epoch 85 	 Loss 0.1660016535238905
2021-05-15 19:16:12,144 Epoch 86 	 Loss 0.164663953604279
2021-05-15 19:16:38,360 Epoch 87 	 Loss 0.1624923905173501
2021-05-15 19:17:04,667 Epoch 88 	 Loss 0.16448367067745753
2021-05-15 19:17:30,872 Epoch 89 	 Loss 0.16259140922473028
2021-05-15 19:17:57,084 Epoch 90 	 Loss 0.16322122440560832
2021-05-15 19:18:23,329 Epoch 91 	 Loss 0.1643871647807268
2021-05-15 19:18:49,506 Epoch 92 	 Loss 0.16523557033512618
2021-05-15 19:19:15,692 Epoch 93 	 Loss 0.16136837709736038
2021-05-15 19:19:41,885 Epoch 94 	 Loss 0.16181037157446473
2021-05-15 19:20:08,025 Epoch 95 	 Loss 0.1610096383553285
2021-05-15 19:20:34,302 Epoch 96 	 Loss 0.16148738235562712
2021-05-15 19:21:00,541 Epoch 97 	 Loss 0.1623176710454972
2021-05-15 19:21:26,741 Epoch 98 	 Loss 0.1631678832428796
2021-05-15 19:21:52,889 Epoch 99 	 Loss 0.16371016245294404
2021-05-15 19:22:11,171 RESULT FOR DATASET CVC-300

2021-05-15 19:22:11,171 ==============================
2021-05-15 19:22:11,171 

2021-05-15 19:22:11,171 recall: 0.9584353675444921

2021-05-15 19:22:11,171 specificity: 0.990058974424998

2021-05-15 19:22:11,171 precision: 0.8236632664377491

2021-05-15 19:22:11,171 F1: 0.8614486329257488

2021-05-15 19:22:11,171 F2: 0.8990038538972537

2021-05-15 19:22:11,171 ACC_overall: 0.9889828711748123

2021-05-15 19:22:11,171 IoU_poly: 0.7931480996931592

2021-05-15 19:22:11,171 IoU_bg: 0.9886570443709691

2021-05-15 19:22:11,171 IoU_mean: 0.890902570883433

2021-05-15 19:22:11,171 ==============================
2021-05-15 19:22:11,171 

2021-05-15 19:22:26,399 RESULT FOR DATASET CVC-ClinicDB

2021-05-15 19:22:26,399 ==============================
2021-05-15 19:22:26,399 

2021-05-15 19:22:26,400 recall: 0.9464069628907789

2021-05-15 19:22:26,400 specificity: 0.9947059308328936

2021-05-15 19:22:26,400 precision: 0.9173492318199526

2021-05-15 19:22:26,400 F1: 0.9272080943469079

2021-05-15 19:22:26,400 F2: 0.9365602462522445

2021-05-15 19:22:26,400 ACC_overall: 0.9921740812640036

2021-05-15 19:22:26,400 IoU_poly: 0.8769480114982974

2021-05-15 19:22:26,400 IoU_bg: 0.9905992006101916

2021-05-15 19:22:26,400 IoU_mean: 0.9337736050928792

2021-05-15 19:22:26,400 ==============================
2021-05-15 19:22:26,400 

2021-05-15 19:22:55,161 RESULT FOR DATASET Kvasir

2021-05-15 19:22:55,161 ==============================
2021-05-15 19:22:55,161 

2021-05-15 19:22:55,161 recall: 0.9069061890244484

2021-05-15 19:22:55,161 specificity: 0.9893843495845794

2021-05-15 19:22:55,161 precision: 0.9354875792562961

2021-05-15 19:22:55,161 F1: 0.9119007748365402

2021-05-15 19:22:55,161 F2: 0.9073554819822311

2021-05-15 19:22:55,161 ACC_overall: 0.9738667815923691

2021-05-15 19:22:55,161 IoU_poly: 0.8583383543789387

2021-05-15 19:22:55,161 IoU_bg: 0.9662507864832878

2021-05-15 19:22:55,161 IoU_mean: 0.9122945696115494

2021-05-15 19:22:55,162 ==============================
2021-05-15 19:22:55,162 

2021-05-15 19:24:44,447 RESULT FOR DATASET CVC-ColonDB

2021-05-15 19:24:44,447 ==============================
2021-05-15 19:24:44,447 

2021-05-15 19:24:44,447 recall: 0.8299440926489536

2021-05-15 19:24:44,447 specificity: 0.9854093675550661

2021-05-15 19:24:44,447 precision: 0.7809769279623747

2021-05-15 19:24:44,447 F1: 0.7629877315429631

2021-05-15 19:24:44,448 F2: 0.7835153906669491

2021-05-15 19:24:44,448 ACC_overall: 0.9617052177849569

2021-05-15 19:24:44,448 IoU_poly: 0.687450501544225

2021-05-15 19:24:44,448 IoU_bg: 0.9591796598936382

2021-05-15 19:24:44,448 IoU_mean: 0.8233150782553773

2021-05-15 19:24:44,448 ==============================
2021-05-15 19:24:44,448 

2021-05-15 19:26:03,957 RESULT FOR DATASET ETIS-LaribPolypDB

2021-05-15 19:26:03,957 ==============================
2021-05-15 19:26:03,957 

2021-05-15 19:26:03,957 recall: 0.8429499305631016

2021-05-15 19:26:03,957 specificity: 0.9836955316820923

2021-05-15 19:26:03,957 precision: 0.6775577245191355

2021-05-15 19:26:03,957 F1: 0.7267947672079507

2021-05-15 19:26:03,957 F2: 0.7786637434317953

2021-05-15 19:26:03,957 ACC_overall: 0.9818494253012598

2021-05-15 19:26:03,957 IoU_poly: 0.6455318767177061

2021-05-15 19:26:03,957 IoU_bg: 0.9808873683214188

2021-05-15 19:26:03,957 IoU_mean: 0.8132096234024787

2021-05-15 19:26:03,957 ==============================
2021-05-15 19:26:03,957 

