2021-05-16 08:49:50,588 Epoch 0 	 Loss 0.739781026001815
2021-05-16 08:50:17,035 Epoch 1 	 Loss 0.4806155313502301
2021-05-16 08:50:43,894 Epoch 2 	 Loss 0.42143288254737854
2021-05-16 08:51:10,967 Epoch 3 	 Loss 0.38128210522316314
2021-05-16 08:51:37,336 Epoch 4 	 Loss 0.36506760169516556
2021-05-16 08:52:03,663 Epoch 5 	 Loss 0.3398248101328755
2021-05-16 08:52:29,948 Epoch 6 	 Loss 0.33325956696337394
2021-05-16 08:52:56,364 Epoch 7 	 Loss 0.33135642684423006
2021-05-16 08:53:22,732 Epoch 8 	 Loss 0.31596818500822715
2021-05-16 08:53:49,149 Epoch 9 	 Loss 0.3031325540044805
2021-05-16 08:54:15,925 Epoch 10 	 Loss 0.3006374067985095
2021-05-16 08:54:43,833 Epoch 11 	 Loss 0.29998799978376745
2021-05-16 08:55:11,713 Epoch 12 	 Loss 0.29992300468486743
2021-05-16 08:55:39,557 Epoch 13 	 Loss 0.28295462422973505
2021-05-16 08:56:07,390 Epoch 14 	 Loss 0.27802450496416825
2021-05-16 08:56:35,241 Epoch 15 	 Loss 0.27315147794209993
2021-05-16 08:57:03,003 Epoch 16 	 Loss 0.27109711003172526
2021-05-16 08:57:30,941 Epoch 17 	 Loss 0.2610788296212207
2021-05-16 08:57:58,842 Epoch 18 	 Loss 0.2608719730115199
2021-05-16 08:58:26,759 Epoch 19 	 Loss 0.2623581765117226
2021-05-16 08:58:54,608 Epoch 20 	 Loss 0.26059858615581805
2021-05-16 08:59:22,611 Epoch 21 	 Loss 0.26565656770061663
2021-05-16 08:59:50,608 Epoch 22 	 Loss 0.2554374114497677
2021-05-16 09:00:18,207 Epoch 23 	 Loss 0.24602283766636482
2021-05-16 09:00:44,965 Epoch 24 	 Loss 0.23511154392918387
2021-05-16 09:01:11,736 Epoch 25 	 Loss 0.23432265729694576
2021-05-16 09:01:38,382 Epoch 26 	 Loss 0.23953393609314175
2021-05-16 09:02:05,309 Epoch 27 	 Loss 0.2335713708793724
2021-05-16 09:02:32,504 Epoch 28 	 Loss 0.23242020983617384
2021-05-16 09:02:59,760 Epoch 29 	 Loss 0.24234333405127892
2021-05-16 09:03:26,414 Epoch 30 	 Loss 0.24084999043862898
2021-05-16 09:03:53,438 Epoch 31 	 Loss 0.2254042916900509
2021-05-16 09:04:20,391 Epoch 32 	 Loss 0.24150539738136334
2021-05-16 09:04:47,184 Epoch 33 	 Loss 0.21833169362047217
2021-05-16 09:05:14,146 Epoch 34 	 Loss 0.22134082772574581
2021-05-16 09:05:40,673 Epoch 35 	 Loss 0.22410948869291242
2021-05-16 09:06:07,290 Epoch 36 	 Loss 0.21641253049557024
2021-05-16 09:06:34,029 Epoch 37 	 Loss 0.21625095081853343
2021-05-16 09:07:00,675 Epoch 38 	 Loss 0.22179738620480338
2021-05-16 09:07:27,322 Epoch 39 	 Loss 0.2133374605532531
2021-05-16 09:07:54,159 Epoch 40 	 Loss 0.2066034258721949
2021-05-16 09:08:21,144 Epoch 41 	 Loss 0.20625762461305974
2021-05-16 09:08:47,825 Epoch 42 	 Loss 0.2116546535884941
2021-05-16 09:09:14,899 Epoch 43 	 Loss 0.20740642570532286
2021-05-16 09:09:42,574 Epoch 44 	 Loss 0.2080183025899824
2021-05-16 09:10:09,584 Epoch 45 	 Loss 0.19916148467378303
2021-05-16 09:10:36,294 Epoch 46 	 Loss 0.19629181086362063
2021-05-16 09:11:02,939 Epoch 47 	 Loss 0.19984545681502794
2021-05-16 09:11:30,116 Epoch 48 	 Loss 0.19831472078522483
2021-05-16 09:11:57,238 Epoch 49 	 Loss 0.19820269221787926
2021-05-16 09:12:24,001 Epoch 50 	 Loss 0.20021608832118276
2021-05-16 09:12:50,890 Epoch 51 	 Loss 0.19667538476514293
2021-05-16 09:13:19,414 Epoch 52 	 Loss 0.19100992856444893
2021-05-16 09:13:47,320 Epoch 53 	 Loss 0.18949277518869756
2021-05-16 09:14:15,026 Epoch 54 	 Loss 0.1888169669187986
2021-05-16 09:14:42,629 Epoch 55 	 Loss 0.18363401342879285
2021-05-16 09:15:10,274 Epoch 56 	 Loss 0.18407022199787937
2021-05-16 09:15:37,862 Epoch 57 	 Loss 0.18527508142230276
2021-05-16 09:16:05,498 Epoch 58 	 Loss 0.1837171086898217
2021-05-16 09:16:33,145 Epoch 59 	 Loss 0.1839836909548267
2021-05-16 09:17:00,943 Epoch 60 	 Loss 0.17854629817244771
2021-05-16 09:17:28,582 Epoch 61 	 Loss 0.18080602537144672
2021-05-16 09:17:56,323 Epoch 62 	 Loss 0.18252757617405482
2021-05-16 09:18:23,723 Epoch 63 	 Loss 0.17926595892224992
2021-05-16 09:18:51,317 Epoch 64 	 Loss 0.1791008219614134
2021-05-16 09:19:18,737 Epoch 65 	 Loss 0.1768568415235687
2021-05-16 09:19:46,450 Epoch 66 	 Loss 0.17537095929895127
2021-05-16 09:20:14,232 Epoch 67 	 Loss 0.17547432881790204
2021-05-16 09:20:41,989 Epoch 68 	 Loss 0.1746045455827818
2021-05-16 09:21:09,855 Epoch 69 	 Loss 0.17430368860016812
2021-05-16 09:21:37,896 Epoch 70 	 Loss 0.17015039789807665
2021-05-16 09:22:05,483 Epoch 71 	 Loss 0.17182075600702684
2021-05-16 09:22:33,108 Epoch 72 	 Loss 0.1707631711448942
2021-05-16 09:23:00,719 Epoch 73 	 Loss 0.170192097897058
2021-05-16 09:23:28,354 Epoch 74 	 Loss 0.16995237784071282
2021-05-16 09:23:56,142 Epoch 75 	 Loss 0.1683759373295438
2021-05-16 09:24:23,910 Epoch 76 	 Loss 0.16811080260591194
2021-05-16 09:24:51,511 Epoch 77 	 Loss 0.16789707181217906
2021-05-16 09:25:19,146 Epoch 78 	 Loss 0.16937440175276536
2021-05-16 09:25:46,908 Epoch 79 	 Loss 0.16480195448621288
2021-05-16 09:26:14,654 Epoch 80 	 Loss 0.16543845177351774
2021-05-16 09:26:42,313 Epoch 81 	 Loss 0.16794220661069012
2021-05-16 09:27:10,139 Epoch 82 	 Loss 0.16336253400032336
2021-05-16 09:27:38,031 Epoch 83 	 Loss 0.16532078000542882
2021-05-16 09:28:05,810 Epoch 84 	 Loss 0.16378236733950102
2021-05-16 09:28:33,408 Epoch 85 	 Loss 0.16141831154351707
2021-05-16 09:29:00,861 Epoch 86 	 Loss 0.16592358855100778
2021-05-16 09:29:28,061 Epoch 87 	 Loss 0.1650876828602382
2021-05-16 09:29:55,905 Epoch 88 	 Loss 0.16329889163211153
2021-05-16 09:30:23,387 Epoch 89 	 Loss 0.1637913071355977
2021-05-16 09:30:50,573 Epoch 90 	 Loss 0.16023711958429315
2021-05-16 09:31:17,663 Epoch 91 	 Loss 0.16097322597608463
2021-05-16 09:31:45,643 Epoch 92 	 Loss 0.15921127845297803
2021-05-16 09:32:13,501 Epoch 93 	 Loss 0.16291665506886913
2021-05-16 09:32:41,433 Epoch 94 	 Loss 0.1651192579295609
2021-05-16 09:33:09,357 Epoch 95 	 Loss 0.16447692601890354
2021-05-16 09:33:37,195 Epoch 96 	 Loss 0.1602018591794339
2021-05-16 09:34:05,109 Epoch 97 	 Loss 0.15877267194318248
2021-05-16 09:34:32,941 Epoch 98 	 Loss 0.1628226726264744
2021-05-16 09:35:00,714 Epoch 99 	 Loss 0.1587094792297908
2021-05-16 09:35:21,667 RESULT FOR DATASET CVC-300

2021-05-16 09:35:21,667 ==============================
2021-05-16 09:35:21,667 

2021-05-16 09:35:21,667 recall: 0.9408780726293723

2021-05-16 09:35:21,667 specificity: 0.9935740907986959

2021-05-16 09:35:21,667 precision: 0.8534520383924246

2021-05-16 09:35:21,667 F1: 0.8742596517006557

2021-05-16 09:35:21,667 F2: 0.897632846236229

2021-05-16 09:35:21,667 ACC_overall: 0.9916241596142451

2021-05-16 09:35:21,667 IoU_poly: 0.812372067819039

2021-05-16 09:35:21,667 IoU_bg: 0.9914089232683182

2021-05-16 09:35:21,667 IoU_mean: 0.9018904998898506

2021-05-16 09:35:21,667 ==============================
2021-05-16 09:35:21,667 

2021-05-16 09:35:38,209 RESULT FOR DATASET CVC-ClinicDB

2021-05-16 09:35:38,209 ==============================
2021-05-16 09:35:38,209 

2021-05-16 09:35:38,209 recall: 0.951632849631771

2021-05-16 09:35:38,209 specificity: 0.9942481162086609

2021-05-16 09:35:38,209 precision: 0.9109046155166242

2021-05-16 09:35:38,209 F1: 0.919256704468881

2021-05-16 09:35:38,209 F2: 0.9296978952423218

2021-05-16 09:35:38,209 ACC_overall: 0.9916146291840461

2021-05-16 09:35:38,209 IoU_poly: 0.8716284126764343

2021-05-16 09:35:38,209 IoU_bg: 0.9901535222607274

2021-05-16 09:35:38,209 IoU_mean: 0.9308909668076423

2021-05-16 09:35:38,210 ==============================
2021-05-16 09:35:38,210 

2021-05-16 09:36:10,730 RESULT FOR DATASET Kvasir

2021-05-16 09:36:10,730 ==============================
2021-05-16 09:36:10,730 

2021-05-16 09:36:10,730 recall: 0.9119183768332004

2021-05-16 09:36:10,730 specificity: 0.9883226317167282

2021-05-16 09:36:10,730 precision: 0.9358824613690376

2021-05-16 09:36:10,730 F1: 0.9117291289567947

2021-05-16 09:36:10,730 F2: 0.9089770147204399

2021-05-16 09:36:10,730 ACC_overall: 0.9752430379390716

2021-05-16 09:36:10,730 IoU_poly: 0.8603536234796048

2021-05-16 09:36:10,730 IoU_bg: 0.96859777957201

2021-05-16 09:36:10,730 IoU_mean: 0.9144756999611855

2021-05-16 09:36:10,730 ==============================
2021-05-16 09:36:10,730 

2021-05-16 09:38:14,497 RESULT FOR DATASET CVC-ColonDB

2021-05-16 09:38:14,497 ==============================
2021-05-16 09:38:14,497 

2021-05-16 09:38:14,497 recall: 0.8387410482781122

2021-05-16 09:38:14,497 specificity: 0.9649583590658087

2021-05-16 09:38:14,497 precision: 0.7680485809667468

2021-05-16 09:38:14,498 F1: 0.7515189163228762

2021-05-16 09:38:14,498 F2: 0.7689311020819619

2021-05-16 09:38:14,498 ACC_overall: 0.947807586820502

2021-05-16 09:38:14,498 IoU_poly: 0.6759825437078545

2021-05-16 09:38:14,498 IoU_bg: 0.9429310318670775

2021-05-16 09:38:14,498 IoU_mean: 0.8094567894935608

2021-05-16 09:38:14,498 ==============================
2021-05-16 09:38:14,498 

2021-05-16 09:39:42,135 RESULT FOR DATASET ETIS-LaribPolypDB

2021-05-16 09:39:42,135 ==============================
2021-05-16 09:39:42,135 

2021-05-16 09:39:42,135 recall: 0.8974511712293286

2021-05-16 09:39:42,135 specificity: 0.977551100205402

2021-05-16 09:39:42,135 precision: 0.6907223317444612

2021-05-16 09:39:42,135 F1: 0.7415365916039524

2021-05-16 09:39:42,135 F2: 0.7990760510610369

2021-05-16 09:39:42,135 ACC_overall: 0.9761951851601504

2021-05-16 09:39:42,135 IoU_poly: 0.6595733598928839

2021-05-16 09:39:42,136 IoU_bg: 0.9752366199177138

2021-05-16 09:39:42,136 IoU_mean: 0.8174049922702263

2021-05-16 09:39:42,136 ==============================
2021-05-16 09:39:42,136 

