2021-05-15 19:26:33,864 Epoch 0 	 Loss 0.7403058478465447
2021-05-15 19:27:00,441 Epoch 1 	 Loss 0.4812376112728329
2021-05-15 19:27:27,040 Epoch 2 	 Loss 0.4279455067692222
2021-05-15 19:27:53,777 Epoch 3 	 Loss 0.3999740463364255
2021-05-15 19:28:20,505 Epoch 4 	 Loss 0.36451322855530205
2021-05-15 19:28:47,277 Epoch 5 	 Loss 0.34386137733747674
2021-05-15 19:29:14,001 Epoch 6 	 Loss 0.3362654797978454
2021-05-15 19:29:40,847 Epoch 7 	 Loss 0.3257096196923937
2021-05-15 19:30:07,624 Epoch 8 	 Loss 0.31905289976806434
2021-05-15 19:30:34,450 Epoch 9 	 Loss 0.3018136713858489
2021-05-15 19:31:01,189 Epoch 10 	 Loss 0.2935294779119911
2021-05-15 19:31:27,976 Epoch 11 	 Loss 0.29919780839930527
2021-05-15 19:31:54,852 Epoch 12 	 Loss 0.294865152829296
2021-05-15 19:32:21,654 Epoch 13 	 Loss 0.2845343233464838
2021-05-15 19:32:48,452 Epoch 14 	 Loss 0.27487752054418835
2021-05-15 19:33:15,156 Epoch 15 	 Loss 0.2861516442927685
2021-05-15 19:33:41,803 Epoch 16 	 Loss 0.28052221959108836
2021-05-15 19:34:08,541 Epoch 17 	 Loss 0.26784326348985943
2021-05-15 19:34:35,262 Epoch 18 	 Loss 0.2640244207539401
2021-05-15 19:35:01,958 Epoch 19 	 Loss 0.2513410219779381
2021-05-15 19:35:28,708 Epoch 20 	 Loss 0.25122680703362266
2021-05-15 19:35:55,425 Epoch 21 	 Loss 0.2453572882728262
2021-05-15 19:36:22,158 Epoch 22 	 Loss 0.25105070969560644
2021-05-15 19:36:48,943 Epoch 23 	 Loss 0.24676459405448412
2021-05-15 19:37:15,624 Epoch 24 	 Loss 0.2400722623198897
2021-05-15 19:37:42,401 Epoch 25 	 Loss 0.23922530717247134
2021-05-15 19:38:09,215 Epoch 26 	 Loss 0.2425490141242415
2021-05-15 19:38:36,103 Epoch 27 	 Loss 0.2357312118286615
2021-05-15 19:39:02,802 Epoch 28 	 Loss 0.22900798884066906
2021-05-15 19:39:29,476 Epoch 29 	 Loss 0.25170926405833316
2021-05-15 19:39:56,273 Epoch 30 	 Loss 0.231835112794415
2021-05-15 19:40:22,986 Epoch 31 	 Loss 0.22495865772713672
2021-05-15 19:40:49,781 Epoch 32 	 Loss 0.21872467392093534
2021-05-15 19:41:16,473 Epoch 33 	 Loss 0.2216908866232568
2021-05-15 19:41:43,203 Epoch 34 	 Loss 0.21334482303687505
2021-05-15 19:42:10,056 Epoch 35 	 Loss 0.2189582293177699
2021-05-15 19:42:36,866 Epoch 36 	 Loss 0.2233726238156413
2021-05-15 19:43:03,666 Epoch 37 	 Loss 0.21992585717976748
2021-05-15 19:43:30,403 Epoch 38 	 Loss 0.21101892485723392
2021-05-15 19:43:57,198 Epoch 39 	 Loss 0.22469934460880991
2021-05-15 19:44:23,997 Epoch 40 	 Loss 0.21024885511660313
2021-05-15 19:44:50,833 Epoch 41 	 Loss 0.20812065375375224
2021-05-15 19:45:17,551 Epoch 42 	 Loss 0.2053141305734823
2021-05-15 19:45:44,408 Epoch 43 	 Loss 0.2014812136089409
2021-05-15 19:46:11,287 Epoch 44 	 Loss 0.20453595181742867
2021-05-15 19:46:38,106 Epoch 45 	 Loss 0.20177588898401994
2021-05-15 19:47:04,839 Epoch 46 	 Loss 0.20450150213398777
2021-05-15 19:47:31,596 Epoch 47 	 Loss 0.19998454785608982
2021-05-15 19:47:58,320 Epoch 48 	 Loss 0.19462856977850526
2021-05-15 19:48:25,066 Epoch 49 	 Loss 0.19469538756779262
2021-05-15 19:48:51,753 Epoch 50 	 Loss 0.1948343908393776
2021-05-15 19:49:18,571 Epoch 51 	 Loss 0.1927767861020434
2021-05-15 19:49:45,306 Epoch 52 	 Loss 0.1910993781063583
2021-05-15 19:50:12,116 Epoch 53 	 Loss 0.19118478206487802
2021-05-15 19:50:38,893 Epoch 54 	 Loss 0.19110887096478388
2021-05-15 19:51:05,673 Epoch 55 	 Loss 0.1875475260255101
2021-05-15 19:51:32,419 Epoch 56 	 Loss 0.19179953372740483
2021-05-15 19:51:59,212 Epoch 57 	 Loss 0.18551682312409956
2021-05-15 19:52:25,972 Epoch 58 	 Loss 0.18850333317295537
2021-05-15 19:52:52,726 Epoch 59 	 Loss 0.18564082518383695
2021-05-15 19:53:19,441 Epoch 60 	 Loss 0.1828573947096919
2021-05-15 19:53:46,230 Epoch 61 	 Loss 0.18195763475947327
2021-05-15 19:54:13,048 Epoch 62 	 Loss 0.18429227091453887
2021-05-15 19:54:39,751 Epoch 63 	 Loss 0.18071067382346143
2021-05-15 19:55:06,491 Epoch 64 	 Loss 0.18015115339677412
2021-05-15 19:55:33,254 Epoch 65 	 Loss 0.1766005387673011
2021-05-15 19:56:00,052 Epoch 66 	 Loss 0.1763530941782417
2021-05-15 19:56:26,793 Epoch 67 	 Loss 0.174289828145897
2021-05-15 19:56:53,554 Epoch 68 	 Loss 0.17668310069775844
2021-05-15 19:57:20,350 Epoch 69 	 Loss 0.17377527459309652
2021-05-15 19:57:47,108 Epoch 70 	 Loss 0.1757471305983407
2021-05-15 19:58:13,928 Epoch 71 	 Loss 0.1761003934092574
2021-05-15 19:58:40,670 Epoch 72 	 Loss 0.17438610716835484
2021-05-15 19:59:07,421 Epoch 73 	 Loss 0.16894239301864916
2021-05-15 19:59:34,082 Epoch 74 	 Loss 0.17041899263858795
2021-05-15 20:00:00,805 Epoch 75 	 Loss 0.16809944661109003
2021-05-15 20:00:27,577 Epoch 76 	 Loss 0.17078494190514742
2021-05-15 20:00:54,353 Epoch 77 	 Loss 0.17019398166583136
2021-05-15 20:01:21,193 Epoch 78 	 Loss 0.16705662085787282
2021-05-15 20:01:47,965 Epoch 79 	 Loss 0.16583818066251146
2021-05-15 20:02:14,770 Epoch 80 	 Loss 0.16723485241879474
2021-05-15 20:02:41,599 Epoch 81 	 Loss 0.1667551453951951
2021-05-15 20:03:09,151 Epoch 82 	 Loss 0.1660818752351698
2021-05-15 20:03:36,614 Epoch 83 	 Loss 0.16749404419909467
2021-05-15 20:04:03,557 Epoch 84 	 Loss 0.16842640625251518
2021-05-15 20:04:30,513 Epoch 85 	 Loss 0.16353107939709674
2021-05-15 20:04:57,377 Epoch 86 	 Loss 0.1646567445534926
2021-05-15 20:05:24,602 Epoch 87 	 Loss 0.163234287074634
2021-05-15 20:05:51,604 Epoch 88 	 Loss 0.16415223184522693
2021-05-15 20:06:18,745 Epoch 89 	 Loss 0.16383639051691518
2021-05-15 20:06:45,990 Epoch 90 	 Loss 0.16532141666163455
2021-05-15 20:07:13,516 Epoch 91 	 Loss 0.1623670036321158
2021-05-15 20:07:41,327 Epoch 92 	 Loss 0.16576758059826527
2021-05-15 20:08:08,738 Epoch 93 	 Loss 0.1635496164416219
2021-05-15 20:08:36,071 Epoch 94 	 Loss 0.16281842595928317
2021-05-15 20:09:02,945 Epoch 95 	 Loss 0.16361932341869062
2021-05-15 20:09:30,323 Epoch 96 	 Loss 0.16237583821946447
2021-05-15 20:09:57,454 Epoch 97 	 Loss 0.16490573853581816
2021-05-15 20:10:24,307 Epoch 98 	 Loss 0.16688402652085482
2021-05-15 20:10:51,969 Epoch 99 	 Loss 0.1631742835372359
2021-05-15 20:11:12,490 RESULT FOR DATASET CVC-300

2021-05-15 20:11:12,490 ==============================
2021-05-15 20:11:12,490 

2021-05-15 20:11:12,490 recall: 0.9629920572042465

2021-05-15 20:11:12,490 specificity: 0.9898873825867971

2021-05-15 20:11:12,490 precision: 0.8200192497422297

2021-05-15 20:11:12,491 F1: 0.8636118010928233

2021-05-15 20:11:12,491 F2: 0.9037218347191811

2021-05-15 20:11:12,491 ACC_overall: 0.9889565567175548

2021-05-15 20:11:12,491 IoU_poly: 0.793144801321129

2021-05-15 20:11:12,491 IoU_bg: 0.9885867327451706

2021-05-15 20:11:12,491 IoU_mean: 0.890865762035052

2021-05-15 20:11:12,491 ==============================
2021-05-15 20:11:12,491 

2021-05-15 20:11:29,542 RESULT FOR DATASET CVC-ClinicDB

2021-05-15 20:11:29,542 ==============================
2021-05-15 20:11:29,542 

2021-05-15 20:11:29,542 recall: 0.9516988069780411

2021-05-15 20:11:29,542 specificity: 0.994154010088213

2021-05-15 20:11:29,542 precision: 0.915933319397511

2021-05-15 20:11:29,542 F1: 0.9246654503287808

2021-05-15 20:11:29,542 F2: 0.9339767108040471

2021-05-15 20:11:29,542 ACC_overall: 0.9911827954553789

2021-05-15 20:11:29,542 IoU_poly: 0.8748486964933334

2021-05-15 20:11:29,542 IoU_bg: 0.9895898142168599

2021-05-15 20:11:29,542 IoU_mean: 0.9322192524710009

2021-05-15 20:11:29,543 ==============================
2021-05-15 20:11:29,543 

2021-05-15 20:12:00,978 RESULT FOR DATASET Kvasir

2021-05-15 20:12:00,978 ==============================
2021-05-15 20:12:00,978 

2021-05-15 20:12:00,978 recall: 0.9084843024425209

2021-05-15 20:12:00,978 specificity: 0.9897382485866547

2021-05-15 20:12:00,978 precision: 0.9396437303721905

2021-05-15 20:12:00,978 F1: 0.9141829409822821

2021-05-15 20:12:00,978 F2: 0.908825877867639

2021-05-15 20:12:00,978 ACC_overall: 0.9737479388713837

2021-05-15 20:12:00,978 IoU_poly: 0.8640986197441817

2021-05-15 20:12:00,978 IoU_bg: 0.9659619179368019

2021-05-15 20:12:00,978 IoU_mean: 0.9150302708148956

2021-05-15 20:12:00,978 ==============================
2021-05-15 20:12:00,979 

2021-05-15 20:14:00,569 RESULT FOR DATASET CVC-ColonDB

2021-05-15 20:14:00,570 ==============================
2021-05-15 20:14:00,570 

2021-05-15 20:14:00,570 recall: 0.8237635492630105

2021-05-15 20:14:00,570 specificity: 0.9829936435348109

2021-05-15 20:14:00,570 precision: 0.7965909213527514

2021-05-15 20:14:00,570 F1: 0.7613306614629868

2021-05-15 20:14:00,570 F2: 0.7777585921690795

2021-05-15 20:14:00,570 ACC_overall: 0.9605511844158172

2021-05-15 20:14:00,570 IoU_poly: 0.682830265997829

2021-05-15 20:14:00,570 IoU_bg: 0.956849470577742

2021-05-15 20:14:00,570 IoU_mean: 0.8198398666946511

2021-05-15 20:14:00,570 ==============================
2021-05-15 20:14:00,570 

2021-05-15 20:15:26,230 RESULT FOR DATASET ETIS-LaribPolypDB

2021-05-15 20:15:26,230 ==============================
2021-05-15 20:15:26,230 

2021-05-15 20:15:26,230 recall: 0.8550646452643248

2021-05-15 20:15:26,230 specificity: 0.9843141238908378

2021-05-15 20:15:26,230 precision: 0.6959889926637358

2021-05-15 20:15:26,231 F1: 0.7324074024857612

2021-05-15 20:15:26,231 F2: 0.7855983514885209

2021-05-15 20:15:26,231 ACC_overall: 0.982063542519297

2021-05-15 20:15:26,231 IoU_poly: 0.6467572773500617

2021-05-15 20:15:26,231 IoU_bg: 0.9812676109829728

2021-05-15 20:15:26,231 IoU_mean: 0.814012443988907

2021-05-15 20:15:26,231 ==============================
2021-05-15 20:15:26,231 

