2021-05-29 15:43:11,481 Epoch 0 	 Loss 0.6693304164724035
2021-05-29 15:44:26,739 Epoch 1 	 Loss 0.43542267758767683
2021-05-29 15:45:42,138 Epoch 2 	 Loss 0.3901490854037987
2021-05-29 15:46:57,647 Epoch 3 	 Loss 0.36906448219503674
2021-05-29 15:48:13,325 Epoch 4 	 Loss 0.3528297294627179
2021-05-29 15:49:29,137 Epoch 5 	 Loss 0.32559156335972167
2021-05-29 15:50:45,094 Epoch 6 	 Loss 0.321493285206648
2021-05-29 15:52:00,976 Epoch 7 	 Loss 0.3152987072756002
2021-05-29 15:53:16,603 Epoch 8 	 Loss 0.3088557666147148
2021-05-29 15:54:32,537 Epoch 9 	 Loss 0.2928120215515514
2021-05-29 15:55:48,392 Epoch 10 	 Loss 0.28459520670738847
2021-05-29 15:57:04,200 Epoch 11 	 Loss 0.2854729853161089
2021-05-29 15:58:20,086 Epoch 12 	 Loss 0.2856981590553954
2021-05-29 15:59:35,925 Epoch 13 	 Loss 0.2648249759778872
2021-05-29 16:00:51,728 Epoch 14 	 Loss 0.26414737219993883
2021-05-29 16:02:07,671 Epoch 15 	 Loss 0.2580608288337896
2021-05-29 16:03:23,680 Epoch 16 	 Loss 0.26698257389304403
2021-05-29 16:04:39,749 Epoch 17 	 Loss 0.25302151729772376
2021-05-29 16:05:55,714 Epoch 18 	 Loss 0.2492560754110525
2021-05-29 16:07:11,652 Epoch 19 	 Loss 0.24181443108962133
2021-05-29 16:08:27,613 Epoch 20 	 Loss 0.24662691387501393
2021-05-29 16:09:43,442 Epoch 21 	 Loss 0.23894010467843696
2021-05-29 16:10:59,389 Epoch 22 	 Loss 0.23458198269644936
2021-05-29 16:12:15,088 Epoch 23 	 Loss 0.2420484110876754
2021-05-29 16:13:30,899 Epoch 24 	 Loss 0.23268005006260925
2021-05-29 16:14:46,722 Epoch 25 	 Loss 0.22459800656025225
2021-05-29 16:16:02,599 Epoch 26 	 Loss 0.2264059502017367
2021-05-29 16:17:18,615 Epoch 27 	 Loss 0.2226674666444024
2021-05-29 16:18:34,511 Epoch 28 	 Loss 0.2153452911547252
2021-05-29 16:19:50,353 Epoch 29 	 Loss 0.22040642306699856
2021-05-29 16:21:06,345 Epoch 30 	 Loss 0.2266956559576831
2021-05-29 16:22:22,406 Epoch 31 	 Loss 0.21448266145947215
2021-05-29 16:23:38,272 Epoch 32 	 Loss 0.20939283727944552
2021-05-29 16:24:54,246 Epoch 33 	 Loss 0.20822984618800028
2021-05-29 16:26:10,157 Epoch 34 	 Loss 0.216356302519421
2021-05-29 16:27:26,057 Epoch 35 	 Loss 0.20766080375556106
2021-05-29 16:28:41,973 Epoch 36 	 Loss 0.2003622190965401
2021-05-29 16:29:58,064 Epoch 37 	 Loss 0.19656555927716768
2021-05-29 16:31:13,961 Epoch 38 	 Loss 0.19897722084443648
2021-05-29 16:32:29,826 Epoch 39 	 Loss 0.19912708870002202
2021-05-29 16:33:45,518 Epoch 40 	 Loss 0.19517565477680374
2021-05-29 16:35:01,409 Epoch 41 	 Loss 0.1905325066584807
2021-05-29 16:36:17,278 Epoch 42 	 Loss 0.1912461918788952
2021-05-29 16:37:33,117 Epoch 43 	 Loss 0.1899858587063276
2021-05-29 16:38:49,122 Epoch 44 	 Loss 0.18852948307336032
2021-05-29 16:40:05,137 Epoch 45 	 Loss 0.18559982996065538
2021-05-29 16:41:21,143 Epoch 46 	 Loss 0.18296466718663226
2021-05-29 16:42:37,022 Epoch 47 	 Loss 0.189808488710896
2021-05-29 16:43:52,957 Epoch 48 	 Loss 0.1797444923565938
2021-05-29 16:45:08,766 Epoch 49 	 Loss 0.17461430633461084
2021-05-29 16:46:24,600 Epoch 50 	 Loss 0.18048905720422556
2021-05-29 16:47:40,421 Epoch 51 	 Loss 0.1726133962581446
2021-05-29 16:48:56,350 Epoch 52 	 Loss 0.17059494767870223
2021-05-29 16:50:12,151 Epoch 53 	 Loss 0.17171164692103208
2021-05-29 16:51:28,033 Epoch 54 	 Loss 0.17141969092599638
2021-05-29 16:52:43,828 Epoch 55 	 Loss 0.16695820695751315
2021-05-29 16:53:59,710 Epoch 56 	 Loss 0.16735679025833422
2021-05-29 16:55:15,484 Epoch 57 	 Loss 0.1635284764426095
2021-05-29 16:56:31,155 Epoch 58 	 Loss 0.16552594410521643
2021-05-29 16:57:46,898 Epoch 59 	 Loss 0.16423484683036804
2021-05-29 16:59:02,773 Epoch 60 	 Loss 0.16324117149298006
2021-05-29 17:00:18,528 Epoch 61 	 Loss 0.16606179452859438
2021-05-29 17:01:34,351 Epoch 62 	 Loss 0.15652791566246158
2021-05-29 17:02:50,189 Epoch 63 	 Loss 0.15736996554411375
2021-05-29 17:04:06,014 Epoch 64 	 Loss 0.15877634860002077
2021-05-29 17:05:21,946 Epoch 65 	 Loss 0.15639548691419455
2021-05-29 17:06:37,722 Epoch 66 	 Loss 0.15616003432116665
2021-05-29 17:07:53,578 Epoch 67 	 Loss 0.15718696823159417
2021-05-29 17:09:09,553 Epoch 68 	 Loss 0.1581701927787655
2021-05-29 17:10:25,371 Epoch 69 	 Loss 0.1550728425711066
2021-05-29 17:11:41,188 Epoch 70 	 Loss 0.15108022200209753
2021-05-29 17:12:57,009 Epoch 71 	 Loss 0.15345239835781055
2021-05-29 17:14:12,726 Epoch 72 	 Loss 0.14980725542857096
2021-05-29 17:15:28,499 Epoch 73 	 Loss 0.15137164957903243
2021-05-29 17:16:44,319 Epoch 74 	 Loss 0.1504423432461508
2021-05-29 17:18:00,198 Epoch 75 	 Loss 0.14942043258266136
2021-05-29 17:19:16,095 Epoch 76 	 Loss 0.14911809268888537
2021-05-29 17:20:31,874 Epoch 77 	 Loss 0.14720304015573565
2021-05-29 17:21:47,557 Epoch 78 	 Loss 0.14706492530448095
2021-05-29 17:23:03,455 Epoch 79 	 Loss 0.14548649581579062
2021-05-29 17:24:19,312 Epoch 80 	 Loss 0.1452663343522575
2021-05-29 17:25:35,185 Epoch 81 	 Loss 0.14571739405721099
2021-05-29 17:26:50,973 Epoch 82 	 Loss 0.14342884129875308
2021-05-29 17:28:06,795 Epoch 83 	 Loss 0.14507275926215307
2021-05-29 17:29:22,686 Epoch 84 	 Loss 0.1421014694394646
2021-05-29 17:30:38,662 Epoch 85 	 Loss 0.1448988234112551
2021-05-29 17:31:54,522 Epoch 86 	 Loss 0.14296562462062626
2021-05-29 17:33:10,445 Epoch 87 	 Loss 0.1463635904448373
2021-05-29 17:34:26,366 Epoch 88 	 Loss 0.14349576994612978
2021-05-29 17:35:42,109 Epoch 89 	 Loss 0.1455185998763357
2021-05-29 17:36:57,875 Epoch 90 	 Loss 0.14265578592216577
2021-05-29 17:38:13,585 Epoch 91 	 Loss 0.14407507289241958
2021-05-29 17:39:29,382 Epoch 92 	 Loss 0.1432101002761296
2021-05-29 17:40:45,343 Epoch 93 	 Loss 0.14144318763698852
2021-05-29 17:42:02,369 Epoch 94 	 Loss 0.14073517468276914
2021-05-29 17:43:18,187 Epoch 95 	 Loss 0.14298633395970523
2021-05-29 17:44:34,058 Epoch 96 	 Loss 0.1420222989150456
2021-05-29 17:45:49,907 Epoch 97 	 Loss 0.14205175400762768
2021-05-29 17:47:05,696 Epoch 98 	 Loss 0.1419651727754991
2021-05-29 17:48:21,517 Epoch 99 	 Loss 0.14463787665078928
2021-05-29 17:48:42,241 RESULT FOR DATASET CVC-300

2021-05-29 17:48:42,241 ==============================
2021-05-29 17:48:42,241 

2021-05-29 17:48:42,241 recall: 0.9504030833641688

2021-05-29 17:48:42,241 specificity: 0.9930710464715957

2021-05-29 17:48:42,241 precision: 0.837552077571551

2021-05-29 17:48:42,241 F1: 0.8714058404167493

2021-05-29 17:48:42,241 F2: 0.9060266797741254

2021-05-29 17:48:42,242 ACC_overall: 0.9913728217283885

2021-05-29 17:48:42,242 IoU_poly: 0.7994636175533135

2021-05-29 17:48:42,242 IoU_bg: 0.9910340756177902

2021-05-29 17:48:42,242 IoU_mean: 0.8952488481998444

2021-05-29 17:48:42,242 ==============================
2021-05-29 17:48:42,242 

2021-05-29 17:48:57,756 RESULT FOR DATASET CVC-ClinicDB

2021-05-29 17:48:57,757 ==============================
2021-05-29 17:48:57,757 

2021-05-29 17:48:57,757 recall: 0.9360234376884276

2021-05-29 17:48:57,757 specificity: 0.9953653283657566

2021-05-29 17:48:57,757 precision: 0.928018924690062

2021-05-29 17:48:57,757 F1: 0.9171441243097727

2021-05-29 17:48:57,757 F2: 0.9242592601691403

2021-05-29 17:48:57,757 ACC_overall: 0.9922751495915074

2021-05-29 17:48:57,757 IoU_poly: 0.8701074397371661

2021-05-29 17:48:57,757 IoU_bg: 0.9907457963112862

2021-05-29 17:48:57,757 IoU_mean: 0.9304266216293458

2021-05-29 17:48:57,757 ==============================
2021-05-29 17:48:57,757 

2021-05-29 17:49:27,417 RESULT FOR DATASET Kvasir

2021-05-29 17:49:27,417 ==============================
2021-05-29 17:49:27,418 

2021-05-29 17:49:27,418 recall: 0.8918407020993618

2021-05-29 17:49:27,418 specificity: 0.9898627203702927

2021-05-29 17:49:27,418 precision: 0.9398976046606186

2021-05-29 17:49:27,418 F1: 0.9032195353416319

2021-05-29 17:49:27,418 F2: 0.8941374250699664

2021-05-29 17:49:27,418 ACC_overall: 0.9707101398706436

2021-05-29 17:49:27,418 IoU_poly: 0.849410712719091

2021-05-29 17:49:27,418 IoU_bg: 0.9632306405901909

2021-05-29 17:49:27,418 IoU_mean: 0.9063206773996353

2021-05-29 17:49:27,418 ==============================
2021-05-29 17:49:27,418 

2021-05-29 17:51:20,491 RESULT FOR DATASET CVC-ColonDB

2021-05-29 17:51:20,491 ==============================
2021-05-29 17:51:20,491 

2021-05-29 17:51:20,491 recall: 0.7277212372632041

2021-05-29 17:51:20,491 specificity: 0.994195145839139

2021-05-29 17:51:20,491 precision: 0.852514613081669

2021-05-29 17:51:20,491 F1: 0.7105810724304535

2021-05-29 17:51:20,491 F2: 0.7146933748367736

2021-05-29 17:51:20,491 ACC_overall: 0.9639142470140206

2021-05-29 17:51:20,491 IoU_poly: 0.6472513869848686

2021-05-29 17:51:20,491 IoU_bg: 0.9624182067419353

2021-05-29 17:51:20,492 IoU_mean: 0.8048347995469445

2021-05-29 17:51:20,492 ==============================
2021-05-29 17:51:20,492 

2021-05-29 17:52:42,384 RESULT FOR DATASET ETIS-LaribPolypDB

2021-05-29 17:52:42,384 ==============================
2021-05-29 17:52:42,384 

2021-05-29 17:52:42,384 recall: 0.8020940713201099

2021-05-29 17:52:42,384 specificity: 0.9915156641176769

2021-05-29 17:52:42,384 precision: 0.836968224898755

2021-05-29 17:52:42,384 F1: 0.7482269830003523

2021-05-29 17:52:42,384 F2: 0.7733571977319023

2021-05-29 17:52:42,384 ACC_overall: 0.9882663467100689

2021-05-29 17:52:42,384 IoU_poly: 0.6761067905068808

2021-05-29 17:52:42,384 IoU_bg: 0.987542954634647

2021-05-29 17:52:42,384 IoU_mean: 0.8318248725667292

2021-05-29 17:52:42,384 ==============================
2021-05-29 17:52:42,384 

