2021-04-24 19:13:48,587 RESULT FOR DATASET CVC-300

2021-04-24 19:13:48,587 ==============================
2021-04-24 19:13:48,587 

2021-04-24 19:13:48,588 recall: 0.9132723079373439

2021-04-24 19:13:48,588 specificity: 0.9955329835414887

2021-04-24 19:13:48,588 precision: 0.8907438308000565

2021-04-24 19:13:48,588 F1: 0.8830045065745556

2021-04-24 19:13:48,588 F2: 0.8984949435088008

2021-04-24 19:13:48,588 ACC_overall: 0.993582871556282

2021-04-24 19:13:48,588 IoU_poly: 0.8152486186474561

2021-04-24 19:13:48,588 IoU_bg: 0.9933165272076925

2021-04-24 19:13:48,588 IoU_mean: 0.9042825733621915

2021-04-24 19:13:48,588 ==============================
2021-04-24 19:13:48,588 

2021-04-24 19:14:05,101 RESULT FOR DATASET CVC-ClinicDB

2021-04-24 19:14:05,101 ==============================
2021-04-24 19:14:05,101 

2021-04-24 19:14:05,101 recall: 0.8623073474436458

2021-04-24 19:14:05,101 specificity: 0.9953886328204986

2021-04-24 19:14:05,101 precision: 0.9262745577481485

2021-04-24 19:14:05,101 F1: 0.8598430035016199

2021-04-24 19:14:05,101 F2: 0.860215468874817

2021-04-24 19:14:05,101 ACC_overall: 0.985588849552216

2021-04-24 19:14:05,101 IoU_poly: 0.8077223387118729

2021-04-24 19:14:05,101 IoU_bg: 0.9841762185096741

2021-04-24 19:14:05,102 IoU_mean: 0.8959492848765466

2021-04-24 19:14:05,102 ==============================
2021-04-24 19:14:05,102 

2021-04-24 19:14:36,577 RESULT FOR DATASET Kvasir

2021-04-24 19:14:36,577 ==============================
2021-04-24 19:14:36,577 

2021-04-24 19:14:36,577 recall: 0.8608195676183095

2021-04-24 19:14:36,577 specificity: 0.990290652513504

2021-04-24 19:14:36,578 precision: 0.9289292176067829

2021-04-24 19:14:36,578 F1: 0.869680490642204

2021-04-24 19:14:36,578 F2: 0.8602592031394306

2021-04-24 19:14:36,578 ACC_overall: 0.9647216373682022

2021-04-24 19:14:36,578 IoU_poly: 0.803594850403606

2021-04-24 19:14:36,578 IoU_bg: 0.9565386867523193

2021-04-24 19:14:36,578 IoU_mean: 0.8800667700171471

2021-04-24 19:14:36,578 ==============================
2021-04-24 19:14:36,578 

2021-04-24 19:16:35,751 RESULT FOR DATASET CVC-ColonDB

2021-04-24 19:16:35,751 ==============================
2021-04-24 19:16:35,751 

2021-04-24 19:16:35,752 recall: 0.6548351342116144

2021-04-24 19:16:35,752 specificity: 0.995919796197038

2021-04-24 19:16:35,752 precision: 0.8891470090269362

2021-04-24 19:16:35,752 F1: 0.6631501067289144

2021-04-24 19:16:35,752 F2: 0.6543253548456852

2021-04-24 19:16:35,752 ACC_overall: 0.9593511695924558

2021-04-24 19:16:35,752 IoU_poly: 0.589484328312709

2021-04-24 19:16:35,752 IoU_bg: 0.9577613743512254

2021-04-24 19:16:35,752 IoU_mean: 0.7736228520932951

2021-04-24 19:16:35,752 ==============================
2021-04-24 19:16:35,752 

2021-04-24 19:18:00,658 RESULT FOR DATASET ETIS-LaribPolypDB

2021-04-24 19:18:00,658 ==============================
2021-04-24 19:18:00,658 

2021-04-24 19:18:00,658 recall: 0.5729020096158245

2021-04-24 19:18:00,658 specificity: 0.9927272179297039

2021-04-24 19:18:00,659 precision: 0.7886230382414118

2021-04-24 19:18:00,659 F1: 0.5657530088601422

2021-04-24 19:18:00,659 F2: 0.5666197200295421

2021-04-24 19:18:00,659 ACC_overall: 0.9802596553856012

2021-04-24 19:18:00,659 IoU_poly: 0.4981840003710464

2021-04-24 19:18:00,659 IoU_bg: 0.9794301375442621

2021-04-24 19:18:00,659 IoU_mean: 0.7388070700119953

2021-04-24 19:18:00,659 ==============================
2021-04-24 19:18:00,659 

