2021-04-24 19:18:23,702 RESULT FOR DATASET CVC-300

2021-04-24 19:18:23,702 ==============================
2021-04-24 19:18:23,702 

2021-04-24 19:18:23,703 recall: 0.9073825063804786

2021-04-24 19:18:23,703 specificity: 0.9965191086133321

2021-04-24 19:18:23,703 precision: 0.8975355004270872

2021-04-24 19:18:23,703 F1: 0.8844644647305056

2021-04-24 19:18:23,703 F2: 0.8965723909728694

2021-04-24 19:18:23,703 ACC_overall: 0.9942531357208888

2021-04-24 19:18:23,703 IoU_poly: 0.817901431893309

2021-04-24 19:18:23,703 IoU_bg: 0.9939914723237355

2021-04-24 19:18:23,703 IoU_mean: 0.9059464578827222

2021-04-24 19:18:23,703 ==============================
2021-04-24 19:18:23,703 

2021-04-24 19:18:38,813 RESULT FOR DATASET CVC-ClinicDB

2021-04-24 19:18:38,813 ==============================
2021-04-24 19:18:38,813 

2021-04-24 19:18:38,814 recall: 0.8880085648045004

2021-04-24 19:18:38,814 specificity: 0.9957983868737375

2021-04-24 19:18:38,814 precision: 0.9265083644178606

2021-04-24 19:18:38,814 F1: 0.8830983836800912

2021-04-24 19:18:38,814 F2: 0.8852355615930602

2021-04-24 19:18:38,814 ACC_overall: 0.9892321440481371

2021-04-24 19:18:38,814 IoU_poly: 0.8346364227491582

2021-04-24 19:18:38,814 IoU_bg: 0.987321860367252

2021-04-24 19:18:38,814 IoU_mean: 0.910979139228021

2021-04-24 19:18:38,814 ==============================
2021-04-24 19:18:38,814 

2021-04-24 19:19:07,752 RESULT FOR DATASET Kvasir

2021-04-24 19:19:07,752 ==============================
2021-04-24 19:19:07,752 

2021-04-24 19:19:07,752 recall: 0.870746088232263

2021-04-24 19:19:07,752 specificity: 0.9906908559799195

2021-04-24 19:19:07,753 precision: 0.9292012926191091

2021-04-24 19:19:07,753 F1: 0.8824989640925196

2021-04-24 19:19:07,753 F2: 0.8713141343237658

2021-04-24 19:19:07,753 ACC_overall: 0.9682054108381272

2021-04-24 19:19:07,753 IoU_poly: 0.8198475874120777

2021-04-24 19:19:07,753 IoU_bg: 0.9595937579870224

2021-04-24 19:19:07,753 IoU_mean: 0.8897206714749336

2021-04-24 19:19:07,753 ==============================
2021-04-24 19:19:07,753 

2021-04-24 19:20:57,690 RESULT FOR DATASET CVC-ColonDB

2021-04-24 19:20:57,690 ==============================
2021-04-24 19:20:57,690 

2021-04-24 19:20:57,691 recall: 0.6755251067657511

2021-04-24 19:20:57,691 specificity: 0.9957096962552322

2021-04-24 19:20:57,691 precision: 0.8880179962111517

2021-04-24 19:20:57,691 F1: 0.6847255680647609

2021-04-24 19:20:57,691 F2: 0.6757941185717863

2021-04-24 19:20:57,691 ACC_overall: 0.9561652967804357

2021-04-24 19:20:57,691 IoU_poly: 0.6101973023035845

2021-04-24 19:20:57,691 IoU_bg: 0.9548968242971521

2021-04-24 19:20:57,691 IoU_mean: 0.7825470636941885

2021-04-24 19:20:57,691 ==============================
2021-04-24 19:20:57,691 

2021-04-24 19:22:17,541 RESULT FOR DATASET ETIS-LaribPolypDB

2021-04-24 19:22:17,541 ==============================
2021-04-24 19:22:17,541 

2021-04-24 19:22:17,541 recall: 0.5713659432258653

2021-04-24 19:22:17,541 specificity: 0.993832136599385

2021-04-24 19:22:17,541 precision: 0.8369963897962824

2021-04-24 19:22:17,541 F1: 0.5649213411669716

2021-04-24 19:22:17,541 F2: 0.5645241394972429

2021-04-24 19:22:17,542 ACC_overall: 0.981888876885784

2021-04-24 19:22:17,542 IoU_poly: 0.4979202649450905

2021-04-24 19:22:17,542 IoU_bg: 0.9809042826599005

2021-04-24 19:22:17,542 IoU_mean: 0.7394122745917768

2021-04-24 19:22:17,542 ==============================
2021-04-24 19:22:17,542 

