2021-05-29 06:35:41,373 RESULT FOR DATASET CVC-300

2021-05-29 06:35:41,374 ==============================
2021-05-29 06:35:41,374 

2021-05-29 06:35:41,374 recall: 0.7199628717188413

2021-05-29 06:35:41,374 specificity: 0.9919889817635218

2021-05-29 06:35:41,374 precision: 0.7353022873091201

2021-05-29 06:35:41,374 F1: 0.6892192754739275

2021-05-29 06:35:41,375 F2: 0.6998390890968342

2021-05-29 06:35:41,375 ACC_overall: 0.9788203259309133

2021-05-29 06:35:41,375 IoU_poly: 0.5703175867209211

2021-05-29 06:35:41,375 IoU_bg: 0.9784112145503362

2021-05-29 06:35:41,375 IoU_mean: 0.7743643999099732

2021-05-29 06:35:41,375 ==============================
2021-05-29 06:35:41,375 

2021-05-29 06:36:18,300 RESULT FOR DATASET CVC-ClinicDB

2021-05-29 06:36:18,300 ==============================
2021-05-29 06:36:18,301 

2021-05-29 06:36:18,301 recall: 0.8353006262933055

2021-05-29 06:36:18,301 specificity: 0.9906638024314758

2021-05-29 06:36:18,301 precision: 0.8409618053945803

2021-05-29 06:36:18,301 F1: 0.8068049206969238

2021-05-29 06:36:18,301 F2: 0.8169862244638705

2021-05-29 06:36:18,301 ACC_overall: 0.9731312586415198

2021-05-29 06:36:18,301 IoU_poly: 0.7197877083634657

2021-05-29 06:36:18,301 IoU_bg: 0.9706514141251964

2021-05-29 06:36:18,302 IoU_mean: 0.8452195582851287

2021-05-29 06:36:18,302 ==============================
2021-05-29 06:36:18,302 

2021-05-29 06:37:26,406 RESULT FOR DATASET Kvasir

2021-05-29 06:37:26,406 ==============================
2021-05-29 06:37:26,406 

2021-05-29 06:37:26,407 recall: 0.8439106041938067

2021-05-29 06:37:26,407 specificity: 0.9634018576145172

2021-05-29 06:37:26,407 precision: 0.7887378214299678

2021-05-29 06:37:26,407 F1: 0.7757214000076056

2021-05-29 06:37:26,407 F2: 0.7982276466488838

2021-05-29 06:37:26,407 ACC_overall: 0.9361616611480713

2021-05-29 06:37:26,407 IoU_poly: 0.6711419471353293

2021-05-29 06:37:26,407 IoU_bg: 0.9241022324562073

2021-05-29 06:37:26,407 IoU_mean: 0.7976220908761025

2021-05-29 06:37:26,408 ==============================
2021-05-29 06:37:26,408 

2021-05-29 06:41:40,069 RESULT FOR DATASET CVC-ColonDB

2021-05-29 06:41:40,069 ==============================
2021-05-29 06:41:40,069 

2021-05-29 06:41:40,069 recall: 0.5977170412123421

2021-05-29 06:41:40,070 specificity: 0.9889893972559979

2021-05-29 06:41:40,070 precision: 0.7178070008620699

2021-05-29 06:41:40,070 F1: 0.5802420750119812

2021-05-29 06:41:40,070 F2: 0.5817877063700267

2021-05-29 06:41:40,070 ACC_overall: 0.9437826444443903

2021-05-29 06:41:40,070 IoU_poly: 0.46972119301343523

2021-05-29 06:41:40,070 IoU_bg: 0.9417915122289406

2021-05-29 06:41:40,070 IoU_mean: 0.7057563517830874

2021-05-29 06:41:40,071 ==============================
2021-05-29 06:41:40,071 

2021-05-29 06:44:40,889 RESULT FOR DATASET ETIS-LaribPolypDB

2021-05-29 06:44:40,889 ==============================
2021-05-29 06:44:40,889 

2021-05-29 06:44:40,889 recall: 0.6025615349895092

2021-05-29 06:44:40,889 specificity: 0.9833295296649543

2021-05-29 06:44:40,889 precision: 0.5787852078103558

2021-05-29 06:44:40,890 F1: 0.5305769691312704

2021-05-29 06:44:40,890 F2: 0.5562489085939386

2021-05-29 06:44:40,890 ACC_overall: 0.967792812658816

2021-05-29 06:44:40,890 IoU_poly: 0.42603833982538886

2021-05-29 06:44:40,890 IoU_bg: 0.9662332358408947

2021-05-29 06:44:40,890 IoU_mean: 0.6961357903723814

2021-05-29 06:44:40,890 ==============================
2021-05-29 06:44:40,890 

