2021-04-19 22:45:13,899 RESULT FOR DATASET CVC-300

2021-04-19 22:45:13,900 ==============================
2021-04-19 22:45:13,900 

2021-04-19 22:45:13,900 recall: 0.8876214790624848

2021-04-19 22:45:13,900 specificity: 0.9963954200347265

2021-04-19 22:45:13,900 precision: 0.8982552215456963

2021-04-19 22:45:13,901 F1: 0.8540389248497376

2021-04-19 22:45:13,901 F2: 0.8721059000489428

2021-04-19 22:45:13,901 ACC_overall: 0.993474859992663

2021-04-19 22:45:13,901 IoU_poly: 0.7937917657973836

2021-04-19 22:45:13,901 IoU_bg: 0.9932085871696472

2021-04-19 22:45:13,901 IoU_mean: 0.8935001725951831

2021-04-19 22:45:13,901 ==============================
2021-04-19 22:45:13,901 

2021-04-19 22:45:18,845 RESULT FOR DATASET CVC-ClinicDB

2021-04-19 22:45:18,846 ==============================
2021-04-19 22:45:18,846 

2021-04-19 22:45:18,847 recall: 0.8418366759123596

2021-04-19 22:45:18,848 specificity: 0.9959048840307421

2021-04-19 22:45:18,848 precision: 0.9168706075551228

2021-04-19 22:45:18,849 F1: 0.8381255797641878

2021-04-19 22:45:18,850 F2: 0.8389380024727283

2021-04-19 22:45:18,850 ACC_overall: 0.982919353631235

2021-04-19 22:45:18,851 IoU_poly: 0.7847980517788881

2021-04-19 22:45:18,852 IoU_bg: 0.9813181604108503

2021-04-19 22:45:18,852 IoU_mean: 0.8830581038228927

2021-04-19 22:45:18,853 ==============================
2021-04-19 22:45:18,853 

2021-04-19 22:45:27,586 RESULT FOR DATASET Kvasir

2021-04-19 22:45:27,589 ==============================
2021-04-19 22:45:27,589 

2021-04-19 22:45:27,589 recall: 0.8605749455554178

2021-04-19 22:45:27,589 specificity: 0.9866456604003906

2021-04-19 22:45:27,589 precision: 0.9046614589076489

2021-04-19 22:45:27,590 F1: 0.8660116514581023

2021-04-19 22:45:27,590 F2: 0.8591903970969724

2021-04-19 22:45:27,590 ACC_overall: 0.9618617057800293

2021-04-19 22:45:27,590 IoU_poly: 0.7973770507378504

2021-04-19 22:45:27,590 IoU_bg: 0.9527682501077652

2021-04-19 22:45:27,590 IoU_mean: 0.8750726506114006

2021-04-19 22:45:27,590 ==============================
2021-04-19 22:45:27,590 

2021-04-19 22:46:05,972 RESULT FOR DATASET CVC-ColonDB

2021-04-19 22:46:05,973 ==============================
2021-04-19 22:46:05,973 

2021-04-19 22:46:05,974 recall: 0.6242730464075102

2021-04-19 22:46:05,975 specificity: 0.9952438249399788

2021-04-19 22:46:05,975 precision: 0.8882071862133671

2021-04-19 22:46:05,976 F1: 0.63019477948696

2021-04-19 22:46:05,977 F2: 0.6230856505179525

2021-04-19 22:46:05,977 ACC_overall: 0.9568517304564778

2021-04-19 22:46:05,978 IoU_poly: 0.561763607475322

2021-04-19 22:46:05,979 IoU_bg: 0.9552057346231059

2021-04-19 22:46:05,979 IoU_mean: 0.7584846707551103

2021-04-19 22:46:05,980 ==============================
2021-04-19 22:46:05,980 

2021-04-19 22:46:33,577 RESULT FOR DATASET ETIS-LaribPolypDB

2021-04-19 22:46:33,577 ==============================
2021-04-19 22:46:33,578 

2021-04-19 22:46:33,578 recall: 0.5377231883031452

2021-04-19 22:46:33,581 specificity: 0.9913018996618232

2021-04-19 22:46:33,582 precision: 0.7690664216568328

2021-04-19 22:46:33,583 F1: 0.5149823570152142

2021-04-19 22:46:33,584 F2: 0.5234198500410671

2021-04-19 22:46:33,584 ACC_overall: 0.9777046861697216

2021-04-19 22:46:33,585 IoU_poly: 0.45623809323783415

2021-04-19 22:46:33,586 IoU_bg: 0.9767511295420783

2021-04-19 22:46:33,586 IoU_mean: 0.7164946117875527

2021-04-19 22:46:33,586 ==============================
2021-04-19 22:46:33,587 

