2021-04-17 23:20:31,433 RESULT FOR DATASET CVC-300

2021-04-17 23:20:31,433 ==============================
2021-04-17 23:20:31,433 

2021-04-17 23:20:31,434 recall: 0.9143672585642586

2021-04-17 23:20:31,434 specificity: 0.9957109749317169

2021-04-17 23:20:31,435 precision: 0.8804536094268163

2021-04-17 23:20:31,435 F1: 0.8799714626123508

2021-04-17 23:20:31,435 F2: 0.8981829904330273

2021-04-17 23:20:31,436 ACC_overall: 0.9932279318571091

2021-04-17 23:20:31,436 IoU_poly: 0.8133898865741988

2021-04-17 23:20:31,436 IoU_bg: 0.992916609843572

2021-04-17 23:20:31,437 IoU_mean: 0.9031532486279805

2021-04-17 23:20:31,437 ==============================
2021-04-17 23:20:31,437 

2021-04-17 23:20:33,383 RESULT FOR DATASET CVC-ClinicDB

2021-04-17 23:20:33,384 ==============================
2021-04-17 23:20:33,384 

2021-04-17 23:20:33,384 recall: 0.8552606937347821

2021-04-17 23:20:33,384 specificity: 0.99638642034223

2021-04-17 23:20:33,384 precision: 0.918388307184702

2021-04-17 23:20:33,384 F1: 0.8564559249751901

2021-04-17 23:20:33,384 F2: 0.8544559594517904

2021-04-17 23:20:33,384 ACC_overall: 0.984076609534602

2021-04-17 23:20:33,385 IoU_poly: 0.8025853784206594

2021-04-17 23:20:33,385 IoU_bg: 0.9823678606940854

2021-04-17 23:20:33,385 IoU_mean: 0.8924766216547259

2021-04-17 23:20:33,385 ==============================
2021-04-17 23:20:33,385 

2021-04-17 23:20:37,421 RESULT FOR DATASET Kvasir

2021-04-17 23:20:37,422 ==============================
2021-04-17 23:20:37,422 

2021-04-17 23:20:37,422 recall: 0.8867960781953298

2021-04-17 23:20:37,423 specificity: 0.9805085575580597

2021-04-17 23:20:37,423 precision: 0.8842232036357746

2021-04-17 23:20:37,424 F1: 0.8656066550916875

2021-04-17 23:20:37,424 F2: 0.8691329420597321

2021-04-17 23:20:37,425 ACC_overall: 0.9627451729774475

2021-04-17 23:20:37,425 IoU_poly: 0.7979094581273967

2021-04-17 23:20:37,426 IoU_bg: 0.952987779378891

2021-04-17 23:20:37,426 IoU_mean: 0.8754486203193664

2021-04-17 23:20:37,426 ==============================
2021-04-17 23:20:37,427 

2021-04-17 23:20:52,405 RESULT FOR DATASET CVC-ColonDB

2021-04-17 23:20:52,406 ==============================
2021-04-17 23:20:52,406 

2021-04-17 23:20:52,407 recall: 0.6430948044861224

2021-04-17 23:20:52,407 specificity: 0.9946522902501257

2021-04-17 23:20:52,407 precision: 0.8683712056486241

2021-04-17 23:20:52,408 F1: 0.6477748648783458

2021-04-17 23:20:52,408 F2: 0.6396052853042264

2021-04-17 23:20:52,408 ACC_overall: 0.9551302899655543

2021-04-17 23:20:52,409 IoU_poly: 0.5750702347094842

2021-04-17 23:20:52,409 IoU_bg: 0.9535561931760688

2021-04-17 23:20:52,409 IoU_mean: 0.7643132146643965

2021-04-17 23:20:52,410 ==============================
2021-04-17 23:20:52,410 

2021-04-17 23:21:07,186 RESULT FOR DATASET ETIS-LaribPolypDB

2021-04-17 23:21:07,187 ==============================
2021-04-17 23:21:07,188 

2021-04-17 23:21:07,188 recall: 0.5485332104901169

2021-04-17 23:21:07,188 specificity: 0.991179997519571

2021-04-17 23:21:07,189 precision: 0.7459310754137435

2021-04-17 23:21:07,189 F1: 0.5310611009302248

2021-04-17 23:21:07,190 F2: 0.5363530402506717

2021-04-17 23:21:07,190 ACC_overall: 0.9799014932038833

2021-04-17 23:21:07,191 IoU_poly: 0.46885627917363215

2021-04-17 23:21:07,191 IoU_bg: 0.9787433843831627

2021-04-17 23:21:07,191 IoU_mean: 0.7237998309488199

2021-04-17 23:21:07,192 ==============================
2021-04-17 23:21:07,193 

