2021-04-19 20:33:42,728 RESULT FOR DATASET CVC-300

2021-04-19 20:33:42,729 ==============================
2021-04-19 20:33:42,746 

2021-04-19 20:33:42,747 recall: 0.9143672585642586

2021-04-19 20:33:42,747 specificity: 0.9957109749317169

2021-04-19 20:33:42,747 precision: 0.8804536094268163

2021-04-19 20:33:42,747 F1: 0.8799714626123508

2021-04-19 20:33:42,747 F2: 0.8981829904330273

2021-04-19 20:33:42,747 ACC_overall: 0.9932279318571091

2021-04-19 20:33:42,747 IoU_poly: 0.8133898865741988

2021-04-19 20:33:42,747 IoU_bg: 0.992916609843572

2021-04-19 20:33:42,748 IoU_mean: 0.9031532486279805

2021-04-19 20:33:42,748 ==============================
2021-04-19 20:33:42,748 

2021-04-19 20:33:44,746 RESULT FOR DATASET CVC-ClinicDB

2021-04-19 20:33:44,747 ==============================
2021-04-19 20:33:44,747 

2021-04-19 20:33:44,747 recall: 0.8552606937347821

2021-04-19 20:33:44,747 specificity: 0.99638642034223

2021-04-19 20:33:44,747 precision: 0.918388307184702

2021-04-19 20:33:44,747 F1: 0.8564559249751901

2021-04-19 20:33:44,747 F2: 0.8544559594517904

2021-04-19 20:33:44,747 ACC_overall: 0.984076609534602

2021-04-19 20:33:44,747 IoU_poly: 0.8025853784206594

2021-04-19 20:33:44,747 IoU_bg: 0.9823678606940854

2021-04-19 20:33:44,748 IoU_mean: 0.8924766216547259

2021-04-19 20:33:44,748 ==============================
2021-04-19 20:33:44,748 

2021-04-19 20:33:50,014 RESULT FOR DATASET Kvasir

2021-04-19 20:33:50,015 ==============================
2021-04-19 20:33:50,015 

2021-04-19 20:33:50,016 recall: 0.8867960781953298

2021-04-19 20:33:50,016 specificity: 0.9805085575580597

2021-04-19 20:33:50,016 precision: 0.8842232036357746

2021-04-19 20:33:50,016 F1: 0.8656066550916875

2021-04-19 20:33:50,016 F2: 0.8691329420597321

2021-04-19 20:33:50,016 ACC_overall: 0.9627451729774475

2021-04-19 20:33:50,017 IoU_poly: 0.7979094581273967

2021-04-19 20:33:50,017 IoU_bg: 0.952987779378891

2021-04-19 20:33:50,017 IoU_mean: 0.8754486203193664

2021-04-19 20:33:50,017 ==============================
2021-04-19 20:33:50,017 

2021-04-19 20:34:10,141 RESULT FOR DATASET CVC-ColonDB

2021-04-19 20:34:10,143 ==============================
2021-04-19 20:34:10,143 

2021-04-19 20:34:10,143 recall: 0.6430948044861224

2021-04-19 20:34:10,143 specificity: 0.9946522902501257

2021-04-19 20:34:10,143 precision: 0.8683712056486241

2021-04-19 20:34:10,143 F1: 0.6477748648783458

2021-04-19 20:34:10,144 F2: 0.6396052853042264

2021-04-19 20:34:10,144 ACC_overall: 0.9551302899655543

2021-04-19 20:34:10,144 IoU_poly: 0.5750702347094842

2021-04-19 20:34:10,144 IoU_bg: 0.9535561931760688

2021-04-19 20:34:10,144 IoU_mean: 0.7643132146643965

2021-04-19 20:34:10,144 ==============================
2021-04-19 20:34:10,144 

2021-04-19 20:34:31,098 RESULT FOR DATASET ETIS-LaribPolypDB

2021-04-19 20:34:31,111 ==============================
2021-04-19 20:34:31,111 

2021-04-19 20:34:31,111 recall: 0.5485332104901169

2021-04-19 20:34:31,111 specificity: 0.991179997519571

2021-04-19 20:34:31,111 precision: 0.7459310754137435

2021-04-19 20:34:31,111 F1: 0.5310611009302248

2021-04-19 20:34:31,111 F2: 0.5363530402506717

2021-04-19 20:34:31,112 ACC_overall: 0.9799014932038833

2021-04-19 20:34:31,112 IoU_poly: 0.46885627917363215

2021-04-19 20:34:31,112 IoU_bg: 0.9787433843831627

2021-04-19 20:34:31,112 IoU_mean: 0.7237998309488199

2021-04-19 20:34:31,112 ==============================
2021-04-19 20:34:31,112 

