2021-04-19 22:44:02,731 RESULT FOR DATASET CVC-300

2021-04-19 22:44:02,732 ==============================
2021-04-19 22:44:02,733 

2021-04-19 22:44:02,733 recall: 0.8876214790624848

2021-04-19 22:44:02,734 specificity: 0.9963954200347265

2021-04-19 22:44:02,735 precision: 0.8982552215456963

2021-04-19 22:44:02,735 F1: 0.8540389248497376

2021-04-19 22:44:02,736 F2: 0.8721059000489428

2021-04-19 22:44:02,736 ACC_overall: 0.993474859992663

2021-04-19 22:44:02,737 IoU_poly: 0.7937917657973836

2021-04-19 22:44:02,737 IoU_bg: 0.9932085871696472

2021-04-19 22:44:02,738 IoU_mean: 0.8935001725951831

2021-04-19 22:44:02,738 ==============================
2021-04-19 22:44:02,739 

2021-04-19 22:44:05,256 RESULT FOR DATASET CVC-ClinicDB

2021-04-19 22:44:05,256 ==============================
2021-04-19 22:44:05,256 

2021-04-19 22:44:05,257 recall: 0.8418366759123596

2021-04-19 22:44:05,257 specificity: 0.9959048840307421

2021-04-19 22:44:05,257 precision: 0.9168706075551228

2021-04-19 22:44:05,257 F1: 0.8381255797641878

2021-04-19 22:44:05,257 F2: 0.8389380024727283

2021-04-19 22:44:05,257 ACC_overall: 0.982919353631235

2021-04-19 22:44:05,257 IoU_poly: 0.7847980517788881

2021-04-19 22:44:05,257 IoU_bg: 0.9813181604108503

2021-04-19 22:44:05,257 IoU_mean: 0.8830581038228927

2021-04-19 22:44:05,258 ==============================
2021-04-19 22:44:05,258 

2021-04-19 22:44:10,034 RESULT FOR DATASET Kvasir

2021-04-19 22:44:10,035 ==============================
2021-04-19 22:44:10,035 

2021-04-19 22:44:10,036 recall: 0.8605749455554178

2021-04-19 22:44:10,036 specificity: 0.9866456604003906

2021-04-19 22:44:10,036 precision: 0.9046614589076489

2021-04-19 22:44:10,036 F1: 0.8660116514581023

2021-04-19 22:44:10,036 F2: 0.8591903970969724

2021-04-19 22:44:10,036 ACC_overall: 0.9618617057800293

2021-04-19 22:44:10,036 IoU_poly: 0.7973770507378504

2021-04-19 22:44:10,036 IoU_bg: 0.9527682501077652

2021-04-19 22:44:10,036 IoU_mean: 0.8750726506114006

2021-04-19 22:44:10,036 ==============================
2021-04-19 22:44:10,037 

2021-04-19 22:44:31,995 RESULT FOR DATASET CVC-ColonDB

2021-04-19 22:44:31,995 ==============================
2021-04-19 22:44:31,995 

2021-04-19 22:44:31,995 recall: 0.6242730464075102

2021-04-19 22:44:31,995 specificity: 0.9952438249399788

2021-04-19 22:44:31,999 precision: 0.8882071862133671

2021-04-19 22:44:32,007 F1: 0.63019477948696

2021-04-19 22:44:32,015 F2: 0.6230856505179525

2021-04-19 22:44:32,023 ACC_overall: 0.9568517304564778

2021-04-19 22:44:32,031 IoU_poly: 0.561763607475322

2021-04-19 22:44:32,039 IoU_bg: 0.9552057346231059

2021-04-19 22:44:32,047 IoU_mean: 0.7584846707551103

2021-04-19 22:44:32,055 ==============================
2021-04-19 22:44:32,063 

2021-04-19 22:45:01,313 RESULT FOR DATASET ETIS-LaribPolypDB

2021-04-19 22:45:01,313 ==============================
2021-04-19 22:45:01,314 

2021-04-19 22:45:01,314 recall: 0.5377231883031452

2021-04-19 22:45:01,315 specificity: 0.9913018996618232

2021-04-19 22:45:01,315 precision: 0.7690664216568328

2021-04-19 22:45:01,315 F1: 0.5149823570152142

2021-04-19 22:45:01,315 F2: 0.5234198500410671

2021-04-19 22:45:01,315 ACC_overall: 0.9777046861697216

2021-04-19 22:45:01,315 IoU_poly: 0.45623809323783415

2021-04-19 22:45:01,315 IoU_bg: 0.9767511295420783

2021-04-19 22:45:01,315 IoU_mean: 0.7164946117875527

2021-04-19 22:45:01,316 ==============================
2021-04-19 22:45:01,317 

