2021-04-21 07:24:28,903 RESULT FOR DATASET CVC-300

2021-04-21 07:24:28,904 ==============================
2021-04-21 07:24:28,905 

2021-04-21 07:24:28,905 recall: 0.9126456081867218

2021-04-21 07:24:28,905 specificity: 0.995455484588941

2021-04-21 07:24:28,905 precision: 0.8788089846571286

2021-04-21 07:24:28,905 F1: 0.8784138185282548

2021-04-21 07:24:28,905 F2: 0.8954416969170172

2021-04-21 07:24:28,905 ACC_overall: 0.9913534839948018

2021-04-21 07:24:28,906 IoU_poly: 0.8058494931707779

2021-04-21 07:24:28,906 IoU_bg: 0.9910110125939051

2021-04-21 07:24:28,906 IoU_mean: 0.8984302520751953

2021-04-21 07:24:28,906 ==============================
2021-04-21 07:24:28,906 

2021-04-21 07:24:30,684 RESULT FOR DATASET CVC-ClinicDB

2021-04-21 07:24:30,685 ==============================
2021-04-21 07:24:30,687 

2021-04-21 07:24:30,687 recall: 0.8597299263431435

2021-04-21 07:24:30,688 specificity: 0.9955114741479197

2021-04-21 07:24:30,689 precision: 0.9157822680238995

2021-04-21 07:24:30,690 F1: 0.8580588105401294

2021-04-21 07:24:30,691 F2: 0.8583186930702669

2021-04-21 07:24:30,692 ACC_overall: 0.9858771850985866

2021-04-21 07:24:30,693 IoU_poly: 0.8078345193202803

2021-04-21 07:24:30,698 IoU_bg: 0.9842471951438535

2021-04-21 07:24:30,698 IoU_mean: 0.8960408563575437

2021-04-21 07:24:30,698 ==============================
2021-04-21 07:24:30,698 

2021-04-21 07:24:34,787 RESULT FOR DATASET Kvasir

2021-04-21 07:24:34,793 ==============================
2021-04-21 07:24:34,794 

2021-04-21 07:24:34,795 recall: 0.8702106394985458

2021-04-21 07:24:34,796 specificity: 0.9828011071681977

2021-04-21 07:24:34,796 precision: 0.9057610518415459

2021-04-21 07:24:34,798 F1: 0.8648647912917659

2021-04-21 07:24:34,799 F2: 0.860480212328257

2021-04-21 07:24:34,800 ACC_overall: 0.9638140851259231

2021-04-21 07:24:34,801 IoU_poly: 0.7991140129424457

2021-04-21 07:24:34,801 IoU_bg: 0.954398318529129

2021-04-21 07:24:34,802 IoU_mean: 0.8767561665177346

2021-04-21 07:24:34,803 ==============================
2021-04-21 07:24:34,804 

2021-04-21 07:24:48,927 RESULT FOR DATASET CVC-ColonDB

2021-04-21 07:24:48,932 ==============================
2021-04-21 07:24:48,933 

2021-04-21 07:24:48,934 recall: 0.6291013990679833

2021-04-21 07:24:48,934 specificity: 0.9954572497229827

2021-04-21 07:24:48,935 precision: 0.8774580489598233

2021-04-21 07:24:48,936 F1: 0.6392210101881766

2021-04-21 07:24:48,937 F2: 0.6290108451175073

2021-04-21 07:24:48,938 ACC_overall: 0.9531688264326046

2021-04-21 07:24:48,938 IoU_poly: 0.5652442976807595

2021-04-21 07:24:48,939 IoU_bg: 0.9518069213942477

2021-04-21 07:24:48,940 IoU_mean: 0.7585256073035692

2021-04-21 07:24:48,941 ==============================
2021-04-21 07:24:48,941 

2021-04-21 07:25:03,164 RESULT FOR DATASET ETIS-LaribPolypDB

2021-04-21 07:25:03,169 ==============================
2021-04-21 07:25:03,169 

2021-04-21 07:25:03,169 recall: 0.5165602387218898

2021-04-21 07:25:03,169 specificity: 0.9942042036932341

2021-04-21 07:25:03,169 precision: 0.778144301541887

2021-04-21 07:25:03,170 F1: 0.5029456792423695

2021-04-21 07:25:03,170 F2: 0.5068045069859423

2021-04-21 07:25:03,170 ACC_overall: 0.978241788489478

2021-04-21 07:25:03,170 IoU_poly: 0.44332895821073215

2021-04-21 07:25:03,170 IoU_bg: 0.9772962167554972

2021-04-21 07:25:03,170 IoU_mean: 0.7103125877222236

2021-04-21 07:25:03,170 ==============================
2021-04-21 07:25:03,170 

