2021-04-23 20:52:00,508 RESULT FOR DATASET CVC-300

2021-04-23 20:52:00,509 ==============================
2021-04-23 20:52:00,510 

2021-04-23 20:52:00,510 recall: 0.9221761641713481

2021-04-23 20:52:00,511 specificity: 0.995368073383967

2021-04-23 20:52:00,512 precision: 0.8776744162042935

2021-04-23 20:52:00,513 F1: 0.8795105302085479

2021-04-23 20:52:00,514 F2: 0.9012105111653607

2021-04-23 20:52:00,514 ACC_overall: 0.9932966281970342

2021-04-23 20:52:00,515 IoU_poly: 0.8106719233095646

2021-04-23 20:52:00,516 IoU_bg: 0.9929888029893239

2021-04-23 20:52:00,517 IoU_mean: 0.9018303622802099

2021-04-23 20:52:00,517 ==============================
2021-04-23 20:52:00,517 

2021-04-23 20:52:01,542 RESULT FOR DATASET CVC-ClinicDB

2021-04-23 20:52:01,542 ==============================
2021-04-23 20:52:01,542 

2021-04-23 20:52:01,543 recall: 0.869362348476575

2021-04-23 20:52:01,543 specificity: 0.99535923042605

2021-04-23 20:52:01,543 precision: 0.9155609955590579

2021-04-23 20:52:01,543 F1: 0.8700971839735435

2021-04-23 20:52:01,543 F2: 0.8686188056017272

2021-04-23 20:52:01,543 ACC_overall: 0.9844333433335827

2021-04-23 20:52:01,543 IoU_poly: 0.8146693747896221

2021-04-23 20:52:01,543 IoU_bg: 0.9823861593200315

2021-04-23 20:52:01,544 IoU_mean: 0.8985277683504166

2021-04-23 20:52:01,544 ==============================
2021-04-23 20:52:01,544 

2021-04-23 20:52:03,921 RESULT FOR DATASET Kvasir

2021-04-23 20:52:03,922 ==============================
2021-04-23 20:52:03,923 

2021-04-23 20:52:03,924 recall: 0.8883492930978537

2021-04-23 20:52:03,924 specificity: 0.9779643642902375

2021-04-23 20:52:03,925 precision: 0.8802715960144997

2021-04-23 20:52:03,926 F1: 0.8642677951604127

2021-04-23 20:52:03,926 F2: 0.8678305062651634

2021-04-23 20:52:03,926 ACC_overall: 0.9602023738622666

2021-04-23 20:52:03,926 IoU_poly: 0.7953852485120296

2021-04-23 20:52:03,927 IoU_bg: 0.9503210961818696

2021-04-23 20:52:03,927 IoU_mean: 0.8728531721234322

2021-04-23 20:52:03,927 ==============================
2021-04-23 20:52:03,927 

2021-04-23 20:52:12,974 RESULT FOR DATASET CVC-ColonDB

2021-04-23 20:52:12,974 ==============================
2021-04-23 20:52:12,974 

2021-04-23 20:52:12,975 recall: 0.6496579744406039

2021-04-23 20:52:12,975 specificity: 0.993855620371668

2021-04-23 20:52:12,975 precision: 0.849577311177123

2021-04-23 20:52:12,977 F1: 0.6483743115770506

2021-04-23 20:52:12,977 F2: 0.6423587914754343

2021-04-23 20:52:12,978 ACC_overall: 0.9533043879427407

2021-04-23 20:52:12,979 IoU_poly: 0.5708137309082507

2021-04-23 20:52:12,979 IoU_bg: 0.9515882793225741

2021-04-23 20:52:12,979 IoU_mean: 0.7612010048016121

2021-04-23 20:52:12,979 ==============================
2021-04-23 20:52:12,980 

2021-04-23 20:52:24,304 RESULT FOR DATASET ETIS-LaribPolypDB

2021-04-23 20:52:24,304 ==============================
2021-04-23 20:52:24,306 

2021-04-23 20:52:24,307 recall: 0.6480984886759554

2021-04-23 20:52:24,308 specificity: 0.982143331851278

2021-04-23 20:52:24,309 precision: 0.7049633594885136

2021-04-23 20:52:24,309 F1: 0.568973701511971

2021-04-23 20:52:24,310 F2: 0.5998658951638371

2021-04-23 20:52:24,311 ACC_overall: 0.9746198076374677

2021-04-23 20:52:24,312 IoU_poly: 0.4962120794733827

2021-04-23 20:52:24,313 IoU_bg: 0.973354019984907

2021-04-23 20:52:24,313 IoU_mean: 0.7347830495968157

2021-04-23 20:52:24,314 ==============================
2021-04-23 20:52:24,315 

