2021-04-19 20:32:46,163 RESULT FOR DATASET CVC-300

2021-04-19 20:32:46,163 ==============================
2021-04-19 20:32:46,163 

2021-04-19 20:32:46,163 recall: 0.9143672585642586

2021-04-19 20:32:46,163 specificity: 0.9957109749317169

2021-04-19 20:32:46,163 precision: 0.8804536094268163

2021-04-19 20:32:46,163 F1: 0.8799714626123508

2021-04-19 20:32:46,167 F2: 0.8981829904330273

2021-04-19 20:32:46,168 ACC_overall: 0.9932279318571091

2021-04-19 20:32:46,168 IoU_poly: 0.8133898865741988

2021-04-19 20:32:46,168 IoU_bg: 0.992916609843572

2021-04-19 20:32:46,168 IoU_mean: 0.9031532486279805

2021-04-19 20:32:46,169 ==============================
2021-04-19 20:32:46,169 

2021-04-19 20:32:48,250 RESULT FOR DATASET CVC-ClinicDB

2021-04-19 20:32:48,250 ==============================
2021-04-19 20:32:48,250 

2021-04-19 20:32:48,251 recall: 0.8552606937347821

2021-04-19 20:32:48,251 specificity: 0.99638642034223

2021-04-19 20:32:48,251 precision: 0.918388307184702

2021-04-19 20:32:48,251 F1: 0.8564559249751901

2021-04-19 20:32:48,251 F2: 0.8544559594517904

2021-04-19 20:32:48,251 ACC_overall: 0.984076609534602

2021-04-19 20:32:48,251 IoU_poly: 0.8025853784206594

2021-04-19 20:32:48,251 IoU_bg: 0.9823678606940854

2021-04-19 20:32:48,252 IoU_mean: 0.8924766216547259

2021-04-19 20:32:48,252 ==============================
2021-04-19 20:32:48,252 

2021-04-19 20:32:53,925 RESULT FOR DATASET Kvasir

2021-04-19 20:32:53,925 ==============================
2021-04-19 20:32:53,925 

2021-04-19 20:32:53,925 recall: 0.8867960781953298

2021-04-19 20:32:53,925 specificity: 0.9805085575580597

2021-04-19 20:32:53,925 precision: 0.8842232036357746

2021-04-19 20:32:53,925 F1: 0.8656066550916875

2021-04-19 20:32:53,925 F2: 0.8691329420597321

2021-04-19 20:32:53,925 ACC_overall: 0.9627451729774475

2021-04-19 20:32:53,925 IoU_poly: 0.7979094581273967

2021-04-19 20:32:53,925 IoU_bg: 0.952987779378891

2021-04-19 20:32:53,925 IoU_mean: 0.8754486203193664

2021-04-19 20:32:53,925 ==============================
2021-04-19 20:32:53,926 

2021-04-19 20:33:13,261 RESULT FOR DATASET CVC-ColonDB

2021-04-19 20:33:13,261 ==============================
2021-04-19 20:33:13,262 

2021-04-19 20:33:13,262 recall: 0.6430948044861224

2021-04-19 20:33:13,263 specificity: 0.9946522902501257

2021-04-19 20:33:13,263 precision: 0.8683712056486241

2021-04-19 20:33:13,263 F1: 0.6477748648783458

2021-04-19 20:33:13,264 F2: 0.6396052853042264

2021-04-19 20:33:13,265 ACC_overall: 0.9551302899655543

2021-04-19 20:33:13,265 IoU_poly: 0.5750702347094842

2021-04-19 20:33:13,265 IoU_bg: 0.9535561931760688

2021-04-19 20:33:13,266 IoU_mean: 0.7643132146643965

2021-04-19 20:33:13,266 ==============================
2021-04-19 20:33:13,267 

2021-04-19 20:33:32,662 RESULT FOR DATASET ETIS-LaribPolypDB

2021-04-19 20:33:32,665 ==============================
2021-04-19 20:33:32,670 

2021-04-19 20:33:32,670 recall: 0.5485332104901169

2021-04-19 20:33:32,670 specificity: 0.991179997519571

2021-04-19 20:33:32,670 precision: 0.7459310754137435

2021-04-19 20:33:32,670 F1: 0.5310611009302248

2021-04-19 20:33:32,670 F2: 0.5363530402506717

2021-04-19 20:33:32,670 ACC_overall: 0.9799014932038833

2021-04-19 20:33:32,670 IoU_poly: 0.46885627917363215

2021-04-19 20:33:32,670 IoU_bg: 0.9787433843831627

2021-04-19 20:33:32,670 IoU_mean: 0.7237998309488199

2021-04-19 20:33:32,670 ==============================
2021-04-19 20:33:32,670 

