2021-04-21 07:25:09,399 RESULT FOR DATASET CVC-300

2021-04-21 07:25:09,399 ==============================
2021-04-21 07:25:09,399 

2021-04-21 07:25:09,400 recall: 0.9126456081867218

2021-04-21 07:25:09,400 specificity: 0.995455484588941

2021-04-21 07:25:09,400 precision: 0.8788089846571286

2021-04-21 07:25:09,400 F1: 0.8784138185282548

2021-04-21 07:25:09,400 F2: 0.8954416969170172

2021-04-21 07:25:09,400 ACC_overall: 0.9913534839948018

2021-04-21 07:25:09,400 IoU_poly: 0.8058494931707779

2021-04-21 07:25:09,400 IoU_bg: 0.9910110125939051

2021-04-21 07:25:09,400 IoU_mean: 0.8984302520751953

2021-04-21 07:25:09,410 ==============================
2021-04-21 07:25:09,410 

2021-04-21 07:25:10,317 RESULT FOR DATASET CVC-ClinicDB

2021-04-21 07:25:10,318 ==============================
2021-04-21 07:25:10,318 

2021-04-21 07:25:10,318 recall: 0.8597299263431435

2021-04-21 07:25:10,318 specificity: 0.9955114741479197

2021-04-21 07:25:10,318 precision: 0.9157822680238995

2021-04-21 07:25:10,318 F1: 0.8580588105401294

2021-04-21 07:25:10,318 F2: 0.8583186930702669

2021-04-21 07:25:10,318 ACC_overall: 0.9858771850985866

2021-04-21 07:25:10,318 IoU_poly: 0.8078345193202803

2021-04-21 07:25:10,318 IoU_bg: 0.9842471951438535

2021-04-21 07:25:10,318 IoU_mean: 0.8960408563575437

2021-04-21 07:25:10,318 ==============================
2021-04-21 07:25:10,318 

2021-04-21 07:25:12,600 RESULT FOR DATASET Kvasir

2021-04-21 07:25:12,600 ==============================
2021-04-21 07:25:12,600 

2021-04-21 07:25:12,600 recall: 0.8702106394985458

2021-04-21 07:25:12,601 specificity: 0.9828011071681977

2021-04-21 07:25:12,601 precision: 0.9057610518415459

2021-04-21 07:25:12,601 F1: 0.8648647912917659

2021-04-21 07:25:12,601 F2: 0.860480212328257

2021-04-21 07:25:12,601 ACC_overall: 0.9638140851259231

2021-04-21 07:25:12,601 IoU_poly: 0.7991140129424457

2021-04-21 07:25:12,601 IoU_bg: 0.954398318529129

2021-04-21 07:25:12,601 IoU_mean: 0.8767561665177346

2021-04-21 07:25:12,601 ==============================
2021-04-21 07:25:12,601 

2021-04-21 07:25:20,634 RESULT FOR DATASET CVC-ColonDB

2021-04-21 07:25:20,635 ==============================
2021-04-21 07:25:20,635 

2021-04-21 07:25:20,635 recall: 0.6291013990679833

2021-04-21 07:25:20,635 specificity: 0.9954572497229827

2021-04-21 07:25:20,635 precision: 0.8774580489598233

2021-04-21 07:25:20,635 F1: 0.6392210101881766

2021-04-21 07:25:20,635 F2: 0.6290108451175073

2021-04-21 07:25:20,635 ACC_overall: 0.9531688264326046

2021-04-21 07:25:20,635 IoU_poly: 0.5652442976807595

2021-04-21 07:25:20,635 IoU_bg: 0.9518069213942477

2021-04-21 07:25:20,635 IoU_mean: 0.7585256073035692

2021-04-21 07:25:20,635 ==============================
2021-04-21 07:25:20,635 

2021-04-21 07:25:31,377 RESULT FOR DATASET ETIS-LaribPolypDB

2021-04-21 07:25:31,379 ==============================
2021-04-21 07:25:31,380 

2021-04-21 07:25:31,380 recall: 0.5165602387218898

2021-04-21 07:25:31,380 specificity: 0.9942042036932341

2021-04-21 07:25:31,380 precision: 0.778144301541887

2021-04-21 07:25:31,380 F1: 0.5029456792423695

2021-04-21 07:25:31,380 F2: 0.5068045069859423

2021-04-21 07:25:31,380 ACC_overall: 0.978241788489478

2021-04-21 07:25:31,381 IoU_poly: 0.44332895821073215

2021-04-21 07:25:31,381 IoU_bg: 0.9772962167554972

2021-04-21 07:25:31,381 IoU_mean: 0.7103125877222236

2021-04-21 07:25:31,381 ==============================
2021-04-21 07:25:31,381 

