2021-05-29 19:58:51,320 RESULT FOR DATASET CVC-300

2021-05-29 19:58:51,320 ==============================
2021-05-29 19:58:51,320 

2021-05-29 19:58:51,320 recall: 0.9538972278436025

2021-05-29 19:58:51,320 specificity: 0.9930493364731471

2021-05-29 19:58:51,320 precision: 0.8431971992055575

2021-05-29 19:58:51,320 F1: 0.8752380679051082

2021-05-29 19:58:51,320 F2: 0.9073163002729416

2021-05-29 19:58:51,320 ACC_overall: 0.9913786888122559

2021-05-29 19:58:51,320 IoU_poly: 0.8071507931997378

2021-05-29 19:58:51,321 IoU_bg: 0.9910733222961425

2021-05-29 19:58:51,321 IoU_mean: 0.8991120596726735

2021-05-29 19:58:51,321 ==============================
2021-05-29 19:58:51,321 

2021-05-29 19:59:06,039 RESULT FOR DATASET CVC-ClinicDB

2021-05-29 19:59:06,039 ==============================
2021-05-29 19:59:06,039 

2021-05-29 19:59:06,039 recall: 0.9231136293157995

2021-05-29 19:59:06,039 specificity: 0.9951454247197797

2021-05-29 19:59:06,039 precision: 0.9346324974490751

2021-05-29 19:59:06,039 F1: 0.9111544423522578

2021-05-29 19:59:06,039 F2: 0.9178747611604782

2021-05-29 19:59:06,039 ACC_overall: 0.9912252320397285

2021-05-29 19:59:06,039 IoU_poly: 0.8641688118035334

2021-05-29 19:59:06,039 IoU_bg: 0.9893896896992961

2021-05-29 19:59:06,039 IoU_mean: 0.9267792509448144

2021-05-29 19:59:06,039 ==============================
2021-05-29 19:59:06,039 

2021-05-29 19:59:34,387 RESULT FOR DATASET Kvasir

2021-05-29 19:59:34,387 ==============================
2021-05-29 19:59:34,387 

2021-05-29 19:59:34,387 recall: 0.9044515367224812

2021-05-29 19:59:34,387 specificity: 0.9876057094335556

2021-05-29 19:59:34,387 precision: 0.924691521525383

2021-05-29 19:59:34,387 F1: 0.9010527908056974

2021-05-29 19:59:34,387 F2: 0.9000079055130482

2021-05-29 19:59:34,387 ACC_overall: 0.9709605395793914

2021-05-29 19:59:34,387 IoU_poly: 0.8474557419121266

2021-05-29 19:59:34,387 IoU_bg: 0.9634153759479522

2021-05-29 19:59:34,388 IoU_mean: 0.9054355609416962

2021-05-29 19:59:34,388 ==============================
2021-05-29 19:59:34,388 

2021-05-29 20:01:22,181 RESULT FOR DATASET CVC-ColonDB

2021-05-29 20:01:22,181 ==============================
2021-05-29 20:01:22,181 

2021-05-29 20:01:22,181 recall: 0.7295440495785215

2021-05-29 20:01:22,182 specificity: 0.9948072367592862

2021-05-29 20:01:22,182 precision: 0.8772425824390283

2021-05-29 20:01:22,182 F1: 0.7086806928504901

2021-05-29 20:01:22,182 F2: 0.7154061177667951

2021-05-29 20:01:22,182 ACC_overall: 0.9629718936587635

2021-05-29 20:01:22,182 IoU_poly: 0.6475539602906948

2021-05-29 20:01:22,182 IoU_bg: 0.9617920133628344

2021-05-29 20:01:22,182 IoU_mean: 0.8046729879943948

2021-05-29 20:01:22,182 ==============================
2021-05-29 20:01:22,182 

2021-05-29 20:02:41,223 RESULT FOR DATASET ETIS-LaribPolypDB

2021-05-29 20:02:41,223 ==============================
2021-05-29 20:02:41,223 

2021-05-29 20:02:41,223 recall: 0.7683033314509681

2021-05-29 20:02:41,223 specificity: 0.9902228767774544

2021-05-29 20:02:41,223 precision: 0.8134572119932514

2021-05-29 20:02:41,223 F1: 0.7121688073670185

2021-05-29 20:02:41,224 F2: 0.7376356409389496

2021-05-29 20:02:41,224 ACC_overall: 0.9866445429471075

2021-05-29 20:02:41,224 IoU_poly: 0.6405836225242786

2021-05-29 20:02:41,224 IoU_bg: 0.9858660877359157

2021-05-29 20:02:41,224 IoU_mean: 0.8132248546700088

2021-05-29 20:02:41,224 ==============================
2021-05-29 20:02:41,224 

