2021-04-29 00:42:30,866 Epoch 0 	 Loss 1.0805853985168121
2021-04-29 00:43:12,235 Epoch 1 	 Loss 0.7494374729774811
2021-04-29 00:43:53,600 Epoch 2 	 Loss 0.6072230892521995
2021-04-29 00:44:34,947 Epoch 3 	 Loss 0.5343133666358151
2021-04-29 00:45:16,237 Epoch 4 	 Loss 0.48057862592267464
2021-04-29 00:45:57,697 Epoch 5 	 Loss 0.441983251453756
2021-04-29 00:46:39,022 Epoch 6 	 Loss 0.40204642663945206
2021-04-29 00:47:20,504 Epoch 7 	 Loss 0.381343621474046
2021-04-29 00:48:01,971 Epoch 8 	 Loss 0.3576238486138019
2021-04-29 00:48:43,356 Epoch 9 	 Loss 0.3628161773904339
2021-04-29 00:49:24,783 Epoch 10 	 Loss 0.3367566865879101
2021-04-29 00:50:06,259 Epoch 11 	 Loss 0.3234141338002551
2021-04-29 00:50:47,677 Epoch 12 	 Loss 0.32205433734170685
2021-04-29 00:51:29,205 Epoch 13 	 Loss 0.32180810367668067
2021-04-29 00:52:10,813 Epoch 14 	 Loss 0.3044041755435231
2021-04-29 00:52:52,237 Epoch 15 	 Loss 0.28851112985348965
2021-04-29 00:53:33,662 Epoch 16 	 Loss 0.28766011815149706
2021-04-29 00:54:15,146 Epoch 17 	 Loss 0.29655465483665466
2021-04-29 00:54:56,560 Epoch 18 	 Loss 0.2762207921062197
2021-04-29 00:55:38,041 Epoch 19 	 Loss 0.2555970122198482
2021-04-29 00:56:19,483 Epoch 20 	 Loss 0.26839998348073646
2021-04-29 00:57:00,875 Epoch 21 	 Loss 0.25827204837248874
2021-04-29 00:57:42,410 Epoch 22 	 Loss 0.26736408455686256
2021-04-29 00:58:23,844 Epoch 23 	 Loss 0.26791324278155526
2021-04-29 00:59:05,320 Epoch 24 	 Loss 0.2561360171863011
2021-04-29 00:59:46,729 Epoch 25 	 Loss 0.24641229326908404
2021-04-29 01:00:28,231 Epoch 26 	 Loss 0.2443327587711942
2021-04-29 01:01:09,726 Epoch 27 	 Loss 0.2551105279516388
2021-04-29 01:01:51,248 Epoch 28 	 Loss 0.242345997265407
2021-04-29 01:02:32,694 Epoch 29 	 Loss 0.23082374871432126
2021-04-29 01:03:14,108 Epoch 30 	 Loss 0.23652509034989955
2021-04-29 01:03:55,570 Epoch 31 	 Loss 0.23691440070723438
2021-04-29 01:04:37,087 Epoch 32 	 Loss 0.23875903411880955
2021-04-29 01:05:18,548 Epoch 33 	 Loss 0.22478159001240364
2021-04-29 01:05:59,973 Epoch 34 	 Loss 0.21775679290294647
2021-04-29 01:06:41,428 Epoch 35 	 Loss 0.22049657165349185
2021-04-29 01:07:22,840 Epoch 36 	 Loss 0.22222184070519038
2021-04-29 01:08:04,284 Epoch 37 	 Loss 0.2184398984843558
2021-04-29 01:08:45,771 Epoch 38 	 Loss 0.22133042622398544
2021-04-29 01:09:27,266 Epoch 39 	 Loss 0.22153749013995075
2021-04-29 01:10:08,783 Epoch 40 	 Loss 0.2147124794485805
2021-04-29 01:10:50,282 Epoch 41 	 Loss 0.21122999620306623
2021-04-29 01:11:31,822 Epoch 42 	 Loss 0.21282460417721297
2021-04-29 01:12:13,267 Epoch 43 	 Loss 0.2098959892333209
2021-04-29 01:12:54,760 Epoch 44 	 Loss 0.2081556444639688
2021-04-29 01:13:36,227 Epoch 45 	 Loss 0.2020223374877657
2021-04-29 01:14:17,869 Epoch 46 	 Loss 0.20365333475254394
2021-04-29 01:14:59,368 Epoch 47 	 Loss 0.19812464943298927
2021-04-29 01:15:40,889 Epoch 48 	 Loss 0.2033421610082899
2021-04-29 01:16:22,461 Epoch 49 	 Loss 0.1937650869508366
2021-04-29 01:17:03,964 Epoch 50 	 Loss 0.194788192654704
2021-04-29 01:17:45,477 Epoch 51 	 Loss 0.19350567918557388
2021-04-29 01:18:27,051 Epoch 52 	 Loss 0.18681662799892845
2021-04-29 01:19:08,499 Epoch 53 	 Loss 0.19385458758244148
2021-04-29 01:19:50,114 Epoch 54 	 Loss 0.18328058965258545
2021-04-29 01:20:31,585 Epoch 55 	 Loss 0.18770920837318505
2021-04-29 01:21:13,176 Epoch 56 	 Loss 0.1863071070267604
2021-04-29 01:21:54,735 Epoch 57 	 Loss 0.18435221042606856
2021-04-29 01:22:36,216 Epoch 58 	 Loss 0.18334618292667054
2021-04-29 01:23:17,732 Epoch 59 	 Loss 0.1857286852139693
2021-04-29 01:23:59,147 Epoch 60 	 Loss 0.1836612301540899
2021-04-29 01:24:40,649 Epoch 61 	 Loss 0.18166226688977127
2021-04-29 01:25:22,073 Epoch 62 	 Loss 0.17949045228434132
2021-04-29 01:26:03,581 Epoch 63 	 Loss 0.17706234671257354
2021-04-29 01:26:45,089 Epoch 64 	 Loss 0.17872668557114654
2021-04-29 01:27:26,621 Epoch 65 	 Loss 0.17666517017961858
2021-04-29 01:28:08,129 Epoch 66 	 Loss 0.1705571527664478
2021-04-29 01:28:49,517 Epoch 67 	 Loss 0.172239261505368
2021-04-29 01:29:30,979 Epoch 68 	 Loss 0.17552075723370353
2021-04-29 01:30:12,515 Epoch 69 	 Loss 0.1708636468910909
2021-04-29 01:30:53,935 Epoch 70 	 Loss 0.17298709445602292
2021-04-29 01:31:35,364 Epoch 71 	 Loss 0.16888795105310586
2021-04-29 01:32:16,903 Epoch 72 	 Loss 0.17257547968036527
2021-04-29 01:32:58,446 Epoch 73 	 Loss 0.16822602477047469
2021-04-29 01:33:39,906 Epoch 74 	 Loss 0.16792661311862234
2021-04-29 01:34:21,486 Epoch 75 	 Loss 0.165553466795565
2021-04-29 01:35:02,947 Epoch 76 	 Loss 0.1649887155700516
2021-04-29 01:35:44,489 Epoch 77 	 Loss 0.16376959245938522
2021-04-29 01:36:25,985 Epoch 78 	 Loss 0.16487633428730808
2021-04-29 01:37:07,530 Epoch 79 	 Loss 0.1627730972819276
2021-04-29 01:37:49,072 Epoch 80 	 Loss 0.16402537514875223
2021-04-29 01:38:30,632 Epoch 81 	 Loss 0.16177040993512332
2021-04-29 01:39:12,131 Epoch 82 	 Loss 0.1622824447823095
2021-04-29 01:39:53,587 Epoch 83 	 Loss 0.1633898573262351
2021-04-29 01:40:35,028 Epoch 84 	 Loss 0.15994326377307977
2021-04-29 01:41:16,512 Epoch 85 	 Loss 0.16137116639823704
2021-04-29 01:41:57,914 Epoch 86 	 Loss 0.1621512146768989
2021-04-29 01:42:39,416 Epoch 87 	 Loss 0.1606142771440548
2021-04-29 01:43:20,795 Epoch 88 	 Loss 0.16254414225017633
2021-04-29 01:44:02,327 Epoch 89 	 Loss 0.16219537156623798
2021-04-29 01:44:43,816 Epoch 90 	 Loss 0.1603207019986687
2021-04-29 01:45:25,278 Epoch 91 	 Loss 0.1611239371391443
2021-04-29 01:46:06,820 Epoch 92 	 Loss 0.15741694333789114
2021-04-29 01:46:48,354 Epoch 93 	 Loss 0.15866127331833263
2021-04-29 01:47:29,876 Epoch 94 	 Loss 0.16026986005542043
2021-04-29 01:48:11,310 Epoch 95 	 Loss 0.1562849718790788
2021-04-29 01:48:52,809 Epoch 96 	 Loss 0.16081192295302402
2021-04-29 01:49:34,336 Epoch 97 	 Loss 0.16288440011359834
2021-04-29 01:50:15,706 Epoch 98 	 Loss 0.1598919350039828
2021-04-29 01:50:57,243 Epoch 99 	 Loss 0.16087981567278012
2021-04-29 01:51:16,972 RESULT FOR DATASET CVC-300

2021-04-29 01:51:16,972 ==============================
2021-04-29 01:51:16,972 

2021-04-29 01:51:16,972 recall: 0.9575563093026479

2021-04-29 01:51:16,972 specificity: 0.9913423180580139

2021-04-29 01:51:16,972 precision: 0.8351887208720048

2021-04-29 01:51:16,972 F1: 0.869335817794005

2021-04-29 01:51:16,972 F2: 0.9029746984442075

2021-04-29 01:51:16,972 ACC_overall: 0.990079152584076

2021-04-29 01:51:16,973 IoU_poly: 0.8036019001156092

2021-04-29 01:51:16,973 IoU_bg: 0.9897973656654357

2021-04-29 01:51:16,973 IoU_mean: 0.8966996356844902

2021-04-29 01:51:16,973 ==============================
2021-04-29 01:51:16,973 

2021-04-29 01:51:32,733 RESULT FOR DATASET CVC-ClinicDB

2021-04-29 01:51:32,733 ==============================
2021-04-29 01:51:32,733 

2021-04-29 01:51:32,733 recall: 0.9435296726803626

2021-04-29 01:51:32,734 specificity: 0.9939839926458174

2021-04-29 01:51:32,734 precision: 0.9036671160708554

2021-04-29 01:51:32,734 F1: 0.9181241897472758

2021-04-29 01:51:32,734 F2: 0.9311169248267693

2021-04-29 01:51:32,734 ACC_overall: 0.9912277162075043

2021-04-29 01:51:32,734 IoU_poly: 0.8696584418416493

2021-04-29 01:51:32,734 IoU_bg: 0.9896831041382205

2021-04-29 01:51:32,734 IoU_mean: 0.9296707746482664

2021-04-29 01:51:32,734 ==============================
2021-04-29 01:51:32,734 

2021-04-29 01:52:02,926 RESULT FOR DATASET Kvasir

2021-04-29 01:52:02,926 ==============================
2021-04-29 01:52:02,926 

2021-04-29 01:52:02,926 recall: 0.9091524581611157

2021-04-29 01:52:02,927 specificity: 0.9894116961956024

2021-04-29 01:52:02,927 precision: 0.9279739680886269

2021-04-29 01:52:02,927 F1: 0.9071415744721889

2021-04-29 01:52:02,927 F2: 0.9053784823417663

2021-04-29 01:52:02,927 ACC_overall: 0.9726913172006607

2021-04-29 01:52:02,927 IoU_poly: 0.8516377295553684

2021-04-29 01:52:02,927 IoU_bg: 0.9648819023370743

2021-04-29 01:52:02,927 IoU_mean: 0.9082598173618317

2021-04-29 01:52:02,927 ==============================
2021-04-29 01:52:02,927 

2021-04-29 01:53:59,336 RESULT FOR DATASET CVC-ColonDB

2021-04-29 01:53:59,337 ==============================
2021-04-29 01:53:59,337 

2021-04-29 01:53:59,337 recall: 0.8146461005517662

2021-04-29 01:53:59,337 specificity: 0.988657472949279

2021-04-29 01:53:59,337 precision: 0.7965944178849704

2021-04-29 01:53:59,337 F1: 0.763501151099344

2021-04-29 01:53:59,337 F2: 0.7785264471973505

2021-04-29 01:53:59,337 ACC_overall: 0.9620591855362842

2021-04-29 01:53:59,337 IoU_poly: 0.6906996663870287

2021-04-29 01:53:59,337 IoU_bg: 0.960129323288014

2021-04-29 01:53:59,337 IoU_mean: 0.8254144939544954

2021-04-29 01:53:59,337 ==============================
2021-04-29 01:53:59,337 

2021-04-29 01:55:21,485 RESULT FOR DATASET ETIS-LaribPolypDB

2021-04-29 01:55:21,485 ==============================
2021-04-29 01:55:21,485 

2021-04-29 01:55:21,485 recall: 0.8687405612736906

2021-04-29 01:55:21,485 specificity: 0.983698627778462

2021-04-29 01:55:21,485 precision: 0.6861112462868718

2021-04-29 01:55:21,485 F1: 0.7366230289031099

2021-04-29 01:55:21,485 F2: 0.7920654979249441

2021-04-29 01:55:21,485 ACC_overall: 0.9811163714953831

2021-04-29 01:55:21,485 IoU_poly: 0.6515471006703207

2021-04-29 01:55:21,485 IoU_bg: 0.9803313831893765

2021-04-29 01:55:21,485 IoU_mean: 0.8159392387891302

2021-04-29 01:55:21,485 ==============================
2021-04-29 01:55:21,485 

