2021-04-23 20:52:33,938 RESULT FOR DATASET CVC-300

2021-04-23 20:52:33,939 ==============================
2021-04-23 20:52:33,940 

2021-04-23 20:52:33,941 recall: 0.9376239175597827

2021-04-23 20:52:33,942 specificity: 0.9952727456887563

2021-04-23 20:52:33,943 precision: 0.8750737870732943

2021-04-23 20:52:33,944 F1: 0.8945412119229634

2021-04-23 20:52:33,944 F2: 0.9158462822437287

2021-04-23 20:52:33,945 ACC_overall: 0.9934948315223058

2021-04-23 20:52:33,946 IoU_poly: 0.8261375611027082

2021-04-23 20:52:33,947 IoU_bg: 0.9932461808125178

2021-04-23 20:52:33,947 IoU_mean: 0.909691866238912

2021-04-23 20:52:33,948 ==============================
2021-04-23 20:52:33,948 

2021-04-23 20:52:34,988 RESULT FOR DATASET CVC-ClinicDB

2021-04-23 20:52:34,988 ==============================
2021-04-23 20:52:34,988 

2021-04-23 20:52:34,988 recall: 0.8901676031462322

2021-04-23 20:52:34,988 specificity: 0.9963246843507213

2021-04-23 20:52:34,989 precision: 0.9339212431091695

2021-04-23 20:52:34,989 F1: 0.892533955483457

2021-04-23 20:52:34,989 F2: 0.8905968342742492

2021-04-23 20:52:34,989 ACC_overall: 0.9911515866556475

2021-04-23 20:52:34,989 IoU_poly: 0.8462219853451731

2021-04-23 20:52:34,989 IoU_bg: 0.9892961305956687

2021-04-23 20:52:34,989 IoU_mean: 0.9177590608596802

2021-04-23 20:52:34,989 ==============================
2021-04-23 20:52:34,989 

2021-04-23 20:52:37,461 RESULT FOR DATASET Kvasir

2021-04-23 20:52:37,462 ==============================
2021-04-23 20:52:37,463 

2021-04-23 20:52:37,463 recall: 0.900110731459572

2021-04-23 20:52:37,464 specificity: 0.9840008461475372

2021-04-23 20:52:37,465 precision: 0.9223976984620095

2021-04-23 20:52:37,466 F1: 0.8929407130175968

2021-04-23 20:52:37,467 F2: 0.8937361851164315

2021-04-23 20:52:37,467 ACC_overall: 0.9716064321994782

2021-04-23 20:52:37,468 IoU_poly: 0.8322831189999124

2021-04-23 20:52:37,469 IoU_bg: 0.963150287270546

2021-04-23 20:52:37,470 IoU_mean: 0.8977167016267776

2021-04-23 20:52:37,470 ==============================
2021-04-23 20:52:37,472 

2021-04-23 20:52:48,125 RESULT FOR DATASET CVC-ColonDB

2021-04-23 20:52:48,127 ==============================
2021-04-23 20:52:48,127 

2021-04-23 20:52:48,128 recall: 0.6663853174163119

2021-04-23 20:52:48,129 specificity: 0.995772963134866

2021-04-23 20:52:48,130 precision: 0.9043812882150585

2021-04-23 20:52:48,131 F1: 0.6701858478664834

2021-04-23 20:52:48,131 F2: 0.6626647332061602

2021-04-23 20:52:48,132 ACC_overall: 0.9581731074734738

2021-04-23 20:52:48,133 IoU_poly: 0.6017116976181892

2021-04-23 20:52:48,134 IoU_bg: 0.9567876716977671

2021-04-23 20:52:48,134 IoU_mean: 0.7792496847086832

2021-04-23 20:52:48,135 ==============================
2021-04-23 20:52:48,140 

2021-04-23 20:53:00,044 RESULT FOR DATASET ETIS-LaribPolypDB

2021-04-23 20:53:00,046 ==============================
2021-04-23 20:53:00,047 

2021-04-23 20:53:00,047 recall: 0.5587929409184004

2021-04-23 20:53:00,048 specificity: 0.9949499116260179

2021-04-23 20:53:00,049 precision: 0.8359160642046808

2021-04-23 20:53:00,050 F1: 0.5547659487243176

2021-04-23 20:53:00,050 F2: 0.5545380839876553

2021-04-23 20:53:00,051 ACC_overall: 0.9813036048898891

2021-04-23 20:53:00,052 IoU_poly: 0.49463561957931496

2021-04-23 20:53:00,053 IoU_bg: 0.9803649229662759

2021-04-23 20:53:00,053 IoU_mean: 0.7375002729953551

2021-04-23 20:53:00,054 ==============================
2021-04-23 20:53:00,061 

