2021-04-21 07:27:10,035 RESULT FOR DATASET CVC-300

2021-04-21 07:27:10,036 ==============================
2021-04-21 07:27:10,036 

2021-04-21 07:27:10,036 recall: 0.9272509010508656

2021-04-21 07:27:10,036 specificity: 0.9948318481445313

2021-04-21 07:27:10,037 precision: 0.8688486536343892

2021-04-21 07:27:10,037 F1: 0.8833176000664632

2021-04-21 07:27:10,037 F2: 0.9063089525947968

2021-04-21 07:27:10,037 ACC_overall: 0.9931098699569703

2021-04-21 07:27:10,037 IoU_poly: 0.8146687598899007

2021-04-21 07:27:10,037 IoU_bg: 0.9928456286589304

2021-04-21 07:27:10,037 IoU_mean: 0.9037571926911672

2021-04-21 07:27:10,037 ==============================
2021-04-21 07:27:10,037 

2021-04-21 07:27:11,004 RESULT FOR DATASET CVC-ClinicDB

2021-04-21 07:27:11,004 ==============================
2021-04-21 07:27:11,004 

2021-04-21 07:27:11,004 recall: 0.8951322355743258

2021-04-21 07:27:11,004 specificity: 0.9965975226894501

2021-04-21 07:27:11,004 precision: 0.9268969985986909

2021-04-21 07:27:11,004 F1: 0.8947938741147218

2021-04-21 07:27:11,004 F2: 0.894284960933991

2021-04-21 07:27:11,004 ACC_overall: 0.9865880147103341

2021-04-21 07:27:11,004 IoU_poly: 0.8448414538870566

2021-04-21 07:27:11,004 IoU_bg: 0.9853869301657523

2021-04-21 07:27:11,004 IoU_mean: 0.9151141951161046

2021-04-21 07:27:11,004 ==============================
2021-04-21 07:27:11,005 

2021-04-21 07:27:13,289 RESULT FOR DATASET Kvasir

2021-04-21 07:27:13,289 ==============================
2021-04-21 07:27:13,289 

2021-04-21 07:27:13,289 recall: 0.8717570578679442

2021-04-21 07:27:13,289 specificity: 0.9870320701599121

2021-04-21 07:27:13,289 precision: 0.9102369198203086

2021-04-21 07:27:13,289 F1: 0.873271075040102

2021-04-21 07:27:13,289 F2: 0.8690161435306072

2021-04-21 07:27:13,306 ACC_overall: 0.9668339151144028

2021-04-21 07:27:13,306 IoU_poly: 0.8099931712076068

2021-04-21 07:27:13,306 IoU_bg: 0.9579868173599243

2021-04-21 07:27:13,306 IoU_mean: 0.8839899951219559

2021-04-21 07:27:13,307 ==============================
2021-04-21 07:27:13,307 

2021-04-21 07:27:21,696 RESULT FOR DATASET CVC-ColonDB

2021-04-21 07:27:21,699 ==============================
2021-04-21 07:27:21,700 

2021-04-21 07:27:21,701 recall: 0.6650610052532568

2021-04-21 07:27:21,702 specificity: 0.9952180874975104

2021-04-21 07:27:21,703 precision: 0.8829720202316438

2021-04-21 07:27:21,704 F1: 0.6693092491591127

2021-04-21 07:27:21,705 F2: 0.6619901350688104

2021-04-21 07:27:21,707 ACC_overall: 0.9576472754541197

2021-04-21 07:27:21,708 IoU_poly: 0.5988203334456641

2021-04-21 07:27:21,708 IoU_bg: 0.9561022949061896

2021-04-21 07:27:21,709 IoU_mean: 0.7774613126328117

2021-04-21 07:27:21,710 ==============================
2021-04-21 07:27:21,711 

2021-04-21 07:27:32,401 RESULT FOR DATASET ETIS-LaribPolypDB

2021-04-21 07:27:32,402 ==============================
2021-04-21 07:27:32,403 

2021-04-21 07:27:32,404 recall: 0.6452663436918408

2021-04-21 07:27:32,405 specificity: 0.9897857861859458

2021-04-21 07:27:32,406 precision: 0.7735961702935166

2021-04-21 07:27:32,407 F1: 0.620762156528251

2021-04-21 07:27:32,408 F2: 0.6305305551733297

2021-04-21 07:27:32,408 ACC_overall: 0.9806024559906551

2021-04-21 07:27:32,409 IoU_poly: 0.5473710234684301

2021-04-21 07:27:32,410 IoU_bg: 0.979464455222597

2021-04-21 07:27:32,411 IoU_mean: 0.7634177391930502

2021-04-21 07:27:32,412 ==============================
2021-04-21 07:27:32,414 

