2021-04-19 22:50:35,554 RESULT FOR DATASET CVC-300

2021-04-19 22:50:35,555 ==============================
2021-04-19 22:50:35,556 

2021-04-19 22:50:35,557 recall: 0.9108622672691127

2021-04-19 22:50:35,557 specificity: 0.9934533387422562

2021-04-19 22:50:35,558 precision: 0.8609903360406558

2021-04-19 22:50:35,558 F1: 0.8546043455018661

2021-04-19 22:50:35,559 F2: 0.8826523280780142

2021-04-19 22:50:35,559 ACC_overall: 0.9914483189582824

2021-04-19 22:50:35,559 IoU_poly: 0.786263863745747

2021-04-19 22:50:35,559 IoU_bg: 0.9911231418450673

2021-04-19 22:50:35,559 IoU_mean: 0.8886935040354729

2021-04-19 22:50:35,559 ==============================
2021-04-19 22:50:35,559 

2021-04-19 22:50:42,067 RESULT FOR DATASET CVC-ClinicDB

2021-04-19 22:50:42,067 ==============================
2021-04-19 22:50:42,067 

2021-04-19 22:50:42,067 recall: 0.8734995826690143

2021-04-19 22:50:42,067 specificity: 0.9964544378942058

2021-04-19 22:50:42,067 precision: 0.9460319520965699

2021-04-19 22:50:42,068 F1: 0.8743555562367903

2021-04-19 22:50:42,068 F2: 0.8726842000051552

2021-04-19 22:50:42,068 ACC_overall: 0.9851543874509873

2021-04-19 22:50:42,068 IoU_poly: 0.8257769048786647

2021-04-19 22:50:42,068 IoU_bg: 0.9838821849515361

2021-04-19 22:50:42,068 IoU_mean: 0.9048295453671487

2021-04-19 22:50:42,068 ==============================
2021-04-19 22:50:42,068 

2021-04-19 22:50:54,572 RESULT FOR DATASET Kvasir

2021-04-19 22:50:54,573 ==============================
2021-04-19 22:50:54,573 

2021-04-19 22:50:54,574 recall: 0.879836550464388

2021-04-19 22:50:54,575 specificity: 0.9894877260923386

2021-04-19 22:50:54,575 precision: 0.9405465437471867

2021-04-19 22:50:54,576 F1: 0.8929331131112122

2021-04-19 22:50:54,577 F2: 0.8821722441654128

2021-04-19 22:50:54,577 ACC_overall: 0.9704023486375809

2021-04-19 22:50:54,578 IoU_poly: 0.8298353319964371

2021-04-19 22:50:54,579 IoU_bg: 0.9619075536727906

2021-04-19 22:50:54,579 IoU_mean: 0.8958714413642883

2021-04-19 22:50:54,580 ==============================
2021-04-19 22:50:54,581 

2021-04-19 22:51:42,028 RESULT FOR DATASET CVC-ColonDB

2021-04-19 22:51:42,029 ==============================
2021-04-19 22:51:42,030 

2021-04-19 22:51:42,031 recall: 0.7008364573817923

2021-04-19 22:51:42,032 specificity: 0.9941381305456162

2021-04-19 22:51:42,032 precision: 0.8817460734540394

2021-04-19 22:51:42,033 F1: 0.693021392264889

2021-04-19 22:51:42,034 F2: 0.6928794680835608

2021-04-19 22:51:42,034 ACC_overall: 0.9636953438583173

2021-04-19 22:51:42,035 IoU_poly: 0.6229583936104961

2021-04-19 22:51:42,036 IoU_bg: 0.9618904863533221

2021-04-19 22:51:42,036 IoU_mean: 0.7924244413250371

2021-04-19 22:51:42,037 ==============================
2021-04-19 22:51:42,038 

2021-04-19 22:52:14,512 RESULT FOR DATASET ETIS-LaribPolypDB

2021-04-19 22:52:14,512 ==============================
2021-04-19 22:52:14,512 

2021-04-19 22:52:14,512 recall: 0.6002787743303515

2021-04-19 22:52:14,512 specificity: 0.9908708495144941

2021-04-19 22:52:14,512 precision: 0.7742102847370768

2021-04-19 22:52:14,512 F1: 0.5774575446837436

2021-04-19 22:52:14,513 F2: 0.5874922399700006

2021-04-19 22:52:14,516 ACC_overall: 0.981774917062448

2021-04-19 22:52:14,518 IoU_poly: 0.5127175145742011

2021-04-19 22:52:14,519 IoU_bg: 0.9808509431931437

2021-04-19 22:52:14,519 IoU_mean: 0.7467842296678193

2021-04-19 22:52:14,520 ==============================
2021-04-19 22:52:14,521 

