2021-04-19 22:48:44,223 RESULT FOR DATASET CVC-300

2021-04-19 22:48:44,224 ==============================
2021-04-19 22:48:44,225 

2021-04-19 22:48:44,225 recall: 0.9108622672691127

2021-04-19 22:48:44,226 specificity: 0.9934533387422562

2021-04-19 22:48:44,226 precision: 0.8609903360406558

2021-04-19 22:48:44,227 F1: 0.8546043455018661

2021-04-19 22:48:44,228 F2: 0.8826523280780142

2021-04-19 22:48:44,228 ACC_overall: 0.9914483189582824

2021-04-19 22:48:44,229 IoU_poly: 0.786263863745747

2021-04-19 22:48:44,230 IoU_bg: 0.9911231418450673

2021-04-19 22:48:44,230 IoU_mean: 0.8886935040354729

2021-04-19 22:48:44,231 ==============================
2021-04-19 22:48:44,231 

2021-04-19 22:48:50,860 RESULT FOR DATASET CVC-ClinicDB

2021-04-19 22:48:50,861 ==============================
2021-04-19 22:48:50,861 

2021-04-19 22:48:50,861 recall: 0.8734995826690143

2021-04-19 22:48:50,861 specificity: 0.9964544378942058

2021-04-19 22:48:50,861 precision: 0.9460319520965699

2021-04-19 22:48:50,861 F1: 0.8743555562367903

2021-04-19 22:48:50,862 F2: 0.8726842000051552

2021-04-19 22:48:50,862 ACC_overall: 0.9851543874509873

2021-04-19 22:48:50,862 IoU_poly: 0.8257769048786647

2021-04-19 22:48:50,862 IoU_bg: 0.9838821849515361

2021-04-19 22:48:50,862 IoU_mean: 0.9048295453671487

2021-04-19 22:48:50,862 ==============================
2021-04-19 22:48:50,862 

2021-04-19 22:49:03,443 RESULT FOR DATASET Kvasir

2021-04-19 22:49:03,444 ==============================
2021-04-19 22:49:03,445 

2021-04-19 22:49:03,446 recall: 0.879836550464388

2021-04-19 22:49:03,446 specificity: 0.9894877260923386

2021-04-19 22:49:03,447 precision: 0.9405465437471867

2021-04-19 22:49:03,448 F1: 0.8929331131112122

2021-04-19 22:49:03,448 F2: 0.8821722441654128

2021-04-19 22:49:03,449 ACC_overall: 0.9704023486375809

2021-04-19 22:49:03,449 IoU_poly: 0.8298353319964371

2021-04-19 22:49:03,450 IoU_bg: 0.9619075536727906

2021-04-19 22:49:03,451 IoU_mean: 0.8958714413642883

2021-04-19 22:49:03,452 ==============================
2021-04-19 22:49:03,452 

2021-04-19 22:49:48,318 RESULT FOR DATASET CVC-ColonDB

2021-04-19 22:49:48,318 ==============================
2021-04-19 22:49:48,318 

2021-04-19 22:49:48,320 recall: 0.7008364573817923

2021-04-19 22:49:48,320 specificity: 0.9941381305456162

2021-04-19 22:49:48,320 precision: 0.8817460734540394

2021-04-19 22:49:48,320 F1: 0.693021392264889

2021-04-19 22:49:48,320 F2: 0.6928794680835608

2021-04-19 22:49:48,320 ACC_overall: 0.9636953438583173

2021-04-19 22:49:48,320 IoU_poly: 0.6229583936104961

2021-04-19 22:49:48,320 IoU_bg: 0.9618904863533221

2021-04-19 22:49:48,320 IoU_mean: 0.7924244413250371

2021-04-19 22:49:48,320 ==============================
2021-04-19 22:49:48,321 

2021-04-19 22:50:22,072 RESULT FOR DATASET ETIS-LaribPolypDB

2021-04-19 22:50:22,073 ==============================
2021-04-19 22:50:22,073 

2021-04-19 22:50:22,073 recall: 0.6002787743303515

2021-04-19 22:50:22,073 specificity: 0.9908708495144941

2021-04-19 22:50:22,074 precision: 0.7742102847370768

2021-04-19 22:50:22,074 F1: 0.5774575446837436

2021-04-19 22:50:22,074 F2: 0.5874922399700006

2021-04-19 22:50:22,074 ACC_overall: 0.981774917062448

2021-04-19 22:50:22,074 IoU_poly: 0.5127175145742011

2021-04-19 22:50:22,074 IoU_bg: 0.9808509431931437

2021-04-19 22:50:22,074 IoU_mean: 0.7467842296678193

2021-04-19 22:50:22,074 ==============================
2021-04-19 22:50:22,074 

