2021-04-19 20:35:44,323 RESULT FOR DATASET CVC-300

2021-04-19 20:35:44,324 ==============================
2021-04-19 20:35:44,324 

2021-04-19 20:35:44,325 recall: 0.9233332780500253

2021-04-19 20:35:44,325 specificity: 0.9959356129169464

2021-04-19 20:35:44,325 precision: 0.8650580021242301

2021-04-19 20:35:44,325 F1: 0.880693095177412

2021-04-19 20:35:44,326 F2: 0.9019796716359755

2021-04-19 20:35:44,326 ACC_overall: 0.9938539505004883

2021-04-19 20:35:44,326 IoU_poly: 0.8172025934793055

2021-04-19 20:35:44,326 IoU_bg: 0.9936549613873163

2021-04-19 20:35:44,327 IoU_mean: 0.9054287761449814

2021-04-19 20:35:44,327 ==============================
2021-04-19 20:35:44,327 

2021-04-19 20:35:46,560 RESULT FOR DATASET CVC-ClinicDB

2021-04-19 20:35:46,561 ==============================
2021-04-19 20:35:46,561 

2021-04-19 20:35:46,564 recall: 0.9053529534271108

2021-04-19 20:35:46,564 specificity: 0.9956466622890965

2021-04-19 20:35:46,565 precision: 0.9050773239484237

2021-04-19 20:35:46,565 F1: 0.8944965919588632

2021-04-19 20:35:46,566 F2: 0.9003038138992363

2021-04-19 20:35:46,566 ACC_overall: 0.9913702030335704

2021-04-19 20:35:46,566 IoU_poly: 0.8491237302810224

2021-04-19 20:35:46,567 IoU_bg: 0.9896160921742839

2021-04-19 20:35:46,567 IoU_mean: 0.9193699109938837

2021-04-19 20:35:46,568 ==============================
2021-04-19 20:35:46,568 

2021-04-19 20:35:52,115 RESULT FOR DATASET Kvasir

2021-04-19 20:35:52,115 ==============================
2021-04-19 20:35:52,115 

2021-04-19 20:35:52,115 recall: 0.8914559762738645

2021-04-19 20:35:52,115 specificity: 0.9866360938549041

2021-04-19 20:35:52,116 precision: 0.9133417478203774

2021-04-19 20:35:52,116 F1: 0.8854868445545435

2021-04-19 20:35:52,116 F2: 0.8849703780561685

2021-04-19 20:35:52,116 ACC_overall: 0.9695928829908371

2021-04-19 20:35:52,116 IoU_poly: 0.8235067916288972

2021-04-19 20:35:52,116 IoU_bg: 0.9616078585386276

2021-04-19 20:35:52,116 IoU_mean: 0.8925573244690895

2021-04-19 20:35:52,116 ==============================
2021-04-19 20:35:52,117 

2021-04-19 20:36:12,146 RESULT FOR DATASET CVC-ColonDB

2021-04-19 20:36:12,146 ==============================
2021-04-19 20:36:12,146 

2021-04-19 20:36:12,146 recall: 0.6882272789079683

2021-04-19 20:36:12,146 specificity: 0.9950226764929923

2021-04-19 20:36:12,146 precision: 0.9008206684949073

2021-04-19 20:36:12,146 F1: 0.6961192028080596

2021-04-19 20:36:12,146 F2: 0.686621706518202

2021-04-19 20:36:12,147 ACC_overall: 0.961235382839253

2021-04-19 20:36:12,147 IoU_poly: 0.6244769958715695

2021-04-19 20:36:12,147 IoU_bg: 0.959552019599237

2021-04-19 20:36:12,167 IoU_mean: 0.7920145079493522

2021-04-19 20:36:12,167 ==============================
2021-04-19 20:36:12,168 

2021-04-19 20:36:33,949 RESULT FOR DATASET ETIS-LaribPolypDB

2021-04-19 20:36:33,954 ==============================
2021-04-19 20:36:33,954 

2021-04-19 20:36:33,954 recall: 0.6413618103354621

2021-04-19 20:36:33,954 specificity: 0.9914588666692072

2021-04-19 20:36:33,954 precision: 0.8023117166821373

2021-04-19 20:36:33,954 F1: 0.6145709298198105

2021-04-19 20:36:33,954 F2: 0.6262679413652946

2021-04-19 20:36:33,954 ACC_overall: 0.9829429439744171

2021-04-19 20:36:33,954 IoU_poly: 0.5502046298508262

2021-04-19 20:36:33,954 IoU_bg: 0.9818814506336134

2021-04-19 20:36:33,955 IoU_mean: 0.7660430411295015

2021-04-19 20:36:33,955 ==============================
2021-04-19 20:36:33,955 

