2021-04-21 07:26:08,515 RESULT FOR DATASET CVC-300

2021-04-21 07:26:08,515 ==============================
2021-04-21 07:26:08,515 

2021-04-21 07:26:08,515 recall: 0.9272509010508656

2021-04-21 07:26:08,515 specificity: 0.9948318481445313

2021-04-21 07:26:08,515 precision: 0.8688486536343892

2021-04-21 07:26:08,515 F1: 0.8833176000664632

2021-04-21 07:26:08,516 F2: 0.9063089525947968

2021-04-21 07:26:08,516 ACC_overall: 0.9931098699569703

2021-04-21 07:26:08,516 IoU_poly: 0.8146687598899007

2021-04-21 07:26:08,516 IoU_bg: 0.9928456286589304

2021-04-21 07:26:08,516 IoU_mean: 0.9037571926911672

2021-04-21 07:26:08,516 ==============================
2021-04-21 07:26:08,516 

2021-04-21 07:26:09,515 RESULT FOR DATASET CVC-ClinicDB

2021-04-21 07:26:09,515 ==============================
2021-04-21 07:26:09,515 

2021-04-21 07:26:09,515 recall: 0.8951322355743258

2021-04-21 07:26:09,515 specificity: 0.9965975226894501

2021-04-21 07:26:09,515 precision: 0.9268969985986909

2021-04-21 07:26:09,515 F1: 0.8947938741147218

2021-04-21 07:26:09,515 F2: 0.894284960933991

2021-04-21 07:26:09,515 ACC_overall: 0.9865880147103341

2021-04-21 07:26:09,515 IoU_poly: 0.8448414538870566

2021-04-21 07:26:09,516 IoU_bg: 0.9853869301657523

2021-04-21 07:26:09,516 IoU_mean: 0.9151141951161046

2021-04-21 07:26:09,516 ==============================
2021-04-21 07:26:09,516 

2021-04-21 07:26:11,887 RESULT FOR DATASET Kvasir

2021-04-21 07:26:11,887 ==============================
2021-04-21 07:26:11,887 

2021-04-21 07:26:11,888 recall: 0.8717570578679442

2021-04-21 07:26:11,888 specificity: 0.9870320701599121

2021-04-21 07:26:11,888 precision: 0.9102369198203086

2021-04-21 07:26:11,888 F1: 0.873271075040102

2021-04-21 07:26:11,888 F2: 0.8690161435306072

2021-04-21 07:26:11,888 ACC_overall: 0.9668339151144028

2021-04-21 07:26:11,888 IoU_poly: 0.8099931712076068

2021-04-21 07:26:11,888 IoU_bg: 0.9579868173599243

2021-04-21 07:26:11,888 IoU_mean: 0.8839899951219559

2021-04-21 07:26:11,888 ==============================
2021-04-21 07:26:11,888 

2021-04-21 07:26:20,436 RESULT FOR DATASET CVC-ColonDB

2021-04-21 07:26:20,437 ==============================
2021-04-21 07:26:20,438 

2021-04-21 07:26:20,438 recall: 0.6650610052532568

2021-04-21 07:26:20,438 specificity: 0.9952180874975104

2021-04-21 07:26:20,438 precision: 0.8829720202316438

2021-04-21 07:26:20,438 F1: 0.6693092491591127

2021-04-21 07:26:20,438 F2: 0.6619901350688104

2021-04-21 07:26:20,438 ACC_overall: 0.9576472754541197

2021-04-21 07:26:20,438 IoU_poly: 0.5988203334456641

2021-04-21 07:26:20,438 IoU_bg: 0.9561022949061896

2021-04-21 07:26:20,438 IoU_mean: 0.7774613126328117

2021-04-21 07:26:20,438 ==============================
2021-04-21 07:26:20,439 

2021-04-21 07:26:32,975 RESULT FOR DATASET ETIS-LaribPolypDB

2021-04-21 07:26:32,976 ==============================
2021-04-21 07:26:32,977 

2021-04-21 07:26:32,978 recall: 0.6452663436918408

2021-04-21 07:26:32,978 specificity: 0.9897857861859458

2021-04-21 07:26:32,979 precision: 0.7735961702935166

2021-04-21 07:26:32,979 F1: 0.620762156528251

2021-04-21 07:26:32,980 F2: 0.6305305551733297

2021-04-21 07:26:32,981 ACC_overall: 0.9806024559906551

2021-04-21 07:26:32,982 IoU_poly: 0.5473710234684301

2021-04-21 07:26:32,983 IoU_bg: 0.979464455222597

2021-04-21 07:26:32,984 IoU_mean: 0.7634177391930502

2021-04-21 07:26:32,985 ==============================
2021-04-21 07:26:32,985 

