2021-04-19 20:36:44,831 RESULT FOR DATASET CVC-300

2021-04-19 20:36:44,851 ==============================
2021-04-19 20:36:44,851 

2021-04-19 20:36:44,851 recall: 0.9233332780500253

2021-04-19 20:36:44,851 specificity: 0.9959356129169464

2021-04-19 20:36:44,851 precision: 0.8650580021242301

2021-04-19 20:36:44,851 F1: 0.880693095177412

2021-04-19 20:36:44,851 F2: 0.9019796716359755

2021-04-19 20:36:44,851 ACC_overall: 0.9938539505004883

2021-04-19 20:36:44,851 IoU_poly: 0.8172025934793055

2021-04-19 20:36:44,851 IoU_bg: 0.9936549613873163

2021-04-19 20:36:44,852 IoU_mean: 0.9054287761449814

2021-04-19 20:36:44,852 ==============================
2021-04-19 20:36:44,852 

2021-04-19 20:36:46,911 RESULT FOR DATASET CVC-ClinicDB

2021-04-19 20:36:46,933 ==============================
2021-04-19 20:36:46,933 

2021-04-19 20:36:46,933 recall: 0.9053529534271108

2021-04-19 20:36:46,933 specificity: 0.9956466622890965

2021-04-19 20:36:46,933 precision: 0.9050773239484237

2021-04-19 20:36:46,933 F1: 0.8944965919588632

2021-04-19 20:36:46,934 F2: 0.9003038138992363

2021-04-19 20:36:46,934 ACC_overall: 0.9913702030335704

2021-04-19 20:36:46,934 IoU_poly: 0.8491237302810224

2021-04-19 20:36:46,934 IoU_bg: 0.9896160921742839

2021-04-19 20:36:46,934 IoU_mean: 0.9193699109938837

2021-04-19 20:36:46,934 ==============================
2021-04-19 20:36:46,934 

2021-04-19 20:36:52,474 RESULT FOR DATASET Kvasir

2021-04-19 20:36:52,477 ==============================
2021-04-19 20:36:52,478 

2021-04-19 20:36:52,478 recall: 0.8914559762738645

2021-04-19 20:36:52,479 specificity: 0.9866360938549041

2021-04-19 20:36:52,479 precision: 0.9133417478203774

2021-04-19 20:36:52,480 F1: 0.8854868445545435

2021-04-19 20:36:52,480 F2: 0.8849703780561685

2021-04-19 20:36:52,481 ACC_overall: 0.9695928829908371

2021-04-19 20:36:52,481 IoU_poly: 0.8235067916288972

2021-04-19 20:36:52,482 IoU_bg: 0.9616078585386276

2021-04-19 20:36:52,482 IoU_mean: 0.8925573244690895

2021-04-19 20:36:52,483 ==============================
2021-04-19 20:36:52,483 

2021-04-19 20:37:12,528 RESULT FOR DATASET CVC-ColonDB

2021-04-19 20:37:12,547 ==============================
2021-04-19 20:37:12,548 

2021-04-19 20:37:12,548 recall: 0.6882272789079683

2021-04-19 20:37:12,550 specificity: 0.9950226764929923

2021-04-19 20:37:12,550 precision: 0.9008206684949073

2021-04-19 20:37:12,551 F1: 0.6961192028080596

2021-04-19 20:37:12,551 F2: 0.686621706518202

2021-04-19 20:37:12,551 ACC_overall: 0.961235382839253

2021-04-19 20:37:12,551 IoU_poly: 0.6244769958715695

2021-04-19 20:37:12,552 IoU_bg: 0.959552019599237

2021-04-19 20:37:12,552 IoU_mean: 0.7920145079493522

2021-04-19 20:37:12,552 ==============================
2021-04-19 20:37:12,552 

2021-04-19 20:37:32,678 RESULT FOR DATASET ETIS-LaribPolypDB

2021-04-19 20:37:32,681 ==============================
2021-04-19 20:37:32,681 

2021-04-19 20:37:32,681 recall: 0.6413618103354621

2021-04-19 20:37:32,682 specificity: 0.9914588666692072

2021-04-19 20:37:32,682 precision: 0.8023117166821373

2021-04-19 20:37:32,682 F1: 0.6145709298198105

2021-04-19 20:37:32,682 F2: 0.6262679413652946

2021-04-19 20:37:32,682 ACC_overall: 0.9829429439744171

2021-04-19 20:37:32,682 IoU_poly: 0.5502046298508262

2021-04-19 20:37:32,682 IoU_bg: 0.9818814506336134

2021-04-19 20:37:32,682 IoU_mean: 0.7660430411295015

2021-04-19 20:37:32,684 ==============================
2021-04-19 20:37:32,684 

