2021-04-23 20:59:47,069 RESULT FOR DATASET CVC-300

2021-04-23 20:59:47,070 ==============================
2021-04-23 20:59:47,070 

2021-04-23 20:59:47,071 recall: 0.9392902225255966

2021-04-23 20:59:47,071 specificity: 0.993564036488533

2021-04-23 20:59:47,072 precision: 0.8490229240308206

2021-04-23 20:59:47,072 F1: 0.8704933427274227

2021-04-23 20:59:47,073 F2: 0.896186625957489

2021-04-23 20:59:47,074 ACC_overall: 0.9915035406748454

2021-04-23 20:59:47,074 IoU_poly: 0.8027786790082853

2021-04-23 20:59:47,075 IoU_bg: 0.9912598460912705

2021-04-23 20:59:47,076 IoU_mean: 0.8970192631085714

2021-04-23 20:59:47,077 ==============================
2021-04-23 20:59:47,077 

2021-04-23 20:59:47,988 RESULT FOR DATASET CVC-ClinicDB

2021-04-23 20:59:47,989 ==============================
2021-04-23 20:59:47,989 

2021-04-23 20:59:47,990 recall: 0.9356814623141901

2021-04-23 20:59:47,991 specificity: 0.9938952288319988

2021-04-23 20:59:47,991 precision: 0.9035055302022468

2021-04-23 20:59:47,992 F1: 0.9114784911953686

2021-04-23 20:59:47,993 F2: 0.9214919846394144

2021-04-23 20:59:47,993 ACC_overall: 0.9892147856373941

2021-04-23 20:59:47,994 IoU_poly: 0.8610788975232525

2021-04-23 20:59:47,994 IoU_bg: 0.9871520371206345

2021-04-23 20:59:47,995 IoU_mean: 0.9241154674560793

2021-04-23 20:59:47,995 ==============================
2021-04-23 20:59:47,996 

2021-04-23 20:59:50,225 RESULT FOR DATASET Kvasir

2021-04-23 20:59:50,226 ==============================
2021-04-23 20:59:50,227 

2021-04-23 20:59:50,227 recall: 0.9121948716044426

2021-04-23 20:59:50,228 specificity: 0.9885597145557403

2021-04-23 20:59:50,228 precision: 0.9330969025939703

2021-04-23 20:59:50,229 F1: 0.9113004559278488

2021-04-23 20:59:50,229 F2: 0.9089251467585564

2021-04-23 20:59:50,230 ACC_overall: 0.9729905438423156

2021-04-23 20:59:50,231 IoU_poly: 0.8588500514626503

2021-04-23 20:59:50,231 IoU_bg: 0.9655111548304558

2021-04-23 20:59:50,232 IoU_mean: 0.9121806049346923

2021-04-23 20:59:50,233 ==============================
2021-04-23 20:59:50,233 

2021-04-23 20:59:58,496 RESULT FOR DATASET CVC-ColonDB

2021-04-23 20:59:58,496 ==============================
2021-04-23 20:59:58,496 

2021-04-23 20:59:58,496 recall: 0.76428533171442

2021-04-23 20:59:58,497 specificity: 0.9893853932619094

2021-04-23 20:59:58,498 precision: 0.8075524139316927

2021-04-23 20:59:58,498 F1: 0.7334393972104934

2021-04-23 20:59:58,498 F2: 0.7410704373313102

2021-04-23 20:59:58,499 ACC_overall: 0.9623973703698108

2021-04-23 20:59:58,500 IoU_poly: 0.6573204204713731

2021-04-23 20:59:58,500 IoU_bg: 0.9593430112851293

2021-04-23 20:59:58,501 IoU_mean: 0.8083317147273766

2021-04-23 20:59:58,501 ==============================
2021-04-23 20:59:58,501 

2021-04-23 21:00:09,638 RESULT FOR DATASET ETIS-LaribPolypDB

2021-04-23 21:00:09,638 ==============================
2021-04-23 21:00:09,638 

2021-04-23 21:00:09,638 recall: 0.8293972682008179

2021-04-23 21:00:09,640 specificity: 0.9855675289825517

2021-04-23 21:00:09,641 precision: 0.7011996891991383

2021-04-23 21:00:09,641 F1: 0.7342686785355093

2021-04-23 21:00:09,642 F2: 0.7772105954026932

2021-04-23 21:00:09,643 ACC_overall: 0.9832782830510821

2021-04-23 21:00:09,643 IoU_poly: 0.6589312660670732

2021-04-23 21:00:09,644 IoU_bg: 0.982369992805987

2021-04-23 21:00:09,645 IoU_mean: 0.8206506283307562

2021-04-23 21:00:09,645 ==============================
2021-04-23 21:00:09,646 

