2021-04-23 20:55:33,613 RESULT FOR DATASET CVC-300

2021-04-23 20:55:33,613 ==============================
2021-04-23 20:55:33,613 

2021-04-23 20:55:33,614 recall: 0.9402559652924538

2021-04-23 20:55:33,614 specificity: 0.9926632881164551

2021-04-23 20:55:33,614 precision: 0.8309130473683278

2021-04-23 20:55:33,614 F1: 0.858968848362565

2021-04-23 20:55:33,614 F2: 0.8922000208248695

2021-04-23 20:55:33,614 ACC_overall: 0.9907591750224432

2021-04-23 20:55:33,614 IoU_poly: 0.7904221949477991

2021-04-23 20:55:33,614 IoU_bg: 0.9905070761839548

2021-04-23 20:55:33,614 IoU_mean: 0.8904646406571071

2021-04-23 20:55:33,629 ==============================
2021-04-23 20:55:33,629 

2021-04-23 20:55:36,201 RESULT FOR DATASET CVC-ClinicDB

2021-04-23 20:55:36,201 ==============================
2021-04-23 20:55:36,201 

2021-04-23 20:55:36,201 recall: 0.9520205365073297

2021-04-23 20:55:36,201 specificity: 0.992930588222319

2021-04-23 20:55:36,201 precision: 0.9042897477986351

2021-04-23 20:55:36,202 F1: 0.9167499558459367

2021-04-23 20:55:36,202 F2: 0.9292500776148611

2021-04-23 20:55:36,202 ACC_overall: 0.9895779413561667

2021-04-23 20:55:36,202 IoU_poly: 0.8670577495809524

2021-04-23 20:55:36,202 IoU_bg: 0.987785049984532

2021-04-23 20:55:36,202 IoU_mean: 0.9274213972591585

2021-04-23 20:55:36,202 ==============================
2021-04-23 20:55:36,202 

2021-04-23 20:55:41,259 RESULT FOR DATASET Kvasir

2021-04-23 20:55:41,259 ==============================
2021-04-23 20:55:41,259 

2021-04-23 20:55:41,259 recall: 0.8817618323862553

2021-04-23 20:55:41,259 specificity: 0.9886908459663392

2021-04-23 20:55:41,259 precision: 0.9260607117787003

2021-04-23 20:55:41,260 F1: 0.8893967506475746

2021-04-23 20:55:41,260 F2: 0.8812875268422067

2021-04-23 20:55:41,260 ACC_overall: 0.9681461250782013

2021-04-23 20:55:41,260 IoU_poly: 0.8296889200434089

2021-04-23 20:55:41,260 IoU_bg: 0.9602188515663147

2021-04-23 20:55:41,260 IoU_mean: 0.894953887462616

2021-04-23 20:55:41,260 ==============================
2021-04-23 20:55:41,260 

2021-04-23 20:56:00,703 RESULT FOR DATASET CVC-ColonDB

2021-04-23 20:56:00,703 ==============================
2021-04-23 20:56:00,703 

2021-04-23 20:56:00,703 recall: 0.8143801554926349

2021-04-23 20:56:00,703 specificity: 0.9870234511400524

2021-04-23 20:56:00,703 precision: 0.8097218709597703

2021-04-23 20:56:00,704 F1: 0.7659897013442691

2021-04-23 20:56:00,704 F2: 0.7806182619678111

2021-04-23 20:56:00,705 ACC_overall: 0.9649963272245307

2021-04-23 20:56:00,705 IoU_poly: 0.6862946353073264

2021-04-23 20:56:00,706 IoU_bg: 0.9617483567250402

2021-04-23 20:56:00,706 IoU_mean: 0.8240214979178027

2021-04-23 20:56:00,707 ==============================
2021-04-23 20:56:00,707 

2021-04-23 20:56:18,487 RESULT FOR DATASET ETIS-LaribPolypDB

2021-04-23 20:56:18,487 ==============================
2021-04-23 20:56:18,487 

2021-04-23 20:56:18,487 recall: 0.8280354706469236

2021-04-23 20:56:18,488 specificity: 0.9839807806574569

2021-04-23 20:56:18,488 precision: 0.676199123654943

2021-04-23 20:56:18,488 F1: 0.723341833128564

2021-04-23 20:56:18,488 F2: 0.7695877685352329

2021-04-23 20:56:18,488 ACC_overall: 0.9824382449899401

2021-04-23 20:56:18,488 IoU_poly: 0.6437888599331686

2021-04-23 20:56:18,488 IoU_bg: 0.9813548928620864

2021-04-23 20:56:18,488 IoU_mean: 0.8125718762071765

2021-04-23 20:56:18,488 ==============================
2021-04-23 20:56:18,488 

