2021-04-23 21:00:18,041 RESULT FOR DATASET CVC-300

2021-04-23 21:00:18,042 ==============================
2021-04-23 21:00:18,042 

2021-04-23 21:00:18,043 recall: 0.9319027493397395

2021-04-23 21:00:18,044 specificity: 0.9941894123951595

2021-04-23 21:00:18,044 precision: 0.8533364797631899

2021-04-23 21:00:18,044 F1: 0.8648176963130633

2021-04-23 21:00:18,044 F2: 0.8918254941701889

2021-04-23 21:00:18,044 ACC_overall: 0.9918623685836792

2021-04-23 21:00:18,044 IoU_poly: 0.7982381905118624

2021-04-23 21:00:18,044 IoU_bg: 0.9916427453358968

2021-04-23 21:00:18,044 IoU_mean: 0.8949404617150625

2021-04-23 21:00:18,044 ==============================
2021-04-23 21:00:18,044 

2021-04-23 21:00:19,077 RESULT FOR DATASET CVC-ClinicDB

2021-04-23 21:00:19,078 ==============================
2021-04-23 21:00:19,078 

2021-04-23 21:00:19,078 recall: 0.9305223237099727

2021-04-23 21:00:19,078 specificity: 0.9928033928717336

2021-04-23 21:00:19,078 precision: 0.9023216019521633

2021-04-23 21:00:19,078 F1: 0.9096455369557764

2021-04-23 21:00:19,078 F2: 0.9170417092475784

2021-04-23 21:00:19,078 ACC_overall: 0.9886805732404033

2021-04-23 21:00:19,078 IoU_poly: 0.861230485740253

2021-04-23 21:00:19,078 IoU_bg: 0.9865875840187073

2021-04-23 21:00:19,078 IoU_mean: 0.9239090320564085

2021-04-23 21:00:19,078 ==============================
2021-04-23 21:00:19,079 

2021-04-23 21:00:21,487 RESULT FOR DATASET Kvasir

2021-04-23 21:00:21,487 ==============================
2021-04-23 21:00:21,487 

2021-04-23 21:00:21,487 recall: 0.897910929620266

2021-04-23 21:00:21,487 specificity: 0.9866589486598969

2021-04-23 21:00:21,488 precision: 0.9276128298044205

2021-04-23 21:00:21,489 F1: 0.8972141323983669

2021-04-23 21:00:21,489 F2: 0.8933126021921635

2021-04-23 21:00:21,490 ACC_overall: 0.9679915463924408

2021-04-23 21:00:21,490 IoU_poly: 0.8402849692106247

2021-04-23 21:00:21,491 IoU_bg: 0.960127878189087

2021-04-23 21:00:21,491 IoU_mean: 0.9002064204216004

2021-04-23 21:00:21,491 ==============================
2021-04-23 21:00:21,491 

2021-04-23 21:00:30,406 RESULT FOR DATASET CVC-ColonDB

2021-04-23 21:00:30,406 ==============================
2021-04-23 21:00:30,407 

2021-04-23 21:00:30,408 recall: 0.7629486581554781

2021-04-23 21:00:30,409 specificity: 0.9895949840545655

2021-04-23 21:00:30,409 precision: 0.811173280287695

2021-04-23 21:00:30,410 F1: 0.7417407001650261

2021-04-23 21:00:30,411 F2: 0.7466925586549343

2021-04-23 21:00:30,411 ACC_overall: 0.9632482480061682

2021-04-23 21:00:30,412 IoU_poly: 0.6671169322038981

2021-04-23 21:00:30,413 IoU_bg: 0.9601413782489927

2021-04-23 21:00:30,413 IoU_mean: 0.8136291528218671

2021-04-23 21:00:30,415 ==============================
2021-04-23 21:00:30,416 

2021-04-23 21:00:42,091 RESULT FOR DATASET ETIS-LaribPolypDB

2021-04-23 21:00:42,092 ==============================
2021-04-23 21:00:42,092 

2021-04-23 21:00:42,093 recall: 0.8110919221360708

2021-04-23 21:00:42,094 specificity: 0.9801174864477041

2021-04-23 21:00:42,101 precision: 0.7095224274494656

2021-04-23 21:00:42,102 F1: 0.7119237327643412

2021-04-23 21:00:42,104 F2: 0.7532610285579351

2021-04-23 21:00:42,105 ACC_overall: 0.9774938107145076

2021-04-23 21:00:42,105 IoU_poly: 0.6289066473101874

2021-04-23 21:00:42,106 IoU_bg: 0.976205627833094

2021-04-23 21:00:42,107 IoU_mean: 0.8025561393219598

2021-04-23 21:00:42,107 ==============================
2021-04-23 21:00:42,108 

