2021-04-23 21:00:51,162 RESULT FOR DATASET CVC-300

2021-04-23 21:00:51,163 ==============================
2021-04-23 21:00:51,164 

2021-04-23 21:00:51,165 recall: 0.9278486788272857

2021-04-23 21:00:51,165 specificity: 0.9927845160166423

2021-04-23 21:00:51,166 precision: 0.8326942498485247

2021-04-23 21:00:51,167 F1: 0.8551468901336193

2021-04-23 21:00:51,167 F2: 0.8818296365439892

2021-04-23 21:00:51,168 ACC_overall: 0.9902373403310776

2021-04-23 21:00:51,169 IoU_poly: 0.7898994110524654

2021-04-23 21:00:51,169 IoU_bg: 0.9899969905614853

2021-04-23 21:00:51,170 IoU_mean: 0.8899482001860937

2021-04-23 21:00:51,187 ==============================
2021-04-23 21:00:51,187 

2021-04-23 21:00:52,259 RESULT FOR DATASET CVC-ClinicDB

2021-04-23 21:00:52,260 ==============================
2021-04-23 21:00:52,261 

2021-04-23 21:00:52,262 recall: 0.9395583377730462

2021-04-23 21:00:52,262 specificity: 0.993611995250948

2021-04-23 21:00:52,263 precision: 0.9088838729526727

2021-04-23 21:00:52,264 F1: 0.9174146452137539

2021-04-23 21:00:52,265 F2: 0.9265894141168364

2021-04-23 21:00:52,265 ACC_overall: 0.9894048225495123

2021-04-23 21:00:52,266 IoU_poly: 0.8652331054270748

2021-04-23 21:00:52,267 IoU_bg: 0.9875346922105358

2021-04-23 21:00:52,267 IoU_mean: 0.9263838991042106

2021-04-23 21:00:52,268 ==============================
2021-04-23 21:00:52,269 

2021-04-23 21:00:54,797 RESULT FOR DATASET Kvasir

2021-04-23 21:00:54,798 ==============================
2021-04-23 21:00:54,798 

2021-04-23 21:00:54,799 recall: 0.9045112614333629

2021-04-23 21:00:54,800 specificity: 0.9870616036653519

2021-04-23 21:00:54,801 precision: 0.9294918830692768

2021-04-23 21:00:54,802 F1: 0.9080498526990414

2021-04-23 21:00:54,803 F2: 0.9042161467671395

2021-04-23 21:00:54,803 ACC_overall: 0.971896858215332

2021-04-23 21:00:54,804 IoU_poly: 0.8518642218410969

2021-04-23 21:00:54,805 IoU_bg: 0.9639187783002854

2021-04-23 21:00:54,806 IoU_mean: 0.9078915011882782

2021-04-23 21:00:54,806 ==============================
2021-04-23 21:00:54,807 

2021-04-23 21:01:04,027 RESULT FOR DATASET CVC-ColonDB

2021-04-23 21:01:04,027 ==============================
2021-04-23 21:01:04,027 

2021-04-23 21:01:04,027 recall: 0.7869179108149039

2021-04-23 21:01:04,027 specificity: 0.9903825662638012

2021-04-23 21:01:04,027 precision: 0.8219563356748998

2021-04-23 21:01:04,028 F1: 0.7610246510564618

2021-04-23 21:01:04,028 F2: 0.7686103923097035

2021-04-23 21:01:04,028 ACC_overall: 0.9642437221972566

2021-04-23 21:01:04,028 IoU_poly: 0.6836687804793464

2021-04-23 21:01:04,028 IoU_bg: 0.9614910373562261

2021-04-23 21:01:04,029 IoU_mean: 0.8225799066455741

2021-04-23 21:01:04,029 ==============================
2021-04-23 21:01:04,029 

2021-04-23 21:01:16,083 RESULT FOR DATASET ETIS-LaribPolypDB

2021-04-23 21:01:16,085 ==============================
2021-04-23 21:01:16,085 

2021-04-23 21:01:16,086 recall: 0.8387718295522731

2021-04-23 21:01:16,087 specificity: 0.9834389051004332

2021-04-23 21:01:16,087 precision: 0.6927142802566907

2021-04-23 21:01:16,088 F1: 0.7280225233562398

2021-04-23 21:01:16,089 F2: 0.7754633550795025

2021-04-23 21:01:16,090 ACC_overall: 0.9810899039920495

2021-04-23 21:01:16,090 IoU_poly: 0.6442316832100394

2021-04-23 21:01:16,091 IoU_bg: 0.9801173562906227

2021-04-23 21:01:16,091 IoU_mean: 0.8121745224509921

2021-04-23 21:01:16,091 ==============================
2021-04-23 21:01:16,091 

