2021-04-23 20:54:40,674 RESULT FOR DATASET CVC-300

2021-04-23 20:54:40,675 ==============================
2021-04-23 20:54:40,675 

2021-04-23 20:54:40,676 recall: 0.9429982304573059

2021-04-23 20:54:40,676 specificity: 0.9907289455334346

2021-04-23 20:54:40,677 precision: 0.8302666367342074

2021-04-23 20:54:40,677 F1: 0.8538798368225495

2021-04-23 20:54:40,678 F2: 0.8870774855216345

2021-04-23 20:54:40,678 ACC_overall: 0.9888616730769475

2021-04-23 20:54:40,678 IoU_poly: 0.7846117696414391

2021-04-23 20:54:40,678 IoU_bg: 0.9885844031969706

2021-04-23 20:54:40,678 IoU_mean: 0.8865980863571167

2021-04-23 20:54:40,678 ==============================
2021-04-23 20:54:40,678 

2021-04-23 20:54:43,308 RESULT FOR DATASET CVC-ClinicDB

2021-04-23 20:54:43,309 ==============================
2021-04-23 20:54:43,309 

2021-04-23 20:54:43,310 recall: 0.9408087431783637

2021-04-23 20:54:43,310 specificity: 0.9941208775966398

2021-04-23 20:54:43,311 precision: 0.9023065638142608

2021-04-23 20:54:43,311 F1: 0.9161957702148826

2021-04-23 20:54:43,311 F2: 0.9285003593672188

2021-04-23 20:54:43,312 ACC_overall: 0.9902956274247938

2021-04-23 20:54:43,312 IoU_poly: 0.8650229756735386

2021-04-23 20:54:43,313 IoU_bg: 0.988538763215465

2021-04-23 20:54:43,313 IoU_mean: 0.9267808684418278

2021-04-23 20:54:43,314 ==============================
2021-04-23 20:54:43,314 

2021-04-23 20:54:48,264 RESULT FOR DATASET Kvasir

2021-04-23 20:54:48,265 ==============================
2021-04-23 20:54:48,265 

2021-04-23 20:54:48,265 recall: 0.8945829036831856

2021-04-23 20:54:48,266 specificity: 0.9899309659004212

2021-04-23 20:54:48,267 precision: 0.9311649093031883

2021-04-23 20:54:48,267 F1: 0.8989500296115875

2021-04-23 20:54:48,268 F2: 0.8928876367211341

2021-04-23 20:54:48,268 ACC_overall: 0.9701011139154434

2021-04-23 20:54:48,269 IoU_poly: 0.8425780853629112

2021-04-23 20:54:48,269 IoU_bg: 0.9626169911026955

2021-04-23 20:54:48,270 IoU_mean: 0.902597541809082

2021-04-23 20:54:48,270 ==============================
2021-04-23 20:54:48,271 

2021-04-23 20:55:06,926 RESULT FOR DATASET CVC-ColonDB

2021-04-23 20:55:06,927 ==============================
2021-04-23 20:55:06,928 

2021-04-23 20:55:06,928 recall: 0.81700929332027

2021-04-23 20:55:06,929 specificity: 0.9854836783911053

2021-04-23 20:55:06,929 precision: 0.791788055103313

2021-04-23 20:55:06,930 F1: 0.7599478374390616

2021-04-23 20:55:06,930 F2: 0.7778736614531705

2021-04-23 20:55:06,931 ACC_overall: 0.9639968649337166

2021-04-23 20:55:06,931 IoU_poly: 0.6777406839707892

2021-04-23 20:55:06,931 IoU_bg: 0.9603379473090172

2021-04-23 20:55:06,932 IoU_mean: 0.8190393147499938

2021-04-23 20:55:06,932 ==============================
2021-04-23 20:55:06,933 

2021-04-23 20:55:23,561 RESULT FOR DATASET ETIS-LaribPolypDB

2021-04-23 20:55:23,561 ==============================
2021-04-23 20:55:23,561 

2021-04-23 20:55:23,561 recall: 0.8344151372333058

2021-04-23 20:55:23,561 specificity: 0.9823463023925314

2021-04-23 20:55:23,561 precision: 0.6457081585748368

2021-04-23 20:55:23,561 F1: 0.6984886386491539

2021-04-23 20:55:23,562 F2: 0.756979465955626

2021-04-23 20:55:23,563 ACC_overall: 0.9802758550765563

2021-04-23 20:55:23,563 IoU_poly: 0.6137594314752454

2021-04-23 20:55:23,563 IoU_bg: 0.9792283922433853

2021-04-23 20:55:23,564 IoU_mean: 0.7964939131420485

2021-04-23 20:55:23,564 ==============================
2021-04-23 20:55:23,566 

