2021-04-23 20:53:46,515 RESULT FOR DATASET CVC-300

2021-04-23 20:53:46,516 ==============================
2021-04-23 20:53:46,517 

2021-04-23 20:53:46,517 recall: 0.9444595678075226

2021-04-23 20:53:46,517 specificity: 0.9904497812191645

2021-04-23 20:53:46,518 precision: 0.8244381395479043

2021-04-23 20:53:46,518 F1: 0.8472078350156759

2021-04-23 20:53:46,518 F2: 0.8840283591456682

2021-04-23 20:53:46,519 ACC_overall: 0.9886385649442673

2021-04-23 20:53:46,526 IoU_poly: 0.7797343906933141

2021-04-23 20:53:46,526 IoU_bg: 0.9883643209934234

2021-04-23 20:53:46,527 IoU_mean: 0.8840493530035018

2021-04-23 20:53:46,527 ==============================
2021-04-23 20:53:46,527 

2021-04-23 20:53:49,225 RESULT FOR DATASET CVC-ClinicDB

2021-04-23 20:53:49,225 ==============================
2021-04-23 20:53:49,226 

2021-04-23 20:53:49,226 recall: 0.9543871889191289

2021-04-23 20:53:49,226 specificity: 0.9933997738745904

2021-04-23 20:53:49,227 precision: 0.8989221629115843

2021-04-23 20:53:49,227 F1: 0.9131852061517777

2021-04-23 20:53:49,227 F2: 0.9281148035680095

2021-04-23 20:53:49,228 ACC_overall: 0.9901506612377782

2021-04-23 20:53:49,228 IoU_poly: 0.8612352116934715

2021-04-23 20:53:49,228 IoU_bg: 0.9882788985006271

2021-04-23 20:53:49,229 IoU_mean: 0.9247570528138068

2021-04-23 20:53:49,229 ==============================
2021-04-23 20:53:49,230 

2021-04-23 20:53:54,533 RESULT FOR DATASET Kvasir

2021-04-23 20:53:54,533 ==============================
2021-04-23 20:53:54,533 

2021-04-23 20:53:54,534 recall: 0.9066146293282509

2021-04-23 20:53:54,534 specificity: 0.9894977068901062

2021-04-23 20:53:54,535 precision: 0.9331258642673492

2021-04-23 20:53:54,535 F1: 0.908945451080799

2021-04-23 20:53:54,535 F2: 0.9053819423913956

2021-04-23 20:53:54,536 ACC_overall: 0.9732300588488578

2021-04-23 20:53:54,536 IoU_poly: 0.8556356972455978

2021-04-23 20:53:54,536 IoU_bg: 0.9662587228417396

2021-04-23 20:53:54,537 IoU_mean: 0.9109472087025643

2021-04-23 20:53:54,537 ==============================
2021-04-23 20:53:54,538 

2021-04-23 20:54:14,289 RESULT FOR DATASET CVC-ColonDB

2021-04-23 20:54:14,290 ==============================
2021-04-23 20:54:14,290 

2021-04-23 20:54:14,291 recall: 0.8129769379175813

2021-04-23 20:54:14,292 specificity: 0.9869810590618535

2021-04-23 20:54:14,292 precision: 0.7915869473856458

2021-04-23 20:54:14,293 F1: 0.7641408883844729

2021-04-23 20:54:14,293 F2: 0.7810065397046664

2021-04-23 20:54:14,293 ACC_overall: 0.966018259054736

2021-04-23 20:54:14,294 IoU_poly: 0.6838455800715733

2021-04-23 20:54:14,294 IoU_bg: 0.9623179917272768

2021-04-23 20:54:14,294 IoU_mean: 0.8230817838719017

2021-04-23 20:54:14,295 ==============================
2021-04-23 20:54:14,295 

2021-04-23 20:54:30,796 RESULT FOR DATASET ETIS-LaribPolypDB

2021-04-23 20:54:30,796 ==============================
2021-04-23 20:54:30,796 

2021-04-23 20:54:30,796 recall: 0.8572253872597666

2021-04-23 20:54:30,796 specificity: 0.9819901059476697

2021-04-23 20:54:30,796 precision: 0.6588613428285749

2021-04-23 20:54:30,796 F1: 0.7083462165507106

2021-04-23 20:54:30,796 F2: 0.7703189208705783

2021-04-23 20:54:30,796 ACC_overall: 0.9806215714435188

2021-04-23 20:54:30,796 IoU_poly: 0.6233485190489318

2021-04-23 20:54:30,797 IoU_bg: 0.9796041730715304

2021-04-23 20:54:30,797 IoU_mean: 0.8014763435538934

2021-04-23 20:54:30,797 ==============================
2021-04-23 20:54:30,797 

