2021-05-18 11:10:41,033 Epoch 0 	 Loss 0.9880129432940221
2021-05-18 11:12:10,575 Epoch 1 	 Loss 0.661025576211594
2021-05-18 11:13:40,098 Epoch 2 	 Loss 0.5550804468956623
2021-05-18 11:15:09,733 Epoch 3 	 Loss 0.47988918816650306
2021-05-18 11:16:40,178 Epoch 4 	 Loss 0.4300592063547491
2021-05-18 11:18:12,088 Epoch 5 	 Loss 0.4042500581715133
2021-05-18 11:19:44,577 Epoch 6 	 Loss 0.373053334571503
2021-05-18 11:21:16,013 Epoch 7 	 Loss 0.3543417376803828
2021-05-18 11:22:50,714 Epoch 8 	 Loss 0.3384745188139297
2021-05-18 11:24:25,324 Epoch 9 	 Loss 0.33098489946716436
2021-05-18 11:25:59,840 Epoch 10 	 Loss 0.32252343408354034
2021-05-18 11:27:34,425 Epoch 11 	 Loss 0.3016176783776545
2021-05-18 11:29:08,520 Epoch 12 	 Loss 0.29487804757369745
2021-05-18 11:30:43,148 Epoch 13 	 Loss 0.28885948477865575
2021-05-18 11:32:17,446 Epoch 14 	 Loss 0.2911058153424944
2021-05-18 11:33:51,543 Epoch 15 	 Loss 0.2825134784638227
2021-05-18 11:35:25,909 Epoch 16 	 Loss 0.2830158444223823
2021-05-18 11:37:00,254 Epoch 17 	 Loss 0.2686828800610134
2021-05-18 11:38:34,806 Epoch 18 	 Loss 0.26259986745132197
2021-05-18 11:40:09,223 Epoch 19 	 Loss 0.2844210029630871
2021-05-18 11:41:44,157 Epoch 20 	 Loss 0.2648351570734611
2021-05-18 11:43:18,621 Epoch 21 	 Loss 0.24951805010601713
2021-05-18 11:44:52,875 Epoch 22 	 Loss 0.24388832574362282
2021-05-18 11:46:27,397 Epoch 23 	 Loss 0.24792911619930477
2021-05-18 11:48:01,549 Epoch 24 	 Loss 0.24564537438717518
2021-05-18 11:49:36,055 Epoch 25 	 Loss 0.23737355722830847
2021-05-18 11:51:10,667 Epoch 26 	 Loss 0.23984953662851355
2021-05-18 11:52:44,890 Epoch 27 	 Loss 0.23072448340091076
2021-05-18 11:54:19,398 Epoch 28 	 Loss 0.232620908336325
2021-05-18 11:55:53,543 Epoch 29 	 Loss 0.2292818097950338
2021-05-18 11:57:25,398 Epoch 30 	 Loss 0.2379796164376395
2021-05-18 11:58:54,937 Epoch 31 	 Loss 0.21701659917176425
2021-05-18 12:00:25,271 Epoch 32 	 Loss 0.2119377648437416
2021-05-18 12:01:55,957 Epoch 33 	 Loss 0.21621393387789253
2021-05-18 12:03:27,023 Epoch 34 	 Loss 0.21785044080608493
2021-05-18 12:04:58,191 Epoch 35 	 Loss 0.20937706693843172
2021-05-18 12:06:27,932 Epoch 36 	 Loss 0.20144250907085753
2021-05-18 12:07:57,555 Epoch 37 	 Loss 0.20493963066038196
2021-05-18 12:09:28,156 Epoch 38 	 Loss 0.20440258969972422
2021-05-18 12:10:57,965 Epoch 39 	 Loss 0.2012467235326767
2021-05-18 12:12:28,060 Epoch 40 	 Loss 0.2018528035381338
2021-05-18 12:13:57,899 Epoch 41 	 Loss 0.20492132630322005
2021-05-18 12:15:28,912 Epoch 42 	 Loss 0.1953133225113481
2021-05-18 12:17:00,804 Epoch 43 	 Loss 0.1943238895018022
2021-05-18 12:18:31,713 Epoch 44 	 Loss 0.19979425642516588
2021-05-18 12:20:03,015 Epoch 45 	 Loss 0.18948102930744926
2021-05-18 12:21:34,099 Epoch 46 	 Loss 0.18852558175286094
2021-05-18 12:23:03,621 Epoch 47 	 Loss 0.19805516253460895
2021-05-18 12:24:32,874 Epoch 48 	 Loss 0.18960498928368746
2021-05-18 12:26:02,115 Epoch 49 	 Loss 0.19021189180049267
2021-05-18 12:27:31,411 Epoch 50 	 Loss 0.1842684451040331
2021-05-18 12:29:00,699 Epoch 51 	 Loss 0.183074149784151
2021-05-18 12:30:30,003 Epoch 52 	 Loss 0.1893146229641778
2021-05-18 12:31:59,350 Epoch 53 	 Loss 0.1813137744154249
2021-05-18 12:33:28,725 Epoch 54 	 Loss 0.18330828550752704
2021-05-18 12:34:58,076 Epoch 55 	 Loss 0.17989660439255473
2021-05-18 12:36:27,314 Epoch 56 	 Loss 0.1757367662676088
2021-05-18 12:37:56,641 Epoch 57 	 Loss 0.17369997534123097
2021-05-18 12:39:25,955 Epoch 58 	 Loss 0.17540508263058716
2021-05-18 12:40:55,279 Epoch 59 	 Loss 0.18092578977018922
2021-05-18 12:42:24,582 Epoch 60 	 Loss 0.17270233179186725
2021-05-18 12:43:53,911 Epoch 61 	 Loss 0.17501221531695063
2021-05-18 12:45:23,265 Epoch 62 	 Loss 0.17427528002759912
2021-05-18 12:46:52,656 Epoch 63 	 Loss 0.17073833483916062
2021-05-18 12:48:22,002 Epoch 64 	 Loss 0.1692016812471243
2021-05-18 12:49:51,677 Epoch 65 	 Loss 0.16814692760561847
2021-05-18 12:51:20,971 Epoch 66 	 Loss 0.16777520733220236
2021-05-18 12:52:50,272 Epoch 67 	 Loss 0.16512860079388042
2021-05-18 12:54:19,482 Epoch 68 	 Loss 0.1631743359369236
2021-05-18 12:55:48,724 Epoch 69 	 Loss 0.16085768679341117
2021-05-18 12:57:17,957 Epoch 70 	 Loss 0.1608773689348619
2021-05-18 12:58:47,387 Epoch 71 	 Loss 0.15776354942347978
2021-05-18 13:00:16,700 Epoch 72 	 Loss 0.1602929678264555
2021-05-18 13:01:46,002 Epoch 73 	 Loss 0.1595950884805931
2021-05-18 13:03:15,214 Epoch 74 	 Loss 0.15791312351331607
2021-05-18 13:04:44,605 Epoch 75 	 Loss 0.15910635528328654
2021-05-18 13:06:13,878 Epoch 76 	 Loss 0.15789804779566252
2021-05-18 13:07:43,262 Epoch 77 	 Loss 0.1588394889137247
2021-05-18 13:09:12,627 Epoch 78 	 Loss 0.15622421092056965
2021-05-18 13:10:41,903 Epoch 79 	 Loss 0.15793650376272725
2021-05-18 13:12:11,235 Epoch 80 	 Loss 0.15474325967031521
2021-05-18 13:13:40,506 Epoch 81 	 Loss 0.15559451265649482
2021-05-18 13:15:09,822 Epoch 82 	 Loss 0.15430193811982543
2021-05-18 13:16:39,180 Epoch 83 	 Loss 0.15265291609934398
2021-05-18 13:18:08,536 Epoch 84 	 Loss 0.15308749561126417
2021-05-18 13:19:37,766 Epoch 85 	 Loss 0.1549957173538732
2021-05-18 13:21:06,966 Epoch 86 	 Loss 0.15572787944104646
2021-05-18 13:22:36,301 Epoch 87 	 Loss 0.15143438019267805
2021-05-18 13:24:05,567 Epoch 88 	 Loss 0.15195693566903964
2021-05-18 13:25:35,495 Epoch 89 	 Loss 0.15221408549900894
2021-05-18 13:27:05,891 Epoch 90 	 Loss 0.15406001383786674
2021-05-18 13:28:36,159 Epoch 91 	 Loss 0.15382390641249144
2021-05-18 13:30:07,212 Epoch 92 	 Loss 0.15344815250936444
2021-05-18 13:31:37,687 Epoch 93 	 Loss 0.15207590416565045
2021-05-18 13:33:13,161 Epoch 94 	 Loss 0.15161351925069158
2021-05-18 13:34:48,299 Epoch 95 	 Loss 0.15259125443932775
2021-05-18 13:36:18,611 Epoch 96 	 Loss 0.15330450801731466
2021-05-18 13:37:49,054 Epoch 97 	 Loss 0.15113053413537833
2021-05-18 13:39:20,767 Epoch 98 	 Loss 0.15286656018796857
2021-05-18 13:40:51,477 Epoch 99 	 Loss 0.15090728387400343
2021-05-18 13:41:12,049 RESULT FOR DATASET CVC-300

2021-05-18 13:41:12,049 ==============================
2021-05-18 13:41:12,049 

2021-05-18 13:41:12,050 recall: 0.9597743183374405

2021-05-18 13:41:12,050 specificity: 0.9918981850147247

2021-05-18 13:41:12,050 precision: 0.8393392626196146

2021-05-18 13:41:12,050 F1: 0.876063517977794

2021-05-18 13:41:12,050 F2: 0.9099201346437137

2021-05-18 13:41:12,050 ACC_overall: 0.9908636490503947

2021-05-18 13:41:12,050 IoU_poly: 0.8103109197070201

2021-05-18 13:41:12,050 IoU_bg: 0.990561306476593

2021-05-18 13:41:12,050 IoU_mean: 0.9004361162583033

2021-05-18 13:41:12,050 ==============================
2021-05-18 13:41:12,050 

2021-05-18 13:41:28,227 RESULT FOR DATASET CVC-ClinicDB

2021-05-18 13:41:28,227 ==============================
2021-05-18 13:41:28,228 

2021-05-18 13:41:28,228 recall: 0.9557369187954934

2021-05-18 13:41:28,228 specificity: 0.9935650075635603

2021-05-18 13:41:28,228 precision: 0.902086477005674

2021-05-18 13:41:28,228 F1: 0.9172784481798449

2021-05-18 13:41:28,228 F2: 0.9320109145295236

2021-05-18 13:41:28,228 ACC_overall: 0.991090472667448

2021-05-18 13:41:28,228 IoU_poly: 0.8670331512487703

2021-05-18 13:41:28,228 IoU_bg: 0.9895666405077903

2021-05-18 13:41:28,228 IoU_mean: 0.9282998995434854

2021-05-18 13:41:28,228 ==============================
2021-05-18 13:41:28,228 

2021-05-18 13:41:59,047 RESULT FOR DATASET Kvasir

2021-05-18 13:41:59,047 ==============================
2021-05-18 13:41:59,047 

2021-05-18 13:41:59,047 recall: 0.9109913164377212

2021-05-18 13:41:59,047 specificity: 0.9888810133934021

2021-05-18 13:41:59,047 precision: 0.9387296306341887

2021-05-18 13:41:59,047 F1: 0.9109518568962812

2021-05-18 13:41:59,047 F2: 0.9066955968737602

2021-05-18 13:41:59,047 ACC_overall: 0.9730898272991181

2021-05-18 13:41:59,047 IoU_poly: 0.8607785118743777

2021-05-18 13:41:59,047 IoU_bg: 0.9660577803850174

2021-05-18 13:41:59,047 IoU_mean: 0.9134181466698647

2021-05-18 13:41:59,047 ==============================
2021-05-18 13:41:59,047 

2021-05-18 13:43:54,958 RESULT FOR DATASET CVC-ColonDB

2021-05-18 13:43:54,958 ==============================
2021-05-18 13:43:54,958 

2021-05-18 13:43:54,958 recall: 0.8108713802501178

2021-05-18 13:43:54,958 specificity: 0.9872071758696908

2021-05-18 13:43:54,958 precision: 0.8093495819169604

2021-05-18 13:43:54,958 F1: 0.7696607884261587

2021-05-18 13:43:54,958 F2: 0.7804840012872749

2021-05-18 13:43:54,959 ACC_overall: 0.9662104366641295

2021-05-18 13:43:54,959 IoU_poly: 0.6911076046714602

2021-05-18 13:43:54,959 IoU_bg: 0.9627537128172423

2021-05-18 13:43:54,959 IoU_mean: 0.8269306581271322

2021-05-18 13:43:54,959 ==============================
2021-05-18 13:43:54,959 

2021-05-18 13:45:19,826 RESULT FOR DATASET ETIS-LaribPolypDB

2021-05-18 13:45:19,826 ==============================
2021-05-18 13:45:19,826 

2021-05-18 13:45:19,826 recall: 0.8528885064211975

2021-05-18 13:45:19,826 specificity: 0.9884740612944778

2021-05-18 13:45:19,826 precision: 0.7398357934248498

2021-05-18 13:45:19,826 F1: 0.7617349329752359

2021-05-18 13:45:19,826 F2: 0.8025859173622403

2021-05-18 13:45:19,826 ACC_overall: 0.9859538455398715

2021-05-18 13:45:19,826 IoU_poly: 0.6842054771697818

2021-05-18 13:45:19,826 IoU_bg: 0.985268848891161

2021-05-18 13:45:19,826 IoU_mean: 0.8347371629610354

2021-05-18 13:45:19,827 ==============================
2021-05-18 13:45:19,827 

