2021-05-18 08:35:10,338 Epoch 0 	 Loss 1.003882810309693
2021-05-18 08:36:39,236 Epoch 1 	 Loss 0.7055208951562315
2021-05-18 08:38:08,278 Epoch 2 	 Loss 0.5744116306304932
2021-05-18 08:39:37,392 Epoch 3 	 Loss 0.5028596693997854
2021-05-18 08:41:07,537 Epoch 4 	 Loss 0.44935627560039143
2021-05-18 08:42:40,283 Epoch 5 	 Loss 0.41155457758641506
2021-05-18 08:44:11,988 Epoch 6 	 Loss 0.38654413164316953
2021-05-18 08:45:42,690 Epoch 7 	 Loss 0.35277237653077304
2021-05-18 08:47:12,862 Epoch 8 	 Loss 0.347605383003151
2021-05-18 08:48:43,065 Epoch 9 	 Loss 0.33592288965707295
2021-05-18 08:50:12,564 Epoch 10 	 Loss 0.3216403907799459
2021-05-18 08:51:41,830 Epoch 11 	 Loss 0.3217421511372367
2021-05-18 08:53:11,159 Epoch 12 	 Loss 0.29649800880924687
2021-05-18 08:54:40,613 Epoch 13 	 Loss 0.2965452407415097
2021-05-18 08:56:10,486 Epoch 14 	 Loss 0.29201426921965
2021-05-18 08:57:39,803 Epoch 15 	 Loss 0.28652082973129145
2021-05-18 08:59:09,312 Epoch 16 	 Loss 0.2688359498650163
2021-05-18 09:00:39,164 Epoch 17 	 Loss 0.2760442205510297
2021-05-18 09:02:08,794 Epoch 18 	 Loss 0.26364132368957605
2021-05-18 09:03:38,243 Epoch 19 	 Loss 0.2603785633058338
2021-05-18 09:05:07,707 Epoch 20 	 Loss 0.24957469220344836
2021-05-18 09:06:37,537 Epoch 21 	 Loss 0.2570459179498337
2021-05-18 09:08:07,505 Epoch 22 	 Loss 0.2503696311633665
2021-05-18 09:09:37,543 Epoch 23 	 Loss 0.24805190913624817
2021-05-18 09:11:07,007 Epoch 24 	 Loss 0.23934328572435692
2021-05-18 09:12:36,392 Epoch 25 	 Loss 0.23663089252435243
2021-05-18 09:14:05,936 Epoch 26 	 Loss 0.2341784065241342
2021-05-18 09:15:35,300 Epoch 27 	 Loss 0.2295713226546298
2021-05-18 09:17:04,734 Epoch 28 	 Loss 0.2179195802290361
2021-05-18 09:18:34,688 Epoch 29 	 Loss 0.2208295449778274
2021-05-18 09:20:05,229 Epoch 30 	 Loss 0.22613291360519744
2021-05-18 09:21:34,583 Epoch 31 	 Loss 0.21629318382058824
2021-05-18 09:23:04,287 Epoch 32 	 Loss 0.2197318515934787
2021-05-18 09:24:33,717 Epoch 33 	 Loss 0.21545470055643018
2021-05-18 09:26:03,199 Epoch 34 	 Loss 0.2056590402191812
2021-05-18 09:27:32,576 Epoch 35 	 Loss 0.2153832373710779
2021-05-18 09:29:02,101 Epoch 36 	 Loss 0.21185350843838283
2021-05-18 09:30:31,528 Epoch 37 	 Loss 0.21333088537493905
2021-05-18 09:32:01,057 Epoch 38 	 Loss 0.2015555704032982
2021-05-18 09:33:30,395 Epoch 39 	 Loss 0.1965057971058311
2021-05-18 09:35:00,387 Epoch 40 	 Loss 0.20299624594358298
2021-05-18 09:36:29,766 Epoch 41 	 Loss 0.20444918906950688
2021-05-18 09:37:59,122 Epoch 42 	 Loss 0.19132019120913285
2021-05-18 09:39:28,615 Epoch 43 	 Loss 0.1967952297284053
2021-05-18 09:40:58,987 Epoch 44 	 Loss 0.1980654959167753
2021-05-18 09:42:28,711 Epoch 45 	 Loss 0.19122479495766398
2021-05-18 09:43:58,182 Epoch 46 	 Loss 0.1899075788128507
2021-05-18 09:45:27,755 Epoch 47 	 Loss 0.18902935366054158
2021-05-18 09:46:59,834 Epoch 48 	 Loss 0.18655685359960075
2021-05-18 09:48:30,895 Epoch 49 	 Loss 0.1832765010032025
2021-05-18 09:50:00,272 Epoch 50 	 Loss 0.17963589154756987
2021-05-18 09:51:30,235 Epoch 51 	 Loss 0.17977846012665674
2021-05-18 09:53:02,128 Epoch 52 	 Loss 0.1779489631836231
2021-05-18 09:54:31,394 Epoch 53 	 Loss 0.183025340457539
2021-05-18 09:56:00,646 Epoch 54 	 Loss 0.17972727496545393
2021-05-18 09:57:29,984 Epoch 55 	 Loss 0.17641805243361128
2021-05-18 09:58:59,486 Epoch 56 	 Loss 0.17052776161785965
2021-05-18 10:00:28,921 Epoch 57 	 Loss 0.1731549594756011
2021-05-18 10:01:58,508 Epoch 58 	 Loss 0.17161004081532194
2021-05-18 10:03:27,889 Epoch 59 	 Loss 0.1671922403377491
2021-05-18 10:04:57,243 Epoch 60 	 Loss 0.1683102690584057
2021-05-18 10:06:26,705 Epoch 61 	 Loss 0.1675777738238429
2021-05-18 10:07:56,146 Epoch 62 	 Loss 0.16868226410268428
2021-05-18 10:09:25,588 Epoch 63 	 Loss 0.1682466787623835
2021-05-18 10:10:54,962 Epoch 64 	 Loss 0.16550926307400504
2021-05-18 10:12:25,245 Epoch 65 	 Loss 0.16265796796306148
2021-05-18 10:13:55,785 Epoch 66 	 Loss 0.1661227890750864
2021-05-18 10:15:25,399 Epoch 67 	 Loss 0.16324627948003811
2021-05-18 10:16:55,865 Epoch 68 	 Loss 0.16306207517346183
2021-05-18 10:18:25,361 Epoch 69 	 Loss 0.16116711841179773
2021-05-18 10:19:54,463 Epoch 70 	 Loss 0.15946544641321833
2021-05-18 10:21:23,999 Epoch 71 	 Loss 0.15780815105516832
2021-05-18 10:22:53,250 Epoch 72 	 Loss 0.1576283146719356
2021-05-18 10:24:22,262 Epoch 73 	 Loss 0.16018374043179082
2021-05-18 10:25:51,655 Epoch 74 	 Loss 0.1579993358188933
2021-05-18 10:27:20,881 Epoch 75 	 Loss 0.15633770954477919
2021-05-18 10:28:51,160 Epoch 76 	 Loss 0.1572484389602483
2021-05-18 10:30:21,421 Epoch 77 	 Loss 0.15455749442616662
2021-05-18 10:31:52,856 Epoch 78 	 Loss 0.15362305349701053
2021-05-18 10:33:24,427 Epoch 79 	 Loss 0.15542500277796945
2021-05-18 10:34:53,721 Epoch 80 	 Loss 0.15257609881215042
2021-05-18 10:36:30,491 Epoch 81 	 Loss 0.15445763650503788
2021-05-18 10:38:08,056 Epoch 82 	 Loss 0.1529005806033428
2021-05-18 10:39:45,260 Epoch 83 	 Loss 0.15316715771025355
2021-05-18 10:41:23,539 Epoch 84 	 Loss 0.15138756999602684
2021-05-18 10:42:58,732 Epoch 85 	 Loss 0.15424102798595532
2021-05-18 10:44:34,185 Epoch 86 	 Loss 0.15094860684085679
2021-05-18 10:46:10,105 Epoch 87 	 Loss 0.15303793999847476
2021-05-18 10:47:43,990 Epoch 88 	 Loss 0.15076614703450883
2021-05-18 10:49:18,662 Epoch 89 	 Loss 0.1532544094946358
2021-05-18 10:50:50,720 Epoch 90 	 Loss 0.1526286054279778
2021-05-18 10:52:21,456 Epoch 91 	 Loss 0.14947928742065533
2021-05-18 10:53:52,822 Epoch 92 	 Loss 0.14912747337922946
2021-05-18 10:55:24,779 Epoch 93 	 Loss 0.15001995394845585
2021-05-18 10:56:55,865 Epoch 94 	 Loss 0.15098354728012295
2021-05-18 10:58:27,717 Epoch 95 	 Loss 0.15167839612279618
2021-05-18 10:59:59,475 Epoch 96 	 Loss 0.14866291281286176
2021-05-18 11:01:31,555 Epoch 97 	 Loss 0.15143705495111234
2021-05-18 11:03:03,290 Epoch 98 	 Loss 0.14865151342454846
2021-05-18 11:04:34,274 Epoch 99 	 Loss 0.15293074071734816
2021-05-18 11:04:56,977 RESULT FOR DATASET CVC-300

2021-05-18 11:04:56,977 ==============================
2021-05-18 11:04:56,977 

2021-05-18 11:04:56,977 recall: 0.9534129391113917

2021-05-18 11:04:56,977 specificity: 0.9934582382440567

2021-05-18 11:04:56,977 precision: 0.8574401025970777

2021-05-18 11:04:56,977 F1: 0.8848249373336633

2021-05-18 11:04:56,977 F2: 0.9123443226019542

2021-05-18 11:04:56,977 ACC_overall: 0.9921581278244654

2021-05-18 11:04:56,977 IoU_poly: 0.8216241922229528

2021-05-18 11:04:56,977 IoU_bg: 0.9919087886810303

2021-05-18 11:04:56,978 IoU_mean: 0.9067664921283722

2021-05-18 11:04:56,978 ==============================
2021-05-18 11:04:56,978 

2021-05-18 11:05:13,574 RESULT FOR DATASET CVC-ClinicDB

2021-05-18 11:05:13,574 ==============================
2021-05-18 11:05:13,574 

2021-05-18 11:05:13,574 recall: 0.959869574154577

2021-05-18 11:05:13,574 specificity: 0.9926283513346026

2021-05-18 11:05:13,574 precision: 0.9047027346828291

2021-05-18 11:05:13,574 F1: 0.918084007477568

2021-05-18 11:05:13,574 F2: 0.9311157503435689

2021-05-18 11:05:13,574 ACC_overall: 0.9905078276511161

2021-05-18 11:05:13,574 IoU_poly: 0.8702759638188347

2021-05-18 11:05:13,574 IoU_bg: 0.9892794182223659

2021-05-18 11:05:13,574 IoU_mean: 0.9297776919218802

2021-05-18 11:05:13,574 ==============================
2021-05-18 11:05:13,574 

2021-05-18 11:05:44,809 RESULT FOR DATASET Kvasir

2021-05-18 11:05:44,809 ==============================
2021-05-18 11:05:44,809 

2021-05-18 11:05:44,809 recall: 0.9066023303568364

2021-05-18 11:05:44,809 specificity: 0.9893668687343598

2021-05-18 11:05:44,809 precision: 0.938379211500287

2021-05-18 11:05:44,809 F1: 0.90947859659791

2021-05-18 11:05:44,809 F2: 0.9048712149262428

2021-05-18 11:05:44,809 ACC_overall: 0.9722513902187347

2021-05-18 11:05:44,809 IoU_poly: 0.8566212287545204

2021-05-18 11:05:44,809 IoU_bg: 0.9647719621658325

2021-05-18 11:05:44,810 IoU_mean: 0.9106965970993042

2021-05-18 11:05:44,810 ==============================
2021-05-18 11:05:44,810 

2021-05-18 11:07:43,514 RESULT FOR DATASET CVC-ColonDB

2021-05-18 11:07:43,514 ==============================
2021-05-18 11:07:43,514 

2021-05-18 11:07:43,514 recall: 0.7912746892205752

2021-05-18 11:07:43,514 specificity: 0.9889072884070246

2021-05-18 11:07:43,514 precision: 0.8302818603286811

2021-05-18 11:07:43,514 F1: 0.7653531080143454

2021-05-18 11:07:43,514 F2: 0.7698481509338978

2021-05-18 11:07:43,514 ACC_overall: 0.9640737383773452

2021-05-18 11:07:43,515 IoU_poly: 0.6907419116881005

2021-05-18 11:07:43,515 IoU_bg: 0.9615976631641387

2021-05-18 11:07:43,515 IoU_mean: 0.8261697890335008

2021-05-18 11:07:43,515 ==============================
2021-05-18 11:07:43,515 

2021-05-18 11:09:07,029 RESULT FOR DATASET ETIS-LaribPolypDB

2021-05-18 11:09:07,029 ==============================
2021-05-18 11:09:07,029 

2021-05-18 11:09:07,029 recall: 0.9150123242771417

2021-05-18 11:09:07,029 specificity: 0.9866695191179004

2021-05-18 11:09:07,029 precision: 0.7206403930698873

2021-05-18 11:09:07,029 F1: 0.7743215844806752

2021-05-18 11:09:07,029 F2: 0.8299945289521632

2021-05-18 11:09:07,029 ACC_overall: 0.9849771334200489

2021-05-18 11:09:07,029 IoU_poly: 0.689921600494175

2021-05-18 11:09:07,029 IoU_bg: 0.9843005507576222

2021-05-18 11:09:07,030 IoU_mean: 0.8371110748575659

2021-05-18 11:09:07,030 ==============================
2021-05-18 11:09:07,030 

