2021-05-18 06:02:56,742 Epoch 0 	 Loss 0.936081669487796
2021-05-18 06:04:25,184 Epoch 1 	 Loss 0.640588811465672
2021-05-18 06:05:53,585 Epoch 2 	 Loss 0.5087555571571811
2021-05-18 06:07:22,154 Epoch 3 	 Loss 0.46466654211610225
2021-05-18 06:08:50,722 Epoch 4 	 Loss 0.40733945009472605
2021-05-18 06:10:19,190 Epoch 5 	 Loss 0.3851914133999374
2021-05-18 06:11:47,746 Epoch 6 	 Loss 0.3658841165539983
2021-05-18 06:13:16,238 Epoch 7 	 Loss 0.34527381714228744
2021-05-18 06:14:44,846 Epoch 8 	 Loss 0.33966438472270966
2021-05-18 06:16:13,296 Epoch 9 	 Loss 0.337876788862459
2021-05-18 06:17:41,874 Epoch 10 	 Loss 0.29824917280411983
2021-05-18 06:19:10,385 Epoch 11 	 Loss 0.29954162878649576
2021-05-18 06:20:38,935 Epoch 12 	 Loss 0.2958590683046278
2021-05-18 06:22:07,340 Epoch 13 	 Loss 0.29303384858828324
2021-05-18 06:23:35,799 Epoch 14 	 Loss 0.2798630919430282
2021-05-18 06:25:04,090 Epoch 15 	 Loss 0.2763270544154303
2021-05-18 06:26:32,578 Epoch 16 	 Loss 0.27387419457619006
2021-05-18 06:28:01,106 Epoch 17 	 Loss 0.25971547080265295
2021-05-18 06:29:29,583 Epoch 18 	 Loss 0.2544897498337777
2021-05-18 06:30:59,144 Epoch 19 	 Loss 0.2671382772726017
2021-05-18 06:32:27,602 Epoch 20 	 Loss 0.26151507732632395
2021-05-18 06:33:55,982 Epoch 21 	 Loss 0.25683913551844084
2021-05-18 06:35:24,511 Epoch 22 	 Loss 0.24917788869077032
2021-05-18 06:36:53,012 Epoch 23 	 Loss 0.2352206770862852
2021-05-18 06:38:21,550 Epoch 24 	 Loss 0.2315698151405041
2021-05-18 06:39:50,062 Epoch 25 	 Loss 0.23317567021637173
2021-05-18 06:41:18,559 Epoch 26 	 Loss 0.22695985927686588
2021-05-18 06:42:47,108 Epoch 27 	 Loss 0.22056262244235028
2021-05-18 06:44:15,570 Epoch 28 	 Loss 0.23407208608402
2021-05-18 06:45:44,021 Epoch 29 	 Loss 0.22120472363063268
2021-05-18 06:47:12,450 Epoch 30 	 Loss 0.22320525495560614
2021-05-18 06:48:40,894 Epoch 31 	 Loss 0.21219233366159293
2021-05-18 06:50:09,319 Epoch 32 	 Loss 0.2173873313835689
2021-05-18 06:51:37,801 Epoch 33 	 Loss 0.2132779985338777
2021-05-18 06:53:06,234 Epoch 34 	 Loss 0.20966464723204517
2021-05-18 06:54:34,697 Epoch 35 	 Loss 0.20652226907211346
2021-05-18 06:56:03,262 Epoch 36 	 Loss 0.20665203313251118
2021-05-18 06:57:31,786 Epoch 37 	 Loss 0.21120078959962824
2021-05-18 06:59:00,327 Epoch 38 	 Loss 0.1997277035817995
2021-05-18 07:00:28,769 Epoch 39 	 Loss 0.1951107443361492
2021-05-18 07:01:57,295 Epoch 40 	 Loss 0.19864116461722406
2021-05-18 07:03:25,808 Epoch 41 	 Loss 0.20334857161883468
2021-05-18 07:04:54,174 Epoch 42 	 Loss 0.20061625622131013
2021-05-18 07:06:22,695 Epoch 43 	 Loss 0.19063952892691224
2021-05-18 07:07:51,195 Epoch 44 	 Loss 0.19230328451146136
2021-05-18 07:09:19,637 Epoch 45 	 Loss 0.18537408539227077
2021-05-18 07:10:48,089 Epoch 46 	 Loss 0.18751643008583194
2021-05-18 07:12:16,612 Epoch 47 	 Loss 0.1821957338642288
2021-05-18 07:13:45,035 Epoch 48 	 Loss 0.18449072523431465
2021-05-18 07:15:13,466 Epoch 49 	 Loss 0.18134448718238663
2021-05-18 07:16:41,973 Epoch 50 	 Loss 0.1853350784097399
2021-05-18 07:18:10,455 Epoch 51 	 Loss 0.1833926327935942
2021-05-18 07:19:38,850 Epoch 52 	 Loss 0.17709919630171178
2021-05-18 07:21:07,285 Epoch 53 	 Loss 0.17716128452793584
2021-05-18 07:22:35,836 Epoch 54 	 Loss 0.17521880468824408
2021-05-18 07:24:04,330 Epoch 55 	 Loss 0.17945555245483313
2021-05-18 07:25:32,734 Epoch 56 	 Loss 0.1718053971673106
2021-05-18 07:27:01,106 Epoch 57 	 Loss 0.17434823529405907
2021-05-18 07:28:29,494 Epoch 58 	 Loss 0.1697343633725093
2021-05-18 07:29:58,070 Epoch 59 	 Loss 0.1671794680776177
2021-05-18 07:31:26,531 Epoch 60 	 Loss 0.1663501115290673
2021-05-18 07:32:55,058 Epoch 61 	 Loss 0.1652668562236723
2021-05-18 07:34:23,578 Epoch 62 	 Loss 0.1630068994485415
2021-05-18 07:35:52,150 Epoch 63 	 Loss 0.1651530486869288
2021-05-18 07:37:20,729 Epoch 64 	 Loss 0.1650211337830994
2021-05-18 07:38:49,162 Epoch 65 	 Loss 0.16056998516177082
2021-05-18 07:40:17,694 Epoch 66 	 Loss 0.16275194557486
2021-05-18 07:41:46,159 Epoch 67 	 Loss 0.16027232316824105
2021-05-18 07:43:14,740 Epoch 68 	 Loss 0.16206470754120375
2021-05-18 07:44:43,191 Epoch 69 	 Loss 0.15955613528961662
2021-05-18 07:46:11,687 Epoch 70 	 Loss 0.1590172833466268
2021-05-18 07:47:40,286 Epoch 71 	 Loss 0.1533455919924673
2021-05-18 07:49:08,826 Epoch 72 	 Loss 0.15926194412040187
2021-05-18 07:50:37,358 Epoch 73 	 Loss 0.15808234977853167
2021-05-18 07:52:05,918 Epoch 74 	 Loss 0.15768675718988692
2021-05-18 07:53:34,295 Epoch 75 	 Loss 0.15399730262848046
2021-05-18 07:55:02,770 Epoch 76 	 Loss 0.15432738832065038
2021-05-18 07:56:31,292 Epoch 77 	 Loss 0.14921978296159388
2021-05-18 07:57:59,844 Epoch 78 	 Loss 0.15403531860191744
2021-05-18 07:59:28,589 Epoch 79 	 Loss 0.15432506455824926
2021-05-18 08:00:57,123 Epoch 80 	 Loss 0.15202307488237107
2021-05-18 08:02:25,714 Epoch 81 	 Loss 0.1508930870792368
2021-05-18 08:03:54,252 Epoch 82 	 Loss 0.15393026279551641
2021-05-18 08:05:22,875 Epoch 83 	 Loss 0.1512819881458859
2021-05-18 08:06:52,862 Epoch 84 	 Loss 0.14982830626623972
2021-05-18 08:08:21,519 Epoch 85 	 Loss 0.14992549327703622
2021-05-18 08:09:50,105 Epoch 86 	 Loss 0.14913766872096848
2021-05-18 08:11:18,639 Epoch 87 	 Loss 0.15049442853573913
2021-05-18 08:12:47,092 Epoch 88 	 Loss 0.1519953816474139
2021-05-18 08:14:16,151 Epoch 89 	 Loss 0.15108969938624037
2021-05-18 08:15:46,364 Epoch 90 	 Loss 0.14847083602632796
2021-05-18 08:17:16,383 Epoch 91 	 Loss 0.14844900156770433
2021-05-18 08:18:46,415 Epoch 92 	 Loss 0.14957593315905268
2021-05-18 08:20:17,071 Epoch 93 	 Loss 0.1493391963643032
2021-05-18 08:21:46,157 Epoch 94 	 Loss 0.14714625363166517
2021-05-18 08:23:15,204 Epoch 95 	 Loss 0.14805753561821614
2021-05-18 08:24:43,889 Epoch 96 	 Loss 0.14820980075951462
2021-05-18 08:26:14,163 Epoch 97 	 Loss 0.14821356551332787
2021-05-18 08:27:43,827 Epoch 98 	 Loss 0.14780454149285516
2021-05-18 08:29:13,508 Epoch 99 	 Loss 0.14702470756166583
2021-05-18 08:29:33,563 RESULT FOR DATASET CVC-300

2021-05-18 08:29:33,563 ==============================
2021-05-18 08:29:33,563 

2021-05-18 08:29:33,563 recall: 0.9380379871843616

2021-05-18 08:29:33,563 specificity: 0.9936830103397369

2021-05-18 08:29:33,563 precision: 0.8260380504070781

2021-05-18 08:29:33,563 F1: 0.8625234750228022

2021-05-18 08:29:33,563 F2: 0.8966777387927626

2021-05-18 08:29:33,563 ACC_overall: 0.9916062752405802

2021-05-18 08:29:33,563 IoU_poly: 0.7929399335767812

2021-05-18 08:29:33,563 IoU_bg: 0.9913451095422109

2021-05-18 08:29:33,563 IoU_mean: 0.8921425218383471

2021-05-18 08:29:33,563 ==============================
2021-05-18 08:29:33,563 

2021-05-18 08:29:49,345 RESULT FOR DATASET CVC-ClinicDB

2021-05-18 08:29:49,345 ==============================
2021-05-18 08:29:49,345 

2021-05-18 08:29:49,346 recall: 0.942613405659945

2021-05-18 08:29:49,346 specificity: 0.9932113914720474

2021-05-18 08:29:49,346 precision: 0.8976607311952619

2021-05-18 08:29:49,346 F1: 0.9058404260844503

2021-05-18 08:29:49,346 F2: 0.9156210409766514

2021-05-18 08:29:49,346 ACC_overall: 0.9911788528965365

2021-05-18 08:29:49,346 IoU_poly: 0.8610122259330726

2021-05-18 08:29:49,346 IoU_bg: 0.9899392204899942

2021-05-18 08:29:49,346 IoU_mean: 0.9254757213977075

2021-05-18 08:29:49,346 ==============================
2021-05-18 08:29:49,346 

2021-05-18 08:30:19,498 RESULT FOR DATASET Kvasir

2021-05-18 08:30:19,498 ==============================
2021-05-18 08:30:19,498 

2021-05-18 08:30:19,498 recall: 0.9060502654314041

2021-05-18 08:30:19,498 specificity: 0.9849891394376755

2021-05-18 08:30:19,499 precision: 0.926903148368001

2021-05-18 08:30:19,499 F1: 0.9058020362257957

2021-05-18 08:30:19,499 F2: 0.904276459813118

2021-05-18 08:30:19,499 ACC_overall: 0.9742277002334595

2021-05-18 08:30:19,499 IoU_poly: 0.852357969880104

2021-05-18 08:30:19,499 IoU_bg: 0.9657362514734268

2021-05-18 08:30:19,499 IoU_mean: 0.9090471085906029

2021-05-18 08:30:19,499 ==============================
2021-05-18 08:30:19,499 

2021-05-18 08:32:14,380 RESULT FOR DATASET CVC-ColonDB

2021-05-18 08:32:14,380 ==============================
2021-05-18 08:32:14,380 

2021-05-18 08:32:14,380 recall: 0.7752003896958454

2021-05-18 08:32:14,380 specificity: 0.9904227339907696

2021-05-18 08:32:14,380 precision: 0.850948203274196

2021-05-18 08:32:14,380 F1: 0.7510165794510182

2021-05-18 08:32:14,380 F2: 0.7565492130750834

2021-05-18 08:32:14,380 ACC_overall: 0.959492170104855

2021-05-18 08:32:14,380 IoU_poly: 0.6768145370688312

2021-05-18 08:32:14,380 IoU_bg: 0.9577595706833036

2021-05-18 08:32:14,380 IoU_mean: 0.8172870553637805

2021-05-18 08:32:14,380 ==============================
2021-05-18 08:32:14,380 

2021-05-18 08:33:37,298 RESULT FOR DATASET ETIS-LaribPolypDB

2021-05-18 08:33:37,299 ==============================
2021-05-18 08:33:37,299 

2021-05-18 08:33:37,299 recall: 0.8833123869806476

2021-05-18 08:33:37,299 specificity: 0.9916531303707434

2021-05-18 08:33:37,299 precision: 0.7881226628819419

2021-05-18 08:33:37,299 F1: 0.8038696666310211

2021-05-18 08:33:37,299 F2: 0.8396821144901785

2021-05-18 08:33:37,299 ACC_overall: 0.9889157289753154

2021-05-18 08:33:37,299 IoU_poly: 0.7238801871722453

2021-05-18 08:33:37,299 IoU_bg: 0.9882926521252613

2021-05-18 08:33:37,299 IoU_mean: 0.8560864198572782

2021-05-18 08:33:37,299 ==============================
2021-05-18 08:33:37,299 

