2021-04-26 03:54:58,837 RESULT FOR DATASET CVC-300

2021-04-26 03:54:58,837 ==============================
2021-04-26 03:54:58,837 

2021-04-26 03:54:58,837 recall: 0.9259246282279492

2021-04-26 03:54:58,837 specificity: 0.9956381777922313

2021-04-26 03:54:58,837 precision: 0.87528982385993

2021-04-26 03:54:58,837 F1: 0.8850726306438446

2021-04-26 03:54:58,837 F2: 0.9044336333870888

2021-04-26 03:54:58,837 ACC_overall: 0.9925738662481308

2021-04-26 03:54:58,837 IoU_poly: 0.8150283607343832

2021-04-26 03:54:58,837 IoU_bg: 0.992210739850998

2021-04-26 03:54:58,837 IoU_mean: 0.9036195447047551

2021-04-26 03:54:58,837 ==============================
2021-04-26 03:54:58,838 

2021-04-26 03:55:13,794 RESULT FOR DATASET CVC-ClinicDB

2021-04-26 03:55:13,794 ==============================
2021-04-26 03:55:13,794 

2021-04-26 03:55:13,794 recall: 0.8702252285757793

2021-04-26 03:55:13,795 specificity: 0.994750686230198

2021-04-26 03:55:13,795 precision: 0.9110528769932927

2021-04-26 03:55:13,795 F1: 0.868646210294232

2021-04-26 03:55:13,795 F2: 0.868467120162677

2021-04-26 03:55:13,795 ACC_overall: 0.9839479740588896

2021-04-26 03:55:13,795 IoU_poly: 0.8098100124700596

2021-04-26 03:55:13,795 IoU_bg: 0.9817423887791172

2021-04-26 03:55:13,795 IoU_mean: 0.895776201640406

2021-04-26 03:55:13,795 ==============================
2021-04-26 03:55:13,795 

2021-04-26 03:55:42,631 RESULT FOR DATASET Kvasir

2021-04-26 03:55:42,631 ==============================
2021-04-26 03:55:42,632 

2021-04-26 03:55:42,632 recall: 0.8727486028219573

2021-04-26 03:55:42,632 specificity: 0.9831218343973159

2021-04-26 03:55:42,632 precision: 0.8990437585860491

2021-04-26 03:55:42,632 F1: 0.8622942506475374

2021-04-26 03:55:42,632 F2: 0.8599684986053034

2021-04-26 03:55:42,632 ACC_overall: 0.958606526851654

2021-04-26 03:55:42,632 IoU_poly: 0.7948090032022447

2021-04-26 03:55:42,632 IoU_bg: 0.9493784892559052

2021-04-26 03:55:42,632 IoU_mean: 0.8720937466621399

2021-04-26 03:55:42,632 ==============================
2021-04-26 03:55:42,632 

2021-04-26 03:57:31,877 RESULT FOR DATASET CVC-ColonDB

2021-04-26 03:57:31,877 ==============================
2021-04-26 03:57:31,877 

2021-04-26 03:57:31,877 recall: 0.6638787674270493

2021-04-26 03:57:31,877 specificity: 0.9946480362038863

2021-04-26 03:57:31,877 precision: 0.8719752271032887

2021-04-26 03:57:31,877 F1: 0.6692857436524049

2021-04-26 03:57:31,877 F2: 0.6609154734899556

2021-04-26 03:57:31,877 ACC_overall: 0.9547397589212969

2021-04-26 03:57:31,877 IoU_poly: 0.5890598404733569

2021-04-26 03:57:31,877 IoU_bg: 0.9531190637695162

2021-04-26 03:57:31,878 IoU_mean: 0.7710894503483646

2021-04-26 03:57:31,878 ==============================
2021-04-26 03:57:31,878 

2021-04-26 03:58:51,625 RESULT FOR DATASET ETIS-LaribPolypDB

2021-04-26 03:58:51,625 ==============================
2021-04-26 03:58:51,625 

2021-04-26 03:58:51,625 recall: 0.6040531624634686

2021-04-26 03:58:51,625 specificity: 0.9893861820503157

2021-04-26 03:58:51,625 precision: 0.7341538881992722

2021-04-26 03:58:51,625 F1: 0.5602679614985205

2021-04-26 03:58:51,625 F2: 0.5781111549379844

2021-04-26 03:58:51,625 ACC_overall: 0.9780244903296841

2021-04-26 03:58:51,625 IoU_poly: 0.48566549733749875

2021-04-26 03:58:51,625 IoU_bg: 0.9767959692648479

2021-04-26 03:58:51,626 IoU_mean: 0.73123073243365

2021-04-26 03:58:51,626 ==============================
2021-04-26 03:58:51,626 

