2021-04-26 03:59:14,031 RESULT FOR DATASET CVC-300

2021-04-26 03:59:14,031 ==============================
2021-04-26 03:59:14,032 

2021-04-26 03:59:14,032 recall: 0.945606158177058

2021-04-26 03:59:14,032 specificity: 0.9949941903352737

2021-04-26 03:59:14,032 precision: 0.8775242924690246

2021-04-26 03:59:14,032 F1: 0.9010495816667875

2021-04-26 03:59:14,032 F2: 0.9233591139316559

2021-04-26 03:59:14,032 ACC_overall: 0.9931523243586222

2021-04-26 03:59:14,032 IoU_poly: 0.8333126991987229

2021-04-26 03:59:14,032 IoU_bg: 0.99284126162529

2021-04-26 03:59:14,032 IoU_mean: 0.9130769809087117

2021-04-26 03:59:14,032 ==============================
2021-04-26 03:59:14,033 

2021-04-26 03:59:29,046 RESULT FOR DATASET CVC-ClinicDB

2021-04-26 03:59:29,046 ==============================
2021-04-26 03:59:29,046 

2021-04-26 03:59:29,046 recall: 0.8544064298414835

2021-04-26 03:59:29,046 specificity: 0.9961723541059802

2021-04-26 03:59:29,046 precision: 0.9179784170682391

2021-04-26 03:59:29,046 F1: 0.8626108725363719

2021-04-26 03:59:29,046 F2: 0.8567291761827355

2021-04-26 03:59:29,046 ACC_overall: 0.9846486045468238

2021-04-26 03:59:29,046 IoU_poly: 0.808874040793237

2021-04-26 03:59:29,047 IoU_bg: 0.9825300122461011

2021-04-26 03:59:29,047 IoU_mean: 0.895702023659983

2021-04-26 03:59:29,047 ==============================
2021-04-26 03:59:29,047 

2021-04-26 03:59:57,812 RESULT FOR DATASET Kvasir

2021-04-26 03:59:57,812 ==============================
2021-04-26 03:59:57,812 

2021-04-26 03:59:57,812 recall: 0.8686284701153636

2021-04-26 03:59:57,812 specificity: 0.9868213486671448

2021-04-26 03:59:57,812 precision: 0.9080403336137534

2021-04-26 03:59:57,812 F1: 0.8695648706983775

2021-04-26 03:59:57,812 F2: 0.8639167350437492

2021-04-26 03:59:57,812 ACC_overall: 0.9628107619285583

2021-04-26 03:59:57,813 IoU_poly: 0.8005737139377743

2021-04-26 03:59:57,813 IoU_bg: 0.9539395713806152

2021-04-26 03:59:57,813 IoU_mean: 0.8772566452622413

2021-04-26 03:59:57,813 ==============================
2021-04-26 03:59:57,813 

2021-04-26 04:01:47,029 RESULT FOR DATASET CVC-ColonDB

2021-04-26 04:01:47,030 ==============================
2021-04-26 04:01:47,030 

2021-04-26 04:01:47,030 recall: 0.6615625446296929

2021-04-26 04:01:47,030 specificity: 0.9940131159205186

2021-04-26 04:01:47,030 precision: 0.8602559515217524

2021-04-26 04:01:47,030 F1: 0.6629934029914334

2021-04-26 04:01:47,030 F2: 0.6568623642610035

2021-04-26 04:01:47,030 ACC_overall: 0.9546486562804172

2021-04-26 04:01:47,030 IoU_poly: 0.5838836663856144

2021-04-26 04:01:47,030 IoU_bg: 0.9528235352353046

2021-04-26 04:01:47,030 IoU_mean: 0.7683536024077943

2021-04-26 04:01:47,030 ==============================
2021-04-26 04:01:47,030 

2021-04-26 04:03:06,719 RESULT FOR DATASET ETIS-LaribPolypDB

2021-04-26 04:03:06,719 ==============================
2021-04-26 04:03:06,719 

2021-04-26 04:03:06,720 recall: 0.6389944553673336

2021-04-26 04:03:06,720 specificity: 0.9875477005024346

2021-04-26 04:03:06,720 precision: 0.716178225028341

2021-04-26 04:03:06,720 F1: 0.5871135314949066

2021-04-26 04:03:06,720 F2: 0.6074515845120079

2021-04-26 04:03:06,720 ACC_overall: 0.9783160780765572

2021-04-26 04:03:06,720 IoU_poly: 0.510681957679861

2021-04-26 04:03:06,720 IoU_bg: 0.9770783271108355

2021-04-26 04:03:06,720 IoU_mean: 0.7438801412983816

2021-04-26 04:03:06,720 ==============================
2021-04-26 04:03:06,720 

