2021-04-26 03:50:44,782 RESULT FOR DATASET CVC-300

2021-04-26 03:50:44,782 ==============================
2021-04-26 03:50:44,782 

2021-04-26 03:50:44,782 recall: 0.9333736963570118

2021-04-26 03:50:44,782 specificity: 0.9953785121440888

2021-04-26 03:50:44,782 precision: 0.8767277064422766

2021-04-26 03:50:44,782 F1: 0.8907213504115741

2021-04-26 03:50:44,782 F2: 0.9113658008476099

2021-04-26 03:50:44,782 ACC_overall: 0.9931229958931606

2021-04-26 03:50:44,782 IoU_poly: 0.823227555056413

2021-04-26 03:50:44,782 IoU_bg: 0.9927864829699199

2021-04-26 03:50:44,782 IoU_mean: 0.9080070187648137

2021-04-26 03:50:44,782 ==============================
2021-04-26 03:50:44,782 

2021-04-26 03:50:59,662 RESULT FOR DATASET CVC-ClinicDB

2021-04-26 03:50:59,663 ==============================
2021-04-26 03:50:59,663 

2021-04-26 03:50:59,663 recall: 0.8793894196372299

2021-04-26 03:50:59,663 specificity: 0.9948431993684461

2021-04-26 03:50:59,663 precision: 0.9153861086214742

2021-04-26 03:50:59,663 F1: 0.8762998368624868

2021-04-26 03:50:59,663 F2: 0.8771915125769503

2021-04-26 03:50:59,663 ACC_overall: 0.9854568666027438

2021-04-26 03:50:59,663 IoU_poly: 0.8225342849506095

2021-04-26 03:50:59,663 IoU_bg: 0.983414932604759

2021-04-26 03:50:59,663 IoU_mean: 0.9029746084443985

2021-04-26 03:50:59,663 ==============================
2021-04-26 03:50:59,663 

2021-04-26 03:51:28,397 RESULT FOR DATASET Kvasir

2021-04-26 03:51:28,397 ==============================
2021-04-26 03:51:28,398 

2021-04-26 03:51:28,398 recall: 0.8774564775801263

2021-04-26 03:51:28,398 specificity: 0.9816162949800491

2021-04-26 03:51:28,398 precision: 0.8855125954560935

2021-04-26 03:51:28,398 F1: 0.8647265432489804

2021-04-26 03:51:28,398 F2: 0.8664130010771623

2021-04-26 03:51:28,398 ACC_overall: 0.962254513502121

2021-04-26 03:51:28,398 IoU_poly: 0.7956388017821883

2021-04-26 03:51:28,398 IoU_bg: 0.9522841811180115

2021-04-26 03:51:28,398 IoU_mean: 0.873961489200592

2021-04-26 03:51:28,398 ==============================
2021-04-26 03:51:28,398 

2021-04-26 03:53:17,279 RESULT FOR DATASET CVC-ColonDB

2021-04-26 03:53:17,279 ==============================
2021-04-26 03:53:17,279 

2021-04-26 03:53:17,279 recall: 0.6591280080851076

2021-04-26 03:53:17,279 specificity: 0.9945144615675273

2021-04-26 03:53:17,279 precision: 0.860272005256813

2021-04-26 03:53:17,279 F1: 0.6555298209502923

2021-04-26 03:53:17,280 F2: 0.652355708638617

2021-04-26 03:53:17,280 ACC_overall: 0.953330796957016

2021-04-26 03:53:17,280 IoU_poly: 0.5784040176765494

2021-04-26 03:53:17,280 IoU_bg: 0.9519981712887161

2021-04-26 03:53:17,280 IoU_mean: 0.7652010952955798

2021-04-26 03:53:17,280 ==============================
2021-04-26 03:53:17,280 

2021-04-26 03:54:36,668 RESULT FOR DATASET ETIS-LaribPolypDB

2021-04-26 03:54:36,668 ==============================
2021-04-26 03:54:36,668 

2021-04-26 03:54:36,668 recall: 0.5551809007241325

2021-04-26 03:54:36,668 specificity: 0.9917075390718422

2021-04-26 03:54:36,669 precision: 0.7556969310444959

2021-04-26 03:54:36,669 F1: 0.536234396990921

2021-04-26 03:54:36,669 F2: 0.5419514830800093

2021-04-26 03:54:36,669 ACC_overall: 0.9784692921200577

2021-04-26 03:54:36,669 IoU_poly: 0.46633869789976806

2021-04-26 03:54:36,669 IoU_bg: 0.9772643799684486

2021-04-26 03:54:36,669 IoU_mean: 0.7218015358156088

2021-04-26 03:54:36,669 ==============================
2021-04-26 03:54:36,669 

