2021-04-27 13:10:37,377 RESULT FOR DATASET CVC-300

2021-04-27 13:10:37,377 ==============================
2021-04-27 13:10:37,377 

2021-04-27 13:10:37,377 recall: 0.9034945053358873

2021-04-27 13:10:37,377 specificity: 0.996465070048968

2021-04-27 13:10:37,377 precision: 0.8841317027807236

2021-04-27 13:10:37,377 F1: 0.8796975741783778

2021-04-27 13:10:37,378 F2: 0.8901909410953521

2021-04-27 13:10:37,378 ACC_overall: 0.992623457312584

2021-04-27 13:10:37,378 IoU_poly: 0.8067974460621675

2021-04-27 13:10:37,378 IoU_bg: 0.992289783557256

2021-04-27 13:10:37,378 IoU_mean: 0.8995436151822408

2021-04-27 13:10:37,378 ==============================
2021-04-27 13:10:37,378 

2021-04-27 13:10:52,929 RESULT FOR DATASET CVC-ClinicDB

2021-04-27 13:10:52,929 ==============================
2021-04-27 13:10:52,930 

2021-04-27 13:10:52,930 recall: 0.8634981929076715

2021-04-27 13:10:52,930 specificity: 0.9948380945190307

2021-04-27 13:10:52,930 precision: 0.9330133406385299

2021-04-27 13:10:52,930 F1: 0.8639363041729666

2021-04-27 13:10:52,930 F2: 0.8626932335976181

2021-04-27 13:10:52,930 ACC_overall: 0.9852334337849771

2021-04-27 13:10:52,930 IoU_poly: 0.8118643122236996

2021-04-27 13:10:52,930 IoU_bg: 0.9830621894328825

2021-04-27 13:10:52,930 IoU_mean: 0.8974632515061286

2021-04-27 13:10:52,930 ==============================
2021-04-27 13:10:52,930 

2021-04-27 13:11:22,354 RESULT FOR DATASET Kvasir

2021-04-27 13:11:22,354 ==============================
2021-04-27 13:11:22,354 

2021-04-27 13:11:22,354 recall: 0.8741340618859976

2021-04-27 13:11:22,354 specificity: 0.9866978639364242

2021-04-27 13:11:22,354 precision: 0.915090797394514

2021-04-27 13:11:22,354 F1: 0.8684663417004049

2021-04-27 13:11:22,354 F2: 0.8654022932983935

2021-04-27 13:11:22,354 ACC_overall: 0.963154382109642

2021-04-27 13:11:22,354 IoU_poly: 0.8007972246594727

2021-04-27 13:11:22,354 IoU_bg: 0.9544591146707535

2021-04-27 13:11:22,354 IoU_mean: 0.8776281660795212

2021-04-27 13:11:22,354 ==============================
2021-04-27 13:11:22,354 

2021-04-27 13:13:17,700 RESULT FOR DATASET CVC-ColonDB

2021-04-27 13:13:17,701 ==============================
2021-04-27 13:13:17,701 

2021-04-27 13:13:17,701 recall: 0.6369413379917097

2021-04-27 13:13:17,701 specificity: 0.9957150633397855

2021-04-27 13:13:17,701 precision: 0.8942594537512425

2021-04-27 13:13:17,701 F1: 0.6474590739363162

2021-04-27 13:13:17,701 F2: 0.6373430970481817

2021-04-27 13:13:17,701 ACC_overall: 0.9543098001887924

2021-04-27 13:13:17,701 IoU_poly: 0.57515031590098

2021-04-27 13:13:17,701 IoU_bg: 0.9530222464548914

2021-04-27 13:13:17,701 IoU_mean: 0.7640862818611296

2021-04-27 13:13:17,701 ==============================
2021-04-27 13:13:17,701 

2021-04-27 13:14:38,393 RESULT FOR DATASET ETIS-LaribPolypDB

2021-04-27 13:14:38,393 ==============================
2021-04-27 13:14:38,393 

2021-04-27 13:14:38,393 recall: 0.5576056492112893

2021-04-27 13:14:38,393 specificity: 0.9923613989839748

2021-04-27 13:14:38,393 precision: 0.8153568974801332

2021-04-27 13:14:38,393 F1: 0.5463001119754766

2021-04-27 13:14:38,393 F2: 0.548663980368627

2021-04-27 13:14:38,393 ACC_overall: 0.9782672624806968

2021-04-27 13:14:38,393 IoU_poly: 0.47739163094039044

2021-04-27 13:14:38,393 IoU_bg: 0.9771436586671945

2021-04-27 13:14:38,393 IoU_mean: 0.7272676436268554

2021-04-27 13:14:38,394 ==============================
2021-04-27 13:14:38,394 

