2021-05-06 01:50:35,633 RESULT FOR DATASET CVC-300

2021-05-06 01:50:35,633 ==============================
2021-05-06 01:50:35,633 

2021-05-06 01:50:35,633 recall: 0.9600102990865708

2021-05-06 01:50:35,633 specificity: 0.9926329910755157

2021-05-06 01:50:35,633 precision: 0.8370038179059823

2021-05-06 01:50:35,633 F1: 0.8755883904794852

2021-05-06 01:50:35,633 F2: 0.9106883640090625

2021-05-06 01:50:35,633 ACC_overall: 0.9914436668157578

2021-05-06 01:50:35,633 IoU_poly: 0.8065834484994412

2021-05-06 01:50:35,634 IoU_bg: 0.9911942422389984

2021-05-06 01:50:35,634 IoU_mean: 0.8988888452450434

2021-05-06 01:50:35,634 ==============================
2021-05-06 01:50:35,634 

2021-05-06 01:50:51,060 RESULT FOR DATASET CVC-ClinicDB

2021-05-06 01:50:51,061 ==============================
2021-05-06 01:50:51,061 

2021-05-06 01:50:51,061 recall: 0.9456597076308343

2021-05-06 01:50:51,061 specificity: 0.9944855215088013

2021-05-06 01:50:51,061 precision: 0.9121924152057017

2021-05-06 01:50:51,061 F1: 0.915881164131626

2021-05-06 01:50:51,061 F2: 0.9235060128473467

2021-05-06 01:50:51,061 ACC_overall: 0.9911873081038075

2021-05-06 01:50:51,061 IoU_poly: 0.8668076322684365

2021-05-06 01:50:51,061 IoU_bg: 0.989601182360803

2021-05-06 01:50:51,061 IoU_mean: 0.9282044047309507

2021-05-06 01:50:51,061 ==============================
2021-05-06 01:50:51,061 

2021-05-06 01:51:20,551 RESULT FOR DATASET Kvasir

2021-05-06 01:51:20,551 ==============================
2021-05-06 01:51:20,551 

2021-05-06 01:51:20,551 recall: 0.8847338768839836

2021-05-06 01:51:20,551 specificity: 0.9906286966800689

2021-05-06 01:51:20,551 precision: 0.9363227708637715

2021-05-06 01:51:20,551 F1: 0.8961006432771683

2021-05-06 01:51:20,551 F2: 0.8863993260264397

2021-05-06 01:51:20,551 ACC_overall: 0.968280131816864

2021-05-06 01:51:20,551 IoU_poly: 0.8343729911744595

2021-05-06 01:51:20,552 IoU_bg: 0.9606241419911384

2021-05-06 01:51:20,552 IoU_mean: 0.8974985629320145

2021-05-06 01:51:20,552 ==============================
2021-05-06 01:51:20,552 

2021-05-06 01:53:17,334 RESULT FOR DATASET CVC-ColonDB

2021-05-06 01:53:17,334 ==============================
2021-05-06 01:53:17,334 

2021-05-06 01:53:17,334 recall: 0.788413744411161

2021-05-06 01:53:17,334 specificity: 0.9889452829172737

2021-05-06 01:53:17,334 precision: 0.7927610613849059

2021-05-06 01:53:17,335 F1: 0.749565458490796

2021-05-06 01:53:17,335 F2: 0.7605827756900693

2021-05-06 01:53:17,335 ACC_overall: 0.9625124142358178

2021-05-06 01:53:17,335 IoU_poly: 0.6705648089710442

2021-05-06 01:53:17,335 IoU_bg: 0.9596840118107043

2021-05-06 01:53:17,335 IoU_mean: 0.8151244092144464

2021-05-06 01:53:17,335 ==============================
2021-05-06 01:53:17,335 

2021-05-06 01:54:38,487 RESULT FOR DATASET ETIS-LaribPolypDB

2021-05-06 01:54:38,488 ==============================
2021-05-06 01:54:38,488 

2021-05-06 01:54:38,488 recall: 0.8240461338257458

2021-05-06 01:54:38,488 specificity: 0.986017641668417

2021-05-06 01:54:38,488 precision: 0.6743709240710851

2021-05-06 01:54:38,488 F1: 0.7184710635497233

2021-05-06 01:54:38,488 F2: 0.7682129941123855

2021-05-06 01:54:38,488 ACC_overall: 0.9832053747104139

2021-05-06 01:54:38,488 IoU_poly: 0.6340561678640759

2021-05-06 01:54:38,488 IoU_bg: 0.9822927150799303

2021-05-06 01:54:38,488 IoU_mean: 0.8081744384704804

2021-05-06 01:54:38,488 ==============================
2021-05-06 01:54:38,488 

