2021-05-15 16:23:37,475 Epoch 0 	 Loss 0.8078340180627592
2021-05-15 16:24:00,777 Epoch 1 	 Loss 0.5906518805813004
2021-05-15 16:24:24,023 Epoch 2 	 Loss 0.5204919193472181
2021-05-15 16:24:47,204 Epoch 3 	 Loss 0.47884167157686675
2021-05-15 16:25:10,443 Epoch 4 	 Loss 0.44729374725740034
2021-05-15 16:25:33,905 Epoch 5 	 Loss 0.4201927335707696
2021-05-15 16:25:57,153 Epoch 6 	 Loss 0.4132988859008957
2021-05-15 16:26:20,660 Epoch 7 	 Loss 0.38376052366508234
2021-05-15 16:26:44,501 Epoch 8 	 Loss 0.38742174617536773
2021-05-15 16:27:07,848 Epoch 9 	 Loss 0.372796315740753
2021-05-15 16:27:31,141 Epoch 10 	 Loss 0.3512091440158886
2021-05-15 16:27:54,387 Epoch 11 	 Loss 0.3527778174195971
2021-05-15 16:28:18,093 Epoch 12 	 Loss 0.3466301977961928
2021-05-15 16:28:41,853 Epoch 13 	 Loss 0.33164484864407845
2021-05-15 16:29:05,759 Epoch 14 	 Loss 0.33719771314453295
2021-05-15 16:29:29,064 Epoch 15 	 Loss 0.31636728542846637
2021-05-15 16:29:52,423 Epoch 16 	 Loss 0.32399197545025377
2021-05-15 16:30:15,781 Epoch 17 	 Loss 0.308099749487835
2021-05-15 16:30:39,309 Epoch 18 	 Loss 0.31173603531423505
2021-05-15 16:31:02,915 Epoch 19 	 Loss 0.3006928913540893
2021-05-15 16:31:26,194 Epoch 20 	 Loss 0.2947113132411307
2021-05-15 16:32:00,652 Epoch 21 	 Loss 0.2976405674612129
2021-05-15 16:32:27,678 Epoch 22 	 Loss 0.287065544626215
2021-05-15 16:32:53,504 Epoch 23 	 Loss 0.2871775869484786
2021-05-15 16:33:19,639 Epoch 24 	 Loss 0.28527307690499903
2021-05-15 16:33:43,139 Epoch 25 	 Loss 0.2843498073436402
2021-05-15 16:34:06,363 Epoch 26 	 Loss 0.27513351692603183
2021-05-15 16:34:29,498 Epoch 27 	 Loss 0.26865744050387497
2021-05-15 16:34:52,705 Epoch 28 	 Loss 0.26247547550515815
2021-05-15 16:35:15,920 Epoch 29 	 Loss 0.267649002127595
2021-05-15 16:35:39,168 Epoch 30 	 Loss 0.2681763137762363
2021-05-15 16:36:02,409 Epoch 31 	 Loss 0.26019301879536977
2021-05-15 16:36:25,711 Epoch 32 	 Loss 0.2611018121242523
2021-05-15 16:36:49,190 Epoch 33 	 Loss 0.2532005046422665
2021-05-15 16:37:12,797 Epoch 34 	 Loss 0.24621022042337354
2021-05-15 16:37:36,165 Epoch 35 	 Loss 0.25601299008825323
2021-05-15 16:37:59,283 Epoch 36 	 Loss 0.2526484929270797
2021-05-15 16:38:22,543 Epoch 37 	 Loss 0.24590250112853207
2021-05-15 16:38:45,914 Epoch 38 	 Loss 0.24298133414525253
2021-05-15 16:39:09,111 Epoch 39 	 Loss 0.24104737285729294
2021-05-15 16:39:32,448 Epoch 40 	 Loss 0.2427962831743471
2021-05-15 16:39:55,831 Epoch 41 	 Loss 0.2453517368534109
2021-05-15 16:40:18,956 Epoch 42 	 Loss 0.2365152726134101
2021-05-15 16:40:42,015 Epoch 43 	 Loss 0.23443490512423462
2021-05-15 16:41:05,035 Epoch 44 	 Loss 0.22998971975111698
2021-05-15 16:41:27,858 Epoch 45 	 Loss 0.2326951606588049
2021-05-15 16:41:50,693 Epoch 46 	 Loss 0.22943767266614096
2021-05-15 16:42:13,593 Epoch 47 	 Loss 0.22896254570274563
2021-05-15 16:42:36,534 Epoch 48 	 Loss 0.2258780389041691
2021-05-15 16:42:59,481 Epoch 49 	 Loss 0.22233299845522578
2021-05-15 16:43:22,662 Epoch 50 	 Loss 0.22095416486263275
2021-05-15 16:43:46,124 Epoch 51 	 Loss 0.21647576512871208
2021-05-15 16:44:09,230 Epoch 52 	 Loss 0.21293545506157718
2021-05-15 16:44:31,817 Epoch 53 	 Loss 0.2189920520061975
2021-05-15 16:44:54,384 Epoch 54 	 Loss 0.2137595729513483
2021-05-15 16:45:16,879 Epoch 55 	 Loss 0.2166200129540412
2021-05-15 16:45:39,365 Epoch 56 	 Loss 0.20882541137737232
2021-05-15 16:46:01,894 Epoch 57 	 Loss 0.21345107470239913
2021-05-15 16:46:24,425 Epoch 58 	 Loss 0.21308684119811425
2021-05-15 16:46:46,829 Epoch 59 	 Loss 0.21037036033122095
2021-05-15 16:47:09,345 Epoch 60 	 Loss 0.21162259333081299
2021-05-15 16:47:31,817 Epoch 61 	 Loss 0.20763777769528902
2021-05-15 16:47:54,262 Epoch 62 	 Loss 0.207215435393564
2021-05-15 16:48:16,810 Epoch 63 	 Loss 0.20199138188100124
2021-05-15 16:48:39,288 Epoch 64 	 Loss 0.20424759666343312
2021-05-15 16:49:01,847 Epoch 65 	 Loss 0.20339728007604788
2021-05-15 16:49:24,365 Epoch 66 	 Loss 0.20209561501230514
2021-05-15 16:49:46,829 Epoch 67 	 Loss 0.19685263080256327
2021-05-15 16:50:09,252 Epoch 68 	 Loss 0.20046921909510435
2021-05-15 16:50:31,664 Epoch 69 	 Loss 0.19277516318546548
2021-05-15 16:50:54,093 Epoch 70 	 Loss 0.195265497643869
2021-05-15 16:51:16,479 Epoch 71 	 Loss 0.19971658977178428
2021-05-15 16:51:38,898 Epoch 72 	 Loss 0.20021644414781214
2021-05-15 16:52:01,417 Epoch 73 	 Loss 0.19686267516770206
2021-05-15 16:52:23,865 Epoch 74 	 Loss 0.19427440700295207
2021-05-15 16:52:46,311 Epoch 75 	 Loss 0.19542379153298808
2021-05-15 16:53:08,731 Epoch 76 	 Loss 0.1922439605325133
2021-05-15 16:53:31,793 Epoch 77 	 Loss 0.1906889266037679
2021-05-15 16:53:54,300 Epoch 78 	 Loss 0.19481430538408048
2021-05-15 16:54:17,074 Epoch 79 	 Loss 0.19220354792835947
2021-05-15 16:54:40,681 Epoch 80 	 Loss 0.19262784097220872
2021-05-15 16:55:04,579 Epoch 81 	 Loss 0.19276748237374064
2021-05-15 16:55:27,802 Epoch 82 	 Loss 0.19260157235376127
2021-05-15 16:55:52,448 Epoch 83 	 Loss 0.19011710911661714
2021-05-15 16:56:19,178 Epoch 84 	 Loss 0.19155180912751418
2021-05-15 16:56:45,307 Epoch 85 	 Loss 0.19220697732417139
2021-05-15 16:57:10,765 Epoch 86 	 Loss 0.1896518709567877
2021-05-15 16:57:35,625 Epoch 87 	 Loss 0.1891141394664953
2021-05-15 16:58:00,507 Epoch 88 	 Loss 0.18914039449377373
2021-05-15 16:58:23,057 Epoch 89 	 Loss 0.19228474026197914
2021-05-15 16:58:45,943 Epoch 90 	 Loss 0.18924444913864136
2021-05-15 16:59:08,565 Epoch 91 	 Loss 0.18955980847170065
2021-05-15 16:59:31,095 Epoch 92 	 Loss 0.1876691352207582
2021-05-15 16:59:53,937 Epoch 93 	 Loss 0.18601199133055552
2021-05-15 17:00:16,891 Epoch 94 	 Loss 0.18592519255784842
2021-05-15 17:00:40,149 Epoch 95 	 Loss 0.18738332292535803
2021-05-15 17:01:03,649 Epoch 96 	 Loss 0.18607018085626456
2021-05-15 17:01:27,266 Epoch 97 	 Loss 0.1861403443656125
2021-05-15 17:01:51,020 Epoch 98 	 Loss 0.18848823174670504
2021-05-15 17:02:14,818 Epoch 99 	 Loss 0.1910214003298309
2021-05-15 17:02:37,760 RESULT FOR DATASET CVC-300

2021-05-15 17:02:37,760 ==============================
2021-05-15 17:02:37,761 

2021-05-15 17:02:37,761 recall: 0.9456595261891683

2021-05-15 17:02:37,761 specificity: 0.994768081108729

2021-05-15 17:02:37,761 precision: 0.8543060574680567

2021-05-15 17:02:37,761 F1: 0.8823921471834183

2021-05-15 17:02:37,761 F2: 0.9100431238611539

2021-05-15 17:02:37,761 ACC_overall: 0.9927706182003021

2021-05-15 17:02:37,761 IoU_poly: 0.8121944689502318

2021-05-15 17:02:37,761 IoU_bg: 0.9924904336531957

2021-05-15 17:02:37,761 IoU_mean: 0.9023424486319224

2021-05-15 17:02:37,761 ==============================
2021-05-15 17:02:37,761 

2021-05-15 17:02:58,610 RESULT FOR DATASET CVC-ClinicDB

2021-05-15 17:02:58,610 ==============================
2021-05-15 17:02:58,611 

2021-05-15 17:02:58,611 recall: 0.9410871070238852

2021-05-15 17:02:58,611 specificity: 0.9923172718094241

2021-05-15 17:02:58,611 precision: 0.9020060219110981

2021-05-15 17:02:58,611 F1: 0.910999086835692

2021-05-15 17:02:58,611 F2: 0.922372767521489

2021-05-15 17:02:58,611 ACC_overall: 0.9867818413242218

2021-05-15 17:02:58,611 IoU_poly: 0.8569490188552488

2021-05-15 17:02:58,611 IoU_bg: 0.9845292616275049

2021-05-15 17:02:58,611 IoU_mean: 0.9207391383186463

2021-05-15 17:02:58,611 ==============================
2021-05-15 17:02:58,611 

2021-05-15 17:03:35,341 RESULT FOR DATASET Kvasir

2021-05-15 17:03:35,341 ==============================
2021-05-15 17:03:35,341 

2021-05-15 17:03:35,341 recall: 0.8965217288859276

2021-05-15 17:03:35,341 specificity: 0.988999896645546

2021-05-15 17:03:35,341 precision: 0.9295365466484873

2021-05-15 17:03:35,341 F1: 0.9037029629004246

2021-05-15 17:03:35,341 F2: 0.897788067144902

2021-05-15 17:03:35,341 ACC_overall: 0.9715510511398315

2021-05-15 17:03:35,341 IoU_poly: 0.8486433665029836

2021-05-15 17:03:35,341 IoU_bg: 0.9636571910977364

2021-05-15 17:03:35,341 IoU_mean: 0.9061502775549889

2021-05-15 17:03:35,342 ==============================
2021-05-15 17:03:35,342 

2021-05-15 17:05:51,090 RESULT FOR DATASET CVC-ColonDB

2021-05-15 17:05:51,090 ==============================
2021-05-15 17:05:51,090 

2021-05-15 17:05:51,090 recall: 0.7769955016811956

2021-05-15 17:05:51,103 specificity: 0.9892936872808556

2021-05-15 17:05:51,103 precision: 0.8030279688555789

2021-05-15 17:05:51,103 F1: 0.7475396847988457

2021-05-15 17:05:51,103 F2: 0.7556757114077252

2021-05-15 17:05:51,103 ACC_overall: 0.9597555904796249

2021-05-15 17:05:51,103 IoU_poly: 0.6647567703406582

2021-05-15 17:05:51,103 IoU_bg: 0.9569124921372062

2021-05-15 17:05:51,103 IoU_mean: 0.810834630147407

2021-05-15 17:05:51,103 ==============================
2021-05-15 17:05:51,103 

2021-05-15 17:07:28,293 RESULT FOR DATASET ETIS-LaribPolypDB

2021-05-15 17:07:28,293 ==============================
2021-05-15 17:07:28,293 

2021-05-15 17:07:28,293 recall: 0.8458316151054718

2021-05-15 17:07:28,293 specificity: 0.9832479391171007

2021-05-15 17:07:28,293 precision: 0.6732746349159929

2021-05-15 17:07:28,293 F1: 0.7184296610773103

2021-05-15 17:07:28,293 F2: 0.7730805600721378

2021-05-15 17:07:28,293 ACC_overall: 0.9810520954886262

2021-05-15 17:07:28,293 IoU_poly: 0.6335002926931078

2021-05-15 17:07:28,293 IoU_bg: 0.9800891930959663

2021-05-15 17:07:28,293 IoU_mean: 0.8067947423883847

2021-05-15 17:07:28,293 ==============================
2021-05-15 17:07:28,293 

