2021-05-15 17:07:56,514 Epoch 0 	 Loss 0.8140954604515662
2021-05-15 17:08:21,615 Epoch 1 	 Loss 0.5677019174282367
2021-05-15 17:08:48,031 Epoch 2 	 Loss 0.5064436397054694
2021-05-15 17:09:13,829 Epoch 3 	 Loss 0.47116343005672917
2021-05-15 17:09:39,032 Epoch 4 	 Loss 0.4251343329529186
2021-05-15 17:10:04,909 Epoch 5 	 Loss 0.3999152638755002
2021-05-15 17:10:29,263 Epoch 6 	 Loss 0.3859398410870479
2021-05-15 17:10:52,813 Epoch 7 	 Loss 0.374896485890661
2021-05-15 17:11:15,828 Epoch 8 	 Loss 0.3699629314980664
2021-05-15 17:11:38,955 Epoch 9 	 Loss 0.34832275290410597
2021-05-15 17:12:02,113 Epoch 10 	 Loss 0.34294966403599625
2021-05-15 17:12:25,177 Epoch 11 	 Loss 0.33503177549157825
2021-05-15 17:12:48,415 Epoch 12 	 Loss 0.33123414775172433
2021-05-15 17:13:11,602 Epoch 13 	 Loss 0.3216723396882906
2021-05-15 17:13:34,564 Epoch 14 	 Loss 0.3086361667284599
2021-05-15 17:13:57,714 Epoch 15 	 Loss 0.31481827877380036
2021-05-15 17:14:20,739 Epoch 16 	 Loss 0.3204624980360597
2021-05-15 17:14:43,759 Epoch 17 	 Loss 0.3039589239345802
2021-05-15 17:15:06,860 Epoch 18 	 Loss 0.29378122697164727
2021-05-15 17:15:29,931 Epoch 19 	 Loss 0.2889006350721632
2021-05-15 17:15:53,063 Epoch 20 	 Loss 0.2727214061951899
2021-05-15 17:16:16,195 Epoch 21 	 Loss 0.2727329814499551
2021-05-15 17:16:39,244 Epoch 22 	 Loss 0.27353793415394456
2021-05-15 17:17:02,421 Epoch 23 	 Loss 0.2720423810757123
2021-05-15 17:17:25,370 Epoch 24 	 Loss 0.26492983446671414
2021-05-15 17:17:48,462 Epoch 25 	 Loss 0.2703279659643278
2021-05-15 17:18:12,835 Epoch 26 	 Loss 0.26869830783906873
2021-05-15 17:18:38,549 Epoch 27 	 Loss 0.2605719153697674
2021-05-15 17:19:04,109 Epoch 28 	 Loss 0.25370337789530284
2021-05-15 17:19:29,512 Epoch 29 	 Loss 0.2565929740667343
2021-05-15 17:19:55,130 Epoch 30 	 Loss 0.25686881912278603
2021-05-15 17:20:20,541 Epoch 31 	 Loss 0.24612200522160793
2021-05-15 17:20:46,062 Epoch 32 	 Loss 0.24120480362530594
2021-05-15 17:21:11,523 Epoch 33 	 Loss 0.24379967791693552
2021-05-15 17:21:36,964 Epoch 34 	 Loss 0.23534601681180053
2021-05-15 17:22:02,343 Epoch 35 	 Loss 0.24109219522266598
2021-05-15 17:22:27,842 Epoch 36 	 Loss 0.23977376307759965
2021-05-15 17:22:53,374 Epoch 37 	 Loss 0.23742422150386558
2021-05-15 17:23:18,926 Epoch 38 	 Loss 0.23319729687748375
2021-05-15 17:23:44,385 Epoch 39 	 Loss 0.23520268909223788
2021-05-15 17:24:09,719 Epoch 40 	 Loss 0.2288298834483702
2021-05-15 17:24:34,801 Epoch 41 	 Loss 0.22148908969465192
2021-05-15 17:24:59,980 Epoch 42 	 Loss 0.22822493429367358
2021-05-15 17:25:25,161 Epoch 43 	 Loss 0.2223518343417199
2021-05-15 17:25:50,178 Epoch 44 	 Loss 0.2249977164543592
2021-05-15 17:26:15,272 Epoch 45 	 Loss 0.22269084607506848
2021-05-15 17:26:40,196 Epoch 46 	 Loss 0.22238442154376062
2021-05-15 17:27:05,215 Epoch 47 	 Loss 0.21793445453538998
2021-05-15 17:27:30,222 Epoch 48 	 Loss 0.21392054708449396
2021-05-15 17:27:55,102 Epoch 49 	 Loss 0.21170147369196127
2021-05-15 17:28:19,621 Epoch 50 	 Loss 0.2132562151649496
2021-05-15 17:28:44,205 Epoch 51 	 Loss 0.21896248040618477
2021-05-15 17:29:08,705 Epoch 52 	 Loss 0.20590046997908706
2021-05-15 17:29:33,400 Epoch 53 	 Loss 0.20948393331779228
2021-05-15 17:29:57,886 Epoch 54 	 Loss 0.20553462338316572
2021-05-15 17:30:22,399 Epoch 55 	 Loss 0.20859520890555538
2021-05-15 17:30:47,064 Epoch 56 	 Loss 0.20755436312366318
2021-05-15 17:31:11,646 Epoch 57 	 Loss 0.20587565168574617
2021-05-15 17:31:36,264 Epoch 58 	 Loss 0.2013921149811902
2021-05-15 17:32:00,966 Epoch 59 	 Loss 0.2024925953739292
2021-05-15 17:32:25,375 Epoch 60 	 Loss 0.20292914945345658
2021-05-15 17:32:50,044 Epoch 61 	 Loss 0.1958431663748982
2021-05-15 17:33:14,502 Epoch 62 	 Loss 0.19710146283710395
2021-05-15 17:33:39,047 Epoch 63 	 Loss 0.19835238518950704
2021-05-15 17:34:03,760 Epoch 64 	 Loss 0.1964807222177694
2021-05-15 17:34:28,569 Epoch 65 	 Loss 0.19406534403890044
2021-05-15 17:34:53,271 Epoch 66 	 Loss 0.1965223193823636
2021-05-15 17:35:17,909 Epoch 67 	 Loss 0.19406589308937827
2021-05-15 17:35:42,621 Epoch 68 	 Loss 0.19444424274203542
2021-05-15 17:36:07,161 Epoch 69 	 Loss 0.1907194237132649
2021-05-15 17:36:31,857 Epoch 70 	 Loss 0.1923755392595962
2021-05-15 17:36:56,448 Epoch 71 	 Loss 0.1914201599883509
2021-05-15 17:37:22,052 Epoch 72 	 Loss 0.18812415020151452
2021-05-15 17:37:47,505 Epoch 73 	 Loss 0.18459384094227801
2021-05-15 17:38:12,438 Epoch 74 	 Loss 0.18598597685059348
2021-05-15 17:38:36,976 Epoch 75 	 Loss 0.18974856868550016
2021-05-15 17:39:01,777 Epoch 76 	 Loss 0.18876210100703186
2021-05-15 17:39:26,712 Epoch 77 	 Loss 0.18464516889262986
2021-05-15 17:39:51,442 Epoch 78 	 Loss 0.18486007466748522
2021-05-15 17:40:16,024 Epoch 79 	 Loss 0.18336194917395876
2021-05-15 17:40:40,905 Epoch 80 	 Loss 0.18182171881198883
2021-05-15 17:41:05,571 Epoch 81 	 Loss 0.1840964824288756
2021-05-15 17:41:30,350 Epoch 82 	 Loss 0.1858388316500318
2021-05-15 17:41:54,865 Epoch 83 	 Loss 0.18744406824583534
2021-05-15 17:42:19,359 Epoch 84 	 Loss 0.18495109513565733
2021-05-15 17:42:43,945 Epoch 85 	 Loss 0.18348262057854578
2021-05-15 17:43:09,361 Epoch 86 	 Loss 0.1812365457906828
2021-05-15 17:43:34,307 Epoch 87 	 Loss 0.1831411694759851
2021-05-15 17:43:59,347 Epoch 88 	 Loss 0.18504249148971433
2021-05-15 17:44:24,540 Epoch 89 	 Loss 0.18343973651037113
2021-05-15 17:44:49,387 Epoch 90 	 Loss 0.18581355076569778
2021-05-15 17:45:14,346 Epoch 91 	 Loss 0.1807131284213328
2021-05-15 17:45:39,122 Epoch 92 	 Loss 0.18316818086000589
2021-05-15 17:46:03,964 Epoch 93 	 Loss 0.18252271659426636
2021-05-15 17:46:28,712 Epoch 94 	 Loss 0.18212959055717176
2021-05-15 17:46:54,062 Epoch 95 	 Loss 0.18189276591107084
2021-05-15 17:47:18,806 Epoch 96 	 Loss 0.17998593128644502
2021-05-15 17:47:43,394 Epoch 97 	 Loss 0.18094958594212165
2021-05-15 17:48:08,818 Epoch 98 	 Loss 0.18424050559054364
2021-05-15 17:48:33,779 Epoch 99 	 Loss 0.17999387327786331
2021-05-15 17:48:58,391 RESULT FOR DATASET CVC-300

2021-05-15 17:48:58,391 ==============================
2021-05-15 17:48:58,391 

2021-05-15 17:48:58,391 recall: 0.9530995517969132

2021-05-15 17:48:58,391 specificity: 0.9932095259428024

2021-05-15 17:48:58,391 precision: 0.8503133715440829

2021-05-15 17:48:58,391 F1: 0.8805937454104423

2021-05-15 17:48:58,391 F2: 0.9094290415445964

2021-05-15 17:48:58,391 ACC_overall: 0.9918795615434647

2021-05-15 17:48:58,391 IoU_poly: 0.8151012296477954

2021-05-15 17:48:58,391 IoU_bg: 0.9916433115800222

2021-05-15 17:48:58,391 IoU_mean: 0.9033722668886185

2021-05-15 17:48:58,391 ==============================
2021-05-15 17:48:58,391 

2021-05-15 17:49:18,600 RESULT FOR DATASET CVC-ClinicDB

2021-05-15 17:49:18,600 ==============================
2021-05-15 17:49:18,600 

2021-05-15 17:49:18,600 recall: 0.9364138010048098

2021-05-15 17:49:18,600 specificity: 0.9939483346477631

2021-05-15 17:49:18,600 precision: 0.9132261272639998

2021-05-15 17:49:18,600 F1: 0.9118723556880028

2021-05-15 17:49:18,600 F2: 0.9173605302649159

2021-05-15 17:49:18,600 ACC_overall: 0.9875685197691764

2021-05-15 17:49:18,600 IoU_poly: 0.8607093021874467

2021-05-15 17:49:18,600 IoU_bg: 0.9856661115923235

2021-05-15 17:49:18,600 IoU_mean: 0.9231877072203544

2021-05-15 17:49:18,600 ==============================
2021-05-15 17:49:18,600 

2021-05-15 17:49:57,945 RESULT FOR DATASET Kvasir

2021-05-15 17:49:57,945 ==============================
2021-05-15 17:49:57,946 

2021-05-15 17:49:57,946 recall: 0.8966361035406589

2021-05-15 17:49:57,946 specificity: 0.9881516695022583

2021-05-15 17:49:57,946 precision: 0.9270116859674453

2021-05-15 17:49:57,946 F1: 0.8965633520483971

2021-05-15 17:49:57,946 F2: 0.893295730650425

2021-05-15 17:49:57,946 ACC_overall: 0.9693988591432572

2021-05-15 17:49:57,946 IoU_poly: 0.8385775244235992

2021-05-15 17:49:57,946 IoU_bg: 0.9616696664690971

2021-05-15 17:49:57,946 IoU_mean: 0.9001235961914062

2021-05-15 17:49:57,946 ==============================
2021-05-15 17:49:57,946 

2021-05-15 17:52:25,977 RESULT FOR DATASET CVC-ColonDB

2021-05-15 17:52:25,977 ==============================
2021-05-15 17:52:25,977 

2021-05-15 17:52:25,977 recall: 0.8164120503443499

2021-05-15 17:52:25,977 specificity: 0.9852078924053593

2021-05-15 17:52:25,977 precision: 0.8056319191882985

2021-05-15 17:52:25,977 F1: 0.7744536745317371

2021-05-15 17:52:25,977 F2: 0.7851909247033148

2021-05-15 17:52:25,977 ACC_overall: 0.9608196196587462

2021-05-15 17:52:25,977 IoU_poly: 0.695742430678894

2021-05-15 17:52:25,977 IoU_bg: 0.9577402253684245

2021-05-15 17:52:25,977 IoU_mean: 0.8267413274237984

2021-05-15 17:52:25,977 ==============================
2021-05-15 17:52:25,977 

2021-05-15 17:54:04,740 RESULT FOR DATASET ETIS-LaribPolypDB

2021-05-15 17:54:04,740 ==============================
2021-05-15 17:54:04,740 

2021-05-15 17:54:04,740 recall: 0.8073803600161357

2021-05-15 17:54:04,740 specificity: 0.9845875900010673

2021-05-15 17:54:04,740 precision: 0.7300239637154506

2021-05-15 17:54:04,740 F1: 0.7296001878402635

2021-05-15 17:54:04,740 F2: 0.7654292621923466

2021-05-15 17:54:04,740 ACC_overall: 0.9815775998392884

2021-05-15 17:54:04,740 IoU_poly: 0.6538155047803638

2021-05-15 17:54:04,740 IoU_bg: 0.9805915346559213

2021-05-15 17:54:04,740 IoU_mean: 0.8172035208161996

2021-05-15 17:54:04,740 ==============================
2021-05-15 17:54:04,740 

