2021-05-15 17:54:33,783 Epoch 0 	 Loss 0.8169214099973112
2021-05-15 17:54:57,326 Epoch 1 	 Loss 0.5672996401131808
2021-05-15 17:55:20,820 Epoch 2 	 Loss 0.49753684951708865
2021-05-15 17:55:44,588 Epoch 3 	 Loss 0.45664531287256177
2021-05-15 17:56:08,538 Epoch 4 	 Loss 0.427410133264877
2021-05-15 17:56:32,424 Epoch 5 	 Loss 0.3986264793099938
2021-05-15 17:56:56,182 Epoch 6 	 Loss 0.3834169885286918
2021-05-15 17:57:19,971 Epoch 7 	 Loss 0.3822308192541311
2021-05-15 17:57:43,867 Epoch 8 	 Loss 0.36815072170325686
2021-05-15 17:58:07,691 Epoch 9 	 Loss 0.3488681714285861
2021-05-15 17:58:31,979 Epoch 10 	 Loss 0.3516379856801295
2021-05-15 17:58:56,330 Epoch 11 	 Loss 0.3466351580816311
2021-05-15 17:59:20,488 Epoch 12 	 Loss 0.3330837872984645
2021-05-15 17:59:44,542 Epoch 13 	 Loss 0.32077422508826625
2021-05-15 18:00:08,716 Epoch 14 	 Loss 0.3116377939234723
2021-05-15 18:00:32,975 Epoch 15 	 Loss 0.3144258344238931
2021-05-15 18:00:57,117 Epoch 16 	 Loss 0.303069755926237
2021-05-15 18:01:21,507 Epoch 17 	 Loss 0.29368943041497536
2021-05-15 18:01:46,088 Epoch 18 	 Loss 0.2910247294457404
2021-05-15 18:02:10,547 Epoch 19 	 Loss 0.2857428617202319
2021-05-15 18:02:34,480 Epoch 20 	 Loss 0.2913524962061054
2021-05-15 18:02:58,586 Epoch 21 	 Loss 0.29278014600276947
2021-05-15 18:03:22,922 Epoch 22 	 Loss 0.2833162924418083
2021-05-15 18:03:47,391 Epoch 23 	 Loss 0.2769278558073463
2021-05-15 18:04:11,456 Epoch 24 	 Loss 0.26765339649640596
2021-05-15 18:04:35,262 Epoch 25 	 Loss 0.2613992003294138
2021-05-15 18:04:59,059 Epoch 26 	 Loss 0.26601678067511253
2021-05-15 18:05:22,910 Epoch 27 	 Loss 0.26640315222871175
2021-05-15 18:05:46,522 Epoch 28 	 Loss 0.2555268169431896
2021-05-15 18:06:10,633 Epoch 29 	 Loss 0.25784071788683044
2021-05-15 18:06:34,974 Epoch 30 	 Loss 0.2564650767452114
2021-05-15 18:06:59,251 Epoch 31 	 Loss 0.24592987390664908
2021-05-15 18:07:23,219 Epoch 32 	 Loss 0.2544540830038406
2021-05-15 18:07:47,184 Epoch 33 	 Loss 0.23834186350251294
2021-05-15 18:08:11,413 Epoch 34 	 Loss 0.23819897970655463
2021-05-15 18:08:35,551 Epoch 35 	 Loss 0.24427527729626541
2021-05-15 18:08:59,641 Epoch 36 	 Loss 0.23486367850513248
2021-05-15 18:09:23,281 Epoch 37 	 Loss 0.23551803974659888
2021-05-15 18:09:46,867 Epoch 38 	 Loss 0.23678900268706646
2021-05-15 18:10:10,672 Epoch 39 	 Loss 0.234288507437968
2021-05-15 18:10:34,352 Epoch 40 	 Loss 0.23073061924059313
2021-05-15 18:10:58,010 Epoch 41 	 Loss 0.224628698858586
2021-05-15 18:11:21,864 Epoch 42 	 Loss 0.22241112442462
2021-05-15 18:11:45,571 Epoch 43 	 Loss 0.22382338001177862
2021-05-15 18:12:09,312 Epoch 44 	 Loss 0.22629913556706774
2021-05-15 18:12:32,981 Epoch 45 	 Loss 0.22199274943425104
2021-05-15 18:12:56,603 Epoch 46 	 Loss 0.21985759479658945
2021-05-15 18:13:20,153 Epoch 47 	 Loss 0.2190359639269965
2021-05-15 18:13:43,779 Epoch 48 	 Loss 0.21742478946408073
2021-05-15 18:14:07,362 Epoch 49 	 Loss 0.22003959545067378
2021-05-15 18:14:31,105 Epoch 50 	 Loss 0.22074236204990974
2021-05-15 18:14:54,761 Epoch 51 	 Loss 0.21637667617300055
2021-05-15 18:15:18,372 Epoch 52 	 Loss 0.2128993747653542
2021-05-15 18:15:42,116 Epoch 53 	 Loss 0.20722644145672137
2021-05-15 18:16:05,833 Epoch 54 	 Loss 0.20468765169709593
2021-05-15 18:16:29,541 Epoch 55 	 Loss 0.2084458982878989
2021-05-15 18:16:53,167 Epoch 56 	 Loss 0.204265445798308
2021-05-15 18:17:16,755 Epoch 57 	 Loss 0.20462913925831133
2021-05-15 18:17:40,364 Epoch 58 	 Loss 0.20222504191346222
2021-05-15 18:18:04,029 Epoch 59 	 Loss 0.20113701971022638
2021-05-15 18:18:27,749 Epoch 60 	 Loss 0.19662708338800367
2021-05-15 18:18:51,514 Epoch 61 	 Loss 0.2004660150179496
2021-05-15 18:19:15,100 Epoch 62 	 Loss 0.19667059461494069
2021-05-15 18:19:38,803 Epoch 63 	 Loss 0.19383183269055335
2021-05-15 18:20:02,503 Epoch 64 	 Loss 0.19878309113638742
2021-05-15 18:20:26,095 Epoch 65 	 Loss 0.19324284202449923
2021-05-15 18:20:49,788 Epoch 66 	 Loss 0.19219783488865738
2021-05-15 18:21:13,491 Epoch 67 	 Loss 0.19683478330517865
2021-05-15 18:21:37,139 Epoch 68 	 Loss 0.19305140336791238
2021-05-15 18:22:00,712 Epoch 69 	 Loss 0.19036893923204024
2021-05-15 18:22:24,325 Epoch 70 	 Loss 0.18973495148040437
2021-05-15 18:22:48,004 Epoch 71 	 Loss 0.18820542801212478
2021-05-15 18:23:11,680 Epoch 72 	 Loss 0.18781714321492793
2021-05-15 18:23:35,247 Epoch 73 	 Loss 0.18892178594411074
2021-05-15 18:23:58,861 Epoch 74 	 Loss 0.18562246678949712
2021-05-15 18:24:22,595 Epoch 75 	 Loss 0.1854545541189529
2021-05-15 18:24:46,157 Epoch 76 	 Loss 0.18502867008958543
2021-05-15 18:25:09,829 Epoch 77 	 Loss 0.18891179872738137
2021-05-15 18:25:33,455 Epoch 78 	 Loss 0.18865025845857766
2021-05-15 18:25:57,147 Epoch 79 	 Loss 0.1832916932282867
2021-05-15 18:26:20,738 Epoch 80 	 Loss 0.1849317722595655
2021-05-15 18:26:44,372 Epoch 81 	 Loss 0.18797886355237647
2021-05-15 18:27:08,115 Epoch 82 	 Loss 0.18120128653206669
2021-05-15 18:27:31,885 Epoch 83 	 Loss 0.181345331799853
2021-05-15 18:27:55,630 Epoch 84 	 Loss 0.18182031024288345
2021-05-15 18:28:19,311 Epoch 85 	 Loss 0.1827092008603798
2021-05-15 18:28:43,021 Epoch 86 	 Loss 0.18348257047134442
2021-05-15 18:29:06,640 Epoch 87 	 Loss 0.18338104722264048
2021-05-15 18:29:30,240 Epoch 88 	 Loss 0.18149774202278682
2021-05-15 18:29:53,892 Epoch 89 	 Loss 0.18012890907434317
2021-05-15 18:30:17,482 Epoch 90 	 Loss 0.17895787626832396
2021-05-15 18:30:41,059 Epoch 91 	 Loss 0.179861483501864
2021-05-15 18:31:04,666 Epoch 92 	 Loss 0.17755979610668435
2021-05-15 18:31:28,336 Epoch 93 	 Loss 0.18129598161021432
2021-05-15 18:31:52,001 Epoch 94 	 Loss 0.1857749867242771
2021-05-15 18:32:15,762 Epoch 95 	 Loss 0.18157032377772278
2021-05-15 18:32:39,116 Epoch 96 	 Loss 0.17779085514964638
2021-05-15 18:33:00,901 Epoch 97 	 Loss 0.17630876273244292
2021-05-15 18:33:22,813 Epoch 98 	 Loss 0.18116194763026394
2021-05-15 18:33:44,700 Epoch 99 	 Loss 0.17760965604703505
2021-05-15 18:34:04,017 RESULT FOR DATASET CVC-300

2021-05-15 18:34:04,017 ==============================
2021-05-15 18:34:04,017 

2021-05-15 18:34:04,018 recall: 0.9475999842087428

2021-05-15 18:34:04,018 specificity: 0.9926566114028295

2021-05-15 18:34:04,018 precision: 0.8489655145133536

2021-05-15 18:34:04,018 F1: 0.8746797875811656

2021-05-15 18:34:04,018 F2: 0.9006745589276155

2021-05-15 18:34:04,018 ACC_overall: 0.9908327500025431

2021-05-15 18:34:04,018 IoU_poly: 0.8094568756098549

2021-05-15 18:34:04,018 IoU_bg: 0.9905608852704366

2021-05-15 18:34:04,018 IoU_mean: 0.9000088820854822

2021-05-15 18:34:04,018 ==============================
2021-05-15 18:34:04,018 

2021-05-15 18:34:21,118 RESULT FOR DATASET CVC-ClinicDB

2021-05-15 18:34:21,118 ==============================
2021-05-15 18:34:21,118 

2021-05-15 18:34:21,118 recall: 0.9389579714305939

2021-05-15 18:34:21,118 specificity: 0.9936241171052379

2021-05-15 18:34:21,119 precision: 0.9066416730563487

2021-05-15 18:34:21,119 F1: 0.9097107395289405

2021-05-15 18:34:21,119 F2: 0.9193134113184868

2021-05-15 18:34:21,119 ACC_overall: 0.9891245144028817

2021-05-15 18:34:21,119 IoU_poly: 0.8586647055682636

2021-05-15 18:34:21,119 IoU_bg: 0.9870069007719716

2021-05-15 18:34:21,119 IoU_mean: 0.9228358023589657

2021-05-15 18:34:21,119 ==============================
2021-05-15 18:34:21,119 

2021-05-15 18:34:51,850 RESULT FOR DATASET Kvasir

2021-05-15 18:34:51,851 ==============================
2021-05-15 18:34:51,851 

2021-05-15 18:34:51,851 recall: 0.9049599451847462

2021-05-15 18:34:51,851 specificity: 0.9877102100849151

2021-05-15 18:34:51,851 precision: 0.9344058960814983

2021-05-15 18:34:51,851 F1: 0.9101383893282855

2021-05-15 18:34:51,851 F2: 0.9052880284611274

2021-05-15 18:34:51,851 ACC_overall: 0.974077650308609

2021-05-15 18:34:51,851 IoU_poly: 0.8571837329170102

2021-05-15 18:34:51,851 IoU_bg: 0.9666074192523957

2021-05-15 18:34:51,851 IoU_mean: 0.9118955790996551

2021-05-15 18:34:51,851 ==============================
2021-05-15 18:34:51,851 

2021-05-15 18:36:47,481 RESULT FOR DATASET CVC-ColonDB

2021-05-15 18:36:47,481 ==============================
2021-05-15 18:36:47,481 

2021-05-15 18:36:47,481 recall: 0.828799190059281

2021-05-15 18:36:47,481 specificity: 0.9817583855829741

2021-05-15 18:36:47,482 precision: 0.7792831451938247

2021-05-15 18:36:47,482 F1: 0.7624585479280014

2021-05-15 18:36:47,482 F2: 0.7806666958991101

2021-05-15 18:36:47,482 ACC_overall: 0.9586046719237378

2021-05-15 18:36:47,482 IoU_poly: 0.6800036719455994

2021-05-15 18:36:47,482 IoU_bg: 0.9549434822640921

2021-05-15 18:36:47,482 IoU_mean: 0.817473578453064

2021-05-15 18:36:47,482 ==============================
2021-05-15 18:36:47,482 

2021-05-15 18:38:10,842 RESULT FOR DATASET ETIS-LaribPolypDB

2021-05-15 18:38:10,842 ==============================
2021-05-15 18:38:10,842 

2021-05-15 18:38:10,842 recall: 0.8491761982683728

2021-05-15 18:38:10,842 specificity: 0.9812422717104152

2021-05-15 18:38:10,842 precision: 0.7176138974636443

2021-05-15 18:38:10,842 F1: 0.7464540866907119

2021-05-15 18:38:10,843 F2: 0.7929074826242961

2021-05-15 18:38:10,843 ACC_overall: 0.9792932493954288

2021-05-15 18:38:10,843 IoU_poly: 0.6616199984496883

2021-05-15 18:38:10,843 IoU_bg: 0.9782277242261537

2021-05-15 18:38:10,843 IoU_mean: 0.819923862510798

2021-05-15 18:38:10,843 ==============================
2021-05-15 18:38:10,843 

