2021-05-13 17:19:45,952 Epoch 0 	 Loss 0.7720822917891073
2021-05-13 17:20:55,422 Epoch 1 	 Loss 0.5252281833481003
2021-05-13 17:22:05,012 Epoch 2 	 Loss 0.4521337777048677
2021-05-13 17:23:14,687 Epoch 3 	 Loss 0.4221788539991274
2021-05-13 17:24:24,482 Epoch 4 	 Loss 0.3907150203710074
2021-05-13 17:25:34,232 Epoch 5 	 Loss 0.3741678109208306
2021-05-13 17:26:43,925 Epoch 6 	 Loss 0.35125496705154796
2021-05-13 17:27:53,691 Epoch 7 	 Loss 0.3449908503136792
2021-05-13 17:29:03,458 Epoch 8 	 Loss 0.32221964427403044
2021-05-13 17:30:13,157 Epoch 9 	 Loss 0.32202811064300957
2021-05-13 17:31:22,941 Epoch 10 	 Loss 0.3166957052199395
2021-05-13 17:32:32,638 Epoch 11 	 Loss 0.3001094765060551
2021-05-13 17:33:42,344 Epoch 12 	 Loss 0.29825659096241
2021-05-13 17:34:52,034 Epoch 13 	 Loss 0.29082328588752954
2021-05-13 17:36:01,892 Epoch 14 	 Loss 0.2813948216019096
2021-05-13 17:37:11,524 Epoch 15 	 Loss 0.287056436250498
2021-05-13 17:38:21,291 Epoch 16 	 Loss 0.286463866522024
2021-05-13 17:39:31,075 Epoch 17 	 Loss 0.2754351113523756
2021-05-13 17:40:40,872 Epoch 18 	 Loss 0.2654248787151588
2021-05-13 17:41:50,639 Epoch 19 	 Loss 0.2728137318249587
2021-05-13 17:43:02,564 Epoch 20 	 Loss 0.2588326182666716
2021-05-13 17:44:12,376 Epoch 21 	 Loss 0.25346997380256653
2021-05-13 17:45:22,134 Epoch 22 	 Loss 0.2550372132560709
2021-05-13 17:46:31,835 Epoch 23 	 Loss 0.2607718301670892
2021-05-13 17:47:41,563 Epoch 24 	 Loss 0.2455063406582717
2021-05-13 17:48:51,300 Epoch 25 	 Loss 0.2429951011807054
2021-05-13 17:50:01,119 Epoch 26 	 Loss 0.24403143977070904
2021-05-13 17:51:10,916 Epoch 27 	 Loss 0.2462240884919743
2021-05-13 17:52:20,535 Epoch 28 	 Loss 0.2437617696903564
2021-05-13 17:53:30,371 Epoch 29 	 Loss 0.22802558836046155
2021-05-13 17:54:40,106 Epoch 30 	 Loss 0.22903519967100122
2021-05-13 17:55:49,802 Epoch 31 	 Loss 0.22738352565319983
2021-05-13 17:56:59,679 Epoch 32 	 Loss 0.22606156095043645
2021-05-13 17:58:09,455 Epoch 33 	 Loss 0.21730329865937706
2021-05-13 17:59:19,203 Epoch 34 	 Loss 0.226555015032108
2021-05-13 18:00:28,968 Epoch 35 	 Loss 0.22939331911422395
2021-05-13 18:01:38,635 Epoch 36 	 Loss 0.22191027232578822
2021-05-13 18:02:48,344 Epoch 37 	 Loss 0.21811283617229252
2021-05-13 18:03:57,984 Epoch 38 	 Loss 0.20882829876391443
2021-05-13 18:05:07,734 Epoch 39 	 Loss 0.20809023491628878
2021-05-13 18:06:17,559 Epoch 40 	 Loss 0.21385094769053406
2021-05-13 18:07:27,326 Epoch 41 	 Loss 0.20931664764226138
2021-05-13 18:08:37,133 Epoch 42 	 Loss 0.20414670466721713
2021-05-13 18:09:46,971 Epoch 43 	 Loss 0.20172030765276688
2021-05-13 18:10:56,904 Epoch 44 	 Loss 0.19862988722193373
2021-05-13 18:12:06,783 Epoch 45 	 Loss 0.20038694519918043
2021-05-13 18:13:16,586 Epoch 46 	 Loss 0.19712918882186597
2021-05-13 18:14:26,345 Epoch 47 	 Loss 0.19547664873547607
2021-05-13 18:15:36,140 Epoch 48 	 Loss 0.1935319558277235
2021-05-13 18:16:45,995 Epoch 49 	 Loss 0.19066138794788948
2021-05-13 18:17:55,811 Epoch 50 	 Loss 0.18986670803892744
2021-05-13 18:19:05,519 Epoch 51 	 Loss 0.19002535333345225
2021-05-13 18:20:15,368 Epoch 52 	 Loss 0.1823867916405856
2021-05-13 18:21:25,253 Epoch 53 	 Loss 0.18361632624170282
2021-05-13 18:22:35,037 Epoch 54 	 Loss 0.18078154489234255
2021-05-13 18:23:44,831 Epoch 55 	 Loss 0.18776821500652438
2021-05-13 18:24:54,483 Epoch 56 	 Loss 0.18085617416507596
2021-05-13 18:26:04,145 Epoch 57 	 Loss 0.1851470403291367
2021-05-13 18:27:13,989 Epoch 58 	 Loss 0.17479825560208206
2021-05-13 18:28:23,723 Epoch 59 	 Loss 0.17958480676451882
2021-05-13 18:29:33,447 Epoch 60 	 Loss 0.17657545127056457
2021-05-13 18:30:43,196 Epoch 61 	 Loss 0.17541101132775402
2021-05-13 18:31:55,696 Epoch 62 	 Loss 0.174192542885686
2021-05-13 18:33:07,729 Epoch 63 	 Loss 0.17543427580660517
2021-05-13 18:34:18,678 Epoch 64 	 Loss 0.17431191838049626
2021-05-13 18:35:33,557 Epoch 65 	 Loss 0.1711962347502237
2021-05-13 18:36:46,058 Epoch 66 	 Loss 0.16902422118972946
2021-05-13 18:37:58,118 Epoch 67 	 Loss 0.1675935692184574
2021-05-13 18:39:11,392 Epoch 68 	 Loss 0.1680727048398374
2021-05-13 18:40:24,327 Epoch 69 	 Loss 0.16676501536762323
2021-05-13 18:41:38,517 Epoch 70 	 Loss 0.16295464484246222
2021-05-13 18:42:52,757 Epoch 71 	 Loss 0.16490630772742595
2021-05-13 18:44:07,242 Epoch 72 	 Loss 0.1617319120483084
2021-05-13 18:45:21,945 Epoch 73 	 Loss 0.16356754204729101
2021-05-13 18:46:37,618 Epoch 74 	 Loss 0.16216784281717553
2021-05-13 18:47:51,548 Epoch 75 	 Loss 0.16261008709341615
2021-05-13 18:49:03,761 Epoch 76 	 Loss 0.16525956890085242
2021-05-13 18:50:16,098 Epoch 77 	 Loss 0.16095680792580594
2021-05-13 18:51:27,102 Epoch 78 	 Loss 0.1605258345767692
2021-05-13 18:52:38,452 Epoch 79 	 Loss 0.15624705775753484
2021-05-13 18:53:49,040 Epoch 80 	 Loss 0.15880335580844146
2021-05-13 18:55:07,659 Epoch 81 	 Loss 0.15928211890079164
2021-05-13 18:56:22,051 Epoch 82 	 Loss 0.15654074605349655
2021-05-13 18:57:36,593 Epoch 83 	 Loss 0.1552103700546118
2021-05-13 18:58:51,048 Epoch 84 	 Loss 0.1535352830375944
2021-05-13 19:00:05,682 Epoch 85 	 Loss 0.15513827455240292
2021-05-13 19:01:16,015 Epoch 86 	 Loss 0.1579403369636326
2021-05-13 19:02:25,614 Epoch 87 	 Loss 0.1550923580979253
2021-05-13 19:03:35,143 Epoch 88 	 Loss 0.15548748801370244
2021-05-13 19:04:44,751 Epoch 89 	 Loss 0.1552135984484966
2021-05-13 19:05:54,347 Epoch 90 	 Loss 0.15712063112756708
2021-05-13 19:07:03,823 Epoch 91 	 Loss 0.1537789903826766
2021-05-13 19:08:13,179 Epoch 92 	 Loss 0.1557808845089032
2021-05-13 19:09:23,639 Epoch 93 	 Loss 0.1558741182088852
2021-05-13 19:10:34,705 Epoch 94 	 Loss 0.15384221379901028
2021-05-13 19:11:44,256 Epoch 95 	 Loss 0.15416013433055564
2021-05-13 19:12:53,872 Epoch 96 	 Loss 0.1523685899082121
2021-05-13 19:14:03,413 Epoch 97 	 Loss 0.15220530134635968
2021-05-13 19:15:13,174 Epoch 98 	 Loss 0.15402874980981535
2021-05-13 19:16:22,861 Epoch 99 	 Loss 0.15549339706098642
2021-05-13 19:16:44,830 RESULT FOR DATASET CVC-300

2021-05-13 19:16:44,830 ==============================
2021-05-13 19:16:44,830 

2021-05-13 19:16:44,830 recall: 0.954543623328209

2021-05-13 19:16:44,830 specificity: 0.9914045562346776

2021-05-13 19:16:44,830 precision: 0.8296904366463422

2021-05-13 19:16:44,830 F1: 0.864205414056778

2021-05-13 19:16:44,830 F2: 0.8981716131170591

2021-05-13 19:16:44,830 ACC_overall: 0.9900169561306635

2021-05-13 19:16:44,830 IoU_poly: 0.7981094003965458

2021-05-13 19:16:44,830 IoU_bg: 0.9897460311651229

2021-05-13 19:16:44,830 IoU_mean: 0.8939277191956838

2021-05-13 19:16:44,830 ==============================
2021-05-13 19:16:44,830 

2021-05-13 19:17:01,685 RESULT FOR DATASET CVC-ClinicDB

2021-05-13 19:17:01,685 ==============================
2021-05-13 19:17:01,685 

2021-05-13 19:17:01,685 recall: 0.9520651534680398

2021-05-13 19:17:01,685 specificity: 0.9941972888285114

2021-05-13 19:17:01,685 precision: 0.9165693264935286

2021-05-13 19:17:01,685 F1: 0.9254976672030264

2021-05-13 19:17:01,685 F2: 0.935140214620098

2021-05-13 19:17:01,685 ACC_overall: 0.9912476914544259

2021-05-13 19:17:01,685 IoU_poly: 0.8793788006709468

2021-05-13 19:17:01,685 IoU_bg: 0.9897099473784047

2021-05-13 19:17:01,685 IoU_mean: 0.9345443724624573

2021-05-13 19:17:01,685 ==============================
2021-05-13 19:17:01,685 

2021-05-13 19:17:33,776 RESULT FOR DATASET Kvasir

2021-05-13 19:17:33,776 ==============================
2021-05-13 19:17:33,776 

2021-05-13 19:17:33,777 recall: 0.8980422687530517

2021-05-13 19:17:33,777 specificity: 0.9913270944356918

2021-05-13 19:17:33,777 precision: 0.9367715799808503

2021-05-13 19:17:33,777 F1: 0.9013858960568905

2021-05-13 19:17:33,777 F2: 0.8961775869131088

2021-05-13 19:17:33,777 ACC_overall: 0.9711948299407959

2021-05-13 19:17:33,777 IoU_poly: 0.8502192071080208

2021-05-13 19:17:33,777 IoU_bg: 0.9646724459528923

2021-05-13 19:17:33,777 IoU_mean: 0.9074458253383636

2021-05-13 19:17:33,777 ==============================
2021-05-13 19:17:33,777 

2021-05-13 19:19:32,471 RESULT FOR DATASET CVC-ColonDB

2021-05-13 19:19:32,471 ==============================
2021-05-13 19:19:32,471 

2021-05-13 19:19:32,471 recall: 0.8259940495111981

2021-05-13 19:19:32,471 specificity: 0.9863598142799578

2021-05-13 19:19:32,471 precision: 0.8202520395962174

2021-05-13 19:19:32,471 F1: 0.7740414759904094

2021-05-13 19:19:32,471 F2: 0.7884724664219543

2021-05-13 19:19:32,471 ACC_overall: 0.9637919000889126

2021-05-13 19:19:32,471 IoU_poly: 0.694328351737041

2021-05-13 19:19:32,471 IoU_bg: 0.9603883280565865

2021-05-13 19:19:32,471 IoU_mean: 0.8273583397269249

2021-05-13 19:19:32,471 ==============================
2021-05-13 19:19:32,471 

2021-05-13 19:20:57,659 RESULT FOR DATASET ETIS-LaribPolypDB

2021-05-13 19:20:57,659 ==============================
2021-05-13 19:20:57,659 

2021-05-13 19:20:57,659 recall: 0.8517965343498687

2021-05-13 19:20:57,659 specificity: 0.9891258973856362

2021-05-13 19:20:57,659 precision: 0.7641328247983921

2021-05-13 19:20:57,659 F1: 0.7736935827241704

2021-05-13 19:20:57,659 F2: 0.8096145786221685

2021-05-13 19:20:57,659 ACC_overall: 0.9863469193176347

2021-05-13 19:20:57,659 IoU_poly: 0.6899700267700511

2021-05-13 19:20:57,659 IoU_bg: 0.9856389964721641

2021-05-13 19:20:57,659 IoU_mean: 0.8378045125579348

2021-05-13 19:20:57,659 ==============================
2021-05-13 19:20:57,659 

