2021-05-13 15:16:38,131 Epoch 0 	 Loss 0.7510704417805095
2021-05-13 15:17:47,755 Epoch 1 	 Loss 0.5040423077541393
2021-05-13 15:18:59,028 Epoch 2 	 Loss 0.42000980855344416
2021-05-13 15:20:11,068 Epoch 3 	 Loss 0.396534331879773
2021-05-13 15:21:22,553 Epoch 4 	 Loss 0.3773609137797094
2021-05-13 15:22:32,133 Epoch 5 	 Loss 0.35550971443836504
2021-05-13 15:23:43,537 Epoch 6 	 Loss 0.33792574589069074
2021-05-13 15:24:53,351 Epoch 7 	 Loss 0.32993728659310184
2021-05-13 15:26:03,307 Epoch 8 	 Loss 0.3286806923020017
2021-05-13 15:27:12,598 Epoch 9 	 Loss 0.3171946506251346
2021-05-13 15:28:21,971 Epoch 10 	 Loss 0.31442468408699875
2021-05-13 15:29:31,573 Epoch 11 	 Loss 0.29789173144560593
2021-05-13 15:30:40,883 Epoch 12 	 Loss 0.28726806155927886
2021-05-13 15:31:50,707 Epoch 13 	 Loss 0.2771124921657227
2021-05-13 15:33:00,491 Epoch 14 	 Loss 0.273654315497849
2021-05-13 15:34:11,176 Epoch 15 	 Loss 0.2797856574857628
2021-05-13 15:35:22,183 Epoch 16 	 Loss 0.2696172894684823
2021-05-13 15:36:32,132 Epoch 17 	 Loss 0.2751122577177299
2021-05-13 15:37:42,715 Epoch 18 	 Loss 0.26071893808605906
2021-05-13 15:38:53,416 Epoch 19 	 Loss 0.25271239974996546
2021-05-13 15:40:04,867 Epoch 20 	 Loss 0.25930498966148924
2021-05-13 15:41:14,858 Epoch 21 	 Loss 0.26004252230728064
2021-05-13 15:42:24,583 Epoch 22 	 Loss 0.2470629978310931
2021-05-13 15:43:34,840 Epoch 23 	 Loss 0.25450021683514773
2021-05-13 15:44:46,419 Epoch 24 	 Loss 0.24507651027742322
2021-05-13 15:45:57,597 Epoch 25 	 Loss 0.2406685103426923
2021-05-13 15:47:09,965 Epoch 26 	 Loss 0.2346727710503798
2021-05-13 15:48:21,689 Epoch 27 	 Loss 0.2399538843841343
2021-05-13 15:49:32,138 Epoch 28 	 Loss 0.23475582128042702
2021-05-13 15:50:42,852 Epoch 29 	 Loss 0.22622560030156438
2021-05-13 15:51:54,009 Epoch 30 	 Loss 0.22746753070380663
2021-05-13 15:53:04,991 Epoch 31 	 Loss 0.2208755726997669
2021-05-13 15:54:16,314 Epoch 32 	 Loss 0.2182307672369611
2021-05-13 15:55:28,346 Epoch 33 	 Loss 0.21477511541529015
2021-05-13 15:56:41,064 Epoch 34 	 Loss 0.22255207909332528
2021-05-13 15:57:53,098 Epoch 35 	 Loss 0.2225716056732031
2021-05-13 15:59:03,832 Epoch 36 	 Loss 0.217049927010641
2021-05-13 16:00:14,503 Epoch 37 	 Loss 0.21352406648489144
2021-05-13 16:01:25,411 Epoch 38 	 Loss 0.21169583515806512
2021-05-13 16:02:37,036 Epoch 39 	 Loss 0.2000810104412037
2021-05-13 16:03:48,511 Epoch 40 	 Loss 0.19967557457122173
2021-05-13 16:04:59,892 Epoch 41 	 Loss 0.2035807878761501
2021-05-13 16:06:10,587 Epoch 42 	 Loss 0.20543283715352909
2021-05-13 16:07:21,527 Epoch 43 	 Loss 0.20239464922265693
2021-05-13 16:08:32,352 Epoch 44 	 Loss 0.19511935196735047
2021-05-13 16:09:43,459 Epoch 45 	 Loss 0.1973995314194606
2021-05-13 16:10:54,266 Epoch 46 	 Loss 0.19250550063756797
2021-05-13 16:12:06,105 Epoch 47 	 Loss 0.19531014397904112
2021-05-13 16:13:17,024 Epoch 48 	 Loss 0.1980971233857857
2021-05-13 16:14:28,919 Epoch 49 	 Loss 0.19460042033876693
2021-05-13 16:15:40,350 Epoch 50 	 Loss 0.1868764198088384
2021-05-13 16:16:51,560 Epoch 51 	 Loss 0.1873160163452337
2021-05-13 16:18:04,177 Epoch 52 	 Loss 0.18097002460406378
2021-05-13 16:19:15,052 Epoch 53 	 Loss 0.1859180632528368
2021-05-13 16:20:26,052 Epoch 54 	 Loss 0.18317838455294513
2021-05-13 16:21:36,972 Epoch 55 	 Loss 0.17673107375810435
2021-05-13 16:22:48,225 Epoch 56 	 Loss 0.17542240924232608
2021-05-13 16:23:58,720 Epoch 57 	 Loss 0.17518239951395725
2021-05-13 16:25:09,696 Epoch 58 	 Loss 0.17283894400020222
2021-05-13 16:26:20,666 Epoch 59 	 Loss 0.17237351703774798
2021-05-13 16:27:32,820 Epoch 60 	 Loss 0.17346316052007152
2021-05-13 16:28:43,599 Epoch 61 	 Loss 0.1727915299790246
2021-05-13 16:29:54,769 Epoch 62 	 Loss 0.17121330198350843
2021-05-13 16:31:05,246 Epoch 63 	 Loss 0.16889550119310945
2021-05-13 16:32:15,716 Epoch 64 	 Loss 0.17156844389635129
2021-05-13 16:33:26,534 Epoch 65 	 Loss 0.16490421968174504
2021-05-13 16:34:36,429 Epoch 66 	 Loss 0.16885092756250403
2021-05-13 16:35:46,250 Epoch 67 	 Loss 0.16568463213823653
2021-05-13 16:36:57,815 Epoch 68 	 Loss 0.16495286010123872
2021-05-13 16:38:07,805 Epoch 69 	 Loss 0.16473190781179364
2021-05-13 16:39:18,267 Epoch 70 	 Loss 0.1640113326874408
2021-05-13 16:40:29,311 Epoch 71 	 Loss 0.16029611156209483
2021-05-13 16:41:40,050 Epoch 72 	 Loss 0.16068705228658822
2021-05-13 16:42:50,833 Epoch 73 	 Loss 0.16064528498675798
2021-05-13 16:44:01,576 Epoch 74 	 Loss 0.16129597710384116
2021-05-13 16:45:12,219 Epoch 75 	 Loss 0.16111318685196258
2021-05-13 16:46:22,801 Epoch 76 	 Loss 0.15944668847125965
2021-05-13 16:47:33,926 Epoch 77 	 Loss 0.15827136560455785
2021-05-13 16:48:45,208 Epoch 78 	 Loss 0.16043557005596684
2021-05-13 16:49:56,368 Epoch 79 	 Loss 0.15739278061376824
2021-05-13 16:51:08,235 Epoch 80 	 Loss 0.1556467212490983
2021-05-13 16:52:18,472 Epoch 81 	 Loss 0.15815458307554434
2021-05-13 16:53:29,388 Epoch 82 	 Loss 0.1575617641210556
2021-05-13 16:54:40,211 Epoch 83 	 Loss 0.1550275553222541
2021-05-13 16:55:50,600 Epoch 84 	 Loss 0.15666189593273205
2021-05-13 16:57:01,740 Epoch 85 	 Loss 0.15706381283618592
2021-05-13 16:58:13,210 Epoch 86 	 Loss 0.1533059142939337
2021-05-13 16:59:24,052 Epoch 87 	 Loss 0.1529669272866878
2021-05-13 17:00:34,911 Epoch 88 	 Loss 0.15518615828765617
2021-05-13 17:01:45,373 Epoch 89 	 Loss 0.15174843739349764
2021-05-13 17:02:56,639 Epoch 90 	 Loss 0.15301525887552198
2021-05-13 17:04:08,602 Epoch 91 	 Loss 0.1539204329415992
2021-05-13 17:05:19,927 Epoch 92 	 Loss 0.15458141742171821
2021-05-13 17:06:31,867 Epoch 93 	 Loss 0.15160305634304716
2021-05-13 17:07:44,014 Epoch 94 	 Loss 0.15164593238751967
2021-05-13 17:08:56,118 Epoch 95 	 Loss 0.15128586645964737
2021-05-13 17:10:08,078 Epoch 96 	 Loss 0.15229548317390484
2021-05-13 17:11:19,844 Epoch 97 	 Loss 0.15223091791619311
2021-05-13 17:12:31,723 Epoch 98 	 Loss 0.15390880422277764
2021-05-13 17:13:43,248 Epoch 99 	 Loss 0.15130123291369324
2021-05-13 17:14:06,644 RESULT FOR DATASET CVC-300

2021-05-13 17:14:06,644 ==============================
2021-05-13 17:14:06,644 

2021-05-13 17:14:06,644 recall: 0.9412373830874761

2021-05-13 17:14:06,644 specificity: 0.9904015680154165

2021-05-13 17:14:06,644 precision: 0.8246897208193938

2021-05-13 17:14:06,644 F1: 0.852023784071207

2021-05-13 17:14:06,644 F2: 0.8828529973824819

2021-05-13 17:14:06,644 ACC_overall: 0.9884523838758469

2021-05-13 17:14:06,644 IoU_poly: 0.7830926667898893

2021-05-13 17:14:06,644 IoU_bg: 0.9881698260704677

2021-05-13 17:14:06,644 IoU_mean: 0.885631247361501

2021-05-13 17:14:06,644 ==============================
2021-05-13 17:14:06,644 

2021-05-13 17:14:24,337 RESULT FOR DATASET CVC-ClinicDB

2021-05-13 17:14:24,337 ==============================
2021-05-13 17:14:24,338 

2021-05-13 17:14:24,338 recall: 0.9408471341575345

2021-05-13 17:14:24,338 specificity: 0.9941443108743236

2021-05-13 17:14:24,338 precision: 0.9220564523711801

2021-05-13 17:14:24,338 F1: 0.9288752764283169

2021-05-13 17:14:24,338 F2: 0.9345911744260981

2021-05-13 17:14:24,338 ACC_overall: 0.9915002911321579

2021-05-13 17:14:24,338 IoU_poly: 0.8828346674000064

2021-05-13 17:14:24,338 IoU_bg: 0.9900617512964434

2021-05-13 17:14:24,338 IoU_mean: 0.9364482053825932

2021-05-13 17:14:24,338 ==============================
2021-05-13 17:14:24,338 

2021-05-13 17:14:58,581 RESULT FOR DATASET Kvasir

2021-05-13 17:14:58,581 ==============================
2021-05-13 17:14:58,581 

2021-05-13 17:14:58,581 recall: 0.9027523095436482

2021-05-13 17:14:58,581 specificity: 0.9901427209377289

2021-05-13 17:14:58,582 precision: 0.938555720640361

2021-05-13 17:14:58,582 F1: 0.9115482008984327

2021-05-13 17:14:58,582 F2: 0.9048082642285226

2021-05-13 17:14:58,582 ACC_overall: 0.9734328222274781

2021-05-13 17:14:58,582 IoU_poly: 0.8607079102396711

2021-05-13 17:14:58,582 IoU_bg: 0.9659477445483208

2021-05-13 17:14:58,582 IoU_mean: 0.9133278301358223

2021-05-13 17:14:58,582 ==============================
2021-05-13 17:14:58,582 

2021-05-13 17:17:04,715 RESULT FOR DATASET CVC-ColonDB

2021-05-13 17:17:04,716 ==============================
2021-05-13 17:17:04,716 

2021-05-13 17:17:04,716 recall: 0.8224585240781715

2021-05-13 17:17:04,716 specificity: 0.9882416254595706

2021-05-13 17:17:04,716 precision: 0.8299724203362099

2021-05-13 17:17:04,716 F1: 0.7800338919712981

2021-05-13 17:17:04,716 F2: 0.7904982927120392

2021-05-13 17:17:04,716 ACC_overall: 0.9615867217120372

2021-05-13 17:17:04,716 IoU_poly: 0.6997564798425341

2021-05-13 17:17:04,716 IoU_bg: 0.9590035676171905

2021-05-13 17:17:04,716 IoU_mean: 0.8293800220677727

2021-05-13 17:17:04,716 ==============================
2021-05-13 17:17:04,716 

2021-05-13 17:18:31,893 RESULT FOR DATASET ETIS-LaribPolypDB

2021-05-13 17:18:31,893 ==============================
2021-05-13 17:18:31,893 

2021-05-13 17:18:31,893 recall: 0.8397955094064948

2021-05-13 17:18:31,894 specificity: 0.9866072143218956

2021-05-13 17:18:31,894 precision: 0.74507474684564

2021-05-13 17:18:31,894 F1: 0.7298062395687765

2021-05-13 17:18:31,894 F2: 0.7771773846240965

2021-05-13 17:18:31,894 ACC_overall: 0.9841894343191263

2021-05-13 17:18:31,894 IoU_poly: 0.6491228872612793

2021-05-13 17:18:31,894 IoU_bg: 0.9833880796724436

2021-05-13 17:18:31,894 IoU_mean: 0.816255483548252

2021-05-13 17:18:31,894 ==============================
2021-05-13 17:18:31,894 

