2021-05-13 13:14:49,218 Epoch 0 	 Loss 0.7342429220021426
2021-05-13 13:15:57,951 Epoch 1 	 Loss 0.4801202062722091
2021-05-13 13:17:06,754 Epoch 2 	 Loss 0.42147140679778633
2021-05-13 13:18:15,562 Epoch 3 	 Loss 0.3938303144423516
2021-05-13 13:19:24,361 Epoch 4 	 Loss 0.35881314336598574
2021-05-13 13:20:33,187 Epoch 5 	 Loss 0.3474113248534255
2021-05-13 13:21:42,124 Epoch 6 	 Loss 0.3324650899394528
2021-05-13 13:22:51,114 Epoch 7 	 Loss 0.3285110142532286
2021-05-13 13:24:00,042 Epoch 8 	 Loss 0.32373012143831986
2021-05-13 13:25:08,906 Epoch 9 	 Loss 0.3098205757010114
2021-05-13 13:26:17,885 Epoch 10 	 Loss 0.29073042692718926
2021-05-13 13:27:26,706 Epoch 11 	 Loss 0.28897120926406356
2021-05-13 13:28:35,596 Epoch 12 	 Loss 0.2995289960405329
2021-05-13 13:29:44,454 Epoch 13 	 Loss 0.27980976101461347
2021-05-13 13:30:53,358 Epoch 14 	 Loss 0.26900794332499034
2021-05-13 13:32:02,329 Epoch 15 	 Loss 0.2852965904461158
2021-05-13 13:33:11,181 Epoch 16 	 Loss 0.2699644580319688
2021-05-13 13:34:20,072 Epoch 17 	 Loss 0.2716019345181329
2021-05-13 13:35:29,226 Epoch 18 	 Loss 0.263198699433725
2021-05-13 13:36:38,328 Epoch 19 	 Loss 0.26068180619360326
2021-05-13 13:37:48,156 Epoch 20 	 Loss 0.26200420466753155
2021-05-13 13:38:57,069 Epoch 21 	 Loss 0.2501469018695119
2021-05-13 13:40:06,015 Epoch 22 	 Loss 0.25148879908598387
2021-05-13 13:41:14,907 Epoch 23 	 Loss 0.24570498754689982
2021-05-13 13:42:24,535 Epoch 24 	 Loss 0.2311325824850208
2021-05-13 13:43:33,572 Epoch 25 	 Loss 0.241270926627484
2021-05-13 13:44:42,510 Epoch 26 	 Loss 0.2445528377870937
2021-05-13 13:45:51,393 Epoch 27 	 Loss 0.23835525473395547
2021-05-13 13:47:00,321 Epoch 28 	 Loss 0.22244038555648302
2021-05-13 13:48:09,242 Epoch 29 	 Loss 0.22405337615982518
2021-05-13 13:49:18,235 Epoch 30 	 Loss 0.22121825044626717
2021-05-13 13:50:27,128 Epoch 31 	 Loss 0.22300563981899849
2021-05-13 13:51:35,997 Epoch 32 	 Loss 0.21726292568248706
2021-05-13 13:52:44,914 Epoch 33 	 Loss 0.2127489080795875
2021-05-13 13:53:53,816 Epoch 34 	 Loss 0.21769178224788918
2021-05-13 13:55:02,717 Epoch 35 	 Loss 0.21548931759137374
2021-05-13 13:56:12,055 Epoch 36 	 Loss 0.21597568477903092
2021-05-13 13:57:22,615 Epoch 37 	 Loss 0.21588694754537646
2021-05-13 13:58:32,860 Epoch 38 	 Loss 0.21560589494286003
2021-05-13 13:59:43,848 Epoch 39 	 Loss 0.20364340812295348
2021-05-13 14:00:54,123 Epoch 40 	 Loss 0.2089910523577051
2021-05-13 14:02:03,729 Epoch 41 	 Loss 0.2040748791052745
2021-05-13 14:03:12,915 Epoch 42 	 Loss 0.19795462898500674
2021-05-13 14:04:23,931 Epoch 43 	 Loss 0.20010988692660908
2021-05-13 14:05:33,203 Epoch 44 	 Loss 0.19295171279828627
2021-05-13 14:06:42,442 Epoch 45 	 Loss 0.19517848435994034
2021-05-13 14:07:52,219 Epoch 46 	 Loss 0.19143552996300078
2021-05-13 14:09:07,575 Epoch 47 	 Loss 0.19361865127479638
2021-05-13 14:10:25,617 Epoch 48 	 Loss 0.18948778493718788
2021-05-13 14:11:40,424 Epoch 49 	 Loss 0.1906500124669337
2021-05-13 14:12:54,490 Epoch 50 	 Loss 0.18872098935829415
2021-05-13 14:14:07,688 Epoch 51 	 Loss 0.18126975556651315
2021-05-13 14:15:21,062 Epoch 52 	 Loss 0.18415096418543175
2021-05-13 14:16:32,141 Epoch 53 	 Loss 0.1795995322230098
2021-05-13 14:17:41,641 Epoch 54 	 Loss 0.1841238845180679
2021-05-13 14:18:53,864 Epoch 55 	 Loss 0.18301289536795773
2021-05-13 14:20:06,699 Epoch 56 	 Loss 0.177706832414145
2021-05-13 14:21:19,831 Epoch 57 	 Loss 0.18320032020846566
2021-05-13 14:22:31,322 Epoch 58 	 Loss 0.1752363110964115
2021-05-13 14:23:41,577 Epoch 59 	 Loss 0.16850854341800398
2021-05-13 14:24:52,025 Epoch 60 	 Loss 0.17441955356152503
2021-05-13 14:26:01,639 Epoch 61 	 Loss 0.1694902831708992
2021-05-13 14:27:11,214 Epoch 62 	 Loss 0.1744991817644664
2021-05-13 14:28:21,180 Epoch 63 	 Loss 0.17405910200470096
2021-05-13 14:29:31,186 Epoch 64 	 Loss 0.1676886015377202
2021-05-13 14:30:45,246 Epoch 65 	 Loss 0.16790441202593373
2021-05-13 14:31:58,534 Epoch 66 	 Loss 0.16399776051332662
2021-05-13 14:33:12,112 Epoch 67 	 Loss 0.16725820843335037
2021-05-13 14:34:23,015 Epoch 68 	 Loss 0.16668044669287546
2021-05-13 14:35:33,502 Epoch 69 	 Loss 0.16173472599341318
2021-05-13 14:36:43,405 Epoch 70 	 Loss 0.16205292972889576
2021-05-13 14:37:54,375 Epoch 71 	 Loss 0.16410031521713342
2021-05-13 14:39:04,795 Epoch 72 	 Loss 0.1598677654842754
2021-05-13 14:40:15,094 Epoch 73 	 Loss 0.15952542882699233
2021-05-13 14:41:25,135 Epoch 74 	 Loss 0.16105756761281045
2021-05-13 14:42:34,559 Epoch 75 	 Loss 0.16119478168068352
2021-05-13 14:43:44,597 Epoch 76 	 Loss 0.1565011815874131
2021-05-13 14:44:53,620 Epoch 77 	 Loss 0.15545961342670106
2021-05-13 14:46:03,032 Epoch 78 	 Loss 0.15865466047774304
2021-05-13 14:47:14,074 Epoch 79 	 Loss 0.15438272509273593
2021-05-13 14:48:23,829 Epoch 80 	 Loss 0.15789793841131441
2021-05-13 14:49:34,524 Epoch 81 	 Loss 0.15562411266696322
2021-05-13 14:50:44,111 Epoch 82 	 Loss 0.15453471660941512
2021-05-13 14:51:53,528 Epoch 83 	 Loss 0.15459342415516192
2021-05-13 14:53:03,706 Epoch 84 	 Loss 0.1542698349599
2021-05-13 14:54:13,783 Epoch 85 	 Loss 0.15181310302936113
2021-05-13 14:55:23,205 Epoch 86 	 Loss 0.1554699910211039
2021-05-13 14:56:33,435 Epoch 87 	 Loss 0.15199169295502232
2021-05-13 14:57:43,320 Epoch 88 	 Loss 0.15534451472890246
2021-05-13 14:58:54,152 Epoch 89 	 Loss 0.15126198489259887
2021-05-13 15:00:03,655 Epoch 90 	 Loss 0.15509111638907547
2021-05-13 15:01:13,625 Epoch 91 	 Loss 0.15210094114581307
2021-05-13 15:02:23,512 Epoch 92 	 Loss 0.1520700013408294
2021-05-13 15:03:33,693 Epoch 93 	 Loss 0.15171005535911727
2021-05-13 15:04:43,844 Epoch 94 	 Loss 0.15335036732338286
2021-05-13 15:05:53,815 Epoch 95 	 Loss 0.15053197888882605
2021-05-13 15:07:04,169 Epoch 96 	 Loss 0.14987243654636237
2021-05-13 15:08:14,297 Epoch 97 	 Loss 0.15202031628443644
2021-05-13 15:09:25,300 Epoch 98 	 Loss 0.1530276155406302
2021-05-13 15:10:35,752 Epoch 99 	 Loss 0.15077558708387417
2021-05-13 15:10:57,285 RESULT FOR DATASET CVC-300

2021-05-13 15:10:57,285 ==============================
2021-05-13 15:10:57,285 

2021-05-13 15:10:57,285 recall: 0.9593522161245346

2021-05-13 15:10:57,285 specificity: 0.9921198576688767

2021-05-13 15:10:57,285 precision: 0.8216104246675968

2021-05-13 15:10:57,285 F1: 0.8640031193693479

2021-05-13 15:10:57,285 F2: 0.9039381648103396

2021-05-13 15:10:57,285 ACC_overall: 0.9909075488646825

2021-05-13 15:10:57,285 IoU_poly: 0.7926403112709522

2021-05-13 15:10:57,285 IoU_bg: 0.990638816356659

2021-05-13 15:10:57,285 IoU_mean: 0.8916395684083303

2021-05-13 15:10:57,285 ==============================
2021-05-13 15:10:57,285 

2021-05-13 15:11:14,080 RESULT FOR DATASET CVC-ClinicDB

2021-05-13 15:11:14,080 ==============================
2021-05-13 15:11:14,080 

2021-05-13 15:11:14,080 recall: 0.9432914450261441

2021-05-13 15:11:14,080 specificity: 0.9945386388609486

2021-05-13 15:11:14,080 precision: 0.899780317795493

2021-05-13 15:11:14,081 F1: 0.9092835552592371

2021-05-13 15:11:14,081 F2: 0.920716897201454

2021-05-13 15:11:14,081 ACC_overall: 0.991586777471727

2021-05-13 15:11:14,081 IoU_poly: 0.8638466453609702

2021-05-13 15:11:14,081 IoU_bg: 0.9899736469791781

2021-05-13 15:11:14,081 IoU_mean: 0.9269101475515673

2021-05-13 15:11:14,081 ==============================
2021-05-13 15:11:14,081 

2021-05-13 15:11:47,220 RESULT FOR DATASET Kvasir

2021-05-13 15:11:47,220 ==============================
2021-05-13 15:11:47,220 

2021-05-13 15:11:47,220 recall: 0.9058071918785572

2021-05-13 15:11:47,221 specificity: 0.9916216200590133

2021-05-13 15:11:47,221 precision: 0.9444186148047448

2021-05-13 15:11:47,221 F1: 0.9116795834898949

2021-05-13 15:11:47,221 F2: 0.9058199045062065

2021-05-13 15:11:47,221 ACC_overall: 0.9729463630914688

2021-05-13 15:11:47,221 IoU_poly: 0.8582394528388977

2021-05-13 15:11:47,221 IoU_bg: 0.9658465164899827

2021-05-13 15:11:47,221 IoU_mean: 0.9120429861545563

2021-05-13 15:11:47,221 ==============================
2021-05-13 15:11:47,221 

2021-05-13 15:13:50,125 RESULT FOR DATASET CVC-ColonDB

2021-05-13 15:13:50,125 ==============================
2021-05-13 15:13:50,125 

2021-05-13 15:13:50,125 recall: 0.8082911053691916

2021-05-13 15:13:50,125 specificity: 0.9860728279540413

2021-05-13 15:13:50,125 precision: 0.8045670738507014

2021-05-13 15:13:50,125 F1: 0.7605667236939457

2021-05-13 15:13:50,125 F2: 0.7738192735739703

2021-05-13 15:13:50,125 ACC_overall: 0.9605034127047187

2021-05-13 15:13:50,125 IoU_poly: 0.6784756573028301

2021-05-13 15:13:50,125 IoU_bg: 0.9572173893451691

2021-05-13 15:13:50,125 IoU_mean: 0.8178465236958704

2021-05-13 15:13:50,125 ==============================
2021-05-13 15:13:50,126 

2021-05-13 15:15:17,490 RESULT FOR DATASET ETIS-LaribPolypDB

2021-05-13 15:15:17,490 ==============================
2021-05-13 15:15:17,491 

2021-05-13 15:15:17,491 recall: 0.8643109327764362

2021-05-13 15:15:17,491 specificity: 0.9861129735197339

2021-05-13 15:15:17,491 precision: 0.7189599319046897

2021-05-13 15:15:17,491 F1: 0.7614264766671159

2021-05-13 15:15:17,491 F2: 0.8108540273741135

2021-05-13 15:15:17,491 ACC_overall: 0.9843610582911239

2021-05-13 15:15:17,491 IoU_poly: 0.6794456183920236

2021-05-13 15:15:17,491 IoU_bg: 0.9833913962451779

2021-05-13 15:15:17,491 IoU_mean: 0.8314185054326544

2021-05-13 15:15:17,491 ==============================
2021-05-13 15:15:17,491 

