2021-05-06 01:54:59,773 RESULT FOR DATASET CVC-300

2021-05-06 01:54:59,773 ==============================
2021-05-06 01:54:59,773 

2021-05-06 01:54:59,773 recall: 0.9599223723014195

2021-05-06 01:54:59,773 specificity: 0.9871790369351705

2021-05-06 01:54:59,773 precision: 0.8100766884783904

2021-05-06 01:54:59,773 F1: 0.8513504676520824

2021-05-06 01:54:59,773 F2: 0.8905587911605835

2021-05-06 01:54:59,773 ACC_overall: 0.9862123717864354

2021-05-06 01:54:59,773 IoU_poly: 0.7816598150879145

2021-05-06 01:54:59,773 IoU_bg: 0.9858064065376918

2021-05-06 01:54:59,773 IoU_mean: 0.8837331076463063

2021-05-06 01:54:59,773 ==============================
2021-05-06 01:54:59,773 

2021-05-06 01:55:15,502 RESULT FOR DATASET CVC-ClinicDB

2021-05-06 01:55:15,502 ==============================
2021-05-06 01:55:15,502 

2021-05-06 01:55:15,502 recall: 0.9463679845775327

2021-05-06 01:55:15,502 specificity: 0.9934246780410889

2021-05-06 01:55:15,502 precision: 0.9024354520764563

2021-05-06 01:55:15,502 F1: 0.9168791987242237

2021-05-06 01:55:15,502 F2: 0.9295859350071799

2021-05-06 01:55:15,502 ACC_overall: 0.9915640248406318

2021-05-06 01:55:15,502 IoU_poly: 0.8692139044644371

2021-05-06 01:55:15,502 IoU_bg: 0.9903544898956053

2021-05-06 01:55:15,502 IoU_mean: 0.9297841979611304

2021-05-06 01:55:15,502 ==============================
2021-05-06 01:55:15,503 

2021-05-06 01:55:45,615 RESULT FOR DATASET Kvasir

2021-05-06 01:55:45,615 ==============================
2021-05-06 01:55:45,615 

2021-05-06 01:55:45,615 recall: 0.9058332955837249

2021-05-06 01:55:45,615 specificity: 0.9920193237066269

2021-05-06 01:55:45,615 precision: 0.9429825457930565

2021-05-06 01:55:45,615 F1: 0.9127726835012436

2021-05-06 01:55:45,615 F2: 0.906475478708744

2021-05-06 01:55:45,616 ACC_overall: 0.9749131542444229

2021-05-06 01:55:45,616 IoU_poly: 0.8588067427277565

2021-05-06 01:55:45,616 IoU_bg: 0.9680821847915649

2021-05-06 01:55:45,616 IoU_mean: 0.9134444624185563

2021-05-06 01:55:45,616 ==============================
2021-05-06 01:55:45,616 

2021-05-06 01:57:43,041 RESULT FOR DATASET CVC-ColonDB

2021-05-06 01:57:43,041 ==============================
2021-05-06 01:57:43,041 

2021-05-06 01:57:43,041 recall: 0.8331896949738644

2021-05-06 01:57:43,041 specificity: 0.9860583575148332

2021-05-06 01:57:43,041 precision: 0.7873046229314097

2021-05-06 01:57:43,041 F1: 0.7659483663864385

2021-05-06 01:57:43,041 F2: 0.7861289277919624

2021-05-06 01:57:43,041 ACC_overall: 0.9617984323125136

2021-05-06 01:57:43,041 IoU_poly: 0.6920572520598781

2021-05-06 01:57:43,041 IoU_bg: 0.9594788007046047

2021-05-06 01:57:43,042 IoU_mean: 0.8257680256900034

2021-05-06 01:57:43,042 ==============================
2021-05-06 01:57:43,042 

2021-05-06 01:59:04,714 RESULT FOR DATASET ETIS-LaribPolypDB

2021-05-06 01:59:04,714 ==============================
2021-05-06 01:59:04,714 

2021-05-06 01:59:04,714 recall: 0.8766459072489573

2021-05-06 01:59:04,714 specificity: 0.9861150326169267

2021-05-06 01:59:04,714 precision: 0.7079710110203441

2021-05-06 01:59:04,714 F1: 0.7510369114823018

2021-05-06 01:59:04,714 F2: 0.8057299097572097

2021-05-06 01:59:04,714 ACC_overall: 0.9842625156957276

2021-05-06 01:59:04,714 IoU_poly: 0.6679154157427872

2021-05-06 01:59:04,715 IoU_bg: 0.983533682871838

2021-05-06 01:59:04,715 IoU_mean: 0.8257245489833306

2021-05-06 01:59:04,715 ==============================
2021-05-06 01:59:04,715 

