2021-05-20 08:42:45,942 RESULT FOR DATASET CVC-300

2021-05-20 08:42:45,942 ==============================
2021-05-20 08:42:45,942 

2021-05-20 08:42:45,942 recall: 0.9526396880547205

2021-05-20 08:42:45,942 specificity: 0.9917011419932048

2021-05-20 08:42:45,942 precision: 0.845104365547498

2021-05-20 08:42:45,942 F1: 0.8716345578432083

2021-05-20 08:42:45,943 F2: 0.9010092437267303

2021-05-20 08:42:45,943 ACC_overall: 0.9903055171171824

2021-05-20 08:42:45,943 IoU_poly: 0.8091426057120165

2021-05-20 08:42:45,943 IoU_bg: 0.9900446673234303

2021-05-20 08:42:45,943 IoU_mean: 0.8995936344067256

2021-05-20 08:42:45,943 ==============================
2021-05-20 08:42:45,943 

2021-05-20 08:43:01,376 RESULT FOR DATASET CVC-ClinicDB

2021-05-20 08:43:01,376 ==============================
2021-05-20 08:43:01,376 

2021-05-20 08:43:01,376 recall: 0.9508270669368005

2021-05-20 08:43:01,376 specificity: 0.9931819102456493

2021-05-20 08:43:01,376 precision: 0.9094807908780151

2021-05-20 08:43:01,376 F1: 0.9158068147878493

2021-05-20 08:43:01,376 F2: 0.9248159188897379

2021-05-20 08:43:01,376 ACC_overall: 0.9896232927999189

2021-05-20 08:43:01,376 IoU_poly: 0.8671425156175129

2021-05-20 08:43:01,377 IoU_bg: 0.9879277848428295

2021-05-20 08:43:01,377 IoU_mean: 0.927535149358934

2021-05-20 08:43:01,377 ==============================
2021-05-20 08:43:01,377 

2021-05-20 08:43:31,105 RESULT FOR DATASET Kvasir

2021-05-20 08:43:31,105 ==============================
2021-05-20 08:43:31,105 

2021-05-20 08:43:31,105 recall: 0.8989091022312641

2021-05-20 08:43:31,105 specificity: 0.9895427346229553

2021-05-20 08:43:31,105 precision: 0.9449146850407124

2021-05-20 08:43:31,105 F1: 0.908172241449356

2021-05-20 08:43:31,105 F2: 0.8998757013678551

2021-05-20 08:43:31,105 ACC_overall: 0.9726200944185257

2021-05-20 08:43:31,105 IoU_poly: 0.8530358655750752

2021-05-20 08:43:31,106 IoU_bg: 0.964821041226387

2021-05-20 08:43:31,106 IoU_mean: 0.9089284566044807

2021-05-20 08:43:31,106 ==============================
2021-05-20 08:43:31,106 

2021-05-20 08:45:23,622 RESULT FOR DATASET CVC-ColonDB

2021-05-20 08:45:23,623 ==============================
2021-05-20 08:45:23,623 

2021-05-20 08:45:23,623 recall: 0.8074750663794859

2021-05-20 08:45:23,623 specificity: 0.9839926352626399

2021-05-20 08:45:23,623 precision: 0.7928312160936051

2021-05-20 08:45:23,623 F1: 0.762368072742203

2021-05-20 08:45:23,623 F2: 0.7739062715569784

2021-05-20 08:45:23,623 ACC_overall: 0.9607160045128119

2021-05-20 08:45:23,623 IoU_poly: 0.687511803860427

2021-05-20 08:45:23,623 IoU_bg: 0.9569130303044068

2021-05-20 08:45:23,623 IoU_mean: 0.8222124163257448

2021-05-20 08:45:23,623 ==============================
2021-05-20 08:45:23,623 

2021-05-20 08:46:45,354 RESULT FOR DATASET ETIS-LaribPolypDB

2021-05-20 08:46:45,354 ==============================
2021-05-20 08:46:45,354 

2021-05-20 08:46:45,355 recall: 0.8656136287966509

2021-05-20 08:46:45,355 specificity: 0.9868012131476889

2021-05-20 08:46:45,355 precision: 0.7390032421523886

2021-05-20 08:46:45,355 F1: 0.7578262483698475

2021-05-20 08:46:45,355 F2: 0.8030998341710538

2021-05-20 08:46:45,355 ACC_overall: 0.9846598977337078

2021-05-20 08:46:45,355 IoU_poly: 0.6750123715155311

2021-05-20 08:46:45,355 IoU_bg: 0.983758885337382

2021-05-20 08:46:45,355 IoU_mean: 0.8293856268330496

2021-05-20 08:46:45,355 ==============================
2021-05-20 08:46:45,355 

