2021-05-24 14:50:05,694 RESULT FOR DATASET CVC-300

2021-05-24 14:50:05,694 ==============================
2021-05-24 14:50:05,694 

2021-05-24 14:50:05,694 recall: 0.9528656790653864

2021-05-24 14:50:05,694 specificity: 0.9927593578894933

2021-05-24 14:50:05,694 precision: 0.8445243554810683

2021-05-24 14:50:05,694 F1: 0.8780836403369904

2021-05-24 14:50:05,694 F2: 0.9125692248344421

2021-05-24 14:50:05,694 ACC_overall: 0.9915443112452825

2021-05-24 14:50:05,694 IoU_poly: 0.808556426813205

2021-05-24 14:50:05,694 IoU_bg: 0.9912363270918528

2021-05-24 14:50:05,694 IoU_mean: 0.8998963743448257

2021-05-24 14:50:05,694 ==============================
2021-05-24 14:50:05,695 

2021-05-24 14:50:21,057 RESULT FOR DATASET CVC-ClinicDB

2021-05-24 14:50:21,057 ==============================
2021-05-24 14:50:21,057 

2021-05-24 14:50:21,058 recall: 0.947158025157067

2021-05-24 14:50:21,058 specificity: 0.9934166929414195

2021-05-24 14:50:21,058 precision: 0.9124775430367839

2021-05-24 14:50:21,058 F1: 0.9189094448642384

2021-05-24 14:50:21,058 F2: 0.9274971515180603

2021-05-24 14:50:21,058 ACC_overall: 0.9898793937698487

2021-05-24 14:50:21,058 IoU_poly: 0.8716887098646933

2021-05-24 14:50:21,058 IoU_bg: 0.9881105413359981

2021-05-24 14:50:21,058 IoU_mean: 0.9298996262011989

2021-05-24 14:50:21,058 ==============================
2021-05-24 14:50:21,058 

2021-05-24 14:50:50,640 RESULT FOR DATASET Kvasir

2021-05-24 14:50:50,640 ==============================
2021-05-24 14:50:50,640 

2021-05-24 14:50:50,641 recall: 0.9138062128424644

2021-05-24 14:50:50,641 specificity: 0.9888728904724121

2021-05-24 14:50:50,641 precision: 0.9297287344932557

2021-05-24 14:50:50,641 F1: 0.9119654807448387

2021-05-24 14:50:50,641 F2: 0.9107463017106057

2021-05-24 14:50:50,641 ACC_overall: 0.9738387638330459

2021-05-24 14:50:50,641 IoU_poly: 0.8579949432611466

2021-05-24 14:50:50,641 IoU_bg: 0.9666545334458351

2021-05-24 14:50:50,641 IoU_mean: 0.9123247373104095

2021-05-24 14:50:50,641 ==============================
2021-05-24 14:50:50,641 

2021-05-24 14:52:43,197 RESULT FOR DATASET CVC-ColonDB

2021-05-24 14:52:43,197 ==============================
2021-05-24 14:52:43,198 

2021-05-24 14:52:43,198 recall: 0.7737100953055425

2021-05-24 14:52:43,198 specificity: 0.9873207722839556

2021-05-24 14:52:43,198 precision: 0.8135994956383575

2021-05-24 14:52:43,198 F1: 0.741315389385167

2021-05-24 14:52:43,198 F2: 0.7492096971504955

2021-05-24 14:52:43,198 ACC_overall: 0.9611379661058125

2021-05-24 14:52:43,198 IoU_poly: 0.6698700707965504

2021-05-24 14:52:43,198 IoU_bg: 0.9578785516713795

2021-05-24 14:52:43,198 IoU_mean: 0.8138743106471865

2021-05-24 14:52:43,198 ==============================
2021-05-24 14:52:43,198 

2021-05-24 14:54:04,468 RESULT FOR DATASET ETIS-LaribPolypDB

2021-05-24 14:54:04,468 ==============================
2021-05-24 14:54:04,469 

2021-05-24 14:54:04,469 recall: 0.7543687945839598

2021-05-24 14:54:04,469 specificity: 0.9915803190396757

2021-05-24 14:54:04,469 precision: 0.7749912747510038

2021-05-24 14:54:04,469 F1: 0.7069919783934243

2021-05-24 14:54:04,469 F2: 0.7285787536385604

2021-05-24 14:54:04,469 ACC_overall: 0.9869506261786636

2021-05-24 14:54:04,469 IoU_poly: 0.6382384408120789

2021-05-24 14:54:04,469 IoU_bg: 0.9862905850215834

2021-05-24 14:54:04,469 IoU_mean: 0.812264512236021

2021-05-24 14:54:04,469 ==============================
2021-05-24 14:54:04,469 

