2021-05-20 08:38:14,790 RESULT FOR DATASET CVC-300

2021-05-20 08:38:14,790 ==============================
2021-05-20 08:38:14,790 

2021-05-20 08:38:14,790 recall: 0.9545302599668503

2021-05-20 08:38:14,790 specificity: 0.9916642645994822

2021-05-20 08:38:14,791 precision: 0.8392634159574907

2021-05-20 08:38:14,791 F1: 0.8707290627062321

2021-05-20 08:38:14,791 F2: 0.9037549316883087

2021-05-20 08:38:14,791 ACC_overall: 0.990417421857516

2021-05-20 08:38:14,791 IoU_poly: 0.8062123456348975

2021-05-20 08:38:14,791 IoU_bg: 0.9901118874549866

2021-05-20 08:38:14,791 IoU_mean: 0.8981621106465657

2021-05-20 08:38:14,791 ==============================
2021-05-20 08:38:14,791 

2021-05-20 08:38:30,336 RESULT FOR DATASET CVC-ClinicDB

2021-05-20 08:38:30,336 ==============================
2021-05-20 08:38:30,336 

2021-05-20 08:38:30,336 recall: 0.9524610302140636

2021-05-20 08:38:30,336 specificity: 0.9938388668721722

2021-05-20 08:38:30,336 precision: 0.9149798771306392

2021-05-20 08:38:30,336 F1: 0.9195624663224143

2021-05-20 08:38:30,336 F2: 0.9278493780762919

2021-05-20 08:38:30,336 ACC_overall: 0.9915632922803203

2021-05-20 08:38:30,336 IoU_poly: 0.8734145438478839

2021-05-20 08:38:30,336 IoU_bg: 0.9903968630298492

2021-05-20 08:38:30,336 IoU_mean: 0.93190570223716

2021-05-20 08:38:30,337 ==============================
2021-05-20 08:38:30,337 

2021-05-20 08:38:59,961 RESULT FOR DATASET Kvasir

2021-05-20 08:38:59,961 ==============================
2021-05-20 08:38:59,961 

2021-05-20 08:38:59,961 recall: 0.9058132553100586

2021-05-20 08:38:59,961 specificity: 0.9901442331075668

2021-05-20 08:38:59,961 precision: 0.9379427549242974

2021-05-20 08:38:59,961 F1: 0.9107604187726974

2021-05-20 08:38:59,961 F2: 0.9055466970801354

2021-05-20 08:38:59,961 ACC_overall: 0.9740107905864716

2021-05-20 08:38:59,961 IoU_poly: 0.8570927767455578

2021-05-20 08:38:59,961 IoU_bg: 0.9668248814344406

2021-05-20 08:38:59,961 IoU_mean: 0.911958831846714

2021-05-20 08:38:59,961 ==============================
2021-05-20 08:38:59,961 

2021-05-20 08:40:52,609 RESULT FOR DATASET CVC-ColonDB

2021-05-20 08:40:52,610 ==============================
2021-05-20 08:40:52,610 

2021-05-20 08:40:52,610 recall: 0.7794170879134862

2021-05-20 08:40:52,610 specificity: 0.982990154467131

2021-05-20 08:40:52,610 precision: 0.8030295961752975

2021-05-20 08:40:52,610 F1: 0.7467171861791988

2021-05-20 08:40:52,610 F2: 0.7515472696587494

2021-05-20 08:40:52,610 ACC_overall: 0.9601165776190005

2021-05-20 08:40:52,610 IoU_poly: 0.6728498219648037

2021-05-20 08:40:52,610 IoU_bg: 0.9564254842306438

2021-05-20 08:40:52,610 IoU_mean: 0.8146376523532366

2021-05-20 08:40:52,610 ==============================
2021-05-20 08:40:52,610 

2021-05-20 08:42:14,280 RESULT FOR DATASET ETIS-LaribPolypDB

2021-05-20 08:42:14,280 ==============================
2021-05-20 08:42:14,280 

2021-05-20 08:42:14,280 recall: 0.8140612024218469

2021-05-20 08:42:14,280 specificity: 0.9882855804599061

2021-05-20 08:42:14,280 precision: 0.7457369031178865

2021-05-20 08:42:14,280 F1: 0.735374080700388

2021-05-20 08:42:14,280 F2: 0.7712034131225256

2021-05-20 08:42:14,280 ACC_overall: 0.9853556071008954

2021-05-20 08:42:14,280 IoU_poly: 0.6581402362869029

2021-05-20 08:42:14,280 IoU_bg: 0.9845777819959485

2021-05-20 08:42:14,280 IoU_mean: 0.8213590099191179

2021-05-20 08:42:14,280 ==============================
2021-05-20 08:42:14,280 

