2021-05-17 15:03:05,564 Epoch 0 	 Loss 0.9269201552474892
2021-05-17 15:04:38,166 Epoch 1 	 Loss 0.674368876349795
2021-05-17 15:06:14,423 Epoch 2 	 Loss 0.567323760344432
2021-05-17 15:07:48,703 Epoch 3 	 Loss 0.48662261026246206
2021-05-17 15:09:19,691 Epoch 4 	 Loss 0.4494122915215545
2021-05-17 15:10:48,799 Epoch 5 	 Loss 0.4089123439657819
2021-05-17 15:12:19,219 Epoch 6 	 Loss 0.36833642210279194
2021-05-17 15:13:50,605 Epoch 7 	 Loss 0.36501605563111356
2021-05-17 15:15:20,831 Epoch 8 	 Loss 0.3543396041943477
2021-05-17 15:16:49,889 Epoch 9 	 Loss 0.3279292357491923
2021-05-17 15:18:18,613 Epoch 10 	 Loss 0.3084179215378814
2021-05-17 15:19:49,711 Epoch 11 	 Loss 0.31212160007639245
2021-05-17 15:21:18,876 Epoch 12 	 Loss 0.3082116221661096
2021-05-17 15:22:48,666 Epoch 13 	 Loss 0.2979770471434017
2021-05-17 15:24:18,735 Epoch 14 	 Loss 0.3015572502390369
2021-05-17 15:25:47,900 Epoch 15 	 Loss 0.28468371223617384
2021-05-17 15:27:16,911 Epoch 16 	 Loss 0.28040145321206733
2021-05-17 15:28:45,953 Epoch 17 	 Loss 0.28395649381391297
2021-05-17 15:30:15,523 Epoch 18 	 Loss 0.26540781803183505
2021-05-17 15:31:45,887 Epoch 19 	 Loss 0.2584948919631623
2021-05-17 15:33:15,859 Epoch 20 	 Loss 0.26261237804051285
2021-05-17 15:34:45,660 Epoch 21 	 Loss 0.2570622476575139
2021-05-17 15:36:15,014 Epoch 22 	 Loss 0.25955565863258234
2021-05-17 15:37:45,123 Epoch 23 	 Loss 0.251968353331744
2021-05-17 15:39:15,274 Epoch 24 	 Loss 0.25029449263116815
2021-05-17 15:40:44,803 Epoch 25 	 Loss 0.23735486887968504
2021-05-17 15:42:13,766 Epoch 26 	 Loss 0.23241153768785708
2021-05-17 15:43:42,888 Epoch 27 	 Loss 0.2309001299378636
2021-05-17 15:45:13,583 Epoch 28 	 Loss 0.2251642292344963
2021-05-17 15:46:50,907 Epoch 29 	 Loss 0.22774093180567354
2021-05-17 15:48:23,846 Epoch 30 	 Loss 0.23018131609801407
2021-05-17 15:50:02,311 Epoch 31 	 Loss 0.23175514612224077
2021-05-17 15:51:39,450 Epoch 32 	 Loss 0.22763547055668884
2021-05-17 15:53:16,729 Epoch 33 	 Loss 0.2189733284515339
2021-05-17 15:54:53,993 Epoch 34 	 Loss 0.21326402370091324
2021-05-17 15:56:31,153 Epoch 35 	 Loss 0.21360755163234668
2021-05-17 15:58:08,514 Epoch 36 	 Loss 0.21402981795452453
2021-05-17 15:59:45,658 Epoch 37 	 Loss 0.20854535633391078
2021-05-17 16:01:22,846 Epoch 38 	 Loss 0.20053463339150607
2021-05-17 16:03:00,130 Epoch 39 	 Loss 0.20519378257321788
2021-05-17 16:04:37,322 Epoch 40 	 Loss 0.2110905647277832
2021-05-17 16:06:14,403 Epoch 41 	 Loss 0.1971064702822612
2021-05-17 16:07:51,589 Epoch 42 	 Loss 0.1950018530363565
2021-05-17 16:09:28,860 Epoch 43 	 Loss 0.19362610038165207
2021-05-17 16:11:05,970 Epoch 44 	 Loss 0.19560884954510155
2021-05-17 16:12:43,070 Epoch 45 	 Loss 0.18940041107790812
2021-05-17 16:14:20,300 Epoch 46 	 Loss 0.1880715034165225
2021-05-17 16:15:57,659 Epoch 47 	 Loss 0.1945965866466145
2021-05-17 16:17:36,444 Epoch 48 	 Loss 0.19120591273019602
2021-05-17 16:19:15,735 Epoch 49 	 Loss 0.18578806077385998
2021-05-17 16:20:53,886 Epoch 50 	 Loss 0.18056470417714382
2021-05-17 16:22:32,592 Epoch 51 	 Loss 0.18188671407463786
2021-05-17 16:24:11,601 Epoch 52 	 Loss 0.17671456228900742
2021-05-17 16:25:51,209 Epoch 53 	 Loss 0.17628289415286139
2021-05-17 16:27:31,453 Epoch 54 	 Loss 0.17758461210753893
2021-05-17 16:29:09,427 Epoch 55 	 Loss 0.175646865433389
2021-05-17 16:30:48,432 Epoch 56 	 Loss 0.17699111727895317
2021-05-17 16:32:27,415 Epoch 57 	 Loss 0.1727187420640673
2021-05-17 16:34:05,945 Epoch 58 	 Loss 0.16923171887685964
2021-05-17 16:35:44,490 Epoch 59 	 Loss 0.17321590538863296
2021-05-17 16:37:24,003 Epoch 60 	 Loss 0.17011843155046086
2021-05-17 16:39:04,720 Epoch 61 	 Loss 0.1655112956906413
2021-05-17 16:40:44,381 Epoch 62 	 Loss 0.16886376794222946
2021-05-17 16:42:24,431 Epoch 63 	 Loss 0.16666387578288278
2021-05-17 16:44:02,961 Epoch 64 	 Loss 0.16634141694713425
2021-05-17 16:45:40,946 Epoch 65 	 Loss 0.16192452265666082
2021-05-17 16:47:19,141 Epoch 66 	 Loss 0.1616516352354825
2021-05-17 16:48:57,046 Epoch 67 	 Loss 0.16115734456004677
2021-05-17 16:50:35,171 Epoch 68 	 Loss 0.1595728595505704
2021-05-17 16:52:13,088 Epoch 69 	 Loss 0.15910802765206977
2021-05-17 16:53:51,856 Epoch 70 	 Loss 0.16032002489645403
2021-05-17 16:55:30,112 Epoch 71 	 Loss 0.15582571497985295
2021-05-17 16:57:08,384 Epoch 72 	 Loss 0.1610116740831962
2021-05-17 16:58:47,304 Epoch 73 	 Loss 0.15906649451334398
2021-05-17 17:00:25,768 Epoch 74 	 Loss 0.15642681529561242
2021-05-17 17:02:04,650 Epoch 75 	 Loss 0.1573976863707815
2021-05-17 17:03:44,011 Epoch 76 	 Loss 0.15650379477621434
2021-05-17 17:05:23,599 Epoch 77 	 Loss 0.15382156471957217
2021-05-17 17:07:00,636 Epoch 78 	 Loss 0.15388108552484722
2021-05-17 17:08:37,894 Epoch 79 	 Loss 0.15126002407990968
2021-05-17 17:10:15,811 Epoch 80 	 Loss 0.15124075294850947
2021-05-17 17:11:51,572 Epoch 81 	 Loss 0.15117064470445718
2021-05-17 17:13:28,878 Epoch 82 	 Loss 0.15268023320279278
2021-05-17 17:15:08,108 Epoch 83 	 Loss 0.1484542959011518
2021-05-17 17:16:44,670 Epoch 84 	 Loss 0.14927919823062288
2021-05-17 17:18:22,572 Epoch 85 	 Loss 0.14934027350538379
2021-05-17 17:20:02,175 Epoch 86 	 Loss 0.15191555203317286
2021-05-17 17:21:38,368 Epoch 87 	 Loss 0.1484477455308149
2021-05-17 17:23:14,034 Epoch 88 	 Loss 0.15013656183913515
2021-05-17 17:24:49,990 Epoch 89 	 Loss 0.1488715234202343
2021-05-17 17:26:26,981 Epoch 90 	 Loss 0.14873942937497253
2021-05-17 17:28:03,810 Epoch 91 	 Loss 0.1485270673593322
2021-05-17 17:29:39,871 Epoch 92 	 Loss 0.14976306407006232
2021-05-17 17:31:15,610 Epoch 93 	 Loss 0.14879352632132206
2021-05-17 17:32:51,206 Epoch 94 	 Loss 0.1486461109348706
2021-05-17 17:34:26,993 Epoch 95 	 Loss 0.14740591389792307
2021-05-17 17:36:02,642 Epoch 96 	 Loss 0.14706688947402513
2021-05-17 17:37:38,960 Epoch 97 	 Loss 0.14666497797428907
2021-05-17 17:39:15,632 Epoch 98 	 Loss 0.14889444132427593
2021-05-17 17:40:51,353 Epoch 99 	 Loss 0.14611886097834662
2021-05-17 17:41:16,854 RESULT FOR DATASET CVC-300

2021-05-17 17:41:16,854 ==============================
2021-05-17 17:41:16,854 

2021-05-17 17:41:16,854 recall: 0.9472204705079397

2021-05-17 17:41:16,854 specificity: 0.9952477325995763

2021-05-17 17:41:16,854 precision: 0.8596775492032369

2021-05-17 17:41:16,855 F1: 0.8912800833582878

2021-05-17 17:41:16,855 F2: 0.9194109206398328

2021-05-17 17:41:16,855 ACC_overall: 0.9937043557564418

2021-05-17 17:41:16,855 IoU_poly: 0.8253173743685086

2021-05-17 17:41:16,855 IoU_bg: 0.9934926847616832

2021-05-17 17:41:16,855 IoU_mean: 0.9094050248463948

2021-05-17 17:41:16,855 ==============================
2021-05-17 17:41:16,855 

2021-05-17 17:41:34,339 RESULT FOR DATASET CVC-ClinicDB

2021-05-17 17:41:34,339 ==============================
2021-05-17 17:41:34,340 

2021-05-17 17:41:34,340 recall: 0.943415799448567

2021-05-17 17:41:34,340 specificity: 0.9960999113898124

2021-05-17 17:41:34,340 precision: 0.9238957956192955

2021-05-17 17:41:34,340 F1: 0.9256726467320996

2021-05-17 17:41:34,340 F2: 0.9313245555085521

2021-05-17 17:41:34,340 ACC_overall: 0.9906504644501594

2021-05-17 17:41:34,340 IoU_poly: 0.8755633534202653

2021-05-17 17:41:34,340 IoU_bg: 0.9888218439394428

2021-05-17 17:41:34,340 IoU_mean: 0.9321925986197687

2021-05-17 17:41:34,340 ==============================
2021-05-17 17:41:34,340 

2021-05-17 17:42:08,737 RESULT FOR DATASET Kvasir

2021-05-17 17:42:08,737 ==============================
2021-05-17 17:42:08,737 

2021-05-17 17:42:08,737 recall: 0.9041893449425698

2021-05-17 17:42:08,738 specificity: 0.9910215449333191

2021-05-17 17:42:08,738 precision: 0.9424786093831062

2021-05-17 17:42:08,738 F1: 0.9131040367484092

2021-05-17 17:42:08,738 F2: 0.905916356742382

2021-05-17 17:42:08,738 ACC_overall: 0.9735985696315765

2021-05-17 17:42:08,738 IoU_poly: 0.8584848748147488

2021-05-17 17:42:08,738 IoU_bg: 0.96611767411232

2021-05-17 17:42:08,738 IoU_mean: 0.9123012733459472

2021-05-17 17:42:08,738 ==============================
2021-05-17 17:42:08,738 

2021-05-17 17:44:17,217 RESULT FOR DATASET CVC-ColonDB

2021-05-17 17:44:17,236 ==============================
2021-05-17 17:44:17,236 

2021-05-17 17:44:17,237 recall: 0.8019703563369411

2021-05-17 17:44:17,256 specificity: 0.9836030172674279

2021-05-17 17:44:17,256 precision: 0.7964077093231744

2021-05-17 17:44:17,256 F1: 0.7603633455071662

2021-05-17 17:44:17,256 F2: 0.7709166071929519

2021-05-17 17:44:17,256 ACC_overall: 0.9585980892181396

2021-05-17 17:44:17,256 IoU_poly: 0.6838851532496559

2021-05-17 17:44:17,256 IoU_bg: 0.9553894045321565

2021-05-17 17:44:17,256 IoU_mean: 0.8196372801536008

2021-05-17 17:44:17,256 ==============================
2021-05-17 17:44:17,256 

2021-05-17 17:45:48,973 RESULT FOR DATASET ETIS-LaribPolypDB

2021-05-17 17:45:48,973 ==============================
2021-05-17 17:45:48,973 

2021-05-17 17:45:48,973 recall: 0.8393325682114776

2021-05-17 17:45:48,973 specificity: 0.9856334596264119

2021-05-17 17:45:48,973 precision: 0.7054302117133686

2021-05-17 17:45:48,973 F1: 0.729646118086066

2021-05-17 17:45:48,973 F2: 0.7730833803586105

2021-05-17 17:45:48,973 ACC_overall: 0.9813239318983895

2021-05-17 17:45:48,973 IoU_poly: 0.6497112304618292

2021-05-17 17:45:48,973 IoU_bg: 0.9806062825480286

2021-05-17 17:45:48,974 IoU_mean: 0.8151587573241215

2021-05-17 17:45:48,974 ==============================
2021-05-17 17:45:48,974 

