2021-05-24 04:30:57,966 Epoch 0 	 Loss 0.9484934387626228
2021-05-24 04:32:26,437 Epoch 1 	 Loss 0.6861313574916714
2021-05-24 04:33:54,959 Epoch 2 	 Loss 0.5839204074262263
2021-05-24 04:35:23,562 Epoch 3 	 Loss 0.4994864060983553
2021-05-24 04:36:52,151 Epoch 4 	 Loss 0.4583739127431597
2021-05-24 04:38:20,758 Epoch 5 	 Loss 0.42765893058462456
2021-05-24 04:39:49,533 Epoch 6 	 Loss 0.3895308313133952
2021-05-24 04:41:18,269 Epoch 7 	 Loss 0.36147089106040997
2021-05-24 04:42:46,992 Epoch 8 	 Loss 0.35300302800241407
2021-05-24 04:44:15,709 Epoch 9 	 Loss 0.3442071867840631
2021-05-24 04:45:44,440 Epoch 10 	 Loss 0.318058641238527
2021-05-24 04:47:13,179 Epoch 11 	 Loss 0.3136374049789303
2021-05-24 04:48:41,984 Epoch 12 	 Loss 0.29417073038908154
2021-05-24 04:50:10,682 Epoch 13 	 Loss 0.3007920918228862
2021-05-24 04:51:39,454 Epoch 14 	 Loss 0.2870503472430365
2021-05-24 04:53:08,101 Epoch 15 	 Loss 0.2916153153547874
2021-05-24 04:54:36,755 Epoch 16 	 Loss 0.27952957759191704
2021-05-24 04:56:05,307 Epoch 17 	 Loss 0.27915050089359283
2021-05-24 04:57:34,013 Epoch 18 	 Loss 0.269151135132863
2021-05-24 04:59:02,595 Epoch 19 	 Loss 0.26992467013034194
2021-05-24 05:00:31,153 Epoch 20 	 Loss 0.2571011775142544
2021-05-24 05:01:59,879 Epoch 21 	 Loss 0.24860043348846855
2021-05-24 05:03:28,573 Epoch 22 	 Loss 0.23778037530380292
2021-05-24 05:04:57,325 Epoch 23 	 Loss 0.24830702471209096
2021-05-24 05:06:25,992 Epoch 24 	 Loss 0.24348154189167442
2021-05-24 05:07:54,644 Epoch 25 	 Loss 0.247125159908127
2021-05-24 05:09:23,285 Epoch 26 	 Loss 0.24026284244034316
2021-05-24 05:10:51,991 Epoch 27 	 Loss 0.23864247297847663
2021-05-24 05:12:20,581 Epoch 28 	 Loss 0.23736712696788076
2021-05-24 05:13:49,266 Epoch 29 	 Loss 0.22284659219312145
2021-05-24 05:15:17,960 Epoch 30 	 Loss 0.23779070098976512
2021-05-24 05:16:46,704 Epoch 31 	 Loss 0.22503001807810186
2021-05-24 05:18:15,271 Epoch 32 	 Loss 0.22107018251995464
2021-05-24 05:19:43,931 Epoch 33 	 Loss 0.21908232667943933
2021-05-24 05:21:12,597 Epoch 34 	 Loss 0.21735863174710954
2021-05-24 05:22:41,425 Epoch 35 	 Loss 0.21453209106738752
2021-05-24 05:24:10,079 Epoch 36 	 Loss 0.20242223159952477
2021-05-24 05:25:38,686 Epoch 37 	 Loss 0.20911267825535365
2021-05-24 05:27:07,330 Epoch 38 	 Loss 0.21182841848541092
2021-05-24 05:28:35,834 Epoch 39 	 Loss 0.20841725105112727
2021-05-24 05:30:04,500 Epoch 40 	 Loss 0.20151222489037357
2021-05-24 05:31:33,166 Epoch 41 	 Loss 0.2017982571007131
2021-05-24 05:33:01,864 Epoch 42 	 Loss 0.19723148267347734
2021-05-24 05:34:30,522 Epoch 43 	 Loss 0.18897888310007996
2021-05-24 05:35:59,196 Epoch 44 	 Loss 0.1886932568235712
2021-05-24 05:37:27,842 Epoch 45 	 Loss 0.1904768413239783
2021-05-24 05:38:56,471 Epoch 46 	 Loss 0.19206826568959834
2021-05-24 05:40:25,028 Epoch 47 	 Loss 0.20076955969517046
2021-05-24 05:41:53,791 Epoch 48 	 Loss 0.1846006244093507
2021-05-24 05:43:22,457 Epoch 49 	 Loss 0.1807185799538434
2021-05-24 05:44:50,985 Epoch 50 	 Loss 0.18261886674624223
2021-05-24 05:46:19,683 Epoch 51 	 Loss 0.18386699308405866
2021-05-24 05:47:48,380 Epoch 52 	 Loss 0.18517910099619037
2021-05-24 05:49:17,077 Epoch 53 	 Loss 0.18270086063133492
2021-05-24 05:50:45,748 Epoch 54 	 Loss 0.17670016662105098
2021-05-24 05:52:14,518 Epoch 55 	 Loss 0.17627287344945655
2021-05-24 05:53:43,142 Epoch 56 	 Loss 0.17347481846809387
2021-05-24 05:55:11,864 Epoch 57 	 Loss 0.1735517728132206
2021-05-24 05:56:40,536 Epoch 58 	 Loss 0.17098173302608533
2021-05-24 05:58:09,268 Epoch 59 	 Loss 0.16830150668437666
2021-05-24 05:59:37,922 Epoch 60 	 Loss 0.16483533153167138
2021-05-24 06:01:06,531 Epoch 61 	 Loss 0.1640767256964694
2021-05-24 06:02:35,206 Epoch 62 	 Loss 0.16660591730704674
2021-05-24 06:04:03,778 Epoch 63 	 Loss 0.17017613302220355
2021-05-24 06:05:32,337 Epoch 64 	 Loss 0.16213032947136805
2021-05-24 06:07:00,870 Epoch 65 	 Loss 0.16573984077671072
2021-05-24 06:08:29,482 Epoch 66 	 Loss 0.16226811903518634
2021-05-24 06:09:58,116 Epoch 67 	 Loss 0.1627138323345027
2021-05-24 06:11:26,824 Epoch 68 	 Loss 0.16110523831058335
2021-05-24 06:12:55,440 Epoch 69 	 Loss 0.1586874374649027
2021-05-24 06:14:24,116 Epoch 70 	 Loss 0.15870164588585003
2021-05-24 06:15:52,836 Epoch 71 	 Loss 0.1578420564368531
2021-05-24 06:17:21,468 Epoch 72 	 Loss 0.1556205982854078
2021-05-24 06:18:50,139 Epoch 73 	 Loss 0.15791981732779806
2021-05-24 06:20:18,899 Epoch 74 	 Loss 0.15526081392398247
2021-05-24 06:21:47,551 Epoch 75 	 Loss 0.15244248312908215
2021-05-24 06:23:16,198 Epoch 76 	 Loss 0.15630669859084453
2021-05-24 06:24:44,804 Epoch 77 	 Loss 0.152808105634464
2021-05-24 06:26:13,338 Epoch 78 	 Loss 0.15113712355985745
2021-05-24 06:27:41,916 Epoch 79 	 Loss 0.15038064769008658
2021-05-24 06:29:10,495 Epoch 80 	 Loss 0.15154025662731338
2021-05-24 06:30:39,120 Epoch 81 	 Loss 0.14870648135195721
2021-05-24 06:32:07,759 Epoch 82 	 Loss 0.1505509777055992
2021-05-24 06:33:36,430 Epoch 83 	 Loss 0.150757331769545
2021-05-24 06:35:05,197 Epoch 84 	 Loss 0.1492398093853678
2021-05-24 06:36:33,946 Epoch 85 	 Loss 0.1494530608857071
2021-05-24 06:38:02,632 Epoch 86 	 Loss 0.1477361913402002
2021-05-24 06:39:31,288 Epoch 87 	 Loss 0.14677814074925014
2021-05-24 06:41:00,015 Epoch 88 	 Loss 0.1495053150824138
2021-05-24 06:42:28,699 Epoch 89 	 Loss 0.149447799547688
2021-05-24 06:43:57,356 Epoch 90 	 Loss 0.14744427554554992
2021-05-24 06:45:25,960 Epoch 91 	 Loss 0.14879399857350759
2021-05-24 06:46:54,669 Epoch 92 	 Loss 0.14396042368569217
2021-05-24 06:48:23,198 Epoch 93 	 Loss 0.14893064598788272
2021-05-24 06:49:51,848 Epoch 94 	 Loss 0.14612616295670414
2021-05-24 06:51:20,507 Epoch 95 	 Loss 0.14845065510534977
2021-05-24 06:52:49,177 Epoch 96 	 Loss 0.1498093279999691
2021-05-24 06:54:17,858 Epoch 97 	 Loss 0.14691781039748872
2021-05-24 06:55:46,607 Epoch 98 	 Loss 0.14589528551140984
2021-05-24 06:57:15,401 Epoch 99 	 Loss 0.14703890329206382
2021-05-24 06:57:35,369 RESULT FOR DATASET CVC-300

2021-05-24 06:57:35,369 ==============================
2021-05-24 06:57:35,369 

2021-05-24 06:57:35,369 recall: 0.9561020990212759

2021-05-24 06:57:35,369 specificity: 0.9933554321527481

2021-05-24 06:57:35,369 precision: 0.8491494291772445

2021-05-24 06:57:35,369 F1: 0.8819464380542438

2021-05-24 06:57:35,369 F2: 0.9136377597848574

2021-05-24 06:57:35,369 ACC_overall: 0.9921637644370397

2021-05-24 06:57:35,369 IoU_poly: 0.8164791207760572

2021-05-24 06:57:35,369 IoU_bg: 0.9919038116931915

2021-05-24 06:57:35,370 IoU_mean: 0.904191467165947

2021-05-24 06:57:35,370 ==============================
2021-05-24 06:57:35,370 

2021-05-24 06:57:50,967 RESULT FOR DATASET CVC-ClinicDB

2021-05-24 06:57:50,967 ==============================
2021-05-24 06:57:50,967 

2021-05-24 06:57:50,967 recall: 0.9464031015672991

2021-05-24 06:57:50,967 specificity: 0.9941763406799685

2021-05-24 06:57:50,967 precision: 0.909498261948747

2021-05-24 06:57:50,967 F1: 0.9171728417277336

2021-05-24 06:57:50,967 F2: 0.9264106137617942

2021-05-24 06:57:50,967 ACC_overall: 0.9905636897010188

2021-05-24 06:57:50,967 IoU_poly: 0.8684098077637534

2021-05-24 06:57:50,967 IoU_bg: 0.9887186567629537

2021-05-24 06:57:50,967 IoU_mean: 0.9285642365294118

2021-05-24 06:57:50,967 ==============================
2021-05-24 06:57:50,967 

2021-05-24 06:58:20,675 RESULT FOR DATASET Kvasir

2021-05-24 06:58:20,675 ==============================
2021-05-24 06:58:20,675 

2021-05-24 06:58:20,675 recall: 0.9106811591982842

2021-05-24 06:58:20,675 specificity: 0.9889289283752442

2021-05-24 06:58:20,675 precision: 0.9357607340812684

2021-05-24 06:58:20,675 F1: 0.9135073569416999

2021-05-24 06:58:20,675 F2: 0.9096930086612701

2021-05-24 06:58:20,675 ACC_overall: 0.9724890971183777

2021-05-24 06:58:20,675 IoU_poly: 0.8577548003196717

2021-05-24 06:58:20,675 IoU_bg: 0.9646261331439018

2021-05-24 06:58:20,675 IoU_mean: 0.9111904644966126

2021-05-24 06:58:20,675 ==============================
2021-05-24 06:58:20,676 

2021-05-24 07:00:13,721 RESULT FOR DATASET CVC-ColonDB

2021-05-24 07:00:13,721 ==============================
2021-05-24 07:00:13,721 

2021-05-24 07:00:13,721 recall: 0.7896304891035111

2021-05-24 07:00:13,721 specificity: 0.9851898401975632

2021-05-24 07:00:13,722 precision: 0.8050544647017791

2021-05-24 07:00:13,722 F1: 0.7518328654222243

2021-05-24 07:00:13,722 F2: 0.7604957896061622

2021-05-24 07:00:13,722 ACC_overall: 0.957675288617611

2021-05-24 07:00:13,722 IoU_poly: 0.6799546598879811

2021-05-24 07:00:13,722 IoU_bg: 0.9553971371368358

2021-05-24 07:00:13,722 IoU_mean: 0.8176758979496203

2021-05-24 07:00:13,722 ==============================
2021-05-24 07:00:13,722 

2021-05-24 07:01:35,362 RESULT FOR DATASET ETIS-LaribPolypDB

2021-05-24 07:01:35,362 ==============================
2021-05-24 07:01:35,362 

2021-05-24 07:01:35,362 recall: 0.8733602874190554

2021-05-24 07:01:35,363 specificity: 0.9875095726884141

2021-05-24 07:01:35,363 precision: 0.7305953557774585

2021-05-24 07:01:35,363 F1: 0.768954434073354

2021-05-24 07:01:35,363 F2: 0.8172045010763455

2021-05-24 07:01:35,363 ACC_overall: 0.984676751859334

2021-05-24 07:01:35,363 IoU_poly: 0.6863207602738947

2021-05-24 07:01:35,363 IoU_bg: 0.9839683126430122

2021-05-24 07:01:35,363 IoU_mean: 0.8351445345550167

2021-05-24 07:01:35,363 ==============================
2021-05-24 07:01:35,363 

