2021-05-24 01:59:42,917 Epoch 0 	 Loss 0.9268264803257618
2021-05-24 02:01:10,879 Epoch 1 	 Loss 0.6578917552481641
2021-05-24 02:02:38,979 Epoch 2 	 Loss 0.556030450286446
2021-05-24 02:04:07,049 Epoch 3 	 Loss 0.4913052431829683
2021-05-24 02:05:35,107 Epoch 4 	 Loss 0.44327977987436146
2021-05-24 02:07:03,241 Epoch 5 	 Loss 0.4076734945014283
2021-05-24 02:08:31,395 Epoch 6 	 Loss 0.38330408128408283
2021-05-24 02:09:59,519 Epoch 7 	 Loss 0.35685670424948684
2021-05-24 02:11:27,682 Epoch 8 	 Loss 0.34744758085235133
2021-05-24 02:12:55,903 Epoch 9 	 Loss 0.33762999452077425
2021-05-24 02:14:23,924 Epoch 10 	 Loss 0.3116480018738862
2021-05-24 02:15:52,153 Epoch 11 	 Loss 0.3063073304000792
2021-05-24 02:17:20,137 Epoch 12 	 Loss 0.3126883496949961
2021-05-24 02:18:48,154 Epoch 13 	 Loss 0.2909510864333792
2021-05-24 02:20:16,339 Epoch 14 	 Loss 0.2814986330794764
2021-05-24 02:21:44,334 Epoch 15 	 Loss 0.28874289661973385
2021-05-24 02:23:12,474 Epoch 16 	 Loss 0.2780726378435617
2021-05-24 02:24:40,493 Epoch 17 	 Loss 0.2688478190492798
2021-05-24 02:26:08,631 Epoch 18 	 Loss 0.27238360849710613
2021-05-24 02:27:36,715 Epoch 19 	 Loss 0.2604315610049845
2021-05-24 02:29:04,710 Epoch 20 	 Loss 0.25550285145476626
2021-05-24 02:30:32,848 Epoch 21 	 Loss 0.2598335549726591
2021-05-24 02:32:00,911 Epoch 22 	 Loss 0.2503520988828533
2021-05-24 02:33:29,013 Epoch 23 	 Loss 0.24691966880153823
2021-05-24 02:34:57,029 Epoch 24 	 Loss 0.2449886116025212
2021-05-24 02:36:25,249 Epoch 25 	 Loss 0.23622016887088398
2021-05-24 02:37:53,278 Epoch 26 	 Loss 0.2591613586787339
2021-05-24 02:39:21,415 Epoch 27 	 Loss 0.2316263932120669
2021-05-24 02:40:49,538 Epoch 28 	 Loss 0.22667813956082522
2021-05-24 02:42:17,685 Epoch 29 	 Loss 0.22843426793486207
2021-05-24 02:43:45,789 Epoch 30 	 Loss 0.23424251148333916
2021-05-24 02:45:13,940 Epoch 31 	 Loss 0.2179883680828325
2021-05-24 02:46:42,029 Epoch 32 	 Loss 0.21239097498275422
2021-05-24 02:48:10,162 Epoch 33 	 Loss 0.20991970958945516
2021-05-24 02:49:38,276 Epoch 34 	 Loss 0.20878342989381854
2021-05-24 02:51:06,372 Epoch 35 	 Loss 0.20620084136396974
2021-05-24 02:52:34,421 Epoch 36 	 Loss 0.20393636708076185
2021-05-24 02:54:02,575 Epoch 37 	 Loss 0.21119328907557897
2021-05-24 02:55:30,565 Epoch 38 	 Loss 0.2046965072443197
2021-05-24 02:56:58,657 Epoch 39 	 Loss 0.2019210390664719
2021-05-24 02:58:26,672 Epoch 40 	 Loss 0.20704806604228176
2021-05-24 02:59:54,804 Epoch 41 	 Loss 0.20306979480025533
2021-05-24 03:01:22,859 Epoch 42 	 Loss 0.1994554911340986
2021-05-24 03:02:51,085 Epoch 43 	 Loss 0.187774114883863
2021-05-24 03:04:19,090 Epoch 44 	 Loss 0.18855576904920432
2021-05-24 03:05:47,185 Epoch 45 	 Loss 0.189293181175714
2021-05-24 03:07:15,405 Epoch 46 	 Loss 0.19703751442196604
2021-05-24 03:08:43,546 Epoch 47 	 Loss 0.18916732007330592
2021-05-24 03:10:11,797 Epoch 48 	 Loss 0.18973396800376557
2021-05-24 03:11:39,927 Epoch 49 	 Loss 0.1862590858242014
2021-05-24 03:13:07,991 Epoch 50 	 Loss 0.18740299131189073
2021-05-24 03:14:36,191 Epoch 51 	 Loss 0.17955609058940802
2021-05-24 03:16:04,257 Epoch 52 	 Loss 0.1754448407298916
2021-05-24 03:17:32,367 Epoch 53 	 Loss 0.1790026924112341
2021-05-24 03:19:00,538 Epoch 54 	 Loss 0.17857437212388594
2021-05-24 03:20:28,743 Epoch 55 	 Loss 0.1758893628369321
2021-05-24 03:21:56,660 Epoch 56 	 Loss 0.18154952044670397
2021-05-24 03:23:24,841 Epoch 57 	 Loss 0.170288622543052
2021-05-24 03:24:52,945 Epoch 58 	 Loss 0.16798293001049167
2021-05-24 03:26:21,121 Epoch 59 	 Loss 0.16700772531739957
2021-05-24 03:27:49,291 Epoch 60 	 Loss 0.16485161014965602
2021-05-24 03:29:17,504 Epoch 61 	 Loss 0.1650432200877221
2021-05-24 03:30:45,635 Epoch 62 	 Loss 0.16627693536517385
2021-05-24 03:32:13,779 Epoch 63 	 Loss 0.1669657235289668
2021-05-24 03:33:42,025 Epoch 64 	 Loss 0.1633454124023626
2021-05-24 03:35:10,268 Epoch 65 	 Loss 0.16363998166807406
2021-05-24 03:36:38,408 Epoch 66 	 Loss 0.16235442050210722
2021-05-24 03:38:06,758 Epoch 67 	 Loss 0.16169890384752672
2021-05-24 03:39:34,851 Epoch 68 	 Loss 0.1595737928381333
2021-05-24 03:41:03,149 Epoch 69 	 Loss 0.15620358566661458
2021-05-24 03:42:31,228 Epoch 70 	 Loss 0.153847951564815
2021-05-24 03:43:59,351 Epoch 71 	 Loss 0.15543023898051336
2021-05-24 03:45:27,408 Epoch 72 	 Loss 0.1585788635925932
2021-05-24 03:46:55,595 Epoch 73 	 Loss 0.1544197421152513
2021-05-24 03:48:23,647 Epoch 74 	 Loss 0.15339143901735872
2021-05-24 03:49:51,794 Epoch 75 	 Loss 0.1513389976142527
2021-05-24 03:51:20,041 Epoch 76 	 Loss 0.152711706502097
2021-05-24 03:52:48,136 Epoch 77 	 Loss 0.15339391089075213
2021-05-24 03:54:16,319 Epoch 78 	 Loss 0.15313218321119035
2021-05-24 03:55:44,453 Epoch 79 	 Loss 0.15234187720241127
2021-05-24 03:57:12,480 Epoch 80 	 Loss 0.15541025341212095
2021-05-24 03:58:40,620 Epoch 81 	 Loss 0.14864811710603945
2021-05-24 04:00:08,771 Epoch 82 	 Loss 0.1507075615636595
2021-05-24 04:01:36,917 Epoch 83 	 Loss 0.15026751054184778
2021-05-24 04:03:04,837 Epoch 84 	 Loss 0.1485611563855475
2021-05-24 04:04:32,931 Epoch 85 	 Loss 0.14831485672966466
2021-05-24 04:06:01,080 Epoch 86 	 Loss 0.14743412801852593
2021-05-24 04:07:29,373 Epoch 87 	 Loss 0.14917839015578174
2021-05-24 04:08:57,505 Epoch 88 	 Loss 0.14701142530519884
2021-05-24 04:10:25,535 Epoch 89 	 Loss 0.15029275114392185
2021-05-24 04:11:53,637 Epoch 90 	 Loss 0.14770082908344792
2021-05-24 04:13:21,820 Epoch 91 	 Loss 0.14866679530222338
2021-05-24 04:14:49,972 Epoch 92 	 Loss 0.14733301594362155
2021-05-24 04:16:18,129 Epoch 93 	 Loss 0.1459481105372146
2021-05-24 04:17:46,256 Epoch 94 	 Loss 0.14738382145271198
2021-05-24 04:19:14,393 Epoch 95 	 Loss 0.14948493119452025
2021-05-24 04:20:42,366 Epoch 96 	 Loss 0.1494621951337699
2021-05-24 04:22:10,429 Epoch 97 	 Loss 0.14518953139310356
2021-05-24 04:23:38,551 Epoch 98 	 Loss 0.14765193100486482
2021-05-24 04:25:06,598 Epoch 99 	 Loss 0.15121134501564634
2021-05-24 04:25:26,448 RESULT FOR DATASET CVC-300

2021-05-24 04:25:26,448 ==============================
2021-05-24 04:25:26,448 

2021-05-24 04:25:26,449 recall: 0.9361241852243741

2021-05-24 04:25:26,449 specificity: 0.9954611212015152

2021-05-24 04:25:26,449 precision: 0.8643925463159879

2021-05-24 04:25:26,449 F1: 0.8867854664723078

2021-05-24 04:25:26,449 F2: 0.912172249207894

2021-05-24 04:25:26,449 ACC_overall: 0.9932877480983734

2021-05-24 04:25:26,449 IoU_poly: 0.8165670042236646

2021-05-24 04:25:26,449 IoU_bg: 0.9930572797854741

2021-05-24 04:25:26,449 IoU_mean: 0.9048121402661006

2021-05-24 04:25:26,449 ==============================
2021-05-24 04:25:26,449 

2021-05-24 04:25:41,936 RESULT FOR DATASET CVC-ClinicDB

2021-05-24 04:25:41,937 ==============================
2021-05-24 04:25:41,937 

2021-05-24 04:25:41,937 recall: 0.9312278970572797

2021-05-24 04:25:41,937 specificity: 0.9948711972082814

2021-05-24 04:25:41,937 precision: 0.8984790806974953

2021-05-24 04:25:41,937 F1: 0.9067938635548232

2021-05-24 04:25:41,937 F2: 0.9162269194090303

2021-05-24 04:25:41,937 ACC_overall: 0.9910098266217017

2021-05-24 04:25:41,937 IoU_poly: 0.8598749610593528

2021-05-24 04:25:41,937 IoU_bg: 0.9892961671275478

2021-05-24 04:25:41,937 IoU_mean: 0.9245855668860097

2021-05-24 04:25:41,937 ==============================
2021-05-24 04:25:41,937 

2021-05-24 04:26:11,714 RESULT FOR DATASET Kvasir

2021-05-24 04:26:11,714 ==============================
2021-05-24 04:26:11,714 

2021-05-24 04:26:11,714 recall: 0.913491433262825

2021-05-24 04:26:11,714 specificity: 0.9900633317232131

2021-05-24 04:26:11,714 precision: 0.9405609458684921

2021-05-24 04:26:11,714 F1: 0.9168837258219719

2021-05-24 04:26:11,714 F2: 0.9126814967393875

2021-05-24 04:26:11,714 ACC_overall: 0.9745767951011658

2021-05-24 04:26:11,715 IoU_poly: 0.8643639144301415

2021-05-24 04:26:11,715 IoU_bg: 0.9674182134866715

2021-05-24 04:26:11,715 IoU_mean: 0.9158910632133483

2021-05-24 04:26:11,715 ==============================
2021-05-24 04:26:11,715 

2021-05-24 04:28:04,771 RESULT FOR DATASET CVC-ColonDB

2021-05-24 04:28:04,771 ==============================
2021-05-24 04:28:04,771 

2021-05-24 04:28:04,772 recall: 0.7874071898826059

2021-05-24 04:28:04,772 specificity: 0.986712089024092

2021-05-24 04:28:04,772 precision: 0.8176146800753868

2021-05-24 04:28:04,772 F1: 0.7597263074773237

2021-05-24 04:28:04,772 F2: 0.7658858794500367

2021-05-24 04:28:04,772 ACC_overall: 0.9605119171895479

2021-05-24 04:28:04,772 IoU_poly: 0.6838529136859793

2021-05-24 04:28:04,772 IoU_bg: 0.9575129676022027

2021-05-24 04:28:04,772 IoU_mean: 0.8206829393772702

2021-05-24 04:28:04,772 ==============================
2021-05-24 04:28:04,772 

2021-05-24 04:29:26,620 RESULT FOR DATASET ETIS-LaribPolypDB

2021-05-24 04:29:26,620 ==============================
2021-05-24 04:29:26,620 

2021-05-24 04:29:26,621 recall: 0.8628707834113811

2021-05-24 04:29:26,621 specificity: 0.9866477330120242

2021-05-24 04:29:26,621 precision: 0.7140946059231487

2021-05-24 04:29:26,621 F1: 0.7557342552809317

2021-05-24 04:29:26,621 F2: 0.8046716878151231

2021-05-24 04:29:26,621 ACC_overall: 0.9842123316258801

2021-05-24 04:29:26,621 IoU_poly: 0.6724501824914745

2021-05-24 04:29:26,621 IoU_bg: 0.9833791742519457

2021-05-24 04:29:26,621 IoU_mean: 0.8279146796890667

2021-05-24 04:29:26,621 ==============================
2021-05-24 04:29:26,621 

