2021-05-04 21:01:21,527 Epoch 0 	 Loss 0.796071198287901
2021-05-04 21:02:02,547 Epoch 1 	 Loss 0.5571773543462648
2021-05-04 21:02:45,291 Epoch 2 	 Loss 0.48754499967281634
2021-05-04 21:03:28,622 Epoch 3 	 Loss 0.45945654563851407
2021-05-04 21:04:12,141 Epoch 4 	 Loss 0.42365969799377107
2021-05-04 21:04:55,391 Epoch 5 	 Loss 0.398360679765324
2021-05-04 21:05:38,800 Epoch 6 	 Loss 0.37977574585558294
2021-05-04 21:06:22,456 Epoch 7 	 Loss 0.37983257610064286
2021-05-04 21:07:05,850 Epoch 8 	 Loss 0.36680522315449765
2021-05-04 21:07:49,301 Epoch 9 	 Loss 0.3454031289278806
2021-05-04 21:08:32,768 Epoch 10 	 Loss 0.33927119416849955
2021-05-04 21:09:16,170 Epoch 11 	 Loss 0.3356315280709948
2021-05-04 21:09:59,705 Epoch 12 	 Loss 0.3330366916053898
2021-05-04 21:10:43,087 Epoch 13 	 Loss 0.32407966092392637
2021-05-04 21:11:26,483 Epoch 14 	 Loss 0.3237084454887516
2021-05-04 21:12:09,840 Epoch 15 	 Loss 0.31258370014992387
2021-05-04 21:12:53,207 Epoch 16 	 Loss 0.3129736471634645
2021-05-04 21:13:36,609 Epoch 17 	 Loss 0.29425259507619417
2021-05-04 21:14:20,033 Epoch 18 	 Loss 0.3016434012206046
2021-05-04 21:15:03,818 Epoch 19 	 Loss 0.28602591386208165
2021-05-04 21:15:47,414 Epoch 20 	 Loss 0.2886655355220313
2021-05-04 21:16:31,039 Epoch 21 	 Loss 0.28899453072757514
2021-05-04 21:17:14,417 Epoch 22 	 Loss 0.27606778698308126
2021-05-04 21:17:58,140 Epoch 23 	 Loss 0.2852578315433565
2021-05-04 21:18:41,604 Epoch 24 	 Loss 0.27301633538125636
2021-05-04 21:19:25,123 Epoch 25 	 Loss 0.2733985740732361
2021-05-04 21:20:08,664 Epoch 26 	 Loss 0.26635861265790334
2021-05-04 21:20:52,214 Epoch 27 	 Loss 0.27157068973059184
2021-05-04 21:21:35,832 Epoch 28 	 Loss 0.26116808643052863
2021-05-04 21:22:19,733 Epoch 29 	 Loss 0.2579265633127192
2021-05-04 21:23:03,310 Epoch 30 	 Loss 0.2575895222988758
2021-05-04 21:23:46,994 Epoch 31 	 Loss 0.2544239020937092
2021-05-04 21:24:30,641 Epoch 32 	 Loss 0.2572606487588568
2021-05-04 21:25:14,202 Epoch 33 	 Loss 0.25098037523227734
2021-05-04 21:25:57,644 Epoch 34 	 Loss 0.24449385424236675
2021-05-04 21:26:40,248 Epoch 35 	 Loss 0.24008266382165008
2021-05-04 21:27:21,678 Epoch 36 	 Loss 0.23681104330571143
2021-05-04 21:28:02,923 Epoch 37 	 Loss 0.2407200126857548
2021-05-04 21:28:44,312 Epoch 38 	 Loss 0.23867640046627966
2021-05-04 21:29:26,055 Epoch 39 	 Loss 0.2419395754625509
2021-05-04 21:30:07,898 Epoch 40 	 Loss 0.23522654486881509
2021-05-04 21:30:49,148 Epoch 41 	 Loss 0.2256093347793097
2021-05-04 21:31:30,259 Epoch 42 	 Loss 0.2295236851160343
2021-05-04 21:32:11,309 Epoch 43 	 Loss 0.2364794379407233
2021-05-04 21:32:52,407 Epoch 44 	 Loss 0.2306146780540655
2021-05-04 21:33:33,440 Epoch 45 	 Loss 0.22377477962892134
2021-05-04 21:34:14,626 Epoch 46 	 Loss 0.2217034514133747
2021-05-04 21:34:55,628 Epoch 47 	 Loss 0.21486719656776596
2021-05-04 21:35:36,670 Epoch 48 	 Loss 0.22350111161614514
2021-05-04 21:36:17,786 Epoch 49 	 Loss 0.21419768379284784
2021-05-04 21:36:58,842 Epoch 50 	 Loss 0.21259745889967616
2021-05-04 21:37:39,860 Epoch 51 	 Loss 0.21325879175584395
2021-05-04 21:38:20,901 Epoch 52 	 Loss 0.211324019746466
2021-05-04 21:39:02,085 Epoch 53 	 Loss 0.20945625858647482
2021-05-04 21:39:43,250 Epoch 54 	 Loss 0.21726484596729279
2021-05-04 21:40:24,361 Epoch 55 	 Loss 0.20840039063285995
2021-05-04 21:41:05,546 Epoch 56 	 Loss 0.21437852952506517
2021-05-04 21:41:46,634 Epoch 57 	 Loss 0.2059957313013601
2021-05-04 21:42:27,773 Epoch 58 	 Loss 0.20557583819378863
2021-05-04 21:43:08,848 Epoch 59 	 Loss 0.20673936015957003
2021-05-04 21:43:49,891 Epoch 60 	 Loss 0.2090268117058408
2021-05-04 21:44:31,029 Epoch 61 	 Loss 0.19787733960937667
2021-05-04 21:45:12,052 Epoch 62 	 Loss 0.2037599571458586
2021-05-04 21:45:53,085 Epoch 63 	 Loss 0.19843660737131977
2021-05-04 21:46:34,361 Epoch 64 	 Loss 0.19617249186222369
2021-05-04 21:47:15,486 Epoch 65 	 Loss 0.19365349330089904
2021-05-04 21:47:56,578 Epoch 66 	 Loss 0.188060727256995
2021-05-04 21:48:37,696 Epoch 67 	 Loss 0.18984691553063446
2021-05-04 21:49:18,856 Epoch 68 	 Loss 0.19124936697247263
2021-05-04 21:49:59,854 Epoch 69 	 Loss 0.19279029228530087
2021-05-04 21:50:41,011 Epoch 70 	 Loss 0.1875689393216437
2021-05-04 21:51:22,169 Epoch 71 	 Loss 0.1900006339445219
2021-05-04 21:52:03,353 Epoch 72 	 Loss 0.18554891285660502
2021-05-04 21:52:44,337 Epoch 73 	 Loss 0.19279963842460088
2021-05-04 21:53:25,349 Epoch 74 	 Loss 0.18564832030416845
2021-05-04 21:54:06,377 Epoch 75 	 Loss 0.1886551763330187
2021-05-04 21:54:47,487 Epoch 76 	 Loss 0.18520250261484922
2021-05-04 21:55:28,528 Epoch 77 	 Loss 0.18196516770582932
2021-05-04 21:56:09,534 Epoch 78 	 Loss 0.18490348739938423
2021-05-04 21:56:50,596 Epoch 79 	 Loss 0.18317537271714474
2021-05-04 21:57:31,709 Epoch 80 	 Loss 0.18733459776574438
2021-05-04 21:58:12,849 Epoch 81 	 Loss 0.18713864192857846
2021-05-04 21:58:53,915 Epoch 82 	 Loss 0.1819603314602768
2021-05-04 21:59:34,992 Epoch 83 	 Loss 0.18301939980669335
2021-05-04 22:00:16,047 Epoch 84 	 Loss 0.17933620610734918
2021-05-04 22:00:57,098 Epoch 85 	 Loss 0.18058631282586318
2021-05-04 22:01:38,440 Epoch 86 	 Loss 0.17802112574105736
2021-05-04 22:02:19,710 Epoch 87 	 Loss 0.18533701228571461
2021-05-04 22:03:00,699 Epoch 88 	 Loss 0.17870893599567833
2021-05-04 22:03:41,763 Epoch 89 	 Loss 0.17915917556364458
2021-05-04 22:04:22,874 Epoch 90 	 Loss 0.18044453253457834
2021-05-04 22:05:03,934 Epoch 91 	 Loss 0.18226358130737974
2021-05-04 22:05:45,059 Epoch 92 	 Loss 0.17912886643802728
2021-05-04 22:06:26,060 Epoch 93 	 Loss 0.18302214448596096
2021-05-04 22:07:07,161 Epoch 94 	 Loss 0.1778555324116906
2021-05-04 22:07:48,316 Epoch 95 	 Loss 0.17979621969081544
2021-05-04 22:08:29,378 Epoch 96 	 Loss 0.17674484439603574
2021-05-04 22:09:10,419 Epoch 97 	 Loss 0.17962699211560762
2021-05-04 22:09:51,570 Epoch 98 	 Loss 0.18351946067024064
2021-05-04 22:10:32,606 Epoch 99 	 Loss 0.18286767225344103
2021-05-04 22:10:52,908 RESULT FOR DATASET CVC-300

2021-05-04 22:10:52,908 ==============================
2021-05-04 22:10:52,908 

2021-05-04 22:10:52,908 recall: 0.9553981443246206

2021-05-04 22:10:52,908 specificity: 0.9931154022614161

2021-05-04 22:10:52,908 precision: 0.8376030397911867

2021-05-04 22:10:52,908 F1: 0.8730502170821031

2021-05-04 22:10:52,908 F2: 0.9064022302627563

2021-05-04 22:10:52,908 ACC_overall: 0.9917091170946757

2021-05-04 22:10:52,908 IoU_poly: 0.805360562602679

2021-05-04 22:10:52,908 IoU_bg: 0.9914820452531179

2021-05-04 22:10:52,909 IoU_mean: 0.8984213054180146

2021-05-04 22:10:52,909 ==============================
2021-05-04 22:10:52,909 

2021-05-04 22:11:10,103 RESULT FOR DATASET CVC-ClinicDB

2021-05-04 22:11:10,103 ==============================
2021-05-04 22:11:10,103 

2021-05-04 22:11:10,103 recall: 0.9301214328696651

2021-05-04 22:11:10,103 specificity: 0.9937932510529796

2021-05-04 22:11:10,103 precision: 0.9117670728254222

2021-05-04 22:11:10,103 F1: 0.9146506116395036

2021-05-04 22:11:10,103 F2: 0.9208670537317952

2021-05-04 22:11:10,103 ACC_overall: 0.9906064185404009

2021-05-04 22:11:10,103 IoU_poly: 0.8644113030825411

2021-05-04 22:11:10,103 IoU_bg: 0.988591197998293

2021-05-04 22:11:10,104 IoU_mean: 0.926501254881582

2021-05-04 22:11:10,104 ==============================
2021-05-04 22:11:10,104 

2021-05-04 22:11:42,030 RESULT FOR DATASET Kvasir

2021-05-04 22:11:42,030 ==============================
2021-05-04 22:11:42,031 

2021-05-04 22:11:42,031 recall: 0.9075305795669556

2021-05-04 22:11:42,031 specificity: 0.9888244116306305

2021-05-04 22:11:42,031 precision: 0.9272308140993119

2021-05-04 22:11:42,031 F1: 0.9045052894949913

2021-05-04 22:11:42,031 F2: 0.9031635922193527

2021-05-04 22:11:42,031 ACC_overall: 0.9725166243314743

2021-05-04 22:11:42,031 IoU_poly: 0.8470335033535957

2021-05-04 22:11:42,031 IoU_bg: 0.9646858030557632

2021-05-04 22:11:42,031 IoU_mean: 0.9058596515655517

2021-05-04 22:11:42,031 ==============================
2021-05-04 22:11:42,031 

2021-05-04 22:13:47,350 RESULT FOR DATASET CVC-ColonDB

2021-05-04 22:13:47,350 ==============================
2021-05-04 22:13:47,350 

2021-05-04 22:13:47,350 recall: 0.7865690525039746

2021-05-04 22:13:47,350 specificity: 0.9884485941184195

2021-05-04 22:13:47,350 precision: 0.81773040664622

2021-05-04 22:13:47,350 F1: 0.7492660019278351

2021-05-04 22:13:47,351 F2: 0.759596173863972

2021-05-04 22:13:47,351 ACC_overall: 0.9612685551768855

2021-05-04 22:13:47,351 IoU_poly: 0.6684025522112135

2021-05-04 22:13:47,351 IoU_bg: 0.9583028888231829

2021-05-04 22:13:47,351 IoU_mean: 0.81335272138056

2021-05-04 22:13:47,351 ==============================
2021-05-04 22:13:47,351 

2021-05-04 22:15:13,493 RESULT FOR DATASET ETIS-LaribPolypDB

2021-05-04 22:15:13,493 ==============================
2021-05-04 22:15:13,494 

2021-05-04 22:15:13,494 recall: 0.8088970213481138

2021-05-04 22:15:13,494 specificity: 0.982504778978776

2021-05-04 22:15:13,494 precision: 0.7120959751569221

2021-05-04 22:15:13,494 F1: 0.7021262860994516

2021-05-04 22:15:13,494 F2: 0.7465872672521202

2021-05-04 22:15:13,494 ACC_overall: 0.979893867458616

2021-05-04 22:15:13,494 IoU_poly: 0.62181557588698

2021-05-04 22:15:13,494 IoU_bg: 0.978994818670409

2021-05-04 22:15:13,494 IoU_mean: 0.8004051965414262

2021-05-04 22:15:13,494 ==============================
2021-05-04 22:15:13,494 

