2021-05-04 23:33:43,068 Epoch 0 	 Loss 0.847147150354071
2021-05-04 23:34:29,053 Epoch 1 	 Loss 0.611756328698043
2021-05-04 23:35:15,213 Epoch 2 	 Loss 0.5367506179180774
2021-05-04 23:36:01,472 Epoch 3 	 Loss 0.4974006041065677
2021-05-04 23:36:47,830 Epoch 4 	 Loss 0.45933683593194563
2021-05-04 23:37:34,104 Epoch 5 	 Loss 0.4282630727841304
2021-05-04 23:38:20,371 Epoch 6 	 Loss 0.41403851027672106
2021-05-04 23:39:06,876 Epoch 7 	 Loss 0.39770446242866936
2021-05-04 23:39:53,266 Epoch 8 	 Loss 0.3829954073324308
2021-05-04 23:40:39,581 Epoch 9 	 Loss 0.3684089341006436
2021-05-04 23:41:25,956 Epoch 10 	 Loss 0.3665522934643777
2021-05-04 23:42:12,243 Epoch 11 	 Loss 0.3544335689518478
2021-05-04 23:42:58,481 Epoch 12 	 Loss 0.3435156640115675
2021-05-04 23:43:44,824 Epoch 13 	 Loss 0.34093084882248886
2021-05-04 23:44:31,208 Epoch 14 	 Loss 0.3308930259484511
2021-05-04 23:45:17,402 Epoch 15 	 Loss 0.32153825756612714
2021-05-04 23:46:03,632 Epoch 16 	 Loss 0.32051652342408565
2021-05-04 23:46:49,880 Epoch 17 	 Loss 0.3141469724558212
2021-05-04 23:47:36,180 Epoch 18 	 Loss 0.3070238484786107
2021-05-04 23:48:22,548 Epoch 19 	 Loss 0.31056366631617915
2021-05-04 23:49:08,996 Epoch 20 	 Loss 0.297379175221527
2021-05-04 23:49:55,329 Epoch 21 	 Loss 0.30531846166967036
2021-05-04 23:50:41,628 Epoch 22 	 Loss 0.29483928572345564
2021-05-04 23:51:27,884 Epoch 23 	 Loss 0.28587711332263527
2021-05-04 23:52:14,275 Epoch 24 	 Loss 0.2842021990608383
2021-05-04 23:53:00,357 Epoch 25 	 Loss 0.2833193872983639
2021-05-04 23:53:46,544 Epoch 26 	 Loss 0.27622985463220995
2021-05-04 23:54:32,892 Epoch 27 	 Loss 0.2699293787335301
2021-05-04 23:55:19,177 Epoch 28 	 Loss 0.2789632239184537
2021-05-04 23:56:05,573 Epoch 29 	 Loss 0.2688691869869337
2021-05-04 23:56:51,943 Epoch 30 	 Loss 0.2648719234780951
2021-05-04 23:57:38,266 Epoch 31 	 Loss 0.26257731315198835
2021-05-04 23:58:24,545 Epoch 32 	 Loss 0.2570211582786434
2021-05-04 23:59:10,995 Epoch 33 	 Loss 0.2547876674395341
2021-05-04 23:59:57,320 Epoch 34 	 Loss 0.25989753548260575
2021-05-05 00:00:43,713 Epoch 35 	 Loss 0.24876615306833288
2021-05-05 00:01:30,248 Epoch 36 	 Loss 0.2447681582563526
2021-05-05 00:02:16,678 Epoch 37 	 Loss 0.24085860887726585
2021-05-05 00:03:02,961 Epoch 38 	 Loss 0.2433512168271201
2021-05-05 00:03:49,208 Epoch 39 	 Loss 0.24056033806486443
2021-05-05 00:04:35,565 Epoch 40 	 Loss 0.24047183974103614
2021-05-05 00:05:21,872 Epoch 41 	 Loss 0.23880806794533363
2021-05-05 00:06:08,079 Epoch 42 	 Loss 0.22964312971293271
2021-05-05 00:06:54,231 Epoch 43 	 Loss 0.23046299274806137
2021-05-05 00:07:40,585 Epoch 44 	 Loss 0.23591943347192074
2021-05-05 00:08:26,921 Epoch 45 	 Loss 0.22805083453000247
2021-05-05 00:09:13,215 Epoch 46 	 Loss 0.2213189816409415
2021-05-05 00:09:59,424 Epoch 47 	 Loss 0.23300553105034671
2021-05-05 00:10:45,756 Epoch 48 	 Loss 0.22931705578997896
2021-05-05 00:11:31,984 Epoch 49 	 Loss 0.2212107248686172
2021-05-05 00:12:18,175 Epoch 50 	 Loss 0.22542323696089314
2021-05-05 00:13:04,437 Epoch 51 	 Loss 0.21748042777999416
2021-05-05 00:13:50,677 Epoch 52 	 Loss 0.21924555743788623
2021-05-05 00:14:37,020 Epoch 53 	 Loss 0.21816240840560788
2021-05-05 00:15:23,404 Epoch 54 	 Loss 0.20710957672569777
2021-05-05 00:16:09,656 Epoch 55 	 Loss 0.2117333770780773
2021-05-05 00:16:56,016 Epoch 56 	 Loss 0.20669702203064175
2021-05-05 00:17:42,242 Epoch 57 	 Loss 0.21064631182413834
2021-05-05 00:18:28,548 Epoch 58 	 Loss 0.21023570557872018
2021-05-05 00:19:15,007 Epoch 59 	 Loss 0.20514344972568554
2021-05-05 00:20:01,193 Epoch 60 	 Loss 0.206651780631516
2021-05-05 00:20:47,348 Epoch 61 	 Loss 0.20585254162222474
2021-05-05 00:21:33,517 Epoch 62 	 Loss 0.20197873669011251
2021-05-05 00:22:19,873 Epoch 63 	 Loss 0.1989810633790362
2021-05-05 00:23:06,224 Epoch 64 	 Loss 0.20189699546976403
2021-05-05 00:23:52,565 Epoch 65 	 Loss 0.20120266391025796
2021-05-05 00:24:38,766 Epoch 66 	 Loss 0.19384027411649515
2021-05-05 00:25:24,955 Epoch 67 	 Loss 0.19534270448999091
2021-05-05 00:26:11,225 Epoch 68 	 Loss 0.19590965470114907
2021-05-05 00:26:57,499 Epoch 69 	 Loss 0.1952309005863064
2021-05-05 00:27:43,794 Epoch 70 	 Loss 0.19184035717786013
2021-05-05 00:28:30,137 Epoch 71 	 Loss 0.1921039872117095
2021-05-05 00:29:16,352 Epoch 72 	 Loss 0.19061416469432496
2021-05-05 00:30:02,637 Epoch 73 	 Loss 0.18937911289733844
2021-05-05 00:30:48,994 Epoch 74 	 Loss 0.1904861255661472
2021-05-05 00:31:35,196 Epoch 75 	 Loss 0.19068225726976498
2021-05-05 00:32:21,509 Epoch 76 	 Loss 0.19182545650791336
2021-05-05 00:33:07,828 Epoch 77 	 Loss 0.18666919541882945
2021-05-05 00:33:54,063 Epoch 78 	 Loss 0.18959510293635692
2021-05-05 00:34:40,483 Epoch 79 	 Loss 0.18843639699312356
2021-05-05 00:35:26,770 Epoch 80 	 Loss 0.1885165388767536
2021-05-05 00:36:12,928 Epoch 81 	 Loss 0.18965153117756267
2021-05-05 00:36:59,263 Epoch 82 	 Loss 0.1846667441365483
2021-05-05 00:37:45,499 Epoch 83 	 Loss 0.18459020243896232
2021-05-05 00:38:31,573 Epoch 84 	 Loss 0.18177527156504955
2021-05-05 00:39:17,788 Epoch 85 	 Loss 0.18357482601653088
2021-05-05 00:40:04,132 Epoch 86 	 Loss 0.18459231562011844
2021-05-05 00:40:50,562 Epoch 87 	 Loss 0.18160585502346793
2021-05-05 00:41:36,877 Epoch 88 	 Loss 0.18569342415411394
2021-05-05 00:42:23,122 Epoch 89 	 Loss 0.18382042449909253
2021-05-05 00:43:09,432 Epoch 90 	 Loss 0.18643857833448346
2021-05-05 00:43:55,641 Epoch 91 	 Loss 0.1802339249259823
2021-05-05 00:44:41,924 Epoch 92 	 Loss 0.18357984459662174
2021-05-05 00:45:28,260 Epoch 93 	 Loss 0.1860250555551969
2021-05-05 00:46:14,567 Epoch 94 	 Loss 0.18051962652704218
2021-05-05 00:47:00,876 Epoch 95 	 Loss 0.182725890652164
2021-05-05 00:47:47,124 Epoch 96 	 Loss 0.18454432176364646
2021-05-05 00:48:33,403 Epoch 97 	 Loss 0.1811706549846209
2021-05-05 00:49:19,741 Epoch 98 	 Loss 0.18177766508453494
2021-05-05 00:50:06,048 Epoch 99 	 Loss 0.18155937993919458
2021-05-05 00:50:26,141 RESULT FOR DATASET CVC-300

2021-05-05 00:50:26,142 ==============================
2021-05-05 00:50:26,142 

2021-05-05 00:50:26,142 recall: 0.9562938362360001

2021-05-05 00:50:26,142 specificity: 0.9927790174881618

2021-05-05 00:50:26,142 precision: 0.8187053259462118

2021-05-05 00:50:26,142 F1: 0.8618672343591849

2021-05-05 00:50:26,142 F2: 0.903055282930533

2021-05-05 00:50:26,142 ACC_overall: 0.9913889110088349

2021-05-05 00:50:26,142 IoU_poly: 0.7844158678005139

2021-05-05 00:50:26,142 IoU_bg: 0.9911416113376618

2021-05-05 00:50:26,142 IoU_mean: 0.8877787371476491

2021-05-05 00:50:26,142 ==============================
2021-05-05 00:50:26,142 

2021-05-05 00:50:43,731 RESULT FOR DATASET CVC-ClinicDB

2021-05-05 00:50:43,731 ==============================
2021-05-05 00:50:43,731 

2021-05-05 00:50:43,731 recall: 0.9396131548189348

2021-05-05 00:50:43,732 specificity: 0.9940503374222787

2021-05-05 00:50:43,732 precision: 0.9120613671839237

2021-05-05 00:50:43,732 F1: 0.9092507506570509

2021-05-05 00:50:43,732 F2: 0.916648771012983

2021-05-05 00:50:43,732 ACC_overall: 0.9892207701360026

2021-05-05 00:50:43,732 IoU_poly: 0.8591251408140506

2021-05-05 00:50:43,732 IoU_bg: 0.9871983989592521

2021-05-05 00:50:43,732 IoU_mean: 0.9231617700669074

2021-05-05 00:50:43,732 ==============================
2021-05-05 00:50:43,732 

2021-05-05 00:51:16,374 RESULT FOR DATASET Kvasir

2021-05-05 00:51:16,374 ==============================
2021-05-05 00:51:16,374 

2021-05-05 00:51:16,374 recall: 0.8989730173349381

2021-05-05 00:51:16,374 specificity: 0.9869991415739059

2021-05-05 00:51:16,374 precision: 0.9243339665234089

2021-05-05 00:51:16,375 F1: 0.8971686641871929

2021-05-05 00:51:16,375 F2: 0.8940936379134655

2021-05-05 00:51:16,375 ACC_overall: 0.9675702902674675

2021-05-05 00:51:16,375 IoU_poly: 0.8414763694629073

2021-05-05 00:51:16,375 IoU_bg: 0.9604594221711159

2021-05-05 00:51:16,375 IoU_mean: 0.9009678947925568

2021-05-05 00:51:16,375 ==============================
2021-05-05 00:51:16,375 

2021-05-05 00:53:21,194 RESULT FOR DATASET CVC-ColonDB

2021-05-05 00:53:21,194 ==============================
2021-05-05 00:53:21,194 

2021-05-05 00:53:21,194 recall: 0.8148119057377938

2021-05-05 00:53:21,194 specificity: 0.9810402288248664

2021-05-05 00:53:21,194 precision: 0.7799418514033996

2021-05-05 00:53:21,194 F1: 0.7521047287629364

2021-05-05 00:53:21,194 F2: 0.7709751955138257

2021-05-05 00:53:21,194 ACC_overall: 0.9605422311707547

2021-05-05 00:53:21,194 IoU_poly: 0.6701779421509424

2021-05-05 00:53:21,194 IoU_bg: 0.9566290762863661

2021-05-05 00:53:21,194 IoU_mean: 0.8134035096356743

2021-05-05 00:53:21,194 ==============================
2021-05-05 00:53:21,195 

2021-05-05 00:54:47,830 RESULT FOR DATASET ETIS-LaribPolypDB

2021-05-05 00:54:47,830 ==============================
2021-05-05 00:54:47,830 

2021-05-05 00:54:47,831 recall: 0.8550038697821389

2021-05-05 00:54:47,831 specificity: 0.9774012234137983

2021-05-05 00:54:47,831 precision: 0.6416876336065055

2021-05-05 00:54:47,831 F1: 0.7040326682383554

2021-05-05 00:54:47,831 F2: 0.7692698904614338

2021-05-05 00:54:47,831 ACC_overall: 0.9760300094375804

2021-05-05 00:54:47,831 IoU_poly: 0.6146535265742855

2021-05-05 00:54:47,831 IoU_bg: 0.9748640869344983

2021-05-05 00:54:47,831 IoU_mean: 0.7947588085520024

2021-05-05 00:54:47,831 ==============================
2021-05-05 00:54:47,831 

