2021-05-04 22:16:02,000 Epoch 0 	 Loss 0.8382536729613503
2021-05-04 22:16:45,452 Epoch 1 	 Loss 0.573124899314
2021-05-04 22:17:29,053 Epoch 2 	 Loss 0.4957468467099326
2021-05-04 22:18:12,802 Epoch 3 	 Loss 0.45742749054353316
2021-05-04 22:18:56,598 Epoch 4 	 Loss 0.44320020439860586
2021-05-04 22:19:40,364 Epoch 5 	 Loss 0.41033624292729975
2021-05-04 22:20:24,095 Epoch 6 	 Loss 0.3913627797430688
2021-05-04 22:21:07,737 Epoch 7 	 Loss 0.38540295650670814
2021-05-04 22:21:51,463 Epoch 8 	 Loss 0.3607544915361719
2021-05-04 22:22:35,079 Epoch 9 	 Loss 0.35907357996636696
2021-05-04 22:23:18,713 Epoch 10 	 Loss 0.3423529786395503
2021-05-04 22:24:02,447 Epoch 11 	 Loss 0.34074727863400844
2021-05-04 22:24:46,281 Epoch 12 	 Loss 0.34011672273441984
2021-05-04 22:25:29,947 Epoch 13 	 Loss 0.32707432960415933
2021-05-04 22:26:13,722 Epoch 14 	 Loss 0.3257136692057599
2021-05-04 22:26:57,522 Epoch 15 	 Loss 0.3190709198569203
2021-05-04 22:27:41,247 Epoch 16 	 Loss 0.3030267940772759
2021-05-04 22:28:24,960 Epoch 17 	 Loss 0.30592847492668657
2021-05-04 22:29:08,729 Epoch 18 	 Loss 0.295199772977567
2021-05-04 22:29:52,486 Epoch 19 	 Loss 0.28744797015583123
2021-05-04 22:30:36,103 Epoch 20 	 Loss 0.28819067432330203
2021-05-04 22:31:19,789 Epoch 21 	 Loss 0.288555608018414
2021-05-04 22:32:03,485 Epoch 22 	 Loss 0.28400979690499356
2021-05-04 22:32:47,275 Epoch 23 	 Loss 0.2847053559271844
2021-05-04 22:33:30,937 Epoch 24 	 Loss 0.2693295229922284
2021-05-04 22:34:14,647 Epoch 25 	 Loss 0.27326838492037175
2021-05-04 22:34:58,517 Epoch 26 	 Loss 0.2703307870325151
2021-05-04 22:35:42,208 Epoch 27 	 Loss 0.26506336622840754
2021-05-04 22:36:25,971 Epoch 28 	 Loss 0.2670074429485824
2021-05-04 22:37:09,694 Epoch 29 	 Loss 0.26328653948647635
2021-05-04 22:37:53,432 Epoch 30 	 Loss 0.25728301278182436
2021-05-04 22:38:37,137 Epoch 31 	 Loss 0.25587204065951674
2021-05-04 22:39:20,903 Epoch 32 	 Loss 0.24594808656435746
2021-05-04 22:40:04,658 Epoch 33 	 Loss 0.2506799658576211
2021-05-04 22:40:48,315 Epoch 34 	 Loss 0.25361874552218466
2021-05-04 22:41:32,069 Epoch 35 	 Loss 0.24731086669387398
2021-05-04 22:42:15,782 Epoch 36 	 Loss 0.23920236036672696
2021-05-04 22:42:59,507 Epoch 37 	 Loss 0.23930205879630623
2021-05-04 22:43:43,188 Epoch 38 	 Loss 0.23244606056711176
2021-05-04 22:44:26,857 Epoch 39 	 Loss 0.2349672448504102
2021-05-04 22:45:10,640 Epoch 40 	 Loss 0.2333576179795213
2021-05-04 22:45:54,232 Epoch 41 	 Loss 0.23276303675803509
2021-05-04 22:46:37,977 Epoch 42 	 Loss 0.22871037777308578
2021-05-04 22:47:22,015 Epoch 43 	 Loss 0.2298010093170208
2021-05-04 22:48:05,867 Epoch 44 	 Loss 0.22676772419567948
2021-05-04 22:48:49,458 Epoch 45 	 Loss 0.2279530935562574
2021-05-04 22:49:33,218 Epoch 46 	 Loss 0.22219158414300982
2021-05-04 22:50:16,888 Epoch 47 	 Loss 0.2202906846017628
2021-05-04 22:51:00,725 Epoch 48 	 Loss 0.22434208140923426
2021-05-04 22:51:44,350 Epoch 49 	 Loss 0.22214885219767855
2021-05-04 22:52:28,068 Epoch 50 	 Loss 0.21046726683993916
2021-05-04 22:53:11,707 Epoch 51 	 Loss 0.211649307346606
2021-05-04 22:53:55,494 Epoch 52 	 Loss 0.21169803790993744
2021-05-04 22:54:39,206 Epoch 53 	 Loss 0.21334415936208034
2021-05-04 22:55:22,935 Epoch 54 	 Loss 0.21191271812051207
2021-05-04 22:56:06,615 Epoch 55 	 Loss 0.20793523909626427
2021-05-04 22:56:50,311 Epoch 56 	 Loss 0.2112074096451749
2021-05-04 22:57:33,928 Epoch 57 	 Loss 0.20807291796574226
2021-05-04 22:58:17,745 Epoch 58 	 Loss 0.2031483306334569
2021-05-04 22:59:01,577 Epoch 59 	 Loss 0.2072291591992745
2021-05-04 22:59:45,476 Epoch 60 	 Loss 0.20146235414258726
2021-05-04 23:00:29,153 Epoch 61 	 Loss 0.20359353311769254
2021-05-04 23:01:12,791 Epoch 62 	 Loss 0.20520308793901088
2021-05-04 23:01:56,494 Epoch 63 	 Loss 0.19781063005819424
2021-05-04 23:02:40,123 Epoch 64 	 Loss 0.1986224977197228
2021-05-04 23:03:24,002 Epoch 65 	 Loss 0.19496419632827844
2021-05-04 23:04:07,635 Epoch 66 	 Loss 0.1954477478514661
2021-05-04 23:04:51,468 Epoch 67 	 Loss 0.19576547696040228
2021-05-04 23:05:35,211 Epoch 68 	 Loss 0.1947426378399461
2021-05-04 23:06:19,111 Epoch 69 	 Loss 0.19372967638812222
2021-05-04 23:07:02,864 Epoch 70 	 Loss 0.19207644298836424
2021-05-04 23:07:46,630 Epoch 71 	 Loss 0.19301090184803849
2021-05-04 23:08:30,491 Epoch 72 	 Loss 0.19022230083470817
2021-05-04 23:09:14,284 Epoch 73 	 Loss 0.19124329892488626
2021-05-04 23:09:58,060 Epoch 74 	 Loss 0.18977663002826356
2021-05-04 23:10:41,660 Epoch 75 	 Loss 0.18536751872890597
2021-05-04 23:11:25,480 Epoch 76 	 Loss 0.18543984912908995
2021-05-04 23:12:09,260 Epoch 77 	 Loss 0.18831343375719511
2021-05-04 23:12:52,940 Epoch 78 	 Loss 0.187668644792431
2021-05-04 23:13:36,584 Epoch 79 	 Loss 0.18481908165491545
2021-05-04 23:14:20,308 Epoch 80 	 Loss 0.1848182484998808
2021-05-04 23:15:04,074 Epoch 81 	 Loss 0.18453233599007784
2021-05-04 23:15:47,736 Epoch 82 	 Loss 0.18543360161257313
2021-05-04 23:16:31,480 Epoch 83 	 Loss 0.18526135090288226
2021-05-04 23:17:15,140 Epoch 84 	 Loss 0.18774088300191438
2021-05-04 23:17:58,857 Epoch 85 	 Loss 0.1825890914424435
2021-05-04 23:18:42,650 Epoch 86 	 Loss 0.18113146198319865
2021-05-04 23:19:26,264 Epoch 87 	 Loss 0.17938710683649714
2021-05-04 23:20:10,058 Epoch 88 	 Loss 0.18109032266087585
2021-05-04 23:20:53,681 Epoch 89 	 Loss 0.1807412909609931
2021-05-04 23:21:37,452 Epoch 90 	 Loss 0.1769597671189151
2021-05-04 23:22:21,187 Epoch 91 	 Loss 0.17869753513362382
2021-05-04 23:23:04,934 Epoch 92 	 Loss 0.17944018935764228
2021-05-04 23:23:48,751 Epoch 93 	 Loss 0.1782015359008705
2021-05-04 23:24:32,548 Epoch 94 	 Loss 0.18294422868843918
2021-05-04 23:25:16,301 Epoch 95 	 Loss 0.18033065049202887
2021-05-04 23:26:00,110 Epoch 96 	 Loss 0.1769384122811831
2021-05-04 23:26:43,912 Epoch 97 	 Loss 0.18042373411603027
2021-05-04 23:27:27,782 Epoch 98 	 Loss 0.18131657272249788
2021-05-04 23:28:11,480 Epoch 99 	 Loss 0.18411686066742783
2021-05-04 23:28:31,352 RESULT FOR DATASET CVC-300

2021-05-04 23:28:31,353 ==============================
2021-05-04 23:28:31,353 

2021-05-04 23:28:31,353 recall: 0.9494415313005448

2021-05-04 23:28:31,353 specificity: 0.9934584935506184

2021-05-04 23:28:31,353 precision: 0.8344299996892611

2021-05-04 23:28:31,353 F1: 0.8696540293594202

2021-05-04 23:28:31,353 F2: 0.9041159957647323

2021-05-04 23:28:31,353 ACC_overall: 0.9918621967236201

2021-05-04 23:28:31,353 IoU_poly: 0.7983896609395742

2021-05-04 23:28:31,353 IoU_bg: 0.9916116664807002

2021-05-04 23:28:31,353 IoU_mean: 0.8950006643931071

2021-05-04 23:28:31,353 ==============================
2021-05-04 23:28:31,353 

2021-05-04 23:28:48,640 RESULT FOR DATASET CVC-ClinicDB

2021-05-04 23:28:48,640 ==============================
2021-05-04 23:28:48,640 

2021-05-04 23:28:48,640 recall: 0.9227459894553307

2021-05-04 23:28:48,640 specificity: 0.9929008695387072

2021-05-04 23:28:48,640 precision: 0.9110291571085972

2021-05-04 23:28:48,640 F1: 0.9025619525402304

2021-05-04 23:28:48,641 F2: 0.9087003875643976

2021-05-04 23:28:48,641 ACC_overall: 0.9890129431601493

2021-05-04 23:28:48,641 IoU_poly: 0.8529815536833578

2021-05-04 23:28:48,641 IoU_bg: 0.9870961942980366

2021-05-04 23:28:48,641 IoU_mean: 0.9200388769949636

2021-05-04 23:28:48,641 ==============================
2021-05-04 23:28:48,641 

2021-05-04 23:29:21,156 RESULT FOR DATASET Kvasir

2021-05-04 23:29:21,156 ==============================
2021-05-04 23:29:21,156 

2021-05-04 23:29:21,156 recall: 0.904010439813137

2021-05-04 23:29:21,156 specificity: 0.9872217828035355

2021-05-04 23:29:21,156 precision: 0.9277765467017889

2021-05-04 23:29:21,156 F1: 0.90643873244524

2021-05-04 23:29:21,156 F2: 0.9022122484445572

2021-05-04 23:29:21,157 ACC_overall: 0.9732241976261139

2021-05-04 23:29:21,157 IoU_poly: 0.8510116149485111

2021-05-04 23:29:21,157 IoU_bg: 0.9649267017841339

2021-05-04 23:29:21,157 IoU_mean: 0.9079691544175148

2021-05-04 23:29:21,157 ==============================
2021-05-04 23:29:21,157 

2021-05-04 23:31:25,731 RESULT FOR DATASET CVC-ColonDB

2021-05-04 23:31:25,731 ==============================
2021-05-04 23:31:25,731 

2021-05-04 23:31:25,731 recall: 0.8122732521418009

2021-05-04 23:31:25,731 specificity: 0.9823752130332746

2021-05-04 23:31:25,731 precision: 0.7960074168919259

2021-05-04 23:31:25,731 F1: 0.7597390104166535

2021-05-04 23:31:25,731 F2: 0.7744914970971637

2021-05-04 23:31:25,731 ACC_overall: 0.9608118932498129

2021-05-04 23:31:25,731 IoU_poly: 0.6774511050661802

2021-05-04 23:31:25,731 IoU_bg: 0.956886119434708

2021-05-04 23:31:25,731 IoU_mean: 0.8171686134840312

2021-05-04 23:31:25,731 ==============================
2021-05-04 23:31:25,731 

2021-05-04 23:32:51,776 RESULT FOR DATASET ETIS-LaribPolypDB

2021-05-04 23:32:51,776 ==============================
2021-05-04 23:32:51,776 

2021-05-04 23:32:51,776 recall: 0.8379799357466235

2021-05-04 23:32:51,776 specificity: 0.9790369339135229

2021-05-04 23:32:51,776 precision: 0.6550179070027066

2021-05-04 23:32:51,776 F1: 0.708074618019087

2021-05-04 23:32:51,776 F2: 0.7634717440163401

2021-05-04 23:32:51,776 ACC_overall: 0.9772605382058085

2021-05-04 23:32:51,776 IoU_poly: 0.6272704966564022

2021-05-04 23:32:51,776 IoU_bg: 0.976229763152648

2021-05-04 23:32:51,776 IoU_mean: 0.8017501283665093

2021-05-04 23:32:51,776 ==============================
2021-05-04 23:32:51,776 

