2021-05-09 17:49:16,086 Epoch 0 	 Loss 0.7804446266247675
2021-05-09 17:49:49,443 Epoch 1 	 Loss 0.5570381467158978
2021-05-09 17:50:22,901 Epoch 2 	 Loss 0.49246298939317135
2021-05-09 17:50:56,365 Epoch 3 	 Loss 0.44863939842025
2021-05-09 17:51:29,889 Epoch 4 	 Loss 0.41595807999044987
2021-05-09 17:52:03,499 Epoch 5 	 Loss 0.39866683312824797
2021-05-09 17:52:37,134 Epoch 6 	 Loss 0.3947952898976567
2021-05-09 17:53:10,760 Epoch 7 	 Loss 0.3663663109252741
2021-05-09 17:53:44,361 Epoch 8 	 Loss 0.3604842272106108
2021-05-09 17:54:17,898 Epoch 9 	 Loss 0.34914688831502266
2021-05-09 17:54:51,558 Epoch 10 	 Loss 0.35402680720601765
2021-05-09 17:55:25,255 Epoch 11 	 Loss 0.34544818430811497
2021-05-09 17:55:58,898 Epoch 12 	 Loss 0.3286408081159487
2021-05-09 17:56:32,607 Epoch 13 	 Loss 0.32478065199249395
2021-05-09 17:57:06,154 Epoch 14 	 Loss 0.31871615006373477
2021-05-09 17:57:39,740 Epoch 15 	 Loss 0.30592832345883925
2021-05-09 17:58:13,298 Epoch 16 	 Loss 0.3061067152481813
2021-05-09 17:58:46,958 Epoch 17 	 Loss 0.2970856595170367
2021-05-09 17:59:20,565 Epoch 18 	 Loss 0.29924163140438415
2021-05-09 17:59:54,139 Epoch 19 	 Loss 0.29477254702494693
2021-05-09 18:00:27,885 Epoch 20 	 Loss 0.2829392010366524
2021-05-09 18:01:01,513 Epoch 21 	 Loss 0.2860921672084829
2021-05-09 18:01:35,147 Epoch 22 	 Loss 0.27825682471086693
2021-05-09 18:02:08,791 Epoch 23 	 Loss 0.2841086302484785
2021-05-09 18:02:42,331 Epoch 24 	 Loss 0.27460702336751497
2021-05-09 18:03:15,974 Epoch 25 	 Loss 0.2697232241158957
2021-05-09 18:03:49,697 Epoch 26 	 Loss 0.27721626254228443
2021-05-09 18:04:23,344 Epoch 27 	 Loss 0.2657676792734272
2021-05-09 18:04:56,992 Epoch 28 	 Loss 0.2619158366879264
2021-05-09 18:05:30,705 Epoch 29 	 Loss 0.2587577269954996
2021-05-09 18:06:04,256 Epoch 30 	 Loss 0.25527870867933544
2021-05-09 18:06:37,845 Epoch 31 	 Loss 0.26168342114804866
2021-05-09 18:07:11,557 Epoch 32 	 Loss 0.25685854976648814
2021-05-09 18:07:45,222 Epoch 33 	 Loss 0.2442243549522463
2021-05-09 18:08:18,866 Epoch 34 	 Loss 0.24267961428715631
2021-05-09 18:08:52,487 Epoch 35 	 Loss 0.24391223310114263
2021-05-09 18:09:26,124 Epoch 36 	 Loss 0.23962554941465566
2021-05-09 18:09:59,778 Epoch 37 	 Loss 0.23879661550233652
2021-05-09 18:10:33,489 Epoch 38 	 Loss 0.23580616073948996
2021-05-09 18:11:07,252 Epoch 39 	 Loss 0.2352567040003263
2021-05-09 18:11:40,877 Epoch 40 	 Loss 0.23426672013906333
2021-05-09 18:12:14,474 Epoch 41 	 Loss 0.23372946483093304
2021-05-09 18:12:48,058 Epoch 42 	 Loss 0.2276179381124266
2021-05-09 18:13:21,750 Epoch 43 	 Loss 0.2310273819244825
2021-05-09 18:13:55,382 Epoch 44 	 Loss 0.22664016960086403
2021-05-09 18:14:29,002 Epoch 45 	 Loss 0.2279515251681045
2021-05-09 18:15:02,589 Epoch 46 	 Loss 0.22281107961476504
2021-05-09 18:15:36,196 Epoch 47 	 Loss 0.22193044800679762
2021-05-09 18:16:09,823 Epoch 48 	 Loss 0.2193618763934125
2021-05-09 18:16:43,606 Epoch 49 	 Loss 0.21688290808227037
2021-05-09 18:17:17,368 Epoch 50 	 Loss 0.2176286144243492
2021-05-09 18:17:51,024 Epoch 51 	 Loss 0.2153224222935163
2021-05-09 18:18:24,751 Epoch 52 	 Loss 0.2176396927008262
2021-05-09 18:18:58,545 Epoch 53 	 Loss 0.20527944705643497
2021-05-09 18:19:32,298 Epoch 54 	 Loss 0.21649105912381475
2021-05-09 18:20:05,943 Epoch 55 	 Loss 0.21147650824143335
2021-05-09 18:20:39,673 Epoch 56 	 Loss 0.2104334981886895
2021-05-09 18:21:13,331 Epoch 57 	 Loss 0.2040436125391132
2021-05-09 18:21:47,020 Epoch 58 	 Loss 0.20166032163651434
2021-05-09 18:22:20,658 Epoch 59 	 Loss 0.20261077320837712
2021-05-09 18:22:54,343 Epoch 60 	 Loss 0.20318753509731083
2021-05-09 18:23:27,934 Epoch 61 	 Loss 0.20186833071184682
2021-05-09 18:24:01,574 Epoch 62 	 Loss 0.19560654526883428
2021-05-09 18:24:35,221 Epoch 63 	 Loss 0.2011917883550728
2021-05-09 18:25:08,906 Epoch 64 	 Loss 0.19365164015319322
2021-05-09 18:25:42,550 Epoch 65 	 Loss 0.19548335720549573
2021-05-09 18:26:16,146 Epoch 66 	 Loss 0.20195043480003272
2021-05-09 18:26:49,663 Epoch 67 	 Loss 0.19906082503743225
2021-05-09 18:27:23,351 Epoch 68 	 Loss 0.1966392952989746
2021-05-09 18:27:57,086 Epoch 69 	 Loss 0.19436878375299685
2021-05-09 18:28:30,697 Epoch 70 	 Loss 0.19287652841636113
2021-05-09 18:29:04,327 Epoch 71 	 Loss 0.18708291289570567
2021-05-09 18:29:37,897 Epoch 72 	 Loss 0.19110105162138466
2021-05-09 18:30:11,569 Epoch 73 	 Loss 0.18813378666783429
2021-05-09 18:30:45,353 Epoch 74 	 Loss 0.18746128711071644
2021-05-09 18:31:19,057 Epoch 75 	 Loss 0.1879770734480449
2021-05-09 18:31:52,695 Epoch 76 	 Loss 0.18826150075419917
2021-05-09 18:32:26,454 Epoch 77 	 Loss 0.18287189976199641
2021-05-09 18:33:00,034 Epoch 78 	 Loss 0.1843125188088679
2021-05-09 18:33:33,704 Epoch 79 	 Loss 0.1866458819790201
2021-05-09 18:34:07,400 Epoch 80 	 Loss 0.1855102777481079
2021-05-09 18:34:41,023 Epoch 81 	 Loss 0.1858196199595273
2021-05-09 18:35:14,629 Epoch 82 	 Loss 0.18567002212608252
2021-05-09 18:35:48,351 Epoch 83 	 Loss 0.1841977841251499
2021-05-09 18:36:22,115 Epoch 84 	 Loss 0.18554252074969993
2021-05-09 18:36:55,772 Epoch 85 	 Loss 0.1871359428534141
2021-05-09 18:37:29,509 Epoch 86 	 Loss 0.1818324625492096
2021-05-09 18:38:03,154 Epoch 87 	 Loss 0.184247897876488
2021-05-09 18:38:36,854 Epoch 88 	 Loss 0.18021014381896008
2021-05-09 18:39:10,510 Epoch 89 	 Loss 0.179951589513611
2021-05-09 18:39:44,402 Epoch 90 	 Loss 0.18258775312166947
2021-05-09 18:40:18,094 Epoch 91 	 Loss 0.1794141077405804
2021-05-09 18:40:51,904 Epoch 92 	 Loss 0.1814583137140169
2021-05-09 18:41:25,688 Epoch 93 	 Loss 0.18317941420680875
2021-05-09 18:41:59,369 Epoch 94 	 Loss 0.18068749154662037
2021-05-09 18:42:32,985 Epoch 95 	 Loss 0.18358822035920488
2021-05-09 18:43:06,726 Epoch 96 	 Loss 0.18326785816596106
2021-05-09 18:43:40,422 Epoch 97 	 Loss 0.18543490882103258
2021-05-09 18:44:14,195 Epoch 98 	 Loss 0.1809689924939648
2021-05-09 18:44:47,802 Epoch 99 	 Loss 0.178450067455952
2021-05-09 18:45:06,256 RESULT FOR DATASET CVC-300

2021-05-09 18:45:06,256 ==============================
2021-05-09 18:45:06,256 

2021-05-09 18:45:06,256 recall: 0.9335357839862506

2021-05-09 18:45:06,256 specificity: 0.9918766796588898

2021-05-09 18:45:06,256 precision: 0.8253587201237679

2021-05-09 18:45:06,256 F1: 0.8489690302560727

2021-05-09 18:45:06,256 F2: 0.8809226537744205

2021-05-09 18:45:06,256 ACC_overall: 0.9894324620564778

2021-05-09 18:45:06,256 IoU_poly: 0.774434092392524

2021-05-09 18:45:06,257 IoU_bg: 0.9891707638899485

2021-05-09 18:45:06,257 IoU_mean: 0.8818024232983589

2021-05-09 18:45:06,257 ==============================
2021-05-09 18:45:06,257 

2021-05-09 18:45:21,604 RESULT FOR DATASET CVC-ClinicDB

2021-05-09 18:45:21,605 ==============================
2021-05-09 18:45:21,605 

2021-05-09 18:45:21,605 recall: 0.9145880222410685

2021-05-09 18:45:21,605 specificity: 0.9936242911123461

2021-05-09 18:45:21,605 precision: 0.9120603736429926

2021-05-09 18:45:21,605 F1: 0.8996608477806852

2021-05-09 18:45:21,605 F2: 0.9053982612226279

2021-05-09 18:45:21,605 ACC_overall: 0.9876771742297757

2021-05-09 18:45:21,605 IoU_poly: 0.8496375872693476

2021-05-09 18:45:21,606 IoU_bg: 0.9855087101459503

2021-05-09 18:45:21,606 IoU_mean: 0.917573147243069

2021-05-09 18:45:21,606 ==============================
2021-05-09 18:45:21,606 

2021-05-09 18:45:50,698 RESULT FOR DATASET Kvasir

2021-05-09 18:45:50,698 ==============================
2021-05-09 18:45:50,699 

2021-05-09 18:45:50,699 recall: 0.909713748395443

2021-05-09 18:45:50,699 specificity: 0.9892566621303558

2021-05-09 18:45:50,699 precision: 0.9325502994656563

2021-05-09 18:45:50,699 F1: 0.9099592489004135

2021-05-09 18:45:50,699 F2: 0.9066348794102669

2021-05-09 18:45:50,699 ACC_overall: 0.9730383425951004

2021-05-09 18:45:50,699 IoU_poly: 0.8544678348302841

2021-05-09 18:45:50,699 IoU_bg: 0.9652284550666809

2021-05-09 18:45:50,699 IoU_mean: 0.9098481440544128

2021-05-09 18:45:50,699 ==============================
2021-05-09 18:45:50,699 

2021-05-09 18:47:41,470 RESULT FOR DATASET CVC-ColonDB

2021-05-09 18:47:41,471 ==============================
2021-05-09 18:47:41,471 

2021-05-09 18:47:41,471 recall: 0.7696623230427122

2021-05-09 18:47:41,471 specificity: 0.99055092758254

2021-05-09 18:47:41,471 precision: 0.8162127345815909

2021-05-09 18:47:41,471 F1: 0.733255785505461

2021-05-09 18:47:41,471 F2: 0.7438523564686109

2021-05-09 18:47:41,471 ACC_overall: 0.962754170361318

2021-05-09 18:47:41,471 IoU_poly: 0.6530324596718904

2021-05-09 18:47:41,471 IoU_bg: 0.9598173033250006

2021-05-09 18:47:41,471 IoU_mean: 0.8064248810473241

2021-05-09 18:47:41,471 ==============================
2021-05-09 18:47:41,472 

2021-05-09 18:49:01,878 RESULT FOR DATASET ETIS-LaribPolypDB

2021-05-09 18:49:01,878 ==============================
2021-05-09 18:49:01,878 

2021-05-09 18:49:01,878 recall: 0.7863782937051838

2021-05-09 18:49:01,878 specificity: 0.9870806558399784

2021-05-09 18:49:01,878 precision: 0.7678412129687772

2021-05-09 18:49:01,879 F1: 0.7026419515189455

2021-05-09 18:49:01,879 F2: 0.7390717851912625

2021-05-09 18:49:01,879 ACC_overall: 0.9838521392369757

2021-05-09 18:49:01,879 IoU_poly: 0.6260402004342875

2021-05-09 18:49:01,879 IoU_bg: 0.9828636001567451

2021-05-09 18:49:01,879 IoU_mean: 0.8044518994129434

2021-05-09 18:49:01,879 ==============================
2021-05-09 18:49:01,879 

