2021-05-01 10:16:41,797 Epoch 0 	 Loss 0.847147150354071
2021-05-01 10:17:28,928 Epoch 1 	 Loss 0.611756328698043
2021-05-01 10:18:16,357 Epoch 2 	 Loss 0.5367506179180774
2021-05-01 10:19:03,773 Epoch 3 	 Loss 0.4974006041065677
2021-05-01 10:19:51,321 Epoch 4 	 Loss 0.45933683593194563
2021-05-01 10:20:39,334 Epoch 5 	 Loss 0.4282630727841304
2021-05-01 10:21:26,780 Epoch 6 	 Loss 0.41403851027672106
2021-05-01 10:22:15,564 Epoch 7 	 Loss 0.39770446242866936
2021-05-01 10:23:04,182 Epoch 8 	 Loss 0.3829954073324308
2021-05-01 10:23:52,838 Epoch 9 	 Loss 0.3684089341006436
2021-05-01 10:24:41,644 Epoch 10 	 Loss 0.3665522934643777
2021-05-01 10:25:30,736 Epoch 11 	 Loss 0.3544335689518478
2021-05-01 10:26:18,869 Epoch 12 	 Loss 0.3435156640115675
2021-05-01 10:27:06,164 Epoch 13 	 Loss 0.34093084882248886
2021-05-01 10:27:52,823 Epoch 14 	 Loss 0.3308930259484511
2021-05-01 10:28:38,572 Epoch 15 	 Loss 0.32153825756612714
2021-05-01 10:29:25,547 Epoch 16 	 Loss 0.32051652342408565
2021-05-01 10:30:11,586 Epoch 17 	 Loss 0.3141469724558212
2021-05-01 10:30:57,658 Epoch 18 	 Loss 0.3070238484786107
2021-05-01 10:31:43,704 Epoch 19 	 Loss 0.31056366631617915
2021-05-01 10:32:29,808 Epoch 20 	 Loss 0.297379175221527
2021-05-01 10:33:15,835 Epoch 21 	 Loss 0.30531846166967036
2021-05-01 10:34:02,109 Epoch 22 	 Loss 0.29483928572345564
2021-05-01 10:34:48,081 Epoch 23 	 Loss 0.28587711332263527
2021-05-01 10:35:33,988 Epoch 24 	 Loss 0.2842021990608383
2021-05-01 10:36:19,966 Epoch 25 	 Loss 0.2833193872983639
2021-05-01 10:37:05,969 Epoch 26 	 Loss 0.27622985463220995
2021-05-01 10:37:51,933 Epoch 27 	 Loss 0.2699293787335301
2021-05-01 10:38:37,994 Epoch 28 	 Loss 0.2789632239184537
2021-05-01 10:39:24,073 Epoch 29 	 Loss 0.2688691869869337
2021-05-01 10:40:10,628 Epoch 30 	 Loss 0.2648719234780951
2021-05-01 10:40:59,561 Epoch 31 	 Loss 0.26257731315198835
2021-05-01 10:41:47,858 Epoch 32 	 Loss 0.2570211582786434
2021-05-01 10:42:36,210 Epoch 33 	 Loss 0.2547876674395341
2021-05-01 10:43:24,604 Epoch 34 	 Loss 0.25989753548260575
2021-05-01 10:44:12,909 Epoch 35 	 Loss 0.24876615306833288
2021-05-01 10:45:01,346 Epoch 36 	 Loss 0.2447681582563526
2021-05-01 10:45:49,502 Epoch 37 	 Loss 0.24085860887726585
2021-05-01 10:46:37,557 Epoch 38 	 Loss 0.2433512168271201
2021-05-01 10:47:26,315 Epoch 39 	 Loss 0.24056033806486443
2021-05-01 10:48:12,247 Epoch 40 	 Loss 0.24047183974103614
2021-05-01 10:48:58,221 Epoch 41 	 Loss 0.23880806794533363
2021-05-01 10:49:44,204 Epoch 42 	 Loss 0.22964312971293271
2021-05-01 10:50:30,200 Epoch 43 	 Loss 0.23046299274806137
2021-05-01 10:51:16,124 Epoch 44 	 Loss 0.23591943347192074
2021-05-01 10:52:02,205 Epoch 45 	 Loss 0.22805083453000247
2021-05-01 10:52:48,188 Epoch 46 	 Loss 0.2213189816409415
2021-05-01 10:53:34,226 Epoch 47 	 Loss 0.23300553105034671
2021-05-01 10:54:20,294 Epoch 48 	 Loss 0.22931705578997896
2021-05-01 10:55:06,261 Epoch 49 	 Loss 0.2212107248686172
2021-05-01 10:55:52,332 Epoch 50 	 Loss 0.22542323696089314
2021-05-01 10:56:38,271 Epoch 51 	 Loss 0.21748042777999416
2021-05-01 10:57:24,351 Epoch 52 	 Loss 0.21924555743788623
2021-05-01 10:58:10,209 Epoch 53 	 Loss 0.21816240840560788
2021-05-01 10:58:56,264 Epoch 54 	 Loss 0.20710957672569777
2021-05-01 10:59:42,429 Epoch 55 	 Loss 0.2117333770780773
2021-05-01 11:00:28,573 Epoch 56 	 Loss 0.20669702203064175
2021-05-01 11:01:14,655 Epoch 57 	 Loss 0.21064631182413834
2021-05-01 11:02:00,571 Epoch 58 	 Loss 0.21023570557872018
2021-05-01 11:02:46,683 Epoch 59 	 Loss 0.20514344972568554
2021-05-01 11:03:32,637 Epoch 60 	 Loss 0.206651780631516
2021-05-01 11:04:20,772 Epoch 61 	 Loss 0.20585254162222474
2021-05-01 11:05:10,768 Epoch 62 	 Loss 0.20197873669011251
2021-05-01 11:05:58,192 Epoch 63 	 Loss 0.1989810633790362
2021-05-01 11:06:46,516 Epoch 64 	 Loss 0.20189699546976403
2021-05-01 11:07:35,316 Epoch 65 	 Loss 0.20120266391025796
2021-05-01 11:08:24,518 Epoch 66 	 Loss 0.19384027411649515
2021-05-01 11:09:13,918 Epoch 67 	 Loss 0.19534270448999091
2021-05-01 11:10:03,151 Epoch 68 	 Loss 0.19590965470114907
2021-05-01 11:10:52,456 Epoch 69 	 Loss 0.1952309005863064
2021-05-01 11:11:41,647 Epoch 70 	 Loss 0.19184035717786013
2021-05-01 11:12:31,055 Epoch 71 	 Loss 0.1921039872117095
2021-05-01 11:13:20,151 Epoch 72 	 Loss 0.19061416469432496
2021-05-01 11:14:09,242 Epoch 73 	 Loss 0.18937911289733844
2021-05-01 11:14:58,295 Epoch 74 	 Loss 0.1904861255661472
2021-05-01 11:15:47,445 Epoch 75 	 Loss 0.19068225726976498
2021-05-01 11:16:36,744 Epoch 76 	 Loss 0.19182545650791336
2021-05-01 11:17:25,990 Epoch 77 	 Loss 0.18666919541882945
2021-05-01 11:18:14,981 Epoch 78 	 Loss 0.18959510293635692
2021-05-01 11:19:04,060 Epoch 79 	 Loss 0.18843639699312356
2021-05-01 11:19:53,031 Epoch 80 	 Loss 0.1885165388767536
2021-05-01 11:20:42,180 Epoch 81 	 Loss 0.18965153117756267
2021-05-01 11:21:31,226 Epoch 82 	 Loss 0.1846667441365483
2021-05-01 11:22:19,203 Epoch 83 	 Loss 0.18459020243896232
2021-05-01 11:23:05,076 Epoch 84 	 Loss 0.18177527156504955
2021-05-01 11:23:50,969 Epoch 85 	 Loss 0.18357482601653088
2021-05-01 11:24:36,998 Epoch 86 	 Loss 0.18459231562011844
2021-05-01 11:25:25,003 Epoch 87 	 Loss 0.18160585502346793
2021-05-01 11:26:13,803 Epoch 88 	 Loss 0.18569342415411394
2021-05-01 11:27:02,509 Epoch 89 	 Loss 0.18382042449909253
2021-05-01 11:27:51,434 Epoch 90 	 Loss 0.18643857833448346
2021-05-01 11:28:40,295 Epoch 91 	 Loss 0.1802339249259823
2021-05-01 11:29:29,193 Epoch 92 	 Loss 0.18357984459662174
2021-05-01 11:30:18,218 Epoch 93 	 Loss 0.1860250555551969
2021-05-01 11:31:06,930 Epoch 94 	 Loss 0.18051962652704218
2021-05-01 11:31:55,958 Epoch 95 	 Loss 0.182725890652164
2021-05-01 11:32:44,793 Epoch 96 	 Loss 0.18454432176364646
2021-05-01 11:33:33,846 Epoch 97 	 Loss 0.1811706549846209
2021-05-01 11:34:22,921 Epoch 98 	 Loss 0.18177766508453494
2021-05-01 11:35:11,802 Epoch 99 	 Loss 0.18155937993919458
2021-05-01 11:35:31,208 RESULT FOR DATASET CVC-300

2021-05-01 11:35:31,208 ==============================
2021-05-01 11:35:31,208 

2021-05-01 11:35:31,208 recall: 0.9562938362360001

2021-05-01 11:35:31,208 specificity: 0.9927790174881618

2021-05-01 11:35:31,209 precision: 0.8187053259462118

2021-05-01 11:35:31,209 F1: 0.8618672343591849

2021-05-01 11:35:31,209 F2: 0.903055282930533

2021-05-01 11:35:31,209 ACC_overall: 0.9913889110088349

2021-05-01 11:35:31,209 IoU_poly: 0.7844158678005139

2021-05-01 11:35:31,209 IoU_bg: 0.9911416113376618

2021-05-01 11:35:31,209 IoU_mean: 0.8877787371476491

2021-05-01 11:35:31,209 ==============================
2021-05-01 11:35:31,209 

2021-05-01 11:35:47,072 RESULT FOR DATASET CVC-ClinicDB

2021-05-01 11:35:47,072 ==============================
2021-05-01 11:35:47,072 

2021-05-01 11:35:47,072 recall: 0.9396131548189348

2021-05-01 11:35:47,072 specificity: 0.9940503374222787

2021-05-01 11:35:47,072 precision: 0.9120613671839237

2021-05-01 11:35:47,072 F1: 0.9092507506570509

2021-05-01 11:35:47,072 F2: 0.916648771012983

2021-05-01 11:35:47,072 ACC_overall: 0.9892207701360026

2021-05-01 11:35:47,072 IoU_poly: 0.8591251408140506

2021-05-01 11:35:47,072 IoU_bg: 0.9871983989592521

2021-05-01 11:35:47,072 IoU_mean: 0.9231617700669074

2021-05-01 11:35:47,073 ==============================
2021-05-01 11:35:47,073 

2021-05-01 11:36:18,121 RESULT FOR DATASET Kvasir

2021-05-01 11:36:18,122 ==============================
2021-05-01 11:36:18,122 

2021-05-01 11:36:18,122 recall: 0.8989730173349381

2021-05-01 11:36:18,122 specificity: 0.9869991415739059

2021-05-01 11:36:18,122 precision: 0.9243339665234089

2021-05-01 11:36:18,122 F1: 0.8971686641871929

2021-05-01 11:36:18,122 F2: 0.8940936379134655

2021-05-01 11:36:18,122 ACC_overall: 0.9675702902674675

2021-05-01 11:36:18,122 IoU_poly: 0.8414763694629073

2021-05-01 11:36:18,122 IoU_bg: 0.9604594221711159

2021-05-01 11:36:18,122 IoU_mean: 0.9009678947925568

2021-05-01 11:36:18,122 ==============================
2021-05-01 11:36:18,123 

2021-05-01 11:38:18,905 RESULT FOR DATASET CVC-ColonDB

2021-05-01 11:38:18,905 ==============================
2021-05-01 11:38:18,905 

2021-05-01 11:38:18,905 recall: 0.8148119057377938

2021-05-01 11:38:18,905 specificity: 0.9810402288248664

2021-05-01 11:38:18,905 precision: 0.7799418514033996

2021-05-01 11:38:18,905 F1: 0.7521047287629364

2021-05-01 11:38:18,905 F2: 0.7709751955138257

2021-05-01 11:38:18,905 ACC_overall: 0.9605422311707547

2021-05-01 11:38:18,905 IoU_poly: 0.6701779421509424

2021-05-01 11:38:18,905 IoU_bg: 0.9566290762863661

2021-05-01 11:38:18,905 IoU_mean: 0.8134035096356743

2021-05-01 11:38:18,905 ==============================
2021-05-01 11:38:18,905 

2021-05-01 11:39:42,929 RESULT FOR DATASET ETIS-LaribPolypDB

2021-05-01 11:39:42,929 ==============================
2021-05-01 11:39:42,929 

2021-05-01 11:39:42,929 recall: 0.8550038697821389

2021-05-01 11:39:42,929 specificity: 0.9774012234137983

2021-05-01 11:39:42,930 precision: 0.6416876336065055

2021-05-01 11:39:42,930 F1: 0.7040326682383554

2021-05-01 11:39:42,930 F2: 0.7692698904614338

2021-05-01 11:39:42,930 ACC_overall: 0.9760300094375804

2021-05-01 11:39:42,930 IoU_poly: 0.6146535265742855

2021-05-01 11:39:42,930 IoU_bg: 0.9748640869344983

2021-05-01 11:39:42,930 IoU_mean: 0.7947588085520024

2021-05-01 11:39:42,930 ==============================
2021-05-01 11:39:42,930 

