2021-05-01 14:13:49,169 Epoch 0 	 Loss 0.796071198287901
2021-05-01 14:14:32,273 Epoch 1 	 Loss 0.5571773543462648
2021-05-01 14:15:15,051 Epoch 2 	 Loss 0.48754499967281634
2021-05-01 14:15:58,317 Epoch 3 	 Loss 0.45945654563851407
2021-05-01 14:16:43,150 Epoch 4 	 Loss 0.42365969799377107
2021-05-01 14:17:26,624 Epoch 5 	 Loss 0.398360679765324
2021-05-01 14:18:10,453 Epoch 6 	 Loss 0.37977574585558294
2021-05-01 14:18:55,408 Epoch 7 	 Loss 0.37983257610064286
2021-05-01 14:19:40,652 Epoch 8 	 Loss 0.36680522315449765
2021-05-01 14:20:26,072 Epoch 9 	 Loss 0.3454031289278806
2021-05-01 14:21:13,435 Epoch 10 	 Loss 0.33927119416849955
2021-05-01 14:21:59,092 Epoch 11 	 Loss 0.3356315280709948
2021-05-01 14:22:43,279 Epoch 12 	 Loss 0.3330366916053898
2021-05-01 14:23:28,482 Epoch 13 	 Loss 0.32407966092392637
2021-05-01 14:24:13,480 Epoch 14 	 Loss 0.3237084454887516
2021-05-01 14:24:58,659 Epoch 15 	 Loss 0.31258370014992387
2021-05-01 14:25:44,015 Epoch 16 	 Loss 0.3129736471634645
2021-05-01 14:26:29,856 Epoch 17 	 Loss 0.29425259507619417
2021-05-01 14:27:15,116 Epoch 18 	 Loss 0.3016434012206046
2021-05-01 14:27:59,324 Epoch 19 	 Loss 0.28602591386208165
2021-05-01 14:28:43,127 Epoch 20 	 Loss 0.2886655355220313
2021-05-01 14:29:26,995 Epoch 21 	 Loss 0.28899453072757514
2021-05-01 14:30:12,127 Epoch 22 	 Loss 0.27606778698308126
2021-05-01 14:30:56,772 Epoch 23 	 Loss 0.2852578315433565
2021-05-01 14:31:41,524 Epoch 24 	 Loss 0.27301633538125636
2021-05-01 14:32:25,211 Epoch 25 	 Loss 0.2733985740732361
2021-05-01 14:33:09,359 Epoch 26 	 Loss 0.26635861265790334
2021-05-01 14:33:53,023 Epoch 27 	 Loss 0.27157068973059184
2021-05-01 14:34:36,202 Epoch 28 	 Loss 0.26116808643052863
2021-05-01 14:35:20,316 Epoch 29 	 Loss 0.2579265633127192
2021-05-01 14:36:04,881 Epoch 30 	 Loss 0.2575895222988758
2021-05-01 14:36:49,214 Epoch 31 	 Loss 0.2544239020937092
2021-05-01 14:37:33,766 Epoch 32 	 Loss 0.2572606487588568
2021-05-01 14:38:17,517 Epoch 33 	 Loss 0.25098037523227734
2021-05-01 14:39:02,401 Epoch 34 	 Loss 0.24449385424236675
2021-05-01 14:39:46,550 Epoch 35 	 Loss 0.24008266382165008
2021-05-01 14:40:30,987 Epoch 36 	 Loss 0.23681104330571143
2021-05-01 14:41:15,268 Epoch 37 	 Loss 0.2407200126857548
2021-05-01 14:41:59,466 Epoch 38 	 Loss 0.23867640046627966
2021-05-01 14:42:43,690 Epoch 39 	 Loss 0.2419395754625509
2021-05-01 14:43:26,743 Epoch 40 	 Loss 0.23522654486881509
2021-05-01 14:44:10,212 Epoch 41 	 Loss 0.2256093347793097
2021-05-01 14:44:52,995 Epoch 42 	 Loss 0.2295236851160343
2021-05-01 14:45:34,402 Epoch 43 	 Loss 0.2364794379407233
2021-05-01 14:46:15,494 Epoch 44 	 Loss 0.2306146780540655
2021-05-01 14:46:57,534 Epoch 45 	 Loss 0.22377477962892134
2021-05-01 14:47:40,227 Epoch 46 	 Loss 0.2217034514133747
2021-05-01 14:48:21,351 Epoch 47 	 Loss 0.21486719656776596
2021-05-01 14:49:02,385 Epoch 48 	 Loss 0.22350111161614514
2021-05-01 14:49:43,730 Epoch 49 	 Loss 0.21419768379284784
2021-05-01 14:50:24,838 Epoch 50 	 Loss 0.21259745889967616
2021-05-01 14:51:06,354 Epoch 51 	 Loss 0.21325879175584395
2021-05-01 14:51:48,527 Epoch 52 	 Loss 0.211324019746466
2021-05-01 14:52:30,397 Epoch 53 	 Loss 0.20945625858647482
2021-05-01 14:53:12,331 Epoch 54 	 Loss 0.21726484596729279
2021-05-01 14:53:54,263 Epoch 55 	 Loss 0.20840039063285995
2021-05-01 14:54:36,287 Epoch 56 	 Loss 0.21437852952506517
2021-05-01 14:55:18,236 Epoch 57 	 Loss 0.2059957313013601
2021-05-01 14:56:00,227 Epoch 58 	 Loss 0.20557583819378863
2021-05-01 14:56:41,831 Epoch 59 	 Loss 0.20673936015957003
2021-05-01 14:57:24,162 Epoch 60 	 Loss 0.2090268117058408
2021-05-01 14:58:06,117 Epoch 61 	 Loss 0.19787733960937667
2021-05-01 14:58:47,554 Epoch 62 	 Loss 0.2037599571458586
2021-05-01 14:59:29,137 Epoch 63 	 Loss 0.19843660737131977
2021-05-01 15:00:11,200 Epoch 64 	 Loss 0.19617249186222369
2021-05-01 15:00:52,770 Epoch 65 	 Loss 0.19365349330089904
2021-05-01 15:01:34,709 Epoch 66 	 Loss 0.188060727256995
2021-05-01 15:02:16,556 Epoch 67 	 Loss 0.18984691553063446
2021-05-01 15:02:59,416 Epoch 68 	 Loss 0.19124936697247263
2021-05-01 15:03:41,399 Epoch 69 	 Loss 0.19279029228530087
2021-05-01 15:04:23,103 Epoch 70 	 Loss 0.1875689393216437
2021-05-01 15:05:06,076 Epoch 71 	 Loss 0.1900006339445219
2021-05-01 15:05:48,616 Epoch 72 	 Loss 0.18554891285660502
2021-05-01 15:06:30,304 Epoch 73 	 Loss 0.19279963842460088
2021-05-01 15:07:11,519 Epoch 74 	 Loss 0.18564832030416845
2021-05-01 15:07:52,896 Epoch 75 	 Loss 0.1886551763330187
2021-05-01 15:08:34,437 Epoch 76 	 Loss 0.18520250261484922
2021-05-01 15:09:15,621 Epoch 77 	 Loss 0.18196516770582932
2021-05-01 15:09:57,411 Epoch 78 	 Loss 0.18490348739938423
2021-05-01 15:10:38,792 Epoch 79 	 Loss 0.18317537271714474
2021-05-01 15:11:20,309 Epoch 80 	 Loss 0.18733459776574438
2021-05-01 15:12:02,001 Epoch 81 	 Loss 0.18713864192857846
2021-05-01 15:12:43,796 Epoch 82 	 Loss 0.1819603314602768
2021-05-01 15:13:27,142 Epoch 83 	 Loss 0.18301939980669335
2021-05-01 15:14:09,503 Epoch 84 	 Loss 0.17933620610734918
2021-05-01 15:14:50,882 Epoch 85 	 Loss 0.18058631282586318
2021-05-01 15:15:32,346 Epoch 86 	 Loss 0.17802112574105736
2021-05-01 15:16:13,751 Epoch 87 	 Loss 0.18533701228571461
2021-05-01 15:16:55,949 Epoch 88 	 Loss 0.17870893599567833
2021-05-01 15:17:38,588 Epoch 89 	 Loss 0.17915917556364458
2021-05-01 15:18:20,139 Epoch 90 	 Loss 0.18044453253457834
2021-05-01 15:19:01,997 Epoch 91 	 Loss 0.18226358130737974
2021-05-01 15:19:43,826 Epoch 92 	 Loss 0.17912886643802728
2021-05-01 15:20:25,853 Epoch 93 	 Loss 0.18302214448596096
2021-05-01 15:21:08,407 Epoch 94 	 Loss 0.1778555324116906
2021-05-01 15:21:50,312 Epoch 95 	 Loss 0.17979621969081544
2021-05-01 15:22:32,619 Epoch 96 	 Loss 0.17674484439603574
2021-05-01 15:23:14,470 Epoch 97 	 Loss 0.17962699211560762
2021-05-01 15:23:56,377 Epoch 98 	 Loss 0.18351946067024064
2021-05-01 15:24:39,028 Epoch 99 	 Loss 0.18286767225344103
2021-05-01 15:24:58,911 RESULT FOR DATASET CVC-300

2021-05-01 15:24:58,911 ==============================
2021-05-01 15:24:58,911 

2021-05-01 15:24:58,911 recall: 0.9553981443246206

2021-05-01 15:24:58,911 specificity: 0.9931154022614161

2021-05-01 15:24:58,911 precision: 0.8376030397911867

2021-05-01 15:24:58,911 F1: 0.8730502170821031

2021-05-01 15:24:58,912 F2: 0.9064022302627563

2021-05-01 15:24:58,912 ACC_overall: 0.9917091170946757

2021-05-01 15:24:58,912 IoU_poly: 0.805360562602679

2021-05-01 15:24:58,912 IoU_bg: 0.9914820452531179

2021-05-01 15:24:58,912 IoU_mean: 0.8984213054180146

2021-05-01 15:24:58,912 ==============================
2021-05-01 15:24:58,912 

2021-05-01 15:25:15,127 RESULT FOR DATASET CVC-ClinicDB

2021-05-01 15:25:15,127 ==============================
2021-05-01 15:25:15,127 

2021-05-01 15:25:15,127 recall: 0.9301214328696651

2021-05-01 15:25:15,127 specificity: 0.9937932510529796

2021-05-01 15:25:15,127 precision: 0.9117670728254222

2021-05-01 15:25:15,127 F1: 0.9146506116395036

2021-05-01 15:25:15,127 F2: 0.9208670537317952

2021-05-01 15:25:15,127 ACC_overall: 0.9906064185404009

2021-05-01 15:25:15,127 IoU_poly: 0.8644113030825411

2021-05-01 15:25:15,128 IoU_bg: 0.988591197998293

2021-05-01 15:25:15,128 IoU_mean: 0.926501254881582

2021-05-01 15:25:15,128 ==============================
2021-05-01 15:25:15,128 

2021-05-01 15:25:45,579 RESULT FOR DATASET Kvasir

2021-05-01 15:25:45,580 ==============================
2021-05-01 15:25:45,580 

2021-05-01 15:25:45,580 recall: 0.9075305795669556

2021-05-01 15:25:45,580 specificity: 0.9888244116306305

2021-05-01 15:25:45,580 precision: 0.9272308140993119

2021-05-01 15:25:45,580 F1: 0.9045052894949913

2021-05-01 15:25:45,580 F2: 0.9031635922193527

2021-05-01 15:25:45,580 ACC_overall: 0.9725166243314743

2021-05-01 15:25:45,580 IoU_poly: 0.8470335033535957

2021-05-01 15:25:45,580 IoU_bg: 0.9646858030557632

2021-05-01 15:25:45,580 IoU_mean: 0.9058596515655517

2021-05-01 15:25:45,580 ==============================
2021-05-01 15:25:45,580 

2021-05-01 15:27:44,799 RESULT FOR DATASET CVC-ColonDB

2021-05-01 15:27:44,799 ==============================
2021-05-01 15:27:44,800 

2021-05-01 15:27:44,800 recall: 0.7865690525039746

2021-05-01 15:27:44,800 specificity: 0.9884485941184195

2021-05-01 15:27:44,800 precision: 0.81773040664622

2021-05-01 15:27:44,800 F1: 0.7492660019278351

2021-05-01 15:27:44,800 F2: 0.759596173863972

2021-05-01 15:27:44,800 ACC_overall: 0.9612685551768855

2021-05-01 15:27:44,800 IoU_poly: 0.6684025522112135

2021-05-01 15:27:44,800 IoU_bg: 0.9583028888231829

2021-05-01 15:27:44,800 IoU_mean: 0.81335272138056

2021-05-01 15:27:44,800 ==============================
2021-05-01 15:27:44,800 

2021-05-01 15:29:09,044 RESULT FOR DATASET ETIS-LaribPolypDB

2021-05-01 15:29:09,044 ==============================
2021-05-01 15:29:09,044 

2021-05-01 15:29:09,044 recall: 0.8088970213481138

2021-05-01 15:29:09,044 specificity: 0.982504778978776

2021-05-01 15:29:09,045 precision: 0.7120959751569221

2021-05-01 15:29:09,045 F1: 0.7021262860994516

2021-05-01 15:29:09,045 F2: 0.7465872672521202

2021-05-01 15:29:09,045 ACC_overall: 0.979893867458616

2021-05-01 15:29:09,045 IoU_poly: 0.62181557588698

2021-05-01 15:29:09,045 IoU_bg: 0.978994818670409

2021-05-01 15:29:09,045 IoU_mean: 0.8004051965414262

2021-05-01 15:29:09,045 ==============================
2021-05-01 15:29:09,045 

