2021-05-01 15:29:58,168 Epoch 0 	 Loss 0.8382536729613503
2021-05-01 15:30:42,560 Epoch 1 	 Loss 0.573124899314
2021-05-01 15:31:27,225 Epoch 2 	 Loss 0.4957468467099326
2021-05-01 15:32:11,171 Epoch 3 	 Loss 0.45742749054353316
2021-05-01 15:32:55,055 Epoch 4 	 Loss 0.44320020439860586
2021-05-01 15:33:38,999 Epoch 5 	 Loss 0.41033624292729975
2021-05-01 15:34:22,889 Epoch 6 	 Loss 0.3913627797430688
2021-05-01 15:35:06,811 Epoch 7 	 Loss 0.38540295650670814
2021-05-01 15:35:52,723 Epoch 8 	 Loss 0.3607544915361719
2021-05-01 15:36:36,564 Epoch 9 	 Loss 0.35907357996636696
2021-05-01 15:37:21,204 Epoch 10 	 Loss 0.3423529786395503
2021-05-01 15:38:06,061 Epoch 11 	 Loss 0.34074727863400844
2021-05-01 15:38:51,091 Epoch 12 	 Loss 0.34011672273441984
2021-05-01 15:39:35,612 Epoch 13 	 Loss 0.32707432960415933
2021-05-01 15:40:20,435 Epoch 14 	 Loss 0.3257136692057599
2021-05-01 15:41:04,754 Epoch 15 	 Loss 0.3190709198569203
2021-05-01 15:41:49,705 Epoch 16 	 Loss 0.3030267940772759
2021-05-01 15:42:34,452 Epoch 17 	 Loss 0.30592847492668657
2021-05-01 15:43:18,914 Epoch 18 	 Loss 0.295199772977567
2021-05-01 15:44:03,512 Epoch 19 	 Loss 0.28744797015583123
2021-05-01 15:44:48,252 Epoch 20 	 Loss 0.28819067432330203
2021-05-01 15:45:32,646 Epoch 21 	 Loss 0.288555608018414
2021-05-01 15:46:17,050 Epoch 22 	 Loss 0.28400979690499356
2021-05-01 15:47:01,760 Epoch 23 	 Loss 0.2847053559271844
2021-05-01 15:47:46,191 Epoch 24 	 Loss 0.2693295229922284
2021-05-01 15:48:31,155 Epoch 25 	 Loss 0.27326838492037175
2021-05-01 15:49:16,424 Epoch 26 	 Loss 0.2703307870325151
2021-05-01 15:50:00,947 Epoch 27 	 Loss 0.26506336622840754
2021-05-01 15:50:44,928 Epoch 28 	 Loss 0.2670074429485824
2021-05-01 15:51:28,863 Epoch 29 	 Loss 0.26328653948647635
2021-05-01 15:52:12,889 Epoch 30 	 Loss 0.25728301278182436
2021-05-01 15:52:57,186 Epoch 31 	 Loss 0.25587204065951674
2021-05-01 15:53:42,168 Epoch 32 	 Loss 0.24594808656435746
2021-05-01 15:54:28,201 Epoch 33 	 Loss 0.2506799658576211
2021-05-01 15:55:12,238 Epoch 34 	 Loss 0.25361874552218466
2021-05-01 15:55:56,322 Epoch 35 	 Loss 0.24731086669387398
2021-05-01 15:56:41,838 Epoch 36 	 Loss 0.23920236036672696
2021-05-01 15:57:26,649 Epoch 37 	 Loss 0.23930205879630623
2021-05-01 15:58:11,026 Epoch 38 	 Loss 0.23244606056711176
2021-05-01 15:58:55,731 Epoch 39 	 Loss 0.2349672448504102
2021-05-01 15:59:40,865 Epoch 40 	 Loss 0.2333576179795213
2021-05-01 16:00:25,496 Epoch 41 	 Loss 0.23276303675803509
2021-05-01 16:01:10,245 Epoch 42 	 Loss 0.22871037777308578
2021-05-01 16:01:55,010 Epoch 43 	 Loss 0.2298010093170208
2021-05-01 16:02:39,757 Epoch 44 	 Loss 0.22676772419567948
2021-05-01 16:03:24,537 Epoch 45 	 Loss 0.2279530935562574
2021-05-01 16:04:09,403 Epoch 46 	 Loss 0.22219158414300982
2021-05-01 16:04:53,935 Epoch 47 	 Loss 0.2202906846017628
2021-05-01 16:05:39,613 Epoch 48 	 Loss 0.22434208140923426
2021-05-01 16:06:25,278 Epoch 49 	 Loss 0.22214885219767855
2021-05-01 16:07:11,478 Epoch 50 	 Loss 0.21046726683993916
2021-05-01 16:07:57,618 Epoch 51 	 Loss 0.211649307346606
2021-05-01 16:08:43,317 Epoch 52 	 Loss 0.21169803790993744
2021-05-01 16:09:29,903 Epoch 53 	 Loss 0.21334415936208034
2021-05-01 16:10:15,929 Epoch 54 	 Loss 0.21191271812051207
2021-05-01 16:11:02,033 Epoch 55 	 Loss 0.20793523909626427
2021-05-01 16:11:48,275 Epoch 56 	 Loss 0.2112074096451749
2021-05-01 16:12:34,684 Epoch 57 	 Loss 0.20807291796574226
2021-05-01 16:13:20,676 Epoch 58 	 Loss 0.2031483306334569
2021-05-01 16:14:07,382 Epoch 59 	 Loss 0.2072291591992745
2021-05-01 16:14:53,640 Epoch 60 	 Loss 0.20146235414258726
2021-05-01 16:15:40,021 Epoch 61 	 Loss 0.20359353311769254
2021-05-01 16:16:25,866 Epoch 62 	 Loss 0.20520308793901088
2021-05-01 16:17:12,810 Epoch 63 	 Loss 0.19781063005819424
2021-05-01 16:17:58,512 Epoch 64 	 Loss 0.1986224977197228
2021-05-01 16:18:44,339 Epoch 65 	 Loss 0.19496419632827844
2021-05-01 16:19:30,236 Epoch 66 	 Loss 0.1954477478514661
2021-05-01 16:20:16,134 Epoch 67 	 Loss 0.19576547696040228
2021-05-01 16:21:01,974 Epoch 68 	 Loss 0.1947426378399461
2021-05-01 16:21:48,016 Epoch 69 	 Loss 0.19372967638812222
2021-05-01 16:22:33,249 Epoch 70 	 Loss 0.19207644298836424
2021-05-01 16:23:18,783 Epoch 71 	 Loss 0.19301090184803849
2021-05-01 16:24:04,940 Epoch 72 	 Loss 0.19022230083470817
2021-05-01 16:24:50,535 Epoch 73 	 Loss 0.19124329892488626
2021-05-01 16:25:35,951 Epoch 74 	 Loss 0.18977663002826356
2021-05-01 16:26:21,313 Epoch 75 	 Loss 0.18536751872890597
2021-05-01 16:27:06,844 Epoch 76 	 Loss 0.18543984912908995
2021-05-01 16:27:52,844 Epoch 77 	 Loss 0.18831343375719511
2021-05-01 16:28:38,755 Epoch 78 	 Loss 0.187668644792431
2021-05-01 16:29:24,409 Epoch 79 	 Loss 0.18481908165491545
2021-05-01 16:30:08,552 Epoch 80 	 Loss 0.1848182484998808
2021-05-01 16:30:52,206 Epoch 81 	 Loss 0.18453233599007784
2021-05-01 16:31:35,916 Epoch 82 	 Loss 0.18543360161257313
2021-05-01 16:32:19,715 Epoch 83 	 Loss 0.18526135090288226
2021-05-01 16:33:03,458 Epoch 84 	 Loss 0.18774088300191438
2021-05-01 16:33:47,130 Epoch 85 	 Loss 0.1825890914424435
2021-05-01 16:34:30,978 Epoch 86 	 Loss 0.18113146198319865
2021-05-01 16:35:14,754 Epoch 87 	 Loss 0.17938710683649714
2021-05-01 16:35:58,466 Epoch 88 	 Loss 0.18109032266087585
2021-05-01 16:36:42,171 Epoch 89 	 Loss 0.1807412909609931
2021-05-01 16:37:25,986 Epoch 90 	 Loss 0.1769597671189151
2021-05-01 16:38:09,703 Epoch 91 	 Loss 0.17869753513362382
2021-05-01 16:38:53,462 Epoch 92 	 Loss 0.17944018935764228
2021-05-01 16:39:37,169 Epoch 93 	 Loss 0.1782015359008705
2021-05-01 16:40:20,983 Epoch 94 	 Loss 0.18294422868843918
2021-05-01 16:41:04,820 Epoch 95 	 Loss 0.18033065049202887
2021-05-01 16:41:48,528 Epoch 96 	 Loss 0.1769384122811831
2021-05-01 16:42:32,454 Epoch 97 	 Loss 0.18042373411603027
2021-05-01 16:43:16,257 Epoch 98 	 Loss 0.18131657272249788
2021-05-01 16:44:00,002 Epoch 99 	 Loss 0.18411686066742783
2021-05-01 16:44:21,057 RESULT FOR DATASET CVC-300

2021-05-01 16:44:21,057 ==============================
2021-05-01 16:44:21,057 

2021-05-01 16:44:21,057 recall: 0.9494415313005448

2021-05-01 16:44:21,057 specificity: 0.9934584935506184

2021-05-01 16:44:21,057 precision: 0.8344299996892611

2021-05-01 16:44:21,057 F1: 0.8696540293594202

2021-05-01 16:44:21,057 F2: 0.9041159957647323

2021-05-01 16:44:21,057 ACC_overall: 0.9918621967236201

2021-05-01 16:44:21,057 IoU_poly: 0.7983896609395742

2021-05-01 16:44:21,057 IoU_bg: 0.9916116664807002

2021-05-01 16:44:21,057 IoU_mean: 0.8950006643931071

2021-05-01 16:44:21,057 ==============================
2021-05-01 16:44:21,057 

2021-05-01 16:44:38,543 RESULT FOR DATASET CVC-ClinicDB

2021-05-01 16:44:38,543 ==============================
2021-05-01 16:44:38,543 

2021-05-01 16:44:38,543 recall: 0.9227459894553307

2021-05-01 16:44:38,543 specificity: 0.9929008695387072

2021-05-01 16:44:38,543 precision: 0.9110291571085972

2021-05-01 16:44:38,543 F1: 0.9025619525402304

2021-05-01 16:44:38,544 F2: 0.9087003875643976

2021-05-01 16:44:38,544 ACC_overall: 0.9890129431601493

2021-05-01 16:44:38,544 IoU_poly: 0.8529815536833578

2021-05-01 16:44:38,544 IoU_bg: 0.9870961942980366

2021-05-01 16:44:38,544 IoU_mean: 0.9200388769949636

2021-05-01 16:44:38,544 ==============================
2021-05-01 16:44:38,544 

2021-05-01 16:45:12,054 RESULT FOR DATASET Kvasir

2021-05-01 16:45:12,054 ==============================
2021-05-01 16:45:12,054 

2021-05-01 16:45:12,054 recall: 0.904010439813137

2021-05-01 16:45:12,054 specificity: 0.9872217828035355

2021-05-01 16:45:12,054 precision: 0.9277765467017889

2021-05-01 16:45:12,054 F1: 0.90643873244524

2021-05-01 16:45:12,054 F2: 0.9022122484445572

2021-05-01 16:45:12,054 ACC_overall: 0.9732241976261139

2021-05-01 16:45:12,054 IoU_poly: 0.8510116149485111

2021-05-01 16:45:12,054 IoU_bg: 0.9649267017841339

2021-05-01 16:45:12,055 IoU_mean: 0.9079691544175148

2021-05-01 16:45:12,055 ==============================
2021-05-01 16:45:12,055 

2021-05-01 16:47:30,463 RESULT FOR DATASET CVC-ColonDB

2021-05-01 16:47:30,477 ==============================
2021-05-01 16:47:30,478 

2021-05-01 16:47:30,478 recall: 0.8122732521418009

2021-05-01 16:47:30,492 specificity: 0.9823752130332746

2021-05-01 16:47:30,492 precision: 0.7960074168919259

2021-05-01 16:47:30,492 F1: 0.7597390104166535

2021-05-01 16:47:30,492 F2: 0.7744914970971637

2021-05-01 16:47:30,492 ACC_overall: 0.9608118932498129

2021-05-01 16:47:30,492 IoU_poly: 0.6774511050661802

2021-05-01 16:47:30,493 IoU_bg: 0.956886119434708

2021-05-01 16:47:30,493 IoU_mean: 0.8171686134840312

2021-05-01 16:47:30,493 ==============================
2021-05-01 16:47:30,493 

2021-05-01 16:49:10,124 RESULT FOR DATASET ETIS-LaribPolypDB

2021-05-01 16:49:10,130 ==============================
2021-05-01 16:49:10,130 

2021-05-01 16:49:10,130 recall: 0.8379799357466235

2021-05-01 16:49:10,130 specificity: 0.9790369339135229

2021-05-01 16:49:10,130 precision: 0.6550179070027066

2021-05-01 16:49:10,131 F1: 0.708074618019087

2021-05-01 16:49:10,131 F2: 0.7634717440163401

2021-05-01 16:49:10,131 ACC_overall: 0.9772605382058085

2021-05-01 16:49:10,131 IoU_poly: 0.6272704966564022

2021-05-01 16:49:10,131 IoU_bg: 0.976229763152648

2021-05-01 16:49:10,131 IoU_mean: 0.8017501283665093

2021-05-01 16:49:10,131 ==============================
2021-05-01 16:49:10,131 

