2021-05-11 09:28:32,121 RESULT FOR DATASET CVC-300

2021-05-11 09:28:32,121 ==============================
2021-05-11 09:28:32,121 

2021-05-11 09:28:32,121 recall: 0.952549954255422

2021-05-11 09:28:32,121 specificity: 0.9945988009373347

2021-05-11 09:28:32,121 precision: 0.8548863182465235

2021-05-11 09:28:32,122 F1: 0.884917476773262

2021-05-11 09:28:32,122 F2: 0.9148335913817088

2021-05-11 09:28:32,122 ACC_overall: 0.9932292679945628

2021-05-11 09:28:32,122 IoU_poly: 0.8190053068101406

2021-05-11 09:28:32,122 IoU_bg: 0.9930041203896205

2021-05-11 09:28:32,122 IoU_mean: 0.9060047149658204

2021-05-11 09:28:32,122 ==============================
2021-05-11 09:28:32,122 

2021-05-11 09:28:51,063 RESULT FOR DATASET CVC-ClinicDB

2021-05-11 09:28:51,063 ==============================
2021-05-11 09:28:51,063 

2021-05-11 09:28:51,063 recall: 0.9220039283053109

2021-05-11 09:28:51,063 specificity: 0.9950012295476852

2021-05-11 09:28:51,064 precision: 0.9188547042234155

2021-05-11 09:28:51,064 F1: 0.9087928478153527

2021-05-11 09:28:51,064 F2: 0.9151840067652595

2021-05-11 09:28:51,064 ACC_overall: 0.9922653859661471

2021-05-11 09:28:51,064 IoU_poly: 0.863742409755134

2021-05-11 09:28:51,064 IoU_bg: 0.9908033590162953

2021-05-11 09:28:51,064 IoU_mean: 0.9272728860378265

2021-05-11 09:28:51,064 ==============================
2021-05-11 09:28:51,064 

2021-05-11 09:29:27,783 RESULT FOR DATASET Kvasir

2021-05-11 09:29:27,783 ==============================
2021-05-11 09:29:27,783 

2021-05-11 09:29:27,783 recall: 0.9189455437660218

2021-05-11 09:29:27,784 specificity: 0.9908921504020691

2021-05-11 09:29:27,784 precision: 0.9488131925463676

2021-05-11 09:29:27,784 F1: 0.9248289945721626

2021-05-11 09:29:27,784 F2: 0.9197087222337723

2021-05-11 09:29:27,784 ACC_overall: 0.9766517925262451

2021-05-11 09:29:27,784 IoU_poly: 0.8765186884999275

2021-05-11 09:29:27,784 IoU_bg: 0.9694242811203003

2021-05-11 09:29:27,784 IoU_mean: 0.9229714840650558

2021-05-11 09:29:27,784 ==============================
2021-05-11 09:29:27,784 

2021-05-11 09:32:01,309 RESULT FOR DATASET CVC-ColonDB

2021-05-11 09:32:01,309 ==============================
2021-05-11 09:32:01,309 

2021-05-11 09:32:01,309 recall: 0.7869046599405632

2021-05-11 09:32:01,309 specificity: 0.9894738763570785

2021-05-11 09:32:01,309 precision: 0.8262499630409413

2021-05-11 09:32:01,309 F1: 0.7627173851461999

2021-05-11 09:32:01,309 F2: 0.7662679245630921

2021-05-11 09:32:01,309 ACC_overall: 0.9640462360884013

2021-05-11 09:32:01,309 IoU_poly: 0.687153570447476

2021-05-11 09:32:01,309 IoU_bg: 0.9609296498330016

2021-05-11 09:32:01,309 IoU_mean: 0.8240416118581044

2021-05-11 09:32:01,309 ==============================
2021-05-11 09:32:01,309 

2021-05-11 09:33:39,065 RESULT FOR DATASET ETIS-LaribPolypDB

2021-05-11 09:33:39,065 ==============================
2021-05-11 09:33:39,065 

2021-05-11 09:33:39,065 recall: 0.8928872232478468

2021-05-11 09:33:39,065 specificity: 0.9895176410066838

2021-05-11 09:33:39,065 precision: 0.7750786640590098

2021-05-11 09:33:39,066 F1: 0.8083034603674902

2021-05-11 09:33:39,066 F2: 0.8477151873126526

2021-05-11 09:33:39,066 ACC_overall: 0.9876661997060386

2021-05-11 09:33:39,066 IoU_poly: 0.7245288936749473

2021-05-11 09:33:39,066 IoU_bg: 0.9869150948159549

2021-05-11 09:33:39,066 IoU_mean: 0.8557219961468054

2021-05-11 09:33:39,066 ==============================
2021-05-11 09:33:39,066 

