2021-05-11 09:34:15,629 RESULT FOR DATASET CVC-300

2021-05-11 09:34:15,629 ==============================
2021-05-11 09:34:15,629 

2021-05-11 09:34:15,630 recall: 0.9616146018107732

2021-05-11 09:34:15,630 specificity: 0.99103491405646

2021-05-11 09:34:15,630 precision: 0.8173206749061743

2021-05-11 09:34:15,630 F1: 0.8621987906595071

2021-05-11 09:34:15,630 F2: 0.9030800854166349

2021-05-11 09:34:15,630 ACC_overall: 0.9900541832049687

2021-05-11 09:34:15,630 IoU_poly: 0.7931716860582431

2021-05-11 09:34:15,630 IoU_bg: 0.9897550483544667

2021-05-11 09:34:15,630 IoU_mean: 0.8914633691310883

2021-05-11 09:34:15,630 ==============================
2021-05-11 09:34:15,630 

2021-05-11 09:34:38,959 RESULT FOR DATASET CVC-ClinicDB

2021-05-11 09:34:38,959 ==============================
2021-05-11 09:34:38,960 

2021-05-11 09:34:38,960 recall: 0.9533308850180718

2021-05-11 09:34:38,962 specificity: 0.9952363592963065

2021-05-11 09:34:38,962 precision: 0.9158828556537628

2021-05-11 09:34:38,962 F1: 0.9254439665425208

2021-05-11 09:34:38,962 F2: 0.9369135167329542

2021-05-11 09:34:38,962 ACC_overall: 0.9908919776639631

2021-05-11 09:34:38,962 IoU_poly: 0.8754009484283386

2021-05-11 09:34:38,962 IoU_bg: 0.9890072124619638

2021-05-11 09:34:38,962 IoU_mean: 0.9322040792434446

2021-05-11 09:34:38,962 ==============================
2021-05-11 09:34:38,962 

2021-05-11 09:35:19,396 RESULT FOR DATASET Kvasir

2021-05-11 09:35:19,412 ==============================
2021-05-11 09:35:19,412 

2021-05-11 09:35:19,412 recall: 0.8984250901639461

2021-05-11 09:35:19,412 specificity: 0.9922131466865539

2021-05-11 09:35:19,412 precision: 0.9382812872529029

2021-05-11 09:35:19,412 F1: 0.9062240412086249

2021-05-11 09:35:19,413 F2: 0.8989929143339396

2021-05-11 09:35:19,413 ACC_overall: 0.9736007261276245

2021-05-11 09:35:19,414 IoU_poly: 0.855608860515058

2021-05-11 09:35:19,414 IoU_bg: 0.9668290004134178

2021-05-11 09:35:19,414 IoU_mean: 0.9112189292907715

2021-05-11 09:35:19,414 ==============================
2021-05-11 09:35:19,414 

2021-05-11 09:37:43,281 RESULT FOR DATASET CVC-ColonDB

2021-05-11 09:37:43,281 ==============================
2021-05-11 09:37:43,281 

2021-05-11 09:37:43,281 recall: 0.79370351162108

2021-05-11 09:37:43,281 specificity: 0.9914027750492096

2021-05-11 09:37:43,281 precision: 0.8291494946154049

2021-05-11 09:37:43,281 F1: 0.7631271887470192

2021-05-11 09:37:43,281 F2: 0.7716624634276118

2021-05-11 09:37:43,281 ACC_overall: 0.9651985999784971

2021-05-11 09:37:43,281 IoU_poly: 0.6869625860514756

2021-05-11 09:37:43,281 IoU_bg: 0.9624566133869322

2021-05-11 09:37:43,281 IoU_mean: 0.8247096006023257

2021-05-11 09:37:43,282 ==============================
2021-05-11 09:37:43,282 

2021-05-11 09:39:20,916 RESULT FOR DATASET ETIS-LaribPolypDB

2021-05-11 09:39:20,927 ==============================
2021-05-11 09:39:20,927 

2021-05-11 09:39:20,927 recall: 0.8647472211577855

2021-05-11 09:39:20,927 specificity: 0.9880419552934413

2021-05-11 09:39:20,927 precision: 0.7426200634493825

2021-05-11 09:39:20,927 F1: 0.77055882889307

2021-05-11 09:39:20,927 F2: 0.8170606405671829

2021-05-11 09:39:20,927 ACC_overall: 0.985785607780729

2021-05-11 09:39:20,927 IoU_poly: 0.6865101658533224

2021-05-11 09:39:20,927 IoU_bg: 0.9849409570499342

2021-05-11 09:39:20,927 IoU_mean: 0.8357255601761292

2021-05-11 09:39:20,927 ==============================
2021-05-11 09:39:20,928 

