2021-04-26 10:51:29,312 RESULT FOR DATASET CVC-300

2021-04-26 10:51:29,312 ==============================
2021-04-26 10:51:29,312 

2021-04-26 10:51:29,313 recall: 0.9373658015174442

2021-04-26 10:51:29,313 specificity: 0.9942964901526768

2021-04-26 10:51:29,313 precision: 0.8541729723413786

2021-04-26 10:51:29,313 F1: 0.8657795293906626

2021-04-26 10:51:29,313 F2: 0.8946373044411302

2021-04-26 10:51:29,313 ACC_overall: 0.9921569714943568

2021-04-26 10:51:29,313 IoU_poly: 0.8022392913791312

2021-04-26 10:51:29,313 IoU_bg: 0.9919524480899174

2021-04-26 10:51:29,313 IoU_mean: 0.8970958674947421

2021-04-26 10:51:29,313 ==============================
2021-04-26 10:51:29,313 

2021-04-26 10:51:44,222 RESULT FOR DATASET CVC-ClinicDB

2021-04-26 10:51:44,222 ==============================
2021-04-26 10:51:44,222 

2021-04-26 10:51:44,222 recall: 0.9152274555376461

2021-04-26 10:51:44,222 specificity: 0.9939305292021844

2021-04-26 10:51:44,223 precision: 0.9143280693761264

2021-04-26 10:51:44,223 F1: 0.9052197625715053

2021-04-26 10:51:44,223 F2: 0.9103895986505274

2021-04-26 10:51:44,223 ACC_overall: 0.9887669163365518

2021-04-26 10:51:44,223 IoU_poly: 0.8550927925464367

2021-04-26 10:51:44,223 IoU_bg: 0.986578332801019

2021-04-26 10:51:44,223 IoU_mean: 0.9208355598872707

2021-04-26 10:51:44,223 ==============================
2021-04-26 10:51:44,223 

2021-04-26 10:52:12,952 RESULT FOR DATASET Kvasir

2021-04-26 10:52:12,952 ==============================
2021-04-26 10:52:12,952 

2021-04-26 10:52:12,952 recall: 0.9022161020338535

2021-04-26 10:52:12,953 specificity: 0.9880090945959091

2021-04-26 10:52:12,953 precision: 0.9317777468264103

2021-04-26 10:52:12,953 F1: 0.9058299370110034

2021-04-26 10:52:12,953 F2: 0.9009261956810951

2021-04-26 10:52:12,953 ACC_overall: 0.9706230568885803

2021-04-26 10:52:12,953 IoU_poly: 0.8497786644101143

2021-04-26 10:52:12,953 IoU_bg: 0.9628341624140739

2021-04-26 10:52:12,953 IoU_mean: 0.9063064134120942

2021-04-26 10:52:12,953 ==============================
2021-04-26 10:52:12,953 

2021-04-26 10:54:02,027 RESULT FOR DATASET CVC-ColonDB

2021-04-26 10:54:02,027 ==============================
2021-04-26 10:54:02,027 

2021-04-26 10:54:02,027 recall: 0.7723269790593134

2021-04-26 10:54:02,027 specificity: 0.9875751846715024

2021-04-26 10:54:02,028 precision: 0.8035743743388689

2021-04-26 10:54:02,028 F1: 0.7350169350911481

2021-04-26 10:54:02,028 F2: 0.746068608803367

2021-04-26 10:54:02,028 ACC_overall: 0.9582002547226454

2021-04-26 10:54:02,028 IoU_poly: 0.6522544290431238

2021-04-26 10:54:02,028 IoU_bg: 0.9551275910515534

2021-04-26 10:54:02,028 IoU_mean: 0.8036910099418539

2021-04-26 10:54:02,028 ==============================
2021-04-26 10:54:02,028 

2021-04-26 10:55:21,563 RESULT FOR DATASET ETIS-LaribPolypDB

2021-04-26 10:55:21,564 ==============================
2021-04-26 10:55:21,564 

2021-04-26 10:55:21,564 recall: 0.8086603122911231

2021-04-26 10:55:21,564 specificity: 0.9853354415723256

2021-04-26 10:55:21,564 precision: 0.6946991986940456

2021-04-26 10:55:21,564 F1: 0.7145115328366213

2021-04-26 10:55:21,564 F2: 0.7587447700791611

2021-04-26 10:55:21,564 ACC_overall: 0.9828909653790143

2021-04-26 10:55:21,564 IoU_poly: 0.6342385668424343

2021-04-26 10:55:21,564 IoU_bg: 0.9818948732346905

2021-04-26 10:55:21,564 IoU_mean: 0.8080667204090527

2021-04-26 10:55:21,564 ==============================
2021-04-26 10:55:21,564 

