2021-04-26 10:55:43,793 RESULT FOR DATASET CVC-300

2021-04-26 10:55:43,793 ==============================
2021-04-26 10:55:43,794 

2021-04-26 10:55:43,794 recall: 0.9427366942167282

2021-04-26 10:55:43,794 specificity: 0.9942653119564057

2021-04-26 10:55:43,794 precision: 0.8476987861096859

2021-04-26 10:55:43,794 F1: 0.8758357187112172

2021-04-26 10:55:43,794 F2: 0.9035273432731629

2021-04-26 10:55:43,794 ACC_overall: 0.9923296143611272

2021-04-26 10:55:43,794 IoU_poly: 0.8050616486618917

2021-04-26 10:55:43,794 IoU_bg: 0.9920925358931224

2021-04-26 10:55:43,794 IoU_mean: 0.8985770910978317

2021-04-26 10:55:43,794 ==============================
2021-04-26 10:55:43,794 

2021-04-26 10:55:58,725 RESULT FOR DATASET CVC-ClinicDB

2021-04-26 10:55:58,725 ==============================
2021-04-26 10:55:58,725 

2021-04-26 10:55:58,726 recall: 0.9239332599325045

2021-04-26 10:55:58,726 specificity: 0.9936376262095666

2021-04-26 10:55:58,726 precision: 0.8946559704659928

2021-04-26 10:55:58,726 F1: 0.9031821958600513

2021-04-26 10:55:58,726 F2: 0.9125007484709063

2021-04-26 10:55:58,726 ACC_overall: 0.9894291777764598

2021-04-26 10:55:58,726 IoU_poly: 0.8538329768024625

2021-04-26 10:55:58,726 IoU_bg: 0.9872675124675997

2021-04-26 10:55:58,726 IoU_mean: 0.9205502435084312

2021-04-26 10:55:58,726 ==============================
2021-04-26 10:55:58,726 

2021-04-26 10:56:27,472 RESULT FOR DATASET Kvasir

2021-04-26 10:56:27,472 ==============================
2021-04-26 10:56:27,472 

2021-04-26 10:56:27,473 recall: 0.9016008639335632

2021-04-26 10:56:27,473 specificity: 0.9879920464754105

2021-04-26 10:56:27,473 precision: 0.9293586979806423

2021-04-26 10:56:27,473 F1: 0.9038386222720146

2021-04-26 10:56:27,473 F2: 0.8999928389489651

2021-04-26 10:56:27,473 ACC_overall: 0.9712515825033188

2021-04-26 10:56:27,473 IoU_poly: 0.8482409556210041

2021-04-26 10:56:27,473 IoU_bg: 0.963786179125309

2021-04-26 10:56:27,473 IoU_mean: 0.9060135650634765

2021-04-26 10:56:27,473 ==============================
2021-04-26 10:56:27,473 

2021-04-26 10:58:16,740 RESULT FOR DATASET CVC-ColonDB

2021-04-26 10:58:16,740 ==============================
2021-04-26 10:58:16,740 

2021-04-26 10:58:16,741 recall: 0.8018301419963312

2021-04-26 10:58:16,741 specificity: 0.9901811502481762

2021-04-26 10:58:16,741 precision: 0.8132439353551874

2021-04-26 10:58:16,741 F1: 0.7685353556008857

2021-04-26 10:58:16,741 F2: 0.7779325530330473

2021-04-26 10:58:16,741 ACC_overall: 0.96455187421096

2021-04-26 10:58:16,741 IoU_poly: 0.6851191128671752

2021-04-26 10:58:16,741 IoU_bg: 0.9612920402696258

2021-04-26 10:58:16,741 IoU_mean: 0.8232055754253739

2021-04-26 10:58:16,741 ==============================
2021-04-26 10:58:16,741 

2021-04-26 10:59:36,387 RESULT FOR DATASET ETIS-LaribPolypDB

2021-04-26 10:59:36,387 ==============================
2021-04-26 10:59:36,387 

2021-04-26 10:59:36,387 recall: 0.8502644886688804

2021-04-26 10:59:36,387 specificity: 0.984034326611733

2021-04-26 10:59:36,387 precision: 0.702258488985331

2021-04-26 10:59:36,387 F1: 0.7378941119593909

2021-04-26 10:59:36,388 F2: 0.7875732529149139

2021-04-26 10:59:36,388 ACC_overall: 0.9816088907572688

2021-04-26 10:59:36,388 IoU_poly: 0.653775851513392

2021-04-26 10:59:36,388 IoU_bg: 0.9806183588748075

2021-04-26 10:59:36,388 IoU_mean: 0.8171971060183584

2021-04-26 10:59:36,388 ==============================
2021-04-26 10:59:36,388 

