2021-04-26 10:59:59,030 RESULT FOR DATASET CVC-300

2021-04-26 10:59:59,030 ==============================
2021-04-26 10:59:59,030 

2021-04-26 10:59:59,031 recall: 0.9595053195953369

2021-04-26 10:59:59,031 specificity: 0.9927484959363937

2021-04-26 10:59:59,031 precision: 0.8392247771223386

2021-04-26 10:59:59,031 F1: 0.8761474087834358

2021-04-26 10:59:59,031 F2: 0.9107626517613728

2021-04-26 10:59:59,031 ACC_overall: 0.9916390806436539

2021-04-26 10:59:59,031 IoU_poly: 0.8099437829107046

2021-04-26 10:59:59,031 IoU_bg: 0.9913920203844706

2021-04-26 10:59:59,031 IoU_mean: 0.9006679008404413

2021-04-26 10:59:59,031 ==============================
2021-04-26 10:59:59,031 

2021-04-26 11:00:14,044 RESULT FOR DATASET CVC-ClinicDB

2021-04-26 11:00:14,044 ==============================
2021-04-26 11:00:14,044 

2021-04-26 11:00:14,045 recall: 0.9443304485851719

2021-04-26 11:00:14,045 specificity: 0.9938608023428148

2021-04-26 11:00:14,045 precision: 0.9115119285641178

2021-04-26 11:00:14,045 F1: 0.9119733344883688

2021-04-26 11:00:14,045 F2: 0.9206350580338509

2021-04-26 11:00:14,045 ACC_overall: 0.9899097306113089

2021-04-26 11:00:14,045 IoU_poly: 0.8634678037656892

2021-04-26 11:00:14,045 IoU_bg: 0.9880130444803545

2021-04-26 11:00:14,045 IoU_mean: 0.9257404280285682

2021-04-26 11:00:14,045 ==============================
2021-04-26 11:00:14,045 

2021-04-26 11:00:42,842 RESULT FOR DATASET Kvasir

2021-04-26 11:00:42,842 ==============================
2021-04-26 11:00:42,842 

2021-04-26 11:00:42,842 recall: 0.8986088664829731

2021-04-26 11:00:42,842 specificity: 0.9884205204248429

2021-04-26 11:00:42,842 precision: 0.9365213687717915

2021-04-26 11:00:42,842 F1: 0.9064076995849609

2021-04-26 11:00:42,842 F2: 0.9000575445592404

2021-04-26 11:00:42,842 ACC_overall: 0.9715845784544945

2021-04-26 11:00:42,842 IoU_poly: 0.8498021915555001

2021-04-26 11:00:42,843 IoU_bg: 0.9637139841914177

2021-04-26 11:00:42,843 IoU_mean: 0.9067580842971802

2021-04-26 11:00:42,843 ==============================
2021-04-26 11:00:42,843 

2021-04-26 11:02:32,640 RESULT FOR DATASET CVC-ColonDB

2021-04-26 11:02:32,640 ==============================
2021-04-26 11:02:32,640 

2021-04-26 11:02:32,640 recall: 0.802730004104751

2021-04-26 11:02:32,640 specificity: 0.9888185024261474

2021-04-26 11:02:32,641 precision: 0.8069203023644915

2021-04-26 11:02:32,641 F1: 0.7733183999308303

2021-04-26 11:02:32,641 F2: 0.7812927691501786

2021-04-26 11:02:32,641 ACC_overall: 0.9655080501970492

2021-04-26 11:02:32,641 IoU_poly: 0.6932820828941275

2021-04-26 11:02:32,641 IoU_bg: 0.9618608887258329

2021-04-26 11:02:32,641 IoU_mean: 0.8275714853876516

2021-04-26 11:02:32,641 ==============================
2021-04-26 11:02:32,641 

2021-04-26 11:03:52,576 RESULT FOR DATASET ETIS-LaribPolypDB

2021-04-26 11:03:52,576 ==============================
2021-04-26 11:03:52,576 

2021-04-26 11:03:52,577 recall: 0.8193363841950374

2021-04-26 11:03:52,577 specificity: 0.9821699365061156

2021-04-26 11:03:52,577 precision: 0.7048208793079196

2021-04-26 11:03:52,577 F1: 0.7137808466694024

2021-04-26 11:03:52,577 F2: 0.7572333519965562

2021-04-26 11:03:52,577 ACC_overall: 0.9793406293100241

2021-04-26 11:03:52,577 IoU_poly: 0.6396321723651681

2021-04-26 11:03:52,577 IoU_bg: 0.9784687459468842

2021-04-26 11:03:52,577 IoU_mean: 0.8090504591866415

2021-04-26 11:03:52,577 ==============================
2021-04-26 11:03:52,577 

