2021-05-29 20:11:56,985 RESULT FOR DATASET CVC-300

2021-05-29 20:11:56,985 ==============================
2021-05-29 20:11:56,985 

2021-05-29 20:11:56,985 recall: 0.9462430576483408

2021-05-29 20:11:56,985 specificity: 0.9933510810136795

2021-05-29 20:11:56,985 precision: 0.8520509672661623

2021-05-29 20:11:56,985 F1: 0.8811654100815455

2021-05-29 20:11:56,985 F2: 0.9117843280235927

2021-05-29 20:11:56,985 ACC_overall: 0.9917793263991673

2021-05-29 20:11:56,985 IoU_poly: 0.8100988107422987

2021-05-29 20:11:56,985 IoU_bg: 0.991462845603625

2021-05-29 20:11:56,985 IoU_mean: 0.9007808268070221

2021-05-29 20:11:56,985 ==============================
2021-05-29 20:11:56,985 

2021-05-29 20:12:12,378 RESULT FOR DATASET CVC-ClinicDB

2021-05-29 20:12:12,378 ==============================
2021-05-29 20:12:12,378 

2021-05-29 20:12:12,378 recall: 0.9322830308829585

2021-05-29 20:12:12,378 specificity: 0.9958336497506788

2021-05-29 20:12:12,378 precision: 0.9299010338802491

2021-05-29 20:12:12,378 F1: 0.916232586151079

2021-05-29 20:12:12,378 F2: 0.9218623189841427

2021-05-29 20:12:12,379 ACC_overall: 0.991894212461287

2021-05-29 20:12:12,379 IoU_poly: 0.8688805571967556

2021-05-29 20:12:12,379 IoU_bg: 0.9901774371823957

2021-05-29 20:12:12,379 IoU_mean: 0.9295289929836027

2021-05-29 20:12:12,379 ==============================
2021-05-29 20:12:12,379 

2021-05-29 20:12:41,829 RESULT FOR DATASET Kvasir

2021-05-29 20:12:41,830 ==============================
2021-05-29 20:12:41,830 

2021-05-29 20:12:41,830 recall: 0.8964613792300224

2021-05-29 20:12:41,830 specificity: 0.9877201986312866

2021-05-29 20:12:41,830 precision: 0.9235528832674027

2021-05-29 20:12:41,830 F1: 0.8934483942389488

2021-05-29 20:12:41,830 F2: 0.890456877052784

2021-05-29 20:12:41,830 ACC_overall: 0.9676949596405029

2021-05-29 20:12:41,830 IoU_poly: 0.8340159320831299

2021-05-29 20:12:41,830 IoU_bg: 0.9599248468875885

2021-05-29 20:12:41,830 IoU_mean: 0.8969703871011734

2021-05-29 20:12:41,830 ==============================
2021-05-29 20:12:41,830 

2021-05-29 20:14:34,062 RESULT FOR DATASET CVC-ColonDB

2021-05-29 20:14:34,062 ==============================
2021-05-29 20:14:34,062 

2021-05-29 20:14:34,062 recall: 0.7354843689556015

2021-05-29 20:14:34,062 specificity: 0.9910773109448584

2021-05-29 20:14:34,062 precision: 0.8375122302070132

2021-05-29 20:14:34,062 F1: 0.7100866179940113

2021-05-29 20:14:34,062 F2: 0.7159793089380939

2021-05-29 20:14:34,062 ACC_overall: 0.958998851556527

2021-05-29 20:14:34,062 IoU_poly: 0.643139295840706

2021-05-29 20:14:34,062 IoU_bg: 0.9571418142632434

2021-05-29 20:14:34,062 IoU_mean: 0.8001405550068931

2021-05-29 20:14:34,062 ==============================
2021-05-29 20:14:34,062 

2021-05-29 20:15:55,251 RESULT FOR DATASET ETIS-LaribPolypDB

2021-05-29 20:15:55,251 ==============================
2021-05-29 20:15:55,251 

2021-05-29 20:15:55,251 recall: 0.7272926518252582

2021-05-29 20:15:55,251 specificity: 0.989997212071808

2021-05-29 20:15:55,251 precision: 0.8152950538749012

2021-05-29 20:15:55,251 F1: 0.6646849569037283

2021-05-29 20:15:55,251 F2: 0.694094495454887

2021-05-29 20:15:55,251 ACC_overall: 0.9844815372204294

2021-05-29 20:15:55,251 IoU_poly: 0.598532992307754

2021-05-29 20:15:55,251 IoU_bg: 0.9837704200525673

2021-05-29 20:15:55,252 IoU_mean: 0.7911517063573915

2021-05-29 20:15:55,252 ==============================
2021-05-29 20:15:55,252 

