2021-05-15 02:23:24,619 RESULT FOR DATASET CVC-300

2021-05-15 02:23:24,619 ==============================
2021-05-15 02:23:24,619 

2021-05-15 02:23:24,619 recall: 0.9267665033539136

2021-05-15 02:23:24,619 specificity: 0.9940172632535299

2021-05-15 02:23:24,619 precision: 0.8449362597117821

2021-05-15 02:23:24,619 F1: 0.8627043306827545

2021-05-15 02:23:24,619 F2: 0.8862679230670134

2021-05-15 02:23:24,619 ACC_overall: 0.9913707345724105

2021-05-15 02:23:24,620 IoU_poly: 0.7960002625981967

2021-05-15 02:23:24,620 IoU_bg: 0.9911386450131734

2021-05-15 02:23:24,620 IoU_mean: 0.8935694515705108

2021-05-15 02:23:24,620 ==============================
2021-05-15 02:23:24,620 

2021-05-15 02:23:41,752 RESULT FOR DATASET CVC-ClinicDB

2021-05-15 02:23:41,752 ==============================
2021-05-15 02:23:41,752 

2021-05-15 02:23:41,752 recall: 0.9419652242814341

2021-05-15 02:23:41,752 specificity: 0.9937065887835718

2021-05-15 02:23:41,752 precision: 0.9117828349192296

2021-05-15 02:23:41,752 F1: 0.9167921060035306

2021-05-15 02:23:41,752 F2: 0.925141032184324

2021-05-15 02:23:41,752 ACC_overall: 0.99033296685065

2021-05-15 02:23:41,752 IoU_poly: 0.8647867087875644

2021-05-15 02:23:41,752 IoU_bg: 0.9883041939427776

2021-05-15 02:23:41,752 IoU_mean: 0.9265454536484133

2021-05-15 02:23:41,752 ==============================
2021-05-15 02:23:41,752 

2021-05-15 02:24:13,621 RESULT FOR DATASET Kvasir

2021-05-15 02:24:13,621 ==============================
2021-05-15 02:24:13,621 

2021-05-15 02:24:13,621 recall: 0.9090898443758487

2021-05-15 02:24:13,621 specificity: 0.9865620630979538

2021-05-15 02:24:13,621 precision: 0.9228900638222695

2021-05-15 02:24:13,621 F1: 0.9035432410240173

2021-05-15 02:24:13,621 F2: 0.9042797619104386

2021-05-15 02:24:13,621 ACC_overall: 0.9706020778417588

2021-05-15 02:24:13,621 IoU_poly: 0.8430989146232605

2021-05-15 02:24:13,621 IoU_bg: 0.9622020524740219

2021-05-15 02:24:13,622 IoU_mean: 0.9026504838466645

2021-05-15 02:24:13,622 ==============================
2021-05-15 02:24:13,622 

2021-05-15 02:26:14,527 RESULT FOR DATASET CVC-ColonDB

2021-05-15 02:26:14,527 ==============================
2021-05-15 02:26:14,527 

2021-05-15 02:26:14,527 recall: 0.8114395183743478

2021-05-15 02:26:14,527 specificity: 0.9860041522666028

2021-05-15 02:26:14,527 precision: 0.7943744457107402

2021-05-15 02:26:14,527 F1: 0.7581166509135361

2021-05-15 02:26:14,527 F2: 0.7706646511836018

2021-05-15 02:26:14,527 ACC_overall: 0.9588991767481754

2021-05-15 02:26:14,527 IoU_poly: 0.6715015894809384

2021-05-15 02:26:14,527 IoU_bg: 0.9554331937118581

2021-05-15 02:26:14,527 IoU_mean: 0.8134673911489938

2021-05-15 02:26:14,527 ==============================
2021-05-15 02:26:14,527 

2021-05-15 02:27:41,880 RESULT FOR DATASET ETIS-LaribPolypDB

2021-05-15 02:27:41,880 ==============================
2021-05-15 02:27:41,880 

2021-05-15 02:27:41,880 recall: 0.8400045032368993

2021-05-15 02:27:41,880 specificity: 0.9831682276360842

2021-05-15 02:27:41,880 precision: 0.6789582403467318

2021-05-15 02:27:41,880 F1: 0.7182023496573084

2021-05-15 02:27:41,880 F2: 0.774523696569805

2021-05-15 02:27:41,880 ACC_overall: 0.980900200349944

2021-05-15 02:27:41,880 IoU_poly: 0.629756279632762

2021-05-15 02:27:41,880 IoU_bg: 0.9799732486812436

2021-05-15 02:27:41,880 IoU_mean: 0.8048647640615093

2021-05-15 02:27:41,880 ==============================
2021-05-15 02:27:41,880 

