2021-05-15 02:28:06,859 RESULT FOR DATASET CVC-300

2021-05-15 02:28:06,871 ==============================
2021-05-15 02:28:06,872 

2021-05-15 02:28:06,872 recall: 0.9410258809725444

2021-05-15 02:28:06,872 specificity: 0.993961027264595

2021-05-15 02:28:06,872 precision: 0.8486544112364451

2021-05-15 02:28:06,872 F1: 0.8724672891199589

2021-05-15 02:28:06,872 F2: 0.8988992884755135

2021-05-15 02:28:06,872 ACC_overall: 0.9918141186237335

2021-05-15 02:28:06,872 IoU_poly: 0.8041644377013047

2021-05-15 02:28:06,872 IoU_bg: 0.9915563782056173

2021-05-15 02:28:06,872 IoU_mean: 0.8978604118029276

2021-05-15 02:28:06,872 ==============================
2021-05-15 02:28:06,872 

2021-05-15 02:28:23,638 RESULT FOR DATASET CVC-ClinicDB

2021-05-15 02:28:23,638 ==============================
2021-05-15 02:28:23,638 

2021-05-15 02:28:23,638 recall: 0.930120216261956

2021-05-15 02:28:23,638 specificity: 0.9936788601260031

2021-05-15 02:28:23,638 precision: 0.905363391273685

2021-05-15 02:28:23,638 F1: 0.9067113225258165

2021-05-15 02:28:23,638 F2: 0.9119314815728895

2021-05-15 02:28:23,638 ACC_overall: 0.9887221320982902

2021-05-15 02:28:23,638 IoU_poly: 0.8539534538623786

2021-05-15 02:28:23,638 IoU_bg: 0.9867066125715932

2021-05-15 02:28:23,638 IoU_mean: 0.9203300269380692

2021-05-15 02:28:23,639 ==============================
2021-05-15 02:28:23,639 

2021-05-15 02:28:55,980 RESULT FOR DATASET Kvasir

2021-05-15 02:28:55,980 ==============================
2021-05-15 02:28:55,980 

2021-05-15 02:28:55,980 recall: 0.908885842859745

2021-05-15 02:28:55,980 specificity: 0.9888780087232589

2021-05-15 02:28:55,980 precision: 0.9360990917682648

2021-05-15 02:28:55,980 F1: 0.9120021492242814

2021-05-15 02:28:55,980 F2: 0.9081750252842903

2021-05-15 02:28:55,980 ACC_overall: 0.9735400003194808

2021-05-15 02:28:55,980 IoU_poly: 0.85553631067276

2021-05-15 02:28:55,980 IoU_bg: 0.9659070843458175

2021-05-15 02:28:55,980 IoU_mean: 0.9107216987013816

2021-05-15 02:28:55,981 ==============================
2021-05-15 02:28:55,981 

2021-05-15 02:30:58,088 RESULT FOR DATASET CVC-ColonDB

2021-05-15 02:30:58,088 ==============================
2021-05-15 02:30:58,088 

2021-05-15 02:30:58,088 recall: 0.7813681986555462

2021-05-15 02:30:58,088 specificity: 0.9892300555580541

2021-05-15 02:30:58,088 precision: 0.806695401080431

2021-05-15 02:30:58,088 F1: 0.7477827479530404

2021-05-15 02:30:58,088 F2: 0.7558138389706983

2021-05-15 02:30:58,088 ACC_overall: 0.9612833335211403

2021-05-15 02:30:58,088 IoU_poly: 0.6657891244681746

2021-05-15 02:30:58,088 IoU_bg: 0.9582599319909748

2021-05-15 02:30:58,088 IoU_mean: 0.8120245274744535

2021-05-15 02:30:58,088 ==============================
2021-05-15 02:30:58,088 

2021-05-15 02:32:25,904 RESULT FOR DATASET ETIS-LaribPolypDB

2021-05-15 02:32:25,905 ==============================
2021-05-15 02:32:25,905 

2021-05-15 02:32:25,905 recall: 0.8657256034656508

2021-05-15 02:32:25,905 specificity: 0.9768198570426629

2021-05-15 02:32:25,905 precision: 0.6416104524291188

2021-05-15 02:32:25,905 F1: 0.7073242789567664

2021-05-15 02:32:25,905 F2: 0.7741573147201442

2021-05-15 02:32:25,905 ACC_overall: 0.975577827923152

2021-05-15 02:32:25,905 IoU_poly: 0.6188692604904418

2021-05-15 02:32:25,905 IoU_bg: 0.9745812364378754

2021-05-15 02:32:25,905 IoU_mean: 0.7967252484997924

2021-05-15 02:32:25,905 ==============================
2021-05-15 02:32:25,905 

