2021-04-28 16:34:20,098 RESULT FOR DATASET CVC-300

2021-04-28 16:34:20,098 ==============================
2021-04-28 16:34:20,098 

2021-04-28 16:34:20,098 recall: 0.9614648918310801

2021-04-28 16:34:20,099 specificity: 0.9928145746390025

2021-04-28 16:34:20,099 precision: 0.8288229641815027

2021-04-28 16:34:20,099 F1: 0.8715183089176813

2021-04-28 16:34:20,099 F2: 0.9104331726829211

2021-04-28 16:34:20,099 ACC_overall: 0.991652903954188

2021-04-28 16:34:20,099 IoU_poly: 0.8018109263231357

2021-04-28 16:34:20,099 IoU_bg: 0.9914012263218562

2021-04-28 16:34:20,099 IoU_mean: 0.8966060747702916

2021-04-28 16:34:20,099 ==============================
2021-04-28 16:34:20,099 

2021-04-28 16:34:35,105 RESULT FOR DATASET CVC-ClinicDB

2021-04-28 16:34:35,105 ==============================
2021-04-28 16:34:35,105 

2021-04-28 16:34:35,105 recall: 0.9251186031465148

2021-04-28 16:34:35,105 specificity: 0.9941284521933524

2021-04-28 16:34:35,105 precision: 0.8980259974036486

2021-04-28 16:34:35,105 F1: 0.900884892046076

2021-04-28 16:34:35,105 F2: 0.9091044885309173

2021-04-28 16:34:35,105 ACC_overall: 0.9875625362319331

2021-04-28 16:34:35,106 IoU_poly: 0.8479518103310012

2021-04-28 16:34:35,106 IoU_bg: 0.9856209976057853

2021-04-28 16:34:35,106 IoU_mean: 0.9167864043866435

2021-04-28 16:34:35,106 ==============================
2021-04-28 16:34:35,106 

2021-04-28 16:35:03,915 RESULT FOR DATASET Kvasir

2021-04-28 16:35:03,915 ==============================
2021-04-28 16:35:03,915 

2021-04-28 16:35:03,915 recall: 0.9085248306393623

2021-04-28 16:35:03,915 specificity: 0.990447381734848

2021-04-28 16:35:03,915 precision: 0.9411172676086426

2021-04-28 16:35:03,915 F1: 0.9142551022768021

2021-04-28 16:35:03,916 F2: 0.9087907454371452

2021-04-28 16:35:03,916 ACC_overall: 0.9748931193351745

2021-04-28 16:35:03,916 IoU_poly: 0.8598606149852276

2021-04-28 16:35:03,916 IoU_bg: 0.9676394924521446

2021-04-28 16:35:03,916 IoU_mean: 0.9137500557303428

2021-04-28 16:35:03,916 ==============================
2021-04-28 16:35:03,916 

2021-04-28 16:36:53,304 RESULT FOR DATASET CVC-ColonDB

2021-04-28 16:36:53,304 ==============================
2021-04-28 16:36:53,304 

2021-04-28 16:36:53,304 recall: 0.7972623207688087

2021-04-28 16:36:53,304 specificity: 0.988669732526729

2021-04-28 16:36:53,304 precision: 0.7984690714023217

2021-04-28 16:36:53,305 F1: 0.7580162791518217

2021-04-28 16:36:53,305 F2: 0.769674983819902

2021-04-28 16:36:53,305 ACC_overall: 0.9630435828315584

2021-04-28 16:36:53,305 IoU_poly: 0.6770609168984122

2021-04-28 16:36:53,305 IoU_bg: 0.9598358825633401

2021-04-28 16:36:53,305 IoU_mean: 0.8184483999092328

2021-04-28 16:36:53,305 ==============================
2021-04-28 16:36:53,305 

2021-04-28 16:38:13,245 RESULT FOR DATASET ETIS-LaribPolypDB

2021-04-28 16:38:13,245 ==============================
2021-04-28 16:38:13,245 

2021-04-28 16:38:13,245 recall: 0.8227138661176356

2021-04-28 16:38:13,245 specificity: 0.9853542316324857

2021-04-28 16:38:13,246 precision: 0.6946294246542878

2021-04-28 16:38:13,246 F1: 0.7286306143562806

2021-04-28 16:38:13,246 F2: 0.7695113607124693

2021-04-28 16:38:13,246 ACC_overall: 0.9824093397782774

2021-04-28 16:38:13,246 IoU_poly: 0.6463367648308024

2021-04-28 16:38:13,246 IoU_bg: 0.9816500772627033

2021-04-28 16:38:13,246 IoU_mean: 0.8139934215922745

2021-04-28 16:38:13,246 ==============================
2021-04-28 16:38:13,246 

