2021-05-13 21:46:42,730 RESULT FOR DATASET CVC-300

2021-05-13 21:46:42,730 ==============================
2021-05-13 21:46:42,730 

2021-05-13 21:46:42,730 recall: 0.9622006088495254

2021-05-13 21:46:42,730 specificity: 0.9889501998821895

2021-05-13 21:46:42,730 precision: 0.8092328254133463

2021-05-13 21:46:42,730 F1: 0.8542819909751416

2021-05-13 21:46:42,730 F2: 0.8959737588961919

2021-05-13 21:46:42,730 ACC_overall: 0.987967187166214

2021-05-13 21:46:42,730 IoU_poly: 0.7832583881914615

2021-05-13 21:46:42,730 IoU_bg: 0.9876166095336278

2021-05-13 21:46:42,730 IoU_mean: 0.8854374969998996

2021-05-13 21:46:42,730 ==============================
2021-05-13 21:46:42,730 

2021-05-13 21:46:59,199 RESULT FOR DATASET CVC-ClinicDB

2021-05-13 21:46:59,199 ==============================
2021-05-13 21:46:59,199 

2021-05-13 21:46:59,199 recall: 0.9502066085415501

2021-05-13 21:46:59,199 specificity: 0.9927353128310172

2021-05-13 21:46:59,199 precision: 0.9025160768820394

2021-05-13 21:46:59,199 F1: 0.9153474685285361

2021-05-13 21:46:59,199 F2: 0.9275068806544426

2021-05-13 21:46:59,199 ACC_overall: 0.9903586362638781

2021-05-13 21:46:59,199 IoU_poly: 0.8670753409725523

2021-05-13 21:46:59,200 IoU_bg: 0.9889441709364614

2021-05-13 21:46:59,200 IoU_mean: 0.9280097547077364

2021-05-13 21:46:59,200 ==============================
2021-05-13 21:46:59,200 

2021-05-13 21:47:31,215 RESULT FOR DATASET Kvasir

2021-05-13 21:47:31,215 ==============================
2021-05-13 21:47:31,215 

2021-05-13 21:47:31,215 recall: 0.9208942273259163

2021-05-13 21:47:31,215 specificity: 0.9867592692375183

2021-05-13 21:47:31,215 precision: 0.9314989598840475

2021-05-13 21:47:31,215 F1: 0.914955432638526

2021-05-13 21:47:31,215 F2: 0.9144388926029205

2021-05-13 21:47:31,215 ACC_overall: 0.973478833436966

2021-05-13 21:47:31,215 IoU_poly: 0.8652465683966875

2021-05-13 21:47:31,216 IoU_bg: 0.9657883578538895

2021-05-13 21:47:31,216 IoU_mean: 0.9155174595117569

2021-05-13 21:47:31,216 ==============================
2021-05-13 21:47:31,216 

2021-05-13 21:49:34,157 RESULT FOR DATASET CVC-ColonDB

2021-05-13 21:49:34,158 ==============================
2021-05-13 21:49:34,158 

2021-05-13 21:49:34,158 recall: 0.844609506207852

2021-05-13 21:49:34,158 specificity: 0.987528386084657

2021-05-13 21:49:34,158 precision: 0.8257374453960916

2021-05-13 21:49:34,158 F1: 0.7957785723314852

2021-05-13 21:49:34,158 F2: 0.8093713525791444

2021-05-13 21:49:34,158 ACC_overall: 0.967788733777247

2021-05-13 21:49:34,158 IoU_poly: 0.7144890909351537

2021-05-13 21:49:34,158 IoU_bg: 0.964377750377906

2021-05-13 21:49:34,158 IoU_mean: 0.8394334182143212

2021-05-13 21:49:34,158 ==============================
2021-05-13 21:49:34,158 

2021-05-13 21:51:01,046 RESULT FOR DATASET ETIS-LaribPolypDB

2021-05-13 21:51:01,047 ==============================
2021-05-13 21:51:01,047 

2021-05-13 21:51:01,047 recall: 0.8996555361667542

2021-05-13 21:51:01,047 specificity: 0.987229973077774

2021-05-13 21:51:01,047 precision: 0.7519972580349643

2021-05-13 21:51:01,047 F1: 0.7816894197244995

2021-05-13 21:51:01,047 F2: 0.8318401193582665

2021-05-13 21:51:01,047 ACC_overall: 0.9853573085702195

2021-05-13 21:51:01,047 IoU_poly: 0.6970356492654631

2021-05-13 21:51:01,047 IoU_bg: 0.9845960827506318

2021-05-13 21:51:01,047 IoU_mean: 0.8408158641992783

2021-05-13 21:51:01,047 ==============================
2021-05-13 21:51:01,047 

