2021-05-13 21:37:28,040 RESULT FOR DATASET CVC-300

2021-05-13 21:37:28,040 ==============================
2021-05-13 21:37:28,040 

2021-05-13 21:37:28,040 recall: 0.956720569729805

2021-05-13 21:37:28,040 specificity: 0.988875741759936

2021-05-13 21:37:28,040 precision: 0.7897817673782508

2021-05-13 21:37:28,040 F1: 0.8398254116376241

2021-05-13 21:37:28,040 F2: 0.8881590858101844

2021-05-13 21:37:28,040 ACC_overall: 0.9877953509489695

2021-05-13 21:37:28,040 IoU_poly: 0.7621606340010961

2021-05-13 21:37:28,040 IoU_bg: 0.9874133090178172

2021-05-13 21:37:28,040 IoU_mean: 0.8747869710127513

2021-05-13 21:37:28,040 ==============================
2021-05-13 21:37:28,040 

2021-05-13 21:37:44,043 RESULT FOR DATASET CVC-ClinicDB

2021-05-13 21:37:44,044 ==============================
2021-05-13 21:37:44,044 

2021-05-13 21:37:44,044 recall: 0.9543556397961032

2021-05-13 21:37:44,044 specificity: 0.9932681100983773

2021-05-13 21:37:44,044 precision: 0.9058509050838409

2021-05-13 21:37:44,044 F1: 0.91860576418619

2021-05-13 21:37:44,044 F2: 0.9313400423815174

2021-05-13 21:37:44,044 ACC_overall: 0.9913898869868247

2021-05-13 21:37:44,044 IoU_poly: 0.8688953271315943

2021-05-13 21:37:44,044 IoU_bg: 0.9901341940126112

2021-05-13 21:37:44,044 IoU_mean: 0.9295147604519322

2021-05-13 21:37:44,044 ==============================
2021-05-13 21:37:44,044 

2021-05-13 21:38:14,641 RESULT FOR DATASET Kvasir

2021-05-13 21:38:14,641 ==============================
2021-05-13 21:38:14,641 

2021-05-13 21:38:14,641 recall: 0.8940091580152512

2021-05-13 21:38:14,641 specificity: 0.9896202409267425

2021-05-13 21:38:14,641 precision: 0.9332297443598508

2021-05-13 21:38:14,641 F1: 0.8999840432405471

2021-05-13 21:38:14,641 F2: 0.8938887289166451

2021-05-13 21:38:14,641 ACC_overall: 0.9721935003995895

2021-05-13 21:38:14,641 IoU_poly: 0.8480367526039481

2021-05-13 21:38:14,641 IoU_bg: 0.9652786856889725

2021-05-13 21:38:14,641 IoU_mean: 0.9066577166318893

2021-05-13 21:38:14,641 ==============================
2021-05-13 21:38:14,642 

2021-05-13 21:40:13,568 RESULT FOR DATASET CVC-ColonDB

2021-05-13 21:40:13,568 ==============================
2021-05-13 21:40:13,568 

2021-05-13 21:40:13,568 recall: 0.8102636013507339

2021-05-13 21:40:13,568 specificity: 0.9897651139058565

2021-05-13 21:40:13,568 precision: 0.8149502008522082

2021-05-13 21:40:13,568 F1: 0.7685655729199952

2021-05-13 21:40:13,568 F2: 0.7807535193428042

2021-05-13 21:40:13,568 ACC_overall: 0.9631164731947999

2021-05-13 21:40:13,568 IoU_poly: 0.6883251651197904

2021-05-13 21:40:13,568 IoU_bg: 0.9607833325078613

2021-05-13 21:40:13,568 IoU_mean: 0.824554247997309

2021-05-13 21:40:13,568 ==============================
2021-05-13 21:40:13,568 

2021-05-13 21:41:39,311 RESULT FOR DATASET ETIS-LaribPolypDB

2021-05-13 21:41:39,312 ==============================
2021-05-13 21:41:39,312 

2021-05-13 21:41:39,312 recall: 0.8750548282528607

2021-05-13 21:41:39,312 specificity: 0.9893895892464385

2021-05-13 21:41:39,312 precision: 0.7874955392649284

2021-05-13 21:41:39,312 F1: 0.7944314441959306

2021-05-13 21:41:39,312 F2: 0.8325479576850535

2021-05-13 21:41:39,312 ACC_overall: 0.9877384201604493

2021-05-13 21:41:39,312 IoU_poly: 0.7121853576405296

2021-05-13 21:41:39,312 IoU_bg: 0.9869526442216368

2021-05-13 21:41:39,312 IoU_mean: 0.8495690019763246

2021-05-13 21:41:39,312 ==============================
2021-05-13 21:41:39,312 

