2021-05-13 21:42:04,822 RESULT FOR DATASET CVC-300

2021-05-13 21:42:04,822 ==============================
2021-05-13 21:42:04,822 

2021-05-13 21:42:04,822 recall: 0.9586984445651372

2021-05-13 21:42:04,822 specificity: 0.9918773253758748

2021-05-13 21:42:04,822 precision: 0.83283413015306

2021-05-13 21:42:04,822 F1: 0.869941479464372

2021-05-13 21:42:04,822 F2: 0.9045727054278055

2021-05-13 21:42:04,822 ACC_overall: 0.9907396624485652

2021-05-13 21:42:04,823 IoU_poly: 0.8042126217236122

2021-05-13 21:42:04,823 IoU_bg: 0.9904789517323176

2021-05-13 21:42:04,823 IoU_mean: 0.8973457882801692

2021-05-13 21:42:04,823 ==============================
2021-05-13 21:42:04,823 

2021-05-13 21:42:21,119 RESULT FOR DATASET CVC-ClinicDB

2021-05-13 21:42:21,119 ==============================
2021-05-13 21:42:21,119 

2021-05-13 21:42:21,119 recall: 0.9398323995091261

2021-05-13 21:42:21,119 specificity: 0.9932249957515348

2021-05-13 21:42:21,119 precision: 0.9054953209819242

2021-05-13 21:42:21,120 F1: 0.9150402899869087

2021-05-13 21:42:21,120 F2: 0.9249472560120686

2021-05-13 21:42:21,120 ACC_overall: 0.9900154615602186

2021-05-13 21:42:21,120 IoU_poly: 0.8677088698586298

2021-05-13 21:42:21,120 IoU_bg: 0.9883098583067617

2021-05-13 21:42:21,120 IoU_mean: 0.9280093615093539

2021-05-13 21:42:21,120 ==============================
2021-05-13 21:42:21,120 

2021-05-13 21:42:52,548 RESULT FOR DATASET Kvasir

2021-05-13 21:42:52,548 ==============================
2021-05-13 21:42:52,548 

2021-05-13 21:42:52,548 recall: 0.9089467915892601

2021-05-13 21:42:52,548 specificity: 0.9905884426832199

2021-05-13 21:42:52,548 precision: 0.9427195307612419

2021-05-13 21:42:52,548 F1: 0.912856288254261

2021-05-13 21:42:52,548 F2: 0.9081491081416607

2021-05-13 21:42:52,548 ACC_overall: 0.9736627665162086

2021-05-13 21:42:52,548 IoU_poly: 0.8612003044784069

2021-05-13 21:42:52,548 IoU_bg: 0.9667999431490898

2021-05-13 21:42:52,548 IoU_mean: 0.9140001264214516

2021-05-13 21:42:52,548 ==============================
2021-05-13 21:42:52,548 

2021-05-13 21:44:51,965 RESULT FOR DATASET CVC-ColonDB

2021-05-13 21:44:51,965 ==============================
2021-05-13 21:44:51,965 

2021-05-13 21:44:51,965 recall: 0.8192211510091439

2021-05-13 21:44:51,966 specificity: 0.9877325992835195

2021-05-13 21:44:51,966 precision: 0.820468641179296

2021-05-13 21:44:51,966 F1: 0.7797165125751379

2021-05-13 21:44:51,966 F2: 0.790323538870531

2021-05-13 21:44:51,966 ACC_overall: 0.9632549199618792

2021-05-13 21:44:51,966 IoU_poly: 0.6986279384255101

2021-05-13 21:44:51,966 IoU_bg: 0.9601362843262522

2021-05-13 21:44:51,966 IoU_mean: 0.8293821142692315

2021-05-13 21:44:51,966 ==============================
2021-05-13 21:44:51,966 

2021-05-13 21:46:16,675 RESULT FOR DATASET ETIS-LaribPolypDB

2021-05-13 21:46:16,676 ==============================
2021-05-13 21:46:16,676 

2021-05-13 21:46:16,676 recall: 0.8772155104037553

2021-05-13 21:46:16,676 specificity: 0.9885608778924359

2021-05-13 21:46:16,676 precision: 0.7435446854178271

2021-05-13 21:46:16,676 F1: 0.7752828012795288

2021-05-13 21:46:16,676 F2: 0.8174832842641805

2021-05-13 21:46:16,676 ACC_overall: 0.98614038648654

2021-05-13 21:46:16,676 IoU_poly: 0.6902064439133789

2021-05-13 21:46:16,676 IoU_bg: 0.9854775284017835

2021-05-13 21:46:16,676 IoU_mean: 0.8378419862413893

2021-05-13 21:46:16,676 ==============================
2021-05-13 21:46:16,676 

