2021-04-20 18:59:53,418 Epoch 0 	 Loss 0.6321456926864583
2021-04-20 19:03:24,483 Epoch 1 	 Loss 0.32322635493435703
2021-04-20 19:06:55,483 Epoch 2 	 Loss 0.2405944478053313
2021-04-20 19:10:26,391 Epoch 3 	 Loss 0.1961099400625124
2021-04-20 19:13:57,385 Epoch 4 	 Loss 0.16924640282497302
2021-04-20 19:17:28,347 Epoch 5 	 Loss 0.15001166480910647
2021-04-20 19:20:59,253 Epoch 6 	 Loss 0.12429345169892678
2021-04-20 19:24:30,293 Epoch 7 	 Loss 0.11792465282993002
2021-04-20 19:28:01,378 Epoch 8 	 Loss 0.11636027882059852
2021-04-20 19:31:32,495 Epoch 9 	 Loss 0.10769712204461569
2021-04-20 19:35:03,770 Epoch 10 	 Loss 0.09486663054961425
2021-04-20 19:38:34,929 Epoch 11 	 Loss 0.08740751559917743
2021-04-20 19:42:05,953 Epoch 12 	 Loss 0.07800209890682619
2021-04-20 19:45:36,964 Epoch 13 	 Loss 0.0714919551551997
2021-04-20 19:49:07,786 Epoch 14 	 Loss 0.0681752513398181
2021-04-20 19:52:38,764 Epoch 15 	 Loss 0.07109575694078928
2021-04-20 19:56:09,717 Epoch 16 	 Loss 0.06971630601437537
2021-04-20 19:59:40,758 Epoch 17 	 Loss 0.06355132289476446
2021-04-20 20:03:11,640 Epoch 18 	 Loss 0.05904268231856954
2021-04-20 20:06:42,548 Epoch 19 	 Loss 0.05580569599028472
2021-04-20 20:10:13,453 Epoch 20 	 Loss 0.05459212876119456
2021-04-20 20:13:44,321 Epoch 21 	 Loss 0.05320098787382409
2021-04-20 20:17:15,193 Epoch 22 	 Loss 0.051510149387867896
2021-04-20 20:20:46,104 Epoch 23 	 Loss 0.050358242058491966
2021-04-20 20:24:17,020 Epoch 24 	 Loss 0.04943994334438345
2021-04-20 20:27:47,869 Epoch 25 	 Loss 0.04850719615325823
2021-04-20 20:31:19,216 Epoch 26 	 Loss 0.04856549305738984
2021-04-20 20:34:50,118 Epoch 27 	 Loss 0.048600391495031314
2021-04-20 20:38:20,989 Epoch 28 	 Loss 0.048249652343136926
2021-04-20 20:41:51,920 Epoch 29 	 Loss 0.04691266886644311
2021-04-20 20:45:22,945 Epoch 30 	 Loss 0.04651144634072597
2021-04-20 20:48:53,932 Epoch 31 	 Loss 0.04534668467202029
2021-04-20 20:52:24,979 Epoch 32 	 Loss 0.04434129321476915
2021-04-20 20:55:55,809 Epoch 33 	 Loss 0.04370293995508781
2021-04-20 20:59:26,658 Epoch 34 	 Loss 0.043308877846696875
2021-04-20 21:02:57,541 Epoch 35 	 Loss 0.04328516723362954
2021-04-20 21:06:28,480 Epoch 36 	 Loss 0.04358433182914179
2021-04-20 21:09:59,292 Epoch 37 	 Loss 0.043005745039208905
2021-04-20 21:13:30,168 Epoch 38 	 Loss 0.042372347439055914
2021-04-20 21:17:00,897 Epoch 39 	 Loss 0.042131349976573675
2021-04-20 21:20:31,744 Epoch 40 	 Loss 0.04167060107811467
2021-04-20 21:24:02,504 Epoch 41 	 Loss 0.04145952645730186
2021-04-20 21:27:33,258 Epoch 42 	 Loss 0.04276691688286079
2021-04-20 21:31:04,040 Epoch 43 	 Loss 0.04230174033360167
2021-04-20 21:34:34,869 Epoch 44 	 Loss 0.041587166160672574
2021-04-20 21:38:05,880 Epoch 45 	 Loss 0.041099045548465225
2021-04-20 21:41:36,761 Epoch 46 	 Loss 0.0404000373168306
2021-04-20 21:45:07,674 Epoch 47 	 Loss 0.03993033339361568
2021-04-20 21:48:38,831 Epoch 48 	 Loss 0.0682940295600629
2021-04-20 21:52:09,848 Epoch 49 	 Loss 0.11353083585317318
2021-04-20 21:55:46,971 Epoch 50 	 Loss 0.06880934900798641
2021-04-20 21:59:18,755 Epoch 51 	 Loss 0.05008610080067928
2021-04-20 22:02:50,528 Epoch 52 	 Loss 0.04356264265683981
2021-04-20 22:06:22,261 Epoch 53 	 Loss 0.04118909240587727
2021-04-20 22:09:54,177 Epoch 54 	 Loss 0.03995327229846965
2021-04-20 22:13:26,199 Epoch 55 	 Loss 0.039887760735147604
2021-04-20 22:16:58,146 Epoch 56 	 Loss 0.040489561814855746
2021-04-20 22:20:30,221 Epoch 57 	 Loss 0.04259269254711958
2021-04-20 22:24:02,173 Epoch 58 	 Loss 0.04039969958446838
2021-04-20 22:27:34,028 Epoch 59 	 Loss 0.03905579971743154
2021-04-20 22:31:06,108 Epoch 60 	 Loss 0.038539915662872924
2021-04-20 22:34:38,255 Epoch 61 	 Loss 0.03839805198239756
2021-04-20 22:38:10,423 Epoch 62 	 Loss 0.038343403119962295
2021-04-20 22:41:42,440 Epoch 63 	 Loss 0.038144604435988834
2021-04-20 22:45:14,609 Epoch 64 	 Loss 0.03799869201995514
2021-04-20 22:48:46,802 Epoch 65 	 Loss 0.038020733498282486
2021-04-20 22:52:18,745 Epoch 66 	 Loss 0.038843900129035276
2021-04-20 22:55:50,629 Epoch 67 	 Loss 0.037888011925823084
2021-04-20 22:59:22,452 Epoch 68 	 Loss 0.03763197227329998
2021-04-20 23:02:54,447 Epoch 69 	 Loss 0.037628246287068165
2021-04-20 23:06:26,356 Epoch 70 	 Loss 0.0375567176430435
2021-04-20 23:09:58,445 Epoch 71 	 Loss 0.03742316172836901
2021-04-20 23:13:30,681 Epoch 72 	 Loss 0.03736227840840162
2021-04-21 07:43:17,198 Epoch 73 	 Loss 0.037295594811439514
2021-04-21 07:46:48,398 Epoch 74 	 Loss 0.03725287097168493
2021-04-21 07:50:19,765 Epoch 75 	 Loss 0.037165820066417964
2021-04-21 07:53:50,386 Epoch 76 	 Loss 0.037092010848797284
2021-04-21 07:57:20,210 Epoch 77 	 Loss 0.03707777188865693
2021-04-21 08:00:50,092 Epoch 78 	 Loss 0.037020114465401724
2021-04-21 08:04:19,924 Epoch 79 	 Loss 0.03694136932001009
2021-04-21 08:07:49,740 Epoch 80 	 Loss 0.03692424886829251
2021-04-21 08:11:19,620 Epoch 81 	 Loss 0.03687200236778993
2021-04-21 08:14:49,599 Epoch 82 	 Loss 0.03686537998881969
2021-04-21 08:18:19,561 Epoch 83 	 Loss 0.036806408274959734
2021-04-21 08:21:49,390 Epoch 84 	 Loss 0.03680032933806325
2021-04-21 08:25:19,313 Epoch 85 	 Loss 0.03677564515517308
2021-04-21 08:28:49,303 Epoch 86 	 Loss 0.03671889236340156
2021-04-21 08:32:19,172 Epoch 87 	 Loss 0.03672474823318995
2021-04-21 08:35:48,880 Epoch 88 	 Loss 0.036697375414135695
2021-04-21 08:39:18,675 Epoch 89 	 Loss 0.03667021436350686
2021-04-21 08:42:48,672 Epoch 90 	 Loss 0.03666055992573172
2021-04-21 08:46:18,619 Epoch 91 	 Loss 0.03668362811044022
2021-04-21 08:49:48,485 Epoch 92 	 Loss 0.03663446545437142
2021-04-21 08:53:18,315 Epoch 93 	 Loss 0.036636969831946135
2021-04-21 08:56:48,270 Epoch 94 	 Loss 0.03662958618376281
2021-04-21 09:00:18,304 Epoch 95 	 Loss 0.03660127471436511
2021-04-21 09:03:48,250 Epoch 96 	 Loss 0.036626080849340985
2021-04-21 09:07:18,224 Epoch 97 	 Loss 0.03662941891413469
2021-04-21 09:10:48,290 Epoch 98 	 Loss 0.036601085297681475
2021-04-21 09:14:18,489 Epoch 99 	 Loss 0.03662547743418715
2021-04-21 09:14:27,656 RESULT FOR DATASET CVC-300

2021-04-21 09:14:27,657 ==============================
2021-04-21 09:14:27,658 

2021-04-21 09:14:27,659 recall: 0.9245476211110751

2021-04-21 09:14:27,659 specificity: 0.9959081520636877

2021-04-21 09:14:27,660 precision: 0.8873938366770744

2021-04-21 09:14:27,661 F1: 0.8934853086868922

2021-04-21 09:14:27,661 F2: 0.9095041121045748

2021-04-21 09:14:27,662 ACC_overall: 0.9924229363600413

2021-04-21 09:14:27,663 IoU_poly: 0.8223819176355998

2021-04-21 09:14:27,663 IoU_bg: 0.9920768211285274

2021-04-21 09:14:27,664 IoU_mean: 0.9072293678919474

2021-04-21 09:14:27,665 ==============================
2021-04-21 09:14:27,665 

2021-04-21 09:14:31,253 RESULT FOR DATASET CVC-ClinicDB

2021-04-21 09:14:31,254 ==============================
2021-04-21 09:14:31,254 

2021-04-21 09:14:31,255 recall: 0.8736688427837386

2021-04-21 09:14:31,256 specificity: 0.9959755616803323

2021-04-21 09:14:31,256 precision: 0.9183870662527625

2021-04-21 09:14:31,257 F1: 0.8759176971770132

2021-04-21 09:14:31,258 F2: 0.8736824303970582

2021-04-21 09:14:31,258 ACC_overall: 0.989818726816485

2021-04-21 09:14:31,258 IoU_poly: 0.8274758012877071

2021-04-21 09:14:31,258 IoU_bg: 0.9879340346782438

2021-04-21 09:14:31,258 IoU_mean: 0.9077049214993754

2021-04-21 09:14:31,259 ==============================
2021-04-21 09:14:31,259 

2021-04-21 09:14:37,853 RESULT FOR DATASET Kvasir

2021-04-21 09:14:37,853 ==============================
2021-04-21 09:14:37,853 

2021-04-21 09:14:37,853 recall: 0.8757351037231274

2021-04-21 09:14:37,853 specificity: 0.9880149614810944

2021-04-21 09:14:37,853 precision: 0.9252424081135541

2021-04-21 09:14:37,853 F1: 0.8763975873794698

2021-04-21 09:14:37,853 F2: 0.8714681982596812

2021-04-21 09:14:37,853 ACC_overall: 0.9702010840177536

2021-04-21 09:14:37,854 IoU_poly: 0.8198277250886895

2021-04-21 09:14:37,854 IoU_bg: 0.9623993754386901

2021-04-21 09:14:37,854 IoU_mean: 0.8911135494709015

2021-04-21 09:14:37,854 ==============================
2021-04-21 09:14:37,854 

2021-04-21 09:15:02,671 RESULT FOR DATASET CVC-ColonDB

2021-04-21 09:15:02,672 ==============================
2021-04-21 09:15:02,689 

2021-04-21 09:15:02,689 recall: 0.6208854767966662

2021-04-21 09:15:02,690 specificity: 0.9969586869603709

2021-04-21 09:15:02,691 precision: 0.9205928924280574

2021-04-21 09:15:02,691 F1: 0.6344477241165374

2021-04-21 09:15:02,691 F2: 0.6236407257236507

2021-04-21 09:15:02,691 ACC_overall: 0.9569414528576952

2021-04-21 09:15:02,691 IoU_poly: 0.5677122050477824

2021-04-21 09:15:02,691 IoU_bg: 0.9554567308018082

2021-04-21 09:15:02,691 IoU_mean: 0.7615844706955709

2021-04-21 09:15:02,692 ==============================
2021-04-21 09:15:02,692 

2021-04-21 09:15:21,950 RESULT FOR DATASET ETIS-LaribPolypDB

2021-04-21 09:15:21,951 ==============================
2021-04-21 09:15:21,951 

2021-04-21 09:15:21,951 recall: 0.5196044237761958

2021-04-21 09:15:21,951 specificity: 0.9938382731408489

2021-04-21 09:15:21,951 precision: 0.8664888879762582

2021-04-21 09:15:21,952 F1: 0.5181745368173714

2021-04-21 09:15:21,953 F2: 0.5144622590259392

2021-04-21 09:15:21,953 ACC_overall: 0.9802188617842538

2021-04-21 09:15:21,954 IoU_poly: 0.4645196323895849

2021-04-21 09:15:21,955 IoU_bg: 0.9793538670150601

2021-04-21 09:15:21,955 IoU_mean: 0.7219367495604924

2021-04-21 09:15:21,955 ==============================
2021-04-21 09:15:21,955 

