2021-04-23 01:06:43,934 Epoch 0 	 Loss 0.6109640103775066
2021-04-23 01:08:19,664 Epoch 1 	 Loss 0.2979546975303482
2021-04-23 01:09:55,254 Epoch 2 	 Loss 0.22056724458605378
2021-04-23 01:11:30,719 Epoch 3 	 Loss 0.1761536935528556
2021-04-23 01:13:06,143 Epoch 4 	 Loss 0.15318723301311116
2021-04-23 01:14:41,571 Epoch 5 	 Loss 0.12946218972677712
2021-04-23 01:16:17,024 Epoch 6 	 Loss 0.1154984372493985
2021-04-23 01:17:52,531 Epoch 7 	 Loss 0.10032144573691128
2021-04-23 01:19:28,017 Epoch 8 	 Loss 0.09226050457129112
2021-04-23 01:21:03,408 Epoch 9 	 Loss 0.112735998745148
2021-04-23 01:22:39,047 Epoch 10 	 Loss 0.12832947476552084
2021-04-23 01:24:14,669 Epoch 11 	 Loss 0.10543420247651719
2021-04-23 01:25:50,095 Epoch 12 	 Loss 0.09745149789275703
2021-04-23 01:27:25,521 Epoch 13 	 Loss 0.08717582268374306
2021-04-23 01:29:00,998 Epoch 14 	 Loss 0.07446783347116721
2021-04-23 01:30:36,418 Epoch 15 	 Loss 0.0678731043423925
2021-04-23 01:32:11,885 Epoch 16 	 Loss 0.06454690955169909
2021-04-23 01:33:47,340 Epoch 17 	 Loss 0.06243964321501962
2021-04-23 01:35:22,739 Epoch 18 	 Loss 0.06084906973026611
2021-04-23 01:36:58,253 Epoch 19 	 Loss 0.05974574108700176
2021-04-23 01:38:33,745 Epoch 20 	 Loss 0.05782486678479792
2021-04-23 01:40:09,248 Epoch 21 	 Loss 0.0633137400497447
2021-04-23 01:41:44,720 Epoch 22 	 Loss 0.10882484126876998
2021-04-23 01:43:20,141 Epoch 23 	 Loss 0.10348180304844301
2021-04-23 01:44:55,642 Epoch 24 	 Loss 0.08199831524065562
2021-04-23 01:46:31,107 Epoch 25 	 Loss 0.07144439064866893
2021-04-23 01:48:06,561 Epoch 26 	 Loss 0.0726043864429652
2021-04-23 01:49:42,038 Epoch 27 	 Loss 0.06528120766301732
2021-04-23 01:51:17,532 Epoch 28 	 Loss 0.05851450177666905
2021-04-23 01:52:53,029 Epoch 29 	 Loss 0.05501620381415545
2021-04-23 01:54:28,461 Epoch 30 	 Loss 0.053006506514745755
2021-04-23 01:56:03,953 Epoch 31 	 Loss 0.051993066137963596
2021-04-23 01:57:39,431 Epoch 32 	 Loss 0.05136055683532914
2021-04-23 01:59:14,964 Epoch 33 	 Loss 0.05064116389705585
2021-04-23 02:00:50,482 Epoch 34 	 Loss 0.05017459810107619
2021-04-23 02:02:25,862 Epoch 35 	 Loss 0.04990842058272152
2021-04-23 02:04:01,390 Epoch 36 	 Loss 0.04963626945903013
2021-04-23 02:05:36,868 Epoch 37 	 Loss 0.04947716202382203
2021-04-23 02:07:12,380 Epoch 38 	 Loss 0.04924100698841797
2021-04-23 02:08:47,794 Epoch 39 	 Loss 0.04899134757099571
2021-04-23 02:10:23,253 Epoch 40 	 Loss 0.048541659100370095
2021-04-23 02:11:58,685 Epoch 41 	 Loss 0.04818776065667907
2021-04-23 02:13:34,144 Epoch 42 	 Loss 0.04816472071867723
2021-04-23 02:15:09,616 Epoch 43 	 Loss 0.04794533481145953
2021-04-23 02:16:45,130 Epoch 44 	 Loss 0.04786174425057003
2021-04-23 02:18:20,655 Epoch 45 	 Loss 0.04767855559731578
2021-04-23 02:19:56,347 Epoch 46 	 Loss 0.047331289193787415
2021-04-23 02:21:31,919 Epoch 47 	 Loss 0.04699047826803648
2021-04-23 02:23:07,397 Epoch 48 	 Loss 0.04686383706527752
2021-04-23 02:24:42,985 Epoch 49 	 Loss 0.04672602748314103
2021-04-23 02:26:18,429 Epoch 50 	 Loss 0.046527476428629276
2021-04-23 02:27:53,901 Epoch 51 	 Loss 0.04635430495817583
2021-04-23 02:29:29,323 Epoch 52 	 Loss 0.04619585309218574
2021-04-23 02:31:04,834 Epoch 53 	 Loss 0.046191428552617084
2021-04-23 02:32:40,320 Epoch 54 	 Loss 0.04604546484220159
2021-04-23 02:34:15,736 Epoch 55 	 Loss 0.045873915878953515
2021-04-23 02:35:51,147 Epoch 56 	 Loss 0.04564724285360221
2021-04-23 02:37:26,640 Epoch 57 	 Loss 0.04559376475575206
2021-04-23 02:39:02,075 Epoch 58 	 Loss 0.04550550317207536
2021-04-23 02:40:37,570 Epoch 59 	 Loss 0.04537400558263391
2021-04-23 02:42:13,043 Epoch 60 	 Loss 0.04529877072507209
2021-04-23 02:43:48,559 Epoch 61 	 Loss 0.04519468157009764
2021-04-23 02:45:24,039 Epoch 62 	 Loss 0.045013886354454274
2021-04-23 02:46:59,517 Epoch 63 	 Loss 0.04496206838514779
2021-04-23 02:48:34,945 Epoch 64 	 Loss 0.04490331200125453
2021-04-23 02:50:10,404 Epoch 65 	 Loss 0.044788355355734354
2021-04-23 02:51:45,880 Epoch 66 	 Loss 0.044736237971337287
2021-04-23 02:53:21,351 Epoch 67 	 Loss 0.04462635521214087
2021-04-23 02:54:56,840 Epoch 68 	 Loss 0.044542677905205844
2021-04-23 02:56:32,478 Epoch 69 	 Loss 0.04450794194753353
2021-04-23 02:58:07,906 Epoch 70 	 Loss 0.04443399816915229
2021-04-23 02:59:43,373 Epoch 71 	 Loss 0.04440819742260398
2021-04-23 03:01:18,869 Epoch 72 	 Loss 0.04433880455710076
2021-04-23 03:02:54,345 Epoch 73 	 Loss 0.04431626536361464
2021-04-23 03:04:29,702 Epoch 74 	 Loss 0.0442661002769575
2021-04-23 03:06:05,126 Epoch 75 	 Loss 0.044197532952159314
2021-04-23 03:07:40,491 Epoch 76 	 Loss 0.0441889525442333
2021-04-23 03:09:16,011 Epoch 77 	 Loss 0.04410102791511095
2021-04-23 03:10:51,517 Epoch 78 	 Loss 0.04405671562794801
2021-04-23 03:12:27,041 Epoch 79 	 Loss 0.044051963344707595
2021-04-23 03:14:02,509 Epoch 80 	 Loss 0.0439884819827237
2021-04-23 03:15:38,067 Epoch 81 	 Loss 0.04397266075670064
2021-04-23 03:17:13,724 Epoch 82 	 Loss 0.04392166902403255
2021-04-23 03:18:49,547 Epoch 83 	 Loss 0.043945013043972164
2021-04-23 03:20:25,006 Epoch 84 	 Loss 0.04385390329164463
2021-04-23 03:22:00,463 Epoch 85 	 Loss 0.043858025182079485
2021-04-23 03:23:35,828 Epoch 86 	 Loss 0.04383759921068674
2021-04-23 03:25:11,374 Epoch 87 	 Loss 0.04384256981231354
2021-04-23 03:26:46,855 Epoch 88 	 Loss 0.04381098258462581
2021-04-23 03:28:22,352 Epoch 89 	 Loss 0.04377723170014528
2021-04-23 03:29:57,825 Epoch 90 	 Loss 0.04379296466544434
2021-04-23 03:31:33,309 Epoch 91 	 Loss 0.043794410692138984
2021-04-23 03:33:08,694 Epoch 92 	 Loss 0.0437718954878849
2021-04-23 03:34:44,102 Epoch 93 	 Loss 0.04373457655310631
2021-04-23 03:36:19,562 Epoch 94 	 Loss 0.043759506850779714
2021-04-23 03:37:55,026 Epoch 95 	 Loss 0.043756402046470855
2021-04-23 03:39:30,433 Epoch 96 	 Loss 0.04374216668880903
2021-04-23 03:41:05,955 Epoch 97 	 Loss 0.043727082783704276
2021-04-23 03:42:41,436 Epoch 98 	 Loss 0.043718397412653806
2021-04-23 03:44:17,000 Epoch 99 	 Loss 0.0437386450613593
2021-04-23 03:44:26,596 RESULT FOR DATASET CVC-300

2021-04-23 03:44:26,596 ==============================
2021-04-23 03:44:26,596 

2021-04-23 03:44:26,597 recall: 0.9140550810519926

2021-04-23 03:44:26,597 specificity: 0.9951228479544322

2021-04-23 03:44:26,597 precision: 0.8781287829081218

2021-04-23 03:44:26,597 F1: 0.874210929817976

2021-04-23 03:44:26,597 F2: 0.8944794189341337

2021-04-23 03:44:26,598 ACC_overall: 0.9927412937084834

2021-04-23 03:44:26,598 IoU_poly: 0.8039949658934347

2021-04-23 03:44:26,598 IoU_bg: 0.9924792726834615

2021-04-23 03:44:26,598 IoU_mean: 0.8982371255755425

2021-04-23 03:44:26,599 ==============================
2021-04-23 03:44:26,599 

2021-04-23 03:44:39,279 RESULT FOR DATASET CVC-ClinicDB

2021-04-23 03:44:39,291 ==============================
2021-04-23 03:44:39,291 

2021-04-23 03:44:39,292 recall: 0.8593106384308363

2021-04-23 03:44:39,293 specificity: 0.9965346849733784

2021-04-23 03:44:39,293 precision: 0.9479520513165381

2021-04-23 03:44:39,294 F1: 0.8584327669570132

2021-04-23 03:44:39,295 F2: 0.8580079637899725

2021-04-23 03:44:39,296 ACC_overall: 0.9846429199941696

2021-04-23 03:44:39,297 IoU_poly: 0.8121955917797037

2021-04-23 03:44:39,297 IoU_bg: 0.9835149213191001

2021-04-23 03:44:39,298 IoU_mean: 0.8978552529888768

2021-04-23 03:44:39,299 ==============================
2021-04-23 03:44:39,300 

2021-04-23 03:44:46,596 RESULT FOR DATASET Kvasir

2021-04-23 03:44:46,597 ==============================
2021-04-23 03:44:46,597 

2021-04-23 03:44:46,597 recall: 0.8719741419306957

2021-04-23 03:44:46,597 specificity: 0.9906648433208466

2021-04-23 03:44:46,597 precision: 0.9352846467494964

2021-04-23 03:44:46,597 F1: 0.8825990770589851

2021-04-23 03:44:46,597 F2: 0.8737709628533048

2021-04-23 03:44:46,597 ACC_overall: 0.9664986139535904

2021-04-23 03:44:46,597 IoU_poly: 0.8245287561393343

2021-04-23 03:44:46,597 IoU_bg: 0.958437613248825

2021-04-23 03:44:46,597 IoU_mean: 0.8914831861853599

2021-04-23 03:44:46,598 ==============================
2021-04-23 03:44:46,598 

2021-04-23 03:45:12,159 RESULT FOR DATASET CVC-ColonDB

2021-04-23 03:45:12,163 ==============================
2021-04-23 03:45:12,164 

2021-04-23 03:45:12,164 recall: 0.6591752170546981

2021-04-23 03:45:12,165 specificity: 0.9960051963203832

2021-04-23 03:45:12,166 precision: 0.9143769055788749

2021-04-23 03:45:12,166 F1: 0.6615214093075649

2021-04-23 03:45:12,166 F2: 0.656531635621644

2021-04-23 03:45:12,166 ACC_overall: 0.959912819689826

2021-04-23 03:45:12,166 IoU_poly: 0.5965244033783823

2021-04-23 03:45:12,168 IoU_bg: 0.95838619894103

2021-04-23 03:45:12,169 IoU_mean: 0.7774553016612404

2021-04-23 03:45:12,171 ==============================
2021-04-23 03:45:12,172 

2021-04-23 03:45:29,326 RESULT FOR DATASET ETIS-LaribPolypDB

2021-04-23 03:45:29,326 ==============================
2021-04-23 03:45:29,326 

2021-04-23 03:45:29,326 recall: 0.5451676821896158

2021-04-23 03:45:29,326 specificity: 0.9947388762113999

2021-04-23 03:45:29,326 precision: 0.8657834441996087

2021-04-23 03:45:29,327 F1: 0.5384149361421453

2021-04-23 03:45:29,327 F2: 0.5401573508538465

2021-04-23 03:45:29,327 ACC_overall: 0.9840104683321349

2021-04-23 03:45:29,328 IoU_poly: 0.48398997756350803

2021-04-23 03:45:29,328 IoU_bg: 0.9832133751134483

2021-04-23 03:45:29,330 IoU_mean: 0.7336016767183129

2021-04-23 03:45:29,331 ==============================
2021-04-23 03:45:29,332 

