2021-04-21 09:18:51,503 Epoch 0 	 Loss 0.6321456926864583
2021-04-21 09:22:21,851 Epoch 1 	 Loss 0.32322635493435703
2021-04-21 09:25:52,182 Epoch 2 	 Loss 0.2405944478053313
2021-04-21 09:29:22,599 Epoch 3 	 Loss 0.1961099400625124
2021-04-21 09:32:53,054 Epoch 4 	 Loss 0.16924640282497302
2021-04-21 09:36:23,534 Epoch 5 	 Loss 0.15001166480910647
2021-04-21 09:39:53,818 Epoch 6 	 Loss 0.12429345169892678
2021-04-21 09:43:24,092 Epoch 7 	 Loss 0.11792465282993002
2021-04-21 09:46:54,410 Epoch 8 	 Loss 0.11636027882059852
2021-04-21 09:50:24,687 Epoch 9 	 Loss 0.10769712204461569
2021-04-21 09:53:55,132 Epoch 10 	 Loss 0.09486663054961425
2021-04-21 09:57:25,502 Epoch 11 	 Loss 0.08740751559917743
2021-04-21 10:00:55,826 Epoch 12 	 Loss 0.07800209890682619
2021-04-21 10:04:26,362 Epoch 13 	 Loss 0.0714919551551997
2021-04-21 10:07:56,855 Epoch 14 	 Loss 0.0681752513398181
2021-04-21 10:11:27,235 Epoch 15 	 Loss 0.07109575694078928
2021-04-21 10:14:57,740 Epoch 16 	 Loss 0.06971630601437537
2021-04-21 10:18:28,259 Epoch 17 	 Loss 0.06355132289476446
2021-04-21 10:21:58,764 Epoch 18 	 Loss 0.05904268231856954
2021-04-21 10:25:29,352 Epoch 19 	 Loss 0.05580569599028472
2021-04-21 10:28:59,898 Epoch 20 	 Loss 0.05459212876119456
2021-04-21 10:32:30,267 Epoch 21 	 Loss 0.05320098787382409
2021-04-21 10:36:00,690 Epoch 22 	 Loss 0.051510149387867896
2021-04-21 10:39:31,160 Epoch 23 	 Loss 0.050358242058491966
2021-04-21 10:43:01,528 Epoch 24 	 Loss 0.04943994334438345
2021-04-21 10:46:31,981 Epoch 25 	 Loss 0.04850719615325823
2021-04-21 10:50:02,461 Epoch 26 	 Loss 0.04856549305738984
2021-04-21 10:53:32,845 Epoch 27 	 Loss 0.048600391495031314
2021-04-21 10:57:03,213 Epoch 28 	 Loss 0.048249652343136926
2021-04-21 11:00:33,581 Epoch 29 	 Loss 0.04691266886644311
2021-04-21 11:04:04,021 Epoch 30 	 Loss 0.04651144634072597
2021-04-21 11:07:34,437 Epoch 31 	 Loss 0.04534668467202029
2021-04-21 11:11:04,837 Epoch 32 	 Loss 0.04434129321476915
2021-04-21 11:14:35,136 Epoch 33 	 Loss 0.04370293995508781
2021-04-21 11:18:05,624 Epoch 34 	 Loss 0.043308877846696875
2021-04-21 11:21:36,044 Epoch 35 	 Loss 0.04328516723362954
2021-04-21 11:25:06,461 Epoch 36 	 Loss 0.04358433182914179
2021-04-21 11:28:36,868 Epoch 37 	 Loss 0.043005745039208905
2021-04-21 11:32:07,318 Epoch 38 	 Loss 0.042372347439055914
2021-04-21 11:35:37,694 Epoch 39 	 Loss 0.042131349976573675
2021-04-21 11:39:08,066 Epoch 40 	 Loss 0.04167060107811467
2021-04-21 11:42:38,525 Epoch 41 	 Loss 0.04145952645730186
2021-04-21 11:46:08,965 Epoch 42 	 Loss 0.04276691688286079
2021-04-21 11:49:39,265 Epoch 43 	 Loss 0.04230174033360167
2021-04-21 11:53:09,587 Epoch 44 	 Loss 0.041587166160672574
2021-04-21 11:56:40,053 Epoch 45 	 Loss 0.041099045548465225
2021-04-21 12:00:10,490 Epoch 46 	 Loss 0.0404000373168306
2021-04-21 12:03:40,931 Epoch 47 	 Loss 0.03993033339361568
2021-04-21 12:07:11,376 Epoch 48 	 Loss 0.0682940295600629
2021-04-21 12:10:41,916 Epoch 49 	 Loss 0.11353083585317318
2021-04-21 12:14:12,526 Epoch 50 	 Loss 0.06880934900798641
2021-04-21 12:17:43,001 Epoch 51 	 Loss 0.05008610080067928
2021-04-21 12:21:13,289 Epoch 52 	 Loss 0.04356264265683981
2021-04-21 12:24:43,833 Epoch 53 	 Loss 0.04118909240587727
2021-04-21 12:28:14,221 Epoch 54 	 Loss 0.03995327229846965
2021-04-21 12:31:44,949 Epoch 55 	 Loss 0.039887760735147604
2021-04-21 12:35:15,637 Epoch 56 	 Loss 0.040489561814855746
2021-04-21 12:38:46,142 Epoch 57 	 Loss 0.04259269254711958
2021-04-21 12:42:16,473 Epoch 58 	 Loss 0.04039969958446838
2021-04-21 12:45:46,911 Epoch 59 	 Loss 0.03905579971743154
2021-04-21 12:49:17,415 Epoch 60 	 Loss 0.038539915662872924
2021-04-21 12:52:47,981 Epoch 61 	 Loss 0.03839805198239756
2021-04-21 12:56:18,476 Epoch 62 	 Loss 0.038343403119962295
2021-04-21 12:59:49,119 Epoch 63 	 Loss 0.038144604435988834
2021-04-21 13:03:19,733 Epoch 64 	 Loss 0.03799869201995514
2021-04-21 13:06:50,289 Epoch 65 	 Loss 0.038020733498282486
2021-04-21 13:10:20,984 Epoch 66 	 Loss 0.038843900129035276
2021-04-21 13:13:51,515 Epoch 67 	 Loss 0.037888011925823084
2021-04-21 13:17:21,950 Epoch 68 	 Loss 0.03763197227329998
2021-04-21 13:20:52,469 Epoch 69 	 Loss 0.037628246287068165
2021-04-21 13:24:23,172 Epoch 70 	 Loss 0.0375567176430435
2021-04-21 13:27:53,827 Epoch 71 	 Loss 0.03742316172836901
2021-04-21 13:31:24,227 Epoch 72 	 Loss 0.03736227840840162
2021-04-21 13:34:54,673 Epoch 73 	 Loss 0.03731436601706913
2021-04-21 13:38:25,119 Epoch 74 	 Loss 0.037212828235639324
2021-04-21 13:41:55,587 Epoch 75 	 Loss 0.037134739314461804
2021-04-21 13:45:26,011 Epoch 76 	 Loss 0.03710260929969641
2021-04-21 13:48:56,487 Epoch 77 	 Loss 0.03705213161615225
2021-04-21 13:52:26,883 Epoch 78 	 Loss 0.03702253516722512
2021-04-21 13:55:57,326 Epoch 79 	 Loss 0.036994939895121606
2021-04-21 13:59:27,713 Epoch 80 	 Loss 0.03693625388237146
2021-04-21 14:02:58,190 Epoch 81 	 Loss 0.0368886160162779
2021-04-21 14:06:28,659 Epoch 82 	 Loss 0.03683970385527873
2021-04-21 14:09:59,140 Epoch 83 	 Loss 0.036862266956122366
2021-04-21 14:13:29,624 Epoch 84 	 Loss 0.0368427483180722
2021-04-21 14:17:00,095 Epoch 85 	 Loss 0.036791050827110205
2021-04-21 14:20:30,529 Epoch 86 	 Loss 0.03672827898964777
2021-04-21 14:24:01,039 Epoch 87 	 Loss 0.03675422133816467
2021-04-21 14:27:31,572 Epoch 88 	 Loss 0.03674543481115457
2021-04-21 14:31:01,995 Epoch 89 	 Loss 0.03670297730918769
2021-04-21 14:34:32,487 Epoch 90 	 Loss 0.036695906216954136
2021-04-21 14:38:02,997 Epoch 91 	 Loss 0.03668951578847655
2021-04-21 14:41:33,458 Epoch 92 	 Loss 0.03670215852312989
2021-04-21 14:45:03,983 Epoch 93 	 Loss 0.03666968565884527
2021-04-21 14:48:34,543 Epoch 94 	 Loss 0.036645741580606815
2021-04-21 14:52:05,096 Epoch 95 	 Loss 0.036659697009311924
2021-04-21 14:55:35,639 Epoch 96 	 Loss 0.036619579317150534
2021-04-21 14:59:06,245 Epoch 97 	 Loss 0.03660562904653968
2021-04-21 15:02:36,692 Epoch 98 	 Loss 0.03662831618726908
2021-04-21 15:06:07,387 Epoch 99 	 Loss 0.03665561536019975
2021-04-21 15:06:16,653 RESULT FOR DATASET CVC-300

2021-04-21 15:06:16,653 ==============================
2021-04-21 15:06:16,653 

2021-04-21 15:06:16,654 recall: 0.9221255257725716

2021-04-21 15:06:16,654 specificity: 0.9960612565279007

2021-04-21 15:06:16,654 precision: 0.8876822759707769

2021-04-21 15:06:16,654 F1: 0.891971905529499

2021-04-21 15:06:16,654 F2: 0.9074678485592206

2021-04-21 15:06:16,654 ACC_overall: 0.992313003540039

2021-04-21 15:06:16,654 IoU_poly: 0.8203431211411953

2021-04-21 15:06:16,654 IoU_bg: 0.9919849505027135

2021-04-21 15:06:16,654 IoU_mean: 0.906164038181305

2021-04-21 15:06:16,654 ==============================
2021-04-21 15:06:16,654 

2021-04-21 15:06:20,297 RESULT FOR DATASET CVC-ClinicDB

2021-04-21 15:06:20,297 ==============================
2021-04-21 15:06:20,297 

2021-04-21 15:06:20,297 recall: 0.875543553209413

2021-04-21 15:06:20,297 specificity: 0.9957599726415449

2021-04-21 15:06:20,298 precision: 0.9188978766521153

2021-04-21 15:06:20,298 F1: 0.8771754079517128

2021-04-21 15:06:20,298 F2: 0.8753436847755145

2021-04-21 15:06:20,298 ACC_overall: 0.989664864155554

2021-04-21 15:06:20,298 IoU_poly: 0.8282624843498436

2021-04-21 15:06:20,298 IoU_bg: 0.9877257395175195

2021-04-21 15:06:20,298 IoU_mean: 0.9079941078539817

2021-04-21 15:06:20,298 ==============================
2021-04-21 15:06:20,298 

2021-04-21 15:06:26,979 RESULT FOR DATASET Kvasir

2021-04-21 15:06:26,979 ==============================
2021-04-21 15:06:26,979 

2021-04-21 15:06:26,979 recall: 0.8781503853172762

2021-04-21 15:06:26,979 specificity: 0.9873302996158599

2021-04-21 15:06:26,979 precision: 0.9234454255085438

2021-04-21 15:06:26,979 F1: 0.87704609375578

2021-04-21 15:06:26,979 F2: 0.8727875021044746

2021-04-21 15:06:26,979 ACC_overall: 0.9699363416433334

2021-04-21 15:06:26,980 IoU_poly: 0.82014548336796

2021-04-21 15:06:26,980 IoU_bg: 0.9620287674665451

2021-04-21 15:06:26,980 IoU_mean: 0.8910871234536171

2021-04-21 15:06:26,980 ==============================
2021-04-21 15:06:26,980 

2021-04-21 15:06:51,922 RESULT FOR DATASET CVC-ColonDB

2021-04-21 15:06:51,923 ==============================
2021-04-21 15:06:51,924 

2021-04-21 15:06:51,925 recall: 0.6204404377377961

2021-04-21 15:06:51,925 specificity: 0.9970400496533043

2021-04-21 15:06:51,926 precision: 0.92179267662899

2021-04-21 15:06:51,927 F1: 0.6353298153309472

2021-04-21 15:06:51,928 F2: 0.6237814681670623

2021-04-21 15:06:51,928 ACC_overall: 0.9569151836790537

2021-04-21 15:06:51,929 IoU_poly: 0.5683133469500047

2021-04-21 15:06:51,930 IoU_bg: 0.9554457279412369

2021-04-21 15:06:51,930 IoU_mean: 0.7618795381172707

2021-04-21 15:06:51,931 ==============================
2021-04-21 15:06:51,932 

2021-04-21 15:07:13,551 RESULT FOR DATASET ETIS-LaribPolypDB

2021-04-21 15:07:13,552 ==============================
2021-04-21 15:07:13,553 

2021-04-21 15:07:13,553 recall: 0.5145232552752959

2021-04-21 15:07:13,554 specificity: 0.9939291671830781

2021-04-21 15:07:13,555 precision: 0.8659609330064745

2021-04-21 15:07:13,556 F1: 0.5153296385843272

2021-04-21 15:07:13,556 F2: 0.5107457345579581

2021-04-21 15:07:13,557 ACC_overall: 0.980214597923415

2021-04-21 15:07:13,558 IoU_poly: 0.4616703273658556

2021-04-21 15:07:13,558 IoU_bg: 0.9793471070576687

2021-04-21 15:07:13,559 IoU_mean: 0.7205087166963792

2021-04-21 15:07:13,559 ==============================
2021-04-21 15:07:13,559 

