2021-04-23 03:47:05,948 Epoch 0 	 Loss 0.6173034153141819
2021-04-23 03:48:41,871 Epoch 1 	 Loss 0.3059554113136543
2021-04-23 03:50:17,733 Epoch 2 	 Loss 0.223703078352488
2021-04-23 03:51:53,403 Epoch 3 	 Loss 0.1830863587476395
2021-04-23 03:53:29,116 Epoch 4 	 Loss 0.15080365579534363
2021-04-23 03:55:04,878 Epoch 5 	 Loss 0.1459840422311982
2021-04-23 03:56:40,518 Epoch 6 	 Loss 0.1329266138292931
2021-04-23 03:58:16,148 Epoch 7 	 Loss 0.13060161463179432
2021-04-23 03:59:51,879 Epoch 8 	 Loss 0.11220973689150024
2021-04-23 04:01:27,603 Epoch 9 	 Loss 0.09354084394462817
2021-04-23 04:03:03,473 Epoch 10 	 Loss 0.08576927235820792
2021-04-23 04:04:39,353 Epoch 11 	 Loss 0.07841504414330472
2021-04-23 04:06:15,036 Epoch 12 	 Loss 0.08128000795841217
2021-04-23 04:07:50,744 Epoch 13 	 Loss 0.0986246706528978
2021-04-23 04:09:26,528 Epoch 14 	 Loss 0.09741077162734754
2021-04-23 04:11:02,210 Epoch 15 	 Loss 0.08441593358804891
2021-04-23 04:12:37,951 Epoch 16 	 Loss 0.07812887610314967
2021-04-23 04:14:13,614 Epoch 17 	 Loss 0.07469268781798226
2021-04-23 04:15:49,405 Epoch 18 	 Loss 0.08534572666490471
2021-04-23 04:17:25,077 Epoch 19 	 Loss 0.07313832706147498
2021-04-23 04:19:00,725 Epoch 20 	 Loss 0.06393205022418892
2021-04-23 04:20:36,311 Epoch 21 	 Loss 0.05980406218505168
2021-04-23 04:22:11,968 Epoch 22 	 Loss 0.057619180161874374
2021-04-23 04:23:47,684 Epoch 23 	 Loss 0.056563529339465464
2021-04-23 04:25:23,438 Epoch 24 	 Loss 0.055364813205305036
2021-04-23 04:26:59,089 Epoch 25 	 Loss 0.054690944911031936
2021-04-23 04:28:34,826 Epoch 26 	 Loss 0.05454408942343115
2021-04-23 04:30:10,637 Epoch 27 	 Loss 0.053908058534284216
2021-04-23 04:31:46,396 Epoch 28 	 Loss 0.05355194350192835
2021-04-23 04:33:22,001 Epoch 29 	 Loss 0.052724093812835084
2021-04-23 04:34:57,730 Epoch 30 	 Loss 0.052686097079908456
2021-04-23 04:36:33,391 Epoch 31 	 Loss 0.05266838835982176
2021-04-23 04:38:09,071 Epoch 32 	 Loss 0.05168420203275733
2021-04-23 04:39:44,808 Epoch 33 	 Loss 0.050616659838092194
2021-04-23 04:41:20,557 Epoch 34 	 Loss 0.05020991176530555
2021-04-23 04:42:56,241 Epoch 35 	 Loss 0.04976185095997957
2021-04-23 04:44:31,967 Epoch 36 	 Loss 0.04932454797429043
2021-04-23 04:46:07,674 Epoch 37 	 Loss 0.04909835141766202
2021-04-23 04:47:43,369 Epoch 38 	 Loss 0.048935059048644786
2021-04-23 04:49:19,075 Epoch 39 	 Loss 0.048767340707254934
2021-04-23 04:50:54,808 Epoch 40 	 Loss 0.04838289242688116
2021-04-23 04:52:30,542 Epoch 41 	 Loss 0.0483054399572231
2021-04-23 04:54:06,325 Epoch 42 	 Loss 0.04815121805602378
2021-04-23 04:55:42,118 Epoch 43 	 Loss 0.04780107273996531
2021-04-23 04:57:17,926 Epoch 44 	 Loss 0.04785764147783374
2021-04-23 04:58:53,834 Epoch 45 	 Loss 0.04769498130286133
2021-04-23 05:00:29,548 Epoch 46 	 Loss 0.047344108654575036
2021-04-23 05:02:05,148 Epoch 47 	 Loss 0.047470992779011255
2021-04-23 05:03:40,860 Epoch 48 	 Loss 0.04707953448478992
2021-04-23 05:05:16,504 Epoch 49 	 Loss 0.046758299140812275
2021-04-23 05:06:52,167 Epoch 50 	 Loss 0.046467417994370826
2021-04-23 05:08:27,822 Epoch 51 	 Loss 0.04617914274989904
2021-04-23 05:10:03,607 Epoch 52 	 Loss 0.046049111655780246
2021-04-23 05:11:39,238 Epoch 53 	 Loss 0.04597239675266402
2021-04-23 05:13:15,124 Epoch 54 	 Loss 0.045980803832248014
2021-04-23 05:14:50,862 Epoch 55 	 Loss 0.04595619399141479
2021-04-23 05:16:26,568 Epoch 56 	 Loss 0.04581645032861731
2021-04-23 05:18:02,232 Epoch 57 	 Loss 0.04550439037464477
2021-04-23 05:19:37,904 Epoch 58 	 Loss 0.045265654040561924
2021-04-23 05:21:13,532 Epoch 59 	 Loss 0.04517259072143953
2021-04-23 05:22:49,302 Epoch 60 	 Loss 0.04508419703323763
2021-04-23 05:24:24,961 Epoch 61 	 Loss 0.045052667813641686
2021-04-23 05:26:00,629 Epoch 62 	 Loss 0.0449757008598401
2021-04-23 05:27:36,328 Epoch 63 	 Loss 0.04489598357742959
2021-04-23 05:29:12,113 Epoch 64 	 Loss 0.04482562172707621
2021-04-23 05:30:47,882 Epoch 65 	 Loss 0.0447016678914264
2021-04-23 05:32:23,539 Epoch 66 	 Loss 0.04467661772946735
2021-04-23 05:33:59,328 Epoch 67 	 Loss 0.04463452518313796
2021-04-23 05:35:35,119 Epoch 68 	 Loss 0.04447506953563009
2021-04-23 05:37:10,850 Epoch 69 	 Loss 0.04439893164313757
2021-04-23 05:38:46,591 Epoch 70 	 Loss 0.044312030486353154
2021-04-23 05:40:22,381 Epoch 71 	 Loss 0.04430966816105685
2021-04-23 05:41:58,111 Epoch 72 	 Loss 0.044229456929715125
2021-04-23 05:43:33,793 Epoch 73 	 Loss 0.044214613490052276
2021-04-23 05:45:09,610 Epoch 74 	 Loss 0.04413402367096681
2021-04-23 05:46:45,297 Epoch 75 	 Loss 0.044135005796676154
2021-04-23 05:48:21,606 Epoch 76 	 Loss 0.04403960803052881
2021-04-23 05:49:57,991 Epoch 77 	 Loss 0.04398569853587465
2021-04-23 05:51:36,676 Epoch 78 	 Loss 0.043960518398127715
2021-04-23 05:53:18,668 Epoch 79 	 Loss 0.04392388024991685
2021-04-23 05:55:00,471 Epoch 80 	 Loss 0.04392113127223738
2021-04-23 05:56:41,227 Epoch 81 	 Loss 0.04389569977973844
2021-04-23 05:58:21,181 Epoch 82 	 Loss 0.04386599099898076
2021-04-23 06:00:00,972 Epoch 83 	 Loss 0.043826651810617234
2021-04-23 06:01:40,935 Epoch 84 	 Loss 0.04380090698436066
2021-04-23 06:03:20,501 Epoch 85 	 Loss 0.04377533483145001
2021-04-23 06:05:00,640 Epoch 86 	 Loss 0.0437842526442402
2021-04-23 06:06:41,416 Epoch 87 	 Loss 0.0437806163924736
2021-04-23 06:08:19,551 Epoch 88 	 Loss 0.04374770116020035
2021-04-23 06:09:57,438 Epoch 89 	 Loss 0.04371776415424033
2021-04-23 06:11:36,143 Epoch 90 	 Loss 0.04372365162759037
2021-04-23 06:13:17,498 Epoch 91 	 Loss 0.04369310793149602
2021-04-23 06:14:54,414 Epoch 92 	 Loss 0.04371587178864322
2021-04-23 06:16:33,541 Epoch 93 	 Loss 0.04370472748037223
2021-04-23 06:18:12,836 Epoch 94 	 Loss 0.04371225375395555
2021-04-23 06:19:51,994 Epoch 95 	 Loss 0.04368628389560259
2021-04-23 06:21:31,631 Epoch 96 	 Loss 0.04368781846958202
2021-04-23 06:23:10,856 Epoch 97 	 Loss 0.04366018307896761
2021-04-23 06:24:50,417 Epoch 98 	 Loss 0.04367008928086732
2021-04-23 06:26:29,505 Epoch 99 	 Loss 0.04366062552883075
2021-04-23 06:26:39,855 RESULT FOR DATASET CVC-300

2021-04-23 06:26:39,855 ==============================
2021-04-23 06:26:39,855 

2021-04-23 06:26:39,856 recall: 0.9120372677518996

2021-04-23 06:26:39,856 specificity: 0.995673057436943

2021-04-23 06:26:39,856 precision: 0.8734522718907101

2021-04-23 06:26:39,856 F1: 0.8760228901800777

2021-04-23 06:26:39,856 F2: 0.8947816863008484

2021-04-23 06:26:39,856 ACC_overall: 0.9932883302370707

2021-04-23 06:26:39,856 IoU_poly: 0.8102712798961875

2021-04-23 06:26:39,856 IoU_bg: 0.993044892946879

2021-04-23 06:26:39,856 IoU_mean: 0.9016580854852995

2021-04-23 06:26:39,856 ==============================
2021-04-23 06:26:39,856 

2021-04-23 06:26:52,660 RESULT FOR DATASET CVC-ClinicDB

2021-04-23 06:26:52,661 ==============================
2021-04-23 06:26:52,661 

2021-04-23 06:26:52,661 recall: 0.858051921056974

2021-04-23 06:26:52,661 specificity: 0.9965643334773279

2021-04-23 06:26:52,661 precision: 0.9463092454018132

2021-04-23 06:26:52,661 F1: 0.8620509852245901

2021-04-23 06:26:52,661 F2: 0.8585213928712502

2021-04-23 06:26:52,661 ACC_overall: 0.984653272936421

2021-04-23 06:26:52,661 IoU_poly: 0.8124084960211129

2021-04-23 06:26:52,661 IoU_bg: 0.9833746514012737

2021-04-23 06:26:52,662 IoU_mean: 0.8978915733675803

2021-04-23 06:26:52,662 ==============================
2021-04-23 06:26:52,662 

2021-04-23 06:27:00,204 RESULT FOR DATASET Kvasir

2021-04-23 06:27:00,205 ==============================
2021-04-23 06:27:00,206 

2021-04-23 06:27:00,206 recall: 0.8737577017745934

2021-04-23 06:27:00,207 specificity: 0.9911130654811859

2021-04-23 06:27:00,207 precision: 0.9439418619126081

2021-04-23 06:27:00,207 F1: 0.8855225145649456

2021-04-23 06:27:00,207 F2: 0.8737231594066543

2021-04-23 06:27:00,207 ACC_overall: 0.9674913603067398

2021-04-23 06:27:00,207 IoU_poly: 0.8233386017731391

2021-04-23 06:27:00,207 IoU_bg: 0.9590756642818451

2021-04-23 06:27:00,207 IoU_mean: 0.8912071314454079

2021-04-23 06:27:00,207 ==============================
2021-04-23 06:27:00,207 

2021-04-23 06:27:29,063 RESULT FOR DATASET CVC-ColonDB

2021-04-23 06:27:29,063 ==============================
2021-04-23 06:27:29,063 

2021-04-23 06:27:29,063 recall: 0.6684042177864536

2021-04-23 06:27:29,063 specificity: 0.9963073984572762

2021-04-23 06:27:29,063 precision: 0.9066713348099974

2021-04-23 06:27:29,063 F1: 0.6754317445570522

2021-04-23 06:27:29,063 F2: 0.6681725851406447

2021-04-23 06:27:29,063 ACC_overall: 0.9605162972682401

2021-04-23 06:27:29,063 IoU_poly: 0.6048987990172284

2021-04-23 06:27:29,064 IoU_bg: 0.9586037298566417

2021-04-23 06:27:29,064 IoU_mean: 0.781751263808263

2021-04-23 06:27:29,064 ==============================
2021-04-23 06:27:29,064 

2021-04-23 06:27:52,210 RESULT FOR DATASET ETIS-LaribPolypDB

2021-04-23 06:27:52,210 ==============================
2021-04-23 06:27:52,210 

2021-04-23 06:27:52,210 recall: 0.550813020881573

2021-04-23 06:27:52,210 specificity: 0.9941618996007102

2021-04-23 06:27:52,212 precision: 0.847792384934077

2021-04-23 06:27:52,215 F1: 0.5511076347043966

2021-04-23 06:27:52,216 F2: 0.5480713925860574

2021-04-23 06:27:52,217 ACC_overall: 0.9832417840252117

2021-04-23 06:27:52,218 IoU_poly: 0.4913768922110463

2021-04-23 06:27:52,219 IoU_bg: 0.9823688597095256

2021-04-23 06:27:52,219 IoU_mean: 0.7368728761770287

2021-04-23 06:27:52,227 ==============================
2021-04-23 06:27:52,228 

