2021-05-09 15:10:54,754 RESULT FOR DATASET CVC-300

2021-05-09 15:10:54,754 ==============================
2021-05-09 15:10:54,754 

2021-05-09 15:10:54,754 recall: 0.9067633186777433

2021-05-09 15:10:54,754 specificity: 0.9948128501574198

2021-05-09 15:10:54,754 precision: 0.864006448785464

2021-05-09 15:10:54,754 F1: 0.873541655143102

2021-05-09 15:10:54,754 F2: 0.8898703217506408

2021-05-09 15:10:54,754 ACC_overall: 0.9900627116362254

2021-05-09 15:10:54,754 IoU_poly: 0.7924095918734868

2021-05-09 15:10:54,754 IoU_bg: 0.9896299690008163

2021-05-09 15:10:54,755 IoU_mean: 0.8910197824239731

2021-05-09 15:10:54,755 ==============================
2021-05-09 15:10:54,755 

2021-05-09 15:11:13,679 RESULT FOR DATASET CVC-ClinicDB

2021-05-09 15:11:13,680 ==============================
2021-05-09 15:11:13,680 

2021-05-09 15:11:13,680 recall: 0.8421404283426162

2021-05-09 15:11:13,680 specificity: 0.9925743091490961

2021-05-09 15:11:13,680 precision: 0.8783648049256073

2021-05-09 15:11:13,680 F1: 0.8284381632524122

2021-05-09 15:11:13,680 F2: 0.8341899569570688

2021-05-09 15:11:13,680 ACC_overall: 0.9766491324670853

2021-05-09 15:11:13,680 IoU_poly: 0.7549068440097354

2021-05-09 15:11:13,680 IoU_bg: 0.9745335002099315

2021-05-09 15:11:13,680 IoU_mean: 0.8647201695749837

2021-05-09 15:11:13,680 ==============================
2021-05-09 15:11:13,680 

2021-05-09 15:11:50,934 RESULT FOR DATASET Kvasir

2021-05-09 15:11:50,935 ==============================
2021-05-09 15:11:50,935 

2021-05-09 15:11:50,935 recall: 0.8557431530952454

2021-05-09 15:11:50,935 specificity: 0.9439415416121483

2021-05-09 15:11:50,935 precision: 0.8102336998097599

2021-05-09 15:11:50,935 F1: 0.7825744445249438

2021-05-09 15:11:50,935 F2: 0.8019031191617251

2021-05-09 15:11:50,935 ACC_overall: 0.9182172090560198

2021-05-09 15:11:50,935 IoU_poly: 0.6962697081454098

2021-05-09 15:11:50,935 IoU_bg: 0.9037301117181777

2021-05-09 15:11:50,935 IoU_mean: 0.7999999089539052

2021-05-09 15:11:50,935 ==============================
2021-05-09 15:11:50,935 

2021-05-09 15:13:59,121 RESULT FOR DATASET CVC-ColonDB

2021-05-09 15:13:59,122 ==============================
2021-05-09 15:13:59,122 

2021-05-09 15:13:59,122 recall: 0.7016877261944213

2021-05-09 15:13:59,122 specificity: 0.9920712756483179

2021-05-09 15:13:59,122 precision: 0.8010377147200799

2021-05-09 15:13:59,122 F1: 0.6819817967746291

2021-05-09 15:13:59,122 F2: 0.6870807595064817

2021-05-09 15:13:59,122 ACC_overall: 0.9555492327401512

2021-05-09 15:13:59,122 IoU_poly: 0.5940874859756233

2021-05-09 15:13:59,122 IoU_bg: 0.9536673871310134

2021-05-09 15:13:59,122 IoU_mean: 0.7738774374519524

2021-05-09 15:13:59,122 ==============================
2021-05-09 15:13:59,123 

2021-05-09 15:15:28,618 RESULT FOR DATASET ETIS-LaribPolypDB

2021-05-09 15:15:28,618 ==============================
2021-05-09 15:15:28,618 

2021-05-09 15:15:28,619 recall: 0.6949865149797043

2021-05-09 15:15:28,619 specificity: 0.9880034780623962

2021-05-09 15:15:28,619 precision: 0.7188999809503522

2021-05-09 15:15:28,619 F1: 0.6294498780378824

2021-05-09 15:15:28,619 F2: 0.6546121324043511

2021-05-09 15:15:28,619 ACC_overall: 0.9787497283244619

2021-05-09 15:15:28,619 IoU_poly: 0.5382040929036837

2021-05-09 15:15:28,619 IoU_bg: 0.9776847675746801

2021-05-09 15:15:28,619 IoU_mean: 0.7579444287991037

2021-05-09 15:15:28,619 ==============================
2021-05-09 15:15:28,619 

