2021-05-28 07:20:46,645 Epoch 0 	 Loss 0.7199532062142759
2021-05-28 07:24:04,398 Epoch 1 	 Loss 0.47927780564014727
2021-05-28 07:27:27,829 Epoch 2 	 Loss 0.4266721115007505
2021-05-28 07:30:48,291 Epoch 3 	 Loss 0.39258770726539277
2021-05-28 07:34:13,380 Epoch 4 	 Loss 0.3780410199702441
2021-05-28 07:37:38,859 Epoch 5 	 Loss 0.3632833996971885
2021-05-28 07:41:12,140 Epoch 6 	 Loss 0.3442667511465785
2021-05-28 07:44:44,744 Epoch 7 	 Loss 0.3313440516754821
2021-05-28 07:48:00,577 Epoch 8 	 Loss 0.3259039267406359
2021-05-28 07:51:16,426 Epoch 9 	 Loss 0.3236220855634291
2021-05-28 07:54:31,945 Epoch 10 	 Loss 0.3054504594305059
2021-05-28 07:57:47,644 Epoch 11 	 Loss 0.3163735848534238
2021-05-28 08:01:03,310 Epoch 12 	 Loss 0.3005051889589855
2021-05-28 08:04:18,992 Epoch 13 	 Loss 0.3025685281871439
2021-05-28 08:07:34,639 Epoch 14 	 Loss 0.28946216322563506
2021-05-28 08:11:03,041 Epoch 15 	 Loss 0.2775307245306916
2021-05-28 08:14:38,796 Epoch 16 	 Loss 0.2916016865235109
2021-05-28 08:18:10,806 Epoch 17 	 Loss 0.27528618849240816
2021-05-28 08:21:47,702 Epoch 18 	 Loss 0.2747926774260762
2021-05-28 08:25:24,857 Epoch 19 	 Loss 0.2679146914691715
2021-05-28 08:28:59,322 Epoch 20 	 Loss 0.26833376959785
2021-05-28 08:32:27,124 Epoch 21 	 Loss 0.25888069776388317
2021-05-28 08:35:57,732 Epoch 22 	 Loss 0.2601499447783271
2021-05-28 08:39:39,014 Epoch 23 	 Loss 0.2466407203739816
2021-05-28 08:43:20,062 Epoch 24 	 Loss 0.2644106051424047
2021-05-28 08:46:57,157 Epoch 25 	 Loss 0.2488704528454896
2021-05-28 08:50:26,241 Epoch 26 	 Loss 0.2444877809548116
2021-05-28 08:53:58,357 Epoch 27 	 Loss 0.23910330743580074
2021-05-28 08:57:20,108 Epoch 28 	 Loss 0.23760940249149615
2021-05-28 09:00:41,838 Epoch 29 	 Loss 0.23889129240434248
2021-05-28 09:04:03,642 Epoch 30 	 Loss 0.23708710680296133
2021-05-28 09:07:22,229 Epoch 31 	 Loss 0.23566015850711655
2021-05-28 09:10:45,696 Epoch 32 	 Loss 0.23332459913505302
2021-05-28 09:14:08,282 Epoch 33 	 Loss 0.22619029732195886
2021-05-28 09:17:30,567 Epoch 34 	 Loss 0.21738837773983294
2021-05-28 09:20:48,149 Epoch 35 	 Loss 0.21888674042382084
2021-05-28 09:24:01,971 Epoch 36 	 Loss 0.21748975607065055
2021-05-28 09:27:18,176 Epoch 37 	 Loss 0.21175821207381867
2021-05-28 09:30:33,610 Epoch 38 	 Loss 0.21188797220423983
2021-05-28 09:33:48,496 Epoch 39 	 Loss 0.21743059485823243
2021-05-28 09:37:05,069 Epoch 40 	 Loss 0.21802485300289406
2021-05-28 09:40:20,825 Epoch 41 	 Loss 0.20824076792041024
2021-05-28 09:43:37,619 Epoch 42 	 Loss 0.20768363872072199
2021-05-28 09:46:55,950 Epoch 43 	 Loss 0.2089171121408651
2021-05-28 09:50:17,892 Epoch 44 	 Loss 0.20501444578825773
2021-05-28 09:53:36,578 Epoch 45 	 Loss 0.20549150106016095
2021-05-28 09:56:54,205 Epoch 46 	 Loss 0.2008344693170799
2021-05-28 10:00:12,807 Epoch 47 	 Loss 0.19485822500108363
2021-05-28 10:03:31,454 Epoch 48 	 Loss 0.19672631873534277
2021-05-28 10:06:50,098 Epoch 49 	 Loss 0.18808090130051414
2021-05-28 10:10:07,958 Epoch 50 	 Loss 0.19791257266814893
2021-05-28 10:13:24,980 Epoch 51 	 Loss 0.19032365869689774
2021-05-28 10:16:42,011 Epoch 52 	 Loss 0.18929163292869106
2021-05-28 10:19:58,560 Epoch 53 	 Loss 0.18629581374781473
2021-05-28 10:23:17,714 Epoch 54 	 Loss 0.1860572662982312
2021-05-28 10:26:34,149 Epoch 55 	 Loss 0.18707911506458952
2021-05-28 10:29:47,133 Epoch 56 	 Loss 0.18519905258666028
2021-05-28 10:33:07,418 Epoch 57 	 Loss 0.18641440586729363
2021-05-28 10:36:24,143 Epoch 58 	 Loss 0.17734075149337014
2021-05-28 10:39:41,573 Epoch 59 	 Loss 0.18241502672106355
2021-05-28 10:42:59,321 Epoch 60 	 Loss 0.17766063668570675
2021-05-28 10:46:13,390 Epoch 61 	 Loss 0.17538427070274457
2021-05-28 10:49:44,499 Epoch 62 	 Loss 0.17528541468001985
2021-05-28 10:53:20,212 Epoch 63 	 Loss 0.17344292588941343
2021-05-28 10:56:55,138 Epoch 64 	 Loss 0.16854680828995758
2021-05-28 11:00:29,426 Epoch 65 	 Loss 0.171974533698061
2021-05-28 11:04:04,899 Epoch 66 	 Loss 0.1676506649006854
2021-05-28 11:07:40,248 Epoch 67 	 Loss 0.16892897951733934
2021-05-28 11:11:00,068 Epoch 68 	 Loss 0.1688919633954436
2021-05-28 11:14:16,803 Epoch 69 	 Loss 0.1653364055104308
2021-05-28 11:17:35,508 Epoch 70 	 Loss 0.16700739978433965
2021-05-28 11:20:53,659 Epoch 71 	 Loss 0.16333225680576577
2021-05-28 11:24:11,826 Epoch 72 	 Loss 0.16620892269925758
2021-05-28 11:27:29,257 Epoch 73 	 Loss 0.16326084585635217
2021-05-28 11:30:45,760 Epoch 74 	 Loss 0.16445324005006434
2021-05-28 11:34:06,424 Epoch 75 	 Loss 0.16347406984685542
2021-05-28 11:37:25,525 Epoch 76 	 Loss 0.16333744257361024
2021-05-28 11:40:47,107 Epoch 77 	 Loss 0.16102619567415216
2021-05-28 11:44:05,853 Epoch 78 	 Loss 0.16085416889125173
2021-05-28 11:47:25,134 Epoch 79 	 Loss 0.1584824706826891
2021-05-28 11:50:41,804 Epoch 80 	 Loss 0.15764833380887797
2021-05-28 11:54:06,047 Epoch 81 	 Loss 0.157577324453946
2021-05-28 11:57:28,850 Epoch 82 	 Loss 0.16040354434932982
2021-05-28 12:00:51,597 Epoch 83 	 Loss 0.15482296524467049
2021-05-28 12:04:08,815 Epoch 84 	 Loss 0.15424824358670267
2021-05-28 12:07:23,557 Epoch 85 	 Loss 0.1572171741134518
2021-05-28 12:10:35,503 Epoch 86 	 Loss 0.15685239761740297
2021-05-28 12:13:47,277 Epoch 87 	 Loss 0.15439093907128323
2021-05-28 12:16:59,157 Epoch 88 	 Loss 0.15825147672996417
2021-05-28 12:20:11,376 Epoch 89 	 Loss 0.1550673700787209
2021-05-28 12:23:24,193 Epoch 90 	 Loss 0.15396211517381145
2021-05-28 12:26:36,944 Epoch 91 	 Loss 0.15423233995398322
2021-05-28 12:29:49,790 Epoch 92 	 Loss 0.15400462450234445
2021-05-28 12:33:02,600 Epoch 93 	 Loss 0.1572125867664159
2021-05-28 12:36:15,306 Epoch 94 	 Loss 0.15376188949896738
2021-05-28 12:39:28,105 Epoch 95 	 Loss 0.1579280138670743
2021-05-28 12:42:40,932 Epoch 96 	 Loss 0.15474484033964492
2021-05-28 12:45:53,793 Epoch 97 	 Loss 0.15311753692535254
2021-05-28 12:49:06,550 Epoch 98 	 Loss 0.1522317227426466
2021-05-28 12:52:19,254 Epoch 99 	 Loss 0.15739178960467434
2021-05-28 12:52:46,177 RESULT FOR DATASET CVC-300

2021-05-28 12:52:46,194 ==============================
2021-05-28 12:52:46,194 

2021-05-28 12:52:46,194 recall: 0.9407769653622381

2021-05-28 12:52:46,194 specificity: 0.9943466683228811

2021-05-28 12:52:46,195 precision: 0.8504432130604982

2021-05-28 12:52:46,195 F1: 0.8685052406758283

2021-05-28 12:52:46,195 F2: 0.9002312962122232

2021-05-28 12:52:46,195 ACC_overall: 0.9924398402372996

2021-05-28 12:52:46,195 IoU_poly: 0.8026181656543485

2021-05-28 12:52:46,195 IoU_bg: 0.9922165224949518

2021-05-28 12:52:46,195 IoU_mean: 0.8974173471331597

2021-05-28 12:52:46,195 ==============================
2021-05-28 12:52:46,195 

2021-05-28 12:53:04,392 RESULT FOR DATASET CVC-ClinicDB

2021-05-28 12:53:04,392 ==============================
2021-05-28 12:53:04,392 

2021-05-28 12:53:04,392 recall: 0.9315981571712801

2021-05-28 12:53:04,392 specificity: 0.9953211824740132

2021-05-28 12:53:04,392 precision: 0.931269988898308

2021-05-28 12:53:04,392 F1: 0.9172090568406988

2021-05-28 12:53:04,392 F2: 0.923391274739838

2021-05-28 12:53:04,392 ACC_overall: 0.991159168943282

2021-05-28 12:53:04,392 IoU_poly: 0.8684405679664304

2021-05-28 12:53:04,392 IoU_bg: 0.9893260963501469

2021-05-28 12:53:04,393 IoU_mean: 0.9288833266304385

2021-05-28 12:53:04,393 ==============================
2021-05-28 12:53:04,393 

2021-05-28 12:53:38,396 RESULT FOR DATASET Kvasir

2021-05-28 12:53:38,396 ==============================
2021-05-28 12:53:38,396 

2021-05-28 12:53:38,396 recall: 0.8981953816115856

2021-05-28 12:53:38,396 specificity: 0.9926889991760254

2021-05-28 12:53:38,396 precision: 0.9409358333051204

2021-05-28 12:53:38,396 F1: 0.9068148747086525

2021-05-28 12:53:38,396 F2: 0.8994935712218285

2021-05-28 12:53:38,396 ACC_overall: 0.973354365825653

2021-05-28 12:53:38,397 IoU_poly: 0.8538392674922943

2021-05-28 12:53:38,397 IoU_bg: 0.9664417171478271

2021-05-28 12:53:38,397 IoU_mean: 0.9101404896378518

2021-05-28 12:53:38,397 ==============================
2021-05-28 12:53:38,397 

2021-05-28 12:55:47,282 RESULT FOR DATASET CVC-ColonDB

2021-05-28 12:55:47,282 ==============================
2021-05-28 12:55:47,282 

2021-05-28 12:55:47,282 recall: 0.7321255268119976

2021-05-28 12:55:47,286 specificity: 0.9941268920898437

2021-05-28 12:55:47,286 precision: 0.8775722148540234

2021-05-28 12:55:47,286 F1: 0.7086838012030895

2021-05-28 12:55:47,286 F2: 0.7159348272377165

2021-05-28 12:55:47,286 ACC_overall: 0.9604100842224924

2021-05-28 12:55:47,286 IoU_poly: 0.6435014849274299

2021-05-28 12:55:47,286 IoU_bg: 0.9589993793713419

2021-05-28 12:55:47,286 IoU_mean: 0.8012504319219212

2021-05-28 12:55:47,286 ==============================
2021-05-28 12:55:47,286 

2021-05-28 12:57:17,597 RESULT FOR DATASET ETIS-LaribPolypDB

2021-05-28 12:57:17,597 ==============================
2021-05-28 12:57:17,597 

2021-05-28 12:57:17,597 recall: 0.7768392907024853

2021-05-28 12:57:17,597 specificity: 0.9905031250447643

2021-05-28 12:57:17,597 precision: 0.8236838363157784

2021-05-28 12:57:17,597 F1: 0.7217024407119722

2021-05-28 12:57:17,597 F2: 0.7474270503275596

2021-05-28 12:57:17,597 ACC_overall: 0.986120516244246

2021-05-28 12:57:17,597 IoU_poly: 0.6516484045329833

2021-05-28 12:57:17,597 IoU_bg: 0.9854458938447797

2021-05-28 12:57:17,597 IoU_mean: 0.818547148029415

2021-05-28 12:57:17,597 ==============================
2021-05-28 12:57:17,597 

