2021-04-23 20:56:30,822 RESULT FOR DATASET CVC-300

2021-04-23 20:56:30,822 ==============================
2021-04-23 20:56:30,823 

2021-04-23 20:56:30,823 recall: 0.9673161456982294

2021-04-23 20:56:30,823 specificity: 0.9899361441532771

2021-04-23 20:56:30,823 precision: 0.7910365629941225

2021-04-23 20:56:30,823 F1: 0.8480905028680961

2021-04-23 20:56:30,823 F2: 0.9001312951246897

2021-04-23 20:56:30,823 ACC_overall: 0.9891427407662073

2021-04-23 20:56:30,823 IoU_poly: 0.770452348018686

2021-04-23 20:56:30,823 IoU_bg: 0.9888173997402191

2021-04-23 20:56:30,823 IoU_mean: 0.8796348690986633

2021-04-23 20:56:30,824 ==============================
2021-04-23 20:56:30,824 

2021-04-23 20:56:34,233 RESULT FOR DATASET CVC-ClinicDB

2021-04-23 20:56:34,234 ==============================
2021-04-23 20:56:34,234 

2021-04-23 20:56:34,234 recall: 0.937752521326465

2021-04-23 20:56:34,235 specificity: 0.9951727986335754

2021-04-23 20:56:34,235 precision: 0.9154571489461006

2021-04-23 20:56:34,236 F1: 0.9115346662978071

2021-04-23 20:56:34,236 F2: 0.9226255035854035

2021-04-23 20:56:34,237 ACC_overall: 0.9919633394287478

2021-04-23 20:56:34,237 IoU_poly: 0.8607956793519759

2021-04-23 20:56:34,238 IoU_bg: 0.9904780137923456

2021-04-23 20:56:34,238 IoU_mean: 0.925636847173014

2021-04-23 20:56:34,239 ==============================
2021-04-23 20:56:34,239 

2021-04-23 20:56:40,568 RESULT FOR DATASET Kvasir

2021-04-23 20:56:40,569 ==============================
2021-04-23 20:56:40,569 

2021-04-23 20:56:40,570 recall: 0.8933624178171158

2021-04-23 20:56:40,570 specificity: 0.9904803556203842

2021-04-23 20:56:40,571 precision: 0.9318136318027973

2021-04-23 20:56:40,571 F1: 0.9016321392357349

2021-04-23 20:56:40,572 F2: 0.8947474747896195

2021-04-23 20:56:40,572 ACC_overall: 0.9727223873138428

2021-04-23 20:56:40,572 IoU_poly: 0.8446064411848784

2021-04-23 20:56:40,573 IoU_bg: 0.965004825592041

2021-04-23 20:56:40,573 IoU_mean: 0.9048056328296661

2021-04-23 20:56:40,574 ==============================
2021-04-23 20:56:40,574 

2021-04-23 20:57:05,165 RESULT FOR DATASET CVC-ColonDB

2021-04-23 20:57:05,166 ==============================
2021-04-23 20:57:05,167 

2021-04-23 20:57:05,167 recall: 0.8523940305507375

2021-04-23 20:57:05,168 specificity: 0.9840457381386506

2021-04-23 20:57:05,168 precision: 0.7898633948303541

2021-04-23 20:57:05,168 F1: 0.7785288699968892

2021-04-23 20:57:05,169 F2: 0.8018652219127465

2021-04-23 20:57:05,169 ACC_overall: 0.9649498980296286

2021-04-23 20:57:05,170 IoU_poly: 0.694366171971239

2021-04-23 20:57:05,170 IoU_bg: 0.9616778467830859

2021-04-23 20:57:05,171 IoU_mean: 0.8280220090558654

2021-04-23 20:57:05,171 ==============================
2021-04-23 20:57:05,172 

2021-04-23 20:57:24,308 RESULT FOR DATASET ETIS-LaribPolypDB

2021-04-23 20:57:24,309 ==============================
2021-04-23 20:57:24,310 

2021-04-23 20:57:24,312 recall: 0.8326916960359828

2021-04-23 20:57:24,313 specificity: 0.9767812782404374

2021-04-23 20:57:24,314 precision: 0.655653450677932

2021-04-23 20:57:24,314 F1: 0.6952155917342215

2021-04-23 20:57:24,315 F2: 0.7523487478180442

2021-04-23 20:57:24,315 ACC_overall: 0.9755078532866069

2021-04-23 20:57:24,315 IoU_poly: 0.6143375618742246

2021-04-23 20:57:24,317 IoU_bg: 0.9744516939533

2021-04-23 20:57:24,317 IoU_mean: 0.7943946272134781

2021-04-23 20:57:24,318 ==============================
2021-04-23 20:57:24,318 

