2021-04-23 21:02:02,563 RESULT FOR DATASET CVC-300

2021-04-23 21:02:02,564 ==============================
2021-04-23 21:02:02,564 

2021-04-23 21:02:02,564 recall: 0.9560196975866954

2021-04-23 21:02:02,564 specificity: 0.9922060231367748

2021-04-23 21:02:02,565 precision: 0.8502834402024746

2021-04-23 21:02:02,565 F1: 0.8777924204866091

2021-04-23 21:02:02,565 F2: 0.9053613342344761

2021-04-23 21:02:02,565 ACC_overall: 0.990908075372378

2021-04-23 21:02:02,566 IoU_poly: 0.8166886067638794

2021-04-23 21:02:02,567 IoU_bg: 0.9906772633393606

2021-04-23 21:02:02,567 IoU_mean: 0.9036829367280006

2021-04-23 21:02:02,567 ==============================
2021-04-23 21:02:02,568 

2021-04-23 21:02:03,652 RESULT FOR DATASET CVC-ClinicDB

2021-04-23 21:02:03,653 ==============================
2021-04-23 21:02:03,653 

2021-04-23 21:02:03,654 recall: 0.9410538983441168

2021-04-23 21:02:03,655 specificity: 0.9932497634041694

2021-04-23 21:02:03,655 precision: 0.9056155791416043

2021-04-23 21:02:03,655 F1: 0.9146025975745532

2021-04-23 21:02:03,656 F2: 0.9235052821496802

2021-04-23 21:02:03,656 ACC_overall: 0.9904147819165261

2021-04-23 21:02:03,656 IoU_poly: 0.8673567433931655

2021-04-23 21:02:03,657 IoU_bg: 0.9887475525179217

2021-04-23 21:02:03,657 IoU_mean: 0.928052147069285

2021-04-23 21:02:03,657 ==============================
2021-04-23 21:02:03,657 

2021-04-23 21:02:06,197 RESULT FOR DATASET Kvasir

2021-04-23 21:02:06,197 ==============================
2021-04-23 21:02:06,197 

2021-04-23 21:02:06,197 recall: 0.9065769907436334

2021-04-23 21:02:06,197 specificity: 0.9904901123046875

2021-04-23 21:02:06,197 precision: 0.9337730585149256

2021-04-23 21:02:06,197 F1: 0.909187150504149

2021-04-23 21:02:06,197 F2: 0.9053846744583279

2021-04-23 21:02:06,197 ACC_overall: 0.9741979229450226

2021-04-23 21:02:06,198 IoU_poly: 0.8589662380367735

2021-04-23 21:02:06,198 IoU_bg: 0.9672195824980736

2021-04-23 21:02:06,198 IoU_mean: 0.9130929124355316

2021-04-23 21:02:06,198 ==============================
2021-04-23 21:02:06,198 

2021-04-23 21:02:15,696 RESULT FOR DATASET CVC-ColonDB

2021-04-23 21:02:15,697 ==============================
2021-04-23 21:02:15,697 

2021-04-23 21:02:15,697 recall: 0.8109241912883495

2021-04-23 21:02:15,697 specificity: 0.9891601493484096

2021-04-23 21:02:15,697 precision: 0.8246303005372044

2021-04-23 21:02:15,698 F1: 0.7701901743299028

2021-04-23 21:02:15,698 F2: 0.7816048745461079

2021-04-23 21:02:15,698 ACC_overall: 0.964357120112369

2021-04-23 21:02:15,698 IoU_poly: 0.6945710454469535

2021-04-23 21:02:15,698 IoU_bg: 0.9617123237565944

2021-04-23 21:02:15,698 IoU_mean: 0.8281416834184998

2021-04-23 21:02:15,698 ==============================
2021-04-23 21:02:15,698 

2021-04-23 21:02:27,500 RESULT FOR DATASET ETIS-LaribPolypDB

2021-04-23 21:02:27,500 ==============================
2021-04-23 21:02:27,500 

2021-04-23 21:02:27,500 recall: 0.842767304007812

2021-04-23 21:02:27,501 specificity: 0.9832046551972019

2021-04-23 21:02:27,501 precision: 0.6802169762124962

2021-04-23 21:02:27,501 F1: 0.7297361468814155

2021-04-23 21:02:27,502 F2: 0.7797237920681533

2021-04-23 21:02:27,502 ACC_overall: 0.9810607500222265

2021-04-23 21:02:27,502 IoU_poly: 0.6493911767989091

2021-04-23 21:02:27,502 IoU_bg: 0.980164923229996

2021-04-23 21:02:27,502 IoU_mean: 0.8147780509019384

2021-04-23 21:02:27,502 ==============================
2021-04-23 21:02:27,502 

