2021-04-20 05:35:00,358 RESULT FOR DATASET CVC-300

2021-04-20 05:35:00,359 ==============================
2021-04-20 05:35:00,359 

2021-04-20 05:35:00,360 recall: 0.9614661981662115

2021-04-20 05:35:00,360 specificity: 0.989215158422788

2021-04-20 05:35:00,360 precision: 0.8257804943869511

2021-04-20 05:35:00,360 F1: 0.8611409890154997

2021-04-20 05:35:00,360 F2: 0.8981698781251908

2021-04-20 05:35:00,361 ACC_overall: 0.9883087128400803

2021-04-20 05:35:00,361 IoU_poly: 0.7969516005367041

2021-04-20 05:35:00,361 IoU_bg: 0.9879321267207464

2021-04-20 05:35:00,361 IoU_mean: 0.8924418618281682

2021-04-20 05:35:00,361 ==============================
2021-04-20 05:35:00,361 

2021-04-20 05:35:01,316 RESULT FOR DATASET CVC-ClinicDB

2021-04-20 05:35:01,316 ==============================
2021-04-20 05:35:01,316 

2021-04-20 05:35:01,316 recall: 0.9526998025755729

2021-04-20 05:35:01,317 specificity: 0.9951038687459884

2021-04-20 05:35:01,318 precision: 0.9074890733726563

2021-04-20 05:35:01,318 F1: 0.9209716771879504

2021-04-20 05:35:01,318 F2: 0.9353228413289593

2021-04-20 05:35:01,319 ACC_overall: 0.9914959121134973

2021-04-20 05:35:01,319 IoU_poly: 0.8679928039350817

2021-04-20 05:35:01,319 IoU_bg: 0.9898318023450913

2021-04-20 05:35:01,319 IoU_mean: 0.9289123060241822

2021-04-20 05:35:01,319 ==============================
2021-04-20 05:35:01,319 

2021-04-20 05:35:03,667 RESULT FOR DATASET Kvasir

2021-04-20 05:35:03,668 ==============================
2021-04-20 05:35:03,669 

2021-04-20 05:35:03,669 recall: 0.9203137797117233

2021-04-20 05:35:03,669 specificity: 0.9848893111944199

2021-04-20 05:35:03,670 precision: 0.9298359532654286

2021-04-20 05:35:03,670 F1: 0.9122661793231964

2021-04-20 05:35:03,671 F2: 0.9126794865727424

2021-04-20 05:35:03,671 ACC_overall: 0.9737764441967011

2021-04-20 05:35:03,672 IoU_poly: 0.859921653047204

2021-04-20 05:35:03,672 IoU_bg: 0.9653561872243881

2021-04-20 05:35:03,673 IoU_mean: 0.9126389211416245

2021-04-20 05:35:03,673 ==============================
2021-04-20 05:35:03,673 

2021-04-20 05:35:12,137 RESULT FOR DATASET CVC-ColonDB

2021-04-20 05:35:12,137 ==============================
2021-04-20 05:35:12,138 

2021-04-20 05:35:12,138 recall: 0.8261809542423874

2021-04-20 05:35:12,139 specificity: 0.9858829394767159

2021-04-20 05:35:12,139 precision: 0.802247859192453

2021-04-20 05:35:12,140 F1: 0.7685982964246968

2021-04-20 05:35:12,140 F2: 0.7839496824452095

2021-04-20 05:35:12,141 ACC_overall: 0.9630458151039324

2021-04-20 05:35:12,141 IoU_poly: 0.6936024355206907

2021-04-20 05:35:12,142 IoU_bg: 0.9603168360496822

2021-04-20 05:35:12,142 IoU_mean: 0.8269596361800244

2021-04-20 05:35:12,143 ==============================
2021-04-20 05:35:12,143 

2021-04-20 05:35:23,025 RESULT FOR DATASET ETIS-LaribPolypDB

2021-04-20 05:35:23,026 ==============================
2021-04-20 05:35:23,026 

2021-04-20 05:35:23,027 recall: 0.8544699113374231

2021-04-20 05:35:23,027 specificity: 0.985666816940113

2021-04-20 05:35:23,027 precision: 0.7295522623371421

2021-04-20 05:35:23,028 F1: 0.7487433942647952

2021-04-20 05:35:23,028 F2: 0.7873216409667776

2021-04-20 05:35:23,029 ACC_overall: 0.983565836536641

2021-04-20 05:35:23,029 IoU_poly: 0.6728398477107499

2021-04-20 05:35:23,030 IoU_bg: 0.9828126506537808

2021-04-20 05:35:23,030 IoU_mean: 0.8278262496602778

2021-04-20 05:35:23,031 ==============================
2021-04-20 05:35:23,031 

