2021-04-24 05:58:51,501 RESULT FOR DATASET CVC-300

2021-04-24 05:58:51,502 ==============================
2021-04-24 05:58:51,502 

2021-04-24 05:58:51,502 recall: 0.9522307256857554

2021-04-24 05:58:51,502 specificity: 0.9922323445479075

2021-04-24 05:58:51,502 precision: 0.8429022431373596

2021-04-24 05:58:51,502 F1: 0.8736061759293079

2021-04-24 05:58:51,502 F2: 0.9029701183239619

2021-04-24 05:58:51,503 ACC_overall: 0.9906897217035293

2021-04-24 05:58:51,503 IoU_poly: 0.8079335431257884

2021-04-24 05:58:51,503 IoU_bg: 0.990399494767189

2021-04-24 05:58:51,503 IoU_mean: 0.8991665189464887

2021-04-24 05:58:51,503 ==============================
2021-04-24 05:58:51,503 

2021-04-24 05:59:08,105 RESULT FOR DATASET CVC-ClinicDB

2021-04-24 05:59:08,105 ==============================
2021-04-24 05:59:08,106 

2021-04-24 05:59:08,106 recall: 0.9405333529556951

2021-04-24 05:59:08,106 specificity: 0.9946691451534149

2021-04-24 05:59:08,106 precision: 0.9073517221681429

2021-04-24 05:59:08,106 F1: 0.9190873187204313

2021-04-24 05:59:08,106 F2: 0.9295126312823531

2021-04-24 05:59:08,106 ACC_overall: 0.9925557586454576

2021-04-24 05:59:08,106 IoU_poly: 0.871316289519816

2021-04-24 05:59:08,106 IoU_bg: 0.9913311023865977

2021-04-24 05:59:08,106 IoU_mean: 0.9313236931639333

2021-04-24 05:59:08,106 ==============================
2021-04-24 05:59:08,106 

2021-04-24 05:59:38,889 RESULT FOR DATASET Kvasir

2021-04-24 05:59:38,890 ==============================
2021-04-24 05:59:38,890 

2021-04-24 05:59:38,890 recall: 0.9091153487563133

2021-04-24 05:59:38,890 specificity: 0.9911893653869629

2021-04-24 05:59:38,890 precision: 0.9474979028105736

2021-04-24 05:59:38,890 F1: 0.9198051118850707

2021-04-24 05:59:38,890 F2: 0.9113851931691169

2021-04-24 05:59:38,890 ACC_overall: 0.9774488210678101

2021-04-24 05:59:38,890 IoU_poly: 0.8679181933403015

2021-04-24 05:59:38,890 IoU_bg: 0.9697996318340302

2021-04-24 05:59:38,890 IoU_mean: 0.9188589137792588

2021-04-24 05:59:38,890 ==============================
2021-04-24 05:59:38,890 

2021-04-24 06:01:46,031 RESULT FOR DATASET CVC-ColonDB

2021-04-24 06:01:46,031 ==============================
2021-04-24 06:01:46,031 

2021-04-24 06:01:46,031 recall: 0.8057952912766652

2021-04-24 06:01:46,031 specificity: 0.9855891939840818

2021-04-24 06:01:46,031 precision: 0.8006843476944835

2021-04-24 06:01:46,031 F1: 0.7637793414002868

2021-04-24 06:01:46,031 F2: 0.7742019156754755

2021-04-24 06:01:46,031 ACC_overall: 0.9620953571639563

2021-04-24 06:01:46,031 IoU_poly: 0.6897357469291963

2021-04-24 06:01:46,032 IoU_bg: 0.9594749178541334

2021-04-24 06:01:46,032 IoU_mean: 0.8246053319620459

2021-04-24 06:01:46,032 ==============================
2021-04-24 06:01:46,032 

2021-04-24 06:03:14,099 RESULT FOR DATASET ETIS-LaribPolypDB

2021-04-24 06:03:14,099 ==============================
2021-04-24 06:03:14,099 

2021-04-24 06:03:14,100 recall: 0.8705445944096009

2021-04-24 06:03:14,100 specificity: 0.9808178617029774

2021-04-24 06:03:14,100 precision: 0.6836918945542929

2021-04-24 06:03:14,100 F1: 0.7388298704633728

2021-04-24 06:03:14,100 F2: 0.793594373103829

2021-04-24 06:03:14,100 ACC_overall: 0.9795568409014721

2021-04-24 06:03:14,100 IoU_poly: 0.6593300641765386

2021-04-24 06:03:14,100 IoU_bg: 0.9787698962858745

2021-04-24 06:03:14,100 IoU_mean: 0.8190499782866362

2021-04-24 06:03:14,100 ==============================
2021-04-24 06:03:14,100 

