2021-04-23 20:57:36,952 RESULT FOR DATASET CVC-300

2021-04-23 20:57:36,953 ==============================
2021-04-23 20:57:36,953 

2021-04-23 20:57:36,954 recall: 0.9558126837325592

2021-04-23 20:57:36,954 specificity: 0.9912119090557099

2021-04-23 20:57:36,955 precision: 0.8123629628370206

2021-04-23 20:57:36,955 F1: 0.8509268686796229

2021-04-23 20:57:36,956 F2: 0.8964693794647852

2021-04-23 20:57:36,956 ACC_overall: 0.9898203253746033

2021-04-23 20:57:36,957 IoU_poly: 0.7777309029363095

2021-04-23 20:57:36,957 IoU_bg: 0.989539255698522

2021-04-23 20:57:36,958 IoU_mean: 0.8836350813508034

2021-04-23 20:57:36,958 ==============================
2021-04-23 20:57:36,959 

2021-04-23 20:57:40,343 RESULT FOR DATASET CVC-ClinicDB

2021-04-23 20:57:40,343 ==============================
2021-04-23 20:57:40,344 

2021-04-23 20:57:40,344 recall: 0.935426004952

2021-04-23 20:57:40,345 specificity: 0.995169073343277

2021-04-23 20:57:40,346 precision: 0.920661436934625

2021-04-23 20:57:40,346 F1: 0.9147104916590897

2021-04-23 20:57:40,347 F2: 0.924887427271554

2021-04-23 20:57:40,347 ACC_overall: 0.991242729848431

2021-04-23 20:57:40,348 IoU_poly: 0.86391791364839

2021-04-23 20:57:40,348 IoU_bg: 0.9894244786231748

2021-04-23 20:57:40,349 IoU_mean: 0.9266712011829499

2021-04-23 20:57:40,349 ==============================
2021-04-23 20:57:40,350 

2021-04-23 20:57:46,636 RESULT FOR DATASET Kvasir

2021-04-23 20:57:46,636 ==============================
2021-04-23 20:57:46,636 

2021-04-23 20:57:46,636 recall: 0.8949263350665569

2021-04-23 20:57:46,636 specificity: 0.9919900131225586

2021-04-23 20:57:46,636 precision: 0.9451790964603424

2021-04-23 20:57:46,636 F1: 0.9073458868265152

2021-04-23 20:57:46,636 F2: 0.8981912723183632

2021-04-23 20:57:46,636 ACC_overall: 0.9722885537147522

2021-04-23 20:57:46,636 IoU_poly: 0.8522053235769271

2021-04-23 20:57:46,636 IoU_bg: 0.9655274724960328

2021-04-23 20:57:46,638 IoU_mean: 0.9088663962483406

2021-04-23 20:57:46,638 ==============================
2021-04-23 20:57:46,639 

2021-04-23 20:58:10,400 RESULT FOR DATASET CVC-ColonDB

2021-04-23 20:58:10,400 ==============================
2021-04-23 20:58:10,400 

2021-04-23 20:58:10,401 recall: 0.8168753312787287

2021-04-23 20:58:10,401 specificity: 0.9872840688416832

2021-04-23 20:58:10,401 precision: 0.7854137676045961

2021-04-23 20:58:10,401 F1: 0.7542363082536787

2021-04-23 20:58:10,401 F2: 0.7729836911787874

2021-04-23 20:58:10,401 ACC_overall: 0.9635805275879408

2021-04-23 20:58:10,401 IoU_poly: 0.6751292666832366

2021-04-23 20:58:10,401 IoU_bg: 0.9606203908198758

2021-04-23 20:58:10,401 IoU_mean: 0.8178748301769557

2021-04-23 20:58:10,401 ==============================
2021-04-23 20:58:10,401 

2021-04-23 20:58:29,773 RESULT FOR DATASET ETIS-LaribPolypDB

2021-04-23 20:58:29,773 ==============================
2021-04-23 20:58:29,773 

2021-04-23 20:58:29,773 recall: 0.8531446034082494

2021-04-23 20:58:29,773 specificity: 0.9845266302629393

2021-04-23 20:58:29,773 precision: 0.7101329730681171

2021-04-23 20:58:29,775 F1: 0.7451851296814311

2021-04-23 20:58:29,775 F2: 0.7928569345790029

2021-04-23 20:58:29,776 ACC_overall: 0.9830270652868309

2021-04-23 20:58:29,776 IoU_poly: 0.6631317960118441

2021-04-23 20:58:29,777 IoU_bg: 0.9821309054992637

2021-04-23 20:58:29,777 IoU_mean: 0.8226313514977085

2021-04-23 20:58:29,778 ==============================
2021-04-23 20:58:29,778 

