2021-04-23 20:58:43,544 RESULT FOR DATASET CVC-300

2021-04-23 20:58:43,545 ==============================
2021-04-23 20:58:43,546 

2021-04-23 20:58:43,546 recall: 0.9533402174711227

2021-04-23 20:58:43,547 specificity: 0.9897956520318985

2021-04-23 20:58:43,547 precision: 0.7879202098896106

2021-04-23 20:58:43,548 F1: 0.8382488121589025

2021-04-23 20:58:43,549 F2: 0.8878043120106062

2021-04-23 20:58:43,549 ACC_overall: 0.9884401867787044

2021-04-23 20:58:43,550 IoU_poly: 0.7598930144061645

2021-04-23 20:58:43,550 IoU_bg: 0.9881066421667735

2021-04-23 20:58:43,551 IoU_mean: 0.873999830087026

2021-04-23 20:58:43,551 ==============================
2021-04-23 20:58:43,552 

2021-04-23 20:58:47,020 RESULT FOR DATASET CVC-ClinicDB

2021-04-23 20:58:47,021 ==============================
2021-04-23 20:58:47,022 

2021-04-23 20:58:47,022 recall: 0.9427040690375913

2021-04-23 20:58:47,023 specificity: 0.9950731675471028

2021-04-23 20:58:47,023 precision: 0.9114936121979789

2021-04-23 20:58:47,024 F1: 0.9228648764922494

2021-04-23 20:58:47,025 F2: 0.9329671587855104

2021-04-23 20:58:47,026 ACC_overall: 0.9916579444562236

2021-04-23 20:58:47,026 IoU_poly: 0.8751286372031656

2021-04-23 20:58:47,027 IoU_bg: 0.9899898334856956

2021-04-23 20:58:47,027 IoU_mean: 0.932559230635243

2021-04-23 20:58:47,028 ==============================
2021-04-23 20:58:47,028 

2021-04-23 20:58:53,448 RESULT FOR DATASET Kvasir

2021-04-23 20:58:53,449 ==============================
2021-04-23 20:58:53,449 

2021-04-23 20:58:53,449 recall: 0.8983995816484094

2021-04-23 20:58:53,449 specificity: 0.991524817943573

2021-04-23 20:58:53,449 precision: 0.9370277690887451

2021-04-23 20:58:53,450 F1: 0.9098721877112985

2021-04-23 20:58:53,450 F2: 0.9018083772063256

2021-04-23 20:58:53,450 ACC_overall: 0.9735506927967071

2021-04-23 20:58:53,450 IoU_poly: 0.856644574124366

2021-04-23 20:58:53,450 IoU_bg: 0.9662714380025864

2021-04-23 20:58:53,450 IoU_mean: 0.9114580076932907

2021-04-23 20:58:53,450 ==============================
2021-04-23 20:58:53,450 

2021-04-23 20:59:17,578 RESULT FOR DATASET CVC-ColonDB

2021-04-23 20:59:17,592 ==============================
2021-04-23 20:59:17,593 

2021-04-23 20:59:17,593 recall: 0.83075507128022

2021-04-23 20:59:17,593 specificity: 0.9813880603564413

2021-04-23 20:59:17,593 precision: 0.7743994677520996

2021-04-23 20:59:17,593 F1: 0.7547436888481762

2021-04-23 20:59:17,593 F2: 0.7759255553749761

2021-04-23 20:59:17,593 ACC_overall: 0.9612291338412385

2021-04-23 20:59:17,594 IoU_poly: 0.6759817669409609

2021-04-23 20:59:17,594 IoU_bg: 0.9580881738349011

2021-04-23 20:59:17,594 IoU_mean: 0.8170349705376123

2021-04-23 20:59:17,594 ==============================
2021-04-23 20:59:17,594 

2021-04-23 20:59:38,973 RESULT FOR DATASET ETIS-LaribPolypDB

2021-04-23 20:59:38,973 ==============================
2021-04-23 20:59:38,973 

2021-04-23 20:59:38,973 recall: 0.8063121409690099

2021-04-23 20:59:38,974 specificity: 0.9826784760368114

2021-04-23 20:59:38,974 precision: 0.6909712015717792

2021-04-23 20:59:38,974 F1: 0.7130835708223449

2021-04-23 20:59:38,974 F2: 0.7580798613310676

2021-04-23 20:59:38,974 ACC_overall: 0.9806993132343098

2021-04-23 20:59:38,974 IoU_poly: 0.6363068390182819

2021-04-23 20:59:38,974 IoU_bg: 0.9799023164170129

2021-04-23 20:59:38,975 IoU_mean: 0.8081045765049604

2021-04-23 20:59:38,975 ==============================
2021-04-23 20:59:38,975 

