2021-04-23 21:01:26,345 RESULT FOR DATASET CVC-300

2021-04-23 21:01:26,346 ==============================
2021-04-23 21:01:26,346 

2021-04-23 21:01:26,346 recall: 0.9327052090937893

2021-04-23 21:01:26,346 specificity: 0.9906404147545497

2021-04-23 21:01:26,346 precision: 0.8464717138558626

2021-04-23 21:01:26,346 F1: 0.8542096801102161

2021-04-23 21:01:26,347 F2: 0.877377237379551

2021-04-23 21:01:26,347 ACC_overall: 0.9884600470463435

2021-04-23 21:01:26,347 IoU_poly: 0.7941641865298152

2021-04-23 21:01:26,347 IoU_bg: 0.9881496012210846

2021-04-23 21:01:26,347 IoU_mean: 0.8911568949619929

2021-04-23 21:01:26,347 ==============================
2021-04-23 21:01:26,347 

2021-04-23 21:01:27,352 RESULT FOR DATASET CVC-ClinicDB

2021-04-23 21:01:27,353 ==============================
2021-04-23 21:01:27,353 

2021-04-23 21:01:27,353 recall: 0.92270570858607

2021-04-23 21:01:27,353 specificity: 0.995615703444327

2021-04-23 21:01:27,354 precision: 0.9376944216989702

2021-04-23 21:01:27,354 F1: 0.9120242731221351

2021-04-23 21:01:27,354 F2: 0.9179509647374582

2021-04-23 21:01:27,354 ACC_overall: 0.9902943190067045

2021-04-23 21:01:27,354 IoU_poly: 0.8665578236480453

2021-04-23 21:01:27,354 IoU_bg: 0.9884261729255799

2021-04-23 21:01:27,354 IoU_mean: 0.9274920023256733

2021-04-23 21:01:27,354 ==============================
2021-04-23 21:01:27,354 

2021-04-23 21:01:30,022 RESULT FOR DATASET Kvasir

2021-04-23 21:01:30,022 ==============================
2021-04-23 21:01:30,022 

2021-04-23 21:01:30,022 recall: 0.9108532563224435

2021-04-23 21:01:30,022 specificity: 0.9903468573093415

2021-04-23 21:01:30,022 precision: 0.9396590483188629

2021-04-23 21:01:30,022 F1: 0.9110100351274013

2021-04-23 21:01:30,022 F2: 0.9085883894562721

2021-04-23 21:01:30,022 ACC_overall: 0.9745736634731292

2021-04-23 21:01:30,022 IoU_poly: 0.8603492706641555

2021-04-23 21:01:30,023 IoU_bg: 0.9679636371135711

2021-04-23 21:01:30,023 IoU_mean: 0.9141564550995827

2021-04-23 21:01:30,023 ==============================
2021-04-23 21:01:30,023 

2021-04-23 21:01:40,259 RESULT FOR DATASET CVC-ColonDB

2021-04-23 21:01:40,260 ==============================
2021-04-23 21:01:40,260 

2021-04-23 21:01:40,261 recall: 0.7747172401993435

2021-04-23 21:01:40,262 specificity: 0.9895723929530695

2021-04-23 21:01:40,262 precision: 0.8083762385897947

2021-04-23 21:01:40,263 F1: 0.7369488888967082

2021-04-23 21:01:40,264 F2: 0.7468555381082465

2021-04-23 21:01:40,264 ACC_overall: 0.9612923219015724

2021-04-23 21:01:40,265 IoU_poly: 0.6705956260637035

2021-04-23 21:01:40,266 IoU_bg: 0.9595178485700958

2021-04-23 21:01:40,266 IoU_mean: 0.8150567359830204

2021-04-23 21:01:40,267 ==============================
2021-04-23 21:01:40,268 

2021-04-23 21:01:51,674 RESULT FOR DATASET ETIS-LaribPolypDB

2021-04-23 21:01:51,675 ==============================
2021-04-23 21:01:51,676 

2021-04-23 21:01:51,677 recall: 0.8309032935880428

2021-04-23 21:01:51,677 specificity: 0.988184970252368

2021-04-23 21:01:51,678 precision: 0.7593003084165669

2021-04-23 21:01:51,679 F1: 0.748005137020894

2021-04-23 21:01:51,679 F2: 0.7862337831335323

2021-04-23 21:01:51,680 ACC_overall: 0.9856238912562935

2021-04-23 21:01:51,681 IoU_poly: 0.6690492982670595

2021-04-23 21:01:51,681 IoU_bg: 0.9848542912882201

2021-04-23 21:01:51,682 IoU_mean: 0.8269517952386214

2021-04-23 21:01:51,683 ==============================
2021-04-23 21:01:51,684 

