2021-05-13 19:25:33,519 RESULT FOR DATASET CVC-300

2021-05-13 19:25:33,520 ==============================
2021-05-13 19:25:33,520 

2021-05-13 19:25:33,520 recall: 0.9648058573404948

2021-05-13 19:25:33,520 specificity: 0.9890461971362432

2021-05-13 19:25:33,520 precision: 0.8029945510129134

2021-05-13 19:25:33,520 F1: 0.852073944111665

2021-05-13 19:25:33,520 F2: 0.897916616499424

2021-05-13 19:25:33,520 ACC_overall: 0.9881115585565567

2021-05-13 19:25:33,520 IoU_poly: 0.7786779745171467

2021-05-13 19:25:33,520 IoU_bg: 0.987757432460785

2021-05-13 19:25:33,520 IoU_mean: 0.883217704296112

2021-05-13 19:25:33,520 ==============================
2021-05-13 19:25:33,520 

2021-05-13 19:25:48,359 RESULT FOR DATASET CVC-ClinicDB

2021-05-13 19:25:48,359 ==============================
2021-05-13 19:25:48,359 

2021-05-13 19:25:48,359 recall: 0.9389890932267712

2021-05-13 19:25:48,359 specificity: 0.9914700292771862

2021-05-13 19:25:48,359 precision: 0.9048111842524621

2021-05-13 19:25:48,359 F1: 0.9027249827500312

2021-05-13 19:25:48,359 F2: 0.9103679486340092

2021-05-13 19:25:48,359 ACC_overall: 0.9874060500052667

2021-05-13 19:25:48,359 IoU_poly: 0.8518986560163959

2021-05-13 19:25:48,359 IoU_bg: 0.9852134277743678

2021-05-13 19:25:48,359 IoU_mean: 0.9185560422558938

2021-05-13 19:25:48,359 ==============================
2021-05-13 19:25:48,359 

2021-05-13 19:26:16,890 RESULT FOR DATASET Kvasir

2021-05-13 19:26:16,890 ==============================
2021-05-13 19:26:16,891 

2021-05-13 19:26:16,891 recall: 0.9092034935951233

2021-05-13 19:26:16,891 specificity: 0.9872580724954605

2021-05-13 19:26:16,891 precision: 0.9273112167418003

2021-05-13 19:26:16,891 F1: 0.9070819678902626

2021-05-13 19:26:16,891 F2: 0.9052037194371223

2021-05-13 19:26:16,891 ACC_overall: 0.9749162399768829

2021-05-13 19:26:16,891 IoU_poly: 0.8494545648992061

2021-05-13 19:26:16,891 IoU_bg: 0.9667599910497665

2021-05-13 19:26:16,891 IoU_mean: 0.9081072777509689

2021-05-13 19:26:16,891 ==============================
2021-05-13 19:26:16,891 

2021-05-13 19:28:05,611 RESULT FOR DATASET CVC-ColonDB

2021-05-13 19:28:05,612 ==============================
2021-05-13 19:28:05,612 

2021-05-13 19:28:05,612 recall: 0.8182119220321654

2021-05-13 19:28:05,612 specificity: 0.9851452727066843

2021-05-13 19:28:05,612 precision: 0.8050660393266011

2021-05-13 19:28:05,612 F1: 0.7578841310212211

2021-05-13 19:28:05,612 F2: 0.7763058929642643

2021-05-13 19:28:05,612 ACC_overall: 0.9633180671616605

2021-05-13 19:28:05,612 IoU_poly: 0.6786674220008104

2021-05-13 19:28:05,612 IoU_bg: 0.9594999189439573

2021-05-13 19:28:05,612 IoU_mean: 0.8190836711149466

2021-05-13 19:28:05,612 ==============================
2021-05-13 19:28:05,612 

2021-05-13 19:29:24,855 RESULT FOR DATASET ETIS-LaribPolypDB

2021-05-13 19:29:24,855 ==============================
2021-05-13 19:29:24,855 

2021-05-13 19:29:24,855 recall: 0.8250816971529517

2021-05-13 19:29:24,855 specificity: 0.9769176211284132

2021-05-13 19:29:24,855 precision: 0.6254456957009672

2021-05-13 19:29:24,855 F1: 0.6780896177548797

2021-05-13 19:29:24,855 F2: 0.7387333369442879

2021-05-13 19:29:24,856 ACC_overall: 0.9748809489668632

2021-05-13 19:29:24,856 IoU_poly: 0.59550212088474

2021-05-13 19:29:24,856 IoU_bg: 0.973672686486828

2021-05-13 19:29:24,856 IoU_mean: 0.7845874022768469

2021-05-13 19:29:24,856 ==============================
2021-05-13 19:29:24,856 

