2021-05-13 19:29:46,086 RESULT FOR DATASET CVC-300

2021-05-13 19:29:46,086 ==============================
2021-05-13 19:29:46,086 

2021-05-13 19:29:46,086 recall: 0.9455945213635762

2021-05-13 19:29:46,086 specificity: 0.9929452925920487

2021-05-13 19:29:46,086 precision: 0.8394138800601164

2021-05-13 19:29:46,086 F1: 0.8682209458202124

2021-05-13 19:29:46,086 F2: 0.8986898541450501

2021-05-13 19:29:46,086 ACC_overall: 0.9910829236110051

2021-05-13 19:29:46,086 IoU_poly: 0.7959844280034304

2021-05-13 19:29:46,086 IoU_bg: 0.9908211559057236

2021-05-13 19:29:46,086 IoU_mean: 0.8934027900298437

2021-05-13 19:29:46,087 ==============================
2021-05-13 19:29:46,087 

2021-05-13 19:30:01,013 RESULT FOR DATASET CVC-ClinicDB

2021-05-13 19:30:01,013 ==============================
2021-05-13 19:30:01,013 

2021-05-13 19:30:01,013 recall: 0.9184165770946551

2021-05-13 19:30:01,013 specificity: 0.9935310406069602

2021-05-13 19:30:01,013 precision: 0.9056959733847649

2021-05-13 19:30:01,013 F1: 0.8955864716760604

2021-05-13 19:30:01,013 F2: 0.9036695207337728

2021-05-13 19:30:01,013 ACC_overall: 0.9886925287785069

2021-05-13 19:30:01,013 IoU_poly: 0.8457041424886894

2021-05-13 19:30:01,013 IoU_bg: 0.9865973716781985

2021-05-13 19:30:01,013 IoU_mean: 0.9161507554592625

2021-05-13 19:30:01,013 ==============================
2021-05-13 19:30:01,013 

2021-05-13 19:30:29,472 RESULT FOR DATASET Kvasir

2021-05-13 19:30:29,472 ==============================
2021-05-13 19:30:29,472 

2021-05-13 19:30:29,472 recall: 0.9057215946912766

2021-05-13 19:30:29,472 specificity: 0.9856881886720658

2021-05-13 19:30:29,472 precision: 0.9289082600176335

2021-05-13 19:30:29,472 F1: 0.9056317254155875

2021-05-13 19:30:29,472 F2: 0.9020799262821675

2021-05-13 19:30:29,472 ACC_overall: 0.9699732738733292

2021-05-13 19:30:29,472 IoU_poly: 0.8510917470231653

2021-05-13 19:30:29,473 IoU_bg: 0.9617488798499108

2021-05-13 19:30:29,473 IoU_mean: 0.9064203125238418

2021-05-13 19:30:29,473 ==============================
2021-05-13 19:30:29,473 

2021-05-13 19:32:17,647 RESULT FOR DATASET CVC-ColonDB

2021-05-13 19:32:17,647 ==============================
2021-05-13 19:32:17,647 

2021-05-13 19:32:17,647 recall: 0.8125615254233876

2021-05-13 19:32:17,647 specificity: 0.9880275883172688

2021-05-13 19:32:17,647 precision: 0.805109540618976

2021-05-13 19:32:17,647 F1: 0.7694063184151051

2021-05-13 19:32:17,647 F2: 0.781043679677489

2021-05-13 19:32:17,647 ACC_overall: 0.965936101110358

2021-05-13 19:32:17,647 IoU_poly: 0.6854779734034884

2021-05-13 19:32:17,647 IoU_bg: 0.9619977173052336

2021-05-13 19:32:17,647 IoU_mean: 0.8237378459227712

2021-05-13 19:32:17,648 ==============================
2021-05-13 19:32:17,648 

2021-05-13 19:33:37,033 RESULT FOR DATASET ETIS-LaribPolypDB

2021-05-13 19:33:37,033 ==============================
2021-05-13 19:33:37,033 

2021-05-13 19:33:37,033 recall: 0.8138620519141243

2021-05-13 19:33:37,033 specificity: 0.9852586488942711

2021-05-13 19:33:37,033 precision: 0.7141268139214622

2021-05-13 19:33:37,033 F1: 0.7160238721061367

2021-05-13 19:33:37,033 F2: 0.7616617850311908

2021-05-13 19:33:37,033 ACC_overall: 0.9832343863589423

2021-05-13 19:33:37,033 IoU_poly: 0.6370407235934654

2021-05-13 19:33:37,034 IoU_bg: 0.9821752528755032

2021-05-13 19:33:37,034 IoU_mean: 0.8096079875011833

2021-05-13 19:33:37,034 ==============================
2021-05-13 19:33:37,034 

