2021-05-13 19:21:21,813 RESULT FOR DATASET CVC-300

2021-05-13 19:21:21,813 ==============================
2021-05-13 19:21:21,814 

2021-05-13 19:21:21,814 recall: 0.9645218690236409

2021-05-13 19:21:21,814 specificity: 0.989788806438446

2021-05-13 19:21:21,814 precision: 0.8103883689890305

2021-05-13 19:21:21,814 F1: 0.8598552537461122

2021-05-13 19:21:21,814 F2: 0.9057710553208987

2021-05-13 19:21:21,814 ACC_overall: 0.9889236946900686

2021-05-13 19:21:21,814 IoU_poly: 0.7861773867160082

2021-05-13 19:21:21,814 IoU_bg: 0.9885397811730703

2021-05-13 19:21:21,814 IoU_mean: 0.8873585800329844

2021-05-13 19:21:21,814 ==============================
2021-05-13 19:21:21,814 

2021-05-13 19:21:36,595 RESULT FOR DATASET CVC-ClinicDB

2021-05-13 19:21:36,595 ==============================
2021-05-13 19:21:36,595 

2021-05-13 19:21:36,595 recall: 0.9408711545890377

2021-05-13 19:21:36,595 specificity: 0.9924652826401495

2021-05-13 19:21:36,595 precision: 0.8962370620800122

2021-05-13 19:21:36,595 F1: 0.9076245686099413

2021-05-13 19:21:36,595 F2: 0.9201084944990373

2021-05-13 19:21:36,595 ACC_overall: 0.9872244740686109

2021-05-13 19:21:36,596 IoU_poly: 0.854373144736934

2021-05-13 19:21:36,596 IoU_bg: 0.9849754148913968

2021-05-13 19:21:36,596 IoU_mean: 0.919674281151064

2021-05-13 19:21:36,596 ==============================
2021-05-13 19:21:36,596 

2021-05-13 19:22:05,125 RESULT FOR DATASET Kvasir

2021-05-13 19:22:05,125 ==============================
2021-05-13 19:22:05,125 

2021-05-13 19:22:05,125 recall: 0.8981649649143219

2021-05-13 19:22:05,125 specificity: 0.9893542361259461

2021-05-13 19:22:05,126 precision: 0.9286283460259438

2021-05-13 19:22:05,126 F1: 0.9038858860731125

2021-05-13 19:22:05,126 F2: 0.8986661523580551

2021-05-13 19:22:05,126 ACC_overall: 0.9720016723871231

2021-05-13 19:22:05,126 IoU_poly: 0.8467396749556064

2021-05-13 19:22:05,126 IoU_bg: 0.9643474489450454

2021-05-13 19:22:05,126 IoU_mean: 0.9055435636639595

2021-05-13 19:22:05,126 ==============================
2021-05-13 19:22:05,126 

2021-05-13 19:23:53,295 RESULT FOR DATASET CVC-ColonDB

2021-05-13 19:23:53,295 ==============================
2021-05-13 19:23:53,295 

2021-05-13 19:23:53,295 recall: 0.7659378882898756

2021-05-13 19:23:53,295 specificity: 0.9894362794725519

2021-05-13 19:23:53,295 precision: 0.8038863669301607

2021-05-13 19:23:53,295 F1: 0.7339991630100676

2021-05-13 19:23:53,295 F2: 0.742086990127231

2021-05-13 19:23:53,295 ACC_overall: 0.9599960670659416

2021-05-13 19:23:53,296 IoU_poly: 0.6510759074277829

2021-05-13 19:23:53,296 IoU_bg: 0.9571334987878799

2021-05-13 19:23:53,296 IoU_mean: 0.8041047037432069

2021-05-13 19:23:53,296 ==============================
2021-05-13 19:23:53,296 

2021-05-13 19:25:12,233 RESULT FOR DATASET ETIS-LaribPolypDB

2021-05-13 19:25:12,233 ==============================
2021-05-13 19:25:12,233 

2021-05-13 19:25:12,233 recall: 0.835328446984059

2021-05-13 19:25:12,233 specificity: 0.9810270697486644

2021-05-13 19:25:12,233 precision: 0.6616605799897779

2021-05-13 19:25:12,233 F1: 0.7007703010181474

2021-05-13 19:25:12,233 F2: 0.7618488960916341

2021-05-13 19:25:12,233 ACC_overall: 0.9790619964502296

2021-05-13 19:25:12,233 IoU_poly: 0.6131528990858339

2021-05-13 19:25:12,233 IoU_bg: 0.9778513680307233

2021-05-13 19:25:12,233 IoU_mean: 0.7955021351879957

2021-05-13 19:25:12,233 ==============================
2021-05-13 19:25:12,234 

