2021-04-26 05:16:53,277 Epoch 0 	 Loss 0.7908738281700637
2021-04-26 05:17:27,363 Epoch 1 	 Loss 0.5462972256508503
2021-04-26 05:18:01,562 Epoch 2 	 Loss 0.4750553120623578
2021-04-26 05:18:35,605 Epoch 3 	 Loss 0.43670555818211904
2021-04-26 05:19:09,732 Epoch 4 	 Loss 0.41446860969721616
2021-04-26 05:19:43,881 Epoch 5 	 Loss 0.39606288697693376
2021-04-26 05:20:18,199 Epoch 6 	 Loss 0.3805876233420529
2021-04-26 05:20:52,404 Epoch 7 	 Loss 0.36453959558691296
2021-04-26 05:21:26,706 Epoch 8 	 Loss 0.35055824459254087
2021-04-26 05:22:00,965 Epoch 9 	 Loss 0.34964704808298047
2021-04-26 05:22:35,331 Epoch 10 	 Loss 0.3436680044774171
2021-04-26 05:23:09,574 Epoch 11 	 Loss 0.33147287630772854
2021-04-26 05:23:43,760 Epoch 12 	 Loss 0.33322751096316744
2021-04-26 05:24:17,958 Epoch 13 	 Loss 0.31889436009166006
2021-04-26 05:24:52,107 Epoch 14 	 Loss 0.31225372703520804
2021-04-26 05:25:26,250 Epoch 15 	 Loss 0.31757059087465095
2021-04-26 05:26:00,500 Epoch 16 	 Loss 0.2985783006463732
2021-04-26 05:26:34,761 Epoch 17 	 Loss 0.299411450277318
2021-04-26 05:27:08,969 Epoch 18 	 Loss 0.29942314195763936
2021-04-26 05:27:43,195 Epoch 19 	 Loss 0.2936489570599336
2021-04-26 05:28:17,330 Epoch 20 	 Loss 0.28975230586397777
2021-04-26 05:28:51,498 Epoch 21 	 Loss 0.28896777495578096
2021-04-26 05:29:25,783 Epoch 22 	 Loss 0.27919907769659064
2021-04-26 05:30:00,027 Epoch 23 	 Loss 0.2679060497781733
2021-04-26 05:30:34,342 Epoch 24 	 Loss 0.267410913175279
2021-04-26 05:31:08,668 Epoch 25 	 Loss 0.27137054322840093
2021-04-26 05:31:42,834 Epoch 26 	 Loss 0.26644357383906186
2021-04-26 05:32:17,023 Epoch 27 	 Loss 0.26613475595201763
2021-04-26 05:32:51,241 Epoch 28 	 Loss 0.2556821060377163
2021-04-26 05:33:25,394 Epoch 29 	 Loss 0.2613088947076064
2021-04-26 05:33:59,558 Epoch 30 	 Loss 0.25439783750654577
2021-04-26 05:34:33,646 Epoch 31 	 Loss 0.24675930528850346
2021-04-26 05:35:07,783 Epoch 32 	 Loss 0.24277452518651774
2021-04-26 05:35:42,027 Epoch 33 	 Loss 0.2490687927046975
2021-04-26 05:36:16,200 Epoch 34 	 Loss 0.2406982564991647
2021-04-26 05:36:50,438 Epoch 35 	 Loss 0.23994093052633517
2021-04-26 05:37:24,782 Epoch 36 	 Loss 0.23919518013576885
2021-04-26 05:37:58,966 Epoch 37 	 Loss 0.23524287310275402
2021-04-26 05:38:33,212 Epoch 38 	 Loss 0.23495343982518374
2021-04-26 05:39:07,371 Epoch 39 	 Loss 0.23848790257841676
2021-04-26 05:39:41,519 Epoch 40 	 Loss 0.23380477988457943
2021-04-26 05:40:15,796 Epoch 41 	 Loss 0.2378275012904471
2021-04-26 05:40:49,998 Epoch 42 	 Loss 0.2240268540578884
2021-04-26 05:41:24,147 Epoch 43 	 Loss 0.21922255053625003
2021-04-26 05:41:58,282 Epoch 44 	 Loss 0.2213244243310048
2021-04-26 05:42:32,421 Epoch 45 	 Loss 0.2124432161614135
2021-04-26 05:43:06,575 Epoch 46 	 Loss 0.21886828476256068
2021-04-26 05:43:40,861 Epoch 47 	 Loss 0.219335546369081
2021-04-26 05:44:15,058 Epoch 48 	 Loss 0.2144878824333568
2021-04-26 05:44:49,213 Epoch 49 	 Loss 0.20835618871253925
2021-04-26 05:45:23,508 Epoch 50 	 Loss 0.21206001053144644
2021-04-26 05:45:57,634 Epoch 51 	 Loss 0.2070345598590243
2021-04-26 05:46:31,758 Epoch 52 	 Loss 0.20352171787193843
2021-04-26 05:47:05,967 Epoch 53 	 Loss 0.20172387787273952
2021-04-26 05:47:40,369 Epoch 54 	 Loss 0.2014370269172794
2021-04-26 05:48:14,722 Epoch 55 	 Loss 0.1990193506846061
2021-04-26 05:48:49,086 Epoch 56 	 Loss 0.20411020451849635
2021-04-26 05:49:23,343 Epoch 57 	 Loss 0.20104604664739673
2021-04-26 05:49:57,597 Epoch 58 	 Loss 0.20241543896250672
2021-04-26 05:50:31,936 Epoch 59 	 Loss 0.19797453644511465
2021-04-26 05:51:06,210 Epoch 60 	 Loss 0.19943471220168438
2021-04-26 05:51:40,589 Epoch 61 	 Loss 0.1951641803914374
2021-04-26 05:52:14,827 Epoch 62 	 Loss 0.19475457743628993
2021-04-26 05:52:49,173 Epoch 63 	 Loss 0.18988669508106107
2021-04-26 05:53:23,483 Epoch 64 	 Loss 0.1894903110933828
2021-04-26 05:53:57,829 Epoch 65 	 Loss 0.1878741002017325
2021-04-26 05:54:32,136 Epoch 66 	 Loss 0.18975058378099086
2021-04-26 05:55:06,477 Epoch 67 	 Loss 0.19058549535143507
2021-04-26 05:55:40,660 Epoch 68 	 Loss 0.18817386391398672
2021-04-26 05:56:14,744 Epoch 69 	 Loss 0.18543449142477014
2021-04-26 05:56:48,990 Epoch 70 	 Loss 0.18648985978011245
2021-04-26 05:57:23,213 Epoch 71 	 Loss 0.18809214398101137
2021-04-26 05:57:57,315 Epoch 72 	 Loss 0.18547048820899084
2021-04-26 05:58:31,418 Epoch 73 	 Loss 0.1838524757505773
2021-04-26 05:59:05,646 Epoch 74 	 Loss 0.18495018829356183
2021-04-26 05:59:39,843 Epoch 75 	 Loss 0.18441826596364871
2021-04-26 06:00:14,012 Epoch 76 	 Loss 0.176233379477328
2021-04-26 06:00:48,226 Epoch 77 	 Loss 0.18305879765814478
2021-04-26 06:01:22,586 Epoch 78 	 Loss 0.17922073602676392
2021-04-26 06:01:56,816 Epoch 79 	 Loss 0.18297256283707672
2021-04-26 06:02:31,000 Epoch 80 	 Loss 0.17510841262864543
2021-04-26 06:03:05,230 Epoch 81 	 Loss 0.17400135165387456
2021-04-26 06:03:39,468 Epoch 82 	 Loss 0.17621611582708882
2021-04-26 06:04:13,674 Epoch 83 	 Loss 0.17810864631946272
2021-04-26 06:04:47,918 Epoch 84 	 Loss 0.17511201821840727
2021-04-26 06:05:22,261 Epoch 85 	 Loss 0.1772727825484433
2021-04-26 06:05:56,444 Epoch 86 	 Loss 0.1777715396422606
2021-04-26 06:06:30,778 Epoch 87 	 Loss 0.17324726905796553
2021-04-26 06:07:05,087 Epoch 88 	 Loss 0.17533343064261006
2021-04-26 06:07:39,373 Epoch 89 	 Loss 0.17522963357495738
2021-04-26 06:08:13,509 Epoch 90 	 Loss 0.17903691071730393
2021-04-26 06:08:47,694 Epoch 91 	 Loss 0.17765896857439817
2021-04-26 06:09:21,938 Epoch 92 	 Loss 0.17693551703468785
2021-04-26 06:09:56,224 Epoch 93 	 Loss 0.1723470858165196
2021-04-26 06:10:30,599 Epoch 94 	 Loss 0.17702014089285673
2021-04-26 06:11:04,846 Epoch 95 	 Loss 0.17279312882449602
2021-04-26 06:11:39,111 Epoch 96 	 Loss 0.17428985139825842
2021-04-26 06:12:13,310 Epoch 97 	 Loss 0.1763191268994258
2021-04-26 06:12:47,448 Epoch 98 	 Loss 0.17788082958905252
2021-04-26 06:13:21,570 Epoch 99 	 Loss 0.1717318833529294
2021-04-26 06:13:40,012 RESULT FOR DATASET CVC-300

2021-04-26 06:13:40,012 ==============================
2021-04-26 06:13:40,012 

2021-04-26 06:13:40,012 recall: 0.9427366942167282

2021-04-26 06:13:40,012 specificity: 0.9942653119564057

2021-04-26 06:13:40,012 precision: 0.8476987861096859

2021-04-26 06:13:40,012 F1: 0.8758357187112172

2021-04-26 06:13:40,012 F2: 0.9035273432731629

2021-04-26 06:13:40,012 ACC_overall: 0.9923296143611272

2021-04-26 06:13:40,012 IoU_poly: 0.8050616486618917

2021-04-26 06:13:40,013 IoU_bg: 0.9920925358931224

2021-04-26 06:13:40,013 IoU_mean: 0.8985770910978317

2021-04-26 06:13:40,013 ==============================
2021-04-26 06:13:40,013 

2021-04-26 06:13:54,994 RESULT FOR DATASET CVC-ClinicDB

2021-04-26 06:13:54,994 ==============================
2021-04-26 06:13:54,994 

2021-04-26 06:13:54,994 recall: 0.9239332599325045

2021-04-26 06:13:54,994 specificity: 0.9936376262095666

2021-04-26 06:13:54,994 precision: 0.8946559704659928

2021-04-26 06:13:54,995 F1: 0.9031821958600513

2021-04-26 06:13:54,995 F2: 0.9125007484709063

2021-04-26 06:13:54,995 ACC_overall: 0.9894291777764598

2021-04-26 06:13:54,995 IoU_poly: 0.8538329768024625

2021-04-26 06:13:54,995 IoU_bg: 0.9872675124675997

2021-04-26 06:13:54,995 IoU_mean: 0.9205502435084312

2021-04-26 06:13:54,995 ==============================
2021-04-26 06:13:54,995 

2021-04-26 06:14:23,900 RESULT FOR DATASET Kvasir

2021-04-26 06:14:23,900 ==============================
2021-04-26 06:14:23,900 

2021-04-26 06:14:23,900 recall: 0.9016006743907928

2021-04-26 06:14:23,901 specificity: 0.9879920464754105

2021-04-26 06:14:23,901 precision: 0.9293586955964566

2021-04-26 06:14:23,901 F1: 0.9038385221362114

2021-04-26 06:14:23,901 F2: 0.8999926839768887

2021-04-26 06:14:23,901 ACC_overall: 0.9712515497207641

2021-04-26 06:14:23,901 IoU_poly: 0.8482407672703266

2021-04-26 06:14:23,901 IoU_bg: 0.9637861409783364

2021-04-26 06:14:23,901 IoU_mean: 0.9060134518146515

2021-04-26 06:14:23,901 ==============================
2021-04-26 06:14:23,901 

2021-04-26 06:16:13,995 RESULT FOR DATASET CVC-ColonDB

2021-04-26 06:16:13,995 ==============================
2021-04-26 06:16:13,995 

2021-04-26 06:16:13,995 recall: 0.8018298140139306

2021-04-26 06:16:13,996 specificity: 0.9901811502481762

2021-04-26 06:16:13,996 precision: 0.8132438757505426

2021-04-26 06:16:13,996 F1: 0.7685351318481863

2021-04-26 06:16:13,996 F2: 0.7779322684992956

2021-04-26 06:16:13,996 ACC_overall: 0.9645518560158579

2021-04-26 06:16:13,996 IoU_poly: 0.6851188227650948

2021-04-26 06:16:13,996 IoU_bg: 0.9612920233293584

2021-04-26 06:16:13,996 IoU_mean: 0.8232054218649865

2021-04-26 06:16:13,996 ==============================
2021-04-26 06:16:13,996 

2021-04-26 06:17:34,787 RESULT FOR DATASET ETIS-LaribPolypDB

2021-04-26 06:17:34,787 ==============================
2021-04-26 06:17:34,787 

2021-04-26 06:17:34,788 recall: 0.8502644886688804

2021-04-26 06:17:34,788 specificity: 0.984034326611733

2021-04-26 06:17:34,788 precision: 0.702258488985331

2021-04-26 06:17:34,788 F1: 0.7378941119593909

2021-04-26 06:17:34,788 F2: 0.7875732529149139

2021-04-26 06:17:34,788 ACC_overall: 0.9816088907572688

2021-04-26 06:17:34,788 IoU_poly: 0.653775851513392

2021-04-26 06:17:34,788 IoU_bg: 0.9806183588748075

2021-04-26 06:17:34,788 IoU_mean: 0.8171971060183584

2021-04-26 06:17:34,788 ==============================
2021-04-26 06:17:34,788 

