2021-04-26 04:16:30,835 Epoch 0 	 Loss 0.78190441937237
2021-04-26 04:17:04,370 Epoch 1 	 Loss 0.5425294853828766
2021-04-26 04:17:38,037 Epoch 2 	 Loss 0.4979707398912409
2021-04-26 04:18:11,654 Epoch 3 	 Loss 0.4554444276369535
2021-04-26 04:18:45,234 Epoch 4 	 Loss 0.43037322409205386
2021-04-26 04:19:18,894 Epoch 5 	 Loss 0.40947386131181823
2021-04-26 04:19:52,597 Epoch 6 	 Loss 0.39454828644846823
2021-04-26 04:20:26,216 Epoch 7 	 Loss 0.38254526323014565
2021-04-26 04:20:59,870 Epoch 8 	 Loss 0.37617877436863195
2021-04-26 04:21:33,505 Epoch 9 	 Loss 0.35547081585768814
2021-04-26 04:22:07,205 Epoch 10 	 Loss 0.34517649356480484
2021-04-26 04:22:40,825 Epoch 11 	 Loss 0.34552766055196193
2021-04-26 04:23:14,506 Epoch 12 	 Loss 0.33221319694440443
2021-04-26 04:23:48,137 Epoch 13 	 Loss 0.3205815154117542
2021-04-26 04:24:21,827 Epoch 14 	 Loss 0.3252582721985303
2021-04-26 04:24:55,491 Epoch 15 	 Loss 0.31417964218737005
2021-04-26 04:25:29,192 Epoch 16 	 Loss 0.3058462015220097
2021-04-26 04:26:02,852 Epoch 17 	 Loss 0.29517343165455284
2021-04-26 04:26:36,518 Epoch 18 	 Loss 0.2966541546386677
2021-04-26 04:27:10,160 Epoch 19 	 Loss 0.297159989129056
2021-04-26 04:27:43,926 Epoch 20 	 Loss 0.2926175222619549
2021-04-26 04:28:17,542 Epoch 21 	 Loss 0.27895379590464164
2021-04-26 04:28:51,271 Epoch 22 	 Loss 0.28722257126163653
2021-04-26 04:29:24,975 Epoch 23 	 Loss 0.271728393468228
2021-04-26 04:29:58,593 Epoch 24 	 Loss 0.2712357563304377
2021-04-26 04:30:32,238 Epoch 25 	 Loss 0.2673667631633989
2021-04-26 04:31:05,937 Epoch 26 	 Loss 0.2669738108640189
2021-04-26 04:31:39,873 Epoch 27 	 Loss 0.2667213647247671
2021-04-26 04:32:13,570 Epoch 28 	 Loss 0.2525242696424107
2021-04-26 04:32:47,172 Epoch 29 	 Loss 0.25909721818599074
2021-04-26 04:33:20,857 Epoch 30 	 Loss 0.2583931681219038
2021-04-26 04:33:54,574 Epoch 31 	 Loss 0.25796390709641215
2021-04-26 04:34:28,289 Epoch 32 	 Loss 0.2594934808356421
2021-04-26 04:35:01,964 Epoch 33 	 Loss 0.24651636723633652
2021-04-26 04:35:35,490 Epoch 34 	 Loss 0.24274531334311097
2021-04-26 04:36:09,182 Epoch 35 	 Loss 0.23859618751557318
2021-04-26 04:36:42,755 Epoch 36 	 Loss 0.23813270933025485
2021-04-26 04:37:16,446 Epoch 37 	 Loss 0.2370479942023099
2021-04-26 04:37:50,125 Epoch 38 	 Loss 0.240126391688546
2021-04-26 04:38:23,848 Epoch 39 	 Loss 0.22612418267098103
2021-04-26 04:38:57,580 Epoch 40 	 Loss 0.22565479953210432
2021-04-26 04:39:31,200 Epoch 41 	 Loss 0.22923499394904126
2021-04-26 04:40:04,812 Epoch 42 	 Loss 0.22615913670141619
2021-04-26 04:40:38,466 Epoch 43 	 Loss 0.22116270251981504
2021-04-26 04:41:12,193 Epoch 44 	 Loss 0.21815676659673125
2021-04-26 04:41:45,815 Epoch 45 	 Loss 0.22482228639361623
2021-04-26 04:42:19,427 Epoch 46 	 Loss 0.2224326551288039
2021-04-26 04:42:53,062 Epoch 47 	 Loss 0.21663970835916288
2021-04-26 04:43:26,727 Epoch 48 	 Loss 0.21755519885938246
2021-04-26 04:44:00,446 Epoch 49 	 Loss 0.21123829844233755
2021-04-26 04:44:34,110 Epoch 50 	 Loss 0.21062603576497718
2021-04-26 04:45:07,882 Epoch 51 	 Loss 0.2067903514419283
2021-04-26 04:45:41,516 Epoch 52 	 Loss 0.20672567237864484
2021-04-26 04:46:15,114 Epoch 53 	 Loss 0.2113570715044881
2021-04-26 04:46:48,869 Epoch 54 	 Loss 0.21151737934285467
2021-04-26 04:47:22,536 Epoch 55 	 Loss 0.20680839068942017
2021-04-26 04:47:56,322 Epoch 56 	 Loss 0.20444919349073054
2021-04-26 04:48:29,957 Epoch 57 	 Loss 0.2072096776503783
2021-04-26 04:49:03,594 Epoch 58 	 Loss 0.19197616472349063
2021-04-26 04:49:37,256 Epoch 59 	 Loss 0.20409170873872526
2021-04-26 04:50:10,847 Epoch 60 	 Loss 0.19860984319513972
2021-04-26 04:50:44,497 Epoch 61 	 Loss 0.1971975483082153
2021-04-26 04:51:18,280 Epoch 62 	 Loss 0.19214289496233175
2021-04-26 04:51:51,894 Epoch 63 	 Loss 0.19519681737318142
2021-04-26 04:52:25,378 Epoch 64 	 Loss 0.19520695835024446
2021-04-26 04:52:59,129 Epoch 65 	 Loss 0.19159704888914966
2021-04-26 04:53:32,667 Epoch 66 	 Loss 0.1896145979126731
2021-04-26 04:54:06,278 Epoch 67 	 Loss 0.191481616798338
2021-04-26 04:54:39,905 Epoch 68 	 Loss 0.18767873156856704
2021-04-26 04:55:13,549 Epoch 69 	 Loss 0.1884055481507228
2021-04-26 04:55:47,214 Epoch 70 	 Loss 0.18838978583341118
2021-04-26 04:56:20,991 Epoch 71 	 Loss 0.18872625626378006
2021-04-26 04:56:54,610 Epoch 72 	 Loss 0.185680967602101
2021-04-26 04:57:28,280 Epoch 73 	 Loss 0.1867641053356967
2021-04-26 04:58:01,964 Epoch 74 	 Loss 0.18327069331656445
2021-04-26 04:58:35,611 Epoch 75 	 Loss 0.18221510029756105
2021-04-26 04:59:09,238 Epoch 76 	 Loss 0.1804478523822931
2021-04-26 04:59:42,997 Epoch 77 	 Loss 0.18053863385876456
2021-04-26 05:00:16,541 Epoch 78 	 Loss 0.18198408284685114
2021-04-26 05:00:50,198 Epoch 79 	 Loss 0.18857871610057222
2021-04-26 05:01:23,794 Epoch 80 	 Loss 0.18003608613878816
2021-04-26 05:01:57,476 Epoch 81 	 Loss 0.1794760410602276
2021-04-26 05:02:31,077 Epoch 82 	 Loss 0.17920785143480197
2021-04-26 05:03:04,708 Epoch 83 	 Loss 0.18363028060603928
2021-04-26 05:03:38,347 Epoch 84 	 Loss 0.1791656657562151
2021-04-26 05:04:11,911 Epoch 85 	 Loss 0.17759172937699727
2021-04-26 05:04:45,525 Epoch 86 	 Loss 0.17852172910512148
2021-04-26 05:05:19,143 Epoch 87 	 Loss 0.1774243949861317
2021-04-26 05:05:52,802 Epoch 88 	 Loss 0.178799487896018
2021-04-26 05:06:26,366 Epoch 89 	 Loss 0.17800019968014497
2021-04-26 05:06:59,990 Epoch 90 	 Loss 0.1772987289088113
2021-04-26 05:07:33,609 Epoch 91 	 Loss 0.1772934656876784
2021-04-26 05:08:07,292 Epoch 92 	 Loss 0.17332700402527065
2021-04-26 05:08:40,921 Epoch 93 	 Loss 0.17440182199844947
2021-04-26 05:09:14,737 Epoch 94 	 Loss 0.17802770517684602
2021-04-26 05:09:48,314 Epoch 95 	 Loss 0.17716350480095372
2021-04-26 05:10:21,962 Epoch 96 	 Loss 0.17724940950398918
2021-04-26 05:10:55,657 Epoch 97 	 Loss 0.17604739227137722
2021-04-26 05:11:29,310 Epoch 98 	 Loss 0.17342415681252113
2021-04-26 05:12:02,878 Epoch 99 	 Loss 0.17771457872547947
2021-04-26 05:12:21,237 RESULT FOR DATASET CVC-300

2021-04-26 05:12:21,238 ==============================
2021-04-26 05:12:21,238 

2021-04-26 05:12:21,238 recall: 0.9373658015174442

2021-04-26 05:12:21,238 specificity: 0.9942964901526768

2021-04-26 05:12:21,238 precision: 0.8541729723413786

2021-04-26 05:12:21,238 F1: 0.8657795293906626

2021-04-26 05:12:21,239 F2: 0.8946373044411302

2021-04-26 05:12:21,239 ACC_overall: 0.9921569714943568

2021-04-26 05:12:21,239 IoU_poly: 0.8022392913791312

2021-04-26 05:12:21,239 IoU_bg: 0.9919524480899174

2021-04-26 05:12:21,239 IoU_mean: 0.8970958674947421

2021-04-26 05:12:21,239 ==============================
2021-04-26 05:12:21,239 

2021-04-26 05:12:36,411 RESULT FOR DATASET CVC-ClinicDB

2021-04-26 05:12:36,412 ==============================
2021-04-26 05:12:36,412 

2021-04-26 05:12:36,412 recall: 0.9152274555376461

2021-04-26 05:12:36,412 specificity: 0.9939305292021844

2021-04-26 05:12:36,412 precision: 0.9143280693761264

2021-04-26 05:12:36,412 F1: 0.9052197625715053

2021-04-26 05:12:36,412 F2: 0.9103895986505274

2021-04-26 05:12:36,412 ACC_overall: 0.9887669163365518

2021-04-26 05:12:36,412 IoU_poly: 0.8550927925464367

2021-04-26 05:12:36,412 IoU_bg: 0.986578332801019

2021-04-26 05:12:36,412 IoU_mean: 0.9208355598872707

2021-04-26 05:12:36,412 ==============================
2021-04-26 05:12:36,412 

2021-04-26 05:13:05,409 RESULT FOR DATASET Kvasir

2021-04-26 05:13:05,409 ==============================
2021-04-26 05:13:05,409 

2021-04-26 05:13:05,409 recall: 0.9022161020338535

2021-04-26 05:13:05,410 specificity: 0.9880090945959091

2021-04-26 05:13:05,410 precision: 0.9317777468264103

2021-04-26 05:13:05,410 F1: 0.9058299370110034

2021-04-26 05:13:05,410 F2: 0.9009261956810951

2021-04-26 05:13:05,410 ACC_overall: 0.9706230568885803

2021-04-26 05:13:05,410 IoU_poly: 0.8497786644101143

2021-04-26 05:13:05,410 IoU_bg: 0.9628341624140739

2021-04-26 05:13:05,410 IoU_mean: 0.9063064134120942

2021-04-26 05:13:05,410 ==============================
2021-04-26 05:13:05,410 

2021-04-26 05:14:55,944 RESULT FOR DATASET CVC-ColonDB

2021-04-26 05:14:55,945 ==============================
2021-04-26 05:14:55,945 

2021-04-26 05:14:55,945 recall: 0.7723269790593134

2021-04-26 05:14:55,945 specificity: 0.9875751655352744

2021-04-26 05:14:55,945 precision: 0.8035743366817482

2021-04-26 05:14:55,945 F1: 0.7350169038595404

2021-04-26 05:14:55,945 F2: 0.7460685904301954

2021-04-26 05:14:55,945 ACC_overall: 0.9582002362138347

2021-04-26 05:14:55,945 IoU_poly: 0.6522543920167041

2021-04-26 05:14:55,945 IoU_bg: 0.9551275720721797

2021-04-26 05:14:55,945 IoU_mean: 0.8036909818649292

2021-04-26 05:14:55,945 ==============================
2021-04-26 05:14:55,946 

2021-04-26 05:16:16,523 RESULT FOR DATASET ETIS-LaribPolypDB

2021-04-26 05:16:16,523 ==============================
2021-04-26 05:16:16,524 

2021-04-26 05:16:16,524 recall: 0.8086603122911231

2021-04-26 05:16:16,524 specificity: 0.9853354890127571

2021-04-26 05:16:16,524 precision: 0.6946993245936525

2021-04-26 05:16:16,524 F1: 0.7145116170737978

2021-04-26 05:16:16,524 F2: 0.7587448129580128

2021-04-26 05:16:16,524 ACC_overall: 0.9828910043044966

2021-04-26 05:16:16,524 IoU_poly: 0.6342386897009878

2021-04-26 05:16:16,524 IoU_bg: 0.9818949209792274

2021-04-26 05:16:16,524 IoU_mean: 0.8080668055585453

2021-04-26 05:16:16,525 ==============================
2021-04-26 05:16:16,525 

