2021-04-26 06:18:12,193 Epoch 0 	 Loss 0.7651890038133977
2021-04-26 06:18:46,914 Epoch 1 	 Loss 0.5463896567349905
2021-04-26 06:19:21,668 Epoch 2 	 Loss 0.4789450266859034
2021-04-26 06:19:56,343 Epoch 3 	 Loss 0.4470428883374392
2021-04-26 06:20:31,011 Epoch 4 	 Loss 0.4084119824590264
2021-04-26 06:21:05,775 Epoch 5 	 Loss 0.39346427347633867
2021-04-26 06:21:40,482 Epoch 6 	 Loss 0.38095106724854355
2021-04-26 06:22:15,336 Epoch 7 	 Loss 0.366194235427039
2021-04-26 06:22:50,245 Epoch 8 	 Loss 0.3560360948463063
2021-04-26 06:23:25,194 Epoch 9 	 Loss 0.34223970214089194
2021-04-26 06:24:00,035 Epoch 10 	 Loss 0.3415733387509545
2021-04-26 06:24:34,911 Epoch 11 	 Loss 0.3406195370378075
2021-04-26 06:25:09,638 Epoch 12 	 Loss 0.3166479163772457
2021-04-26 06:25:44,388 Epoch 13 	 Loss 0.31523384481340977
2021-04-26 06:26:19,131 Epoch 14 	 Loss 0.3092463568344221
2021-04-26 06:26:53,892 Epoch 15 	 Loss 0.31165604833718186
2021-04-26 06:27:28,718 Epoch 16 	 Loss 0.31533347348590474
2021-04-26 06:28:03,532 Epoch 17 	 Loss 0.2989405002240296
2021-04-26 06:28:38,385 Epoch 18 	 Loss 0.28282577454388796
2021-04-26 06:29:13,219 Epoch 19 	 Loss 0.28603498768675456
2021-04-26 06:29:48,147 Epoch 20 	 Loss 0.2845141594554042
2021-04-26 06:30:22,850 Epoch 21 	 Loss 0.2836054288423978
2021-04-26 06:30:57,644 Epoch 22 	 Loss 0.2678476994509225
2021-04-26 06:31:32,454 Epoch 23 	 Loss 0.26893222479374856
2021-04-26 06:32:07,261 Epoch 24 	 Loss 0.2640646689540737
2021-04-26 06:32:42,095 Epoch 25 	 Loss 0.27112998101082475
2021-04-26 06:33:16,947 Epoch 26 	 Loss 0.2603504934481212
2021-04-26 06:33:51,928 Epoch 27 	 Loss 0.25590858993294474
2021-04-26 06:34:27,290 Epoch 28 	 Loss 0.26373693428851747
2021-04-26 06:35:02,134 Epoch 29 	 Loss 0.25434324390940616
2021-04-26 06:35:36,943 Epoch 30 	 Loss 0.24799755330269152
2021-04-26 06:36:11,682 Epoch 31 	 Loss 0.24957091320347
2021-04-26 06:36:46,468 Epoch 32 	 Loss 0.2446520094360624
2021-04-26 06:37:21,306 Epoch 33 	 Loss 0.2384109295659013
2021-04-26 06:37:56,131 Epoch 34 	 Loss 0.23504260329754798
2021-04-26 06:38:30,943 Epoch 35 	 Loss 0.2479051233647944
2021-04-26 06:39:05,667 Epoch 36 	 Loss 0.237186407322412
2021-04-26 06:39:40,478 Epoch 37 	 Loss 0.23751182886925373
2021-04-26 06:40:15,258 Epoch 38 	 Loss 0.23654579739649217
2021-04-26 06:40:50,192 Epoch 39 	 Loss 0.2349485933453172
2021-04-26 06:41:24,975 Epoch 40 	 Loss 0.2334968858695292
2021-04-26 06:41:59,912 Epoch 41 	 Loss 0.22948455663172754
2021-04-26 06:42:34,686 Epoch 42 	 Loss 0.22762244039184445
2021-04-26 06:43:09,439 Epoch 43 	 Loss 0.22394662964475023
2021-04-26 06:43:44,243 Epoch 44 	 Loss 0.2226339272417865
2021-04-26 06:44:19,120 Epoch 45 	 Loss 0.21778794353479866
2021-04-26 06:44:53,887 Epoch 46 	 Loss 0.21655531178463946
2021-04-26 06:45:28,729 Epoch 47 	 Loss 0.21482351405934974
2021-04-26 06:46:03,495 Epoch 48 	 Loss 0.2077505621281299
2021-04-26 06:46:38,226 Epoch 49 	 Loss 0.21869939762157398
2021-04-26 06:47:13,097 Epoch 50 	 Loss 0.2056237626206744
2021-04-26 06:47:47,779 Epoch 51 	 Loss 0.2104533376929524
2021-04-26 06:48:22,554 Epoch 52 	 Loss 0.21443632245063782
2021-04-26 06:48:57,350 Epoch 53 	 Loss 0.20389299585924045
2021-04-26 06:49:32,106 Epoch 54 	 Loss 0.19980490977292534
2021-04-26 06:50:06,922 Epoch 55 	 Loss 0.2061235004073971
2021-04-26 06:50:41,679 Epoch 56 	 Loss 0.1965562981236112
2021-04-26 06:51:16,482 Epoch 57 	 Loss 0.19974780148202245
2021-04-26 06:51:51,293 Epoch 58 	 Loss 0.1966208088528979
2021-04-26 06:52:26,089 Epoch 59 	 Loss 0.1995405268210631
2021-04-26 06:53:00,913 Epoch 60 	 Loss 0.19642906676936936
2021-04-26 06:53:35,682 Epoch 61 	 Loss 0.1917883459028307
2021-04-26 06:54:10,435 Epoch 62 	 Loss 0.18998799039112343
2021-04-26 06:54:45,265 Epoch 63 	 Loss 0.19063575582189873
2021-04-26 06:55:20,034 Epoch 64 	 Loss 0.1890797924536925
2021-04-26 06:55:54,814 Epoch 65 	 Loss 0.19226207232082282
2021-04-26 06:56:29,503 Epoch 66 	 Loss 0.18241272506478068
2021-04-26 06:57:04,276 Epoch 67 	 Loss 0.1920178146152706
2021-04-26 06:57:39,078 Epoch 68 	 Loss 0.18522346838489995
2021-04-26 06:58:13,863 Epoch 69 	 Loss 0.18333429540251636
2021-04-26 06:58:48,665 Epoch 70 	 Loss 0.18349452103887284
2021-04-26 06:59:23,434 Epoch 71 	 Loss 0.18420042392316754
2021-04-26 06:59:58,292 Epoch 72 	 Loss 0.18425455443806701
2021-04-26 07:00:33,001 Epoch 73 	 Loss 0.1835411461172523
2021-04-26 07:01:07,747 Epoch 74 	 Loss 0.18167192185973072
2021-04-26 07:01:42,556 Epoch 75 	 Loss 0.17982059127681857
2021-04-26 07:02:17,341 Epoch 76 	 Loss 0.1764019999530289
2021-04-26 07:02:52,075 Epoch 77 	 Loss 0.1813217799414645
2021-04-26 07:03:26,874 Epoch 78 	 Loss 0.1784880377434112
2021-04-26 07:04:01,660 Epoch 79 	 Loss 0.1762874987754193
2021-04-26 07:04:36,547 Epoch 80 	 Loss 0.1749579642827694
2021-04-26 07:05:11,378 Epoch 81 	 Loss 0.17866270113122332
2021-04-26 07:05:46,192 Epoch 82 	 Loss 0.17489692847152333
2021-04-26 07:06:20,952 Epoch 83 	 Loss 0.17718523118522142
2021-04-26 07:06:55,661 Epoch 84 	 Loss 0.1749832720219434
2021-04-26 07:07:30,314 Epoch 85 	 Loss 0.17417126370000316
2021-04-26 07:08:05,082 Epoch 86 	 Loss 0.1761511307168793
2021-04-26 07:08:39,889 Epoch 87 	 Loss 0.17320450387158237
2021-04-26 07:09:14,757 Epoch 88 	 Loss 0.17510797738373934
2021-04-26 07:09:49,427 Epoch 89 	 Loss 0.17416592351682894
2021-04-26 07:10:24,150 Epoch 90 	 Loss 0.1756960770913533
2021-04-26 07:10:58,963 Epoch 91 	 Loss 0.1740207655744238
2021-04-26 07:11:33,755 Epoch 92 	 Loss 0.17723656601303225
2021-04-26 07:12:08,536 Epoch 93 	 Loss 0.17586606036830735
2021-04-26 07:12:43,266 Epoch 94 	 Loss 0.17210187738413338
2021-04-26 07:13:17,988 Epoch 95 	 Loss 0.17236949781795124
2021-04-26 07:13:52,782 Epoch 96 	 Loss 0.17396955822522825
2021-04-26 07:14:27,561 Epoch 97 	 Loss 0.17651770943468745
2021-04-26 07:15:02,344 Epoch 98 	 Loss 0.17409164090077955
2021-04-26 07:15:37,129 Epoch 99 	 Loss 0.17456517818864886
2021-04-26 07:15:55,784 RESULT FOR DATASET CVC-300

2021-04-26 07:15:55,784 ==============================
2021-04-26 07:15:55,784 

2021-04-26 07:15:55,784 recall: 0.9595053195953369

2021-04-26 07:15:55,784 specificity: 0.9927484959363937

2021-04-26 07:15:55,784 precision: 0.8392247771223386

2021-04-26 07:15:55,784 F1: 0.8761474087834358

2021-04-26 07:15:55,784 F2: 0.9107626517613728

2021-04-26 07:15:55,784 ACC_overall: 0.9916390806436539

2021-04-26 07:15:55,784 IoU_poly: 0.8099437829107046

2021-04-26 07:15:55,784 IoU_bg: 0.9913920203844706

2021-04-26 07:15:55,784 IoU_mean: 0.9006679008404413

2021-04-26 07:15:55,784 ==============================
2021-04-26 07:15:55,784 

2021-04-26 07:16:11,008 RESULT FOR DATASET CVC-ClinicDB

2021-04-26 07:16:11,008 ==============================
2021-04-26 07:16:11,008 

2021-04-26 07:16:11,008 recall: 0.9443304485851719

2021-04-26 07:16:11,008 specificity: 0.9938608023428148

2021-04-26 07:16:11,008 precision: 0.9115119285641178

2021-04-26 07:16:11,008 F1: 0.9119733344883688

2021-04-26 07:16:11,009 F2: 0.9206350580338509

2021-04-26 07:16:11,009 ACC_overall: 0.9899097306113089

2021-04-26 07:16:11,009 IoU_poly: 0.8634678037656892

2021-04-26 07:16:11,009 IoU_bg: 0.9880130444803545

2021-04-26 07:16:11,009 IoU_mean: 0.9257404280285682

2021-04-26 07:16:11,009 ==============================
2021-04-26 07:16:11,009 

2021-04-26 07:16:40,382 RESULT FOR DATASET Kvasir

2021-04-26 07:16:40,382 ==============================
2021-04-26 07:16:40,382 

2021-04-26 07:16:40,382 recall: 0.8986088664829731

2021-04-26 07:16:40,382 specificity: 0.9884205204248429

2021-04-26 07:16:40,382 precision: 0.9365213687717915

2021-04-26 07:16:40,382 F1: 0.9064076995849609

2021-04-26 07:16:40,382 F2: 0.9000575445592404

2021-04-26 07:16:40,382 ACC_overall: 0.9715845784544945

2021-04-26 07:16:40,383 IoU_poly: 0.8498021915555001

2021-04-26 07:16:40,383 IoU_bg: 0.9637139841914177

2021-04-26 07:16:40,383 IoU_mean: 0.9067580842971802

2021-04-26 07:16:40,383 ==============================
2021-04-26 07:16:40,383 

2021-04-26 07:18:31,963 RESULT FOR DATASET CVC-ColonDB

2021-04-26 07:18:31,963 ==============================
2021-04-26 07:18:31,963 

2021-04-26 07:18:31,963 recall: 0.802730004104751

2021-04-26 07:18:31,963 specificity: 0.9888185116805528

2021-04-26 07:18:31,963 precision: 0.8069203023751375

2021-04-26 07:18:31,964 F1: 0.7733183999475075

2021-04-26 07:18:31,964 F2: 0.7812927691731554

2021-04-26 07:18:31,964 ACC_overall: 0.9655080592946003

2021-04-26 07:18:31,964 IoU_poly: 0.6932820829024565

2021-04-26 07:18:31,964 IoU_bg: 0.9618608978233839

2021-04-26 07:18:31,964 IoU_mean: 0.827571489936427

2021-04-26 07:18:31,964 ==============================
2021-04-26 07:18:31,964 

2021-04-26 07:19:53,234 RESULT FOR DATASET ETIS-LaribPolypDB

2021-04-26 07:19:53,234 ==============================
2021-04-26 07:19:53,234 

2021-04-26 07:19:53,234 recall: 0.8193363841950374

2021-04-26 07:19:53,234 specificity: 0.9821699410676956

2021-04-26 07:19:53,234 precision: 0.7048208791362338

2021-04-26 07:19:53,234 F1: 0.7137808463144117

2021-04-26 07:19:53,234 F2: 0.7572333511800526

2021-04-26 07:19:53,234 ACC_overall: 0.9793406335674987

2021-04-26 07:19:53,234 IoU_poly: 0.6396321721829235

2021-04-26 07:19:53,234 IoU_bg: 0.9784687502043588

2021-04-26 07:19:53,235 IoU_mean: 0.8090504611633262

2021-04-26 07:19:53,235 ==============================
2021-04-26 07:19:53,235 

