2021-05-16 22:25:30,775 Epoch 0 	 Loss 0.713439649605489
2021-05-16 22:26:46,611 Epoch 1 	 Loss 0.49012360730014004
2021-05-16 22:28:02,341 Epoch 2 	 Loss 0.43390137677664287
2021-05-16 22:29:13,830 Epoch 3 	 Loss 0.4085422190991077
2021-05-16 22:30:26,913 Epoch 4 	 Loss 0.38277468511036467
2021-05-16 22:31:41,547 Epoch 5 	 Loss 0.35879263838568887
2021-05-16 22:32:56,512 Epoch 6 	 Loss 0.3471488445014744
2021-05-16 22:34:06,715 Epoch 7 	 Loss 0.32820409290738156
2021-05-16 22:35:16,439 Epoch 8 	 Loss 0.32345548616005826
2021-05-16 22:36:25,643 Epoch 9 	 Loss 0.31595820303146654
2021-05-16 22:37:34,976 Epoch 10 	 Loss 0.3092358354683761
2021-05-16 22:38:44,342 Epoch 11 	 Loss 0.2949078128888057
2021-05-16 22:39:53,752 Epoch 12 	 Loss 0.2912735816214111
2021-05-16 22:41:02,987 Epoch 13 	 Loss 0.29340771839513885
2021-05-16 22:42:12,287 Epoch 14 	 Loss 0.28313101549724956
2021-05-16 22:43:21,579 Epoch 15 	 Loss 0.27615772089460394
2021-05-16 22:44:30,884 Epoch 16 	 Loss 0.2770574762598499
2021-05-16 22:45:40,098 Epoch 17 	 Loss 0.26789384670964966
2021-05-16 22:46:49,295 Epoch 18 	 Loss 0.2689271495564953
2021-05-16 22:47:58,560 Epoch 19 	 Loss 0.2641077279062061
2021-05-16 22:49:07,728 Epoch 20 	 Loss 0.2552830819245223
2021-05-16 22:50:16,950 Epoch 21 	 Loss 0.2576473556704574
2021-05-16 22:51:26,291 Epoch 22 	 Loss 0.2528275154776626
2021-05-16 22:52:35,556 Epoch 23 	 Loss 0.24819737410807347
2021-05-16 22:53:44,770 Epoch 24 	 Loss 0.2485510446540602
2021-05-16 22:54:54,029 Epoch 25 	 Loss 0.23771156059516654
2021-05-16 22:56:03,319 Epoch 26 	 Loss 0.24853684089996003
2021-05-16 22:57:12,576 Epoch 27 	 Loss 0.23885197806489336
2021-05-16 22:58:21,964 Epoch 28 	 Loss 0.23075581825041508
2021-05-16 22:59:31,195 Epoch 29 	 Loss 0.22856300463388254
2021-05-16 23:00:40,367 Epoch 30 	 Loss 0.23247211827681616
2021-05-16 23:01:49,683 Epoch 31 	 Loss 0.2229894037757601
2021-05-16 23:02:58,963 Epoch 32 	 Loss 0.2210922427884825
2021-05-16 23:04:08,139 Epoch 33 	 Loss 0.22555209221420708
2021-05-16 23:05:17,240 Epoch 34 	 Loss 0.21677905321121216
2021-05-16 23:06:26,586 Epoch 35 	 Loss 0.22310062522416588
2021-05-16 23:07:35,962 Epoch 36 	 Loss 0.211337808069292
2021-05-16 23:08:45,314 Epoch 37 	 Loss 0.21331556730872983
2021-05-16 23:09:54,545 Epoch 38 	 Loss 0.21147952793718694
2021-05-16 23:11:03,766 Epoch 39 	 Loss 0.20226788897435743
2021-05-16 23:12:12,887 Epoch 40 	 Loss 0.20589997725827353
2021-05-16 23:13:22,072 Epoch 41 	 Loss 0.20980184156816084
2021-05-16 23:14:31,247 Epoch 42 	 Loss 0.2051157840005644
2021-05-16 23:15:40,420 Epoch 43 	 Loss 0.19872561048020373
2021-05-16 23:16:49,642 Epoch 44 	 Loss 0.19374688264432843
2021-05-16 23:17:58,831 Epoch 45 	 Loss 0.1996558984884849
2021-05-16 23:19:08,128 Epoch 46 	 Loss 0.19394064719205376
2021-05-16 23:20:17,410 Epoch 47 	 Loss 0.1948792115672604
2021-05-16 23:21:26,706 Epoch 48 	 Loss 0.19146705803635355
2021-05-16 23:22:36,019 Epoch 49 	 Loss 0.19253281970600505
2021-05-16 23:23:45,193 Epoch 50 	 Loss 0.18916249045958886
2021-05-16 23:24:54,490 Epoch 51 	 Loss 0.1911290332183733
2021-05-16 23:26:03,677 Epoch 52 	 Loss 0.1860150431211178
2021-05-16 23:27:12,996 Epoch 53 	 Loss 0.18183774771271172
2021-05-16 23:28:22,191 Epoch 54 	 Loss 0.18247056334883302
2021-05-16 23:29:31,425 Epoch 55 	 Loss 0.17823046085598704
2021-05-16 23:30:40,737 Epoch 56 	 Loss 0.17498089913483506
2021-05-16 23:31:49,952 Epoch 57 	 Loss 0.17761615311706458
2021-05-16 23:32:59,242 Epoch 58 	 Loss 0.17969560082797165
2021-05-16 23:34:08,541 Epoch 59 	 Loss 0.1770634521822353
2021-05-16 23:35:17,729 Epoch 60 	 Loss 0.17638412314456897
2021-05-16 23:36:26,900 Epoch 61 	 Loss 0.171672115450377
2021-05-16 23:37:36,339 Epoch 62 	 Loss 0.17360260001905672
2021-05-16 23:38:45,543 Epoch 63 	 Loss 0.17037288336963444
2021-05-16 23:39:54,881 Epoch 64 	 Loss 0.16898251906201078
2021-05-16 23:41:04,067 Epoch 65 	 Loss 0.16554111127669996
2021-05-16 23:42:13,307 Epoch 66 	 Loss 0.1674468689239942
2021-05-16 23:43:22,584 Epoch 67 	 Loss 0.161249255495412
2021-05-16 23:44:31,976 Epoch 68 	 Loss 0.15848664415406657
2021-05-16 23:45:41,263 Epoch 69 	 Loss 0.16382330107492404
2021-05-16 23:46:50,502 Epoch 70 	 Loss 0.16565194922489124
2021-05-16 23:47:59,767 Epoch 71 	 Loss 0.1587106220342301
2021-05-16 23:49:09,010 Epoch 72 	 Loss 0.15860858412234338
2021-05-16 23:50:18,204 Epoch 73 	 Loss 0.1605555330822756
2021-05-16 23:51:27,414 Epoch 74 	 Loss 0.15976081174481047
2021-05-16 23:52:36,651 Epoch 75 	 Loss 0.1586789568210696
2021-05-16 23:53:45,847 Epoch 76 	 Loss 0.1561754264838093
2021-05-16 23:54:54,992 Epoch 77 	 Loss 0.15579236519860698
2021-05-16 23:56:04,199 Epoch 78 	 Loss 0.15501472853369766
2021-05-16 23:57:13,345 Epoch 79 	 Loss 0.15569089623270455
2021-05-16 23:58:22,604 Epoch 80 	 Loss 0.15430225669355183
2021-05-16 23:59:31,908 Epoch 81 	 Loss 0.15262195541635976
2021-05-17 00:00:41,061 Epoch 82 	 Loss 0.15148836619906372
2021-05-17 00:01:50,160 Epoch 83 	 Loss 0.15038305627448217
2021-05-17 00:02:59,428 Epoch 84 	 Loss 0.15297278491677818
2021-05-17 00:04:08,691 Epoch 85 	 Loss 0.1517122908607944
2021-05-17 00:05:17,981 Epoch 86 	 Loss 0.1529162891291
2021-05-17 00:06:27,076 Epoch 87 	 Loss 0.15084678065645826
2021-05-17 00:07:36,418 Epoch 88 	 Loss 0.15257632011895653
2021-05-17 00:08:45,731 Epoch 89 	 Loss 0.15002453032430713
2021-05-17 00:09:54,951 Epoch 90 	 Loss 0.15249387068407877
2021-05-17 00:11:04,161 Epoch 91 	 Loss 0.14890534373430106
2021-05-17 00:12:13,361 Epoch 92 	 Loss 0.14829511252733377
2021-05-17 00:13:22,501 Epoch 93 	 Loss 0.15132618859246538
2021-05-17 00:14:31,693 Epoch 94 	 Loss 0.14883754238650038
2021-05-17 00:15:40,931 Epoch 95 	 Loss 0.14863436153301826
2021-05-17 00:16:50,088 Epoch 96 	 Loss 0.14990015295180645
2021-05-17 00:17:59,332 Epoch 97 	 Loss 0.152157329759755
2021-05-17 00:19:08,535 Epoch 98 	 Loss 0.15615116370903268
2021-05-17 00:20:17,892 Epoch 99 	 Loss 0.15117078397300218
2021-05-17 00:20:39,924 RESULT FOR DATASET CVC-300

2021-05-17 00:20:39,924 ==============================
2021-05-17 00:20:39,924 

2021-05-17 00:20:39,924 recall: 0.9522354543209076

2021-05-17 00:20:39,924 specificity: 0.9935580641031265

2021-05-17 00:20:39,925 precision: 0.8450184091925621

2021-05-17 00:20:39,925 F1: 0.8760377131402493

2021-05-17 00:20:39,925 F2: 0.9073030491669972

2021-05-17 00:20:39,925 ACC_overall: 0.9920965751012166

2021-05-17 00:20:39,925 IoU_poly: 0.8103356721500555

2021-05-17 00:20:39,925 IoU_bg: 0.991856516400973

2021-05-17 00:20:39,925 IoU_mean: 0.9010960946480433

2021-05-17 00:20:39,925 ==============================
2021-05-17 00:20:39,925 

2021-05-17 00:20:59,932 RESULT FOR DATASET CVC-ClinicDB

2021-05-17 00:20:59,932 ==============================
2021-05-17 00:20:59,932 

2021-05-17 00:20:59,932 recall: 0.9504371309472669

2021-05-17 00:20:59,932 specificity: 0.9950051269223613

2021-05-17 00:20:59,932 precision: 0.9137046048718114

2021-05-17 00:20:59,932 F1: 0.9207327529307334

2021-05-17 00:20:59,932 F2: 0.9320289271493112

2021-05-17 00:20:59,932 ACC_overall: 0.9894264080832081

2021-05-17 00:20:59,932 IoU_poly: 0.8715939190118543

2021-05-17 00:20:59,932 IoU_bg: 0.9875772451200793

2021-05-17 00:20:59,932 IoU_mean: 0.929585583748356

2021-05-17 00:20:59,932 ==============================
2021-05-17 00:20:59,932 

2021-05-17 00:21:33,166 RESULT FOR DATASET Kvasir

2021-05-17 00:21:33,167 ==============================
2021-05-17 00:21:33,167 

2021-05-17 00:21:33,167 recall: 0.9076823835074902

2021-05-17 00:21:33,167 specificity: 0.9905104529857636

2021-05-17 00:21:33,167 precision: 0.9377594547718764

2021-05-17 00:21:33,167 F1: 0.9104716238379479

2021-05-17 00:21:33,167 F2: 0.9052826142311097

2021-05-17 00:21:33,167 ACC_overall: 0.9724586427211761

2021-05-17 00:21:33,167 IoU_poly: 0.8597827683389186

2021-05-17 00:21:33,167 IoU_bg: 0.9652069941163063

2021-05-17 00:21:33,167 IoU_mean: 0.9124948826432228

2021-05-17 00:21:33,167 ==============================
2021-05-17 00:21:33,167 

2021-05-17 00:23:37,410 RESULT FOR DATASET CVC-ColonDB

2021-05-17 00:23:37,410 ==============================
2021-05-17 00:23:37,410 

2021-05-17 00:23:37,410 recall: 0.7530681933254838

2021-05-17 00:23:37,411 specificity: 0.993138101696968

2021-05-17 00:23:37,411 precision: 0.8423794875975881

2021-05-17 00:23:37,411 F1: 0.7364482092183415

2021-05-17 00:23:37,411 F2: 0.739250725103765

2021-05-17 00:23:37,411 ACC_overall: 0.9632431722001026

2021-05-17 00:23:37,411 IoU_poly: 0.6637122501947152

2021-05-17 00:23:37,411 IoU_bg: 0.9610944434216148

2021-05-17 00:23:37,411 IoU_mean: 0.8124033462844397

2021-05-17 00:23:37,411 ==============================
2021-05-17 00:23:37,411 

2021-05-17 00:25:02,678 RESULT FOR DATASET ETIS-LaribPolypDB

2021-05-17 00:25:02,678 ==============================
2021-05-17 00:25:02,678 

2021-05-17 00:25:02,678 recall: 0.8388436628851362

2021-05-17 00:25:02,678 specificity: 0.988662529660731

2021-05-17 00:25:02,678 precision: 0.7882242278842383

2021-05-17 00:25:02,678 F1: 0.762068777708232

2021-05-17 00:25:02,678 F2: 0.7971908713717424

2021-05-17 00:25:02,678 ACC_overall: 0.9860537109934554

2021-05-17 00:25:02,679 IoU_poly: 0.6870330005637363

2021-05-17 00:25:02,679 IoU_bg: 0.9851761667095885

2021-05-17 00:25:02,679 IoU_mean: 0.8361045826150446

2021-05-17 00:25:02,679 ==============================
2021-05-17 00:25:02,679 

