2021-05-16 13:43:20,414 Epoch 0 	 Loss 0.700632569881586
2021-05-16 13:44:33,958 Epoch 1 	 Loss 0.4860992759138673
2021-05-16 13:45:50,871 Epoch 2 	 Loss 0.4206706328051431
2021-05-16 13:47:07,979 Epoch 3 	 Loss 0.3900112110179859
2021-05-16 13:48:22,278 Epoch 4 	 Loss 0.36497243714856575
2021-05-16 13:49:36,688 Epoch 5 	 Loss 0.3481360700104263
2021-05-16 13:50:51,754 Epoch 6 	 Loss 0.3411428343791228
2021-05-16 13:52:06,424 Epoch 7 	 Loss 0.3333843605858939
2021-05-16 13:53:21,026 Epoch 8 	 Loss 0.3300231976823492
2021-05-16 13:54:35,763 Epoch 9 	 Loss 0.30485056602692867
2021-05-16 13:55:50,464 Epoch 10 	 Loss 0.2980552404136448
2021-05-16 13:57:04,466 Epoch 11 	 Loss 0.2951388709492736
2021-05-16 13:58:19,380 Epoch 12 	 Loss 0.28180499440366097
2021-05-16 13:59:33,401 Epoch 13 	 Loss 0.28022874416885796
2021-05-16 14:00:48,487 Epoch 14 	 Loss 0.27955513865083126
2021-05-16 14:02:00,520 Epoch 15 	 Loss 0.264733646105934
2021-05-16 14:03:12,829 Epoch 16 	 Loss 0.2562022110918066
2021-05-16 14:04:26,381 Epoch 17 	 Loss 0.26983567433697836
2021-05-16 14:05:38,362 Epoch 18 	 Loss 0.2585778750561096
2021-05-16 14:06:50,723 Epoch 19 	 Loss 0.26639973134784906
2021-05-16 14:08:02,651 Epoch 20 	 Loss 0.2710761349279802
2021-05-16 14:09:14,190 Epoch 21 	 Loss 0.2524258564789217
2021-05-16 14:10:25,547 Epoch 22 	 Loss 0.24431446227398548
2021-05-16 14:11:36,454 Epoch 23 	 Loss 0.25209715520287607
2021-05-16 14:12:47,988 Epoch 24 	 Loss 0.2372794074344111
2021-05-16 14:14:00,825 Epoch 25 	 Loss 0.2401847881930215
2021-05-16 14:15:14,496 Epoch 26 	 Loss 0.23445908627012274
2021-05-16 14:16:26,637 Epoch 27 	 Loss 0.22464901012378735
2021-05-16 14:17:38,392 Epoch 28 	 Loss 0.2296754722739314
2021-05-16 14:18:50,105 Epoch 29 	 Loss 0.2341851708325711
2021-05-16 14:20:01,490 Epoch 30 	 Loss 0.2291616276725308
2021-05-16 14:21:11,985 Epoch 31 	 Loss 0.2337273236486938
2021-05-16 14:22:25,102 Epoch 32 	 Loss 0.22356829800448574
2021-05-16 14:23:36,985 Epoch 33 	 Loss 0.22335120560703697
2021-05-16 14:24:47,775 Epoch 34 	 Loss 0.20784682985190506
2021-05-16 14:25:58,722 Epoch 35 	 Loss 0.21687410820971478
2021-05-16 14:27:10,329 Epoch 36 	 Loss 0.2046962409884065
2021-05-16 14:28:22,389 Epoch 37 	 Loss 0.2055372240451666
2021-05-16 14:29:33,781 Epoch 38 	 Loss 0.20246729582220643
2021-05-16 14:30:45,431 Epoch 39 	 Loss 0.2030214752469744
2021-05-16 14:31:56,698 Epoch 40 	 Loss 0.20953299973037218
2021-05-16 14:33:08,617 Epoch 41 	 Loss 0.20288381242490078
2021-05-16 14:34:19,823 Epoch 42 	 Loss 0.20288015476294927
2021-05-16 14:35:31,576 Epoch 43 	 Loss 0.20005790430765885
2021-05-16 14:36:42,817 Epoch 44 	 Loss 0.19618074530428584
2021-05-16 14:37:55,060 Epoch 45 	 Loss 0.18620057453165997
2021-05-16 14:39:05,525 Epoch 46 	 Loss 0.1920753021489133
2021-05-16 14:40:15,894 Epoch 47 	 Loss 0.19054772762151864
2021-05-16 14:41:26,956 Epoch 48 	 Loss 0.18748028314375614
2021-05-16 14:42:38,189 Epoch 49 	 Loss 0.18374673711074577
2021-05-16 14:43:49,765 Epoch 50 	 Loss 0.18441619339225057
2021-05-16 14:45:00,877 Epoch 51 	 Loss 0.18726324429223826
2021-05-16 14:46:11,705 Epoch 52 	 Loss 0.18092964245722845
2021-05-16 14:47:23,026 Epoch 53 	 Loss 0.17846433621841473
2021-05-16 14:48:34,777 Epoch 54 	 Loss 0.18086775924478257
2021-05-16 14:49:46,124 Epoch 55 	 Loss 0.1812263678063403
2021-05-16 14:50:57,032 Epoch 56 	 Loss 0.1795812882073633
2021-05-16 14:52:07,957 Epoch 57 	 Loss 0.18054087803913996
2021-05-16 14:53:18,945 Epoch 58 	 Loss 0.17334355872410995
2021-05-16 14:54:29,400 Epoch 59 	 Loss 0.17208746444065492
2021-05-16 14:55:40,590 Epoch 60 	 Loss 0.17753818270924326
2021-05-16 14:56:54,154 Epoch 61 	 Loss 0.1716432512461484
2021-05-16 14:58:07,442 Epoch 62 	 Loss 0.16896494731798276
2021-05-16 14:59:19,042 Epoch 63 	 Loss 0.1717446356356799
2021-05-16 15:00:30,240 Epoch 64 	 Loss 0.16540465970615764
2021-05-16 15:01:40,831 Epoch 65 	 Loss 0.16423197581872837
2021-05-16 15:02:51,561 Epoch 66 	 Loss 0.16200817482812063
2021-05-16 15:04:03,427 Epoch 67 	 Loss 0.1648717802631986
2021-05-16 15:05:15,644 Epoch 68 	 Loss 0.16114064093147004
2021-05-16 15:06:27,660 Epoch 69 	 Loss 0.1612551700282883
2021-05-16 15:07:37,715 Epoch 70 	 Loss 0.1617859320326166
2021-05-16 15:08:47,701 Epoch 71 	 Loss 0.15671435375135023
2021-05-16 15:09:57,695 Epoch 72 	 Loss 0.15802387844075214
2021-05-16 15:11:07,718 Epoch 73 	 Loss 0.15807277439059791
2021-05-16 15:12:17,804 Epoch 74 	 Loss 0.15808857273269486
2021-05-16 15:13:27,731 Epoch 75 	 Loss 0.15737510529848245
2021-05-16 15:14:37,693 Epoch 76 	 Loss 0.1537633314728737
2021-05-16 15:15:47,698 Epoch 77 	 Loss 0.15587497690876762
2021-05-16 15:16:57,691 Epoch 78 	 Loss 0.15487944170996382
2021-05-16 15:18:07,902 Epoch 79 	 Loss 0.15295317752675697
2021-05-16 15:19:17,857 Epoch 80 	 Loss 0.15497121722488613
2021-05-16 15:20:29,133 Epoch 81 	 Loss 0.15501702707874906
2021-05-16 15:21:40,424 Epoch 82 	 Loss 0.1520372728233809
2021-05-16 15:22:51,200 Epoch 83 	 Loss 0.15405141987970897
2021-05-16 15:24:02,618 Epoch 84 	 Loss 0.1523550706250327
2021-05-16 15:25:14,163 Epoch 85 	 Loss 0.15293489945131344
2021-05-16 15:26:25,131 Epoch 86 	 Loss 0.15127320890570736
2021-05-16 15:27:36,026 Epoch 87 	 Loss 0.14986618346237873
2021-05-16 15:28:47,762 Epoch 88 	 Loss 0.15223777228659327
2021-05-16 15:29:58,888 Epoch 89 	 Loss 0.1506461840900746
2021-05-16 15:31:09,330 Epoch 90 	 Loss 0.1514632592161933
2021-05-16 15:32:21,106 Epoch 91 	 Loss 0.14804397760839252
2021-05-16 15:33:32,372 Epoch 92 	 Loss 0.14924795991116827
2021-05-16 15:34:44,929 Epoch 93 	 Loss 0.1498295716368235
2021-05-16 15:35:59,266 Epoch 94 	 Loss 0.1535829124706132
2021-05-16 15:37:11,707 Epoch 95 	 Loss 0.14961696285140383
2021-05-16 15:38:24,853 Epoch 96 	 Loss 0.1501013880575096
2021-05-16 15:39:38,764 Epoch 97 	 Loss 0.14824171790054866
2021-05-16 15:40:52,747 Epoch 98 	 Loss 0.15104999516036485
2021-05-16 15:42:07,575 Epoch 99 	 Loss 0.14981544664600394
2021-05-16 15:42:29,230 RESULT FOR DATASET CVC-300

2021-05-16 15:42:29,230 ==============================
2021-05-16 15:42:29,231 

2021-05-16 15:42:29,231 recall: 0.9546493719021479

2021-05-16 15:42:29,231 specificity: 0.9890721559524536

2021-05-16 15:42:29,231 precision: 0.8295719392597676

2021-05-16 15:42:29,231 F1: 0.8604018787542979

2021-05-16 15:42:29,231 F2: 0.8909485970934232

2021-05-16 15:42:29,231 ACC_overall: 0.9877311835686365

2021-05-16 15:42:29,231 IoU_poly: 0.7988202149669329

2021-05-16 15:42:29,231 IoU_bg: 0.9874589184919993

2021-05-16 15:42:29,231 IoU_mean: 0.8931395649909973

2021-05-16 15:42:29,231 ==============================
2021-05-16 15:42:29,231 

2021-05-16 15:42:45,635 RESULT FOR DATASET CVC-ClinicDB

2021-05-16 15:42:45,635 ==============================
2021-05-16 15:42:45,635 

2021-05-16 15:42:45,635 recall: 0.9479748606681824

2021-05-16 15:42:45,635 specificity: 0.9944471514994099

2021-05-16 15:42:45,635 precision: 0.9126913819101549

2021-05-16 15:42:45,635 F1: 0.9171573839360668

2021-05-16 15:42:45,636 F2: 0.9255480088533894

2021-05-16 15:42:45,636 ACC_overall: 0.989788971600994

2021-05-16 15:42:45,636 IoU_poly: 0.8680726769230058

2021-05-16 15:42:45,636 IoU_bg: 0.987825253317433

2021-05-16 15:42:45,636 IoU_mean: 0.9279489613348438

2021-05-16 15:42:45,636 ==============================
2021-05-16 15:42:45,636 

2021-05-16 15:43:16,856 RESULT FOR DATASET Kvasir

2021-05-16 15:43:16,856 ==============================
2021-05-16 15:43:16,856 

2021-05-16 15:43:16,856 recall: 0.9069798868894577

2021-05-16 15:43:16,856 specificity: 0.9899862921237945

2021-05-16 15:43:16,856 precision: 0.9387927918881178

2021-05-16 15:43:16,856 F1: 0.910603910535574

2021-05-16 15:43:16,856 F2: 0.9045493845641613

2021-05-16 15:43:16,856 ACC_overall: 0.9730978435277939

2021-05-16 15:43:16,856 IoU_poly: 0.8583020330220461

2021-05-16 15:43:16,856 IoU_bg: 0.9657307374477386

2021-05-16 15:43:16,856 IoU_mean: 0.9120163860917091

2021-05-16 15:43:16,856 ==============================
2021-05-16 15:43:16,856 

2021-05-16 15:45:15,107 RESULT FOR DATASET CVC-ColonDB

2021-05-16 15:45:15,107 ==============================
2021-05-16 15:45:15,107 

2021-05-16 15:45:15,107 recall: 0.7932652055522436

2021-05-16 15:45:15,107 specificity: 0.986577213594788

2021-05-16 15:45:15,107 precision: 0.8061066801462259

2021-05-16 15:45:15,107 F1: 0.7584859985344912

2021-05-16 15:45:15,107 F2: 0.7631391573930207

2021-05-16 15:45:15,107 ACC_overall: 0.9613386913349754

2021-05-16 15:45:15,107 IoU_poly: 0.6804212712004325

2021-05-16 15:45:15,107 IoU_bg: 0.9577824255353526

2021-05-16 15:45:15,107 IoU_mean: 0.8191018486493512

2021-05-16 15:45:15,107 ==============================
2021-05-16 15:45:15,107 

2021-05-16 15:46:40,242 RESULT FOR DATASET ETIS-LaribPolypDB

2021-05-16 15:46:40,243 ==============================
2021-05-16 15:46:40,243 

2021-05-16 15:46:40,243 recall: 0.8596214565149314

2021-05-16 15:46:40,243 specificity: 0.983572705667846

2021-05-16 15:46:40,243 precision: 0.7058400555889578

2021-05-16 15:46:40,243 F1: 0.7433448094487788

2021-05-16 15:46:40,243 F2: 0.7933179710827359

2021-05-16 15:46:40,243 ACC_overall: 0.9815177658990938

2021-05-16 15:46:40,243 IoU_poly: 0.6615878661225173

2021-05-16 15:46:40,243 IoU_bg: 0.9807398833182394

2021-05-16 15:46:40,243 IoU_mean: 0.8211638746517045

2021-05-16 15:46:40,243 ==============================
2021-05-16 15:46:40,243 

