2021-05-16 11:40:31,596 Epoch 0 	 Loss 0.6979400358357273
2021-05-16 11:41:40,480 Epoch 1 	 Loss 0.48024840767566973
2021-05-16 11:42:49,347 Epoch 2 	 Loss 0.42542604561690445
2021-05-16 11:43:58,238 Epoch 3 	 Loss 0.3947863248023358
2021-05-16 11:45:07,242 Epoch 4 	 Loss 0.37391558305902795
2021-05-16 11:46:16,197 Epoch 5 	 Loss 0.3644077003329665
2021-05-16 11:47:25,318 Epoch 6 	 Loss 0.3374789784570317
2021-05-16 11:48:34,574 Epoch 7 	 Loss 0.3219453610561706
2021-05-16 11:49:43,747 Epoch 8 	 Loss 0.31247879843135457
2021-05-16 11:50:52,799 Epoch 9 	 Loss 0.30801350549682155
2021-05-16 11:52:01,777 Epoch 10 	 Loss 0.30925654071372943
2021-05-16 11:53:10,842 Epoch 11 	 Loss 0.3024972524944243
2021-05-16 11:54:19,917 Epoch 12 	 Loss 0.29204157862689467
2021-05-16 11:55:29,132 Epoch 13 	 Loss 0.29617893401083056
2021-05-16 11:56:38,108 Epoch 14 	 Loss 0.2788699298769563
2021-05-16 11:57:47,183 Epoch 15 	 Loss 0.2780257962889724
2021-05-16 11:58:56,376 Epoch 16 	 Loss 0.2682744557713414
2021-05-16 12:00:05,436 Epoch 17 	 Loss 0.2627137663600209
2021-05-16 12:01:14,618 Epoch 18 	 Loss 0.25580495448557883
2021-05-16 12:02:23,919 Epoch 19 	 Loss 0.2578189286229375
2021-05-16 12:03:33,124 Epoch 20 	 Loss 0.24632234019892557
2021-05-16 12:04:42,347 Epoch 21 	 Loss 0.24816698016046168
2021-05-16 12:05:51,731 Epoch 22 	 Loss 0.2553471777137819
2021-05-16 12:07:00,903 Epoch 23 	 Loss 0.24895061667148882
2021-05-16 12:08:10,058 Epoch 24 	 Loss 0.23707014944527174
2021-05-16 12:09:19,244 Epoch 25 	 Loss 0.23600665504460808
2021-05-16 12:10:28,372 Epoch 26 	 Loss 0.23589590666713295
2021-05-16 12:11:37,550 Epoch 27 	 Loss 0.23561976751783392
2021-05-16 12:12:46,742 Epoch 28 	 Loss 0.22144731469861753
2021-05-16 12:13:56,005 Epoch 29 	 Loss 0.2175746404535168
2021-05-16 12:15:05,168 Epoch 30 	 Loss 0.22695300785394815
2021-05-16 12:16:14,273 Epoch 31 	 Loss 0.23549377983743017
2021-05-16 12:17:23,506 Epoch 32 	 Loss 0.21975749403565795
2021-05-16 12:18:32,956 Epoch 33 	 Loss 0.22233264983355344
2021-05-16 12:19:42,210 Epoch 34 	 Loss 0.21256018372682425
2021-05-16 12:20:51,284 Epoch 35 	 Loss 0.21280573455841986
2021-05-16 12:22:00,388 Epoch 36 	 Loss 0.21640352397174625
2021-05-16 12:23:09,417 Epoch 37 	 Loss 0.21208961799249545
2021-05-16 12:24:18,520 Epoch 38 	 Loss 0.21457024770123617
2021-05-16 12:25:27,680 Epoch 39 	 Loss 0.20737967353600723
2021-05-16 12:26:36,729 Epoch 40 	 Loss 0.2101480728322333
2021-05-16 12:27:45,873 Epoch 41 	 Loss 0.19676768485006396
2021-05-16 12:28:55,094 Epoch 42 	 Loss 0.20028750451056512
2021-05-16 12:30:04,362 Epoch 43 	 Loss 0.20113059419852036
2021-05-16 12:31:13,384 Epoch 44 	 Loss 0.19983439655094357
2021-05-16 12:32:22,590 Epoch 45 	 Loss 0.19345123230755984
2021-05-16 12:33:31,756 Epoch 46 	 Loss 0.187974098947022
2021-05-16 12:34:40,990 Epoch 47 	 Loss 0.18922005610151604
2021-05-16 12:35:50,054 Epoch 48 	 Loss 0.18952566123270725
2021-05-16 12:36:59,118 Epoch 49 	 Loss 0.18379217271621412
2021-05-16 12:38:08,288 Epoch 50 	 Loss 0.18525186705065297
2021-05-16 12:39:17,316 Epoch 51 	 Loss 0.18936725517550668
2021-05-16 12:40:26,388 Epoch 52 	 Loss 0.18690806512649244
2021-05-16 12:41:35,411 Epoch 53 	 Loss 0.1789585586105074
2021-05-16 12:42:44,691 Epoch 54 	 Loss 0.1885059818134203
2021-05-16 12:43:53,832 Epoch 55 	 Loss 0.17758661524935082
2021-05-16 12:45:03,021 Epoch 56 	 Loss 0.17592916449347695
2021-05-16 12:46:12,235 Epoch 57 	 Loss 0.17573959617824345
2021-05-16 12:47:22,623 Epoch 58 	 Loss 0.1756863222344891
2021-05-16 12:48:33,924 Epoch 59 	 Loss 0.1730258127490243
2021-05-16 12:49:45,601 Epoch 60 	 Loss 0.1746055870265751
2021-05-16 12:50:57,563 Epoch 61 	 Loss 0.17164249153255107
2021-05-16 12:52:12,153 Epoch 62 	 Loss 0.16961475306159848
2021-05-16 12:53:26,276 Epoch 63 	 Loss 0.1702805615060932
2021-05-16 12:54:39,061 Epoch 64 	 Loss 0.16764717721022093
2021-05-16 12:55:50,473 Epoch 65 	 Loss 0.1653559679513449
2021-05-16 12:57:01,046 Epoch 66 	 Loss 0.16568546783138108
2021-05-16 12:58:10,985 Epoch 67 	 Loss 0.16296761065394014
2021-05-16 12:59:23,791 Epoch 68 	 Loss 0.16326044041376847
2021-05-16 13:00:37,995 Epoch 69 	 Loss 0.16135194553778723
2021-05-16 13:01:52,107 Epoch 70 	 Loss 0.16193707303686455
2021-05-16 13:03:05,966 Epoch 71 	 Loss 0.15718865934964066
2021-05-16 13:04:19,840 Epoch 72 	 Loss 0.15941733121871948
2021-05-16 13:05:33,160 Epoch 73 	 Loss 0.1588892813894775
2021-05-16 13:06:46,046 Epoch 74 	 Loss 0.15906308509491301
2021-05-16 13:07:59,151 Epoch 75 	 Loss 0.15772758014909513
2021-05-16 13:09:12,894 Epoch 76 	 Loss 0.1570464326785161
2021-05-16 13:10:26,621 Epoch 77 	 Loss 0.15559647109482314
2021-05-16 13:11:40,103 Epoch 78 	 Loss 0.15769166884186503
2021-05-16 13:12:54,027 Epoch 79 	 Loss 0.15360753352825457
2021-05-16 13:14:08,811 Epoch 80 	 Loss 0.15224955042639932
2021-05-16 13:15:21,693 Epoch 81 	 Loss 0.15194184161149538
2021-05-16 13:16:34,283 Epoch 82 	 Loss 0.15223991174946774
2021-05-16 13:17:48,155 Epoch 83 	 Loss 0.1532836683340125
2021-05-16 13:19:01,840 Epoch 84 	 Loss 0.15303663508250162
2021-05-16 13:20:15,763 Epoch 85 	 Loss 0.15133181091520811
2021-05-16 13:21:30,030 Epoch 86 	 Loss 0.1511965254014665
2021-05-16 13:22:44,288 Epoch 87 	 Loss 0.14955017682942714
2021-05-16 13:23:58,193 Epoch 88 	 Loss 0.1503246503544378
2021-05-16 13:25:12,322 Epoch 89 	 Loss 0.15141912557921566
2021-05-16 13:26:26,208 Epoch 90 	 Loss 0.14885499426624277
2021-05-16 13:27:40,216 Epoch 91 	 Loss 0.1491883207972233
2021-05-16 13:28:54,290 Epoch 92 	 Loss 0.15130751129690106
2021-05-16 13:30:08,446 Epoch 93 	 Loss 0.1504163954939161
2021-05-16 13:31:21,529 Epoch 94 	 Loss 0.14902088324447255
2021-05-16 13:32:34,825 Epoch 95 	 Loss 0.14811504525797708
2021-05-16 13:33:48,277 Epoch 96 	 Loss 0.15347832449517407
2021-05-16 13:35:01,602 Epoch 97 	 Loss 0.1528485709658036
2021-05-16 13:36:14,933 Epoch 98 	 Loss 0.14996139737930927
2021-05-16 13:37:28,691 Epoch 99 	 Loss 0.15044880158953614
2021-05-16 13:37:50,004 RESULT FOR DATASET CVC-300

2021-05-16 13:37:50,004 ==============================
2021-05-16 13:37:50,005 

2021-05-16 13:37:50,005 recall: 0.9635988752047221

2021-05-16 13:37:50,005 specificity: 0.9861194978157679

2021-05-16 13:37:50,005 precision: 0.815356221422553

2021-05-16 13:37:50,005 F1: 0.851884106422464

2021-05-16 13:37:50,005 F2: 0.8897017419338227

2021-05-16 13:37:50,005 ACC_overall: 0.9852573762337367

2021-05-16 13:37:50,005 IoU_poly: 0.7892032393564781

2021-05-16 13:37:50,005 IoU_bg: 0.9848639945189158

2021-05-16 13:37:50,005 IoU_mean: 0.8870336160063743

2021-05-16 13:37:50,005 ==============================
2021-05-16 13:37:50,005 

2021-05-16 13:38:05,957 RESULT FOR DATASET CVC-ClinicDB

2021-05-16 13:38:05,957 ==============================
2021-05-16 13:38:05,958 

2021-05-16 13:38:05,958 recall: 0.954668358449013

2021-05-16 13:38:05,958 specificity: 0.9951419157366599

2021-05-16 13:38:05,958 precision: 0.9307770976616491

2021-05-16 13:38:05,958 F1: 0.9365567968737695

2021-05-16 13:38:05,958 F2: 0.9435459519586256

2021-05-16 13:38:05,958 ACC_overall: 0.9931838983489621

2021-05-16 13:38:05,958 IoU_poly: 0.8907476031491833

2021-05-16 13:38:05,958 IoU_bg: 0.9919762899798732

2021-05-16 13:38:05,958 IoU_mean: 0.9413619474057229

2021-05-16 13:38:05,958 ==============================
2021-05-16 13:38:05,958 

2021-05-16 13:38:37,091 RESULT FOR DATASET Kvasir

2021-05-16 13:38:37,091 ==============================
2021-05-16 13:38:37,092 

2021-05-16 13:38:37,092 recall: 0.9038198502361774

2021-05-16 13:38:37,092 specificity: 0.991092420220375

2021-05-16 13:38:37,092 precision: 0.9404385222494602

2021-05-16 13:38:37,092 F1: 0.9121936650574207

2021-05-16 13:38:37,092 F2: 0.9059589925408363

2021-05-16 13:38:37,092 ACC_overall: 0.9754968148469925

2021-05-16 13:38:37,092 IoU_poly: 0.8625389689207077

2021-05-16 13:38:37,092 IoU_bg: 0.9684668216109276

2021-05-16 13:38:37,092 IoU_mean: 0.9155028936266899

2021-05-16 13:38:37,092 ==============================
2021-05-16 13:38:37,092 

2021-05-16 13:40:36,174 RESULT FOR DATASET CVC-ColonDB

2021-05-16 13:40:36,174 ==============================
2021-05-16 13:40:36,174 

2021-05-16 13:40:36,174 recall: 0.8099268769502582

2021-05-16 13:40:36,174 specificity: 0.9823023606287805

2021-05-16 13:40:36,174 precision: 0.7906585838175536

2021-05-16 13:40:36,175 F1: 0.7597221230099566

2021-05-16 13:40:36,175 F2: 0.7707097440128277

2021-05-16 13:40:36,175 ACC_overall: 0.9602430614985917

2021-05-16 13:40:36,175 IoU_poly: 0.6809940142586799

2021-05-16 13:40:36,175 IoU_bg: 0.9564456803234

2021-05-16 13:40:36,175 IoU_mean: 0.8187198471866156

2021-05-16 13:40:36,175 ==============================
2021-05-16 13:40:36,175 

2021-05-16 13:42:05,799 RESULT FOR DATASET ETIS-LaribPolypDB

2021-05-16 13:42:05,799 ==============================
2021-05-16 13:42:05,799 

2021-05-16 13:42:05,799 recall: 0.8459422148899852

2021-05-16 13:42:05,799 specificity: 0.9881709731963216

2021-05-16 13:42:05,799 precision: 0.7515975968196509

2021-05-16 13:42:05,799 F1: 0.7721661122075194

2021-05-16 13:42:05,799 F2: 0.8066127100864554

2021-05-16 13:42:05,799 ACC_overall: 0.9854092111392897

2021-05-16 13:42:05,799 IoU_poly: 0.6931473450392021

2021-05-16 13:42:05,799 IoU_bg: 0.9847744612061248

2021-05-16 13:42:05,799 IoU_mean: 0.8389609039438014

2021-05-16 13:42:05,799 ==============================
2021-05-16 13:42:05,799 

