2021-04-27 03:38:28,494 RESULT FOR DATASET CVC-300

2021-04-27 03:38:28,494 ==============================
2021-04-27 03:38:28,494 

2021-04-27 03:38:28,494 recall: 0.9600154091914495

2021-04-27 03:38:28,494 specificity: 0.9903360038995743

2021-04-27 03:38:28,494 precision: 0.8050634467353424

2021-04-27 03:38:28,494 F1: 0.8547891331215699

2021-04-27 03:38:28,494 F2: 0.9000870525836945

2021-04-27 03:38:28,495 ACC_overall: 0.9892758399248123

2021-04-27 03:38:28,495 IoU_poly: 0.7795207064598799

2021-04-27 03:38:28,495 IoU_bg: 0.9889462858438491

2021-04-27 03:38:28,495 IoU_mean: 0.8842334945996603

2021-04-27 03:38:28,495 ==============================
2021-04-27 03:38:28,495 

2021-04-27 03:38:43,965 RESULT FOR DATASET CVC-ClinicDB

2021-04-27 03:38:43,965 ==============================
2021-04-27 03:38:43,965 

2021-04-27 03:38:43,965 recall: 0.9403569969018141

2021-04-27 03:38:43,966 specificity: 0.9936316244063839

2021-04-27 03:38:43,966 precision: 0.8965103181770011

2021-04-27 03:38:43,966 F1: 0.9110990721758665

2021-04-27 03:38:43,966 F2: 0.9252086172571345

2021-04-27 03:38:43,966 ACC_overall: 0.9912487066561176

2021-04-27 03:38:43,966 IoU_poly: 0.8603515264553754

2021-04-27 03:38:43,966 IoU_bg: 0.9900061988061474

2021-04-27 03:38:43,966 IoU_mean: 0.9251788657519125

2021-04-27 03:38:43,966 ==============================
2021-04-27 03:38:43,966 

2021-04-27 03:39:13,527 RESULT FOR DATASET Kvasir

2021-04-27 03:39:13,527 ==============================
2021-04-27 03:39:13,528 

2021-04-27 03:39:13,528 recall: 0.8933825635910034

2021-04-27 03:39:13,528 specificity: 0.9910611081123352

2021-04-27 03:39:13,528 precision: 0.9441278579831124

2021-04-27 03:39:13,528 F1: 0.9055908718705177

2021-04-27 03:39:13,528 F2: 0.8957895982265472

2021-04-27 03:39:13,528 ACC_overall: 0.9707626712322235

2021-04-27 03:39:13,528 IoU_poly: 0.8501149266958237

2021-04-27 03:39:13,528 IoU_bg: 0.963220186829567

2021-04-27 03:39:13,528 IoU_mean: 0.9066675573587417

2021-04-27 03:39:13,528 ==============================
2021-04-27 03:39:13,528 

2021-04-27 03:41:09,913 RESULT FOR DATASET CVC-ColonDB

2021-04-27 03:41:09,913 ==============================
2021-04-27 03:41:09,913 

2021-04-27 03:41:09,913 recall: 0.7884904107983415

2021-04-27 03:41:09,913 specificity: 0.9903817639539116

2021-04-27 03:41:09,913 precision: 0.82628264186954

2021-04-27 03:41:09,913 F1: 0.7423186664552831

2021-04-27 03:41:09,913 F2: 0.7580634937509271

2021-04-27 03:41:09,913 ACC_overall: 0.9641833499858253

2021-04-27 03:41:09,913 IoU_poly: 0.6736103699880591

2021-04-27 03:41:09,913 IoU_bg: 0.9622628491175802

2021-04-27 03:41:09,913 IoU_mean: 0.8179366079600234

2021-04-27 03:41:09,913 ==============================
2021-04-27 03:41:09,914 

2021-04-27 03:42:31,306 RESULT FOR DATASET ETIS-LaribPolypDB

2021-04-27 03:42:31,306 ==============================
2021-04-27 03:42:31,306 

2021-04-27 03:42:31,306 recall: 0.8336487316551864

2021-04-27 03:42:31,306 specificity: 0.9887133505271406

2021-04-27 03:42:31,306 precision: 0.7662983658284034

2021-04-27 03:42:31,306 F1: 0.7486730098694259

2021-04-27 03:42:31,306 F2: 0.7871290402259844

2021-04-27 03:42:31,306 ACC_overall: 0.9862886989603237

2021-04-27 03:42:31,306 IoU_poly: 0.6736997696025449

2021-04-27 03:42:31,306 IoU_bg: 0.9856044403752502

2021-04-27 03:42:31,306 IoU_mean: 0.8296521065794692

2021-04-27 03:42:31,306 ==============================
2021-04-27 03:42:31,306 

