2021-05-16 15:51:23,311 RESULT FOR DATASET CVC-300

2021-05-16 15:51:23,311 ==============================
2021-05-16 15:51:23,311 

2021-05-16 15:51:23,311 recall: 0.9530995517969132

2021-05-16 15:51:23,311 specificity: 0.9932095259428024

2021-05-16 15:51:23,311 precision: 0.8503133715440829

2021-05-16 15:51:23,311 F1: 0.8805937454104423

2021-05-16 15:51:23,312 F2: 0.9094290415445964

2021-05-16 15:51:23,312 ACC_overall: 0.9918795615434647

2021-05-16 15:51:23,312 IoU_poly: 0.8151012296477954

2021-05-16 15:51:23,312 IoU_bg: 0.9916433115800222

2021-05-16 15:51:23,312 IoU_mean: 0.9033722668886185

2021-05-16 15:51:23,312 ==============================
2021-05-16 15:51:23,312 

2021-05-16 15:51:38,543 RESULT FOR DATASET CVC-ClinicDB

2021-05-16 15:51:38,544 ==============================
2021-05-16 15:51:38,544 

2021-05-16 15:51:38,544 recall: 0.9364134832735984

2021-05-16 15:51:38,544 specificity: 0.9939483346477631

2021-05-16 15:51:38,544 precision: 0.9132260647752592

2021-05-16 15:51:38,544 F1: 0.9118720547806832

2021-05-16 15:51:38,544 F2: 0.9173602110916569

2021-05-16 15:51:38,544 ACC_overall: 0.9875683736416602

2021-05-16 15:51:38,544 IoU_poly: 0.8607089983960313

2021-05-16 15:51:38,544 IoU_bg: 0.985665992383034

2021-05-16 15:51:38,544 IoU_mean: 0.9231874957200019

2021-05-16 15:51:38,544 ==============================
2021-05-16 15:51:38,544 

2021-05-16 15:52:08,016 RESULT FOR DATASET Kvasir

2021-05-16 15:52:08,016 ==============================
2021-05-16 15:52:08,016 

2021-05-16 15:52:08,017 recall: 0.8966361035406589

2021-05-16 15:52:08,017 specificity: 0.9881516695022583

2021-05-16 15:52:08,017 precision: 0.9270116859674453

2021-05-16 15:52:08,017 F1: 0.8965633520483971

2021-05-16 15:52:08,017 F2: 0.893295730650425

2021-05-16 15:52:08,017 ACC_overall: 0.9693988591432572

2021-05-16 15:52:08,017 IoU_poly: 0.8385775244235992

2021-05-16 15:52:08,017 IoU_bg: 0.9616696664690971

2021-05-16 15:52:08,017 IoU_mean: 0.9001235961914062

2021-05-16 15:52:08,017 ==============================
2021-05-16 15:52:08,017 

2021-05-16 15:54:00,686 RESULT FOR DATASET CVC-ColonDB

2021-05-16 15:54:00,686 ==============================
2021-05-16 15:54:00,686 

2021-05-16 15:54:00,686 recall: 0.8164120525403106

2021-05-16 15:54:00,687 specificity: 0.9852078972678435

2021-05-16 15:54:00,687 precision: 0.805631804616015

2021-05-16 15:54:00,687 F1: 0.774453675423846

2021-05-16 15:54:00,687 F2: 0.7851909391927333

2021-05-16 15:54:00,687 ACC_overall: 0.9608196289131515

2021-05-16 15:54:00,687 IoU_poly: 0.6957424322621424

2021-05-16 15:54:00,687 IoU_bg: 0.9577402350933928

2021-05-16 15:54:00,687 IoU_mean: 0.8267413330705542

2021-05-16 15:54:00,687 ==============================
2021-05-16 15:54:00,687 

2021-05-16 15:55:22,793 RESULT FOR DATASET ETIS-LaribPolypDB

2021-05-16 15:55:22,793 ==============================
2021-05-16 15:55:22,793 

2021-05-16 15:55:22,793 recall: 0.8073803137921255

2021-05-16 15:55:22,793 specificity: 0.9845875900010673

2021-05-16 15:55:22,793 precision: 0.730023960370292

2021-05-16 15:55:22,793 F1: 0.7296001635118371

2021-05-16 15:55:22,793 F2: 0.7654292241791804

2021-05-16 15:55:22,793 ACC_overall: 0.9815775955818138

2021-05-16 15:55:22,793 IoU_poly: 0.6538154619015122

2021-05-16 15:55:22,793 IoU_bg: 0.9805915300943413

2021-05-16 15:55:22,793 IoU_mean: 0.8172034970959838

2021-05-16 15:55:22,793 ==============================
2021-05-16 15:55:22,794 

