2021-05-16 15:47:02,768 RESULT FOR DATASET CVC-300

2021-05-16 15:47:02,768 ==============================
2021-05-16 15:47:02,768 

2021-05-16 15:47:02,768 recall: 0.9456595261891683

2021-05-16 15:47:02,768 specificity: 0.994768081108729

2021-05-16 15:47:02,768 precision: 0.8543060574680567

2021-05-16 15:47:02,768 F1: 0.8823921471834183

2021-05-16 15:47:02,768 F2: 0.9100431238611539

2021-05-16 15:47:02,768 ACC_overall: 0.9927706182003021

2021-05-16 15:47:02,769 IoU_poly: 0.8121944689502318

2021-05-16 15:47:02,769 IoU_bg: 0.9924904336531957

2021-05-16 15:47:02,769 IoU_mean: 0.9023424486319224

2021-05-16 15:47:02,769 ==============================
2021-05-16 15:47:02,769 

2021-05-16 15:47:18,237 RESULT FOR DATASET CVC-ClinicDB

2021-05-16 15:47:18,237 ==============================
2021-05-16 15:47:18,237 

2021-05-16 15:47:18,237 recall: 0.9410871070238852

2021-05-16 15:47:18,238 specificity: 0.9923172718094241

2021-05-16 15:47:18,238 precision: 0.9020060219110981

2021-05-16 15:47:18,238 F1: 0.910999086835692

2021-05-16 15:47:18,238 F2: 0.922372767521489

2021-05-16 15:47:18,238 ACC_overall: 0.9867818413242218

2021-05-16 15:47:18,238 IoU_poly: 0.8569490188552488

2021-05-16 15:47:18,238 IoU_bg: 0.9845292616275049

2021-05-16 15:47:18,238 IoU_mean: 0.9207391383186463

2021-05-16 15:47:18,238 ==============================
2021-05-16 15:47:18,238 

2021-05-16 15:47:47,697 RESULT FOR DATASET Kvasir

2021-05-16 15:47:47,697 ==============================
2021-05-16 15:47:47,697 

2021-05-16 15:47:47,697 recall: 0.8965217288859276

2021-05-16 15:47:47,697 specificity: 0.988999896645546

2021-05-16 15:47:47,697 precision: 0.9295365466484873

2021-05-16 15:47:47,697 F1: 0.9037029629004246

2021-05-16 15:47:47,697 F2: 0.897788067144902

2021-05-16 15:47:47,697 ACC_overall: 0.9715510511398315

2021-05-16 15:47:47,697 IoU_poly: 0.8486433665029836

2021-05-16 15:47:47,697 IoU_bg: 0.9636571910977364

2021-05-16 15:47:47,698 IoU_mean: 0.9061502775549889

2021-05-16 15:47:47,698 ==============================
2021-05-16 15:47:47,698 

2021-05-16 15:49:39,631 RESULT FOR DATASET CVC-ColonDB

2021-05-16 15:49:39,631 ==============================
2021-05-16 15:49:39,631 

2021-05-16 15:49:39,631 recall: 0.7769954774668086

2021-05-16 15:49:39,631 specificity: 0.989293647753565

2021-05-16 15:49:39,631 precision: 0.8030276245603282

2021-05-16 15:49:39,631 F1: 0.7475394908484687

2021-05-16 15:49:39,631 F2: 0.7556756275690867

2021-05-16 15:49:39,631 ACC_overall: 0.9597555448350154

2021-05-16 15:49:39,631 IoU_poly: 0.6647565495093707

2021-05-16 15:49:39,631 IoU_bg: 0.95691244806114

2021-05-16 15:49:39,631 IoU_mean: 0.8108344976839267

2021-05-16 15:49:39,631 ==============================
2021-05-16 15:49:39,632 

2021-05-16 15:51:01,160 RESULT FOR DATASET ETIS-LaribPolypDB

2021-05-16 15:51:01,160 ==============================
2021-05-16 15:51:01,160 

2021-05-16 15:51:01,160 recall: 0.8458316151054718

2021-05-16 15:51:01,160 specificity: 0.9832479445909967

2021-05-16 15:51:01,160 precision: 0.6732746671607169

2021-05-16 15:51:01,161 F1: 0.7184296644354247

2021-05-16 15:51:01,161 F2: 0.7730805521791715

2021-05-16 15:51:01,161 ACC_overall: 0.9810520997461007

2021-05-16 15:51:01,161 IoU_poly: 0.6335003191567309

2021-05-16 15:51:01,161 IoU_bg: 0.9800891988739675

2021-05-16 15:51:01,161 IoU_mean: 0.8067947586580199

2021-05-16 15:51:01,161 ==============================
2021-05-16 15:51:01,161 

