2021-05-16 15:55:45,973 RESULT FOR DATASET CVC-300

2021-05-16 15:55:45,973 ==============================
2021-05-16 15:55:45,973 

2021-05-16 15:55:45,973 recall: 0.9475999842087428

2021-05-16 15:55:45,973 specificity: 0.9926566114028295

2021-05-16 15:55:45,973 precision: 0.8489655145133536

2021-05-16 15:55:45,973 F1: 0.8746797875811656

2021-05-16 15:55:45,973 F2: 0.9006745589276155

2021-05-16 15:55:45,973 ACC_overall: 0.9908327500025431

2021-05-16 15:55:45,973 IoU_poly: 0.8094568756098549

2021-05-16 15:55:45,973 IoU_bg: 0.9905608852704366

2021-05-16 15:55:45,973 IoU_mean: 0.9000088820854822

2021-05-16 15:55:45,973 ==============================
2021-05-16 15:55:45,973 

2021-05-16 15:56:01,530 RESULT FOR DATASET CVC-ClinicDB

2021-05-16 15:56:01,530 ==============================
2021-05-16 15:56:01,530 

2021-05-16 15:56:01,530 recall: 0.9389579714305939

2021-05-16 15:56:01,531 specificity: 0.9936241171052379

2021-05-16 15:56:01,531 precision: 0.9066416730563487

2021-05-16 15:56:01,531 F1: 0.9097107395289405

2021-05-16 15:56:01,531 F2: 0.9193134113184868

2021-05-16 15:56:01,531 ACC_overall: 0.9891245144028817

2021-05-16 15:56:01,531 IoU_poly: 0.8586647055682636

2021-05-16 15:56:01,531 IoU_bg: 0.9870069007719716

2021-05-16 15:56:01,531 IoU_mean: 0.9228358023589657

2021-05-16 15:56:01,531 ==============================
2021-05-16 15:56:01,531 

2021-05-16 15:56:31,158 RESULT FOR DATASET Kvasir

2021-05-16 15:56:31,158 ==============================
2021-05-16 15:56:31,158 

2021-05-16 15:56:31,158 recall: 0.9049599451847462

2021-05-16 15:56:31,159 specificity: 0.9877102100849151

2021-05-16 15:56:31,159 precision: 0.9344058960814983

2021-05-16 15:56:31,159 F1: 0.9101383893282855

2021-05-16 15:56:31,159 F2: 0.9052880284611274

2021-05-16 15:56:31,159 ACC_overall: 0.974077650308609

2021-05-16 15:56:31,159 IoU_poly: 0.8571837329170102

2021-05-16 15:56:31,159 IoU_bg: 0.9666074192523957

2021-05-16 15:56:31,159 IoU_mean: 0.9118955790996551

2021-05-16 15:56:31,159 ==============================
2021-05-16 15:56:31,159 

2021-05-16 15:58:23,697 RESULT FOR DATASET CVC-ColonDB

2021-05-16 15:58:23,697 ==============================
2021-05-16 15:58:23,697 

2021-05-16 15:58:23,697 recall: 0.8287991581394253

2021-05-16 15:58:23,697 specificity: 0.9817583485653526

2021-05-16 15:58:23,698 precision: 0.7792830675803424

2021-05-16 15:58:23,698 F1: 0.7624584094844498

2021-05-16 15:58:23,698 F2: 0.7806665171243893

2021-05-16 15:58:23,698 ACC_overall: 0.9586046261222739

2021-05-16 15:58:23,698 IoU_poly: 0.6800035784212062

2021-05-16 15:58:23,698 IoU_bg: 0.9549434367763369

2021-05-16 15:58:23,698 IoU_mean: 0.8174735089665965

2021-05-16 15:58:23,698 ==============================
2021-05-16 15:58:23,698 

2021-05-16 15:59:45,613 RESULT FOR DATASET ETIS-LaribPolypDB

2021-05-16 15:59:45,613 ==============================
2021-05-16 15:59:45,613 

2021-05-16 15:59:45,613 recall: 0.8491761806302636

2021-05-16 15:59:45,613 specificity: 0.98124226228315

2021-05-16 15:59:45,613 precision: 0.7176134972618554

2021-05-16 15:59:45,613 F1: 0.7464538580049511

2021-05-16 15:59:45,613 F2: 0.7929073685873029

2021-05-16 15:59:45,613 ACC_overall: 0.9792932360147943

2021-05-16 15:59:45,613 IoU_poly: 0.6616195903410541

2021-05-16 15:59:45,613 IoU_bg: 0.9782277099332031

2021-05-16 15:59:45,613 IoU_mean: 0.819923650853488

2021-05-16 15:59:45,613 ==============================
2021-05-16 15:59:45,613 

