2021-05-14 15:39:26,050 Epoch 0 	 Loss 1.0405120902009062
2021-05-14 15:39:56,934 Epoch 1 	 Loss 0.735652832539527
2021-05-14 15:40:28,235 Epoch 2 	 Loss 0.5929640393990737
2021-05-14 15:40:59,192 Epoch 3 	 Loss 0.520941606589726
2021-05-14 15:41:30,434 Epoch 4 	 Loss 0.47038176623019545
2021-05-14 15:42:01,543 Epoch 5 	 Loss 0.4287065136563647
2021-05-14 15:42:32,742 Epoch 6 	 Loss 0.3925348399104653
2021-05-14 15:43:03,867 Epoch 7 	 Loss 0.3792282044887543
2021-05-14 15:43:34,955 Epoch 8 	 Loss 0.3446571039302008
2021-05-14 15:44:05,969 Epoch 9 	 Loss 0.34754424075503926
2021-05-14 15:44:37,178 Epoch 10 	 Loss 0.32982592382928827
2021-05-14 15:45:08,256 Epoch 11 	 Loss 0.3168188854233249
2021-05-14 15:45:39,415 Epoch 12 	 Loss 0.31682421627280477
2021-05-14 15:46:10,524 Epoch 13 	 Loss 0.30553096729320484
2021-05-14 15:46:41,729 Epoch 14 	 Loss 0.2975114172959066
2021-05-14 15:47:12,762 Epoch 15 	 Loss 0.2977536841408237
2021-05-14 15:47:43,945 Epoch 16 	 Loss 0.2910301141686492
2021-05-14 15:48:15,127 Epoch 17 	 Loss 0.28910424552121006
2021-05-14 15:48:46,235 Epoch 18 	 Loss 0.2817404158822783
2021-05-14 15:49:17,513 Epoch 19 	 Loss 0.2664601303391404
2021-05-14 15:49:48,633 Epoch 20 	 Loss 0.26812299414650426
2021-05-14 15:50:19,910 Epoch 21 	 Loss 0.26887098855369695
2021-05-14 15:50:50,977 Epoch 22 	 Loss 0.2635297866968008
2021-05-14 15:51:22,160 Epoch 23 	 Loss 0.24590864450066954
2021-05-14 15:51:53,323 Epoch 24 	 Loss 0.24557910335587932
2021-05-14 15:52:24,421 Epoch 25 	 Loss 0.25067725008005626
2021-05-14 15:52:55,470 Epoch 26 	 Loss 0.23940434380547032
2021-05-14 15:53:26,584 Epoch 27 	 Loss 0.23916092089244298
2021-05-14 15:53:57,703 Epoch 28 	 Loss 0.24472082365345169
2021-05-14 15:54:28,818 Epoch 29 	 Loss 0.238362186393895
2021-05-14 15:54:59,927 Epoch 30 	 Loss 0.23608351998276764
2021-05-14 15:55:31,088 Epoch 31 	 Loss 0.24243598226662522
2021-05-14 15:56:02,183 Epoch 32 	 Loss 0.2352281044145207
2021-05-14 15:56:33,244 Epoch 33 	 Loss 0.23444303133330502
2021-05-14 15:57:04,347 Epoch 34 	 Loss 0.22759597052584637
2021-05-14 15:57:35,532 Epoch 35 	 Loss 0.22643152534306704
2021-05-14 15:58:06,664 Epoch 36 	 Loss 0.23083660383145888
2021-05-14 15:58:37,854 Epoch 37 	 Loss 0.22822787506239756
2021-05-14 15:59:09,399 Epoch 38 	 Loss 0.2204856351836697
2021-05-14 15:59:40,790 Epoch 39 	 Loss 0.21825337704721387
2021-05-14 16:00:11,952 Epoch 40 	 Loss 0.21179982757830357
2021-05-14 16:00:43,040 Epoch 41 	 Loss 0.21167441383822932
2021-05-14 16:01:14,170 Epoch 42 	 Loss 0.21253844719011705
2021-05-14 16:01:45,420 Epoch 43 	 Loss 0.2096474806031028
2021-05-14 16:02:16,587 Epoch 44 	 Loss 0.21011179227095383
2021-05-14 16:02:47,675 Epoch 45 	 Loss 0.211482401405062
2021-05-14 16:03:18,826 Epoch 46 	 Loss 0.20447001860036954
2021-05-14 16:03:49,992 Epoch 47 	 Loss 0.20636661023229033
2021-05-14 16:04:21,143 Epoch 48 	 Loss 0.19734383628263577
2021-05-14 16:04:52,405 Epoch 49 	 Loss 0.1962756431037253
2021-05-14 16:05:23,487 Epoch 50 	 Loss 0.19216615567495535
2021-05-14 16:05:54,660 Epoch 51 	 Loss 0.19300509727263188
2021-05-14 16:06:25,749 Epoch 52 	 Loss 0.19184259480827456
2021-05-14 16:06:57,038 Epoch 53 	 Loss 0.1933648957983478
2021-05-14 16:07:28,120 Epoch 54 	 Loss 0.18904745873514112
2021-05-14 16:07:59,317 Epoch 55 	 Loss 0.19298975972028878
2021-05-14 16:08:30,418 Epoch 56 	 Loss 0.19112928686561165
2021-05-14 16:09:01,527 Epoch 57 	 Loss 0.18285387623441088
2021-05-14 16:09:32,661 Epoch 58 	 Loss 0.18396802000947052
2021-05-14 16:10:03,826 Epoch 59 	 Loss 0.18519957199856474
2021-05-14 16:10:34,931 Epoch 60 	 Loss 0.1879192882186764
2021-05-14 16:11:06,112 Epoch 61 	 Loss 0.18605988497262474
2021-05-14 16:11:37,195 Epoch 62 	 Loss 0.1829690907027695
2021-05-14 16:12:08,297 Epoch 63 	 Loss 0.18344562377903487
2021-05-14 16:12:39,370 Epoch 64 	 Loss 0.17654848737376078
2021-05-14 16:13:10,494 Epoch 65 	 Loss 0.17761918034527327
2021-05-14 16:13:41,641 Epoch 66 	 Loss 0.17298131395172286
2021-05-14 16:14:12,802 Epoch 67 	 Loss 0.1755780016000454
2021-05-14 16:14:43,995 Epoch 68 	 Loss 0.1745564742730214
2021-05-14 16:15:15,169 Epoch 69 	 Loss 0.17765941397174373
2021-05-14 16:15:46,209 Epoch 70 	 Loss 0.17269799015024206
2021-05-14 16:16:17,302 Epoch 71 	 Loss 0.17205180948252205
2021-05-14 16:16:48,333 Epoch 72 	 Loss 0.16987571169386853
2021-05-14 16:17:19,503 Epoch 73 	 Loss 0.17211585909455687
2021-05-14 16:17:50,595 Epoch 74 	 Loss 0.16879124693818146
2021-05-14 16:18:21,627 Epoch 75 	 Loss 0.1702307858964899
2021-05-14 16:18:52,731 Epoch 76 	 Loss 0.16972556571056555
2021-05-14 16:19:23,887 Epoch 77 	 Loss 0.1688951497877037
2021-05-14 16:19:54,959 Epoch 78 	 Loss 0.16848737476291237
2021-05-14 16:20:26,151 Epoch 79 	 Loss 0.16722471234235134
2021-05-14 16:20:57,184 Epoch 80 	 Loss 0.1653861607332806
2021-05-14 16:21:28,262 Epoch 81 	 Loss 0.165760501236706
2021-05-14 16:21:59,370 Epoch 82 	 Loss 0.16559259650798944
2021-05-14 16:22:30,412 Epoch 83 	 Loss 0.16833285725378727
2021-05-14 16:23:01,513 Epoch 84 	 Loss 0.16548511606978847
2021-05-14 16:23:32,808 Epoch 85 	 Loss 0.16278932726645207
2021-05-14 16:24:03,868 Epoch 86 	 Loss 0.1667437690954942
2021-05-14 16:24:35,122 Epoch 87 	 Loss 0.16467988572932862
2021-05-14 16:25:06,187 Epoch 88 	 Loss 0.1656233982725458
2021-05-14 16:25:37,453 Epoch 89 	 Loss 0.16606601630593396
2021-05-14 16:26:08,584 Epoch 90 	 Loss 0.16588319494174078
2021-05-14 16:26:39,816 Epoch 91 	 Loss 0.1664101944028676
2021-05-14 16:27:10,906 Epoch 92 	 Loss 0.16312066097180922
2021-05-14 16:27:42,109 Epoch 93 	 Loss 0.16191163200598496
2021-05-14 16:28:13,271 Epoch 94 	 Loss 0.164891691162036
2021-05-14 16:28:44,427 Epoch 95 	 Loss 0.16492831248503464
2021-05-14 16:29:15,579 Epoch 96 	 Loss 0.16603708758458988
2021-05-14 16:29:46,821 Epoch 97 	 Loss 0.16224256370748794
2021-05-14 16:30:17,868 Epoch 98 	 Loss 0.16580124911698665
2021-05-14 16:30:49,240 Epoch 99 	 Loss 0.16377373342658139
2021-05-14 16:31:08,764 RESULT FOR DATASET CVC-300

2021-05-14 16:31:08,765 ==============================
2021-05-14 16:31:08,765 

2021-05-14 16:31:08,765 recall: 0.9625848978757858

2021-05-14 16:31:08,765 specificity: 0.9914667507012686

2021-05-14 16:31:08,765 precision: 0.8320030028621356

2021-05-14 16:31:08,765 F1: 0.870536400626103

2021-05-14 16:31:08,765 F2: 0.9061929985880852

2021-05-14 16:31:08,765 ACC_overall: 0.9904805451631546

2021-05-14 16:31:08,765 IoU_poly: 0.8046516408522923

2021-05-14 16:31:08,765 IoU_bg: 0.9902111540238062

2021-05-14 16:31:08,765 IoU_mean: 0.8974313959479332

2021-05-14 16:31:08,765 ==============================
2021-05-14 16:31:08,765 

2021-05-14 16:31:24,016 RESULT FOR DATASET CVC-ClinicDB

2021-05-14 16:31:24,016 ==============================
2021-05-14 16:31:24,016 

2021-05-14 16:31:24,016 recall: 0.9616761159512305

2021-05-14 16:31:24,016 specificity: 0.9953812793377907

2021-05-14 16:31:24,016 precision: 0.912241690822186

2021-05-14 16:31:24,016 F1: 0.9290054551055354

2021-05-14 16:31:24,016 F2: 0.9442883739548344

2021-05-14 16:31:24,016 ACC_overall: 0.9931442285737684

2021-05-14 16:31:24,017 IoU_poly: 0.8805234362521479

2021-05-14 16:31:24,017 IoU_bg: 0.9918753783549031

2021-05-14 16:31:24,017 IoU_mean: 0.9361994083850614

2021-05-14 16:31:24,017 ==============================
2021-05-14 16:31:24,017 

2021-05-14 16:31:54,302 RESULT FOR DATASET Kvasir

2021-05-14 16:31:54,303 ==============================
2021-05-14 16:31:54,303 

2021-05-14 16:31:54,303 recall: 0.915717037320137

2021-05-14 16:31:54,303 specificity: 0.9906204283237457

2021-05-14 16:31:54,303 precision: 0.9299742482602597

2021-05-14 16:31:54,303 F1: 0.9128926596045495

2021-05-14 16:31:54,303 F2: 0.9115110805630684

2021-05-14 16:31:54,303 ACC_overall: 0.9759754174947739

2021-05-14 16:31:54,303 IoU_poly: 0.8597343800961972

2021-05-14 16:31:54,303 IoU_bg: 0.9687377476692199

2021-05-14 16:31:54,303 IoU_mean: 0.9142360639572144

2021-05-14 16:31:54,303 ==============================
2021-05-14 16:31:54,303 

2021-05-14 16:33:51,972 RESULT FOR DATASET CVC-ColonDB

2021-05-14 16:33:51,973 ==============================
2021-05-14 16:33:51,973 

2021-05-14 16:33:51,973 recall: 0.8108704534274598

2021-05-14 16:33:51,973 specificity: 0.9871135473251342

2021-05-14 16:33:51,973 precision: 0.8027354752893427

2021-05-14 16:33:51,973 F1: 0.7695560064049699

2021-05-14 16:33:51,973 F2: 0.7788460735875081

2021-05-14 16:33:51,973 ACC_overall: 0.9627885688292352

2021-05-14 16:33:51,973 IoU_poly: 0.6909311680817442

2021-05-14 16:33:51,973 IoU_bg: 0.9597886480783161

2021-05-14 16:33:51,973 IoU_mean: 0.8253599074326063

2021-05-14 16:33:51,973 ==============================
2021-05-14 16:33:51,973 

2021-05-14 16:35:16,123 RESULT FOR DATASET ETIS-LaribPolypDB

2021-05-14 16:35:16,123 ==============================
2021-05-14 16:35:16,123 

2021-05-14 16:35:16,123 recall: 0.8484127322463996

2021-05-14 16:35:16,123 specificity: 0.9849464415895696

2021-05-14 16:35:16,123 precision: 0.7054883902714817

2021-05-14 16:35:16,123 F1: 0.7482283749375302

2021-05-14 16:35:16,123 F2: 0.7936320991700866

2021-05-14 16:35:16,124 ACC_overall: 0.9825983007951659

2021-05-14 16:35:16,124 IoU_poly: 0.6663580434597393

2021-05-14 16:35:16,124 IoU_bg: 0.9817734610061256

2021-05-14 16:35:16,124 IoU_mean: 0.8240657532397582

2021-05-14 16:35:16,124 ==============================
2021-05-14 16:35:16,124 

