2021-05-14 17:33:00,765 Epoch 0 	 Loss 1.0030378024656694
2021-05-14 17:33:32,678 Epoch 1 	 Loss 0.71226712340837
2021-05-14 17:34:04,863 Epoch 2 	 Loss 0.5913725056491055
2021-05-14 17:34:37,118 Epoch 3 	 Loss 0.5089421639075646
2021-05-14 17:35:09,389 Epoch 4 	 Loss 0.44746405541241824
2021-05-14 17:35:42,609 Epoch 5 	 Loss 0.4124565153986543
2021-05-14 17:36:15,461 Epoch 6 	 Loss 0.3822206396322984
2021-05-14 17:36:47,794 Epoch 7 	 Loss 0.37572993419982575
2021-05-14 17:37:20,039 Epoch 8 	 Loss 0.35200188202517374
2021-05-14 17:37:52,271 Epoch 9 	 Loss 0.3508468325976487
2021-05-14 17:38:24,595 Epoch 10 	 Loss 0.33830272676525536
2021-05-14 17:38:56,834 Epoch 11 	 Loss 0.3286266656039835
2021-05-14 17:39:29,106 Epoch 12 	 Loss 0.3100351322810728
2021-05-14 17:40:01,518 Epoch 13 	 Loss 0.29748218465637377
2021-05-14 17:40:33,776 Epoch 14 	 Loss 0.295697957441047
2021-05-14 17:41:06,299 Epoch 15 	 Loss 0.29530845975482856
2021-05-14 17:41:39,159 Epoch 16 	 Loss 0.2945432910224894
2021-05-14 17:42:12,947 Epoch 17 	 Loss 0.2829397582745814
2021-05-14 17:42:46,580 Epoch 18 	 Loss 0.28180015201752
2021-05-14 17:43:19,537 Epoch 19 	 Loss 0.27642071083351805
2021-05-14 17:43:53,104 Epoch 20 	 Loss 0.27270672806016694
2021-05-14 17:44:26,029 Epoch 21 	 Loss 0.26351701951288914
2021-05-14 17:44:59,319 Epoch 22 	 Loss 0.25614132380092536
2021-05-14 17:45:33,553 Epoch 23 	 Loss 0.2733371773591408
2021-05-14 17:46:07,631 Epoch 24 	 Loss 0.2581865708906572
2021-05-14 17:46:41,663 Epoch 25 	 Loss 0.24807672186212226
2021-05-14 17:47:15,046 Epoch 26 	 Loss 0.2542494514158794
2021-05-14 17:47:49,438 Epoch 27 	 Loss 0.2513721336375226
2021-05-14 17:48:23,914 Epoch 28 	 Loss 0.24164576288107986
2021-05-14 17:48:58,125 Epoch 29 	 Loss 0.23886719673544496
2021-05-14 17:49:32,759 Epoch 30 	 Loss 0.23531562368293385
2021-05-14 17:50:07,235 Epoch 31 	 Loss 0.2321822348531786
2021-05-14 17:50:41,880 Epoch 32 	 Loss 0.2333824722976475
2021-05-14 17:51:16,510 Epoch 33 	 Loss 0.2283075980760239
2021-05-14 17:51:51,142 Epoch 34 	 Loss 0.2198331152999794
2021-05-14 17:52:25,729 Epoch 35 	 Loss 0.22607365447086292
2021-05-14 17:53:00,404 Epoch 36 	 Loss 0.22765552817465184
2021-05-14 17:53:34,472 Epoch 37 	 Loss 0.21771364880132152
2021-05-14 17:54:07,181 Epoch 38 	 Loss 0.22319027748736706
2021-05-14 17:54:39,912 Epoch 39 	 Loss 0.2094870700940981
2021-05-14 17:55:13,218 Epoch 40 	 Loss 0.21222495852590917
2021-05-14 17:55:46,858 Epoch 41 	 Loss 0.2155577199799674
2021-05-14 17:56:20,792 Epoch 42 	 Loss 0.21507885642759092
2021-05-14 17:56:53,867 Epoch 43 	 Loss 0.2080280934716319
2021-05-14 17:57:27,417 Epoch 44 	 Loss 0.2067730297426601
2021-05-14 17:58:01,046 Epoch 45 	 Loss 0.20023336891944593
2021-05-14 17:58:33,396 Epoch 46 	 Loss 0.20040429293454348
2021-05-14 17:59:06,092 Epoch 47 	 Loss 0.19491698846712216
2021-05-14 17:59:39,781 Epoch 48 	 Loss 0.20438705073608146
2021-05-14 18:00:12,393 Epoch 49 	 Loss 0.19403790264994233
2021-05-14 18:00:44,802 Epoch 50 	 Loss 0.19591441193779746
2021-05-14 18:01:17,663 Epoch 51 	 Loss 0.19899884783304655
2021-05-14 18:01:50,731 Epoch 52 	 Loss 0.19749580061697697
2021-05-14 18:02:23,948 Epoch 53 	 Loss 0.19201547971793584
2021-05-14 18:02:57,100 Epoch 54 	 Loss 0.19076745031954168
2021-05-14 18:03:30,417 Epoch 55 	 Loss 0.19020911952951453
2021-05-14 18:04:04,556 Epoch 56 	 Loss 0.18708879869062822
2021-05-14 18:04:37,551 Epoch 57 	 Loss 0.1879737057856151
2021-05-14 18:05:10,758 Epoch 58 	 Loss 0.18374765803525736
2021-05-14 18:05:43,549 Epoch 59 	 Loss 0.18453734540022337
2021-05-14 18:06:16,104 Epoch 60 	 Loss 0.1801668733030885
2021-05-14 18:06:48,730 Epoch 61 	 Loss 0.18188836597479308
2021-05-14 18:07:21,391 Epoch 62 	 Loss 0.18225184967229655
2021-05-14 18:07:54,536 Epoch 63 	 Loss 0.1791413752259789
2021-05-14 18:08:27,524 Epoch 64 	 Loss 0.17783925788743155
2021-05-14 18:09:02,200 Epoch 65 	 Loss 0.17651307566480323
2021-05-14 18:09:36,573 Epoch 66 	 Loss 0.17433533252595546
2021-05-14 18:10:10,064 Epoch 67 	 Loss 0.17330159558044686
2021-05-14 18:10:42,982 Epoch 68 	 Loss 0.17690035782672547
2021-05-14 18:11:15,881 Epoch 69 	 Loss 0.17305487099584643
2021-05-14 18:11:48,926 Epoch 70 	 Loss 0.1769342921919875
2021-05-14 18:12:22,438 Epoch 71 	 Loss 0.17473024121680103
2021-05-14 18:12:55,657 Epoch 72 	 Loss 0.17225233129747622
2021-05-14 18:13:28,332 Epoch 73 	 Loss 0.16957896718612084
2021-05-14 18:14:01,070 Epoch 74 	 Loss 0.17102465745839443
2021-05-14 18:14:34,081 Epoch 75 	 Loss 0.16829635333883894
2021-05-14 18:15:07,313 Epoch 76 	 Loss 0.1699297642642325
2021-05-14 18:15:40,836 Epoch 77 	 Loss 0.16546492483262176
2021-05-14 18:16:13,721 Epoch 78 	 Loss 0.17060623915640863
2021-05-14 18:16:46,947 Epoch 79 	 Loss 0.164798270378794
2021-05-14 18:17:19,811 Epoch 80 	 Loss 0.16506399918388534
2021-05-14 18:17:53,002 Epoch 81 	 Loss 0.1674200265289663
2021-05-14 18:18:27,231 Epoch 82 	 Loss 0.16490736931234926
2021-05-14 18:19:00,602 Epoch 83 	 Loss 0.1646266057268604
2021-05-14 18:19:33,868 Epoch 84 	 Loss 0.16255936460508094
2021-05-14 18:20:07,661 Epoch 85 	 Loss 0.16652095506151954
2021-05-14 18:20:41,522 Epoch 86 	 Loss 0.16141979936715012
2021-05-14 18:21:14,703 Epoch 87 	 Loss 0.16706820405446565
2021-05-14 18:21:48,349 Epoch 88 	 Loss 0.16606304769987587
2021-05-14 18:22:20,586 Epoch 89 	 Loss 0.15980541411336963
2021-05-14 18:22:52,777 Epoch 90 	 Loss 0.16095065079875046
2021-05-14 18:23:25,208 Epoch 91 	 Loss 0.16483013200890886
2021-05-14 18:23:57,577 Epoch 92 	 Loss 0.16496667495140663
2021-05-14 18:24:29,768 Epoch 93 	 Loss 0.1646803658414673
2021-05-14 18:25:02,083 Epoch 94 	 Loss 0.1624439293211633
2021-05-14 18:25:34,396 Epoch 95 	 Loss 0.16547982623943916
2021-05-14 18:26:06,741 Epoch 96 	 Loss 0.16350375222308294
2021-05-14 18:26:38,991 Epoch 97 	 Loss 0.1647516274517709
2021-05-14 18:27:11,228 Epoch 98 	 Loss 0.16013251818143404
2021-05-14 18:27:43,536 Epoch 99 	 Loss 0.16104804044896429
2021-05-14 18:28:03,065 RESULT FOR DATASET CVC-300

2021-05-14 18:28:03,065 ==============================
2021-05-14 18:28:03,065 

2021-05-14 18:28:03,065 recall: 0.9639090438683827

2021-05-14 18:28:03,065 specificity: 0.99074387550354

2021-05-14 18:28:03,065 precision: 0.8242942161858082

2021-05-14 18:28:03,065 F1: 0.8667259976267815

2021-05-14 18:28:03,065 F2: 0.9062749773263932

2021-05-14 18:28:03,065 ACC_overall: 0.9898461669683456

2021-05-14 18:28:03,065 IoU_poly: 0.7985673386603593

2021-05-14 18:28:03,065 IoU_bg: 0.989511814713478

2021-05-14 18:28:03,065 IoU_mean: 0.8940395757555961

2021-05-14 18:28:03,065 ==============================
2021-05-14 18:28:03,065 

2021-05-14 18:28:19,887 RESULT FOR DATASET CVC-ClinicDB

2021-05-14 18:28:19,887 ==============================
2021-05-14 18:28:19,887 

2021-05-14 18:28:19,887 recall: 0.9443949535489082

2021-05-14 18:28:19,887 specificity: 0.9949138904771497

2021-05-14 18:28:19,887 precision: 0.904110689797709

2021-05-14 18:28:19,887 F1: 0.9173410234432067

2021-05-14 18:28:19,887 F2: 0.9298706605069099

2021-05-14 18:28:19,887 ACC_overall: 0.992282590558452

2021-05-14 18:28:19,887 IoU_poly: 0.8676880199101663

2021-05-14 18:28:19,888 IoU_bg: 0.9908414435002112

2021-05-14 18:28:19,888 IoU_mean: 0.9292647329068953

2021-05-14 18:28:19,888 ==============================
2021-05-14 18:28:19,888 

2021-05-14 18:28:51,404 RESULT FOR DATASET Kvasir

2021-05-14 18:28:51,405 ==============================
2021-05-14 18:28:51,405 

2021-05-14 18:28:51,405 recall: 0.8986364631354808

2021-05-14 18:28:51,405 specificity: 0.9911076098680496

2021-05-14 18:28:51,405 precision: 0.9359337250888348

2021-05-14 18:28:51,405 F1: 0.9041361749172211

2021-05-14 18:28:51,405 F2: 0.8984988586604595

2021-05-14 18:28:51,405 ACC_overall: 0.9720918649435043

2021-05-14 18:28:51,405 IoU_poly: 0.8478001981973649

2021-05-14 18:28:51,405 IoU_bg: 0.9652207905054092

2021-05-14 18:28:51,405 IoU_mean: 0.9065104949474335

2021-05-14 18:28:51,405 ==============================
2021-05-14 18:28:51,405 

2021-05-14 18:30:48,667 RESULT FOR DATASET CVC-ColonDB

2021-05-14 18:30:48,667 ==============================
2021-05-14 18:30:48,667 

2021-05-14 18:30:48,667 recall: 0.8418984138190042

2021-05-14 18:30:48,667 specificity: 0.9858745570245542

2021-05-14 18:30:48,667 precision: 0.7974693860462522

2021-05-14 18:30:48,667 F1: 0.7838047304564737

2021-05-14 18:30:48,667 F2: 0.7986989583100311

2021-05-14 18:30:48,667 ACC_overall: 0.964876526123599

2021-05-14 18:30:48,667 IoU_poly: 0.7091053020913286

2021-05-14 18:30:48,667 IoU_bg: 0.9613972827007896

2021-05-14 18:30:48,667 IoU_mean: 0.8352512906256475

2021-05-14 18:30:48,667 ==============================
2021-05-14 18:30:48,667 

2021-05-14 18:32:09,962 RESULT FOR DATASET ETIS-LaribPolypDB

2021-05-14 18:32:09,962 ==============================
2021-05-14 18:32:09,963 

2021-05-14 18:32:09,963 recall: 0.8728101931426455

2021-05-14 18:32:09,963 specificity: 0.9850917881240651

2021-05-14 18:32:09,963 precision: 0.7219107666962225

2021-05-14 18:32:09,963 F1: 0.7661086603375642

2021-05-14 18:32:09,963 F2: 0.8143927972376759

2021-05-14 18:32:09,963 ACC_overall: 0.9836778829292375

2021-05-14 18:32:09,963 IoU_poly: 0.6835478338975268

2021-05-14 18:32:09,963 IoU_bg: 0.9827765007408298

2021-05-14 18:32:09,963 IoU_mean: 0.8331621657220685

2021-05-14 18:32:09,963 ==============================
2021-05-14 18:32:09,963 

