2021-05-14 16:35:53,185 Epoch 0 	 Loss 1.0624882395450885
2021-05-14 16:36:24,631 Epoch 1 	 Loss 0.7567314557976775
2021-05-14 16:36:56,234 Epoch 2 	 Loss 0.6273237994083991
2021-05-14 16:37:27,803 Epoch 3 	 Loss 0.5376779459989988
2021-05-14 16:37:59,438 Epoch 4 	 Loss 0.4742066971548311
2021-05-14 16:38:31,087 Epoch 5 	 Loss 0.43930786782568626
2021-05-14 16:39:02,911 Epoch 6 	 Loss 0.3999081348979866
2021-05-14 16:39:34,670 Epoch 7 	 Loss 0.3800485694146418
2021-05-14 16:40:06,340 Epoch 8 	 Loss 0.3669366427175291
2021-05-14 16:40:37,999 Epoch 9 	 Loss 0.34520238850797924
2021-05-14 16:41:09,735 Epoch 10 	 Loss 0.3345163020786348
2021-05-14 16:41:41,354 Epoch 11 	 Loss 0.32811750111344096
2021-05-14 16:42:13,078 Epoch 12 	 Loss 0.3291648338129232
2021-05-14 16:42:44,838 Epoch 13 	 Loss 0.311456744487469
2021-05-14 16:43:16,470 Epoch 14 	 Loss 0.2991590490052988
2021-05-14 16:43:47,984 Epoch 15 	 Loss 0.28529702863850437
2021-05-14 16:44:19,708 Epoch 16 	 Loss 0.285348463680718
2021-05-14 16:44:51,404 Epoch 17 	 Loss 0.28607956704857584
2021-05-14 16:45:22,984 Epoch 18 	 Loss 0.2746484168283232
2021-05-14 16:45:54,631 Epoch 19 	 Loss 0.2803368086998279
2021-05-14 16:46:26,408 Epoch 20 	 Loss 0.27329259455859006
2021-05-14 16:46:58,179 Epoch 21 	 Loss 0.2613557835856637
2021-05-14 16:47:29,944 Epoch 22 	 Loss 0.2604425726356087
2021-05-14 16:48:01,572 Epoch 23 	 Loss 0.2646689855462902
2021-05-14 16:48:33,339 Epoch 24 	 Loss 0.2608121450130756
2021-05-14 16:49:05,066 Epoch 25 	 Loss 0.25495845030297287
2021-05-14 16:49:36,725 Epoch 26 	 Loss 0.24629284457846
2021-05-14 16:50:08,481 Epoch 27 	 Loss 0.24648055466976795
2021-05-14 16:50:40,156 Epoch 28 	 Loss 0.2560202530124685
2021-05-14 16:51:11,866 Epoch 29 	 Loss 0.24677548107210096
2021-05-14 16:51:43,639 Epoch 30 	 Loss 0.22639259614132262
2021-05-14 16:52:15,344 Epoch 31 	 Loss 0.23431134142063476
2021-05-14 16:52:47,121 Epoch 32 	 Loss 0.22970482641524012
2021-05-14 16:53:18,744 Epoch 33 	 Loss 0.23057515820959112
2021-05-14 16:53:50,498 Epoch 34 	 Loss 0.23182138342123765
2021-05-14 16:54:22,128 Epoch 35 	 Loss 0.2179967109318618
2021-05-14 16:54:53,901 Epoch 36 	 Loss 0.222240523650096
2021-05-14 16:55:25,657 Epoch 37 	 Loss 0.21718266851954407
2021-05-14 16:55:57,460 Epoch 38 	 Loss 0.21302085345263008
2021-05-14 16:56:29,145 Epoch 39 	 Loss 0.21943936079413026
2021-05-14 16:57:00,893 Epoch 40 	 Loss 0.22084540734579275
2021-05-14 16:57:32,623 Epoch 41 	 Loss 0.21699858268538674
2021-05-14 16:58:04,319 Epoch 42 	 Loss 0.21407259755082184
2021-05-14 16:58:35,953 Epoch 43 	 Loss 0.2070018251191129
2021-05-14 16:59:07,698 Epoch 44 	 Loss 0.20514076407794113
2021-05-14 16:59:39,310 Epoch 45 	 Loss 0.20051454498872653
2021-05-14 17:00:10,996 Epoch 46 	 Loss 0.20245816370288094
2021-05-14 17:00:42,736 Epoch 47 	 Loss 0.20058506252346459
2021-05-14 17:01:14,385 Epoch 48 	 Loss 0.197114205458662
2021-05-14 17:01:45,987 Epoch 49 	 Loss 0.20394572009752085
2021-05-14 17:02:17,618 Epoch 50 	 Loss 0.197590450664143
2021-05-14 17:02:49,361 Epoch 51 	 Loss 0.19733935938431665
2021-05-14 17:03:21,032 Epoch 52 	 Loss 0.1887253804521246
2021-05-14 17:03:52,794 Epoch 53 	 Loss 0.19434050642527068
2021-05-14 17:04:24,465 Epoch 54 	 Loss 0.19552051906402296
2021-05-14 17:04:56,209 Epoch 55 	 Loss 0.18991499009368185
2021-05-14 17:05:27,856 Epoch 56 	 Loss 0.19087807113652702
2021-05-14 17:05:59,607 Epoch 57 	 Loss 0.1876754470906415
2021-05-14 17:06:31,215 Epoch 58 	 Loss 0.18639785313344265
2021-05-14 17:07:02,891 Epoch 59 	 Loss 0.1843368825349179
2021-05-14 17:07:34,553 Epoch 60 	 Loss 0.18246344092128042
2021-05-14 17:08:06,258 Epoch 61 	 Loss 0.1807505827356171
2021-05-14 17:08:37,789 Epoch 62 	 Loss 0.1821713734131593
2021-05-14 17:09:09,523 Epoch 63 	 Loss 0.1783377631352498
2021-05-14 17:09:41,168 Epoch 64 	 Loss 0.17724581161043146
2021-05-14 17:10:12,923 Epoch 65 	 Loss 0.17565088088695818
2021-05-14 17:10:44,617 Epoch 66 	 Loss 0.17835172011957065
2021-05-14 17:11:16,239 Epoch 67 	 Loss 0.17895277990744665
2021-05-14 17:11:48,013 Epoch 68 	 Loss 0.1819098758828509
2021-05-14 17:12:19,751 Epoch 69 	 Loss 0.17679702171257564
2021-05-14 17:12:51,474 Epoch 70 	 Loss 0.17590947989579087
2021-05-14 17:13:23,237 Epoch 71 	 Loss 0.17607327034840217
2021-05-14 17:13:54,975 Epoch 72 	 Loss 0.1733742913047036
2021-05-14 17:14:26,612 Epoch 73 	 Loss 0.17207008321861644
2021-05-14 17:14:58,383 Epoch 74 	 Loss 0.16886899284609072
2021-05-14 17:15:30,180 Epoch 75 	 Loss 0.1738182871223806
2021-05-14 17:16:01,854 Epoch 76 	 Loss 0.17044683390266294
2021-05-14 17:16:33,515 Epoch 77 	 Loss 0.16929358898938357
2021-05-14 17:17:05,182 Epoch 78 	 Loss 0.16663620817464786
2021-05-14 17:17:36,857 Epoch 79 	 Loss 0.16645950275463062
2021-05-14 17:18:08,487 Epoch 80 	 Loss 0.1660814465402247
2021-05-14 17:18:40,116 Epoch 81 	 Loss 0.1672496584418056
2021-05-14 17:19:11,780 Epoch 82 	 Loss 0.16580929320592147
2021-05-14 17:19:43,421 Epoch 83 	 Loss 0.16568910207722212
2021-05-14 17:20:15,105 Epoch 84 	 Loss 0.16486285037391787
2021-05-14 17:20:46,912 Epoch 85 	 Loss 0.1678861915082722
2021-05-14 17:21:18,585 Epoch 86 	 Loss 0.16699526876538665
2021-05-14 17:21:50,379 Epoch 87 	 Loss 0.1658145919605926
2021-05-14 17:22:21,989 Epoch 88 	 Loss 0.16438209945028956
2021-05-14 17:22:53,584 Epoch 89 	 Loss 0.1668511159144915
2021-05-14 17:23:25,388 Epoch 90 	 Loss 0.16528276476886247
2021-05-14 17:23:57,031 Epoch 91 	 Loss 0.1629616652543728
2021-05-14 17:24:28,767 Epoch 92 	 Loss 0.16429145978047296
2021-05-14 17:25:00,394 Epoch 93 	 Loss 0.16493615295205796
2021-05-14 17:25:32,184 Epoch 94 	 Loss 0.16646962465493234
2021-05-14 17:26:03,848 Epoch 95 	 Loss 0.16274464556149074
2021-05-14 17:26:35,641 Epoch 96 	 Loss 0.16470355761575176
2021-05-14 17:27:07,291 Epoch 97 	 Loss 0.1630184006887478
2021-05-14 17:27:39,064 Epoch 98 	 Loss 0.16730071817125594
2021-05-14 17:28:10,727 Epoch 99 	 Loss 0.16069972613355615
2021-05-14 17:28:30,057 RESULT FOR DATASET CVC-300

2021-05-14 17:28:30,057 ==============================
2021-05-14 17:28:30,057 

2021-05-14 17:28:30,057 recall: 0.9626307835181555

2021-05-14 17:28:30,057 specificity: 0.9907381564378739

2021-05-14 17:28:30,058 precision: 0.8173025158544381

2021-05-14 17:28:30,058 F1: 0.8618648874262969

2021-05-14 17:28:30,058 F2: 0.9021116162339846

2021-05-14 17:28:30,058 ACC_overall: 0.9897796134154002

2021-05-14 17:28:30,058 IoU_poly: 0.7924118457982937

2021-05-14 17:28:30,058 IoU_bg: 0.9894572108983993

2021-05-14 17:28:30,058 IoU_mean: 0.8909345308939616

2021-05-14 17:28:30,058 ==============================
2021-05-14 17:28:30,058 

2021-05-14 17:28:45,418 RESULT FOR DATASET CVC-ClinicDB

2021-05-14 17:28:45,418 ==============================
2021-05-14 17:28:45,418 

2021-05-14 17:28:45,418 recall: 0.9605720783433607

2021-05-14 17:28:45,418 specificity: 0.9928959992624098

2021-05-14 17:28:45,418 precision: 0.8995287849177276

2021-05-14 17:28:45,418 F1: 0.9173572687131744

2021-05-14 17:28:45,418 F2: 0.934291687944243

2021-05-14 17:28:45,418 ACC_overall: 0.9907790951190456

2021-05-14 17:28:45,418 IoU_poly: 0.867129749588428

2021-05-14 17:28:45,418 IoU_bg: 0.9893114114961317

2021-05-14 17:28:45,418 IoU_mean: 0.9282205830658635

2021-05-14 17:28:45,418 ==============================
2021-05-14 17:28:45,418 

2021-05-14 17:29:14,410 RESULT FOR DATASET Kvasir

2021-05-14 17:29:14,410 ==============================
2021-05-14 17:29:14,411 

2021-05-14 17:29:14,411 recall: 0.9141549777984619

2021-05-14 17:29:14,411 specificity: 0.9890633827447891

2021-05-14 17:29:14,411 precision: 0.9334277863800525

2021-05-14 17:29:14,411 F1: 0.9155267129838467

2021-05-14 17:29:14,411 F2: 0.9125220131874084

2021-05-14 17:29:14,411 ACC_overall: 0.9764538866281509

2021-05-14 17:29:14,411 IoU_poly: 0.8645087722688913

2021-05-14 17:29:14,411 IoU_bg: 0.9688552242517471

2021-05-14 17:29:14,411 IoU_mean: 0.9166819977760315

2021-05-14 17:29:14,411 ==============================
2021-05-14 17:29:14,411 

2021-05-14 17:31:04,969 RESULT FOR DATASET CVC-ColonDB

2021-05-14 17:31:04,969 ==============================
2021-05-14 17:31:04,969 

2021-05-14 17:31:04,969 recall: 0.8389800439242878

2021-05-14 17:31:04,969 specificity: 0.9839745609383834

2021-05-14 17:31:04,969 precision: 0.7908356559171185

2021-05-14 17:31:04,969 F1: 0.7750373732448631

2021-05-14 17:31:04,969 F2: 0.7932968390985

2021-05-14 17:31:04,969 ACC_overall: 0.9621832704857776

2021-05-14 17:31:04,969 IoU_poly: 0.6943840349677166

2021-05-14 17:31:04,969 IoU_bg: 0.9589494873818598

2021-05-14 17:31:04,969 IoU_mean: 0.8266667609152041

2021-05-14 17:31:04,969 ==============================
2021-05-14 17:31:04,969 

2021-05-14 17:32:25,235 RESULT FOR DATASET ETIS-LaribPolypDB

2021-05-14 17:32:25,236 ==============================
2021-05-14 17:32:25,236 

2021-05-14 17:32:25,236 recall: 0.8878365612893002

2021-05-14 17:32:25,236 specificity: 0.9799645889778527

2021-05-14 17:32:25,236 precision: 0.6647690086980238

2021-05-14 17:32:25,236 F1: 0.7266160887629435

2021-05-14 17:32:25,236 F2: 0.7912757545700051

2021-05-14 17:32:25,236 ACC_overall: 0.9783030611519911

2021-05-14 17:32:25,236 IoU_poly: 0.6381489582938243

2021-05-14 17:32:25,236 IoU_bg: 0.9773728789723649

2021-05-14 17:32:25,236 IoU_mean: 0.807760915890032

2021-05-14 17:32:25,236 ==============================
2021-05-14 17:32:25,236 

