2021-05-18 14:08:09,141 RESULT FOR DATASET CVC-300

2021-05-18 14:08:09,141 ==============================
2021-05-18 14:08:09,141 

2021-05-18 14:08:09,141 recall: 0.9534129391113917

2021-05-18 14:08:09,141 specificity: 0.9934582382440567

2021-05-18 14:08:09,141 precision: 0.8574401025970777

2021-05-18 14:08:09,141 F1: 0.8848249373336633

2021-05-18 14:08:09,141 F2: 0.9123443226019542

2021-05-18 14:08:09,141 ACC_overall: 0.9921581278244654

2021-05-18 14:08:09,141 IoU_poly: 0.8216241922229528

2021-05-18 14:08:09,141 IoU_bg: 0.9919087886810303

2021-05-18 14:08:09,142 IoU_mean: 0.9067664921283722

2021-05-18 14:08:09,142 ==============================
2021-05-18 14:08:09,142 

2021-05-18 14:08:25,106 RESULT FOR DATASET CVC-ClinicDB

2021-05-18 14:08:25,107 ==============================
2021-05-18 14:08:25,107 

2021-05-18 14:08:25,107 recall: 0.959869574154577

2021-05-18 14:08:25,107 specificity: 0.9926283513346026

2021-05-18 14:08:25,107 precision: 0.9047027346828291

2021-05-18 14:08:25,107 F1: 0.918084007477568

2021-05-18 14:08:25,107 F2: 0.9311157503435689

2021-05-18 14:08:25,107 ACC_overall: 0.9905078276511161

2021-05-18 14:08:25,107 IoU_poly: 0.8702759638188347

2021-05-18 14:08:25,107 IoU_bg: 0.9892794182223659

2021-05-18 14:08:25,107 IoU_mean: 0.9297776919218802

2021-05-18 14:08:25,107 ==============================
2021-05-18 14:08:25,107 

2021-05-18 14:08:55,789 RESULT FOR DATASET Kvasir

2021-05-18 14:08:55,789 ==============================
2021-05-18 14:08:55,789 

2021-05-18 14:08:55,789 recall: 0.9066023303568364

2021-05-18 14:08:55,789 specificity: 0.9893668687343598

2021-05-18 14:08:55,789 precision: 0.938379211500287

2021-05-18 14:08:55,789 F1: 0.90947859659791

2021-05-18 14:08:55,789 F2: 0.9048712149262428

2021-05-18 14:08:55,789 ACC_overall: 0.9722513902187347

2021-05-18 14:08:55,789 IoU_poly: 0.8566212287545204

2021-05-18 14:08:55,789 IoU_bg: 0.9647719621658325

2021-05-18 14:08:55,790 IoU_mean: 0.9106965970993042

2021-05-18 14:08:55,790 ==============================
2021-05-18 14:08:55,790 

2021-05-18 14:10:51,687 RESULT FOR DATASET CVC-ColonDB

2021-05-18 14:10:51,687 ==============================
2021-05-18 14:10:51,687 

2021-05-18 14:10:51,688 recall: 0.7912743187306516

2021-05-18 14:10:51,688 specificity: 0.9889072697413596

2021-05-18 14:10:51,688 precision: 0.8302816145379486

2021-05-18 14:10:51,688 F1: 0.7653527114081762

2021-05-18 14:10:51,688 F2: 0.769847714408302

2021-05-18 14:10:51,688 ACC_overall: 0.9640737016734324

2021-05-18 14:10:51,688 IoU_poly: 0.6907415418255943

2021-05-18 14:10:51,688 IoU_bg: 0.961597626460226

2021-05-18 14:10:51,688 IoU_mean: 0.8261695859071455

2021-05-18 14:10:51,688 ==============================
2021-05-18 14:10:51,688 

2021-05-18 14:12:15,037 RESULT FOR DATASET ETIS-LaribPolypDB

2021-05-18 14:12:15,037 ==============================
2021-05-18 14:12:15,037 

2021-05-18 14:12:15,037 recall: 0.9150123242771417

2021-05-18 14:12:15,038 specificity: 0.9866695321944295

2021-05-18 14:12:15,038 precision: 0.7206408443621977

2021-05-18 14:12:15,038 F1: 0.7743218569590514

2021-05-18 14:12:15,038 F2: 0.8299946524189274

2021-05-18 14:12:15,038 ACC_overall: 0.9849771464965782

2021-05-18 14:12:15,038 IoU_poly: 0.6899219997844739

2021-05-18 14:12:15,038 IoU_bg: 0.9843005638341514

2021-05-18 14:12:15,038 IoU_mean: 0.8371112810409799

2021-05-18 14:12:15,038 ==============================
2021-05-18 14:12:15,038 

