2021-05-18 14:03:26,456 RESULT FOR DATASET CVC-300

2021-05-18 14:03:26,456 ==============================
2021-05-18 14:03:26,456 

2021-05-18 14:03:26,456 recall: 0.9380379871843616

2021-05-18 14:03:26,456 specificity: 0.9936830103397369

2021-05-18 14:03:26,456 precision: 0.8260380504070781

2021-05-18 14:03:26,456 F1: 0.8625234750228022

2021-05-18 14:03:26,456 F2: 0.8966777387927626

2021-05-18 14:03:26,456 ACC_overall: 0.9916062752405802

2021-05-18 14:03:26,456 IoU_poly: 0.7929399335767812

2021-05-18 14:03:26,456 IoU_bg: 0.9913451095422109

2021-05-18 14:03:26,457 IoU_mean: 0.8921425218383471

2021-05-18 14:03:26,457 ==============================
2021-05-18 14:03:26,457 

2021-05-18 14:03:43,928 RESULT FOR DATASET CVC-ClinicDB

2021-05-18 14:03:43,928 ==============================
2021-05-18 14:03:43,928 

2021-05-18 14:03:43,928 recall: 0.942613405659945

2021-05-18 14:03:43,928 specificity: 0.9932113914720474

2021-05-18 14:03:43,928 precision: 0.8976607311952619

2021-05-18 14:03:43,928 F1: 0.9058404260844503

2021-05-18 14:03:43,928 F2: 0.9156210409766514

2021-05-18 14:03:43,928 ACC_overall: 0.9911788528965365

2021-05-18 14:03:43,928 IoU_poly: 0.8610122259330726

2021-05-18 14:03:43,928 IoU_bg: 0.9899392204899942

2021-05-18 14:03:43,928 IoU_mean: 0.9254757213977075

2021-05-18 14:03:43,928 ==============================
2021-05-18 14:03:43,928 

2021-05-18 14:04:16,567 RESULT FOR DATASET Kvasir

2021-05-18 14:04:16,567 ==============================
2021-05-18 14:04:16,567 

2021-05-18 14:04:16,567 recall: 0.9060502654314041

2021-05-18 14:04:16,567 specificity: 0.9849891394376755

2021-05-18 14:04:16,567 precision: 0.926903148368001

2021-05-18 14:04:16,567 F1: 0.9058020362257957

2021-05-18 14:04:16,567 F2: 0.904276459813118

2021-05-18 14:04:16,567 ACC_overall: 0.9742277002334595

2021-05-18 14:04:16,567 IoU_poly: 0.852357969880104

2021-05-18 14:04:16,567 IoU_bg: 0.9657362514734268

2021-05-18 14:04:16,567 IoU_mean: 0.9090471085906029

2021-05-18 14:04:16,567 ==============================
2021-05-18 14:04:16,567 

2021-05-18 14:06:17,231 RESULT FOR DATASET CVC-ColonDB

2021-05-18 14:06:17,232 ==============================
2021-05-18 14:06:17,232 

2021-05-18 14:06:17,232 recall: 0.7752003896958454

2021-05-18 14:06:17,232 specificity: 0.9904227339907696

2021-05-18 14:06:17,232 precision: 0.850948203274196

2021-05-18 14:06:17,232 F1: 0.7510165794510182

2021-05-18 14:06:17,232 F2: 0.7565492130750834

2021-05-18 14:06:17,232 ACC_overall: 0.959492170104855

2021-05-18 14:06:17,232 IoU_poly: 0.6768145370688312

2021-05-18 14:06:17,232 IoU_bg: 0.9577595706833036

2021-05-18 14:06:17,232 IoU_mean: 0.8172870553637805

2021-05-18 14:06:17,232 ==============================
2021-05-18 14:06:17,232 

2021-05-18 14:07:40,099 RESULT FOR DATASET ETIS-LaribPolypDB

2021-05-18 14:07:40,099 ==============================
2021-05-18 14:07:40,099 

2021-05-18 14:07:40,099 recall: 0.8833123869806476

2021-05-18 14:07:40,099 specificity: 0.991653134628218

2021-05-18 14:07:40,099 precision: 0.7881226935205539

2021-05-18 14:07:40,099 F1: 0.8038697067729247

2021-05-18 14:07:40,099 F2: 0.8396821550882402

2021-05-18 14:07:40,099 ACC_overall: 0.9889157332327901

2021-05-18 14:07:40,099 IoU_poly: 0.7238802144656987

2021-05-18 14:07:40,099 IoU_bg: 0.9882926563827359

2021-05-18 14:07:40,099 IoU_mean: 0.8560864356707554

2021-05-18 14:07:40,099 ==============================
2021-05-18 14:07:40,099 

