2021-05-18 14:12:44,927 RESULT FOR DATASET CVC-300

2021-05-18 14:12:44,927 ==============================
2021-05-18 14:12:44,927 

2021-05-18 14:12:44,927 recall: 0.9597743183374405

2021-05-18 14:12:44,927 specificity: 0.9918981850147247

2021-05-18 14:12:44,927 precision: 0.8393392626196146

2021-05-18 14:12:44,928 F1: 0.876063517977794

2021-05-18 14:12:44,928 F2: 0.9099201346437137

2021-05-18 14:12:44,928 ACC_overall: 0.9908636490503947

2021-05-18 14:12:44,928 IoU_poly: 0.8103109197070201

2021-05-18 14:12:44,928 IoU_bg: 0.990561306476593

2021-05-18 14:12:44,928 IoU_mean: 0.9004361162583033

2021-05-18 14:12:44,928 ==============================
2021-05-18 14:12:44,928 

2021-05-18 14:13:01,051 RESULT FOR DATASET CVC-ClinicDB

2021-05-18 14:13:01,051 ==============================
2021-05-18 14:13:01,051 

2021-05-18 14:13:01,051 recall: 0.9557369187954934

2021-05-18 14:13:01,051 specificity: 0.9935650075635603

2021-05-18 14:13:01,051 precision: 0.902086477005674

2021-05-18 14:13:01,051 F1: 0.9172784481798449

2021-05-18 14:13:01,051 F2: 0.9320109145295236

2021-05-18 14:13:01,051 ACC_overall: 0.991090472667448

2021-05-18 14:13:01,051 IoU_poly: 0.8670331512487703

2021-05-18 14:13:01,051 IoU_bg: 0.9895666405077903

2021-05-18 14:13:01,051 IoU_mean: 0.9282998995434854

2021-05-18 14:13:01,051 ==============================
2021-05-18 14:13:01,051 

2021-05-18 14:13:31,847 RESULT FOR DATASET Kvasir

2021-05-18 14:13:31,847 ==============================
2021-05-18 14:13:31,847 

2021-05-18 14:13:31,847 recall: 0.9109913164377212

2021-05-18 14:13:31,847 specificity: 0.9888810133934021

2021-05-18 14:13:31,847 precision: 0.9387296306341887

2021-05-18 14:13:31,847 F1: 0.9109518568962812

2021-05-18 14:13:31,847 F2: 0.9066955968737602

2021-05-18 14:13:31,848 ACC_overall: 0.9730898272991181

2021-05-18 14:13:31,848 IoU_poly: 0.8607785118743777

2021-05-18 14:13:31,848 IoU_bg: 0.9660577803850174

2021-05-18 14:13:31,848 IoU_mean: 0.9134181466698647

2021-05-18 14:13:31,848 ==============================
2021-05-18 14:13:31,848 

2021-05-18 14:15:28,572 RESULT FOR DATASET CVC-ColonDB

2021-05-18 14:15:28,572 ==============================
2021-05-18 14:15:28,573 

2021-05-18 14:15:28,573 recall: 0.8108713802501178

2021-05-18 14:15:28,573 specificity: 0.9872072058288675

2021-05-18 14:15:28,573 precision: 0.8093496280321328

2021-05-18 14:15:28,573 F1: 0.7696608085035127

2021-05-18 14:15:28,573 F2: 0.7804840088162828

2021-05-18 14:15:28,573 ACC_overall: 0.9662104548592316

2021-05-18 14:15:28,573 IoU_poly: 0.6911076324346763

2021-05-18 14:15:28,573 IoU_bg: 0.9627537386982065

2021-05-18 14:15:28,573 IoU_mean: 0.8269306847923681

2021-05-18 14:15:28,573 ==============================
2021-05-18 14:15:28,573 

2021-05-18 14:16:51,819 RESULT FOR DATASET ETIS-LaribPolypDB

2021-05-18 14:16:51,819 ==============================
2021-05-18 14:16:51,819 

2021-05-18 14:16:51,819 recall: 0.8528885064211975

2021-05-18 14:16:51,819 specificity: 0.9884740749792177

2021-05-18 14:16:51,819 precision: 0.7398359171957193

2021-05-18 14:16:51,819 F1: 0.7617350114344111

2021-05-18 14:16:51,819 F2: 0.80258595385488

2021-05-18 14:16:51,819 ACC_overall: 0.9859538583122954

2021-05-18 14:16:51,819 IoU_poly: 0.6842055997242299

2021-05-18 14:16:51,819 IoU_bg: 0.9852688625759009

2021-05-18 14:16:51,819 IoU_mean: 0.8347372310806294

2021-05-18 14:16:51,819 ==============================
2021-05-18 14:16:51,819 

