2021-05-05 05:24:15,847 RESULT FOR DATASET CVC-300

2021-05-05 05:24:15,848 ==============================
2021-05-05 05:24:15,848 

2021-05-05 05:24:15,848 recall: 0.9562938362360001

2021-05-05 05:24:15,848 specificity: 0.9927790174881618

2021-05-05 05:24:15,848 precision: 0.8187053259462118

2021-05-05 05:24:15,848 F1: 0.8618672343591849

2021-05-05 05:24:15,848 F2: 0.903055282930533

2021-05-05 05:24:15,848 ACC_overall: 0.9913889110088349

2021-05-05 05:24:15,848 IoU_poly: 0.7844158678005139

2021-05-05 05:24:15,848 IoU_bg: 0.9911416113376618

2021-05-05 05:24:15,848 IoU_mean: 0.8877787371476491

2021-05-05 05:24:15,848 ==============================
2021-05-05 05:24:15,848 

2021-05-05 05:24:31,599 RESULT FOR DATASET CVC-ClinicDB

2021-05-05 05:24:31,599 ==============================
2021-05-05 05:24:31,599 

2021-05-05 05:24:31,599 recall: 0.9396131548189348

2021-05-05 05:24:31,599 specificity: 0.9940503374222787

2021-05-05 05:24:31,599 precision: 0.9120613671839237

2021-05-05 05:24:31,600 F1: 0.9092507506570509

2021-05-05 05:24:31,600 F2: 0.916648771012983

2021-05-05 05:24:31,600 ACC_overall: 0.9892207701360026

2021-05-05 05:24:31,600 IoU_poly: 0.8591251408140506

2021-05-05 05:24:31,600 IoU_bg: 0.9871983989592521

2021-05-05 05:24:31,600 IoU_mean: 0.9231617700669074

2021-05-05 05:24:31,600 ==============================
2021-05-05 05:24:31,600 

2021-05-05 05:25:02,092 RESULT FOR DATASET Kvasir

2021-05-05 05:25:02,092 ==============================
2021-05-05 05:25:02,092 

2021-05-05 05:25:02,092 recall: 0.8989730173349381

2021-05-05 05:25:02,092 specificity: 0.9869992130994797

2021-05-05 05:25:02,092 precision: 0.9243341644108295

2021-05-05 05:25:02,092 F1: 0.8971688024699688

2021-05-05 05:25:02,092 F2: 0.894093706458807

2021-05-05 05:25:02,092 ACC_overall: 0.9675703552365303

2021-05-05 05:25:02,092 IoU_poly: 0.8414765876159072

2021-05-05 05:25:02,092 IoU_bg: 0.9604594972729683

2021-05-05 05:25:02,092 IoU_mean: 0.9009680414199829

2021-05-05 05:25:02,092 ==============================
2021-05-05 05:25:02,093 

2021-05-05 05:27:03,214 RESULT FOR DATASET CVC-ColonDB

2021-05-05 05:27:03,214 ==============================
2021-05-05 05:27:03,214 

2021-05-05 05:27:03,214 recall: 0.8148118982872132

2021-05-05 05:27:03,214 specificity: 0.9810402288248664

2021-05-05 05:27:03,214 precision: 0.7799418581481357

2021-05-05 05:27:03,214 F1: 0.7521047237435979

2021-05-05 05:27:03,214 F2: 0.7709751807695188

2021-05-05 05:27:03,214 ACC_overall: 0.9605422401114514

2021-05-05 05:27:03,214 IoU_poly: 0.6701779221520155

2021-05-05 05:27:03,214 IoU_bg: 0.9566290845996455

2021-05-05 05:27:03,215 IoU_mean: 0.8134035035967827

2021-05-05 05:27:03,215 ==============================
2021-05-05 05:27:03,215 

2021-05-05 05:28:25,243 RESULT FOR DATASET ETIS-LaribPolypDB

2021-05-05 05:28:25,243 ==============================
2021-05-05 05:28:25,244 

2021-05-05 05:28:25,244 recall: 0.8550038697821389

2021-05-05 05:28:25,244 specificity: 0.9774012225014823

2021-05-05 05:28:25,244 precision: 0.6416864995983245

2021-05-05 05:28:25,244 F1: 0.7040321287566174

2021-05-05 05:28:25,244 F2: 0.769269727463334

2021-05-05 05:28:25,244 ACC_overall: 0.9760300091334752

2021-05-05 05:28:25,244 IoU_poly: 0.6146528067575298

2021-05-05 05:28:25,244 IoU_bg: 0.9748640863262877

2021-05-05 05:28:25,244 IoU_mean: 0.7947584483392385

2021-05-05 05:28:25,244 ==============================
2021-05-05 05:28:25,244 

