2021-05-05 05:19:44,387 RESULT FOR DATASET CVC-300

2021-05-05 05:19:44,388 ==============================
2021-05-05 05:19:44,388 

2021-05-05 05:19:44,388 recall: 0.9494415313005448

2021-05-05 05:19:44,388 specificity: 0.9934584935506184

2021-05-05 05:19:44,388 precision: 0.8344299996892611

2021-05-05 05:19:44,388 F1: 0.8696540293594202

2021-05-05 05:19:44,388 F2: 0.9041159957647323

2021-05-05 05:19:44,388 ACC_overall: 0.9918621967236201

2021-05-05 05:19:44,388 IoU_poly: 0.7983896609395742

2021-05-05 05:19:44,388 IoU_bg: 0.9916116664807002

2021-05-05 05:19:44,388 IoU_mean: 0.8950006643931071

2021-05-05 05:19:44,388 ==============================
2021-05-05 05:19:44,388 

2021-05-05 05:20:00,172 RESULT FOR DATASET CVC-ClinicDB

2021-05-05 05:20:00,173 ==============================
2021-05-05 05:20:00,173 

2021-05-05 05:20:00,173 recall: 0.9227459894553307

2021-05-05 05:20:00,173 specificity: 0.9929008695387072

2021-05-05 05:20:00,173 precision: 0.9110291571085972

2021-05-05 05:20:00,173 F1: 0.9025619525402304

2021-05-05 05:20:00,173 F2: 0.9087003875643976

2021-05-05 05:20:00,173 ACC_overall: 0.9890129431601493

2021-05-05 05:20:00,173 IoU_poly: 0.8529815536833578

2021-05-05 05:20:00,173 IoU_bg: 0.9870961942980366

2021-05-05 05:20:00,173 IoU_mean: 0.9200388769949636

2021-05-05 05:20:00,173 ==============================
2021-05-05 05:20:00,173 

2021-05-05 05:20:30,515 RESULT FOR DATASET Kvasir

2021-05-05 05:20:30,516 ==============================
2021-05-05 05:20:30,516 

2021-05-05 05:20:30,516 recall: 0.9040104284882545

2021-05-05 05:20:30,516 specificity: 0.9872217828035355

2021-05-05 05:20:30,516 precision: 0.9277765461057425

2021-05-05 05:20:30,516 F1: 0.9064387235045434

2021-05-05 05:20:30,516 F2: 0.9022122377157211

2021-05-05 05:20:30,516 ACC_overall: 0.9732241904735566

2021-05-05 05:20:30,516 IoU_poly: 0.8510116036236286

2021-05-05 05:20:30,516 IoU_bg: 0.9649266958236694

2021-05-05 05:20:30,516 IoU_mean: 0.9079691460728645

2021-05-05 05:20:30,516 ==============================
2021-05-05 05:20:30,516 

2021-05-05 05:22:30,234 RESULT FOR DATASET CVC-ColonDB

2021-05-05 05:22:30,234 ==============================
2021-05-05 05:22:30,234 

2021-05-05 05:22:30,234 recall: 0.8122733208439967

2021-05-05 05:22:30,235 specificity: 0.9823752001712197

2021-05-05 05:22:30,235 precision: 0.796007362463474

2021-05-05 05:22:30,235 F1: 0.7597390726878218

2021-05-05 05:22:30,235 F2: 0.7744915657993595

2021-05-05 05:22:30,235 ACC_overall: 0.9608119117586236

2021-05-05 05:22:30,235 IoU_poly: 0.6774511583182247

2021-05-05 05:22:30,235 IoU_bg: 0.9568861307282197

2021-05-05 05:22:30,235 IoU_mean: 0.8171686457960229

2021-05-05 05:22:30,235 ==============================
2021-05-05 05:22:30,235 

2021-05-05 05:23:52,334 RESULT FOR DATASET ETIS-LaribPolypDB

2021-05-05 05:23:52,334 ==============================
2021-05-05 05:23:52,334 

2021-05-05 05:23:52,334 recall: 0.8379799357466235

2021-05-05 05:23:52,334 specificity: 0.9790369296560482

2021-05-05 05:23:52,334 precision: 0.6550178309763739

2021-05-05 05:23:52,334 F1: 0.7080745529405462

2021-05-05 05:23:52,334 F2: 0.7634717053949632

2021-05-05 05:23:52,334 ACC_overall: 0.9772605339483339

2021-05-05 05:23:52,335 IoU_poly: 0.6272704206300697

2021-05-05 05:23:52,335 IoU_bg: 0.9762297588951734

2021-05-05 05:23:52,335 IoU_mean: 0.8017500882246056

2021-05-05 05:23:52,335 ==============================
2021-05-05 05:23:52,335 

