2021-05-05 05:15:13,677 RESULT FOR DATASET CVC-300

2021-05-05 05:15:13,678 ==============================
2021-05-05 05:15:13,678 

2021-05-05 05:15:13,678 recall: 0.9553981443246206

2021-05-05 05:15:13,678 specificity: 0.9931154022614161

2021-05-05 05:15:13,678 precision: 0.8376030397911867

2021-05-05 05:15:13,678 F1: 0.8730502170821031

2021-05-05 05:15:13,678 F2: 0.9064022302627563

2021-05-05 05:15:13,678 ACC_overall: 0.9917091170946757

2021-05-05 05:15:13,678 IoU_poly: 0.805360562602679

2021-05-05 05:15:13,678 IoU_bg: 0.9914820452531179

2021-05-05 05:15:13,678 IoU_mean: 0.8984213054180146

2021-05-05 05:15:13,678 ==============================
2021-05-05 05:15:13,678 

2021-05-05 05:15:29,390 RESULT FOR DATASET CVC-ClinicDB

2021-05-05 05:15:29,390 ==============================
2021-05-05 05:15:29,390 

2021-05-05 05:15:29,390 recall: 0.9301214328696651

2021-05-05 05:15:29,390 specificity: 0.9937932510529796

2021-05-05 05:15:29,390 precision: 0.9117670728254222

2021-05-05 05:15:29,390 F1: 0.9146506116395036

2021-05-05 05:15:29,390 F2: 0.9208670537317952

2021-05-05 05:15:29,390 ACC_overall: 0.9906064185404009

2021-05-05 05:15:29,390 IoU_poly: 0.8644113030825411

2021-05-05 05:15:29,390 IoU_bg: 0.988591197998293

2021-05-05 05:15:29,390 IoU_mean: 0.926501254881582

2021-05-05 05:15:29,390 ==============================
2021-05-05 05:15:29,390 

2021-05-05 05:15:59,491 RESULT FOR DATASET Kvasir

2021-05-05 05:15:59,491 ==============================
2021-05-05 05:15:59,491 

2021-05-05 05:15:59,491 recall: 0.9075305795669556

2021-05-05 05:15:59,491 specificity: 0.9888244116306305

2021-05-05 05:15:59,491 precision: 0.9272308140993119

2021-05-05 05:15:59,491 F1: 0.9045052894949913

2021-05-05 05:15:59,491 F2: 0.9031635922193527

2021-05-05 05:15:59,491 ACC_overall: 0.9725166243314743

2021-05-05 05:15:59,491 IoU_poly: 0.8470335033535957

2021-05-05 05:15:59,491 IoU_bg: 0.9646858030557632

2021-05-05 05:15:59,491 IoU_mean: 0.9058596515655517

2021-05-05 05:15:59,492 ==============================
2021-05-05 05:15:59,492 

2021-05-05 05:18:00,147 RESULT FOR DATASET CVC-ColonDB

2021-05-05 05:18:00,147 ==============================
2021-05-05 05:18:00,147 

2021-05-05 05:18:00,147 recall: 0.7865695477715163

2021-05-05 05:18:00,147 specificity: 0.9884486141957735

2021-05-05 05:18:00,147 precision: 0.8177304584081484

2021-05-05 05:18:00,148 F1: 0.7492663108524348

2021-05-05 05:18:00,148 F2: 0.7595966049780934

2021-05-05 05:18:00,148 ACC_overall: 0.961268591723944

2021-05-05 05:18:00,148 IoU_poly: 0.6684030362244573

2021-05-05 05:18:00,148 IoU_bg: 0.9583029255270958

2021-05-05 05:18:00,148 IoU_mean: 0.8133529819940266

2021-05-05 05:18:00,148 ==============================
2021-05-05 05:18:00,148 

2021-05-05 05:19:22,112 RESULT FOR DATASET ETIS-LaribPolypDB

2021-05-05 05:19:22,113 ==============================
2021-05-05 05:19:22,113 

2021-05-05 05:19:22,113 recall: 0.8088970213481138

2021-05-05 05:19:22,113 specificity: 0.9825047570831922

2021-05-05 05:19:22,113 precision: 0.7120958262213365

2021-05-05 05:19:22,113 F1: 0.702126168714794

2021-05-05 05:19:22,113 F2: 0.7465871808862063

2021-05-05 05:19:22,113 ACC_overall: 0.9798938455630322

2021-05-05 05:19:22,113 IoU_poly: 0.6218154267993418

2021-05-05 05:19:22,113 IoU_bg: 0.9789947967748253

2021-05-05 05:19:22,113 IoU_mean: 0.8004051110878283

2021-05-05 05:19:22,113 ==============================
2021-05-05 05:19:22,113 

