2021-04-24 23:35:34,777 Epoch 0 	 Loss 0.6599143589590932
2021-04-24 23:35:56,928 Epoch 1 	 Loss 0.32534787369953405
2021-04-24 23:36:18,802 Epoch 2 	 Loss 0.23409595250428378
2021-04-24 23:36:40,692 Epoch 3 	 Loss 0.20666458433146004
2021-04-24 23:37:03,222 Epoch 4 	 Loss 0.176857346198061
2021-04-24 23:37:24,959 Epoch 5 	 Loss 0.15293092763685917
2021-04-24 23:37:46,627 Epoch 6 	 Loss 0.13909246977213974
2021-04-24 23:38:08,333 Epoch 7 	 Loss 0.12460135406517721
2021-04-24 23:38:29,995 Epoch 8 	 Loss 0.11328968880595741
2021-04-24 23:38:51,694 Epoch 9 	 Loss 0.10469656642321702
2021-04-24 23:39:13,430 Epoch 10 	 Loss 0.0966108113854796
2021-04-24 23:39:35,097 Epoch 11 	 Loss 0.10553062756310452
2021-04-24 23:39:56,753 Epoch 12 	 Loss 0.10897978419785971
2021-04-24 23:40:18,439 Epoch 13 	 Loss 0.11625160457013728
2021-04-24 23:40:40,172 Epoch 14 	 Loss 0.12498450336547998
2021-04-24 23:41:01,869 Epoch 15 	 Loss 0.10799419830788623
2021-04-24 23:41:23,547 Epoch 16 	 Loss 0.11061639723541973
2021-04-24 23:41:45,271 Epoch 17 	 Loss 0.10385145934728476
2021-04-24 23:42:06,962 Epoch 18 	 Loss 0.08601930802995032
2021-04-24 23:42:28,715 Epoch 19 	 Loss 0.07737246335862757
2021-04-24 23:42:50,465 Epoch 20 	 Loss 0.0718125813118704
2021-04-24 23:43:12,227 Epoch 21 	 Loss 0.06914677659233848
2021-04-24 23:43:33,924 Epoch 22 	 Loss 0.06699830232249511
2021-04-24 23:43:55,639 Epoch 23 	 Loss 0.06541000900196504
2021-04-24 23:44:17,340 Epoch 24 	 Loss 0.06413815301525724
2021-04-24 23:44:39,066 Epoch 25 	 Loss 0.06288929201744414
2021-04-24 23:45:00,815 Epoch 26 	 Loss 0.06160630776986971
2021-04-24 23:45:22,567 Epoch 27 	 Loss 0.060441057555950604
2021-04-24 23:45:44,276 Epoch 28 	 Loss 0.05948674482303661
2021-04-24 23:46:06,021 Epoch 29 	 Loss 0.05822083010123326
2021-04-24 23:46:27,729 Epoch 30 	 Loss 0.056826583918306854
2021-04-24 23:46:49,465 Epoch 31 	 Loss 0.056380401396161905
2021-04-24 23:47:11,224 Epoch 32 	 Loss 0.05621827053990993
2021-04-24 23:47:32,966 Epoch 33 	 Loss 0.05552520025726203
2021-04-24 23:47:54,673 Epoch 34 	 Loss 0.054996189958119134
2021-04-24 23:48:16,365 Epoch 35 	 Loss 0.05381544953682921
2021-04-24 23:48:38,142 Epoch 36 	 Loss 0.05294777334227667
2021-04-24 23:48:59,913 Epoch 37 	 Loss 0.052451253101065916
2021-04-24 23:49:21,615 Epoch 38 	 Loss 0.05216577763740833
2021-04-24 23:49:43,355 Epoch 39 	 Loss 0.052014488726854324
2021-04-24 23:50:05,080 Epoch 40 	 Loss 0.05174782102579599
2021-04-24 23:50:26,788 Epoch 41 	 Loss 0.05128525750158907
2021-04-24 23:50:48,538 Epoch 42 	 Loss 0.05086863998855863
2021-04-24 23:51:10,230 Epoch 43 	 Loss 0.050313631911854166
2021-04-24 23:51:31,923 Epoch 44 	 Loss 0.049846341280819294
2021-04-24 23:51:53,677 Epoch 45 	 Loss 0.04964368290953584
2021-04-24 23:52:15,410 Epoch 46 	 Loss 0.04935786222199817
2021-04-24 23:52:37,113 Epoch 47 	 Loss 0.04907249225364937
2021-04-24 23:52:58,900 Epoch 48 	 Loss 0.04884622819148577
2021-04-24 23:53:20,637 Epoch 49 	 Loss 0.0487930800479192
2021-04-24 23:53:42,330 Epoch 50 	 Loss 0.04853301450282663
2021-04-24 23:54:04,082 Epoch 51 	 Loss 0.04837222790325081
2021-04-24 23:54:25,807 Epoch 52 	 Loss 0.04802017867728904
2021-04-24 23:54:47,539 Epoch 53 	 Loss 0.04772234851351151
2021-04-24 23:55:09,276 Epoch 54 	 Loss 0.047772852929083856
2021-04-24 23:55:31,044 Epoch 55 	 Loss 0.04752419934004218
2021-04-24 23:55:52,749 Epoch 56 	 Loss 0.047161654292882146
2021-04-24 23:56:14,470 Epoch 57 	 Loss 0.047106587747623635
2021-04-24 23:56:36,212 Epoch 58 	 Loss 0.04713995357627397
2021-04-24 23:56:57,947 Epoch 59 	 Loss 0.04686646695647921
2021-04-24 23:57:19,732 Epoch 60 	 Loss 0.04676421236369636
2021-04-24 23:57:41,492 Epoch 61 	 Loss 0.04650923802138685
2021-04-24 23:58:03,241 Epoch 62 	 Loss 0.046570239404400623
2021-04-24 23:58:24,984 Epoch 63 	 Loss 0.04664191628222937
2021-04-24 23:58:46,697 Epoch 64 	 Loss 0.04630272753618576
2021-04-24 23:59:08,431 Epoch 65 	 Loss 0.04606282977121217
2021-04-24 23:59:30,133 Epoch 66 	 Loss 0.04585786749209676
2021-04-24 23:59:51,921 Epoch 67 	 Loss 0.045771922629613146
2021-04-25 00:00:13,658 Epoch 68 	 Loss 0.04568201217513818
2021-04-25 00:00:35,390 Epoch 69 	 Loss 0.04552250339107199
2021-04-25 00:00:57,151 Epoch 70 	 Loss 0.04541177695596611
2021-04-25 00:01:18,881 Epoch 71 	 Loss 0.04535751310842378
2021-04-25 00:01:40,621 Epoch 72 	 Loss 0.04527266634689583
2021-04-25 00:02:02,381 Epoch 73 	 Loss 0.045232393666283115
2021-04-25 00:02:24,137 Epoch 74 	 Loss 0.04512374569754024
2021-04-25 00:02:45,892 Epoch 75 	 Loss 0.04512045810838322
2021-04-25 00:03:07,645 Epoch 76 	 Loss 0.045013225463392974
2021-04-25 00:03:29,401 Epoch 77 	 Loss 0.044975306756876325
2021-04-25 00:03:51,162 Epoch 78 	 Loss 0.044944801582739904
2021-04-25 00:04:12,893 Epoch 79 	 Loss 0.04486802011564538
2021-04-25 00:04:34,659 Epoch 80 	 Loss 0.04490343297084609
2021-04-25 00:04:56,483 Epoch 81 	 Loss 0.04481493960042576
2021-04-25 00:05:18,209 Epoch 82 	 Loss 0.04479384974955202
2021-04-25 00:05:39,949 Epoch 83 	 Loss 0.044704078850182856
2021-04-25 00:06:01,677 Epoch 84 	 Loss 0.04467664053151896
2021-04-25 00:06:23,399 Epoch 85 	 Loss 0.0447070785685555
2021-04-25 00:06:45,124 Epoch 86 	 Loss 0.04466195654246833
2021-04-25 00:07:06,911 Epoch 87 	 Loss 0.044638305861543826
2021-04-25 00:07:28,633 Epoch 88 	 Loss 0.04459572059440089
2021-04-25 00:07:50,379 Epoch 89 	 Loss 0.04459411491240774
2021-04-25 00:08:12,086 Epoch 90 	 Loss 0.04457962226409178
2021-04-25 00:08:33,858 Epoch 91 	 Loss 0.04462113910978967
2021-04-25 00:08:55,556 Epoch 92 	 Loss 0.04452682384750345
2021-04-25 00:09:17,304 Epoch 93 	 Loss 0.04452694309773026
2021-04-25 00:09:39,055 Epoch 94 	 Loss 0.044560369841017564
2021-04-25 00:10:00,832 Epoch 95 	 Loss 0.04452864555539666
2021-04-25 00:10:22,569 Epoch 96 	 Loss 0.04448897919648296
2021-04-25 00:10:44,312 Epoch 97 	 Loss 0.04451510625389906
2021-04-25 00:11:06,081 Epoch 98 	 Loss 0.04448878912480323
2021-04-25 00:11:27,835 Epoch 99 	 Loss 0.044506888754747724
2021-04-25 00:11:47,549 RESULT FOR DATASET CVC-300

2021-04-25 00:11:47,549 ==============================
2021-04-25 00:11:47,549 

2021-04-25 00:11:47,550 recall: 0.9528321772813797

2021-04-25 00:11:47,550 specificity: 0.9930964698394139

2021-04-25 00:11:47,550 precision: 0.8570600047707557

2021-04-25 00:11:47,550 F1: 0.8916416322191556

2021-04-25 00:11:47,550 F2: 0.9227153360843658

2021-04-25 00:11:47,550 ACC_overall: 0.9918284555276234

2021-04-25 00:11:47,550 IoU_poly: 0.8205110654234886

2021-04-25 00:11:47,550 IoU_bg: 0.9914825598398844

2021-04-25 00:11:47,550 IoU_mean: 0.9059968123833338

2021-04-25 00:11:47,550 ==============================
2021-04-25 00:11:47,550 

2021-04-25 00:12:03,000 RESULT FOR DATASET CVC-ClinicDB

2021-04-25 00:12:03,000 ==============================
2021-04-25 00:12:03,000 

2021-04-25 00:12:03,000 recall: 0.8752027990281461

2021-04-25 00:12:03,000 specificity: 0.9966060144286002

2021-04-25 00:12:03,000 precision: 0.925499290498274

2021-04-25 00:12:03,001 F1: 0.87539619848042

2021-04-25 00:12:03,001 F2: 0.8742695781552503

2021-04-25 00:12:03,001 ACC_overall: 0.9863031852629877

2021-04-25 00:12:03,001 IoU_poly: 0.8270470129265901

2021-04-25 00:12:03,001 IoU_bg: 0.9854034598796598

2021-04-25 00:12:03,001 IoU_mean: 0.906225236673509

2021-04-25 00:12:03,001 ==============================
2021-04-25 00:12:03,001 

2021-04-25 00:12:32,443 RESULT FOR DATASET Kvasir

2021-04-25 00:12:32,444 ==============================
2021-04-25 00:12:32,444 

2021-04-25 00:12:32,444 recall: 0.8922975465655327

2021-04-25 00:12:32,444 specificity: 0.9874210995435715

2021-04-25 00:12:32,444 precision: 0.9238144305348396

2021-04-25 00:12:32,444 F1: 0.8947817960381508

2021-04-25 00:12:32,444 F2: 0.8897691865265369

2021-04-25 00:12:32,444 ACC_overall: 0.9685849893093109

2021-04-25 00:12:32,444 IoU_poly: 0.8327092353999614

2021-04-25 00:12:32,444 IoU_bg: 0.9599168860912323

2021-04-25 00:12:32,444 IoU_mean: 0.8963130569458008

2021-04-25 00:12:32,444 ==============================
2021-04-25 00:12:32,444 

2021-04-25 00:14:27,483 RESULT FOR DATASET CVC-ColonDB

2021-04-25 00:14:27,483 ==============================
2021-04-25 00:14:27,483 

2021-04-25 00:14:27,483 recall: 0.6940152135016397

2021-04-25 00:14:27,483 specificity: 0.9956022215516944

2021-04-25 00:14:27,483 precision: 0.897976024296919

2021-04-25 00:14:27,484 F1: 0.6993128337677933

2021-04-25 00:14:27,484 F2: 0.6931324321122642

2021-04-25 00:14:27,484 ACC_overall: 0.9631958734832312

2021-04-25 00:14:27,484 IoU_poly: 0.6266260797479283

2021-04-25 00:14:27,484 IoU_bg: 0.9614930090935607

2021-04-25 00:14:27,484 IoU_mean: 0.7940595462526145

2021-04-25 00:14:27,484 ==============================
2021-04-25 00:14:27,484 

2021-04-25 00:15:49,291 RESULT FOR DATASET ETIS-LaribPolypDB

2021-04-25 00:15:49,291 ==============================
2021-04-25 00:15:49,291 

2021-04-25 00:15:49,291 recall: 0.639120847280969

2021-04-25 00:15:49,291 specificity: 0.9915002052273069

2021-04-25 00:15:49,291 precision: 0.7702847259627849

2021-04-25 00:15:49,291 F1: 0.6075682205006457

2021-04-25 00:15:49,291 F2: 0.6222953831555904

2021-04-25 00:15:49,292 ACC_overall: 0.9825333791727923

2021-04-25 00:15:49,292 IoU_poly: 0.5408599662985496

2021-04-25 00:15:49,292 IoU_bg: 0.9815927458052732

2021-04-25 00:15:49,292 IoU_mean: 0.7612263552692472

2021-04-25 00:15:49,292 ==============================
2021-04-25 00:15:49,292 

