2021-04-25 00:16:34,250 Epoch 0 	 Loss 0.6636720191646408
2021-04-25 00:17:16,750 Epoch 1 	 Loss 0.3305783545250421
2021-04-25 00:17:59,284 Epoch 2 	 Loss 0.23798253739273156
2021-04-25 00:18:41,862 Epoch 3 	 Loss 0.1995203183902489
2021-04-25 00:19:24,552 Epoch 4 	 Loss 0.1804780153619064
2021-04-25 00:20:07,259 Epoch 5 	 Loss 0.17949951530157865
2021-04-25 00:20:49,888 Epoch 6 	 Loss 0.16110718749709182
2021-04-25 00:21:32,592 Epoch 7 	 Loss 0.13266189502818243
2021-04-25 00:22:15,244 Epoch 8 	 Loss 0.12003369334634843
2021-04-25 00:22:57,947 Epoch 9 	 Loss 0.12078924337913702
2021-04-25 00:23:40,709 Epoch 10 	 Loss 0.1103806755208707
2021-04-25 00:24:23,379 Epoch 11 	 Loss 0.10000016278290487
2021-04-25 00:25:06,094 Epoch 12 	 Loss 0.096917086823301
2021-04-25 00:25:48,839 Epoch 13 	 Loss 0.08961539993901829
2021-04-25 00:26:31,518 Epoch 14 	 Loss 0.08346238552214025
2021-04-25 00:27:14,266 Epoch 15 	 Loss 0.07792048893132053
2021-04-25 00:27:57,024 Epoch 16 	 Loss 0.07473901822999283
2021-04-25 00:28:39,694 Epoch 17 	 Loss 0.07185723984634483
2021-04-25 00:29:22,442 Epoch 18 	 Loss 0.06917787228639309
2021-04-25 00:30:05,111 Epoch 19 	 Loss 0.06821462254111584
2021-04-25 00:30:47,851 Epoch 20 	 Loss 0.06681190242806634
2021-04-25 00:31:30,565 Epoch 21 	 Loss 0.06352287559555127
2021-04-25 00:32:13,285 Epoch 22 	 Loss 0.06174021480338914
2021-04-25 00:32:56,007 Epoch 23 	 Loss 0.06016324345882122
2021-04-25 00:33:38,731 Epoch 24 	 Loss 0.0590415171623885
2021-04-25 00:34:21,426 Epoch 25 	 Loss 0.05838848797829597
2021-04-25 00:35:04,126 Epoch 26 	 Loss 0.05580612935207702
2021-04-25 00:35:46,834 Epoch 27 	 Loss 0.05483226817879048
2021-04-25 00:36:29,539 Epoch 28 	 Loss 0.053128938016655684
2021-04-25 00:37:12,208 Epoch 29 	 Loss 0.05163399130105972
2021-04-25 00:37:54,929 Epoch 30 	 Loss 0.05095614902265779
2021-04-25 00:38:37,646 Epoch 31 	 Loss 0.0501114224585203
2021-04-25 00:39:20,409 Epoch 32 	 Loss 0.04951995517035107
2021-04-25 00:40:03,134 Epoch 33 	 Loss 0.048312477071534146
2021-04-25 00:40:45,909 Epoch 34 	 Loss 0.04775037309461898
2021-04-25 00:41:28,641 Epoch 35 	 Loss 0.047087510576942465
2021-04-25 00:42:11,319 Epoch 36 	 Loss 0.04699353570794011
2021-04-25 00:42:54,025 Epoch 37 	 Loss 0.046255686576222324
2021-04-25 00:43:36,698 Epoch 38 	 Loss 0.046029164854969294
2021-04-25 00:44:19,406 Epoch 39 	 Loss 0.04512505667222725
2021-04-25 00:45:02,146 Epoch 40 	 Loss 0.04428565809196168
2021-04-25 00:45:44,858 Epoch 41 	 Loss 0.04388203848521788
2021-04-25 00:46:27,591 Epoch 42 	 Loss 0.04359602940442798
2021-04-25 00:47:10,336 Epoch 43 	 Loss 0.04318206761400778
2021-04-25 00:47:53,115 Epoch 44 	 Loss 0.042800532592521916
2021-04-25 00:48:35,844 Epoch 45 	 Loss 0.04216702159616973
2021-04-25 00:49:18,513 Epoch 46 	 Loss 0.04211050857390676
2021-04-25 00:50:01,194 Epoch 47 	 Loss 0.042033674174940194
2021-04-25 00:50:43,890 Epoch 48 	 Loss 0.041748560555688624
2021-04-25 00:51:26,596 Epoch 49 	 Loss 0.04156178498006129
2021-04-25 00:52:09,331 Epoch 50 	 Loss 0.041289903346326325
2021-04-25 00:52:52,067 Epoch 51 	 Loss 0.041131200248396005
2021-04-25 00:53:34,784 Epoch 52 	 Loss 0.040856287333664004
2021-04-25 00:54:17,509 Epoch 53 	 Loss 0.040626608981535986
2021-04-25 00:55:00,197 Epoch 54 	 Loss 0.04018959386663123
2021-04-25 00:55:42,898 Epoch 55 	 Loss 0.03987172020824401
2021-04-25 00:56:25,673 Epoch 56 	 Loss 0.039804416248104074
2021-04-25 00:57:08,381 Epoch 57 	 Loss 0.039678740386779494
2021-04-25 00:57:51,029 Epoch 58 	 Loss 0.03957768214436678
2021-04-25 00:58:33,718 Epoch 59 	 Loss 0.03930400516633149
2021-04-25 00:59:16,398 Epoch 60 	 Loss 0.03908899528803406
2021-04-25 00:59:59,023 Epoch 61 	 Loss 0.03882286677157486
2021-04-25 01:00:41,725 Epoch 62 	 Loss 0.038760684635285494
2021-04-25 01:01:24,436 Epoch 63 	 Loss 0.03873540276845733
2021-04-25 01:02:07,128 Epoch 64 	 Loss 0.038495998543042406
2021-04-25 01:02:49,817 Epoch 65 	 Loss 0.038388481097561974
2021-04-25 01:03:32,617 Epoch 66 	 Loss 0.03821272190128054
2021-04-25 01:04:15,374 Epoch 67 	 Loss 0.038043332582974175
2021-04-25 01:04:58,172 Epoch 68 	 Loss 0.03791844369945945
2021-04-25 01:05:40,906 Epoch 69 	 Loss 0.037890044788082874
2021-04-25 01:06:23,580 Epoch 70 	 Loss 0.03780557743304378
2021-04-25 01:07:06,249 Epoch 71 	 Loss 0.037692126541674795
2021-04-25 01:07:48,936 Epoch 72 	 Loss 0.03761178107707055
2021-04-25 01:08:31,651 Epoch 73 	 Loss 0.0376900417300371
2021-04-25 01:09:14,362 Epoch 74 	 Loss 0.03753405711153052
2021-04-25 01:09:57,072 Epoch 75 	 Loss 0.037388626486063004
2021-04-25 01:10:39,819 Epoch 76 	 Loss 0.037377887211003144
2021-04-25 01:11:22,579 Epoch 77 	 Loss 0.03733701999862116
2021-04-25 01:12:05,282 Epoch 78 	 Loss 0.037258479048262585
2021-04-25 01:12:48,015 Epoch 79 	 Loss 0.037229183406292735
2021-04-25 01:13:30,835 Epoch 80 	 Loss 0.037198845256160906
2021-04-25 01:14:13,566 Epoch 81 	 Loss 0.03709989065652365
2021-04-25 01:14:56,252 Epoch 82 	 Loss 0.03715210358847629
2021-04-25 01:15:38,935 Epoch 83 	 Loss 0.037050215752570184
2021-04-25 01:16:21,645 Epoch 84 	 Loss 0.03698293733727801
2021-04-25 01:17:04,354 Epoch 85 	 Loss 0.03694650129630016
2021-04-25 01:17:47,098 Epoch 86 	 Loss 0.03703088825056841
2021-04-25 01:18:29,837 Epoch 87 	 Loss 0.036929411752210865
2021-04-25 01:19:12,548 Epoch 88 	 Loss 0.03691793175844046
2021-04-25 01:19:55,245 Epoch 89 	 Loss 0.036885514486949524
2021-04-25 01:20:37,961 Epoch 90 	 Loss 0.036865713013397465
2021-04-25 01:21:20,684 Epoch 91 	 Loss 0.03693671860210188
2021-04-25 01:22:03,424 Epoch 92 	 Loss 0.03685358604723281
2021-04-25 01:22:46,108 Epoch 93 	 Loss 0.036883083919247425
2021-04-25 01:23:28,795 Epoch 94 	 Loss 0.03681868801896389
2021-04-25 01:24:11,517 Epoch 95 	 Loss 0.03681858694487876
2021-04-25 01:24:54,226 Epoch 96 	 Loss 0.03684183762787462
2021-04-25 01:25:36,904 Epoch 97 	 Loss 0.03683461850652328
2021-04-25 01:26:19,536 Epoch 98 	 Loss 0.03678985337143416
2021-04-25 01:27:02,179 Epoch 99 	 Loss 0.03678696971018236
2021-04-25 01:27:22,024 RESULT FOR DATASET CVC-300

2021-04-25 01:27:22,024 ==============================
2021-04-25 01:27:22,025 

2021-04-25 01:27:22,025 recall: 0.9058741057834898

2021-04-25 01:27:22,025 specificity: 0.9946377019087473

2021-04-25 01:27:22,025 precision: 0.8645259176691373

2021-04-25 01:27:22,025 F1: 0.8635405518968279

2021-04-25 01:27:22,025 F2: 0.8852325109648518

2021-04-25 01:27:22,025 ACC_overall: 0.9925692816575368

2021-04-25 01:27:22,025 IoU_poly: 0.7962958344646419

2021-04-25 01:27:22,025 IoU_bg: 0.9922965854406357

2021-04-25 01:27:22,025 IoU_mean: 0.8942962139844894

2021-04-25 01:27:22,025 ==============================
2021-04-25 01:27:22,025 

2021-04-25 01:27:37,493 RESULT FOR DATASET CVC-ClinicDB

2021-04-25 01:27:37,493 ==============================
2021-04-25 01:27:37,493 

2021-04-25 01:27:37,493 recall: 0.8867938368235745

2021-04-25 01:27:37,493 specificity: 0.9968363950329442

2021-04-25 01:27:37,494 precision: 0.9418479425291861

2021-04-25 01:27:37,494 F1: 0.8889306953642517

2021-04-25 01:27:37,494 F2: 0.8866964597930952

2021-04-25 01:27:37,494 ACC_overall: 0.9869291445901317

2021-04-25 01:27:37,494 IoU_poly: 0.842394850059082

2021-04-25 01:27:37,494 IoU_bg: 0.9857908862252389

2021-04-25 01:27:37,494 IoU_mean: 0.9140928661630999

2021-04-25 01:27:37,494 ==============================
2021-04-25 01:27:37,494 

2021-04-25 01:28:07,157 RESULT FOR DATASET Kvasir

2021-04-25 01:28:07,157 ==============================
2021-04-25 01:28:07,157 

2021-04-25 01:28:07,157 recall: 0.8760794638813241

2021-04-25 01:28:07,157 specificity: 0.9888546365499497

2021-04-25 01:28:07,157 precision: 0.9253269165894017

2021-04-25 01:28:07,157 F1: 0.8788489335720078

2021-04-25 01:28:07,157 F2: 0.8733138140544179

2021-04-25 01:28:07,157 ACC_overall: 0.9676455503702164

2021-04-25 01:28:07,157 IoU_poly: 0.8201163536329114

2021-04-25 01:28:07,158 IoU_bg: 0.9592280405759811

2021-04-25 01:28:07,158 IoU_mean: 0.8896721962094307

2021-04-25 01:28:07,158 ==============================
2021-04-25 01:28:07,158 

2021-04-25 01:29:59,951 RESULT FOR DATASET CVC-ColonDB

2021-04-25 01:29:59,951 ==============================
2021-04-25 01:29:59,951 

2021-04-25 01:29:59,951 recall: 0.7081599906032124

2021-04-25 01:29:59,951 specificity: 0.9953740000724792

2021-04-25 01:29:59,952 precision: 0.8835332898982942

2021-04-25 01:29:59,952 F1: 0.7076598890433257

2021-04-25 01:29:59,952 F2: 0.7040814602889165

2021-04-25 01:29:59,952 ACC_overall: 0.9592279518121167

2021-04-25 01:29:59,952 IoU_poly: 0.6340099313841943

2021-04-25 01:29:59,952 IoU_bg: 0.95785188502387

2021-04-25 01:29:59,952 IoU_mean: 0.7959309096399106

2021-04-25 01:29:59,952 ==============================
2021-04-25 01:29:59,952 

2021-04-25 01:31:21,167 RESULT FOR DATASET ETIS-LaribPolypDB

2021-04-25 01:31:21,167 ==============================
2021-04-25 01:31:21,167 

2021-04-25 01:31:21,167 recall: 0.6523718283251072

2021-04-25 01:31:21,167 specificity: 0.9937961256625701

2021-04-25 01:31:21,167 precision: 0.7842862192829132

2021-04-25 01:31:21,167 F1: 0.6289009942995516

2021-04-25 01:31:21,167 F2: 0.6390845588855195

2021-04-25 01:31:21,167 ACC_overall: 0.9852501211725936

2021-04-25 01:31:21,168 IoU_poly: 0.5592707131875484

2021-04-25 01:31:21,168 IoU_bg: 0.9842744795035343

2021-04-25 01:31:21,168 IoU_mean: 0.7717725953885487

2021-04-25 01:31:21,168 ==============================
2021-04-25 01:31:21,168 

