2021-04-17 07:27:01,379 RESULT FOR DATASET CVC-300

2021-04-17 07:27:01,380 ==============================
2021-04-17 07:27:01,380 

2021-04-17 07:27:01,381 recall: 0.8044357168542774

2021-04-17 07:27:01,382 specificity: 0.9920240630706151

2021-04-17 07:27:01,382 precision: 0.7645744419734304

2021-04-17 07:27:01,382 F1: 0.7308558562831119

2021-04-17 07:27:01,382 F2: 0.7687104378261816

2021-04-17 07:27:01,383 ACC_overall: 0.9863047659397125

2021-04-17 07:27:01,383 IoU_poly: 0.6369995528571356

2021-04-17 07:27:01,383 IoU_bg: 0.9858177711566289

2021-04-17 07:27:01,383 IoU_mean: 0.8114086583256721

2021-04-17 07:27:01,383 ==============================
2021-04-17 07:27:01,383 

2021-04-17 07:27:04,048 RESULT FOR DATASET CVC-ClinicDB

2021-04-17 07:27:04,059 ==============================
2021-04-17 07:27:04,059 

2021-04-17 07:27:04,063 recall: 0.827618967171856

2021-04-17 07:27:04,063 specificity: 0.9945904410654499

2021-04-17 07:27:04,064 precision: 0.8848535803206745

2021-04-17 07:27:04,065 F1: 0.8187763328333536

2021-04-17 07:27:04,065 F2: 0.8208613142074507

2021-04-17 07:27:04,066 ACC_overall: 0.9774531750909744

2021-04-17 07:27:04,067 IoU_poly: 0.7510833855250836

2021-04-17 07:27:04,068 IoU_bg: 0.9755534520072322

2021-04-17 07:27:04,068 IoU_mean: 0.8633184197448915

2021-04-17 07:27:04,069 ==============================
2021-04-17 07:27:04,070 

2021-04-17 07:27:09,413 RESULT FOR DATASET Kvasir

2021-04-17 07:27:09,414 ==============================
2021-04-17 07:27:09,415 

2021-04-17 07:27:09,415 recall: 0.7965534975379706

2021-04-17 07:27:09,416 specificity: 0.9828492259979248

2021-04-17 07:27:09,416 precision: 0.8706472229212523

2021-04-17 07:27:09,417 F1: 0.7946997745335103

2021-04-17 07:27:09,418 F2: 0.7844292101264

2021-04-17 07:27:09,419 ACC_overall: 0.9410989314317704

2021-04-17 07:27:09,419 IoU_poly: 0.6989361053705215

2021-04-17 07:27:09,420 IoU_bg: 0.9303836044669151

2021-04-17 07:27:09,420 IoU_mean: 0.8146598535776138

2021-04-17 07:27:09,421 ==============================
2021-04-17 07:27:09,422 

2021-04-17 07:27:29,352 RESULT FOR DATASET CVC-ColonDB

2021-04-17 07:27:29,352 ==============================
2021-04-17 07:27:29,352 

2021-04-17 07:27:29,353 recall: 0.5823419716622874

2021-04-17 07:27:29,353 specificity: 0.9899217059737757

2021-04-17 07:27:29,354 precision: 0.7551095547265791

2021-04-17 07:27:29,354 F1: 0.5662942742375986

2021-04-17 07:27:29,354 F2: 0.5686014651623138

2021-04-17 07:27:29,355 ACC_overall: 0.9494040483706876

2021-04-17 07:27:29,356 IoU_poly: 0.4799618701108461

2021-04-17 07:27:29,356 IoU_bg: 0.9473397305921505

2021-04-17 07:27:29,357 IoU_mean: 0.7136507993465976

2021-04-17 07:27:29,357 ==============================
2021-04-17 07:27:29,358 

2021-04-17 07:27:47,296 RESULT FOR DATASET ETIS-LaribPolypDB

2021-04-17 07:27:47,296 ==============================
2021-04-17 07:27:47,297 

2021-04-17 07:27:47,297 recall: 0.3599609055470363

2021-04-17 07:27:47,297 specificity: 0.9912121420612141

2021-04-17 07:27:47,297 precision: 0.6036303485187379

2021-04-17 07:27:47,299 F1: 0.3435264910301844

2021-04-17 07:27:47,300 F2: 0.3482677022859105

2021-04-17 07:27:47,300 ACC_overall: 0.9672845115466994

2021-04-17 07:27:47,301 IoU_poly: 0.28531146499803334

2021-04-17 07:27:47,302 IoU_bg: 0.9662341651867847

2021-04-17 07:27:47,303 IoU_mean: 0.6257728152737325

2021-04-17 07:27:47,303 ==============================
2021-04-17 07:27:47,304 

