2021-04-13 06:25:31,653 RESULT FOR DATASET CVC-300

2021-04-13 06:25:31,653 ==============================
2021-04-13 06:25:31,653 

2021-04-13 06:25:31,653 recall: 0.720099859800636

2021-04-13 06:25:31,653 specificity: 0.6517262578010559

2021-04-13 06:25:31,653 precision: 0.07146006011498685

2021-04-13 06:25:31,653 F1: 0.12493066412559226

2021-04-13 06:25:31,653 F2: 0.23497717160765508

2021-04-13 06:25:31,653 ACC_overall: 0.6565362999836604

2021-04-13 06:25:31,653 IoU_poly: 0.0694017831024515

2021-04-13 06:25:31,653 IoU_bg: 0.6465845902760824

2021-04-13 06:25:31,653 IoU_mean: 0.35799318651358286

2021-04-13 06:25:31,653 ==============================
2021-04-13 06:25:31,653 

2021-04-13 06:25:33,717 RESULT FOR DATASET CVC-ClinicDB

2021-04-13 06:25:33,717 ==============================
2021-04-13 06:25:33,717 

2021-04-13 06:25:33,717 recall: 0.48719294662218854

2021-04-13 06:25:33,718 specificity: 0.8921465248830857

2021-04-13 06:25:33,718 precision: 0.2605997831438036

2021-04-13 06:25:33,718 F1: 0.28474723729678153

2021-04-13 06:25:33,718 F2: 0.3484729437761651

2021-04-13 06:25:33,718 ACC_overall: 0.8575871086889698

2021-04-13 06:25:33,718 IoU_poly: 0.19435215823467578

2021-04-13 06:25:33,718 IoU_bg: 0.8515491793232579

2021-04-13 06:25:33,718 IoU_mean: 0.5229506680080968

2021-04-13 06:25:33,718 ==============================
2021-04-13 06:25:33,718 

2021-04-13 06:25:37,895 RESULT FOR DATASET Kvasir

2021-04-13 06:25:37,895 ==============================
2021-04-13 06:25:37,895 

2021-04-13 06:25:37,895 recall: 0.7528474814459333

2021-04-13 06:25:37,895 specificity: 0.6220829485356808

2021-04-13 06:25:37,895 precision: 0.2619934822859796

2021-04-13 06:25:37,895 F1: 0.3429571681412926

2021-04-13 06:25:37,895 F2: 0.4634788860568369

2021-04-13 06:25:37,895 ACC_overall: 0.6373076425492763

2021-04-13 06:25:37,895 IoU_poly: 0.22658566101385078

2021-04-13 06:25:37,895 IoU_bg: 0.5882394289970398

2021-04-13 06:25:37,896 IoU_mean: 0.4074125435948372

2021-04-13 06:25:37,896 ==============================
2021-04-13 06:25:37,896 

2021-04-13 06:25:52,940 RESULT FOR DATASET CVC-ColonDB

2021-04-13 06:25:52,940 ==============================
2021-04-13 06:25:52,940 

2021-04-13 06:25:52,940 recall: 0.4068213592317486

2021-04-13 06:25:52,940 specificity: 0.8259362990134641

2021-04-13 06:25:52,940 precision: 0.16930584082427613

2021-04-13 06:25:52,940 F1: 0.1516513255533554

2021-04-13 06:25:52,940 F2: 0.21005192694481017

2021-04-13 06:25:52,940 ACC_overall: 0.7889796825615983

2021-04-13 06:25:52,940 IoU_poly: 0.09063062409593266

2021-04-13 06:25:52,940 IoU_bg: 0.7800970810024361

2021-04-13 06:25:52,940 IoU_mean: 0.43536385282089834

2021-04-13 06:25:52,940 ==============================
2021-04-13 06:25:52,940 

2021-04-13 06:26:06,713 RESULT FOR DATASET ETIS-LaribPolypDB

2021-04-13 06:26:06,713 ==============================
2021-04-13 06:26:06,713 

2021-04-13 06:26:06,713 recall: 0.8508207517916905

2021-04-13 06:26:06,713 specificity: 0.3676350601017475

2021-04-13 06:26:06,713 precision: 0.06332388333864496

2021-04-13 06:26:06,713 F1: 0.10481041168436628

2021-04-13 06:26:06,713 F2: 0.18713406605245939

2021-04-13 06:26:06,713 ACC_overall: 0.3834222883214148

2021-04-13 06:26:06,713 IoU_poly: 0.0602921616937632

2021-04-13 06:26:06,713 IoU_bg: 0.3624460658400643

2021-04-13 06:26:06,713 IoU_mean: 0.2113691137020229

2021-04-13 06:26:06,713 ==============================
2021-04-13 06:26:06,713 

