2021-05-13 21:33:00,105 RESULT FOR DATASET CVC-300

2021-05-13 21:33:00,105 ==============================
2021-05-13 21:33:00,105 

2021-05-13 21:33:00,105 recall: 0.9622620612382888

2021-05-13 21:33:00,105 specificity: 0.9867176751295725

2021-05-13 21:33:00,105 precision: 0.8096103777488073

2021-05-13 21:33:00,105 F1: 0.8501563921570778

2021-05-13 21:33:00,105 F2: 0.8924247076114019

2021-05-13 21:33:00,105 ACC_overall: 0.9859361757834753

2021-05-13 21:33:00,106 IoU_poly: 0.783065248777469

2021-05-13 21:33:00,106 IoU_bg: 0.9854778279860814

2021-05-13 21:33:00,106 IoU_mean: 0.8842715432246526

2021-05-13 21:33:00,106 ==============================
2021-05-13 21:33:00,106 

2021-05-13 21:33:15,679 RESULT FOR DATASET CVC-ClinicDB

2021-05-13 21:33:15,679 ==============================
2021-05-13 21:33:15,679 

2021-05-13 21:33:15,679 recall: 0.9496052918895599

2021-05-13 21:33:15,679 specificity: 0.9936018182385352

2021-05-13 21:33:15,679 precision: 0.9033994099065181

2021-05-13 21:33:15,679 F1: 0.9095814017759215

2021-05-13 21:33:15,679 F2: 0.9217754299602201

2021-05-13 21:33:15,679 ACC_overall: 0.9911555157553765

2021-05-13 21:33:15,679 IoU_poly: 0.8608011917000816

2021-05-13 21:33:15,679 IoU_bg: 0.9899178599157641

2021-05-13 21:33:15,680 IoU_mean: 0.9253595274302268

2021-05-13 21:33:15,680 ==============================
2021-05-13 21:33:15,680 

2021-05-13 21:33:46,642 RESULT FOR DATASET Kvasir

2021-05-13 21:33:46,642 ==============================
2021-05-13 21:33:46,642 

2021-05-13 21:33:46,642 recall: 0.9198614436388016

2021-05-13 21:33:46,642 specificity: 0.9866247433423996

2021-05-13 21:33:46,642 precision: 0.9270497336983681

2021-05-13 21:33:46,642 F1: 0.9154167973995209

2021-05-13 21:33:46,643 F2: 0.9158484119176865

2021-05-13 21:33:46,643 ACC_overall: 0.9749426323175431

2021-05-13 21:33:46,643 IoU_poly: 0.8621862263977528

2021-05-13 21:33:46,643 IoU_bg: 0.9664843833446503

2021-05-13 21:33:46,643 IoU_mean: 0.9143353068828582

2021-05-13 21:33:46,643 ==============================
2021-05-13 21:33:46,643 

2021-05-13 21:35:41,305 RESULT FOR DATASET CVC-ColonDB

2021-05-13 21:35:41,305 ==============================
2021-05-13 21:35:41,305 

2021-05-13 21:35:41,305 recall: 0.8232281760115472

2021-05-13 21:35:41,305 specificity: 0.986361963497965

2021-05-13 21:35:41,306 precision: 0.8009058260749187

2021-05-13 21:35:41,306 F1: 0.7679947733859224

2021-05-13 21:35:41,306 F2: 0.7845213530454658

2021-05-13 21:35:41,306 ACC_overall: 0.9617463910265973

2021-05-13 21:35:41,306 IoU_poly: 0.6893632490892861

2021-05-13 21:35:41,306 IoU_bg: 0.9590803630257908

2021-05-13 21:35:41,306 IoU_mean: 0.8242218081496264

2021-05-13 21:35:41,306 ==============================
2021-05-13 21:35:41,306 

2021-05-13 21:37:02,745 RESULT FOR DATASET ETIS-LaribPolypDB

2021-05-13 21:37:02,745 ==============================
2021-05-13 21:37:02,746 

2021-05-13 21:37:02,746 recall: 0.8811166533884104

2021-05-13 21:37:02,746 specificity: 0.985663753687119

2021-05-13 21:37:02,746 precision: 0.7215563213069415

2021-05-13 21:37:02,746 F1: 0.7650170504553035

2021-05-13 21:37:02,746 F2: 0.81787272118833

2021-05-13 21:37:02,746 ACC_overall: 0.9835712526525769

2021-05-13 21:37:02,746 IoU_poly: 0.6787116450444078

2021-05-13 21:37:02,746 IoU_bg: 0.9827892089984855

2021-05-13 21:37:02,746 IoU_mean: 0.8307504272278474

2021-05-13 21:37:02,746 ==============================
2021-05-13 21:37:02,746 

