2021-05-01 08:08:30,221 RESULT FOR DATASET CVC-300

2021-05-01 08:08:30,221 ==============================
2021-05-01 08:08:30,221 

2021-05-01 08:08:30,221 recall: 0.9647657295068105

2021-05-01 08:08:30,222 specificity: 0.989201870560646

2021-05-01 08:08:30,222 precision: 0.8205083972464006

2021-05-01 08:08:30,222 F1: 0.8623927923540274

2021-05-01 08:08:30,222 F2: 0.9032775724927584

2021-05-01 08:08:30,222 ACC_overall: 0.9883769998947779

2021-05-01 08:08:30,222 IoU_poly: 0.7945869060854117

2021-05-01 08:08:30,222 IoU_bg: 0.987984636425972

2021-05-01 08:08:30,222 IoU_mean: 0.8912857721249262

2021-05-01 08:08:30,222 ==============================
2021-05-01 08:08:30,222 

2021-05-01 08:08:46,085 RESULT FOR DATASET CVC-ClinicDB

2021-05-01 08:08:46,086 ==============================
2021-05-01 08:08:46,086 

2021-05-01 08:08:46,086 recall: 0.9518061876296997

2021-05-01 08:08:46,086 specificity: 0.9927970699725612

2021-05-01 08:08:46,086 precision: 0.8950581489911964

2021-05-01 08:08:46,086 F1: 0.9093178439765207

2021-05-01 08:08:46,086 F2: 0.9227516497335126

2021-05-01 08:08:46,086 ACC_overall: 0.9892704986756847

2021-05-01 08:08:46,086 IoU_poly: 0.8579965734313573

2021-05-01 08:08:46,086 IoU_bg: 0.987544676949901

2021-05-01 08:08:46,086 IoU_mean: 0.9227706222764908

2021-05-01 08:08:46,086 ==============================
2021-05-01 08:08:46,087 

2021-05-01 08:09:16,346 RESULT FOR DATASET Kvasir

2021-05-01 08:09:16,346 ==============================
2021-05-01 08:09:16,346 

2021-05-01 08:09:16,346 recall: 0.9048886127769947

2021-05-01 08:09:16,346 specificity: 0.9842471200227737

2021-05-01 08:09:16,346 precision: 0.9180671220272779

2021-05-01 08:09:16,346 F1: 0.8952870097756386

2021-05-01 08:09:16,346 F2: 0.8953597748279571

2021-05-01 08:09:16,347 ACC_overall: 0.9698523670434952

2021-05-01 08:09:16,347 IoU_poly: 0.8403297685831785

2021-05-01 08:09:16,347 IoU_bg: 0.9627886605262757

2021-05-01 08:09:16,347 IoU_mean: 0.9015592131018638

2021-05-01 08:09:16,347 ==============================
2021-05-01 08:09:16,347 

2021-05-01 08:11:16,481 RESULT FOR DATASET CVC-ColonDB

2021-05-01 08:11:16,481 ==============================
2021-05-01 08:11:16,481 

2021-05-01 08:11:16,481 recall: 0.8659657277820052

2021-05-01 08:11:16,481 specificity: 0.9817646335614355

2021-05-01 08:11:16,481 precision: 0.8014433871518314

2021-05-01 08:11:16,481 F1: 0.7940773474994594

2021-05-01 08:11:16,481 F2: 0.8130794313587342

2021-05-01 08:11:16,481 ACC_overall: 0.9653379394819862

2021-05-01 08:11:16,481 IoU_poly: 0.7152715286007726

2021-05-01 08:11:16,481 IoU_bg: 0.9609822081892114

2021-05-01 08:11:16,481 IoU_mean: 0.8381268676958586

2021-05-01 08:11:16,482 ==============================
2021-05-01 08:11:16,482 

2021-05-01 08:12:38,506 RESULT FOR DATASET ETIS-LaribPolypDB

2021-05-01 08:12:38,507 ==============================
2021-05-01 08:12:38,507 

2021-05-01 08:12:38,507 recall: 0.848457346626182

2021-05-01 08:12:38,507 specificity: 0.9836440758437527

2021-05-01 08:12:38,507 precision: 0.6920522401426876

2021-05-01 08:12:38,507 F1: 0.7338309308624587

2021-05-01 08:12:38,507 F2: 0.7829319284099219

2021-05-01 08:12:38,507 ACC_overall: 0.9812023058837774

2021-05-01 08:12:38,507 IoU_poly: 0.6509598105135131

2021-05-01 08:12:38,507 IoU_bg: 0.9803573671652346

2021-05-01 08:12:38,507 IoU_mean: 0.8156585903192053

2021-05-01 08:12:38,507 ==============================
2021-05-01 08:12:38,507 

