2021-05-13 21:28:23,377 RESULT FOR DATASET CVC-300

2021-05-13 21:28:23,377 ==============================
2021-05-13 21:28:23,377 

2021-05-13 21:28:23,377 recall: 0.9684783776601156

2021-05-13 21:28:23,377 specificity: 0.987353237469991

2021-05-13 21:28:23,378 precision: 0.7946556714673837

2021-05-13 21:28:23,378 F1: 0.8482933732370536

2021-05-13 21:28:23,378 F2: 0.8982322558760643

2021-05-13 21:28:23,378 ACC_overall: 0.986799477537473

2021-05-13 21:28:23,378 IoU_poly: 0.7737151051561038

2021-05-13 21:28:23,378 IoU_bg: 0.9863307336966197

2021-05-13 21:28:23,378 IoU_mean: 0.8800229171911875

2021-05-13 21:28:23,378 ==============================
2021-05-13 21:28:23,378 

2021-05-13 21:28:40,705 RESULT FOR DATASET CVC-ClinicDB

2021-05-13 21:28:40,706 ==============================
2021-05-13 21:28:40,706 

2021-05-13 21:28:40,706 recall: 0.9445843237542337

2021-05-13 21:28:40,706 specificity: 0.9935459561886326

2021-05-13 21:28:40,706 precision: 0.8919779810934297

2021-05-13 21:28:40,706 F1: 0.9080404443365913

2021-05-13 21:28:40,706 F2: 0.9223564470246914

2021-05-13 21:28:40,706 ACC_overall: 0.9916766151305167

2021-05-13 21:28:40,706 IoU_poly: 0.8584854981952137

2021-05-13 21:28:40,706 IoU_bg: 0.9905311830582157

2021-05-13 21:28:40,706 IoU_mean: 0.9245083389743682

2021-05-13 21:28:40,706 ==============================
2021-05-13 21:28:40,706 

2021-05-13 21:29:12,127 RESULT FOR DATASET Kvasir

2021-05-13 21:29:12,127 ==============================
2021-05-13 21:29:12,127 

2021-05-13 21:29:12,127 recall: 0.9127187460660935

2021-05-13 21:29:12,127 specificity: 0.9902042359113693

2021-05-13 21:29:12,127 precision: 0.9428911545872688

2021-05-13 21:29:12,127 F1: 0.9167194871604443

2021-05-13 21:29:12,127 F2: 0.9108261218667031

2021-05-13 21:29:12,127 ACC_overall: 0.976149046421051

2021-05-13 21:29:12,128 IoU_poly: 0.8669746963679791

2021-05-13 21:29:12,128 IoU_bg: 0.969390230178833

2021-05-13 21:29:12,128 IoU_mean: 0.9181824624538422

2021-05-13 21:29:12,128 ==============================
2021-05-13 21:29:12,128 

2021-05-13 21:31:10,596 RESULT FOR DATASET CVC-ColonDB

2021-05-13 21:31:10,596 ==============================
2021-05-13 21:31:10,596 

2021-05-13 21:31:10,596 recall: 0.8448214460497447

2021-05-13 21:31:10,596 specificity: 0.9801551011832137

2021-05-13 21:31:10,596 precision: 0.7824835157259402

2021-05-13 21:31:10,596 F1: 0.7634269130222253

2021-05-13 21:31:10,596 F2: 0.7840592426246842

2021-05-13 21:31:10,596 ACC_overall: 0.9600047318558944

2021-05-13 21:31:10,596 IoU_poly: 0.6867179378159635

2021-05-13 21:31:10,596 IoU_bg: 0.9566448313625235

2021-05-13 21:31:10,596 IoU_mean: 0.8216813836050662

2021-05-13 21:31:10,596 ==============================
2021-05-13 21:31:10,596 

2021-05-13 21:32:37,075 RESULT FOR DATASET ETIS-LaribPolypDB

2021-05-13 21:32:37,076 ==============================
2021-05-13 21:32:37,076 

2021-05-13 21:32:37,076 recall: 0.837794951438141

2021-05-13 21:32:37,076 specificity: 0.9823648290974754

2021-05-13 21:32:37,076 precision: 0.6752925056565875

2021-05-13 21:32:37,076 F1: 0.7163178921558919

2021-05-13 21:32:37,076 F2: 0.7683031204382856

2021-05-13 21:32:37,076 ACC_overall: 0.9799726970341741

2021-05-13 21:32:37,076 IoU_poly: 0.631990573568067

2021-05-13 21:32:37,076 IoU_bg: 0.9790826774373347

2021-05-13 21:32:37,076 IoU_mean: 0.8055366273133122

2021-05-13 21:32:37,076 ==============================
2021-05-13 21:32:37,076 

