2021-05-13 21:23:45,020 RESULT FOR DATASET CVC-300

2021-05-13 21:23:45,020 ==============================
2021-05-13 21:23:45,020 

2021-05-13 21:23:45,020 recall: 0.9616524239381155

2021-05-13 21:23:45,020 specificity: 0.9899378081162771

2021-05-13 21:23:45,020 precision: 0.8195751852045456

2021-05-13 21:23:45,020 F1: 0.861042969673872

2021-05-13 21:23:45,020 F2: 0.9016241629918417

2021-05-13 21:23:45,020 ACC_overall: 0.9889855394760768

2021-05-13 21:23:45,020 IoU_poly: 0.7908949330449104

2021-05-13 21:23:45,020 IoU_bg: 0.9886310388644536

2021-05-13 21:23:45,020 IoU_mean: 0.8897629847129186

2021-05-13 21:23:45,020 ==============================
2021-05-13 21:23:45,021 

2021-05-13 21:24:01,586 RESULT FOR DATASET CVC-ClinicDB

2021-05-13 21:24:01,586 ==============================
2021-05-13 21:24:01,586 

2021-05-13 21:24:01,586 recall: 0.929439872022598

2021-05-13 21:24:01,586 specificity: 0.9944694407524601

2021-05-13 21:24:01,586 precision: 0.8967947026267798

2021-05-13 21:24:01,586 F1: 0.9026277203060266

2021-05-13 21:24:01,586 F2: 0.9144194828413967

2021-05-13 21:24:01,586 ACC_overall: 0.991771851816485

2021-05-13 21:24:01,586 IoU_poly: 0.8509565163779282

2021-05-13 21:24:01,586 IoU_bg: 0.9903969774323125

2021-05-13 21:24:01,586 IoU_mean: 0.9206767500408234

2021-05-13 21:24:01,586 ==============================
2021-05-13 21:24:01,586 

2021-05-13 21:24:34,690 RESULT FOR DATASET Kvasir

2021-05-13 21:24:34,690 ==============================
2021-05-13 21:24:34,690 

2021-05-13 21:24:34,690 recall: 0.9119558563828468

2021-05-13 21:24:34,690 specificity: 0.9892533773183823

2021-05-13 21:24:34,690 precision: 0.9378900533914566

2021-05-13 21:24:34,691 F1: 0.9154778549075127

2021-05-13 21:24:34,691 F2: 0.9114473289251328

2021-05-13 21:24:34,691 ACC_overall: 0.9754586428403854

2021-05-13 21:24:34,691 IoU_poly: 0.8626420995593072

2021-05-13 21:24:34,691 IoU_bg: 0.9679553198814392

2021-05-13 21:24:34,691 IoU_mean: 0.9152987086772919

2021-05-13 21:24:34,691 ==============================
2021-05-13 21:24:34,691 

2021-05-13 21:26:31,942 RESULT FOR DATASET CVC-ColonDB

2021-05-13 21:26:31,942 ==============================
2021-05-13 21:26:31,942 

2021-05-13 21:26:31,942 recall: 0.8067076246413439

2021-05-13 21:26:31,942 specificity: 0.9861610994527215

2021-05-13 21:26:31,942 precision: 0.7962245842107223

2021-05-13 21:26:31,943 F1: 0.7584547764547719

2021-05-13 21:26:31,943 F2: 0.7723119953589156

2021-05-13 21:26:31,943 ACC_overall: 0.9595634159288908

2021-05-13 21:26:31,943 IoU_poly: 0.6790757399205308

2021-05-13 21:26:31,943 IoU_bg: 0.956973038064806

2021-05-13 21:26:31,943 IoU_mean: 0.8180243895242089

2021-05-13 21:26:31,943 ==============================
2021-05-13 21:26:31,943 

2021-05-13 21:27:58,247 RESULT FOR DATASET ETIS-LaribPolypDB

2021-05-13 21:27:58,247 ==============================
2021-05-13 21:27:58,247 

2021-05-13 21:27:58,247 recall: 0.8176153475762792

2021-05-13 21:27:58,247 specificity: 0.9835743052618844

2021-05-13 21:27:58,247 precision: 0.6991942343134209

2021-05-13 21:27:58,247 F1: 0.7219665430288981

2021-05-13 21:27:58,247 F2: 0.7668482272287644

2021-05-13 21:27:58,247 ACC_overall: 0.9814132911210157

2021-05-13 21:27:58,247 IoU_poly: 0.6386811525325222

2021-05-13 21:27:58,247 IoU_bg: 0.9804360164063317

2021-05-13 21:27:58,247 IoU_mean: 0.8095585861984564

2021-05-13 21:27:58,248 ==============================
2021-05-13 21:27:58,248 

