2021-04-27 08:43:07,197 Epoch 0 	 Loss 0.7739402936710106
2021-04-27 08:43:39,539 Epoch 1 	 Loss 0.5384774175319043
2021-04-27 08:44:11,909 Epoch 2 	 Loss 0.4890995284358224
2021-04-27 08:44:44,365 Epoch 3 	 Loss 0.4384467572301299
2021-04-27 08:45:16,801 Epoch 4 	 Loss 0.4203987593179221
2021-04-27 08:45:49,096 Epoch 5 	 Loss 0.41085618767109544
2021-04-27 08:46:21,441 Epoch 6 	 Loss 0.39437072650416866
2021-04-27 08:46:53,852 Epoch 7 	 Loss 0.3793793178194172
2021-04-27 08:47:26,274 Epoch 8 	 Loss 0.36875628589928805
2021-04-27 08:47:58,794 Epoch 9 	 Loss 0.36094112137516776
2021-04-27 08:48:31,239 Epoch 10 	 Loss 0.3616722163918254
2021-04-27 08:49:03,607 Epoch 11 	 Loss 0.33983492654758496
2021-04-27 08:49:36,002 Epoch 12 	 Loss 0.34733344729130083
2021-04-27 08:50:08,364 Epoch 13 	 Loss 0.327553670157443
2021-04-27 08:50:40,801 Epoch 14 	 Loss 0.3312184522440145
2021-04-27 08:51:13,203 Epoch 15 	 Loss 0.32593338404382977
2021-04-27 08:51:45,840 Epoch 16 	 Loss 0.314656722676623
2021-04-27 08:52:18,353 Epoch 17 	 Loss 0.31007344742397686
2021-04-27 08:52:50,934 Epoch 18 	 Loss 0.31126997153182606
2021-04-27 08:53:23,388 Epoch 19 	 Loss 0.29701665109330483
2021-04-27 08:53:55,929 Epoch 20 	 Loss 0.29529634036205626
2021-04-27 08:54:28,424 Epoch 21 	 Loss 0.2895437772129918
2021-04-27 08:55:00,945 Epoch 22 	 Loss 0.2852003887131974
2021-04-27 08:55:33,406 Epoch 23 	 Loss 0.2844107550579113
2021-04-27 08:56:05,810 Epoch 24 	 Loss 0.2834926737206323
2021-04-27 08:56:38,239 Epoch 25 	 Loss 0.2829300250325884
2021-04-27 08:57:10,694 Epoch 26 	 Loss 0.283914830330964
2021-04-27 08:57:43,279 Epoch 27 	 Loss 0.27840285330683323
2021-04-27 08:58:15,712 Epoch 28 	 Loss 0.2735983236477925
2021-04-27 08:58:48,211 Epoch 29 	 Loss 0.2668949516264947
2021-04-27 08:59:20,674 Epoch 30 	 Loss 0.2637683054903051
2021-04-27 08:59:53,188 Epoch 31 	 Loss 0.25113716885283754
2021-04-27 09:00:25,766 Epoch 32 	 Loss 0.26662980576792916
2021-04-27 09:00:58,236 Epoch 33 	 Loss 0.2547070891647549
2021-04-27 09:01:30,724 Epoch 34 	 Loss 0.25152195007591455
2021-04-27 09:02:03,118 Epoch 35 	 Loss 0.2523933762049937
2021-04-27 09:02:35,568 Epoch 36 	 Loss 0.25480028020811607
2021-04-27 09:03:08,007 Epoch 37 	 Loss 0.2508154478701916
2021-04-27 09:03:40,420 Epoch 38 	 Loss 0.24322198036607806
2021-04-27 09:04:12,920 Epoch 39 	 Loss 0.2384320474587954
2021-04-27 09:04:45,478 Epoch 40 	 Loss 0.24251111048263507
2021-04-27 09:05:17,896 Epoch 41 	 Loss 0.2395453888636369
2021-04-27 09:05:50,390 Epoch 42 	 Loss 0.2378261359510841
2021-04-27 09:06:22,798 Epoch 43 	 Loss 0.23641309387736267
2021-04-27 09:06:55,211 Epoch 44 	 Loss 0.23368399041694599
2021-04-27 09:07:27,600 Epoch 45 	 Loss 0.2290179228389656
2021-04-27 09:07:59,877 Epoch 46 	 Loss 0.22829320502805187
2021-04-27 09:08:32,383 Epoch 47 	 Loss 0.2266897031894097
2021-04-27 09:09:04,886 Epoch 48 	 Loss 0.22043685631437615
2021-04-27 09:09:37,432 Epoch 49 	 Loss 0.22497307877619188
2021-04-27 09:10:09,876 Epoch 50 	 Loss 0.2202289893731966
2021-04-27 09:10:42,276 Epoch 51 	 Loss 0.21818955029760087
2021-04-27 09:11:14,879 Epoch 52 	 Loss 0.22136751406795377
2021-04-27 09:11:47,250 Epoch 53 	 Loss 0.21426069065109715
2021-04-27 09:12:19,795 Epoch 54 	 Loss 0.21050628119117612
2021-04-27 09:12:52,222 Epoch 55 	 Loss 0.20774106664971992
2021-04-27 09:13:24,780 Epoch 56 	 Loss 0.20753944182133938
2021-04-27 09:13:57,212 Epoch 57 	 Loss 0.20564802220234504
2021-04-27 09:14:29,659 Epoch 58 	 Loss 0.2100720927938
2021-04-27 09:15:02,172 Epoch 59 	 Loss 0.21232040996079918
2021-04-27 09:15:34,558 Epoch 60 	 Loss 0.20691074774815485
2021-04-27 09:16:07,097 Epoch 61 	 Loss 0.2038523405790329
2021-04-27 09:16:39,540 Epoch 62 	 Loss 0.2020387880422257
2021-04-27 09:17:12,042 Epoch 63 	 Loss 0.19773125501124414
2021-04-27 09:17:44,518 Epoch 64 	 Loss 0.20030065994341295
2021-04-27 09:18:16,948 Epoch 65 	 Loss 0.2056711067210187
2021-04-27 09:18:49,349 Epoch 66 	 Loss 0.19504925363011413
2021-04-27 09:19:21,751 Epoch 67 	 Loss 0.19692649160112655
2021-04-27 09:19:54,233 Epoch 68 	 Loss 0.19515175920921368
2021-04-27 09:20:26,625 Epoch 69 	 Loss 0.19997016987302801
2021-04-27 09:20:59,043 Epoch 70 	 Loss 0.19314095754544813
2021-04-27 09:21:31,597 Epoch 71 	 Loss 0.18960606462352877
2021-04-27 09:22:04,008 Epoch 72 	 Loss 0.1922390600154688
2021-04-27 09:22:36,434 Epoch 73 	 Loss 0.19224428033435736
2021-04-27 09:23:08,966 Epoch 74 	 Loss 0.19649198880562416
2021-04-27 09:23:41,455 Epoch 75 	 Loss 0.18867946964698834
2021-04-27 09:24:14,024 Epoch 76 	 Loss 0.18802301896797433
2021-04-27 09:24:46,528 Epoch 77 	 Loss 0.1889037209880221
2021-04-27 09:25:19,119 Epoch 78 	 Loss 0.19221575132438115
2021-04-27 09:25:51,600 Epoch 79 	 Loss 0.1860111804453881
2021-04-27 09:26:24,063 Epoch 80 	 Loss 0.18890021659515716
2021-04-27 09:26:56,513 Epoch 81 	 Loss 0.18978145587575304
2021-04-27 09:27:28,930 Epoch 82 	 Loss 0.18555562689409152
2021-04-27 09:28:01,335 Epoch 83 	 Loss 0.18948173441074706
2021-04-27 09:28:33,873 Epoch 84 	 Loss 0.1817170548570025
2021-04-27 09:29:06,499 Epoch 85 	 Loss 0.18058767046902205
2021-04-27 09:29:38,942 Epoch 86 	 Loss 0.1842648630941307
2021-04-27 09:30:11,443 Epoch 87 	 Loss 0.18646862431541905
2021-04-27 09:30:43,916 Epoch 88 	 Loss 0.18562253556408725
2021-04-27 09:31:16,334 Epoch 89 	 Loss 0.18064663731134856
2021-04-27 09:31:48,884 Epoch 90 	 Loss 0.18240438057826117
2021-04-27 09:32:21,330 Epoch 91 	 Loss 0.1836238246370148
2021-04-27 09:32:53,752 Epoch 92 	 Loss 0.18339010843863854
2021-04-27 09:33:26,191 Epoch 93 	 Loss 0.18263962995875013
2021-04-27 09:33:58,615 Epoch 94 	 Loss 0.187218196444459
2021-04-27 09:34:31,011 Epoch 95 	 Loss 0.1852928958423845
2021-04-27 09:35:03,501 Epoch 96 	 Loss 0.17941047775221394
2021-04-27 09:35:36,080 Epoch 97 	 Loss 0.18553325681241004
2021-04-27 09:36:08,512 Epoch 98 	 Loss 0.18688221652429182
2021-04-27 09:36:40,891 Epoch 99 	 Loss 0.18609235329287394
2021-04-27 09:36:59,860 RESULT FOR DATASET CVC-300

2021-04-27 09:36:59,860 ==============================
2021-04-27 09:36:59,860 

2021-04-27 09:36:59,860 recall: 0.9379133400196831

2021-04-27 09:36:59,860 specificity: 0.9943540543317795

2021-04-27 09:36:59,860 precision: 0.8439232689638932

2021-04-27 09:36:59,860 F1: 0.8664065208286047

2021-04-27 09:36:59,860 F2: 0.8964310392116507

2021-04-27 09:36:59,860 ACC_overall: 0.9921997676293055

2021-04-27 09:36:59,860 IoU_poly: 0.7985988876471917

2021-04-27 09:36:59,860 IoU_bg: 0.991983347137769

2021-04-27 09:36:59,860 IoU_mean: 0.8952911163369814

2021-04-27 09:36:59,860 ==============================
2021-04-27 09:36:59,860 

2021-04-27 09:37:15,154 RESULT FOR DATASET CVC-ClinicDB

2021-04-27 09:37:15,154 ==============================
2021-04-27 09:37:15,154 

2021-04-27 09:37:15,154 recall: 0.908284053807297

2021-04-27 09:37:15,154 specificity: 0.9954781868765431

2021-04-27 09:37:15,154 precision: 0.9229031676809574

2021-04-27 09:37:15,154 F1: 0.9044649738164979

2021-04-27 09:37:15,155 F2: 0.9059201528115438

2021-04-27 09:37:15,155 ACC_overall: 0.9888743873565428

2021-04-27 09:37:15,155 IoU_poly: 0.8543006360395661

2021-04-27 09:37:15,155 IoU_bg: 0.9867632004522509

2021-04-27 09:37:15,155 IoU_mean: 0.9205319145994801

2021-04-27 09:37:15,155 ==============================
2021-04-27 09:37:15,155 

2021-04-27 09:37:44,506 RESULT FOR DATASET Kvasir

2021-04-27 09:37:44,506 ==============================
2021-04-27 09:37:44,506 

2021-04-27 09:37:44,506 recall: 0.8972266633249819

2021-04-27 09:37:44,506 specificity: 0.9864727020263672

2021-04-27 09:37:44,506 precision: 0.922962444126606

2021-04-27 09:37:44,506 F1: 0.8908028098009527

2021-04-27 09:37:44,507 F2: 0.890128836389631

2021-04-27 09:37:44,507 ACC_overall: 0.9683509463071823

2021-04-27 09:37:44,507 IoU_poly: 0.8303471856750548

2021-04-27 09:37:44,507 IoU_bg: 0.9601057186722756

2021-04-27 09:37:44,507 IoU_mean: 0.89522645175457

2021-04-27 09:37:44,507 ==============================
2021-04-27 09:37:44,507 

2021-04-27 09:39:37,985 RESULT FOR DATASET CVC-ColonDB

2021-04-27 09:39:37,985 ==============================
2021-04-27 09:39:37,985 

2021-04-27 09:39:37,985 recall: 0.7138620481966403

2021-04-27 09:39:37,986 specificity: 0.9932722935551092

2021-04-27 09:39:37,986 precision: 0.8525711614057064

2021-04-27 09:39:37,986 F1: 0.6942029121704428

2021-04-27 09:39:37,986 F2: 0.6976231647654769

2021-04-27 09:39:37,986 ACC_overall: 0.9592400091259103

2021-04-27 09:39:37,986 IoU_poly: 0.6282698073228594

2021-04-27 09:39:37,986 IoU_bg: 0.9571885200707536

2021-04-27 09:39:37,986 IoU_mean: 0.7927291650521128

2021-04-27 09:39:37,986 ==============================
2021-04-27 09:39:37,986 

2021-04-27 09:40:58,538 RESULT FOR DATASET ETIS-LaribPolypDB

2021-04-27 09:40:58,538 ==============================
2021-04-27 09:40:58,539 

2021-04-27 09:40:58,539 recall: 0.7668119959619301

2021-04-27 09:40:58,539 specificity: 0.9898324082700574

2021-04-27 09:40:58,539 precision: 0.7716907441539039

2021-04-27 09:40:58,539 F1: 0.7019137494634545

2021-04-27 09:40:58,539 F2: 0.7337752610322297

2021-04-27 09:40:58,539 ACC_overall: 0.9854373734216301

2021-04-27 09:40:58,539 IoU_poly: 0.6225905058012757

2021-04-27 09:40:58,539 IoU_bg: 0.9845000353394723

2021-04-27 09:40:58,539 IoU_mean: 0.8035452698870581

2021-04-27 09:40:58,539 ==============================
2021-04-27 09:40:58,539 

