2021-04-24 16:28:21,858 Epoch 0 	 Loss 0.7033780544668764
2021-04-24 16:28:57,551 Epoch 1 	 Loss 0.3651557941358168
2021-04-24 16:29:33,281 Epoch 2 	 Loss 0.27172569128183216
2021-04-24 16:30:09,074 Epoch 3 	 Loss 0.21799350750970317
2021-04-24 16:30:44,984 Epoch 4 	 Loss 0.18598678216829403
2021-04-24 16:31:20,865 Epoch 5 	 Loss 0.17158480971069126
2021-04-24 16:31:56,733 Epoch 6 	 Loss 0.15059592697646593
2021-04-24 16:32:32,619 Epoch 7 	 Loss 0.13377480323498064
2021-04-24 16:33:08,510 Epoch 8 	 Loss 0.12227936744034945
2021-04-24 16:33:44,463 Epoch 9 	 Loss 0.11764433439616319
2021-04-24 16:34:20,419 Epoch 10 	 Loss 0.10509206837677694
2021-04-24 16:34:56,336 Epoch 11 	 Loss 0.09505742608190892
2021-04-24 16:35:32,280 Epoch 12 	 Loss 0.10428585922652549
2021-04-24 16:36:08,244 Epoch 13 	 Loss 0.09903454494017822
2021-04-24 16:36:44,130 Epoch 14 	 Loss 0.08739028502624113
2021-04-24 16:37:20,031 Epoch 15 	 Loss 0.07961074426606461
2021-04-24 16:37:55,982 Epoch 16 	 Loss 0.07431309743896945
2021-04-24 16:38:31,896 Epoch 17 	 Loss 0.07055815608128087
2021-04-24 16:39:07,809 Epoch 18 	 Loss 0.06733413765227401
2021-04-24 16:39:43,692 Epoch 19 	 Loss 0.0654307820394144
2021-04-24 16:40:19,696 Epoch 20 	 Loss 0.06340134602326614
2021-04-24 16:40:55,642 Epoch 21 	 Loss 0.06233545036597566
2021-04-24 16:41:31,567 Epoch 22 	 Loss 0.06034553231118799
2021-04-24 16:42:07,483 Epoch 23 	 Loss 0.057678681726639085
2021-04-24 16:42:43,425 Epoch 24 	 Loss 0.05665289405938033
2021-04-24 16:43:19,308 Epoch 25 	 Loss 0.05555128625461033
2021-04-24 16:43:55,199 Epoch 26 	 Loss 0.054580804820244126
2021-04-24 16:44:31,099 Epoch 27 	 Loss 0.05352602739419256
2021-04-24 16:45:07,059 Epoch 28 	 Loss 0.05214935242310985
2021-04-24 16:45:42,963 Epoch 29 	 Loss 0.05151172706877792
2021-04-24 16:46:18,908 Epoch 30 	 Loss 0.050656495022249746
2021-04-24 16:46:54,826 Epoch 31 	 Loss 0.050073442714554925
2021-04-24 16:47:30,753 Epoch 32 	 Loss 0.04952041141606949
2021-04-24 16:48:06,673 Epoch 33 	 Loss 0.04841673181770922
2021-04-24 16:48:42,624 Epoch 34 	 Loss 0.04799723977243507
2021-04-24 16:49:18,604 Epoch 35 	 Loss 0.04743893939878915
2021-04-24 16:49:54,494 Epoch 36 	 Loss 0.046609023197011636
2021-04-24 16:50:30,403 Epoch 37 	 Loss 0.04604061361361336
2021-04-24 16:51:06,325 Epoch 38 	 Loss 0.04589601667536484
2021-04-24 16:51:42,256 Epoch 39 	 Loss 0.04870208205430062
2021-04-24 16:52:18,224 Epoch 40 	 Loss 0.08563755129228581
2021-04-24 16:52:54,129 Epoch 41 	 Loss 0.11471956992869849
2021-04-24 16:53:30,137 Epoch 42 	 Loss 0.06890568071669274
2021-04-24 16:54:06,100 Epoch 43 	 Loss 0.06371529093319243
2021-04-24 16:54:42,100 Epoch 44 	 Loss 0.05907949563729894
2021-04-24 16:55:18,056 Epoch 45 	 Loss 0.04978953039908147
2021-04-24 16:55:53,964 Epoch 46 	 Loss 0.04659569328957862
2021-04-24 16:56:29,852 Epoch 47 	 Loss 0.04478942791184226
2021-04-24 16:57:05,775 Epoch 48 	 Loss 0.043909442252837695
2021-04-24 16:57:41,656 Epoch 49 	 Loss 0.04334187151475267
2021-04-24 16:58:17,594 Epoch 50 	 Loss 0.04275960446550296
2021-04-24 16:58:53,500 Epoch 51 	 Loss 0.04200449282978917
2021-04-24 16:59:29,441 Epoch 52 	 Loss 0.04154401857938085
2021-04-24 17:00:05,371 Epoch 53 	 Loss 0.041376130553064765
2021-04-24 17:00:41,328 Epoch 54 	 Loss 0.04110751354268619
2021-04-24 17:01:17,264 Epoch 55 	 Loss 0.040985535543698534
2021-04-24 17:01:53,284 Epoch 56 	 Loss 0.040793124422594744
2021-04-24 17:02:29,236 Epoch 57 	 Loss 0.04049103588357077
2021-04-24 17:03:05,096 Epoch 58 	 Loss 0.04052858922507737
2021-04-24 17:03:41,006 Epoch 59 	 Loss 0.040359679937035174
2021-04-24 17:04:16,973 Epoch 60 	 Loss 0.0402210322873933
2021-04-24 17:04:53,028 Epoch 61 	 Loss 0.040004675614309836
2021-04-24 17:05:29,124 Epoch 62 	 Loss 0.03985013563063119
2021-04-24 17:06:05,157 Epoch 63 	 Loss 0.03969961294269824
2021-04-24 17:06:41,071 Epoch 64 	 Loss 0.03952730999706865
2021-04-24 17:07:16,996 Epoch 65 	 Loss 0.039445943598236353
2021-04-24 17:07:52,997 Epoch 66 	 Loss 0.03931808004994969
2021-04-24 17:08:28,976 Epoch 67 	 Loss 0.03917440956274232
2021-04-24 17:09:05,057 Epoch 68 	 Loss 0.0390706123313406
2021-04-24 17:09:41,155 Epoch 69 	 Loss 0.0390043046612006
2021-04-24 17:10:17,220 Epoch 70 	 Loss 0.038856868601434835
2021-04-24 17:10:53,171 Epoch 71 	 Loss 0.03883936317576157
2021-04-24 17:11:29,124 Epoch 72 	 Loss 0.038690718361637094
2021-04-24 17:12:05,145 Epoch 73 	 Loss 0.03873472022158759
2021-04-24 17:12:41,195 Epoch 74 	 Loss 0.03854609976758014
2021-04-24 17:13:17,296 Epoch 75 	 Loss 0.03844956496914664
2021-04-24 17:13:53,386 Epoch 76 	 Loss 0.03842965583061124
2021-04-24 17:14:29,450 Epoch 77 	 Loss 0.03834272614055938
2021-04-24 17:15:05,386 Epoch 78 	 Loss 0.038286475403295765
2021-04-24 17:15:41,368 Epoch 79 	 Loss 0.03824442887044215
2021-04-24 17:16:17,452 Epoch 80 	 Loss 0.038202695261973604
2021-04-24 17:16:53,579 Epoch 81 	 Loss 0.03810585130538259
2021-04-24 17:17:29,597 Epoch 82 	 Loss 0.03814719396305608
2021-04-24 17:18:05,649 Epoch 83 	 Loss 0.03801877342246391
2021-04-24 17:18:41,602 Epoch 84 	 Loss 0.03790255955287388
2021-04-24 17:19:17,566 Epoch 85 	 Loss 0.03787226291311966
2021-04-24 17:19:53,541 Epoch 86 	 Loss 0.03796299591987998
2021-04-24 17:20:29,557 Epoch 87 	 Loss 0.037834683453643714
2021-04-24 17:21:05,505 Epoch 88 	 Loss 0.037861231714487076
2021-04-24 17:21:41,432 Epoch 89 	 Loss 0.03780579521924585
2021-04-24 17:22:17,412 Epoch 90 	 Loss 0.037773996755317014
2021-04-24 17:22:53,334 Epoch 91 	 Loss 0.037852323603826565
2021-04-24 17:23:29,295 Epoch 92 	 Loss 0.03775191290692969
2021-04-24 17:24:05,237 Epoch 93 	 Loss 0.03781922583232869
2021-04-24 17:24:41,098 Epoch 94 	 Loss 0.03770218396579826
2021-04-24 17:25:17,044 Epoch 95 	 Loss 0.03772158802046881
2021-04-24 17:25:53,029 Epoch 96 	 Loss 0.03776454516164549
2021-04-24 17:26:28,948 Epoch 97 	 Loss 0.03774713839475925
2021-04-24 17:27:04,863 Epoch 98 	 Loss 0.03770487284758589
2021-04-24 17:27:40,760 Epoch 99 	 Loss 0.03767017991496967
2021-04-24 17:28:00,218 RESULT FOR DATASET CVC-300

2021-04-24 17:28:00,218 ==============================
2021-04-24 17:28:00,218 

2021-04-24 17:28:00,218 recall: 0.9073825063804786

2021-04-24 17:28:00,218 specificity: 0.9965191086133321

2021-04-24 17:28:00,219 precision: 0.8975355004270872

2021-04-24 17:28:00,219 F1: 0.8844644647305056

2021-04-24 17:28:00,219 F2: 0.8965723909728694

2021-04-24 17:28:00,219 ACC_overall: 0.9942531357208888

2021-04-24 17:28:00,219 IoU_poly: 0.817901431893309

2021-04-24 17:28:00,219 IoU_bg: 0.9939914723237355

2021-04-24 17:28:00,219 IoU_mean: 0.9059464578827222

2021-04-24 17:28:00,219 ==============================
2021-04-24 17:28:00,219 

2021-04-24 17:28:15,509 RESULT FOR DATASET CVC-ClinicDB

2021-04-24 17:28:15,510 ==============================
2021-04-24 17:28:15,510 

2021-04-24 17:28:15,510 recall: 0.8880085648045004

2021-04-24 17:28:15,510 specificity: 0.9957983868737375

2021-04-24 17:28:15,510 precision: 0.9265083644178606

2021-04-24 17:28:15,510 F1: 0.8830983836800912

2021-04-24 17:28:15,510 F2: 0.8852355615930602

2021-04-24 17:28:15,510 ACC_overall: 0.9892321440481371

2021-04-24 17:28:15,510 IoU_poly: 0.8346364227491582

2021-04-24 17:28:15,510 IoU_bg: 0.987321860367252

2021-04-24 17:28:15,510 IoU_mean: 0.910979139228021

2021-04-24 17:28:15,510 ==============================
2021-04-24 17:28:15,510 

2021-04-24 17:28:44,829 RESULT FOR DATASET Kvasir

2021-04-24 17:28:44,829 ==============================
2021-04-24 17:28:44,829 

2021-04-24 17:28:44,829 recall: 0.870746088232263

2021-04-24 17:28:44,829 specificity: 0.9906908559799195

2021-04-24 17:28:44,829 precision: 0.9292012926191091

2021-04-24 17:28:44,830 F1: 0.8824989640925196

2021-04-24 17:28:44,830 F2: 0.8713141343237658

2021-04-24 17:28:44,830 ACC_overall: 0.9682054108381272

2021-04-24 17:28:44,830 IoU_poly: 0.8198475874120777

2021-04-24 17:28:44,830 IoU_bg: 0.9595937579870224

2021-04-24 17:28:44,830 IoU_mean: 0.8897206714749336

2021-04-24 17:28:44,830 ==============================
2021-04-24 17:28:44,830 

2021-04-24 17:30:36,868 RESULT FOR DATASET CVC-ColonDB

2021-04-24 17:30:36,868 ==============================
2021-04-24 17:30:36,868 

2021-04-24 17:30:36,869 recall: 0.6755251067657511

2021-04-24 17:30:36,869 specificity: 0.9957096962552322

2021-04-24 17:30:36,869 precision: 0.8880179962111517

2021-04-24 17:30:36,869 F1: 0.6847255680647609

2021-04-24 17:30:36,869 F2: 0.6757941185717863

2021-04-24 17:30:36,869 ACC_overall: 0.9561652967804357

2021-04-24 17:30:36,869 IoU_poly: 0.6101973023035845

2021-04-24 17:30:36,869 IoU_bg: 0.9548968242971521

2021-04-24 17:30:36,869 IoU_mean: 0.7825470636941885

2021-04-24 17:30:36,869 ==============================
2021-04-24 17:30:36,869 

2021-04-24 17:31:57,777 RESULT FOR DATASET ETIS-LaribPolypDB

2021-04-24 17:31:57,777 ==============================
2021-04-24 17:31:57,777 

2021-04-24 17:31:57,777 recall: 0.5713658776911666

2021-04-24 17:31:57,777 specificity: 0.9938321280844358

2021-04-24 17:31:57,777 precision: 0.8369963758021148

2021-04-24 17:31:57,778 F1: 0.5649212754731299

2021-04-24 17:31:57,778 F2: 0.5645240721309146

2021-04-24 17:31:57,778 ACC_overall: 0.9818888635051494

2021-04-24 17:31:57,778 IoU_poly: 0.4979202019917466

2021-04-24 17:31:57,778 IoU_bg: 0.9809042695833712

2021-04-24 17:31:57,778 IoU_mean: 0.7394122367306631

2021-04-24 17:31:57,778 ==============================
2021-04-24 17:31:57,778 

