2021-04-24 15:54:36,430 Epoch 0 	 Loss 0.6911257839464879
2021-04-24 15:54:53,816 Epoch 1 	 Loss 0.35070711226908713
2021-04-24 15:55:11,166 Epoch 2 	 Loss 0.2580853089853957
2021-04-24 15:55:28,625 Epoch 3 	 Loss 0.21254744012277205
2021-04-24 15:55:46,077 Epoch 4 	 Loss 0.18666017726882472
2021-04-24 15:56:03,542 Epoch 5 	 Loss 0.16257338700713692
2021-04-24 15:56:21,001 Epoch 6 	 Loss 0.14381680875034122
2021-04-24 15:56:38,475 Epoch 7 	 Loss 0.1314085835775176
2021-04-24 15:56:56,001 Epoch 8 	 Loss 0.12205144107996763
2021-04-24 15:57:13,550 Epoch 9 	 Loss 0.1134924339232864
2021-04-24 15:57:31,048 Epoch 10 	 Loss 0.10349420392578774
2021-04-24 15:57:48,759 Epoch 11 	 Loss 0.096588813996577
2021-04-24 15:58:06,625 Epoch 12 	 Loss 0.08870527999741691
2021-04-24 15:58:24,225 Epoch 13 	 Loss 0.0843401272873302
2021-04-24 15:58:41,835 Epoch 14 	 Loss 0.08104333748201747
2021-04-24 15:58:59,197 Epoch 15 	 Loss 0.07813125545834447
2021-04-24 15:59:16,586 Epoch 16 	 Loss 0.08379779346696622
2021-04-24 15:59:33,990 Epoch 17 	 Loss 0.12171970078578362
2021-04-24 15:59:51,327 Epoch 18 	 Loss 0.11744100960728886
2021-04-24 16:00:08,677 Epoch 19 	 Loss 0.10318199365021108
2021-04-24 16:00:26,065 Epoch 20 	 Loss 0.08522038603876973
2021-04-24 16:00:43,465 Epoch 21 	 Loss 0.0722530505486897
2021-04-24 16:01:00,801 Epoch 22 	 Loss 0.06691245304850432
2021-04-24 16:01:18,133 Epoch 23 	 Loss 0.06497870225991521
2021-04-24 16:01:35,503 Epoch 24 	 Loss 0.06871337116092116
2021-04-24 16:01:52,868 Epoch 25 	 Loss 0.06512590178421565
2021-04-24 16:02:10,249 Epoch 26 	 Loss 0.06163000057523067
2021-04-24 16:02:27,607 Epoch 27 	 Loss 0.059684632694000726
2021-04-24 16:02:44,960 Epoch 28 	 Loss 0.05834731234462707
2021-04-24 16:03:02,318 Epoch 29 	 Loss 0.057027204105487235
2021-04-24 16:03:19,668 Epoch 30 	 Loss 0.056313600473024035
2021-04-24 16:03:37,013 Epoch 31 	 Loss 0.05608110191239105
2021-04-24 16:03:54,365 Epoch 32 	 Loss 0.05600333324336743
2021-04-24 16:04:11,732 Epoch 33 	 Loss 0.05564889831693618
2021-04-24 16:04:29,092 Epoch 34 	 Loss 0.05595257640867443
2021-04-24 16:04:46,425 Epoch 35 	 Loss 0.05488258285018114
2021-04-24 16:05:03,868 Epoch 36 	 Loss 0.05362274215280355
2021-04-24 16:05:21,239 Epoch 37 	 Loss 0.05300009602701271
2021-04-24 16:05:38,584 Epoch 38 	 Loss 0.05256510837064995
2021-04-24 16:05:55,932 Epoch 39 	 Loss 0.05208657857972187
2021-04-24 16:06:13,323 Epoch 40 	 Loss 0.051479535934689284
2021-04-24 16:06:30,652 Epoch 41 	 Loss 0.05093351444536513
2021-04-24 16:06:48,033 Epoch 42 	 Loss 0.05070273774665791
2021-04-24 16:07:05,372 Epoch 43 	 Loss 0.05023900390817569
2021-04-24 16:07:22,732 Epoch 44 	 Loss 0.04986464842171459
2021-04-24 16:07:40,112 Epoch 45 	 Loss 0.049688131149326055
2021-04-24 16:07:57,452 Epoch 46 	 Loss 0.049648515306986295
2021-04-24 16:08:14,773 Epoch 47 	 Loss 0.04955384671524331
2021-04-24 16:08:32,192 Epoch 48 	 Loss 0.04914796655322169
2021-04-24 16:08:49,560 Epoch 49 	 Loss 0.048967949964187955
2021-04-24 16:09:06,935 Epoch 50 	 Loss 0.04862822710976496
2021-04-24 16:09:24,254 Epoch 51 	 Loss 0.04862154238335379
2021-04-24 16:09:41,633 Epoch 52 	 Loss 0.04829802646578013
2021-04-24 16:09:58,982 Epoch 53 	 Loss 0.04805785749148536
2021-04-24 16:10:16,376 Epoch 54 	 Loss 0.04805095763979377
2021-04-24 16:10:33,759 Epoch 55 	 Loss 0.04787298869136926
2021-04-24 16:10:51,117 Epoch 56 	 Loss 0.04747499013831327
2021-04-24 16:11:08,470 Epoch 57 	 Loss 0.04740146915991228
2021-04-24 16:11:25,859 Epoch 58 	 Loss 0.04726318188093521
2021-04-24 16:11:43,219 Epoch 59 	 Loss 0.046979563986207104
2021-04-24 16:12:00,634 Epoch 60 	 Loss 0.04695362933389433
2021-04-24 16:12:18,006 Epoch 61 	 Loss 0.04667324896205913
2021-04-24 16:12:35,384 Epoch 62 	 Loss 0.04666118205084906
2021-04-24 16:12:52,733 Epoch 63 	 Loss 0.046571389045361636
2021-04-24 16:13:10,086 Epoch 64 	 Loss 0.04629030815520129
2021-04-24 16:13:27,418 Epoch 65 	 Loss 0.046343460760928774
2021-04-24 16:13:44,770 Epoch 66 	 Loss 0.046151917100280195
2021-04-24 16:14:02,151 Epoch 67 	 Loss 0.04600197969229667
2021-04-24 16:14:19,531 Epoch 68 	 Loss 0.0459072898541178
2021-04-24 16:14:36,866 Epoch 69 	 Loss 0.04582862506855975
2021-04-24 16:14:54,266 Epoch 70 	 Loss 0.04573543111865337
2021-04-24 16:15:11,616 Epoch 71 	 Loss 0.04567473725630687
2021-04-24 16:15:28,986 Epoch 72 	 Loss 0.04563701848734866
2021-04-24 16:15:46,352 Epoch 73 	 Loss 0.04553742084529374
2021-04-24 16:16:03,749 Epoch 74 	 Loss 0.04541153886488506
2021-04-24 16:16:21,125 Epoch 75 	 Loss 0.04538792912121657
2021-04-24 16:16:38,507 Epoch 76 	 Loss 0.045264587338481634
2021-04-24 16:16:55,899 Epoch 77 	 Loss 0.04520357490240873
2021-04-24 16:17:13,298 Epoch 78 	 Loss 0.04520789959600994
2021-04-24 16:17:30,654 Epoch 79 	 Loss 0.04510912557060902
2021-04-24 16:17:48,047 Epoch 80 	 Loss 0.04514205058688646
2021-04-24 16:18:05,505 Epoch 81 	 Loss 0.045021924179988904
2021-04-24 16:18:22,874 Epoch 82 	 Loss 0.04500951208583601
2021-04-24 16:18:40,230 Epoch 83 	 Loss 0.0449423012988908
2021-04-24 16:18:57,623 Epoch 84 	 Loss 0.044920647742001565
2021-04-24 16:19:14,982 Epoch 85 	 Loss 0.04492976590172275
2021-04-24 16:19:32,341 Epoch 86 	 Loss 0.04488438908215407
2021-04-24 16:19:49,786 Epoch 87 	 Loss 0.04488630875290095
2021-04-24 16:20:07,133 Epoch 88 	 Loss 0.044835907622025564
2021-04-24 16:20:24,510 Epoch 89 	 Loss 0.04482707639153187
2021-04-24 16:20:41,878 Epoch 90 	 Loss 0.04480421383466039
2021-04-24 16:20:59,299 Epoch 91 	 Loss 0.04486570994441326
2021-04-24 16:21:16,647 Epoch 92 	 Loss 0.044746679960043875
2021-04-24 16:21:34,051 Epoch 93 	 Loss 0.04475203864685782
2021-04-24 16:21:51,421 Epoch 94 	 Loss 0.04477651998564437
2021-04-24 16:22:08,839 Epoch 95 	 Loss 0.04474194474763923
2021-04-24 16:22:26,221 Epoch 96 	 Loss 0.044700985590180195
2021-04-24 16:22:43,587 Epoch 97 	 Loss 0.044734272901173475
2021-04-24 16:23:01,011 Epoch 98 	 Loss 0.04469926561136822
2021-04-24 16:23:18,425 Epoch 99 	 Loss 0.04471810157973688
2021-04-24 16:23:37,265 RESULT FOR DATASET CVC-300

2021-04-24 16:23:37,265 ==============================
2021-04-24 16:23:37,265 

2021-04-24 16:23:37,266 recall: 0.9132723079373439

2021-04-24 16:23:37,266 specificity: 0.9955329835414887

2021-04-24 16:23:37,266 precision: 0.8907438308000565

2021-04-24 16:23:37,266 F1: 0.8830045065745556

2021-04-24 16:23:37,266 F2: 0.8984949435088008

2021-04-24 16:23:37,266 ACC_overall: 0.993582871556282

2021-04-24 16:23:37,266 IoU_poly: 0.8152486186474561

2021-04-24 16:23:37,266 IoU_bg: 0.9933165272076925

2021-04-24 16:23:37,266 IoU_mean: 0.9042825733621915

2021-04-24 16:23:37,266 ==============================
2021-04-24 16:23:37,266 

2021-04-24 16:23:52,395 RESULT FOR DATASET CVC-ClinicDB

2021-04-24 16:23:52,395 ==============================
2021-04-24 16:23:52,395 

2021-04-24 16:23:52,395 recall: 0.8623073474436458

2021-04-24 16:23:52,395 specificity: 0.9953886328204986

2021-04-24 16:23:52,395 precision: 0.9262745577481485

2021-04-24 16:23:52,395 F1: 0.8598430035016199

2021-04-24 16:23:52,395 F2: 0.860215468874817

2021-04-24 16:23:52,395 ACC_overall: 0.985588849552216

2021-04-24 16:23:52,395 IoU_poly: 0.8077223387118729

2021-04-24 16:23:52,395 IoU_bg: 0.9841762185096741

2021-04-24 16:23:52,395 IoU_mean: 0.8959492848765466

2021-04-24 16:23:52,396 ==============================
2021-04-24 16:23:52,396 

2021-04-24 16:24:21,455 RESULT FOR DATASET Kvasir

2021-04-24 16:24:21,455 ==============================
2021-04-24 16:24:21,455 

2021-04-24 16:24:21,455 recall: 0.8608195676183095

2021-04-24 16:24:21,456 specificity: 0.990290652513504

2021-04-24 16:24:21,456 precision: 0.9289292176067829

2021-04-24 16:24:21,456 F1: 0.869680490642204

2021-04-24 16:24:21,456 F2: 0.8602592031394306

2021-04-24 16:24:21,456 ACC_overall: 0.9647216373682022

2021-04-24 16:24:21,456 IoU_poly: 0.803594850403606

2021-04-24 16:24:21,456 IoU_bg: 0.9565386867523193

2021-04-24 16:24:21,456 IoU_mean: 0.8800667700171471

2021-04-24 16:24:21,456 ==============================
2021-04-24 16:24:21,456 

2021-04-24 16:26:19,187 RESULT FOR DATASET CVC-ColonDB

2021-04-24 16:26:19,187 ==============================
2021-04-24 16:26:19,187 

2021-04-24 16:26:19,187 recall: 0.6548351342116144

2021-04-24 16:26:19,187 specificity: 0.9959198056082976

2021-04-24 16:26:19,187 precision: 0.8891470789055396

2021-04-24 16:26:19,187 F1: 0.6631501602946676

2021-04-24 16:26:19,188 F2: 0.6543253839421631

2021-04-24 16:26:19,188 ACC_overall: 0.9593511786900069

2021-04-24 16:26:19,188 IoU_poly: 0.589484370820232

2021-04-24 16:26:19,188 IoU_bg: 0.9577613836056308

2021-04-24 16:26:19,188 IoU_mean: 0.7736228779742592

2021-04-24 16:26:19,188 ==============================
2021-04-24 16:26:19,188 

2021-04-24 16:27:43,914 RESULT FOR DATASET ETIS-LaribPolypDB

2021-04-24 16:27:43,914 ==============================
2021-04-24 16:27:43,914 

2021-04-24 16:27:43,914 recall: 0.5729020617698887

2021-04-24 16:27:43,914 specificity: 0.9927272313103384

2021-04-24 16:27:43,915 precision: 0.7886232152307141

2021-04-24 16:27:43,915 F1: 0.5657531698839147

2021-04-24 16:27:43,915 F2: 0.5666198217527751

2021-04-24 16:27:43,915 ACC_overall: 0.9802596724154998

2021-04-24 16:27:43,915 IoU_poly: 0.49818421826251563

2021-04-24 16:27:43,915 IoU_bg: 0.9794301554864767

2021-04-24 16:27:43,915 IoU_mean: 0.7388071877007582

2021-04-24 16:27:43,915 ==============================
2021-04-24 16:27:43,915 

