2021-04-27 01:12:58,836 RESULT FOR DATASET CVC-300

2021-04-27 01:12:58,836 ==============================
2021-04-27 01:12:58,836 

2021-04-27 01:12:58,836 recall: 0.9174965888261795

2021-04-27 01:12:58,836 specificity: 0.9953192363182704

2021-04-27 01:12:58,836 precision: 0.875186296304067

2021-04-27 01:12:58,836 F1: 0.8761003565256639

2021-04-27 01:12:58,836 F2: 0.8983082749240566

2021-04-27 01:12:58,836 ACC_overall: 0.993482752641042

2021-04-27 01:12:58,836 IoU_poly: 0.8102779702593883

2021-04-27 01:12:58,836 IoU_bg: 0.9932425926129024

2021-04-27 01:12:58,836 IoU_mean: 0.9017602836092313

2021-04-27 01:12:58,836 ==============================
2021-04-27 01:12:58,836 

2021-04-27 01:13:14,084 RESULT FOR DATASET CVC-ClinicDB

2021-04-27 01:13:14,084 ==============================
2021-04-27 01:13:14,084 

2021-04-27 01:13:14,084 recall: 0.8726973913515159

2021-04-27 01:13:14,084 specificity: 0.9961259653491359

2021-04-27 01:13:14,084 precision: 0.9099141981287469

2021-04-27 01:13:14,084 F1: 0.8688583997305438

2021-04-27 01:13:14,084 F2: 0.87031028210561

2021-04-27 01:13:14,084 ACC_overall: 0.9856762126568825

2021-04-27 01:13:14,084 IoU_poly: 0.8210293206835969

2021-04-27 01:13:14,085 IoU_bg: 0.9843313376749715

2021-04-27 01:13:14,085 IoU_mean: 0.9026803273347116

2021-04-27 01:13:14,085 ==============================
2021-04-27 01:13:14,085 

2021-04-27 01:13:43,172 RESULT FOR DATASET Kvasir

2021-04-27 01:13:43,172 ==============================
2021-04-27 01:13:43,172 

2021-04-27 01:13:43,172 recall: 0.8716053183324403

2021-04-27 01:13:43,173 specificity: 0.9891007006168365

2021-04-27 01:13:43,173 precision: 0.9194728835870046

2021-04-27 01:13:43,173 F1: 0.8712550401489716

2021-04-27 01:13:43,173 F2: 0.8648732427229697

2021-04-27 01:13:43,173 ACC_overall: 0.9658377814292908

2021-04-27 01:13:43,173 IoU_poly: 0.8106899637867173

2021-04-27 01:13:43,173 IoU_bg: 0.9577642464637757

2021-04-27 01:13:43,173 IoU_mean: 0.8842271080613137

2021-04-27 01:13:43,173 ==============================
2021-04-27 01:13:43,173 

2021-04-27 01:15:37,337 RESULT FOR DATASET CVC-ColonDB

2021-04-27 01:15:37,337 ==============================
2021-04-27 01:15:37,337 

2021-04-27 01:15:37,337 recall: 0.6576336376128354

2021-04-27 01:15:37,337 specificity: 0.995450768972698

2021-04-27 01:15:37,337 precision: 0.8884890717374794

2021-04-27 01:15:37,337 F1: 0.6618093078932002

2021-04-27 01:15:37,337 F2: 0.6544570948637329

2021-04-27 01:15:37,337 ACC_overall: 0.9560816508374717

2021-04-27 01:15:37,337 IoU_poly: 0.5887561917506936

2021-04-27 01:15:37,337 IoU_bg: 0.9546750695297592

2021-04-27 01:15:37,337 IoU_mean: 0.7717156331790122

2021-04-27 01:15:37,337 ==============================
2021-04-27 01:15:37,337 

2021-04-27 01:16:57,629 RESULT FOR DATASET ETIS-LaribPolypDB

2021-04-27 01:16:57,629 ==============================
2021-04-27 01:16:57,629 

2021-04-27 01:16:57,629 recall: 0.6030334181098355

2021-04-27 01:16:57,629 specificity: 0.9934529698624903

2021-04-27 01:16:57,629 precision: 0.804684002311855

2021-04-27 01:16:57,629 F1: 0.5809244733367246

2021-04-27 01:16:57,629 F2: 0.590803401697012

2021-04-27 01:16:57,629 ACC_overall: 0.9829377045436781

2021-04-27 01:16:57,629 IoU_poly: 0.5166849894155664

2021-04-27 01:16:57,629 IoU_bg: 0.9819415771231359

2021-04-27 01:16:57,629 IoU_mean: 0.7493132853082248

2021-04-27 01:16:57,629 ==============================
2021-04-27 01:16:57,629 

