2021-04-27 00:01:42,012 Epoch 0 	 Loss 0.6660102392945971
2021-04-27 00:02:22,273 Epoch 1 	 Loss 0.32142114295409274
2021-04-27 00:03:02,565 Epoch 2 	 Loss 0.24050750919095762
2021-04-27 00:03:42,910 Epoch 3 	 Loss 0.20590733728566013
2021-04-27 00:04:23,244 Epoch 4 	 Loss 0.17840606334445241
2021-04-27 00:05:03,612 Epoch 5 	 Loss 0.15592901818044894
2021-04-27 00:05:43,925 Epoch 6 	 Loss 0.1390307414662707
2021-04-27 00:06:24,289 Epoch 7 	 Loss 0.12805946400532356
2021-04-27 00:07:04,605 Epoch 8 	 Loss 0.12247133517003321
2021-04-27 00:07:44,876 Epoch 9 	 Loss 0.11289304576732301
2021-04-27 00:08:25,250 Epoch 10 	 Loss 0.10731104302864808
2021-04-27 00:09:05,638 Epoch 11 	 Loss 0.10750275293549338
2021-04-27 00:09:45,867 Epoch 12 	 Loss 0.1363521891308355
2021-04-27 00:10:26,166 Epoch 13 	 Loss 0.1167231295462493
2021-04-27 00:11:06,503 Epoch 14 	 Loss 0.11742699784891945
2021-04-27 00:11:46,819 Epoch 15 	 Loss 0.10706321330188395
2021-04-27 00:12:27,124 Epoch 16 	 Loss 0.08905506461531251
2021-04-27 00:13:07,436 Epoch 17 	 Loss 0.07848069734953261
2021-04-27 00:13:47,710 Epoch 18 	 Loss 0.07609957808649147
2021-04-27 00:14:28,053 Epoch 19 	 Loss 0.07316845585847949
2021-04-27 00:15:08,310 Epoch 20 	 Loss 0.06855864597709624
2021-04-27 00:15:48,626 Epoch 21 	 Loss 0.06570520722767809
2021-04-27 00:16:28,974 Epoch 22 	 Loss 0.06372869505987062
2021-04-27 00:17:09,291 Epoch 23 	 Loss 0.062365835839575466
2021-04-27 00:17:49,638 Epoch 24 	 Loss 0.06038937414740468
2021-04-27 00:18:29,958 Epoch 25 	 Loss 0.05931178271606728
2021-04-27 00:19:10,245 Epoch 26 	 Loss 0.058162256624999936
2021-04-27 00:19:50,509 Epoch 27 	 Loss 0.05682504508685279
2021-04-27 00:20:30,814 Epoch 28 	 Loss 0.05537956633738109
2021-04-27 00:21:11,150 Epoch 29 	 Loss 0.05468016862869263
2021-04-27 00:21:51,573 Epoch 30 	 Loss 0.05397806635924748
2021-04-27 00:22:31,926 Epoch 31 	 Loss 0.052835820631666496
2021-04-27 00:23:12,281 Epoch 32 	 Loss 0.051699163167031256
2021-04-27 00:23:52,654 Epoch 33 	 Loss 0.05561776168562554
2021-04-27 00:24:32,999 Epoch 34 	 Loss 0.09565680302106418
2021-04-27 00:25:13,288 Epoch 35 	 Loss 0.08506848024470466
2021-04-27 00:25:53,598 Epoch 36 	 Loss 0.07311159089862646
2021-04-27 00:26:33,894 Epoch 37 	 Loss 0.06041951588058209
2021-04-27 00:27:14,274 Epoch 38 	 Loss 0.05428476938670808
2021-04-27 00:27:54,691 Epoch 39 	 Loss 0.05031742249707599
2021-04-27 00:28:35,074 Epoch 40 	 Loss 0.048836575186514596
2021-04-27 00:29:15,442 Epoch 41 	 Loss 0.04788617372185319
2021-04-27 00:29:55,789 Epoch 42 	 Loss 0.04696641629050066
2021-04-27 00:30:36,070 Epoch 43 	 Loss 0.04700391747794309
2021-04-27 00:31:16,400 Epoch 44 	 Loss 0.04582212501011052
2021-04-27 00:31:56,679 Epoch 45 	 Loss 0.045241163327143744
2021-04-27 00:32:36,968 Epoch 46 	 Loss 0.04482595810850898
2021-04-27 00:33:17,306 Epoch 47 	 Loss 0.04449402397641769
2021-04-27 00:33:57,637 Epoch 48 	 Loss 0.04422750598290465
2021-04-27 00:34:37,932 Epoch 49 	 Loss 0.04348846836076988
2021-04-27 00:35:18,243 Epoch 50 	 Loss 0.04319486558273598
2021-04-27 00:35:58,589 Epoch 51 	 Loss 0.04288660059427167
2021-04-27 00:36:38,922 Epoch 52 	 Loss 0.042681501707532904
2021-04-27 00:37:19,295 Epoch 53 	 Loss 0.0425901119853114
2021-04-27 00:37:59,611 Epoch 54 	 Loss 0.042181766540794585
2021-04-27 00:38:39,911 Epoch 55 	 Loss 0.042159648305112186
2021-04-27 00:39:20,212 Epoch 56 	 Loss 0.04198730290754811
2021-04-27 00:40:00,615 Epoch 57 	 Loss 0.04151911968058282
2021-04-27 00:40:40,895 Epoch 58 	 Loss 0.0413703570490355
2021-04-27 00:41:21,169 Epoch 59 	 Loss 0.04120840238673346
2021-04-27 00:42:01,461 Epoch 60 	 Loss 0.04102803447416851
2021-04-27 00:42:41,812 Epoch 61 	 Loss 0.04079480325946441
2021-04-27 00:43:22,146 Epoch 62 	 Loss 0.04069152846932411
2021-04-27 00:44:02,468 Epoch 63 	 Loss 0.04072103964594694
2021-04-27 00:44:42,774 Epoch 64 	 Loss 0.04033841446533308
2021-04-27 00:45:23,079 Epoch 65 	 Loss 0.040313559492210764
2021-04-27 00:46:03,391 Epoch 66 	 Loss 0.04010739111965829
2021-04-27 00:46:43,761 Epoch 67 	 Loss 0.03982797453364173
2021-04-27 00:47:24,094 Epoch 68 	 Loss 0.03967434090081152
2021-04-27 00:48:04,533 Epoch 69 	 Loss 0.03971187401931364
2021-04-27 00:48:44,961 Epoch 70 	 Loss 0.03948098654439161
2021-04-27 00:49:25,375 Epoch 71 	 Loss 0.039217941012683805
2021-04-27 00:50:05,801 Epoch 72 	 Loss 0.039116424191129075
2021-04-27 00:50:46,211 Epoch 73 	 Loss 0.03909071743652061
2021-04-27 00:51:26,599 Epoch 74 	 Loss 0.03896630186956007
2021-04-27 00:52:06,918 Epoch 75 	 Loss 0.038859282180175675
2021-04-27 00:52:47,293 Epoch 76 	 Loss 0.03885136520142084
2021-04-27 00:53:27,749 Epoch 77 	 Loss 0.03877997463876075
2021-04-27 00:54:08,161 Epoch 78 	 Loss 0.03863613033196428
2021-04-27 00:54:48,537 Epoch 79 	 Loss 0.03860556448881443
2021-04-27 00:55:28,867 Epoch 80 	 Loss 0.03850044547529011
2021-04-27 00:56:09,198 Epoch 81 	 Loss 0.03848094235245998
2021-04-27 00:56:49,526 Epoch 82 	 Loss 0.03840125912984649
2021-04-27 00:57:29,810 Epoch 83 	 Loss 0.038346449056496985
2021-04-27 00:58:10,108 Epoch 84 	 Loss 0.03837483437670456
2021-04-27 00:58:50,402 Epoch 85 	 Loss 0.038284565680302106
2021-04-27 00:59:30,731 Epoch 86 	 Loss 0.03826064354443288
2021-04-27 01:00:11,074 Epoch 87 	 Loss 0.038186922464724424
2021-04-27 01:00:51,479 Epoch 88 	 Loss 0.03817711320224699
2021-04-27 01:01:31,802 Epoch 89 	 Loss 0.03816765493580273
2021-04-27 01:02:12,151 Epoch 90 	 Loss 0.03809870885951178
2021-04-27 01:02:52,488 Epoch 91 	 Loss 0.03810825338075449
2021-04-27 01:03:32,765 Epoch 92 	 Loss 0.03810151306154964
2021-04-27 01:04:13,117 Epoch 93 	 Loss 0.03803639306308149
2021-04-27 01:04:53,475 Epoch 94 	 Loss 0.038038001446933534
2021-04-27 01:05:33,779 Epoch 95 	 Loss 0.03802454414275976
2021-04-27 01:06:14,058 Epoch 96 	 Loss 0.03802628843830182
2021-04-27 01:06:54,419 Epoch 97 	 Loss 0.03801110714346498
2021-04-27 01:07:34,687 Epoch 98 	 Loss 0.03804874055824437
2021-04-27 01:08:14,994 Epoch 99 	 Loss 0.03801416859521971
2021-04-27 01:08:34,827 RESULT FOR DATASET CVC-300

2021-04-27 01:08:34,827 ==============================
2021-04-27 01:08:34,827 

2021-04-27 01:08:34,827 recall: 0.922280062859257

2021-04-27 01:08:34,827 specificity: 0.9962797850370407

2021-04-27 01:08:34,827 precision: 0.8786142714321613

2021-04-27 01:08:34,827 F1: 0.891579030357146

2021-04-27 01:08:34,827 F2: 0.9078714698844124

2021-04-27 01:08:34,827 ACC_overall: 0.9945237507422765

2021-04-27 01:08:34,827 IoU_poly: 0.8258537068642908

2021-04-27 01:08:34,827 IoU_bg: 0.9943035612503688

2021-04-27 01:08:34,827 IoU_mean: 0.9100786338249842

2021-04-27 01:08:34,827 ==============================
2021-04-27 01:08:34,827 

2021-04-27 01:08:50,359 RESULT FOR DATASET CVC-ClinicDB

2021-04-27 01:08:50,359 ==============================
2021-04-27 01:08:50,359 

2021-04-27 01:08:50,359 recall: 0.8868257875306411

2021-04-27 01:08:50,359 specificity: 0.9964987539475963

2021-04-27 01:08:50,359 precision: 0.9438206505390906

2021-04-27 01:08:50,359 F1: 0.8828722708088707

2021-04-27 01:08:50,359 F2: 0.8844763318155592

2021-04-27 01:08:50,359 ACC_overall: 0.9860507326741372

2021-04-27 01:08:50,359 IoU_poly: 0.8368350658828633

2021-04-27 01:08:50,360 IoU_bg: 0.9849504453520621

2021-04-27 01:08:50,360 IoU_mean: 0.9108927552738497

2021-04-27 01:08:50,360 ==============================
2021-04-27 01:08:50,360 

2021-04-27 01:09:20,145 RESULT FOR DATASET Kvasir

2021-04-27 01:09:20,145 ==============================
2021-04-27 01:09:20,145 

2021-04-27 01:09:20,145 recall: 0.8835894710564753

2021-04-27 01:09:20,145 specificity: 0.9880598890781402

2021-04-27 01:09:20,145 precision: 0.9165810955606867

2021-04-27 01:09:20,145 F1: 0.882878330583626

2021-04-27 01:09:20,145 F2: 0.88007613239708

2021-04-27 01:09:20,145 ACC_overall: 0.9712679344415664

2021-04-27 01:09:20,145 IoU_poly: 0.8260320519661764

2021-04-27 01:09:20,145 IoU_bg: 0.9640828478336334

2021-04-27 01:09:20,145 IoU_mean: 0.89505745023489

2021-04-27 01:09:20,145 ==============================
2021-04-27 01:09:20,145 

2021-04-27 01:11:15,095 RESULT FOR DATASET CVC-ColonDB

2021-04-27 01:11:15,096 ==============================
2021-04-27 01:11:15,096 

2021-04-27 01:11:15,096 recall: 0.6686240175676188

2021-04-27 01:11:15,096 specificity: 0.996409872174263

2021-04-27 01:11:15,096 precision: 0.9064537785941196

2021-04-27 01:11:15,096 F1: 0.6781922446864979

2021-04-27 01:11:15,096 F2: 0.6691995571574819

2021-04-27 01:11:15,096 ACC_overall: 0.961516219063809

2021-04-27 01:11:15,096 IoU_poly: 0.6108036323663364

2021-04-27 01:11:15,096 IoU_bg: 0.9600565389582986

2021-04-27 01:11:15,096 IoU_mean: 0.7854300856198135

2021-04-27 01:11:15,096 ==============================
2021-04-27 01:11:15,096 

2021-04-27 01:12:36,765 RESULT FOR DATASET ETIS-LaribPolypDB

2021-04-27 01:12:36,765 ==============================
2021-04-27 01:12:36,765 

2021-04-27 01:12:36,765 recall: 0.6582432435700412

2021-04-27 01:12:36,765 specificity: 0.9921838546894035

2021-04-27 01:12:36,765 precision: 0.8144967288739912

2021-04-27 01:12:36,765 F1: 0.6198556038800178

2021-04-27 01:12:36,765 F2: 0.6378785612764056

2021-04-27 01:12:36,765 ACC_overall: 0.9842849860385973

2021-04-27 01:12:36,766 IoU_poly: 0.5499000610721358

2021-04-27 01:12:36,766 IoU_bg: 0.9832345852438285

2021-04-27 01:12:36,766 IoU_mean: 0.7665673241931565

2021-04-27 01:12:36,766 ==============================
2021-04-27 01:12:36,766 

