2021-05-29 00:15:18,294 RESULT FOR DATASET CVC-300

2021-05-29 00:15:18,294 ==============================
2021-05-29 00:15:18,294 

2021-05-29 00:15:18,294 recall: 0.9407769653622381

2021-05-29 00:15:18,294 specificity: 0.9943466683228811

2021-05-29 00:15:18,294 precision: 0.8504432130604982

2021-05-29 00:15:18,294 F1: 0.8685052406758283

2021-05-29 00:15:18,294 F2: 0.9002312962122232

2021-05-29 00:15:18,294 ACC_overall: 0.9924398402372996

2021-05-29 00:15:18,294 IoU_poly: 0.8026181656543485

2021-05-29 00:15:18,294 IoU_bg: 0.9922165224949518

2021-05-29 00:15:18,295 IoU_mean: 0.8974173471331597

2021-05-29 00:15:18,295 ==============================
2021-05-29 00:15:18,295 

2021-05-29 00:15:34,319 RESULT FOR DATASET CVC-ClinicDB

2021-05-29 00:15:34,319 ==============================
2021-05-29 00:15:34,319 

2021-05-29 00:15:34,319 recall: 0.9315981571712801

2021-05-29 00:15:34,319 specificity: 0.9953211824740132

2021-05-29 00:15:34,319 precision: 0.931269988898308

2021-05-29 00:15:34,319 F1: 0.9172090568406988

2021-05-29 00:15:34,319 F2: 0.923391274739838

2021-05-29 00:15:34,319 ACC_overall: 0.991159168943282

2021-05-29 00:15:34,319 IoU_poly: 0.8684405679664304

2021-05-29 00:15:34,319 IoU_bg: 0.9893260963501469

2021-05-29 00:15:34,319 IoU_mean: 0.9288833266304385

2021-05-29 00:15:34,319 ==============================
2021-05-29 00:15:34,319 

2021-05-29 00:16:04,873 RESULT FOR DATASET Kvasir

2021-05-29 00:16:04,873 ==============================
2021-05-29 00:16:04,873 

2021-05-29 00:16:04,873 recall: 0.8981953351199627

2021-05-29 00:16:04,873 specificity: 0.9926889991760254

2021-05-29 00:16:04,873 precision: 0.940935832709074

2021-05-29 00:16:04,873 F1: 0.9068148401379585

2021-05-29 00:16:04,873 F2: 0.8994935283064842

2021-05-29 00:16:04,873 ACC_overall: 0.9733543378114701

2021-05-29 00:16:04,873 IoU_poly: 0.8538392210006713

2021-05-29 00:16:04,873 IoU_bg: 0.9664416873455047

2021-05-29 00:16:04,873 IoU_mean: 0.9101404514908791

2021-05-29 00:16:04,873 ==============================
2021-05-29 00:16:04,873 

2021-05-29 00:18:00,960 RESULT FOR DATASET CVC-ColonDB

2021-05-29 00:18:00,960 ==============================
2021-05-29 00:18:00,960 

2021-05-29 00:18:00,960 recall: 0.7321255268119976

2021-05-29 00:18:00,960 specificity: 0.9941268920898437

2021-05-29 00:18:00,960 precision: 0.8775722148540234

2021-05-29 00:18:00,960 F1: 0.7086838012030895

2021-05-29 00:18:00,960 F2: 0.7159348272377165

2021-05-29 00:18:00,960 ACC_overall: 0.9604100842224924

2021-05-29 00:18:00,960 IoU_poly: 0.6435014849274299

2021-05-29 00:18:00,960 IoU_bg: 0.9589993793713419

2021-05-29 00:18:00,960 IoU_mean: 0.8012504319219212

2021-05-29 00:18:00,960 ==============================
2021-05-29 00:18:00,960 

2021-05-29 00:19:24,370 RESULT FOR DATASET ETIS-LaribPolypDB

2021-05-29 00:19:24,370 ==============================
2021-05-29 00:19:24,370 

2021-05-29 00:19:24,370 recall: 0.776839388928507

2021-05-29 00:19:24,370 specificity: 0.9905031250447643

2021-05-29 00:19:24,370 precision: 0.8236838594277835

2021-05-29 00:19:24,370 F1: 0.7217024951468263

2021-05-29 00:19:24,370 F2: 0.7474271293949456

2021-05-29 00:19:24,370 ACC_overall: 0.986120520805826

2021-05-29 00:19:24,370 IoU_poly: 0.6516484781264733

2021-05-29 00:19:24,371 IoU_bg: 0.9854458984063597

2021-05-29 00:19:24,371 IoU_mean: 0.8185471869548973

2021-05-29 00:19:24,371 ==============================
2021-05-29 00:19:24,371 

