2021-05-15 03:01:28,937 RESULT FOR DATASET CVC-300

2021-05-15 03:01:28,937 ==============================
2021-05-15 03:01:28,937 

2021-05-15 03:01:28,937 recall: 0.954162256916364

2021-05-15 03:01:28,937 specificity: 0.9920317679643631

2021-05-15 03:01:28,937 precision: 0.8409878848741452

2021-05-15 03:01:28,937 F1: 0.8714588262140751

2021-05-15 03:01:28,937 F2: 0.9032118196288744

2021-05-15 03:01:28,937 ACC_overall: 0.9907653331756592

2021-05-15 03:01:28,937 IoU_poly: 0.8075329621632894

2021-05-15 03:01:28,937 IoU_bg: 0.9904997597138087

2021-05-15 03:01:28,937 IoU_mean: 0.899016359448433

2021-05-15 03:01:28,937 ==============================
2021-05-15 03:01:28,937 

2021-05-15 03:01:46,431 RESULT FOR DATASET CVC-ClinicDB

2021-05-15 03:01:46,431 ==============================
2021-05-15 03:01:46,431 

2021-05-15 03:01:46,431 recall: 0.9586150242436317

2021-05-15 03:01:46,431 specificity: 0.9943162087471255

2021-05-15 03:01:46,431 precision: 0.9153156895791331

2021-05-15 03:01:46,431 F1: 0.9278002761064037

2021-05-15 03:01:46,431 F2: 0.9407813933587843

2021-05-15 03:01:46,431 ACC_overall: 0.9928486058788915

2021-05-15 03:01:46,431 IoU_poly: 0.8805459795459625

2021-05-15 03:01:46,431 IoU_bg: 0.9916195109967263

2021-05-15 03:01:46,431 IoU_mean: 0.9360827399838355

2021-05-15 03:01:46,431 ==============================
2021-05-15 03:01:46,431 

2021-05-15 03:02:19,696 RESULT FOR DATASET Kvasir

2021-05-15 03:02:19,696 ==============================
2021-05-15 03:02:19,696 

2021-05-15 03:02:19,696 recall: 0.9113928687572479

2021-05-15 03:02:19,696 specificity: 0.9904289221763611

2021-05-15 03:02:19,696 precision: 0.9369510170072317

2021-05-15 03:02:19,696 F1: 0.9115807509422302

2021-05-15 03:02:19,696 F2: 0.9075865170359612

2021-05-15 03:02:19,697 ACC_overall: 0.9727959024906159

2021-05-15 03:02:19,697 IoU_poly: 0.8592362056672573

2021-05-15 03:02:19,697 IoU_bg: 0.9657012313604355

2021-05-15 03:02:19,697 IoU_mean: 0.9124687215685845

2021-05-15 03:02:19,697 ==============================
2021-05-15 03:02:19,697 

2021-05-15 03:04:27,189 RESULT FOR DATASET CVC-ColonDB

2021-05-15 03:04:27,189 ==============================
2021-05-15 03:04:27,189 

2021-05-15 03:04:27,189 recall: 0.8017288219951058

2021-05-15 03:04:27,189 specificity: 0.9830153353904423

2021-05-15 03:04:27,189 precision: 0.7927254317371129

2021-05-15 03:04:27,189 F1: 0.7602940029881976

2021-05-15 03:04:27,189 F2: 0.7686055656115538

2021-05-15 03:04:27,189 ACC_overall: 0.9593338026812203

2021-05-15 03:04:27,189 IoU_poly: 0.685599414783385

2021-05-15 03:04:27,189 IoU_bg: 0.9560683029262643

2021-05-15 03:04:27,189 IoU_mean: 0.8208338587691909

2021-05-15 03:04:27,189 ==============================
2021-05-15 03:04:27,189 

2021-05-15 03:05:56,461 RESULT FOR DATASET ETIS-LaribPolypDB

2021-05-15 03:05:56,461 ==============================
2021-05-15 03:05:56,461 

2021-05-15 03:05:56,461 recall: 0.8878749318415913

2021-05-15 03:05:56,461 specificity: 0.9872781394087539

2021-05-15 03:05:56,461 precision: 0.7221024318700149

2021-05-15 03:05:56,461 F1: 0.7720046329225495

2021-05-15 03:05:56,462 F2: 0.8257559931128767

2021-05-15 03:05:56,462 ACC_overall: 0.9854057972528496

2021-05-15 03:05:56,462 IoU_poly: 0.6875564891137568

2021-05-15 03:05:56,462 IoU_bg: 0.9847311240677931

2021-05-15 03:05:56,462 IoU_mean: 0.8361438038397808

2021-05-15 03:05:56,462 ==============================
2021-05-15 03:05:56,462 

