2021-04-28 16:56:12,748 RESULT FOR DATASET CVC-300

2021-04-28 16:56:12,749 ==============================
2021-04-28 16:56:12,749 

2021-04-28 16:56:12,749 recall: 0.9513272235790888

2021-04-28 16:56:12,749 specificity: 0.9925968497991562

2021-04-28 16:56:12,749 precision: 0.8370756314446529

2021-04-28 16:56:12,749 F1: 0.8703952652712663

2021-04-28 16:56:12,749 F2: 0.9023053159316381

2021-04-28 16:56:12,749 ACC_overall: 0.9911362926165262

2021-04-28 16:56:12,749 IoU_poly: 0.8026417585710685

2021-04-28 16:56:12,749 IoU_bg: 0.9908844421307246

2021-04-28 16:56:12,749 IoU_mean: 0.896763097246488

2021-04-28 16:56:12,749 ==============================
2021-04-28 16:56:12,749 

2021-04-28 16:56:29,049 RESULT FOR DATASET CVC-ClinicDB

2021-04-28 16:56:29,049 ==============================
2021-04-28 16:56:29,050 

2021-04-28 16:56:29,050 recall: 0.9536422433391694

2021-04-28 16:56:29,050 specificity: 0.9941147488932456

2021-04-28 16:56:29,050 precision: 0.9166138555494047

2021-04-28 16:56:29,050 F1: 0.9253235789796999

2021-04-28 16:56:29,050 F2: 0.9350793933676135

2021-04-28 16:56:29,050 ACC_overall: 0.9919821504623659

2021-04-28 16:56:29,050 IoU_poly: 0.8780079238837765

2021-04-28 16:56:29,050 IoU_bg: 0.9907674039563825

2021-04-28 16:56:29,050 IoU_mean: 0.9343876636797382

2021-04-28 16:56:29,050 ==============================
2021-04-28 16:56:29,050 

2021-04-28 16:57:00,583 RESULT FOR DATASET Kvasir

2021-04-28 16:57:00,583 ==============================
2021-04-28 16:57:00,583 

2021-04-28 16:57:00,583 recall: 0.8931936548650264

2021-04-28 16:57:00,583 specificity: 0.9929555928707123

2021-04-28 16:57:00,583 precision: 0.9436127977073192

2021-04-28 16:57:00,583 F1: 0.9051353615522385

2021-04-28 16:57:00,583 F2: 0.8962439140677452

2021-04-28 16:57:00,583 ACC_overall: 0.9716976267099381

2021-04-28 16:57:00,583 IoU_poly: 0.8522802868485451

2021-04-28 16:57:00,583 IoU_bg: 0.964723463356495

2021-04-28 16:57:00,584 IoU_mean: 0.9085018736124039

2021-04-28 16:57:00,584 ==============================
2021-04-28 16:57:00,584 

2021-04-28 16:58:58,949 RESULT FOR DATASET CVC-ColonDB

2021-04-28 16:58:58,949 ==============================
2021-04-28 16:58:58,949 

2021-04-28 16:58:58,949 recall: 0.7915233856019097

2021-04-28 16:58:58,949 specificity: 0.9881981201862035

2021-04-28 16:58:58,949 precision: 0.7957496941059378

2021-04-28 16:58:58,949 F1: 0.7548101762373335

2021-04-28 16:58:58,950 F2: 0.7639675051330103

2021-04-28 16:58:58,950 ACC_overall: 0.9614548924722169

2021-04-28 16:58:58,950 IoU_poly: 0.6801105544340652

2021-04-28 16:58:58,950 IoU_bg: 0.9588029474804276

2021-04-28 16:58:58,950 IoU_mean: 0.8194567495270779

2021-04-28 16:58:58,950 ==============================
2021-04-28 16:58:58,950 

2021-04-28 17:00:23,088 RESULT FOR DATASET ETIS-LaribPolypDB

2021-04-28 17:00:23,088 ==============================
2021-04-28 17:00:23,088 

2021-04-28 17:00:23,089 recall: 0.8777558964928696

2021-04-28 17:00:23,089 specificity: 0.987010543747824

2021-04-28 17:00:23,089 precision: 0.7094912267015276

2021-04-28 17:00:23,089 F1: 0.7552107479349318

2021-04-28 17:00:23,089 F2: 0.8057224856376743

2021-04-28 17:00:23,089 ACC_overall: 0.9845390350234752

2021-04-28 17:00:23,089 IoU_poly: 0.673148079119078

2021-04-28 17:00:23,089 IoU_bg: 0.9837862137629061

2021-04-28 17:00:23,089 IoU_mean: 0.8284671454101192

2021-04-28 17:00:23,089 ==============================
2021-04-28 17:00:23,089 

