2021-05-15 02:51:37,982 RESULT FOR DATASET CVC-300

2021-05-15 02:51:37,982 ==============================
2021-05-15 02:51:37,982 

2021-05-15 02:51:37,982 recall: 0.9545130958159764

2021-05-15 02:51:37,982 specificity: 0.9921839197476705

2021-05-15 02:51:37,982 precision: 0.8382573838035265

2021-05-15 02:51:37,982 F1: 0.8701237050195535

2021-05-15 02:51:37,982 F2: 0.902677787343661

2021-05-15 02:51:37,982 ACC_overall: 0.9908767094214758

2021-05-15 02:51:37,982 IoU_poly: 0.8045973492165407

2021-05-15 02:51:37,982 IoU_bg: 0.9906108031670252

2021-05-15 02:51:37,982 IoU_mean: 0.8976040730873743

2021-05-15 02:51:37,982 ==============================
2021-05-15 02:51:37,982 

2021-05-15 02:51:55,653 RESULT FOR DATASET CVC-ClinicDB

2021-05-15 02:51:55,653 ==============================
2021-05-15 02:51:55,653 

2021-05-15 02:51:55,653 recall: 0.9490189465784258

2021-05-15 02:51:55,654 specificity: 0.9957092192865187

2021-05-15 02:51:55,654 precision: 0.9251124036888922

2021-05-15 02:51:55,654 F1: 0.9323672065811772

2021-05-15 02:51:55,654 F2: 0.9404523382263799

2021-05-15 02:51:55,654 ACC_overall: 0.9922025203704834

2021-05-15 02:51:55,654 IoU_poly: 0.881632334763004

2021-05-15 02:51:55,654 IoU_bg: 0.9904796500359813

2021-05-15 02:51:55,654 IoU_mean: 0.9360559890347142

2021-05-15 02:51:55,654 ==============================
2021-05-15 02:51:55,654 

2021-05-15 02:52:29,433 RESULT FOR DATASET Kvasir

2021-05-15 02:52:29,433 ==============================
2021-05-15 02:52:29,433 

2021-05-15 02:52:29,433 recall: 0.9049189028143882

2021-05-15 02:52:29,433 specificity: 0.9918271172046661

2021-05-15 02:52:29,433 precision: 0.9398369431495667

2021-05-15 02:52:29,433 F1: 0.9101001366972923

2021-05-15 02:52:29,433 F2: 0.9046878825128079

2021-05-15 02:52:29,433 ACC_overall: 0.9740236908197403

2021-05-15 02:52:29,433 IoU_poly: 0.8585251529514789

2021-05-15 02:52:29,433 IoU_bg: 0.9670873752236366

2021-05-15 02:52:29,433 IoU_mean: 0.912806260585785

2021-05-15 02:52:29,433 ==============================
2021-05-15 02:52:29,433 

2021-05-15 02:54:34,518 RESULT FOR DATASET CVC-ColonDB

2021-05-15 02:54:34,518 ==============================
2021-05-15 02:54:34,518 

2021-05-15 02:54:34,518 recall: 0.7628274718630205

2021-05-15 02:54:34,519 specificity: 0.9904000425025037

2021-05-15 02:54:34,519 precision: 0.8047080383678373

2021-05-15 02:54:34,519 F1: 0.735060997570695

2021-05-15 02:54:34,519 F2: 0.741199609455474

2021-05-15 02:54:34,519 ACC_overall: 0.9593839946546052

2021-05-15 02:54:34,519 IoU_poly: 0.6617178555326589

2021-05-15 02:54:34,519 IoU_bg: 0.9573405238358598

2021-05-15 02:54:34,519 IoU_mean: 0.8095291895693855

2021-05-15 02:54:34,519 ==============================
2021-05-15 02:54:34,519 

2021-05-15 02:56:03,501 RESULT FOR DATASET ETIS-LaribPolypDB

2021-05-15 02:56:03,501 ==============================
2021-05-15 02:56:03,501 

2021-05-15 02:56:03,501 recall: 0.8817574383642007

2021-05-15 02:56:03,501 specificity: 0.9902247312117596

2021-05-15 02:56:03,501 precision: 0.7508369083870747

2021-05-15 02:56:03,501 F1: 0.7956606494323835

2021-05-15 02:56:03,501 F2: 0.839385036621934

2021-05-15 02:56:03,501 ACC_overall: 0.9884635635784694

2021-05-15 02:56:03,501 IoU_poly: 0.7110871541142781

2021-05-15 02:56:03,501 IoU_bg: 0.9876929950349185

2021-05-15 02:56:03,501 IoU_mean: 0.8493900738504468

2021-05-15 02:56:03,501 ==============================
2021-05-15 02:56:03,502 

