2021-04-27 06:28:54,353 Epoch 0 	 Loss 0.7019830942153931
2021-04-27 06:29:28,119 Epoch 1 	 Loss 0.38754885635533176
2021-04-27 06:30:00,928 Epoch 2 	 Loss 0.29596394529709447
2021-04-27 06:30:33,900 Epoch 3 	 Loss 0.22571280909763589
2021-04-27 06:31:06,756 Epoch 4 	 Loss 0.18850610347894523
2021-04-27 06:31:38,963 Epoch 5 	 Loss 0.16234402866153927
2021-04-27 06:32:11,130 Epoch 6 	 Loss 0.14337049514710248
2021-04-27 06:32:43,352 Epoch 7 	 Loss 0.12834551340931064
2021-04-27 06:33:15,610 Epoch 8 	 Loss 0.1201793223128214
2021-04-27 06:33:48,656 Epoch 9 	 Loss 0.11131106226981341
2021-04-27 06:34:21,714 Epoch 10 	 Loss 0.10617107619623561
2021-04-27 06:34:54,605 Epoch 11 	 Loss 0.10085166131074612
2021-04-27 06:35:28,409 Epoch 12 	 Loss 0.10198086279106665
2021-04-27 06:36:02,293 Epoch 13 	 Loss 0.09903077707513348
2021-04-27 06:36:36,585 Epoch 14 	 Loss 0.09565899619361856
2021-04-27 06:37:10,924 Epoch 15 	 Loss 0.08129837756956017
2021-04-27 06:37:45,158 Epoch 16 	 Loss 0.07589140612181726
2021-04-27 06:38:18,208 Epoch 17 	 Loss 0.07313231648979607
2021-04-27 06:38:51,209 Epoch 18 	 Loss 0.07009747169993735
2021-04-27 06:39:23,341 Epoch 19 	 Loss 0.06812616740609263
2021-04-27 06:39:55,540 Epoch 20 	 Loss 0.06442208907433919
2021-04-27 06:40:27,704 Epoch 21 	 Loss 0.06245254553281344
2021-04-27 06:40:59,984 Epoch 22 	 Loss 0.06082372960972262
2021-04-27 06:41:32,158 Epoch 23 	 Loss 0.05829030435000147
2021-04-27 06:42:04,326 Epoch 24 	 Loss 0.058030197089845005
2021-04-27 06:42:36,535 Epoch 25 	 Loss 0.05762274072065458
2021-04-27 06:43:08,658 Epoch 26 	 Loss 0.0570487165925922
2021-04-27 06:43:40,864 Epoch 27 	 Loss 0.056173509171048366
2021-04-27 06:44:12,951 Epoch 28 	 Loss 0.05713950216278925
2021-04-27 06:44:45,159 Epoch 29 	 Loss 0.055134161037730646
2021-04-27 06:45:17,335 Epoch 30 	 Loss 0.05309187105068794
2021-04-27 06:45:49,541 Epoch 31 	 Loss 0.051448891492007855
2021-04-27 06:46:21,708 Epoch 32 	 Loss 0.05061233936102836
2021-04-27 06:46:53,875 Epoch 33 	 Loss 0.04995087218972353
2021-04-27 06:47:26,112 Epoch 34 	 Loss 0.0484409623339281
2021-04-27 06:47:58,312 Epoch 35 	 Loss 0.04813321086240339
2021-04-27 06:48:30,487 Epoch 36 	 Loss 0.0478430392404834
2021-04-27 06:49:02,701 Epoch 37 	 Loss 0.047756272849145825
2021-04-27 06:49:34,827 Epoch 38 	 Loss 0.04729833216457577
2021-04-27 06:50:07,074 Epoch 39 	 Loss 0.046793470629951456
2021-04-27 06:50:39,259 Epoch 40 	 Loss 0.04622267919418576
2021-04-27 06:51:11,452 Epoch 41 	 Loss 0.04621715323774369
2021-04-27 06:51:43,695 Epoch 42 	 Loss 0.0452276206278539
2021-04-27 06:52:15,866 Epoch 43 	 Loss 0.04413757100701332
2021-04-27 06:52:48,093 Epoch 44 	 Loss 0.043746564127914195
2021-04-27 06:53:20,311 Epoch 45 	 Loss 0.043908967749103085
2021-04-27 06:53:52,510 Epoch 46 	 Loss 0.043820847276147906
2021-04-27 06:54:24,707 Epoch 47 	 Loss 0.043399429542350244
2021-04-27 06:54:56,899 Epoch 48 	 Loss 0.04307027840679818
2021-04-27 06:55:29,118 Epoch 49 	 Loss 0.042774775239465
2021-04-27 06:56:01,300 Epoch 50 	 Loss 0.042425832332490566
2021-04-27 06:56:33,460 Epoch 51 	 Loss 0.0420597646344494
2021-04-27 06:57:05,794 Epoch 52 	 Loss 0.041672041823903286
2021-04-27 06:57:37,995 Epoch 53 	 Loss 0.04158622824719974
2021-04-27 06:58:10,203 Epoch 54 	 Loss 0.04207320040562651
2021-04-27 06:58:42,396 Epoch 55 	 Loss 0.0571829270530533
2021-04-27 06:59:14,632 Epoch 56 	 Loss 0.0700279848424943
2021-04-27 06:59:46,865 Epoch 57 	 Loss 0.05169589993554157
2021-04-27 07:00:19,049 Epoch 58 	 Loss 0.04417137629710711
2021-04-27 07:00:51,251 Epoch 59 	 Loss 0.042473784064526086
2021-04-27 07:01:23,417 Epoch 60 	 Loss 0.04110755292432649
2021-04-27 07:01:55,593 Epoch 61 	 Loss 0.04053616593336011
2021-04-27 07:02:27,823 Epoch 62 	 Loss 0.040161879999297004
2021-04-27 07:03:00,052 Epoch 63 	 Loss 0.04019280670435874
2021-04-27 07:03:32,228 Epoch 64 	 Loss 0.03990710047738893
2021-04-27 07:04:04,434 Epoch 65 	 Loss 0.039678862871049526
2021-04-27 07:04:36,633 Epoch 66 	 Loss 0.0395906035389219
2021-04-27 07:05:08,841 Epoch 67 	 Loss 0.03937992306201012
2021-04-27 07:05:41,078 Epoch 68 	 Loss 0.03924879796066127
2021-04-27 07:06:13,247 Epoch 69 	 Loss 0.0391355391059603
2021-04-27 07:06:45,455 Epoch 70 	 Loss 0.038992156694223595
2021-04-27 07:07:17,676 Epoch 71 	 Loss 0.03894499668871963
2021-04-27 07:07:49,842 Epoch 72 	 Loss 0.0388790002645372
2021-04-27 07:08:22,048 Epoch 73 	 Loss 0.03880209967002764
2021-04-27 07:08:54,227 Epoch 74 	 Loss 0.03879114711186388
2021-04-27 07:09:26,451 Epoch 75 	 Loss 0.039710503276232836
2021-04-27 07:09:58,669 Epoch 76 	 Loss 0.03889876268394701
2021-04-27 07:10:30,919 Epoch 77 	 Loss 0.038624094819629584
2021-04-27 07:11:03,123 Epoch 78 	 Loss 0.038502917758056095
2021-04-27 07:11:35,332 Epoch 79 	 Loss 0.038509656685394245
2021-04-27 07:12:07,542 Epoch 80 	 Loss 0.038429466577676624
2021-04-27 07:12:39,702 Epoch 81 	 Loss 0.03834069675796634
2021-04-27 07:13:11,887 Epoch 82 	 Loss 0.0382400770354402
2021-04-27 07:13:44,076 Epoch 83 	 Loss 0.038365719082591294
2021-04-27 07:14:16,290 Epoch 84 	 Loss 0.03819929259818989
2021-04-27 07:14:48,525 Epoch 85 	 Loss 0.03820430258145699
2021-04-27 07:15:20,702 Epoch 86 	 Loss 0.03820807732396073
2021-04-27 07:15:52,953 Epoch 87 	 Loss 0.038093885222634113
2021-04-27 07:16:25,155 Epoch 88 	 Loss 0.038077044781747754
2021-04-27 07:16:57,383 Epoch 89 	 Loss 0.03807429240627603
2021-04-27 07:17:29,566 Epoch 90 	 Loss 0.03808147885969707
2021-04-27 07:18:01,795 Epoch 91 	 Loss 0.03806263695542629
2021-04-27 07:18:33,990 Epoch 92 	 Loss 0.03807259158609987
2021-04-27 07:19:06,210 Epoch 93 	 Loss 0.03809251959671031
2021-04-27 07:19:38,484 Epoch 94 	 Loss 0.03804964097319068
2021-04-27 07:20:10,645 Epoch 95 	 Loss 0.03801976009220867
2021-04-27 07:20:42,857 Epoch 96 	 Loss 0.03804447632897031
2021-04-27 07:21:15,084 Epoch 97 	 Loss 0.03798367283665217
2021-04-27 07:21:47,317 Epoch 98 	 Loss 0.037994759873701975
2021-04-27 07:22:19,481 Epoch 99 	 Loss 0.0379982180074676
2021-04-27 07:22:38,191 RESULT FOR DATASET CVC-300

2021-04-27 07:22:38,191 ==============================
2021-04-27 07:22:38,191 

2021-04-27 07:22:38,191 recall: 0.8956230541070302

2021-04-27 07:22:38,191 specificity: 0.9965691258509953

2021-04-27 07:22:38,191 precision: 0.8838257039586703

2021-04-27 07:22:38,191 F1: 0.8688453164165063

2021-04-27 07:22:38,191 F2: 0.8828118081185191

2021-04-27 07:22:38,191 ACC_overall: 0.9932313611110052

2021-04-27 07:22:38,191 IoU_poly: 0.8012483151008686

2021-04-27 07:22:38,191 IoU_bg: 0.992924244205157

2021-04-27 07:22:38,191 IoU_mean: 0.8970862781008084

2021-04-27 07:22:38,191 ==============================
2021-04-27 07:22:38,192 

2021-04-27 07:22:53,468 RESULT FOR DATASET CVC-ClinicDB

2021-04-27 07:22:53,468 ==============================
2021-04-27 07:22:53,468 

2021-04-27 07:22:53,468 recall: 0.8519195532689111

2021-04-27 07:22:53,468 specificity: 0.9953666829293774

2021-04-27 07:22:53,468 precision: 0.9254961591814795

2021-04-27 07:22:53,468 F1: 0.8530979369477849

2021-04-27 07:22:53,468 F2: 0.851621376863125

2021-04-27 07:22:53,468 ACC_overall: 0.9835591595019063

2021-04-27 07:22:53,468 IoU_poly: 0.8021752073001417

2021-04-27 07:22:53,468 IoU_bg: 0.9816485210772483

2021-04-27 07:22:53,468 IoU_mean: 0.8919118686068442

2021-04-27 07:22:53,468 ==============================
2021-04-27 07:22:53,469 

2021-04-27 07:23:22,893 RESULT FOR DATASET Kvasir

2021-04-27 07:23:22,893 ==============================
2021-04-27 07:23:22,893 

2021-04-27 07:23:22,893 recall: 0.8712478719255887

2021-04-27 07:23:22,893 specificity: 0.9810176306962967

2021-04-27 07:23:22,893 precision: 0.8989492144435645

2021-04-27 07:23:22,893 F1: 0.8567245469820045

2021-04-27 07:23:22,893 F2: 0.8561597503464146

2021-04-27 07:23:22,893 ACC_overall: 0.9592226952314377

2021-04-27 07:23:22,894 IoU_poly: 0.7878111442527733

2021-04-27 07:23:22,894 IoU_bg: 0.9493575990200043

2021-04-27 07:23:22,894 IoU_mean: 0.8685843715071678

2021-04-27 07:23:22,894 ==============================
2021-04-27 07:23:22,894 

2021-04-27 07:25:16,315 RESULT FOR DATASET CVC-ColonDB

2021-04-27 07:25:16,315 ==============================
2021-04-27 07:25:16,315 

2021-04-27 07:25:16,315 recall: 0.6128712256311701

2021-04-27 07:25:16,316 specificity: 0.9963154560641239

2021-04-27 07:25:16,316 precision: 0.8904927939498234

2021-04-27 07:25:16,316 F1: 0.6242377124286194

2021-04-27 07:25:16,316 F2: 0.6142839366830135

2021-04-27 07:25:16,316 ACC_overall: 0.9527453493130834

2021-04-27 07:25:16,316 IoU_poly: 0.553529226252967

2021-04-27 07:25:16,316 IoU_bg: 0.9516101508548386

2021-04-27 07:25:16,316 IoU_mean: 0.7525696875625535

2021-04-27 07:25:16,316 ==============================
2021-04-27 07:25:16,316 

2021-04-27 07:26:36,841 RESULT FOR DATASET ETIS-LaribPolypDB

2021-04-27 07:26:36,841 ==============================
2021-04-27 07:26:36,841 

2021-04-27 07:26:36,841 recall: 0.562968192613611

2021-04-27 07:26:36,841 specificity: 0.9925289686237063

2021-04-27 07:26:36,841 precision: 0.7965399004005196

2021-04-27 07:26:36,841 F1: 0.5496649038227773

2021-04-27 07:26:36,841 F2: 0.5528926720323156

2021-04-27 07:26:36,841 ACC_overall: 0.9797934704289144

2021-04-27 07:26:36,841 IoU_poly: 0.4792295471756544

2021-04-27 07:26:36,841 IoU_bg: 0.9786582576985262

2021-04-27 07:26:36,841 IoU_mean: 0.7289439023149257

2021-04-27 07:26:36,841 ==============================
2021-04-27 07:26:36,841 

