2021-04-19 20:40:50,771 RESULT FOR DATASET CVC-300

2021-04-19 20:40:50,783 ==============================
2021-04-19 20:40:50,783 

2021-04-19 20:40:50,783 recall: 0.9189162195970615

2021-04-19 20:40:50,783 specificity: 0.9937034438053767

2021-04-19 20:40:50,783 precision: 0.8825188711285591

2021-04-19 20:40:50,783 F1: 0.8799636280998432

2021-04-19 20:40:50,783 F2: 0.8989431838485568

2021-04-19 20:40:50,783 ACC_overall: 0.9920524964729945

2021-04-19 20:40:50,783 IoU_poly: 0.8115986954420805

2021-04-19 20:40:50,783 IoU_bg: 0.991705201069514

2021-04-19 20:40:50,783 IoU_mean: 0.9016519511739413

2021-04-19 20:40:50,783 ==============================
2021-04-19 20:40:50,783 

2021-04-19 20:40:54,990 RESULT FOR DATASET CVC-ClinicDB

2021-04-19 20:40:54,991 ==============================
2021-04-19 20:40:54,991 

2021-04-19 20:40:54,991 recall: 0.881504457289984

2021-04-19 20:40:54,991 specificity: 0.9954056518693124

2021-04-19 20:40:54,991 precision: 0.9264269611946563

2021-04-19 20:40:54,991 F1: 0.8837406868340387

2021-04-19 20:40:54,991 F2: 0.8814355685063938

2021-04-19 20:40:54,991 ACC_overall: 0.9884128070646717

2021-04-19 20:40:54,991 IoU_poly: 0.831928680255641

2021-04-19 20:40:54,991 IoU_bg: 0.986185311309753

2021-04-19 20:40:54,992 IoU_mean: 0.9090569932614604

2021-04-19 20:40:54,992 ==============================
2021-04-19 20:40:54,992 

2021-04-19 20:41:02,877 RESULT FOR DATASET Kvasir

2021-04-19 20:41:02,877 ==============================
2021-04-19 20:41:02,877 

2021-04-19 20:41:02,878 recall: 0.888784076901502

2021-04-19 20:41:02,878 specificity: 0.9863176143169403

2021-04-19 20:41:02,878 precision: 0.9101912842690945

2021-04-19 20:41:02,878 F1: 0.8810077896407165

2021-04-19 20:41:02,878 F2: 0.8809548829999403

2021-04-19 20:41:02,878 ACC_overall: 0.9701798462867737

2021-04-19 20:41:02,879 IoU_poly: 0.8217631545635231

2021-04-19 20:41:02,879 IoU_bg: 0.96148168861866

2021-04-19 20:41:02,879 IoU_mean: 0.8916224232316017

2021-04-19 20:41:02,879 ==============================
2021-04-19 20:41:02,880 

2021-04-19 20:41:35,009 RESULT FOR DATASET CVC-ColonDB

2021-04-19 20:41:35,012 ==============================
2021-04-19 20:41:35,015 

2021-04-19 20:41:35,015 recall: 0.6824929082175052

2021-04-19 20:41:35,015 specificity: 0.9946040970714469

2021-04-19 20:41:35,015 precision: 0.8803665257827321

2021-04-19 20:41:35,015 F1: 0.6878668029639955

2021-04-19 20:41:35,015 F2: 0.6806022959495941

2021-04-19 20:41:35,015 ACC_overall: 0.9617113407505186

2021-04-19 20:41:35,015 IoU_poly: 0.613379561770063

2021-04-19 20:41:35,015 IoU_bg: 0.9595551003751002

2021-04-19 20:41:35,015 IoU_mean: 0.7864673331772026

2021-04-19 20:41:35,015 ==============================
2021-04-19 20:41:35,015 

2021-04-19 20:42:01,680 RESULT FOR DATASET ETIS-LaribPolypDB

2021-04-19 20:42:01,680 ==============================
2021-04-19 20:42:01,680 

2021-04-19 20:42:01,680 recall: 0.6241262490348952

2021-04-19 20:42:01,681 specificity: 0.9858559056812403

2021-04-19 20:42:01,681 precision: 0.759974065300985

2021-04-19 20:42:01,681 F1: 0.5831465730933981

2021-04-19 20:42:01,681 F2: 0.5991312509127613

2021-04-19 20:42:01,681 ACC_overall: 0.9782655537128448

2021-04-19 20:42:01,681 IoU_poly: 0.5225309952992718

2021-04-19 20:42:01,682 IoU_bg: 0.9773927820580346

2021-04-19 20:42:01,682 IoU_mean: 0.749961889672036

2021-04-19 20:42:01,682 ==============================
2021-04-19 20:42:01,682 

