2021-04-19 20:37:51,754 RESULT FOR DATASET CVC-300

2021-04-19 20:37:51,755 ==============================
2021-04-19 20:37:51,755 

2021-04-19 20:37:51,756 recall: 0.9188280312499653

2021-04-19 20:37:51,756 specificity: 0.9930682877699534

2021-04-19 20:37:51,757 precision: 0.8689018617073695

2021-04-19 20:37:51,757 F1: 0.8616855073933645

2021-04-19 20:37:51,757 F2: 0.8883566059152751

2021-04-19 20:37:51,758 ACC_overall: 0.9913549353679021

2021-04-19 20:37:51,758 IoU_poly: 0.7968842248897999

2021-04-19 20:37:51,758 IoU_bg: 0.9909931172927221

2021-04-19 20:37:51,759 IoU_mean: 0.8939386690656345

2021-04-19 20:37:51,759 ==============================
2021-04-19 20:37:51,759 

2021-04-19 20:37:55,777 RESULT FOR DATASET CVC-ClinicDB

2021-04-19 20:37:55,778 ==============================
2021-04-19 20:37:55,778 

2021-04-19 20:37:55,779 recall: 0.8799371339283103

2021-04-19 20:37:55,779 specificity: 0.9943637915195958

2021-04-19 20:37:55,779 precision: 0.9303068475377175

2021-04-19 20:37:55,780 F1: 0.8735522397985351

2021-04-19 20:37:55,780 F2: 0.8757340322838225

2021-04-19 20:37:55,781 ACC_overall: 0.9883913657357616

2021-04-19 20:37:55,781 IoU_poly: 0.8220906872565167

2021-04-19 20:37:55,781 IoU_bg: 0.9861147538308175

2021-04-19 20:37:55,782 IoU_mean: 0.9041027234446618

2021-04-19 20:37:55,782 ==============================
2021-04-19 20:37:55,782 

2021-04-19 20:38:04,195 RESULT FOR DATASET Kvasir

2021-04-19 20:38:04,196 ==============================
2021-04-19 20:38:04,196 

2021-04-19 20:38:04,196 recall: 0.8944889505713945

2021-04-19 20:38:04,196 specificity: 0.9867157888412476

2021-04-19 20:38:04,196 precision: 0.9195666172355413

2021-04-19 20:38:04,196 F1: 0.8844629254227039

2021-04-19 20:38:04,196 F2: 0.8857051182776923

2021-04-19 20:38:04,196 ACC_overall: 0.9723987740278244

2021-04-19 20:38:04,196 IoU_poly: 0.8271187778556487

2021-04-19 20:38:04,196 IoU_bg: 0.9651158046722412

2021-04-19 20:38:04,196 IoU_mean: 0.8961172899603844

2021-04-19 20:38:04,196 ==============================
2021-04-19 20:38:04,196 

2021-04-19 20:38:36,483 RESULT FOR DATASET CVC-ColonDB

2021-04-19 20:38:36,483 ==============================
2021-04-19 20:38:36,483 

2021-04-19 20:38:36,483 recall: 0.647091405922295

2021-04-19 20:38:36,483 specificity: 0.994477169607815

2021-04-19 20:38:36,483 precision: 0.893231579988797

2021-04-19 20:38:36,483 F1: 0.6501015814593039

2021-04-19 20:38:36,483 F2: 0.6431179107928541

2021-04-19 20:38:36,483 ACC_overall: 0.9580281827794878

2021-04-19 20:38:36,483 IoU_poly: 0.5794870660593568

2021-04-19 20:38:36,483 IoU_bg: 0.9562204426840732

2021-04-19 20:38:36,483 IoU_mean: 0.767853757935135

2021-04-19 20:38:36,483 ==============================
2021-04-19 20:38:36,483 

2021-04-19 20:39:02,098 RESULT FOR DATASET ETIS-LaribPolypDB

2021-04-19 20:39:02,108 ==============================
2021-04-19 20:39:02,114 

2021-04-19 20:39:02,120 recall: 0.6222720782489348

2021-04-19 20:39:02,121 specificity: 0.9882941097021103

2021-04-19 20:39:02,121 precision: 0.7922840457333701

2021-04-19 20:39:02,121 F1: 0.5903258241423781

2021-04-19 20:39:02,121 F2: 0.6029332647259457

2021-04-19 20:39:02,121 ACC_overall: 0.9809573092022721

2021-04-19 20:39:02,121 IoU_poly: 0.5286954954780394

2021-04-19 20:39:02,122 IoU_bg: 0.9799343046485162

2021-04-19 20:39:02,122 IoU_mean: 0.7543149009651068

2021-04-19 20:39:02,122 ==============================
2021-04-19 20:39:02,122 

