2021-04-21 07:27:46,920 RESULT FOR DATASET CVC-300

2021-04-21 07:27:46,921 ==============================
2021-04-21 07:27:46,921 

2021-04-21 07:27:46,921 recall: 0.9221255257725716

2021-04-21 07:27:46,922 specificity: 0.9960612565279007

2021-04-21 07:27:46,922 precision: 0.8876822759707769

2021-04-21 07:27:46,922 F1: 0.891971905529499

2021-04-21 07:27:46,922 F2: 0.9074678485592206

2021-04-21 07:27:46,922 ACC_overall: 0.992313003540039

2021-04-21 07:27:46,922 IoU_poly: 0.8203431211411953

2021-04-21 07:27:46,922 IoU_bg: 0.9919849505027135

2021-04-21 07:27:46,922 IoU_mean: 0.906164038181305

2021-04-21 07:27:46,922 ==============================
2021-04-21 07:27:46,922 

2021-04-21 07:27:49,081 RESULT FOR DATASET CVC-ClinicDB

2021-04-21 07:27:49,082 ==============================
2021-04-21 07:27:49,083 

2021-04-21 07:27:49,084 recall: 0.8755450164073056

2021-04-21 07:27:49,085 specificity: 0.9957599726415449

2021-04-21 07:27:49,086 precision: 0.9188979295272035

2021-04-21 07:27:49,087 F1: 0.8771762212667044

2021-04-21 07:27:49,087 F2: 0.8753449009025409

2021-04-21 07:27:49,088 ACC_overall: 0.989665009321705

2021-04-21 07:27:49,088 IoU_poly: 0.8282639023635702

2021-04-21 07:27:49,091 IoU_bg: 0.9877258971814187

2021-04-21 07:27:49,092 IoU_mean: 0.9079948961734772

2021-04-21 07:27:49,093 ==============================
2021-04-21 07:27:49,093 

2021-04-21 07:27:55,082 RESULT FOR DATASET Kvasir

2021-04-21 07:27:55,082 ==============================
2021-04-21 07:27:55,082 

2021-04-21 07:27:55,083 recall: 0.8781503853172762

2021-04-21 07:27:55,083 specificity: 0.9873302996158599

2021-04-21 07:27:55,083 precision: 0.9234454255085438

2021-04-21 07:27:55,084 F1: 0.87704609375578

2021-04-21 07:27:55,085 F2: 0.8727875021044746

2021-04-21 07:27:55,104 ACC_overall: 0.9699363416433334

2021-04-21 07:27:55,104 IoU_poly: 0.82014548336796

2021-04-21 07:27:55,104 IoU_bg: 0.9620287674665451

2021-04-21 07:27:55,104 IoU_mean: 0.8910871234536171

2021-04-21 07:27:55,104 ==============================
2021-04-21 07:27:55,104 

2021-04-21 07:28:12,389 RESULT FOR DATASET CVC-ColonDB

2021-04-21 07:28:12,390 ==============================
2021-04-21 07:28:12,390 

2021-04-21 07:28:12,390 recall: 0.6204404377377961

2021-04-21 07:28:12,390 specificity: 0.9970400496533043

2021-04-21 07:28:12,390 precision: 0.92179267662899

2021-04-21 07:28:12,390 F1: 0.6353298153309472

2021-04-21 07:28:12,390 F2: 0.6237814681670623

2021-04-21 07:28:12,390 ACC_overall: 0.9569151836790537

2021-04-21 07:28:12,390 IoU_poly: 0.5683133469500047

2021-04-21 07:28:12,390 IoU_bg: 0.9554457279412369

2021-04-21 07:28:12,390 IoU_mean: 0.7618795381172707

2021-04-21 07:28:12,390 ==============================
2021-04-21 07:28:12,390 

2021-04-21 07:28:28,488 RESULT FOR DATASET ETIS-LaribPolypDB

2021-04-21 07:28:28,488 ==============================
2021-04-21 07:28:28,488 

2021-04-21 07:28:28,488 recall: 0.5145232552752959

2021-04-21 07:28:28,488 specificity: 0.9939291623173928

2021-04-21 07:28:28,489 precision: 0.8659608886070962

2021-04-21 07:28:28,489 F1: 0.5153296139517954

2021-04-21 07:28:28,489 F2: 0.5107457242183769

2021-04-21 07:28:28,489 ACC_overall: 0.9802145936659404

2021-04-21 07:28:28,489 IoU_poly: 0.46167028357468803

2021-04-21 07:28:28,489 IoU_bg: 0.9793471024960888

2021-04-21 07:28:28,489 IoU_mean: 0.7205086926720581

2021-04-21 07:28:28,490 ==============================
2021-04-21 07:28:28,490 

