2021-05-13 08:58:20,119 Epoch 0 	 Loss 0.8480070063046047
2021-05-13 08:58:39,286 Epoch 1 	 Loss 0.5920615818474319
2021-05-13 08:58:58,441 Epoch 2 	 Loss 0.5170110418246343
2021-05-13 08:59:17,735 Epoch 3 	 Loss 0.4802862540051177
2021-05-13 08:59:37,033 Epoch 4 	 Loss 0.45059077785565305
2021-05-13 08:59:56,310 Epoch 5 	 Loss 0.426562895159145
2021-05-13 09:00:15,547 Epoch 6 	 Loss 0.4063860744565398
2021-05-13 09:00:34,943 Epoch 7 	 Loss 0.3916367050055619
2021-05-13 09:00:54,290 Epoch 8 	 Loss 0.3859295625608046
2021-05-13 09:01:13,594 Epoch 9 	 Loss 0.36745815257449727
2021-05-13 09:01:32,808 Epoch 10 	 Loss 0.3600978170122419
2021-05-13 09:01:52,064 Epoch 11 	 Loss 0.34742183197330645
2021-05-13 09:02:11,335 Epoch 12 	 Loss 0.3384467667930729
2021-05-13 09:02:30,510 Epoch 13 	 Loss 0.3481017252901098
2021-05-13 09:02:49,723 Epoch 14 	 Loss 0.3260601282447249
2021-05-13 09:03:09,017 Epoch 15 	 Loss 0.32718373442089166
2021-05-13 09:03:28,269 Epoch 16 	 Loss 0.3210265074784939
2021-05-13 09:03:47,538 Epoch 17 	 Loss 0.3147278536152054
2021-05-13 09:04:06,793 Epoch 18 	 Loss 0.30729894258163787
2021-05-13 09:04:25,969 Epoch 19 	 Loss 0.2997007969316545
2021-05-13 09:04:45,189 Epoch 20 	 Loss 0.30136998751006283
2021-05-13 09:05:04,489 Epoch 21 	 Loss 0.29213962253633435
2021-05-13 09:05:23,781 Epoch 22 	 Loss 0.28424922761681315
2021-05-13 09:05:43,065 Epoch 23 	 Loss 0.2902001694336042
2021-05-13 09:06:02,353 Epoch 24 	 Loss 0.2876408607750149
2021-05-13 09:06:22,063 Epoch 25 	 Loss 0.2857212617502108
2021-05-13 09:06:41,474 Epoch 26 	 Loss 0.28181171842983793
2021-05-13 09:07:00,841 Epoch 27 	 Loss 0.2807384632773452
2021-05-13 09:07:20,132 Epoch 28 	 Loss 0.26748236571694467
2021-05-13 09:07:39,325 Epoch 29 	 Loss 0.2762231292960408
2021-05-13 09:07:58,561 Epoch 30 	 Loss 0.25938666603722416
2021-05-13 09:08:17,810 Epoch 31 	 Loss 0.26725634195647396
2021-05-13 09:08:37,062 Epoch 32 	 Loss 0.2626606776164128
2021-05-13 09:08:56,325 Epoch 33 	 Loss 0.2675800763971203
2021-05-13 09:09:15,603 Epoch 34 	 Loss 0.2647273139311717
2021-05-13 09:09:34,902 Epoch 35 	 Loss 0.2516313069141828
2021-05-13 09:09:54,239 Epoch 36 	 Loss 0.25167457317257974
2021-05-13 09:10:13,507 Epoch 37 	 Loss 0.25366463454870075
2021-05-13 09:10:32,794 Epoch 38 	 Loss 0.25258522030416425
2021-05-13 09:10:52,016 Epoch 39 	 Loss 0.2507924003587974
2021-05-13 09:11:11,305 Epoch 40 	 Loss 0.24786900327755854
2021-05-13 09:11:30,633 Epoch 41 	 Loss 0.24438657406922226
2021-05-13 09:11:49,936 Epoch 42 	 Loss 0.24109419623574058
2021-05-13 09:12:09,249 Epoch 43 	 Loss 0.24422343320898957
2021-05-13 09:12:28,497 Epoch 44 	 Loss 0.23907557391858364
2021-05-13 09:12:47,758 Epoch 45 	 Loss 0.2381782327052001
2021-05-13 09:13:06,956 Epoch 46 	 Loss 0.23620318138337398
2021-05-13 09:13:26,195 Epoch 47 	 Loss 0.23242162249900483
2021-05-13 09:13:45,413 Epoch 48 	 Loss 0.23381031771282573
2021-05-13 09:14:04,617 Epoch 49 	 Loss 0.22965670974700006
2021-05-13 09:14:23,910 Epoch 50 	 Loss 0.2252386274573567
2021-05-13 09:14:43,165 Epoch 51 	 Loss 0.23035949239364037
2021-05-13 09:15:02,643 Epoch 52 	 Loss 0.23210766141886238
2021-05-13 09:15:21,864 Epoch 53 	 Loss 0.2302468581186546
2021-05-13 09:15:41,140 Epoch 54 	 Loss 0.22398215941675417
2021-05-13 09:16:00,391 Epoch 55 	 Loss 0.2274601787001222
2021-05-13 09:16:19,676 Epoch 56 	 Loss 0.2216010938633929
2021-05-13 09:16:38,900 Epoch 57 	 Loss 0.2177268690787829
2021-05-13 09:16:58,126 Epoch 58 	 Loss 0.22198541937293587
2021-05-13 09:17:17,450 Epoch 59 	 Loss 0.21587754163768266
2021-05-13 09:17:36,629 Epoch 60 	 Loss 0.21654893310515436
2021-05-13 09:17:55,933 Epoch 61 	 Loss 0.21695981182894863
2021-05-13 09:18:15,237 Epoch 62 	 Loss 0.22545042175513047
2021-05-13 09:18:34,479 Epoch 63 	 Loss 0.21649238745589833
2021-05-13 09:18:53,660 Epoch 64 	 Loss 0.21045574693234412
2021-05-13 09:19:12,877 Epoch 65 	 Loss 0.21021316601679876
2021-05-13 09:19:32,102 Epoch 66 	 Loss 0.21234168521650545
2021-05-13 09:19:51,394 Epoch 67 	 Loss 0.203689972614194
2021-05-13 09:20:10,748 Epoch 68 	 Loss 0.20545680149570927
2021-05-13 09:20:29,985 Epoch 69 	 Loss 0.20669052807184365
2021-05-13 09:20:49,308 Epoch 70 	 Loss 0.204973164331782
2021-05-13 09:21:08,597 Epoch 71 	 Loss 0.2109612716095788
2021-05-13 09:21:27,965 Epoch 72 	 Loss 0.2098762951381914
2021-05-13 09:21:47,182 Epoch 73 	 Loss 0.20486838755371806
2021-05-13 09:22:06,367 Epoch 74 	 Loss 0.20826845804413596
2021-05-13 09:22:25,554 Epoch 75 	 Loss 0.2026513315491624
2021-05-13 09:22:44,869 Epoch 76 	 Loss 0.20446067589979905
2021-05-13 09:23:04,108 Epoch 77 	 Loss 0.2037684922362422
2021-05-13 09:23:23,347 Epoch 78 	 Loss 0.19995497576483004
2021-05-13 09:23:42,618 Epoch 79 	 Loss 0.20046610164118336
2021-05-13 09:24:01,853 Epoch 80 	 Loss 0.2023891120494067
2021-05-13 09:24:21,128 Epoch 81 	 Loss 0.19865844996420892
2021-05-13 09:24:40,430 Epoch 82 	 Loss 0.19686571451333854
2021-05-13 09:24:59,803 Epoch 83 	 Loss 0.20088830164500646
2021-05-13 09:25:19,085 Epoch 84 	 Loss 0.20090680495723262
2021-05-13 09:25:38,292 Epoch 85 	 Loss 0.1997844275537428
2021-05-13 09:25:57,676 Epoch 86 	 Loss 0.19884883374958248
2021-05-13 09:26:16,973 Epoch 87 	 Loss 0.19660170949422395
2021-05-13 09:26:36,293 Epoch 88 	 Loss 0.19905506745799556
2021-05-13 09:26:55,567 Epoch 89 	 Loss 0.19815839614186967
2021-05-13 09:27:14,900 Epoch 90 	 Loss 0.19692008835928781
2021-05-13 09:27:34,272 Epoch 91 	 Loss 0.20073650728215228
2021-05-13 09:27:53,508 Epoch 92 	 Loss 0.19955796953086014
2021-05-13 09:28:12,792 Epoch 93 	 Loss 0.19697568852167863
2021-05-13 09:28:32,057 Epoch 94 	 Loss 0.19813528182087364
2021-05-13 09:28:51,345 Epoch 95 	 Loss 0.20223817835142324
2021-05-13 09:29:10,641 Epoch 96 	 Loss 0.198380178802616
2021-05-13 09:29:29,891 Epoch 97 	 Loss 0.202543529016631
2021-05-13 09:29:49,117 Epoch 98 	 Loss 0.2006679355770677
2021-05-13 09:30:08,357 Epoch 99 	 Loss 0.19399448967241978
2021-05-13 09:30:26,113 RESULT FOR DATASET CVC-300

2021-05-13 09:30:26,113 ==============================
2021-05-13 09:30:26,113 

2021-05-13 09:30:26,113 recall: 0.9645218690236409

2021-05-13 09:30:26,113 specificity: 0.989788806438446

2021-05-13 09:30:26,113 precision: 0.8103883689890305

2021-05-13 09:30:26,113 F1: 0.8598552537461122

2021-05-13 09:30:26,113 F2: 0.9057710553208987

2021-05-13 09:30:26,113 ACC_overall: 0.9889236946900686

2021-05-13 09:30:26,113 IoU_poly: 0.7861773867160082

2021-05-13 09:30:26,113 IoU_bg: 0.9885397811730703

2021-05-13 09:30:26,113 IoU_mean: 0.8873585800329844

2021-05-13 09:30:26,114 ==============================
2021-05-13 09:30:26,114 

2021-05-13 09:30:40,779 RESULT FOR DATASET CVC-ClinicDB

2021-05-13 09:30:40,779 ==============================
2021-05-13 09:30:40,779 

2021-05-13 09:30:40,779 recall: 0.9408711545890377

2021-05-13 09:30:40,779 specificity: 0.9924652826401495

2021-05-13 09:30:40,779 precision: 0.8962370620800122

2021-05-13 09:30:40,779 F1: 0.9076245686099413

2021-05-13 09:30:40,779 F2: 0.9201084944990373

2021-05-13 09:30:40,779 ACC_overall: 0.9872244740686109

2021-05-13 09:30:40,779 IoU_poly: 0.854373144736934

2021-05-13 09:30:40,779 IoU_bg: 0.9849754148913968

2021-05-13 09:30:40,779 IoU_mean: 0.919674281151064

2021-05-13 09:30:40,779 ==============================
2021-05-13 09:30:40,779 

2021-05-13 09:31:09,224 RESULT FOR DATASET Kvasir

2021-05-13 09:31:09,225 ==============================
2021-05-13 09:31:09,225 

2021-05-13 09:31:09,225 recall: 0.8981649649143219

2021-05-13 09:31:09,225 specificity: 0.9893542718887329

2021-05-13 09:31:09,225 precision: 0.9286289110779762

2021-05-13 09:31:09,225 F1: 0.9038861590623856

2021-05-13 09:31:09,225 F2: 0.8986662596464157

2021-05-13 09:31:09,225 ACC_overall: 0.9720017057657242

2021-05-13 09:31:09,225 IoU_poly: 0.8467401923239231

2021-05-13 09:31:09,225 IoU_bg: 0.9643474841117858

2021-05-13 09:31:09,225 IoU_mean: 0.9055438396334649

2021-05-13 09:31:09,225 ==============================
2021-05-13 09:31:09,225 

2021-05-13 09:32:57,773 RESULT FOR DATASET CVC-ColonDB

2021-05-13 09:32:57,773 ==============================
2021-05-13 09:32:57,773 

2021-05-13 09:32:57,773 recall: 0.7659379712658153

2021-05-13 09:32:57,773 specificity: 0.9894362794725519

2021-05-13 09:32:57,773 precision: 0.803886377596255

2021-05-13 09:32:57,773 F1: 0.7339992064587166

2021-05-13 09:32:57,773 F2: 0.7420870567903206

2021-05-13 09:32:57,773 ACC_overall: 0.959996085417898

2021-05-13 09:32:57,773 IoU_poly: 0.6510759792670653

2021-05-13 09:32:57,774 IoU_bg: 0.9571335205906316

2021-05-13 09:32:57,774 IoU_mean: 0.804104750642651

2021-05-13 09:32:57,774 ==============================
2021-05-13 09:32:57,774 

2021-05-13 09:34:17,032 RESULT FOR DATASET ETIS-LaribPolypDB

2021-05-13 09:34:17,032 ==============================
2021-05-13 09:34:17,032 

2021-05-13 09:34:17,033 recall: 0.835328446984059

2021-05-13 09:34:17,033 specificity: 0.9810270697486644

2021-05-13 09:34:17,033 precision: 0.6616605799897779

2021-05-13 09:34:17,033 F1: 0.7007703010181474

2021-05-13 09:34:17,033 F2: 0.7618488960916341

2021-05-13 09:34:17,033 ACC_overall: 0.9790619964502296

2021-05-13 09:34:17,033 IoU_poly: 0.6131528990858339

2021-05-13 09:34:17,033 IoU_bg: 0.9778513680307233

2021-05-13 09:34:17,033 IoU_mean: 0.7955021351879957

2021-05-13 09:34:17,033 ==============================
2021-05-13 09:34:17,033 

