2021-05-13 09:34:39,250 Epoch 0 	 Loss 0.8467563338332124
2021-05-13 09:34:58,635 Epoch 1 	 Loss 0.5918095007047548
2021-05-13 09:35:18,224 Epoch 2 	 Loss 0.5089029669761658
2021-05-13 09:35:37,772 Epoch 3 	 Loss 0.4619704255690941
2021-05-13 09:35:57,365 Epoch 4 	 Loss 0.42428037294974696
2021-05-13 09:36:16,931 Epoch 5 	 Loss 0.415833286859177
2021-05-13 09:36:36,543 Epoch 6 	 Loss 0.3987608882752094
2021-05-13 09:36:56,186 Epoch 7 	 Loss 0.3841728882475214
2021-05-13 09:37:15,769 Epoch 8 	 Loss 0.3704563488999566
2021-05-13 09:37:35,350 Epoch 9 	 Loss 0.3688502059533046
2021-05-13 09:37:54,945 Epoch 10 	 Loss 0.3539900152565359
2021-05-13 09:38:14,534 Epoch 11 	 Loss 0.33703005821495263
2021-05-13 09:38:34,148 Epoch 12 	 Loss 0.33784004440019416
2021-05-13 09:38:53,657 Epoch 13 	 Loss 0.3292653192203123
2021-05-13 09:39:13,241 Epoch 14 	 Loss 0.32113280040877207
2021-05-13 09:39:32,942 Epoch 15 	 Loss 0.308230860547705
2021-05-13 09:39:52,558 Epoch 16 	 Loss 0.31277656358676953
2021-05-13 09:40:12,206 Epoch 17 	 Loss 0.313546889758372
2021-05-13 09:40:31,752 Epoch 18 	 Loss 0.31295789712732963
2021-05-13 09:40:51,284 Epoch 19 	 Loss 0.2985399547186527
2021-05-13 09:41:11,299 Epoch 20 	 Loss 0.28868953261401625
2021-05-13 09:41:31,273 Epoch 21 	 Loss 0.2983710317166297
2021-05-13 09:41:51,428 Epoch 22 	 Loss 0.28918907275566685
2021-05-13 09:42:11,721 Epoch 23 	 Loss 0.2782820715354039
2021-05-13 09:42:31,771 Epoch 24 	 Loss 0.2890369841358164
2021-05-13 09:42:51,509 Epoch 25 	 Loss 0.28382338927342343
2021-05-13 09:43:11,330 Epoch 26 	 Loss 0.2727828625139299
2021-05-13 09:43:31,062 Epoch 27 	 Loss 0.272816423367668
2021-05-13 09:43:50,841 Epoch 28 	 Loss 0.27142862091352654
2021-05-13 09:44:10,711 Epoch 29 	 Loss 0.26650969700498894
2021-05-13 09:44:30,818 Epoch 30 	 Loss 0.26730667169277483
2021-05-13 09:44:50,728 Epoch 31 	 Loss 0.2658235129419264
2021-05-13 09:45:10,667 Epoch 32 	 Loss 0.2538264064670919
2021-05-13 09:45:31,094 Epoch 33 	 Loss 0.2531265696653953
2021-05-13 09:45:51,450 Epoch 34 	 Loss 0.2536200185070981
2021-05-13 09:46:11,766 Epoch 35 	 Loss 0.26190028200437737
2021-05-13 09:46:31,981 Epoch 36 	 Loss 0.25182997771016846
2021-05-13 09:46:51,988 Epoch 37 	 Loss 0.24521885894157075
2021-05-13 09:47:11,843 Epoch 38 	 Loss 0.24651874454466852
2021-05-13 09:47:32,078 Epoch 39 	 Loss 0.24166764875689706
2021-05-13 09:47:52,651 Epoch 40 	 Loss 0.24838782224681352
2021-05-13 09:48:13,355 Epoch 41 	 Loss 0.24275397059026654
2021-05-13 09:48:33,859 Epoch 42 	 Loss 0.23829214979004074
2021-05-13 09:48:54,409 Epoch 43 	 Loss 0.2317914144023434
2021-05-13 09:49:14,948 Epoch 44 	 Loss 0.23326368220559843
2021-05-13 09:49:35,394 Epoch 45 	 Loss 0.23687154382139772
2021-05-13 09:49:55,474 Epoch 46 	 Loss 0.23521217425445934
2021-05-13 09:50:15,573 Epoch 47 	 Loss 0.23029588146524116
2021-05-13 09:50:35,346 Epoch 48 	 Loss 0.22874233290389345
2021-05-13 09:50:55,317 Epoch 49 	 Loss 0.22459667249695286
2021-05-13 09:51:15,575 Epoch 50 	 Loss 0.22626918783554664
2021-05-13 09:51:35,896 Epoch 51 	 Loss 0.22939579254323308
2021-05-13 09:51:55,949 Epoch 52 	 Loss 0.23016881009379586
2021-05-13 09:52:16,590 Epoch 53 	 Loss 0.22256132681946178
2021-05-13 09:52:37,614 Epoch 54 	 Loss 0.22205733221310836
2021-05-13 09:52:58,592 Epoch 55 	 Loss 0.21966307290962764
2021-05-13 09:53:19,764 Epoch 56 	 Loss 0.21761192201258062
2021-05-13 09:53:40,759 Epoch 57 	 Loss 0.21528604102658702
2021-05-13 09:54:01,557 Epoch 58 	 Loss 0.2106575160236149
2021-05-13 09:54:22,034 Epoch 59 	 Loss 0.20988711894868495
2021-05-13 09:54:42,513 Epoch 60 	 Loss 0.20848688057490758
2021-05-13 09:55:03,302 Epoch 61 	 Loss 0.21100229074011792
2021-05-13 09:55:23,926 Epoch 62 	 Loss 0.20787773944519378
2021-05-13 09:55:44,478 Epoch 63 	 Loss 0.20904643096766629
2021-05-13 09:56:05,099 Epoch 64 	 Loss 0.20549229360543764
2021-05-13 09:56:25,307 Epoch 65 	 Loss 0.20555010585339514
2021-05-13 09:56:45,745 Epoch 66 	 Loss 0.20932610758713313
2021-05-13 09:57:07,286 Epoch 67 	 Loss 0.2048259071268878
2021-05-13 09:57:28,427 Epoch 68 	 Loss 0.20239876538187593
2021-05-13 09:57:49,069 Epoch 69 	 Loss 0.20504874334885523
2021-05-13 09:58:10,048 Epoch 70 	 Loss 0.20526796923233911
2021-05-13 09:58:31,125 Epoch 71 	 Loss 0.20436548564460252
2021-05-13 09:58:51,726 Epoch 72 	 Loss 0.20421367818182642
2021-05-13 09:59:13,013 Epoch 73 	 Loss 0.19849286613228556
2021-05-13 09:59:33,405 Epoch 74 	 Loss 0.19955323718406343
2021-05-13 09:59:53,405 Epoch 75 	 Loss 0.20194300960053455
2021-05-13 10:00:13,634 Epoch 76 	 Loss 0.19800899562599894
2021-05-13 10:00:33,892 Epoch 77 	 Loss 0.1976148499237312
2021-05-13 10:00:54,047 Epoch 78 	 Loss 0.19777009464227235
2021-05-13 10:01:14,439 Epoch 79 	 Loss 0.19514775538182522
2021-05-13 10:01:34,754 Epoch 80 	 Loss 0.19612115556067164
2021-05-13 10:01:54,730 Epoch 81 	 Loss 0.19185995351482224
2021-05-13 10:02:14,840 Epoch 82 	 Loss 0.19463814287395267
2021-05-13 10:02:35,372 Epoch 83 	 Loss 0.1933302150650339
2021-05-13 10:02:55,825 Epoch 84 	 Loss 0.19759997774611462
2021-05-13 10:03:15,767 Epoch 85 	 Loss 0.20021069393708155
2021-05-13 10:03:36,613 Epoch 86 	 Loss 0.19560068174377904
2021-05-13 10:03:56,989 Epoch 87 	 Loss 0.1950425991972724
2021-05-13 10:04:17,036 Epoch 88 	 Loss 0.19229321558396895
2021-05-13 10:04:36,987 Epoch 89 	 Loss 0.19946194530188383
2021-05-13 10:04:56,944 Epoch 90 	 Loss 0.19684372678562834
2021-05-13 10:05:17,026 Epoch 91 	 Loss 0.1902669370174408
2021-05-13 10:05:37,138 Epoch 92 	 Loss 0.19131406601313705
2021-05-13 10:05:57,279 Epoch 93 	 Loss 0.194849051289506
2021-05-13 10:06:17,674 Epoch 94 	 Loss 0.19534913818914812
2021-05-13 10:06:37,947 Epoch 95 	 Loss 0.19671346214446392
2021-05-13 10:06:57,813 Epoch 96 	 Loss 0.19656921792161333
2021-05-13 10:07:17,656 Epoch 97 	 Loss 0.19693678109855442
2021-05-13 10:07:37,717 Epoch 98 	 Loss 0.1940279729091204
2021-05-13 10:07:58,067 Epoch 99 	 Loss 0.19642752539980543
2021-05-13 10:08:16,681 RESULT FOR DATASET CVC-300

2021-05-13 10:08:16,681 ==============================
2021-05-13 10:08:16,681 

2021-05-13 10:08:16,681 recall: 0.9648058573404948

2021-05-13 10:08:16,681 specificity: 0.9890461971362432

2021-05-13 10:08:16,681 precision: 0.8029945510129134

2021-05-13 10:08:16,681 F1: 0.852073944111665

2021-05-13 10:08:16,681 F2: 0.897916616499424

2021-05-13 10:08:16,681 ACC_overall: 0.9881115585565567

2021-05-13 10:08:16,681 IoU_poly: 0.7786779745171467

2021-05-13 10:08:16,681 IoU_bg: 0.987757432460785

2021-05-13 10:08:16,681 IoU_mean: 0.883217704296112

2021-05-13 10:08:16,682 ==============================
2021-05-13 10:08:16,682 

2021-05-13 10:08:32,197 RESULT FOR DATASET CVC-ClinicDB

2021-05-13 10:08:32,197 ==============================
2021-05-13 10:08:32,197 

2021-05-13 10:08:32,198 recall: 0.9389890932267712

2021-05-13 10:08:32,198 specificity: 0.9914700292771862

2021-05-13 10:08:32,198 precision: 0.9048111842524621

2021-05-13 10:08:32,198 F1: 0.9027249827500312

2021-05-13 10:08:32,198 F2: 0.9103679486340092

2021-05-13 10:08:32,198 ACC_overall: 0.9874060500052667

2021-05-13 10:08:32,198 IoU_poly: 0.8518986560163959

2021-05-13 10:08:32,198 IoU_bg: 0.9852134277743678

2021-05-13 10:08:32,198 IoU_mean: 0.9185560422558938

2021-05-13 10:08:32,198 ==============================
2021-05-13 10:08:32,198 

2021-05-13 10:09:01,926 RESULT FOR DATASET Kvasir

2021-05-13 10:09:01,926 ==============================
2021-05-13 10:09:01,926 

2021-05-13 10:09:01,926 recall: 0.9092040097713471

2021-05-13 10:09:01,926 specificity: 0.987258106470108

2021-05-13 10:09:01,926 precision: 0.9273114646971226

2021-05-13 10:09:01,926 F1: 0.907082408964634

2021-05-13 10:09:01,926 F2: 0.9052042165398597

2021-05-13 10:09:01,926 ACC_overall: 0.9749163919687271

2021-05-13 10:09:01,926 IoU_poly: 0.849455296844244

2021-05-13 10:09:01,926 IoU_bg: 0.9667601662874222

2021-05-13 10:09:01,926 IoU_mean: 0.9081077313423157

2021-05-13 10:09:01,926 ==============================
2021-05-13 10:09:01,926 

2021-05-13 10:10:56,008 RESULT FOR DATASET CVC-ColonDB

2021-05-13 10:10:56,008 ==============================
2021-05-13 10:10:56,008 

2021-05-13 10:10:56,008 recall: 0.8182119220321654

2021-05-13 10:10:56,008 specificity: 0.9851452727066843

2021-05-13 10:10:56,008 precision: 0.8050660393266011

2021-05-13 10:10:56,008 F1: 0.7578841310212211

2021-05-13 10:10:56,008 F2: 0.7763058929642643

2021-05-13 10:10:56,008 ACC_overall: 0.9633180671616605

2021-05-13 10:10:56,008 IoU_poly: 0.6786674220008104

2021-05-13 10:10:56,008 IoU_bg: 0.9594999189439573

2021-05-13 10:10:56,008 IoU_mean: 0.8190836711149466

2021-05-13 10:10:56,008 ==============================
2021-05-13 10:10:56,008 

2021-05-13 10:12:19,094 RESULT FOR DATASET ETIS-LaribPolypDB

2021-05-13 10:12:19,095 ==============================
2021-05-13 10:12:19,095 

2021-05-13 10:12:19,095 recall: 0.8250816971529517

2021-05-13 10:12:19,095 specificity: 0.9769175943671441

2021-05-13 10:12:19,095 precision: 0.6254456078882515

2021-05-13 10:12:19,095 F1: 0.6780895148114018

2021-05-13 10:12:19,095 F2: 0.7387332478355607

2021-05-13 10:12:19,095 ACC_overall: 0.9748809228138048

2021-05-13 10:12:19,095 IoU_poly: 0.5955020371018189

2021-05-13 10:12:19,095 IoU_bg: 0.9736726603337696

2021-05-13 10:12:19,095 IoU_mean: 0.7845873478419927

2021-05-13 10:12:19,095 ==============================
2021-05-13 10:12:19,095 

