2021-05-13 10:12:43,007 Epoch 0 	 Loss 0.8985594976079333
2021-05-13 10:13:03,581 Epoch 1 	 Loss 0.6426770428379813
2021-05-13 10:13:24,664 Epoch 2 	 Loss 0.5530175049226362
2021-05-13 10:13:45,433 Epoch 3 	 Loss 0.505740123463201
2021-05-13 10:14:06,329 Epoch 4 	 Loss 0.4712723657325074
2021-05-13 10:14:27,023 Epoch 5 	 Loss 0.43515792882049475
2021-05-13 10:14:47,467 Epoch 6 	 Loss 0.41083906017816985
2021-05-13 10:15:08,079 Epoch 7 	 Loss 0.3958008865733723
2021-05-13 10:15:28,535 Epoch 8 	 Loss 0.3779480372156416
2021-05-13 10:15:49,048 Epoch 9 	 Loss 0.37163902868281357
2021-05-13 10:16:09,403 Epoch 10 	 Loss 0.35855026559515313
2021-05-13 10:16:30,369 Epoch 11 	 Loss 0.352853835611553
2021-05-13 10:16:50,907 Epoch 12 	 Loss 0.34951761545060755
2021-05-13 10:17:11,332 Epoch 13 	 Loss 0.3324164556605475
2021-05-13 10:17:31,819 Epoch 14 	 Loss 0.3362758184199805
2021-05-13 10:17:52,355 Epoch 15 	 Loss 0.32454461055797534
2021-05-13 10:18:12,896 Epoch 16 	 Loss 0.3126515192644937
2021-05-13 10:18:33,532 Epoch 17 	 Loss 0.31539386641848216
2021-05-13 10:18:54,205 Epoch 18 	 Loss 0.31710398803045464
2021-05-13 10:19:14,568 Epoch 19 	 Loss 0.3184163650641075
2021-05-13 10:19:34,929 Epoch 20 	 Loss 0.2988350388112959
2021-05-13 10:19:55,747 Epoch 21 	 Loss 0.30453522634375224
2021-05-13 10:20:16,110 Epoch 22 	 Loss 0.2918886098560396
2021-05-13 10:20:36,738 Epoch 23 	 Loss 0.2948341182955019
2021-05-13 10:20:57,577 Epoch 24 	 Loss 0.289576482969326
2021-05-13 10:21:18,492 Epoch 25 	 Loss 0.2788291291876154
2021-05-13 10:21:39,231 Epoch 26 	 Loss 0.28101989250261705
2021-05-13 10:21:59,720 Epoch 27 	 Loss 0.2846962251178511
2021-05-13 10:22:20,338 Epoch 28 	 Loss 0.2762462613019314
2021-05-13 10:22:40,868 Epoch 29 	 Loss 0.2712242344578544
2021-05-13 10:23:01,382 Epoch 30 	 Loss 0.2667772650391191
2021-05-13 10:23:21,786 Epoch 31 	 Loss 0.2722180916385336
2021-05-13 10:23:42,247 Epoch 32 	 Loss 0.2691668288393335
2021-05-13 10:24:02,688 Epoch 33 	 Loss 0.26763891125773337
2021-05-13 10:24:23,019 Epoch 34 	 Loss 0.2561001157040124
2021-05-13 10:24:43,208 Epoch 35 	 Loss 0.25224742407982165
2021-05-13 10:25:03,450 Epoch 36 	 Loss 0.2652590158548984
2021-05-13 10:25:23,787 Epoch 37 	 Loss 0.2543504961899349
2021-05-13 10:25:44,104 Epoch 38 	 Loss 0.2544936878340585
2021-05-13 10:26:04,376 Epoch 39 	 Loss 0.24680250997726733
2021-05-13 10:26:24,761 Epoch 40 	 Loss 0.2530104784847616
2021-05-13 10:26:45,096 Epoch 41 	 Loss 0.25559597650727073
2021-05-13 10:27:05,496 Epoch 42 	 Loss 0.24432318076327608
2021-05-13 10:27:25,895 Epoch 43 	 Loss 0.2420314840235553
2021-05-13 10:27:46,228 Epoch 44 	 Loss 0.2399013515684631
2021-05-13 10:28:07,221 Epoch 45 	 Loss 0.24074943363666534
2021-05-13 10:28:28,247 Epoch 46 	 Loss 0.23438984270279223
2021-05-13 10:28:48,902 Epoch 47 	 Loss 0.23486418514461307
2021-05-13 10:29:09,740 Epoch 48 	 Loss 0.22744259745865078
2021-05-13 10:29:31,098 Epoch 49 	 Loss 0.22884816635440994
2021-05-13 10:29:52,096 Epoch 50 	 Loss 0.22850918442338378
2021-05-13 10:30:12,959 Epoch 51 	 Loss 0.22727372210759383
2021-05-13 10:30:33,715 Epoch 52 	 Loss 0.23218825655979114
2021-05-13 10:30:54,783 Epoch 53 	 Loss 0.232237288912574
2021-05-13 10:31:15,572 Epoch 54 	 Loss 0.22842947418218132
2021-05-13 10:31:37,139 Epoch 55 	 Loss 0.22034557180090264
2021-05-13 10:31:57,896 Epoch 56 	 Loss 0.21521050327426786
2021-05-13 10:32:18,786 Epoch 57 	 Loss 0.22061783566579715
2021-05-13 10:32:39,505 Epoch 58 	 Loss 0.21834200473277124
2021-05-13 10:33:00,182 Epoch 59 	 Loss 0.22300767178063866
2021-05-13 10:33:20,601 Epoch 60 	 Loss 0.21829066008001893
2021-05-13 10:33:41,002 Epoch 61 	 Loss 0.2121973286618243
2021-05-13 10:34:01,686 Epoch 62 	 Loss 0.2170623996100583
2021-05-13 10:34:22,215 Epoch 63 	 Loss 0.21440188210089128
2021-05-13 10:34:42,780 Epoch 64 	 Loss 0.2105783386217369
2021-05-13 10:35:03,752 Epoch 65 	 Loss 0.21522819914005614
2021-05-13 10:35:24,147 Epoch 66 	 Loss 0.2133257223682089
2021-05-13 10:35:45,046 Epoch 67 	 Loss 0.21537983417510986
2021-05-13 10:36:05,609 Epoch 68 	 Loss 0.20683140414101736
2021-05-13 10:36:26,112 Epoch 69 	 Loss 0.2084221561531444
2021-05-13 10:36:46,655 Epoch 70 	 Loss 0.2029072290265953
2021-05-13 10:37:07,135 Epoch 71 	 Loss 0.205942988886938
2021-05-13 10:37:27,689 Epoch 72 	 Loss 0.20290382632187434
2021-05-13 10:37:47,864 Epoch 73 	 Loss 0.2025586582802154
2021-05-13 10:38:08,372 Epoch 74 	 Loss 0.20223398064519024
2021-05-13 10:38:28,915 Epoch 75 	 Loss 0.20160640989031112
2021-05-13 10:38:49,412 Epoch 76 	 Loss 0.20367664901109842
2021-05-13 10:39:09,681 Epoch 77 	 Loss 0.20131259125012618
2021-05-13 10:39:30,071 Epoch 78 	 Loss 0.20244048552198723
2021-05-13 10:39:50,332 Epoch 79 	 Loss 0.20298868777987722
2021-05-13 10:40:11,000 Epoch 80 	 Loss 0.20197627406853896
2021-05-13 10:40:31,437 Epoch 81 	 Loss 0.20376766661366263
2021-05-13 10:40:51,835 Epoch 82 	 Loss 0.20142730284523178
2021-05-13 10:41:12,359 Epoch 83 	 Loss 0.19800774261846646
2021-05-13 10:41:32,866 Epoch 84 	 Loss 0.20041112585382148
2021-05-13 10:41:53,559 Epoch 85 	 Loss 0.2013414857479242
2021-05-13 10:42:14,180 Epoch 86 	 Loss 0.20262526041203802
2021-05-13 10:42:34,770 Epoch 87 	 Loss 0.1982909047996605
2021-05-13 10:42:55,152 Epoch 88 	 Loss 0.19690356313527285
2021-05-13 10:43:15,689 Epoch 89 	 Loss 0.19787133869889018
2021-05-13 10:43:36,135 Epoch 90 	 Loss 0.19930174193539463
2021-05-13 10:43:56,662 Epoch 91 	 Loss 0.1973666861489579
2021-05-13 10:44:17,280 Epoch 92 	 Loss 0.19719875628476616
2021-05-13 10:44:37,598 Epoch 93 	 Loss 0.1974705776997975
2021-05-13 10:44:58,715 Epoch 94 	 Loss 0.19879439898899623
2021-05-13 10:45:19,210 Epoch 95 	 Loss 0.2013096660375595
2021-05-13 10:45:39,792 Epoch 96 	 Loss 0.20032870261878757
2021-05-13 10:46:00,852 Epoch 97 	 Loss 0.1984463959604829
2021-05-13 10:46:21,533 Epoch 98 	 Loss 0.19554514396976638
2021-05-13 10:46:42,103 Epoch 99 	 Loss 0.1996451680149351
2021-05-13 10:47:01,576 RESULT FOR DATASET CVC-300

2021-05-13 10:47:01,576 ==============================
2021-05-13 10:47:01,576 

2021-05-13 10:47:01,576 recall: 0.9455945213635762

2021-05-13 10:47:01,577 specificity: 0.9929452925920487

2021-05-13 10:47:01,577 precision: 0.8394138800601164

2021-05-13 10:47:01,577 F1: 0.8682209458202124

2021-05-13 10:47:01,577 F2: 0.8986898541450501

2021-05-13 10:47:01,577 ACC_overall: 0.9910829236110051

2021-05-13 10:47:01,577 IoU_poly: 0.7959844280034304

2021-05-13 10:47:01,577 IoU_bg: 0.9908211559057236

2021-05-13 10:47:01,577 IoU_mean: 0.8934027900298437

2021-05-13 10:47:01,577 ==============================
2021-05-13 10:47:01,577 

2021-05-13 10:47:19,386 RESULT FOR DATASET CVC-ClinicDB

2021-05-13 10:47:19,386 ==============================
2021-05-13 10:47:19,386 

2021-05-13 10:47:19,386 recall: 0.9184165770946551

2021-05-13 10:47:19,387 specificity: 0.9935310406069602

2021-05-13 10:47:19,387 precision: 0.9056959733847649

2021-05-13 10:47:19,387 F1: 0.8955864716760604

2021-05-13 10:47:19,387 F2: 0.9036695207337728

2021-05-13 10:47:19,387 ACC_overall: 0.9886925287785069

2021-05-13 10:47:19,387 IoU_poly: 0.8457041424886894

2021-05-13 10:47:19,387 IoU_bg: 0.9865973716781985

2021-05-13 10:47:19,387 IoU_mean: 0.9161507554592625

2021-05-13 10:47:19,387 ==============================
2021-05-13 10:47:19,387 

2021-05-13 10:47:52,304 RESULT FOR DATASET Kvasir

2021-05-13 10:47:52,304 ==============================
2021-05-13 10:47:52,304 

2021-05-13 10:47:52,304 recall: 0.9057215946912766

2021-05-13 10:47:52,304 specificity: 0.985688230395317

2021-05-13 10:47:52,304 precision: 0.9289084340631962

2021-05-13 10:47:52,304 F1: 0.905631803497672

2021-05-13 10:47:52,304 F2: 0.9020799554884433

2021-05-13 10:47:52,304 ACC_overall: 0.9699733066558838

2021-05-13 10:47:52,304 IoU_poly: 0.8510918829217553

2021-05-13 10:47:52,304 IoU_bg: 0.9617489203810692

2021-05-13 10:47:52,305 IoU_mean: 0.9064204007387161

2021-05-13 10:47:52,305 ==============================
2021-05-13 10:47:52,305 

2021-05-13 10:49:50,194 RESULT FOR DATASET CVC-ColonDB

2021-05-13 10:49:50,194 ==============================
2021-05-13 10:49:50,194 

2021-05-13 10:49:50,194 recall: 0.8125615490299639

2021-05-13 10:49:50,194 specificity: 0.9880275790628634

2021-05-13 10:49:50,194 precision: 0.8051095401404095

2021-05-13 10:49:50,194 F1: 0.7694063474202506

2021-05-13 10:49:50,194 F2: 0.7810437063238073

2021-05-13 10:49:50,194 ACC_overall: 0.9659361012672123

2021-05-13 10:49:50,194 IoU_poly: 0.6854779976310391

2021-05-13 10:49:50,194 IoU_bg: 0.9619977129133124

2021-05-13 10:49:50,194 IoU_mean: 0.8237378559614482

2021-05-13 10:49:50,194 ==============================
2021-05-13 10:49:50,194 

2021-05-13 10:51:14,912 RESULT FOR DATASET ETIS-LaribPolypDB

2021-05-13 10:51:14,912 ==============================
2021-05-13 10:51:14,912 

2021-05-13 10:51:14,912 recall: 0.8138620519141243

2021-05-13 10:51:14,912 specificity: 0.9852586227412127

2021-05-13 10:51:14,912 precision: 0.7141266146564443

2021-05-13 10:51:14,912 F1: 0.716023663946038

2021-05-13 10:51:14,912 F2: 0.7616616265923136

2021-05-13 10:51:14,912 ACC_overall: 0.9832343602058838

2021-05-13 10:51:14,912 IoU_poly: 0.6370405578560603

2021-05-13 10:51:14,912 IoU_bg: 0.9821752267224448

2021-05-13 10:51:14,912 IoU_mean: 0.8096078917080042

2021-05-13 10:51:14,912 ==============================
2021-05-13 10:51:14,912 

