2021-04-28 23:39:56,592 Epoch 0 	 Loss 1.1270480286944045
2021-04-28 23:40:31,148 Epoch 1 	 Loss 0.8025285306867662
2021-04-28 23:41:05,797 Epoch 2 	 Loss 0.6430408748296591
2021-04-28 23:41:40,495 Epoch 3 	 Loss 0.5667160159938938
2021-04-28 23:42:15,130 Epoch 4 	 Loss 0.5113893973303365
2021-04-28 23:42:49,858 Epoch 5 	 Loss 0.4641056018216269
2021-04-28 23:43:24,591 Epoch 6 	 Loss 0.418492201265398
2021-04-28 23:43:59,313 Epoch 7 	 Loss 0.40254588408784553
2021-04-28 23:44:33,942 Epoch 8 	 Loss 0.37323777754228193
2021-04-28 23:45:08,701 Epoch 9 	 Loss 0.37224650612244237
2021-04-28 23:45:43,400 Epoch 10 	 Loss 0.34915497735306456
2021-04-28 23:46:18,057 Epoch 11 	 Loss 0.3378513556915325
2021-04-28 23:46:52,847 Epoch 12 	 Loss 0.3261730847777901
2021-04-28 23:47:27,592 Epoch 13 	 Loss 0.3256020071087303
2021-04-28 23:48:02,396 Epoch 14 	 Loss 0.3099300168700271
2021-04-28 23:48:37,121 Epoch 15 	 Loss 0.3037265247696049
2021-04-28 23:49:11,761 Epoch 16 	 Loss 0.3130163658451248
2021-04-28 23:49:46,519 Epoch 17 	 Loss 0.30890746660284946
2021-04-28 23:50:21,291 Epoch 18 	 Loss 0.2820677516552118
2021-04-28 23:50:56,072 Epoch 19 	 Loss 0.26510306341307505
2021-04-28 23:51:30,832 Epoch 20 	 Loss 0.2773501457093836
2021-04-28 23:52:05,644 Epoch 21 	 Loss 0.273275953236517
2021-04-28 23:52:40,478 Epoch 22 	 Loss 0.2755565515586308
2021-04-28 23:53:15,408 Epoch 23 	 Loss 0.2701291360042907
2021-04-28 23:53:50,264 Epoch 24 	 Loss 0.25943172223620364
2021-04-28 23:54:25,056 Epoch 25 	 Loss 0.2549739014971387
2021-04-28 23:54:59,819 Epoch 26 	 Loss 0.26448944227381066
2021-04-28 23:55:34,607 Epoch 27 	 Loss 0.26164584729697676
2021-04-28 23:56:09,441 Epoch 28 	 Loss 0.2528695735957596
2021-04-28 23:56:44,203 Epoch 29 	 Loss 0.2404262240116413
2021-04-28 23:57:19,018 Epoch 30 	 Loss 0.24699963727495172
2021-04-28 23:57:53,761 Epoch 31 	 Loss 0.23366405299076667
2021-04-28 23:58:28,538 Epoch 32 	 Loss 0.23511320892926102
2021-04-28 23:59:03,411 Epoch 33 	 Loss 0.22896785329986405
2021-04-28 23:59:38,131 Epoch 34 	 Loss 0.2281529772412646
2021-04-29 00:00:12,911 Epoch 35 	 Loss 0.22307319038516873
2021-04-29 00:00:47,595 Epoch 36 	 Loss 0.23120451857755472
2021-04-29 00:01:22,410 Epoch 37 	 Loss 0.21985494861235985
2021-04-29 00:01:57,198 Epoch 38 	 Loss 0.22336770299371783
2021-04-29 00:02:32,000 Epoch 39 	 Loss 0.22654373272434697
2021-04-29 00:03:06,676 Epoch 40 	 Loss 0.2222627864761667
2021-04-29 00:03:41,533 Epoch 41 	 Loss 0.2129701642872213
2021-04-29 00:04:16,351 Epoch 42 	 Loss 0.214468328671141
2021-04-29 00:04:51,171 Epoch 43 	 Loss 0.214882574402369
2021-04-29 00:05:25,964 Epoch 44 	 Loss 0.2100341076051796
2021-04-29 00:06:00,787 Epoch 45 	 Loss 0.2038667667043078
2021-04-29 00:06:35,642 Epoch 46 	 Loss 0.2035020005244475
2021-04-29 00:07:10,563 Epoch 47 	 Loss 0.1997688997250337
2021-04-29 00:07:45,346 Epoch 48 	 Loss 0.2041787436375251
2021-04-29 00:08:20,084 Epoch 49 	 Loss 0.19991334323044663
2021-04-29 00:08:54,888 Epoch 50 	 Loss 0.2027597073670272
2021-04-29 00:09:29,623 Epoch 51 	 Loss 0.19959284054054008
2021-04-29 00:10:04,431 Epoch 52 	 Loss 0.19809898537593884
2021-04-29 00:10:39,156 Epoch 53 	 Loss 0.20213045343592928
2021-04-29 00:11:14,234 Epoch 54 	 Loss 0.19059307087253738
2021-04-29 00:11:49,102 Epoch 55 	 Loss 0.1903118656559305
2021-04-29 00:12:23,866 Epoch 56 	 Loss 0.1906317005773167
2021-04-29 00:12:58,599 Epoch 57 	 Loss 0.18999879700796946
2021-04-29 00:13:33,543 Epoch 58 	 Loss 0.18823507067921397
2021-04-29 00:14:08,350 Epoch 59 	 Loss 0.19160200540836042
2021-04-29 00:14:43,097 Epoch 60 	 Loss 0.1875860135961365
2021-04-29 00:15:17,882 Epoch 61 	 Loss 0.1846181625848288
2021-04-29 00:15:52,623 Epoch 62 	 Loss 0.18353675502342182
2021-04-29 00:16:27,405 Epoch 63 	 Loss 0.18082394491840195
2021-04-29 00:17:02,204 Epoch 64 	 Loss 0.18341173755598592
2021-04-29 00:17:37,009 Epoch 65 	 Loss 0.18077840565980136
2021-04-29 00:18:12,022 Epoch 66 	 Loss 0.1755785054557926
2021-04-29 00:18:46,768 Epoch 67 	 Loss 0.17788349304880416
2021-04-29 00:19:21,657 Epoch 68 	 Loss 0.17759084374040038
2021-04-29 00:19:56,654 Epoch 69 	 Loss 0.18006638920569157
2021-04-29 00:20:31,609 Epoch 70 	 Loss 0.17718326930816358
2021-04-29 00:21:06,390 Epoch 71 	 Loss 0.1708100241619152
2021-04-29 00:21:41,283 Epoch 72 	 Loss 0.17565227701113775
2021-04-29 00:22:16,020 Epoch 73 	 Loss 0.1747520944246879
2021-04-29 00:22:50,752 Epoch 74 	 Loss 0.17243416902128156
2021-04-29 00:23:25,574 Epoch 75 	 Loss 0.1703437586407085
2021-04-29 00:24:00,336 Epoch 76 	 Loss 0.17148455240569271
2021-04-29 00:24:35,302 Epoch 77 	 Loss 0.17012183089832683
2021-04-29 00:25:10,106 Epoch 78 	 Loss 0.16951811542877784
2021-04-29 00:25:44,897 Epoch 79 	 Loss 0.16776508600502224
2021-04-29 00:26:19,662 Epoch 80 	 Loss 0.16729053683005846
2021-04-29 00:26:54,502 Epoch 81 	 Loss 0.16713624562208468
2021-04-29 00:27:29,251 Epoch 82 	 Loss 0.16685820608348637
2021-04-29 00:28:03,996 Epoch 83 	 Loss 0.16711507017140861
2021-04-29 00:28:38,750 Epoch 84 	 Loss 0.1668441259598994
2021-04-29 00:29:13,590 Epoch 85 	 Loss 0.16669212723826313
2021-04-29 00:29:48,506 Epoch 86 	 Loss 0.16852916105762944
2021-04-29 00:30:23,338 Epoch 87 	 Loss 0.1663572622852011
2021-04-29 00:30:58,059 Epoch 88 	 Loss 0.16943228867027785
2021-04-29 00:31:32,720 Epoch 89 	 Loss 0.16674316306035597
2021-04-29 00:32:07,491 Epoch 90 	 Loss 0.16667477966664912
2021-04-29 00:32:42,368 Epoch 91 	 Loss 0.16714735476525275
2021-04-29 00:33:17,216 Epoch 92 	 Loss 0.16263634040132985
2021-04-29 00:33:52,114 Epoch 93 	 Loss 0.16572163376834367
2021-04-29 00:34:26,935 Epoch 94 	 Loss 0.1648300678192914
2021-04-29 00:35:01,705 Epoch 95 	 Loss 0.16217291830005226
2021-04-29 00:35:36,550 Epoch 96 	 Loss 0.16590014558572036
2021-04-29 00:36:11,361 Epoch 97 	 Loss 0.1646994309765952
2021-04-29 00:36:46,358 Epoch 98 	 Loss 0.1652480994279568
2021-04-29 00:37:21,262 Epoch 99 	 Loss 0.16851677950266952
2021-04-29 00:37:40,528 RESULT FOR DATASET CVC-300

2021-04-29 00:37:40,528 ==============================
2021-04-29 00:37:40,528 

2021-04-29 00:37:40,529 recall: 0.9496656129757564

2021-04-29 00:37:40,529 specificity: 0.9942446102698644

2021-04-29 00:37:40,529 precision: 0.8503404860695203

2021-04-29 00:37:40,529 F1: 0.8793088376522065

2021-04-29 00:37:40,529 F2: 0.9077828069527943

2021-04-29 00:37:40,529 ACC_overall: 0.9925315320491791

2021-04-29 00:37:40,529 IoU_poly: 0.8112076487392187

2021-04-29 00:37:40,529 IoU_bg: 0.9923093875249227

2021-04-29 00:37:40,529 IoU_mean: 0.901758520801862

2021-04-29 00:37:40,529 ==============================
2021-04-29 00:37:40,529 

2021-04-29 00:37:56,030 RESULT FOR DATASET CVC-ClinicDB

2021-04-29 00:37:56,030 ==============================
2021-04-29 00:37:56,030 

2021-04-29 00:37:56,030 recall: 0.9197994091795878

2021-04-29 00:37:56,030 specificity: 0.994579670890685

2021-04-29 00:37:56,030 precision: 0.895050386906669

2021-04-29 00:37:56,030 F1: 0.901785006041586

2021-04-29 00:37:56,030 F2: 0.9090850083110479

2021-04-29 00:37:56,030 ACC_overall: 0.9907691882502648

2021-04-29 00:37:56,030 IoU_poly: 0.8560418318743506

2021-04-29 00:37:56,030 IoU_bg: 0.988939018018784

2021-04-29 00:37:56,030 IoU_mean: 0.9224904280516409

2021-04-29 00:37:56,030 ==============================
2021-04-29 00:37:56,030 

2021-04-29 00:38:25,778 RESULT FOR DATASET Kvasir

2021-04-29 00:38:25,779 ==============================
2021-04-29 00:38:25,779 

2021-04-29 00:38:25,779 recall: 0.9037876689434051

2021-04-29 00:38:25,779 specificity: 0.9903492861986161

2021-04-29 00:38:25,779 precision: 0.9325750771164895

2021-04-29 00:38:25,779 F1: 0.9075623789429664

2021-04-29 00:38:25,779 F2: 0.90291841506958

2021-04-29 00:38:25,779 ACC_overall: 0.9744327610731125

2021-04-29 00:38:25,779 IoU_poly: 0.8501280891895294

2021-04-29 00:38:25,779 IoU_bg: 0.9673745256662368

2021-04-29 00:38:25,779 IoU_mean: 0.9087513089179993

2021-04-29 00:38:25,779 ==============================
2021-04-29 00:38:25,779 

2021-04-29 00:40:21,155 RESULT FOR DATASET CVC-ColonDB

2021-04-29 00:40:21,156 ==============================
2021-04-29 00:40:21,156 

2021-04-29 00:40:21,156 recall: 0.8131104382750532

2021-04-29 00:40:21,156 specificity: 0.9868238547914907

2021-04-29 00:40:21,156 precision: 0.7983378913019854

2021-04-29 00:40:21,156 F1: 0.7592033270960344

2021-04-29 00:40:21,156 F2: 0.7743728178694805

2021-04-29 00:40:21,156 ACC_overall: 0.9608074834472254

2021-04-29 00:40:21,156 IoU_poly: 0.6761571400036294

2021-04-29 00:40:21,156 IoU_bg: 0.9582465234555696

2021-04-29 00:40:21,156 IoU_mean: 0.8172018315054869

2021-04-29 00:40:21,156 ==============================
2021-04-29 00:40:21,156 

2021-04-29 00:41:42,786 RESULT FOR DATASET ETIS-LaribPolypDB

2021-04-29 00:41:42,786 ==============================
2021-04-29 00:41:42,786 

2021-04-29 00:41:42,786 recall: 0.814933097521292

2021-04-29 00:41:42,786 specificity: 0.9871107227340037

2021-04-29 00:41:42,786 precision: 0.6978148197819063

2021-04-29 00:41:42,786 F1: 0.7145248816012247

2021-04-29 00:41:42,786 F2: 0.7644102951635711

2021-04-29 00:41:42,786 ACC_overall: 0.9838358002657793

2021-04-29 00:41:42,786 IoU_poly: 0.6316942643794525

2021-04-29 00:41:42,786 IoU_bg: 0.9830567085621308

2021-04-29 00:41:42,786 IoU_mean: 0.8073754841271712

2021-04-29 00:41:42,786 ==============================
2021-04-29 00:41:42,786 

