2021-04-27 01:21:55,298 Epoch 0 	 Loss 0.7837061007599254
2021-04-27 01:22:28,770 Epoch 1 	 Loss 0.50997039773962
2021-04-27 01:23:02,316 Epoch 2 	 Loss 0.4549441825557541
2021-04-27 01:23:35,929 Epoch 3 	 Loss 0.4302734359280094
2021-04-27 01:24:09,542 Epoch 4 	 Loss 0.3999821750017313
2021-04-27 01:24:43,306 Epoch 5 	 Loss 0.37612393023548546
2021-04-27 01:25:16,965 Epoch 6 	 Loss 0.3709036206806099
2021-04-27 01:25:50,746 Epoch 7 	 Loss 0.34543877512544063
2021-04-27 01:26:24,479 Epoch 8 	 Loss 0.34438096871087837
2021-04-27 01:26:58,159 Epoch 9 	 Loss 0.3290952891111374
2021-04-27 01:27:31,806 Epoch 10 	 Loss 0.31672889845711844
2021-04-27 01:28:05,540 Epoch 11 	 Loss 0.3275829520854321
2021-04-27 01:28:39,171 Epoch 12 	 Loss 0.31155417270057806
2021-04-27 01:29:13,017 Epoch 13 	 Loss 0.3055092269902701
2021-04-27 01:29:46,733 Epoch 14 	 Loss 0.29447271142687115
2021-04-27 01:30:20,464 Epoch 15 	 Loss 0.2957586950653202
2021-04-27 01:30:54,107 Epoch 16 	 Loss 0.2893630632987389
2021-04-27 01:31:27,861 Epoch 17 	 Loss 0.2785776884673716
2021-04-27 01:32:01,507 Epoch 18 	 Loss 0.2806234189442226
2021-04-27 01:32:35,228 Epoch 19 	 Loss 0.2718792233493302
2021-04-27 01:33:08,953 Epoch 20 	 Loss 0.2735699310407534
2021-04-27 01:33:42,754 Epoch 21 	 Loss 0.26747457421087956
2021-04-27 01:34:16,440 Epoch 22 	 Loss 0.2721493709218371
2021-04-27 01:34:50,193 Epoch 23 	 Loss 0.2586473945405457
2021-04-27 01:35:23,870 Epoch 24 	 Loss 0.2598871354545866
2021-04-27 01:35:57,531 Epoch 25 	 Loss 0.2465311464045074
2021-04-27 01:36:31,267 Epoch 26 	 Loss 0.25438600401956957
2021-04-27 01:37:04,934 Epoch 27 	 Loss 0.2523342284199956
2021-04-27 01:37:38,596 Epoch 28 	 Loss 0.2363927131825751
2021-04-27 01:38:12,407 Epoch 29 	 Loss 0.2497133309697057
2021-04-27 01:38:46,158 Epoch 30 	 Loss 0.24057699445184771
2021-04-27 01:39:19,875 Epoch 31 	 Loss 0.24349563053021064
2021-04-27 01:39:53,571 Epoch 32 	 Loss 0.23390984879090235
2021-04-27 01:40:27,290 Epoch 33 	 Loss 0.23296700352495844
2021-04-27 01:41:01,047 Epoch 34 	 Loss 0.22861622470420795
2021-04-27 01:41:34,794 Epoch 35 	 Loss 0.23028171308093018
2021-04-27 01:42:08,468 Epoch 36 	 Loss 0.22211334649678116
2021-04-27 01:42:42,154 Epoch 37 	 Loss 0.22315702431804532
2021-04-27 01:43:15,912 Epoch 38 	 Loss 0.22107454512145494
2021-04-27 01:43:49,640 Epoch 39 	 Loss 0.2160170833160589
2021-04-27 01:44:23,340 Epoch 40 	 Loss 0.21862298512196804
2021-04-27 01:44:57,051 Epoch 41 	 Loss 0.21713785696160662
2021-04-27 01:45:30,828 Epoch 42 	 Loss 0.21374948683020834
2021-04-27 01:46:04,418 Epoch 43 	 Loss 0.20952327729581477
2021-04-27 01:46:38,211 Epoch 44 	 Loss 0.2168357355909033
2021-04-27 01:47:12,008 Epoch 45 	 Loss 0.20819115966230958
2021-04-27 01:47:45,702 Epoch 46 	 Loss 0.20949974164857968
2021-04-27 01:48:19,375 Epoch 47 	 Loss 0.20732486624639113
2021-04-27 01:48:53,133 Epoch 48 	 Loss 0.2093447384598491
2021-04-27 01:49:26,823 Epoch 49 	 Loss 0.19946170933954008
2021-04-27 01:50:00,528 Epoch 50 	 Loss 0.19850906615073866
2021-04-27 01:50:34,204 Epoch 51 	 Loss 0.20287492658410752
2021-04-27 01:51:07,928 Epoch 52 	 Loss 0.1937820479110047
2021-04-27 01:51:41,617 Epoch 53 	 Loss 0.20027740823698567
2021-04-27 01:52:15,311 Epoch 54 	 Loss 0.19122178623309502
2021-04-27 01:52:48,988 Epoch 55 	 Loss 0.19262867101601192
2021-04-27 01:53:22,719 Epoch 56 	 Loss 0.18703676743821784
2021-04-27 01:53:56,524 Epoch 57 	 Loss 0.19262389134574723
2021-04-27 01:54:30,230 Epoch 58 	 Loss 0.18818103186376803
2021-04-27 01:55:03,888 Epoch 59 	 Loss 0.19001484048235548
2021-04-27 01:55:37,535 Epoch 60 	 Loss 0.1876131764480046
2021-04-27 01:56:11,186 Epoch 61 	 Loss 0.18434764379328425
2021-04-27 01:56:44,856 Epoch 62 	 Loss 0.1831686175786532
2021-04-27 01:57:18,488 Epoch 63 	 Loss 0.18160864661683093
2021-04-27 01:57:52,268 Epoch 64 	 Loss 0.18193325858849746
2021-04-27 01:58:26,003 Epoch 65 	 Loss 0.18079032626125838
2021-04-27 01:58:59,661 Epoch 66 	 Loss 0.17541241138191013
2021-04-27 01:59:33,448 Epoch 67 	 Loss 0.18220927312478916
2021-04-27 02:00:07,119 Epoch 68 	 Loss 0.1811911892759931
2021-04-27 02:00:40,892 Epoch 69 	 Loss 0.17832538682025867
2021-04-27 02:01:14,676 Epoch 70 	 Loss 0.17945862520527053
2021-04-27 02:01:48,396 Epoch 71 	 Loss 0.17472841353206844
2021-04-27 02:02:22,080 Epoch 72 	 Loss 0.1727455689029379
2021-04-27 02:02:55,766 Epoch 73 	 Loss 0.17399080736296518
2021-04-27 02:03:29,623 Epoch 74 	 Loss 0.16956756452282706
2021-04-27 02:04:03,244 Epoch 75 	 Loss 0.17371410770075663
2021-04-27 02:04:36,957 Epoch 76 	 Loss 0.1722169087810831
2021-04-27 02:05:10,718 Epoch 77 	 Loss 0.17107163582529342
2021-04-27 02:05:44,367 Epoch 78 	 Loss 0.17131833044382241
2021-04-27 02:06:18,084 Epoch 79 	 Loss 0.16873080291590847
2021-04-27 02:06:51,761 Epoch 80 	 Loss 0.16829795873427128
2021-04-27 02:07:25,403 Epoch 81 	 Loss 0.16692233789753128
2021-04-27 02:07:59,102 Epoch 82 	 Loss 0.1703263704593365
2021-04-27 02:08:32,817 Epoch 83 	 Loss 0.1681258770135733
2021-04-27 02:09:06,475 Epoch 84 	 Loss 0.16749515720121153
2021-04-27 02:09:40,160 Epoch 85 	 Loss 0.16525890358856746
2021-04-27 02:10:13,905 Epoch 86 	 Loss 0.16607589544830742
2021-04-27 02:10:47,638 Epoch 87 	 Loss 0.16497537853953603
2021-04-27 02:11:21,525 Epoch 88 	 Loss 0.16682648429503807
2021-04-27 02:11:55,323 Epoch 89 	 Loss 0.16404984482042081
2021-04-27 02:12:29,087 Epoch 90 	 Loss 0.16812333661121326
2021-04-27 02:13:02,827 Epoch 91 	 Loss 0.1634172247006343
2021-04-27 02:13:36,464 Epoch 92 	 Loss 0.16640266104713902
2021-04-27 02:14:10,159 Epoch 93 	 Loss 0.16293553082825063
2021-04-27 02:14:43,964 Epoch 94 	 Loss 0.16622487824041765
2021-04-27 02:15:17,646 Epoch 95 	 Loss 0.165830570099118
2021-04-27 02:15:51,365 Epoch 96 	 Loss 0.1640708081342362
2021-04-27 02:16:25,033 Epoch 97 	 Loss 0.16335662552616098
2021-04-27 02:16:58,723 Epoch 98 	 Loss 0.16347030083556752
2021-04-27 02:17:32,404 Epoch 99 	 Loss 0.1628239244877637
2021-04-27 02:17:51,341 RESULT FOR DATASET CVC-300

2021-04-27 02:17:51,341 ==============================
2021-04-27 02:17:51,341 

2021-04-27 02:17:51,341 recall: 0.9578698466221491

2021-04-27 02:17:51,341 specificity: 0.9938253452380498

2021-04-27 02:17:51,341 precision: 0.8513363495469093

2021-04-27 02:17:51,341 F1: 0.8905148843924204

2021-04-27 02:17:51,341 F2: 0.9250642538070679

2021-04-27 02:17:51,341 ACC_overall: 0.9926354815562566

2021-04-27 02:17:51,341 IoU_poly: 0.817713275551796

2021-04-27 02:17:51,341 IoU_bg: 0.9923597007989884

2021-04-27 02:17:51,341 IoU_mean: 0.9050364951292674

2021-04-27 02:17:51,341 ==============================
2021-04-27 02:17:51,341 

2021-04-27 02:18:06,585 RESULT FOR DATASET CVC-ClinicDB

2021-04-27 02:18:06,585 ==============================
2021-04-27 02:18:06,585 

2021-04-27 02:18:06,585 recall: 0.9233616494363354

2021-04-27 02:18:06,585 specificity: 0.9959111579002873

2021-04-27 02:18:06,585 precision: 0.9198208633029172

2021-04-27 02:18:06,585 F1: 0.916730392395684

2021-04-27 02:18:06,585 F2: 0.9198291399666378

2021-04-27 02:18:06,585 ACC_overall: 0.9897392392158508

2021-04-27 02:18:06,585 IoU_poly: 0.8672978628066278

2021-04-27 02:18:06,585 IoU_bg: 0.9880906631869655

2021-04-27 02:18:06,585 IoU_mean: 0.9276942654002097

2021-04-27 02:18:06,585 ==============================
2021-04-27 02:18:06,586 

2021-04-27 02:18:35,944 RESULT FOR DATASET Kvasir

2021-04-27 02:18:35,944 ==============================
2021-04-27 02:18:35,944 

2021-04-27 02:18:35,944 recall: 0.8959087026119232

2021-04-27 02:18:35,945 specificity: 0.9874175781011582

2021-04-27 02:18:35,945 precision: 0.9288815951347351

2021-04-27 02:18:35,945 F1: 0.898762971162796

2021-04-27 02:18:35,945 F2: 0.8945587143301964

2021-04-27 02:18:35,945 ACC_overall: 0.9698203331232071

2021-04-27 02:18:35,945 IoU_poly: 0.8371441078186035

2021-04-27 02:18:35,945 IoU_bg: 0.9612784492969513

2021-04-27 02:18:35,945 IoU_mean: 0.8992112797498703

2021-04-27 02:18:35,945 ==============================
2021-04-27 02:18:35,945 

2021-04-27 02:20:29,610 RESULT FOR DATASET CVC-ColonDB

2021-04-27 02:20:29,610 ==============================
2021-04-27 02:20:29,610 

2021-04-27 02:20:29,610 recall: 0.740664828227305

2021-04-27 02:20:29,610 specificity: 0.9939822847905911

2021-04-27 02:20:29,610 precision: 0.8676770619936226

2021-04-27 02:20:29,610 F1: 0.7169411772328251

2021-04-27 02:20:29,610 F2: 0.7244754623058881

2021-04-27 02:20:29,610 ACC_overall: 0.9619576314562246

2021-04-27 02:20:29,610 IoU_poly: 0.6460901377787016

2021-04-27 02:20:29,610 IoU_bg: 0.9600075737426156

2021-04-27 02:20:29,611 IoU_mean: 0.8030488556152896

2021-04-27 02:20:29,611 ==============================
2021-04-27 02:20:29,611 

2021-04-27 02:21:50,370 RESULT FOR DATASET ETIS-LaribPolypDB

2021-04-27 02:21:50,370 ==============================
2021-04-27 02:21:50,370 

2021-04-27 02:21:50,370 recall: 0.7525509074721877

2021-04-27 02:21:50,370 specificity: 0.9907391801172373

2021-04-27 02:21:50,371 precision: 0.8084229659219146

2021-04-27 02:21:50,371 F1: 0.7048801105376085

2021-04-27 02:21:50,371 F2: 0.7246968727218812

2021-04-27 02:21:50,371 ACC_overall: 0.98504696178193

2021-04-27 02:21:50,371 IoU_poly: 0.6341215827699633

2021-04-27 02:21:50,371 IoU_bg: 0.9842363994340507

2021-04-27 02:21:50,371 IoU_mean: 0.8091789906730458

2021-04-27 02:21:50,371 ==============================
2021-04-27 02:21:50,371 

