2021-04-27 01:17:18,679 RESULT FOR DATASET CVC-300

2021-04-27 01:17:18,679 ==============================
2021-04-27 01:17:18,679 

2021-04-27 01:17:18,679 recall: 0.922280062859257

2021-04-27 01:17:18,679 specificity: 0.9962797850370407

2021-04-27 01:17:18,679 precision: 0.8786142714321613

2021-04-27 01:17:18,680 F1: 0.891579030357146

2021-04-27 01:17:18,680 F2: 0.9078714698844124

2021-04-27 01:17:18,680 ACC_overall: 0.9945237507422765

2021-04-27 01:17:18,680 IoU_poly: 0.8258537068642908

2021-04-27 01:17:18,680 IoU_bg: 0.9943035612503688

2021-04-27 01:17:18,680 IoU_mean: 0.9100786338249842

2021-04-27 01:17:18,680 ==============================
2021-04-27 01:17:18,680 

2021-04-27 01:17:34,089 RESULT FOR DATASET CVC-ClinicDB

2021-04-27 01:17:34,089 ==============================
2021-04-27 01:17:34,089 

2021-04-27 01:17:34,089 recall: 0.8868257875306411

2021-04-27 01:17:34,089 specificity: 0.9964987539475963

2021-04-27 01:17:34,089 precision: 0.9438206505390906

2021-04-27 01:17:34,089 F1: 0.8828722708088707

2021-04-27 01:17:34,089 F2: 0.8844763318155592

2021-04-27 01:17:34,089 ACC_overall: 0.9860507326741372

2021-04-27 01:17:34,089 IoU_poly: 0.8368350658828633

2021-04-27 01:17:34,089 IoU_bg: 0.9849504453520621

2021-04-27 01:17:34,089 IoU_mean: 0.9108927552738497

2021-04-27 01:17:34,089 ==============================
2021-04-27 01:17:34,089 

2021-04-27 01:18:03,558 RESULT FOR DATASET Kvasir

2021-04-27 01:18:03,558 ==============================
2021-04-27 01:18:03,558 

2021-04-27 01:18:03,558 recall: 0.8835907975578448

2021-04-27 01:18:03,558 specificity: 0.9880598086118698

2021-04-27 01:18:03,558 precision: 0.9165836281620432

2021-04-27 01:18:03,558 F1: 0.8828803747249185

2021-04-27 01:18:03,558 F2: 0.8800776733261592

2021-04-27 01:18:03,558 ACC_overall: 0.9712679678201676

2021-04-27 01:18:03,558 IoU_poly: 0.8260332710301737

2021-04-27 01:18:03,558 IoU_bg: 0.9640828508138657

2021-04-27 01:18:03,559 IoU_mean: 0.895058061182499

2021-04-27 01:18:03,559 ==============================
2021-04-27 01:18:03,559 

2021-04-27 01:19:58,493 RESULT FOR DATASET CVC-ColonDB

2021-04-27 01:19:58,493 ==============================
2021-04-27 01:19:58,493 

2021-04-27 01:19:58,493 recall: 0.6686240392919433

2021-04-27 01:19:58,493 specificity: 0.996409872174263

2021-04-27 01:19:58,493 precision: 0.9064537785941196

2021-04-27 01:19:58,493 F1: 0.6781922653912692

2021-04-27 01:19:58,494 F2: 0.6691995789602336

2021-04-27 01:19:58,494 ACC_overall: 0.9615162281613601

2021-04-27 01:19:58,494 IoU_poly: 0.6108036540906608

2021-04-27 01:19:58,494 IoU_bg: 0.9600565469578692

2021-04-27 01:19:58,494 IoU_mean: 0.7854301005209747

2021-04-27 01:19:58,494 ==============================
2021-04-27 01:19:58,494 

2021-04-27 01:21:19,433 RESULT FOR DATASET ETIS-LaribPolypDB

2021-04-27 01:21:19,433 ==============================
2021-04-27 01:21:19,433 

2021-04-27 01:21:19,433 recall: 0.6582438103463508

2021-04-27 01:21:19,433 specificity: 0.9921838391800316

2021-04-27 01:21:19,433 precision: 0.8144966540640799

2021-04-27 01:21:19,434 F1: 0.6198563481778142

2021-04-27 01:21:19,434 F2: 0.6378791891018604

2021-04-27 01:21:19,434 ACC_overall: 0.9842849729620681

2021-04-27 01:21:19,434 IoU_poly: 0.5499005579042195

2021-04-27 01:21:19,434 IoU_bg: 0.9832345694303513

2021-04-27 01:21:19,434 IoU_mean: 0.7665675644363675

2021-04-27 01:21:19,434 ==============================
2021-04-27 01:21:19,434 

