2021-05-09 10:18:03,983 Epoch 0 	 Loss 1.4168906107053651
2021-05-09 10:19:01,104 Epoch 1 	 Loss 1.189019664303287
2021-05-09 10:19:58,030 Epoch 2 	 Loss 1.0263890637146247
2021-05-09 10:20:54,913 Epoch 3 	 Loss 0.9081743981812026
2021-05-09 10:21:51,928 Epoch 4 	 Loss 0.8225944723401751
2021-05-09 10:22:48,876 Epoch 5 	 Loss 0.739738710634001
2021-05-09 10:23:45,806 Epoch 6 	 Loss 0.6948944588938912
2021-05-09 10:24:42,687 Epoch 7 	 Loss 0.6485033316926642
2021-05-09 10:25:39,519 Epoch 8 	 Loss 0.6110118453974253
2021-05-09 10:26:36,428 Epoch 9 	 Loss 0.5919247652803149
2021-05-09 10:27:33,401 Epoch 10 	 Loss 0.5597175366275913
2021-05-09 10:28:30,330 Epoch 11 	 Loss 0.5428742822054978
2021-05-09 10:29:28,022 Epoch 12 	 Loss 0.5251873613713862
2021-05-09 10:30:25,892 Epoch 13 	 Loss 0.5066291251025357
2021-05-09 10:31:22,673 Epoch 14 	 Loss 0.48717015228428684
2021-05-09 10:32:19,508 Epoch 15 	 Loss 0.4825499801190345
2021-05-09 10:33:16,570 Epoch 16 	 Loss 0.4690169469340817
2021-05-09 10:34:14,033 Epoch 17 	 Loss 0.45968020748306104
2021-05-09 10:35:11,071 Epoch 18 	 Loss 0.4597461246527158
2021-05-09 10:36:08,095 Epoch 19 	 Loss 0.4339236695687849
2021-05-09 10:37:05,188 Epoch 20 	 Loss 0.4390832375694107
2021-05-09 10:38:02,516 Epoch 21 	 Loss 0.42462299518532803
2021-05-09 10:39:00,320 Epoch 22 	 Loss 0.4207775938314396
2021-05-09 10:39:58,251 Epoch 23 	 Loss 0.42239836447841517
2021-05-09 10:40:55,689 Epoch 24 	 Loss 0.4090944237106449
2021-05-09 10:41:52,921 Epoch 25 	 Loss 0.4081073190484728
2021-05-09 10:42:50,658 Epoch 26 	 Loss 0.40195797498409563
2021-05-09 10:43:48,115 Epoch 27 	 Loss 0.3928897629727374
2021-05-09 10:44:45,750 Epoch 28 	 Loss 0.38805895012158614
2021-05-09 10:45:42,961 Epoch 29 	 Loss 0.381595974112605
2021-05-09 10:46:39,914 Epoch 30 	 Loss 0.3786092190952091
2021-05-09 10:47:36,789 Epoch 31 	 Loss 0.373922362268626
2021-05-09 10:48:33,691 Epoch 32 	 Loss 0.3640978293759482
2021-05-09 10:49:30,510 Epoch 33 	 Loss 0.36727030739024447
2021-05-09 10:50:27,325 Epoch 34 	 Loss 0.3544146248272487
2021-05-09 10:51:24,216 Epoch 35 	 Loss 0.3670305521278591
2021-05-09 10:52:21,140 Epoch 36 	 Loss 0.35889695519274406
2021-05-09 10:53:18,002 Epoch 37 	 Loss 0.3532133996486664
2021-05-09 10:54:15,006 Epoch 38 	 Loss 0.3542307125670569
2021-05-09 10:55:11,914 Epoch 39 	 Loss 0.3401568782526058
2021-05-09 10:56:08,981 Epoch 40 	 Loss 0.3497823701127545
2021-05-09 10:57:07,913 Epoch 41 	 Loss 0.3445441221797859
2021-05-09 10:58:05,204 Epoch 42 	 Loss 0.3253630183555268
2021-05-09 10:59:02,224 Epoch 43 	 Loss 0.33440956473350525
2021-05-09 11:00:00,382 Epoch 44 	 Loss 0.3377464642891517
2021-05-09 11:00:58,593 Epoch 45 	 Loss 0.3266651926787345
2021-05-09 11:01:56,557 Epoch 46 	 Loss 0.32189676476703893
2021-05-09 11:02:53,385 Epoch 47 	 Loss 0.330277939582919
2021-05-09 11:03:50,270 Epoch 48 	 Loss 0.32135824810017594
2021-05-09 11:04:48,648 Epoch 49 	 Loss 0.3259790354705119
2021-05-09 11:05:48,514 Epoch 50 	 Loss 0.3218477216068205
2021-05-09 11:06:46,174 Epoch 51 	 Loss 0.31487414502835537
2021-05-09 11:07:47,208 Epoch 52 	 Loss 0.30804302224091124
2021-05-09 11:08:49,518 Epoch 53 	 Loss 0.3101426382641216
2021-05-09 11:09:51,705 Epoch 54 	 Loss 0.3035857196037586
2021-05-09 11:10:53,949 Epoch 55 	 Loss 0.3111851626372599
2021-05-09 11:11:56,271 Epoch 56 	 Loss 0.31114576036458486
2021-05-09 11:12:59,396 Epoch 57 	 Loss 0.30510392719572715
2021-05-09 11:14:02,450 Epoch 58 	 Loss 0.3017591526220133
2021-05-09 11:15:05,061 Epoch 59 	 Loss 0.30055727523106796
2021-05-09 11:16:07,368 Epoch 60 	 Loss 0.2989003941580489
2021-05-09 11:17:09,603 Epoch 61 	 Loss 0.30315929585760765
2021-05-09 11:18:12,146 Epoch 62 	 Loss 0.3024553204630757
2021-05-09 11:19:12,739 Epoch 63 	 Loss 0.2988205548826155
2021-05-09 11:20:10,570 Epoch 64 	 Loss 0.3008064711159402
2021-05-09 11:21:08,172 Epoch 65 	 Loss 0.2954166945847836
2021-05-09 11:22:07,704 Epoch 66 	 Loss 0.2966775885977588
2021-05-09 11:23:07,268 Epoch 67 	 Loss 0.2922553824526923
2021-05-09 11:24:06,833 Epoch 68 	 Loss 0.2919837436178228
2021-05-09 11:25:06,008 Epoch 69 	 Loss 0.29047884898526327
2021-05-09 11:26:04,368 Epoch 70 	 Loss 0.2961807111789892
2021-05-09 11:27:02,207 Epoch 71 	 Loss 0.280844163108658
2021-05-09 11:28:00,972 Epoch 72 	 Loss 0.28157280254495015
2021-05-09 11:28:59,191 Epoch 73 	 Loss 0.2798810753521028
2021-05-09 11:29:57,259 Epoch 74 	 Loss 0.28448212916379445
2021-05-09 11:30:55,201 Epoch 75 	 Loss 0.2790689889218781
2021-05-09 11:31:53,010 Epoch 76 	 Loss 0.2764819873558296
2021-05-09 11:32:50,676 Epoch 77 	 Loss 0.2784358387465005
2021-05-09 11:33:49,086 Epoch 78 	 Loss 0.2761270695335262
2021-05-09 11:34:47,753 Epoch 79 	 Loss 0.2777762729060519
2021-05-09 11:35:45,558 Epoch 80 	 Loss 0.28311048988457566
2021-05-09 11:36:42,877 Epoch 81 	 Loss 0.27410909828248914
2021-05-09 11:37:40,736 Epoch 82 	 Loss 0.2776147846009705
2021-05-09 11:38:38,842 Epoch 83 	 Loss 0.27350296473110114
2021-05-09 11:39:37,062 Epoch 84 	 Loss 0.27797770991430176
2021-05-09 11:40:34,572 Epoch 85 	 Loss 0.27654716257865614
2021-05-09 11:41:32,155 Epoch 86 	 Loss 0.26782581439385045
2021-05-09 11:42:30,685 Epoch 87 	 Loss 0.27160458233985274
2021-05-09 11:43:27,881 Epoch 88 	 Loss 0.2698728167093717
2021-05-09 11:44:25,317 Epoch 89 	 Loss 0.2756740498346287
2021-05-09 11:45:23,346 Epoch 90 	 Loss 0.271816244492164
2021-05-09 11:46:21,327 Epoch 91 	 Loss 0.27302111275903473
2021-05-09 11:47:19,629 Epoch 92 	 Loss 0.27455758851963086
2021-05-09 11:48:17,269 Epoch 93 	 Loss 0.27787341013714506
2021-05-09 11:49:15,732 Epoch 94 	 Loss 0.2706220387429981
2021-05-09 11:50:12,803 Epoch 95 	 Loss 0.2729482658944287
2021-05-09 11:51:10,563 Epoch 96 	 Loss 0.2707612896031076
2021-05-09 11:52:09,290 Epoch 97 	 Loss 0.27194794914224646
2021-05-09 11:53:06,372 Epoch 98 	 Loss 0.27170449790063794
2021-05-09 11:54:03,435 Epoch 99 	 Loss 0.2738649614237167
2021-05-09 11:54:26,676 RESULT FOR DATASET CVC-300

2021-05-09 11:54:26,676 ==============================
2021-05-09 11:54:26,676 

2021-05-09 11:54:26,676 recall: 0.9316967040300369

2021-05-09 11:54:26,676 specificity: 0.9936876575152079

2021-05-09 11:54:26,676 precision: 0.838751990844806

2021-05-09 11:54:26,676 F1: 0.8616374971965949

2021-05-09 11:54:26,676 F2: 0.8891399006048838

2021-05-09 11:54:26,676 ACC_overall: 0.9909382164478302

2021-05-09 11:54:26,676 IoU_poly: 0.7847808325042327

2021-05-09 11:54:26,676 IoU_bg: 0.9906568566958109

2021-05-09 11:54:26,676 IoU_mean: 0.8877188414335251

2021-05-09 11:54:26,676 ==============================
2021-05-09 11:54:26,676 

2021-05-09 11:54:47,086 RESULT FOR DATASET CVC-ClinicDB

2021-05-09 11:54:47,086 ==============================
2021-05-09 11:54:47,086 

2021-05-09 11:54:47,086 recall: 0.8840484461641961

2021-05-09 11:54:47,086 specificity: 0.9917462621965716

2021-05-09 11:54:47,086 precision: 0.8944279887983876

2021-05-09 11:54:47,086 F1: 0.8718254747575209

2021-05-09 11:54:47,086 F2: 0.8770747852977365

2021-05-09 11:54:47,086 ACC_overall: 0.9862391602608466

2021-05-09 11:54:47,086 IoU_poly: 0.8124319712646426

2021-05-09 11:54:47,086 IoU_bg: 0.983875762070379

2021-05-09 11:54:47,087 IoU_mean: 0.8981538669716927

2021-05-09 11:54:47,087 ==============================
2021-05-09 11:54:47,087 

2021-05-09 11:55:26,677 RESULT FOR DATASET Kvasir

2021-05-09 11:55:26,677 ==============================
2021-05-09 11:55:26,677 

2021-05-09 11:55:26,677 recall: 0.8959586329758167

2021-05-09 11:55:26,677 specificity: 0.9861683791875839

2021-05-09 11:55:26,677 precision: 0.8993426588177681

2021-05-09 11:55:26,677 F1: 0.8810963666439057

2021-05-09 11:55:26,677 F2: 0.8856058923900127

2021-05-09 11:55:26,677 ACC_overall: 0.9674157613515854

2021-05-09 11:55:26,677 IoU_poly: 0.8127629496157169

2021-05-09 11:55:26,678 IoU_bg: 0.9585206586122513

2021-05-09 11:55:26,678 IoU_mean: 0.8856418079137802

2021-05-09 11:55:26,678 ==============================
2021-05-09 11:55:26,678 

2021-05-09 11:57:40,892 RESULT FOR DATASET CVC-ColonDB

2021-05-09 11:57:40,893 ==============================
2021-05-09 11:57:40,893 

2021-05-09 11:57:40,895 recall: 0.7510226784893779

2021-05-09 11:57:40,895 specificity: 0.9879852858028914

2021-05-09 11:57:40,895 precision: 0.7870563802112979

2021-05-09 11:57:40,896 F1: 0.7256458257647769

2021-05-09 11:57:40,896 F2: 0.7308311429780349

2021-05-09 11:57:40,896 ACC_overall: 0.9555066395747034

2021-05-09 11:57:40,896 IoU_poly: 0.6421050607274801

2021-05-09 11:57:40,896 IoU_bg: 0.9527348480726543

2021-05-09 11:57:40,896 IoU_mean: 0.7974199541305241

2021-05-09 11:57:40,896 ==============================
2021-05-09 11:57:40,896 

2021-05-09 11:59:16,714 RESULT FOR DATASET ETIS-LaribPolypDB

2021-05-09 11:59:16,714 ==============================
2021-05-09 11:59:16,714 

2021-05-09 11:59:16,714 recall: 0.7746961861851337

2021-05-09 11:59:16,714 specificity: 0.9852972760492441

2021-05-09 11:59:16,714 precision: 0.6410828712671957

2021-05-09 11:59:16,715 F1: 0.668501445814859

2021-05-09 11:59:16,715 F2: 0.7138005776476032

2021-05-09 11:59:16,715 ACC_overall: 0.9807890842155534

2021-05-09 11:59:16,715 IoU_poly: 0.5809065785199274

2021-05-09 11:59:16,715 IoU_bg: 0.9798654764890671

2021-05-09 11:59:16,715 IoU_mean: 0.7803860276329274

2021-05-09 11:59:16,715 ==============================
2021-05-09 11:59:16,715 

